03-10 15:13:08 ================================================================================
03-10 15:13:08 RUN: aug=('gaussian', 'gaussian') hidden=128 latent=192 blocks=1 seed=0
03-10 15:13:08 model_name: SSF
03-10 15:13:08 data_name: CWRU
03-10 15:13:08 aug_1: gaussian
03-10 15:13:08 aug_2: gaussian
03-10 15:13:08 max_epoch: 20
03-10 15:13:08 classifier_epoch: 50
03-10 15:13:08 data_view: TwoViewDataset
03-10 15:13:08 cuda_device: 0
03-10 15:13:08 checkpoint_dir: ./checkpoint
03-10 15:13:08 batch_size: 64
03-10 15:13:08 data_dir: raw_data/CWRU
03-10 15:13:08 out_channel: 4
03-10 15:13:08 normlizetype: minus_one_one
03-10 15:13:08 processing_type: O_N
03-10 15:13:08 opt: sgd
03-10 15:13:08 lr: 0.05
03-10 15:13:08 momentum: 0.9
03-10 15:13:08 weight_decay: 0.0001
03-10 15:13:08 lr_scheduler: cos
03-10 15:13:08 gamma: 0.95
03-10 15:13:08 eta_min: 1e-05
03-10 15:13:08 latent_space: 192
03-10 15:13:08 num_blocks_ssf: 5
03-10 15:13:08 hidden_channel: 128
03-10 15:13:08 per_class_samples: None
03-10 15:13:08 classifier_samples: None
03-10 15:13:08 task: self_supervised
03-10 15:13:08 critetion: <class 'utils.loss_SSL.SimSiamLoss'>
03-10 15:13:08 using 1 gpus
03-10 15:13:08 Dataset class: <class 'data_utils.datasets.CWRU.CWRU'>
03-10 15:13:08 Split sizes: train=993 val=331 test=878, classier=878
03-10 15:13:08 Label counts train: Counter({0: 993})
03-10 15:13:08 Label counts val:   Counter({0: 331})
03-10 15:13:08 Label counts test:  Counter({1: 238, 3: 238, 2: 236, 0: 166})
03-10 15:13:08 Label counts classifier:  Counter({1: 238, 2: 237, 3: 237, 0: 166})
03-10 15:13:10 -----Epoch 0/19-----
03-10 15:13:11 current lr: 0.05
03-10 15:13:11 Saved best checkpoint to ./checkpoint\SSF_CWRU_0310-151308\best_pt (val_loss=-0.7940)
03-10 15:13:11 Epoch 000 Train loss -0.7372 | Val loss -0.7940
03-10 15:13:11 -----Epoch 1/19-----
03-10 15:13:12 current lr: 0.0496923
03-10 15:13:12 Saved best checkpoint to ./checkpoint\SSF_CWRU_0310-151308\best_pt (val_loss=-0.9731)
03-10 15:13:12 Epoch 001 Train loss -0.9782 | Val loss -0.9731
03-10 15:13:12 -----Epoch 2/19-----
03-10 15:13:13 current lr: 0.0487767
03-10 15:13:13 Saved best checkpoint to ./checkpoint\SSF_CWRU_0310-151308\best_pt (val_loss=-0.9842)
03-10 15:13:13 Epoch 002 Train loss -0.9850 | Val loss -0.9842
03-10 15:13:13 -----Epoch 3/19-----
03-10 15:13:14 current lr: 0.0472757
03-10 15:13:14 Saved best checkpoint to ./checkpoint\SSF_CWRU_0310-151308\best_pt (val_loss=-0.9877)
03-10 15:13:14 Epoch 003 Train loss -0.9891 | Val loss -0.9877
03-10 15:13:14 -----Epoch 4/19-----
03-10 15:13:15 current lr: 0.0452264
03-10 15:13:15 Saved best checkpoint to ./checkpoint\SSF_CWRU_0310-151308\best_pt (val_loss=-0.9892)
03-10 15:13:15 Epoch 004 Train loss -0.9909 | Val loss -0.9892
03-10 15:13:15 -----Epoch 5/19-----
03-10 15:13:16 current lr: 0.0426791
03-10 15:13:16 Saved best checkpoint to ./checkpoint\SSF_CWRU_0310-151308\best_pt (val_loss=-0.9899)
03-10 15:13:16 Epoch 005 Train loss -0.9918 | Val loss -0.9899
03-10 15:13:16 -----Epoch 6/19-----
03-10 15:13:17 current lr: 0.0396967
03-10 15:13:17 Saved best checkpoint to ./checkpoint\SSF_CWRU_0310-151308\best_pt (val_loss=-0.9905)
03-10 15:13:17 Epoch 006 Train loss -0.9923 | Val loss -0.9905
03-10 15:13:17 -----Epoch 7/19-----
03-10 15:13:18 current lr: 0.0363525
03-10 15:13:18 Saved best checkpoint to ./checkpoint\SSF_CWRU_0310-151308\best_pt (val_loss=-0.9909)
03-10 15:13:18 Epoch 007 Train loss -0.9927 | Val loss -0.9909
03-10 15:13:18 -----Epoch 8/19-----
03-10 15:13:19 current lr: 0.0327289
03-10 15:13:19 Saved best checkpoint to ./checkpoint\SSF_CWRU_0310-151308\best_pt (val_loss=-0.9912)
03-10 15:13:19 Epoch 008 Train loss -0.9931 | Val loss -0.9912
03-10 15:13:19 -----Epoch 9/19-----
03-10 15:13:20 current lr: 0.0289151
03-10 15:13:20 Saved best checkpoint to ./checkpoint\SSF_CWRU_0310-151308\best_pt (val_loss=-0.9915)
03-10 15:13:20 Epoch 009 Train loss -0.9933 | Val loss -0.9915
03-10 15:13:20 -----Epoch 10/19-----
03-10 15:13:21 current lr: 0.025005
03-10 15:13:21 Saved best checkpoint to ./checkpoint\SSF_CWRU_0310-151308\best_pt (val_loss=-0.9918)
03-10 15:13:21 Epoch 010 Train loss -0.9935 | Val loss -0.9918
03-10 15:13:21 -----Epoch 11/19-----
03-10 15:13:22 current lr: 0.0210949
03-10 15:13:22 Saved best checkpoint to ./checkpoint\SSF_CWRU_0310-151308\best_pt (val_loss=-0.9919)
03-10 15:13:22 Epoch 011 Train loss -0.9937 | Val loss -0.9919
03-10 15:13:22 -----Epoch 12/19-----
03-10 15:13:23 current lr: 0.0172811
03-10 15:13:23 Saved best checkpoint to ./checkpoint\SSF_CWRU_0310-151308\best_pt (val_loss=-0.9920)
03-10 15:13:23 Epoch 012 Train loss -0.9938 | Val loss -0.9920
03-10 15:13:23 -----Epoch 13/19-----
03-10 15:13:24 current lr: 0.0136575
03-10 15:13:24 Saved best checkpoint to ./checkpoint\SSF_CWRU_0310-151308\best_pt (val_loss=-0.9922)
03-10 15:13:24 Epoch 013 Train loss -0.9939 | Val loss -0.9922
03-10 15:13:24 -----Epoch 14/19-----
03-10 15:13:25 current lr: 0.0103133
03-10 15:13:25 Saved best checkpoint to ./checkpoint\SSF_CWRU_0310-151308\best_pt (val_loss=-0.9923)
03-10 15:13:25 Epoch 014 Train loss -0.9940 | Val loss -0.9923
03-10 15:13:25 -----Epoch 15/19-----
03-10 15:13:26 current lr: 0.00733087
03-10 15:13:26 Saved best checkpoint to ./checkpoint\SSF_CWRU_0310-151308\best_pt (val_loss=-0.9924)
03-10 15:13:26 Epoch 015 Train loss -0.9941 | Val loss -0.9924
03-10 15:13:26 -----Epoch 16/19-----
03-10 15:13:27 current lr: 0.00478362
03-10 15:13:27 Saved best checkpoint to ./checkpoint\SSF_CWRU_0310-151308\best_pt (val_loss=-0.9924)
03-10 15:13:27 Epoch 016 Train loss -0.9941 | Val loss -0.9924
03-10 15:13:27 -----Epoch 17/19-----
03-10 15:13:28 current lr: 0.00273429
03-10 15:13:28 Saved best checkpoint to ./checkpoint\SSF_CWRU_0310-151308\best_pt (val_loss=-0.9925)
03-10 15:13:28 Epoch 017 Train loss -0.9941 | Val loss -0.9925
03-10 15:13:28 -----Epoch 18/19-----
03-10 15:13:29 current lr: 0.00123334
03-10 15:13:29 No improvement in val_loss for 1/10 epochs.
03-10 15:13:29 Epoch 018 Train loss -0.9941 | Val loss -0.9925
03-10 15:13:29 -----Epoch 19/19-----
03-10 15:13:30 current lr: 0.00031773
03-10 15:13:30 Saved best checkpoint to ./checkpoint\SSF_CWRU_0310-151308\best_pt (val_loss=-0.9925)
03-10 15:13:30 Epoch 019 Train loss -0.9941 | Val loss -0.9925
03-10 15:13:30 TEST (last): loss -0.8661
03-10 15:13:30 Loaded best checkpoint from ./checkpoint\SSF_CWRU_0310-151308\best_pt (val_loss=-0.9924724163245578)
03-10 15:13:31 TEST (best): loss -0.8661
