04-28 10:14:27 ================================================================================
04-28 10:14:27 RUN: aug=('gaussian', 'gaussian') hidden=128 latent=160 blocks=5 seed=0
04-28 10:14:27 model_name: SSF
04-28 10:14:27 data_name: PU
04-28 10:14:27 aug_1: gaussian
04-28 10:14:27 aug_2: gaussian
04-28 10:14:27 data_view: TwoViewDataset
04-28 10:14:27 data_dir: raw_data/PU
04-28 10:14:27 out_channel: 6
04-28 10:14:27 normlizetype: None
04-28 10:14:27 processing_type: O_N
04-28 10:14:27 max_epoch: 50
04-28 10:14:27 classifier_epoch: 50
04-28 10:14:27 batch_size: 64
04-28 10:14:27 cuda_device: 0
04-28 10:14:27 checkpoint_dir: ./checkpoint
04-28 10:14:27 opt: sgd
04-28 10:14:27 lr: 0.05
04-28 10:14:27 momentum: 0.9
04-28 10:14:27 weight_decay: 0.0001
04-28 10:14:27 lr_scheduler: cos
04-28 10:14:27 gamma: 0.95
04-28 10:14:27 eta_min: 1e-05
04-28 10:14:27 latent_space: 160
04-28 10:14:27 num_blocks_ssf: 5
04-28 10:14:27 hidden_channel: 128
04-28 10:14:27 per_class_samples: 1000
04-28 10:14:27 classifier_samples: 100
04-28 10:14:27 task: self_supervised
04-28 10:14:27 critetion: <class 'utils.loss_SSL.SimSiamLoss'>
04-28 10:14:27 using 1 gpus
04-28 10:14:27 Dataset class: <class 'data_utils.datasets.PU.PU'>
04-28 10:14:32 Split sizes: train=1000 val=1000 test=6000, classier=600
04-28 10:14:32 Label counts train: Counter({0: 1000})
04-28 10:14:32 Label counts val:   Counter({0: 1000})
04-28 10:14:32 Label counts test:  Counter({0: 1000, 2: 1000, 5: 1000, 1: 1000, 3: 1000, 4: 1000})
04-28 10:14:32 Label counts classifier:  Counter({1: 100, 2: 100, 0: 100, 5: 100, 4: 100, 3: 100})
04-28 10:14:32 Label counts classifier validation:  Counter({3: 100, 0: 100, 5: 100, 4: 100, 1: 100, 2: 100})
04-28 10:14:34 -----Epoch 0/49-----
04-28 10:14:35 current lr: 0.05
04-28 10:14:35 Saved best checkpoint to ./checkpoint\SSF_PU_0428-101427\best_pt (val_loss=-0.9266)
04-28 10:14:35 Epoch 000 Train loss -0.7482 | Val loss -0.9266
04-28 10:14:35 -----Epoch 1/49-----
04-28 10:14:36 current lr: 0.0499507
04-28 10:14:36 Saved best checkpoint to ./checkpoint\SSF_PU_0428-101427\best_pt (val_loss=-0.9810)
04-28 10:14:36 Epoch 001 Train loss -0.9733 | Val loss -0.9810
04-28 10:14:36 -----Epoch 2/49-----
04-28 10:14:37 current lr: 0.0498029
04-28 10:14:37 Saved best checkpoint to ./checkpoint\SSF_PU_0428-101427\best_pt (val_loss=-0.9867)
04-28 10:14:37 Epoch 002 Train loss -0.9855 | Val loss -0.9867
04-28 10:14:37 -----Epoch 3/49-----
04-28 10:14:38 current lr: 0.0495573
04-28 10:14:38 No improvement in val_loss for 1/10 epochs.
04-28 10:14:39 Epoch 003 Train loss -0.9878 | Val loss -0.9857
04-28 10:14:39 -----Epoch 4/49-----
04-28 10:14:40 current lr: 0.0492147
04-28 10:14:40 Saved best checkpoint to ./checkpoint\SSF_PU_0428-101427\best_pt (val_loss=-0.9883)
04-28 10:14:40 Epoch 004 Train loss -0.9881 | Val loss -0.9883
04-28 10:14:40 -----Epoch 5/49-----
04-28 10:14:41 current lr: 0.0487767
04-28 10:14:41 Saved best checkpoint to ./checkpoint\SSF_PU_0428-101427\best_pt (val_loss=-0.9913)
04-28 10:14:41 Epoch 005 Train loss -0.9911 | Val loss -0.9913
04-28 10:14:41 -----Epoch 6/49-----
04-28 10:14:42 current lr: 0.0482448
04-28 10:14:42 Saved best checkpoint to ./checkpoint\SSF_PU_0428-101427\best_pt (val_loss=-0.9925)
04-28 10:14:42 Epoch 006 Train loss -0.9931 | Val loss -0.9925
04-28 10:14:42 -----Epoch 7/49-----
04-28 10:14:43 current lr: 0.0476212
04-28 10:14:43 Saved best checkpoint to ./checkpoint\SSF_PU_0428-101427\best_pt (val_loss=-0.9930)
04-28 10:14:43 Epoch 007 Train loss -0.9936 | Val loss -0.9930
04-28 10:14:43 -----Epoch 8/49-----
04-28 10:14:44 current lr: 0.0469083
04-28 10:14:44 Saved best checkpoint to ./checkpoint\SSF_PU_0428-101427\best_pt (val_loss=-0.9933)
04-28 10:14:44 Epoch 008 Train loss -0.9941 | Val loss -0.9933
04-28 10:14:44 -----Epoch 9/49-----
04-28 10:14:45 current lr: 0.046109
04-28 10:14:45 Saved best checkpoint to ./checkpoint\SSF_PU_0428-101427\best_pt (val_loss=-0.9937)
04-28 10:14:45 Epoch 009 Train loss -0.9945 | Val loss -0.9937
04-28 10:14:45 -----Epoch 10/49-----
04-28 10:14:46 current lr: 0.0452264
04-28 10:14:46 Saved best checkpoint to ./checkpoint\SSF_PU_0428-101427\best_pt (val_loss=-0.9939)
04-28 10:14:46 Epoch 010 Train loss -0.9948 | Val loss -0.9939
04-28 10:14:46 -----Epoch 11/49-----
04-28 10:14:47 current lr: 0.044264
04-28 10:14:47 Saved best checkpoint to ./checkpoint\SSF_PU_0428-101427\best_pt (val_loss=-0.9942)
04-28 10:14:47 Epoch 011 Train loss -0.9951 | Val loss -0.9942
04-28 10:14:47 -----Epoch 12/49-----
04-28 10:14:48 current lr: 0.0432256
04-28 10:14:48 Saved best checkpoint to ./checkpoint\SSF_PU_0428-101427\best_pt (val_loss=-0.9943)
04-28 10:14:48 Epoch 012 Train loss -0.9953 | Val loss -0.9943
04-28 10:14:48 -----Epoch 13/49-----
04-28 10:14:49 current lr: 0.0421153
04-28 10:14:49 Saved best checkpoint to ./checkpoint\SSF_PU_0428-101427\best_pt (val_loss=-0.9945)
04-28 10:14:49 Epoch 013 Train loss -0.9954 | Val loss -0.9945
04-28 10:14:49 -----Epoch 14/49-----
04-28 10:14:50 current lr: 0.0409374
04-28 10:14:50 Saved best checkpoint to ./checkpoint\SSF_PU_0428-101427\best_pt (val_loss=-0.9946)
04-28 10:14:50 Epoch 014 Train loss -0.9956 | Val loss -0.9946
04-28 10:14:50 -----Epoch 15/49-----
04-28 10:14:51 current lr: 0.0396967
04-28 10:14:51 Saved best checkpoint to ./checkpoint\SSF_PU_0428-101427\best_pt (val_loss=-0.9947)
04-28 10:14:51 Epoch 015 Train loss -0.9957 | Val loss -0.9947
04-28 10:14:51 -----Epoch 16/49-----
04-28 10:14:52 current lr: 0.038398
04-28 10:14:52 Saved best checkpoint to ./checkpoint\SSF_PU_0428-101427\best_pt (val_loss=-0.9948)
04-28 10:14:52 Epoch 016 Train loss -0.9958 | Val loss -0.9948
04-28 10:14:52 -----Epoch 17/49-----
04-28 10:14:53 current lr: 0.0370464
04-28 10:14:53 Saved best checkpoint to ./checkpoint\SSF_PU_0428-101427\best_pt (val_loss=-0.9949)
04-28 10:14:53 Epoch 017 Train loss -0.9958 | Val loss -0.9949
04-28 10:14:53 -----Epoch 18/49-----
04-28 10:14:54 current lr: 0.0356474
04-28 10:14:54 Saved best checkpoint to ./checkpoint\SSF_PU_0428-101427\best_pt (val_loss=-0.9950)
04-28 10:14:54 Epoch 018 Train loss -0.9960 | Val loss -0.9950
04-28 10:14:54 -----Epoch 19/49-----
04-28 10:14:56 current lr: 0.0342063
04-28 10:14:56 Saved best checkpoint to ./checkpoint\SSF_PU_0428-101427\best_pt (val_loss=-0.9951)
04-28 10:14:56 Epoch 019 Train loss -0.9960 | Val loss -0.9951
04-28 10:14:56 -----Epoch 20/49-----
04-28 10:14:57 current lr: 0.0327289
04-28 10:14:57 Saved best checkpoint to ./checkpoint\SSF_PU_0428-101427\best_pt (val_loss=-0.9951)
04-28 10:14:57 Epoch 020 Train loss -0.9961 | Val loss -0.9951
04-28 10:14:57 -----Epoch 21/49-----
04-28 10:14:58 current lr: 0.031221
04-28 10:14:58 Saved best checkpoint to ./checkpoint\SSF_PU_0428-101427\best_pt (val_loss=-0.9951)
04-28 10:14:58 Epoch 021 Train loss -0.9962 | Val loss -0.9951
04-28 10:14:58 -----Epoch 22/49-----
04-28 10:14:59 current lr: 0.0296886
04-28 10:14:59 No improvement in val_loss for 1/10 epochs.
04-28 10:14:59 Epoch 022 Train loss -0.9962 | Val loss -0.9951
04-28 10:14:59 -----Epoch 23/49-----
04-28 10:15:00 current lr: 0.0281377
04-28 10:15:00 Saved best checkpoint to ./checkpoint\SSF_PU_0428-101427\best_pt (val_loss=-0.9952)
04-28 10:15:00 Epoch 023 Train loss -0.9963 | Val loss -0.9952
04-28 10:15:00 -----Epoch 24/49-----
04-28 10:15:01 current lr: 0.0265744
04-28 10:15:01 No improvement in val_loss for 1/10 epochs.
04-28 10:15:01 Epoch 024 Train loss -0.9964 | Val loss -0.9952
04-28 10:15:01 -----Epoch 25/49-----
04-28 10:15:02 current lr: 0.025005
04-28 10:15:02 Saved best checkpoint to ./checkpoint\SSF_PU_0428-101427\best_pt (val_loss=-0.9953)
04-28 10:15:02 Epoch 025 Train loss -0.9964 | Val loss -0.9953
04-28 10:15:02 -----Epoch 26/49-----
04-28 10:15:03 current lr: 0.0234356
04-28 10:15:03 No improvement in val_loss for 1/10 epochs.
04-28 10:15:03 Epoch 026 Train loss -0.9965 | Val loss -0.9953
04-28 10:15:03 -----Epoch 27/49-----
04-28 10:15:04 current lr: 0.0218723
04-28 10:15:04 Saved best checkpoint to ./checkpoint\SSF_PU_0428-101427\best_pt (val_loss=-0.9953)
04-28 10:15:04 Epoch 027 Train loss -0.9965 | Val loss -0.9953
04-28 10:15:04 -----Epoch 28/49-----
04-28 10:15:05 current lr: 0.0203214
04-28 10:15:05 Saved best checkpoint to ./checkpoint\SSF_PU_0428-101427\best_pt (val_loss=-0.9954)
04-28 10:15:05 Epoch 028 Train loss -0.9965 | Val loss -0.9954
04-28 10:15:05 -----Epoch 29/49-----
04-28 10:15:07 current lr: 0.018789
04-28 10:15:07 Saved best checkpoint to ./checkpoint\SSF_PU_0428-101427\best_pt (val_loss=-0.9954)
04-28 10:15:07 Epoch 029 Train loss -0.9966 | Val loss -0.9954
04-28 10:15:07 -----Epoch 30/49-----
04-28 10:15:08 current lr: 0.0172811
04-28 10:15:08 Saved best checkpoint to ./checkpoint\SSF_PU_0428-101427\best_pt (val_loss=-0.9955)
04-28 10:15:08 Epoch 030 Train loss -0.9966 | Val loss -0.9955
04-28 10:15:08 -----Epoch 31/49-----
04-28 10:15:09 current lr: 0.0158037
04-28 10:15:09 No improvement in val_loss for 1/10 epochs.
04-28 10:15:09 Epoch 031 Train loss -0.9967 | Val loss -0.9955
04-28 10:15:09 -----Epoch 32/49-----
04-28 10:15:10 current lr: 0.0143626
04-28 10:15:10 Saved best checkpoint to ./checkpoint\SSF_PU_0428-101427\best_pt (val_loss=-0.9955)
04-28 10:15:10 Epoch 032 Train loss -0.9967 | Val loss -0.9955
04-28 10:15:10 -----Epoch 33/49-----
04-28 10:15:11 current lr: 0.0129636
04-28 10:15:11 Saved best checkpoint to ./checkpoint\SSF_PU_0428-101427\best_pt (val_loss=-0.9955)
04-28 10:15:11 Epoch 033 Train loss -0.9967 | Val loss -0.9955
04-28 10:15:11 -----Epoch 34/49-----
04-28 10:15:12 current lr: 0.011612
04-28 10:15:12 No improvement in val_loss for 1/10 epochs.
04-28 10:15:12 Epoch 034 Train loss -0.9967 | Val loss -0.9955
04-28 10:15:12 -----Epoch 35/49-----
04-28 10:15:13 current lr: 0.0103133
04-28 10:15:13 Saved best checkpoint to ./checkpoint\SSF_PU_0428-101427\best_pt (val_loss=-0.9956)
04-28 10:15:13 Epoch 035 Train loss -0.9967 | Val loss -0.9956
04-28 10:15:13 -----Epoch 36/49-----
04-28 10:15:14 current lr: 0.00907259
04-28 10:15:14 No improvement in val_loss for 1/10 epochs.
04-28 10:15:14 Epoch 036 Train loss -0.9968 | Val loss -0.9956
04-28 10:15:14 -----Epoch 37/49-----
04-28 10:15:15 current lr: 0.00789475
04-28 10:15:15 Saved best checkpoint to ./checkpoint\SSF_PU_0428-101427\best_pt (val_loss=-0.9956)
04-28 10:15:15 Epoch 037 Train loss -0.9968 | Val loss -0.9956
04-28 10:15:15 -----Epoch 38/49-----
04-28 10:15:16 current lr: 0.00678443
04-28 10:15:16 No improvement in val_loss for 1/10 epochs.
04-28 10:15:16 Epoch 038 Train loss -0.9968 | Val loss -0.9956
04-28 10:15:16 -----Epoch 39/49-----
04-28 10:15:17 current lr: 0.00574602
04-28 10:15:17 Saved best checkpoint to ./checkpoint\SSF_PU_0428-101427\best_pt (val_loss=-0.9956)
04-28 10:15:17 Epoch 039 Train loss -0.9968 | Val loss -0.9956
04-28 10:15:17 -----Epoch 40/49-----
04-28 10:15:19 current lr: 0.00478362
04-28 10:15:19 Saved best checkpoint to ./checkpoint\SSF_PU_0428-101427\best_pt (val_loss=-0.9956)
04-28 10:15:19 Epoch 040 Train loss -0.9968 | Val loss -0.9956
04-28 10:15:19 -----Epoch 41/49-----
04-28 10:15:20 current lr: 0.00390102
04-28 10:15:20 Saved best checkpoint to ./checkpoint\SSF_PU_0428-101427\best_pt (val_loss=-0.9956)
04-28 10:15:20 Epoch 041 Train loss -0.9968 | Val loss -0.9956
04-28 10:15:20 -----Epoch 42/49-----
04-28 10:15:21 current lr: 0.00310171
04-28 10:15:21 Saved best checkpoint to ./checkpoint\SSF_PU_0428-101427\best_pt (val_loss=-0.9956)
04-28 10:15:21 Epoch 042 Train loss -0.9968 | Val loss -0.9956
04-28 10:15:21 -----Epoch 43/49-----
04-28 10:15:22 current lr: 0.00238885
04-28 10:15:22 Saved best checkpoint to ./checkpoint\SSF_PU_0428-101427\best_pt (val_loss=-0.9956)
04-28 10:15:22 Epoch 043 Train loss -0.9968 | Val loss -0.9956
04-28 10:15:22 -----Epoch 44/49-----
04-28 10:15:23 current lr: 0.00176524
04-28 10:15:23 No improvement in val_loss for 1/10 epochs.
04-28 10:15:23 Epoch 044 Train loss -0.9968 | Val loss -0.9956
04-28 10:15:23 -----Epoch 45/49-----
04-28 10:15:24 current lr: 0.00123334
04-28 10:15:24 No improvement in val_loss for 2/10 epochs.
04-28 10:15:24 Epoch 045 Train loss -0.9969 | Val loss -0.9956
04-28 10:15:24 -----Epoch 46/49-----
04-28 10:15:25 current lr: 0.000795264
04-28 10:15:25 No improvement in val_loss for 3/10 epochs.
04-28 10:15:25 Epoch 046 Train loss -0.9968 | Val loss -0.9956
04-28 10:15:25 -----Epoch 47/49-----
04-28 10:15:26 current lr: 0.00045273
04-28 10:15:26 Saved best checkpoint to ./checkpoint\SSF_PU_0428-101427\best_pt (val_loss=-0.9956)
04-28 10:15:26 Epoch 047 Train loss -0.9968 | Val loss -0.9956
04-28 10:15:26 -----Epoch 48/49-----
04-28 10:15:27 current lr: 0.000207093
04-28 10:15:27 No improvement in val_loss for 1/10 epochs.
04-28 10:15:27 Epoch 048 Train loss -0.9968 | Val loss -0.9956
04-28 10:15:27 -----Epoch 49/49-----
04-28 10:15:28 current lr: 5.93219e-05
04-28 10:15:28 No improvement in val_loss for 2/10 epochs.
04-28 10:15:28 Epoch 049 Train loss -0.9969 | Val loss -0.9956
04-28 10:15:30 TEST (last): loss -0.9620
04-28 10:15:30 Loaded best checkpoint from ./checkpoint\SSF_PU_0428-101427\best_pt (val_loss=-0.9956271133422852)
04-28 10:15:31 TEST (best): loss -0.9621
04-28 10:15:37 Threshold: 0.36979083415696073
04-28 10:15:37 Binary accuracy: 0.895500
04-28 10:15:37 Confusion matrix:
[[ 959   41]
 [ 586 4414]]
04-28 10:15:37 Report:
              precision    recall  f1-score   support

      normal       0.62      0.96      0.75      1000
     anomaly       0.99      0.88      0.93      5000

    accuracy                           0.90      6000
   macro avg       0.81      0.92      0.84      6000
weighted avg       0.93      0.90      0.90      6000

04-28 10:15:37 Rates: {1: 0.889, 2: 0.525, 3: 1.0, 4: 1.0, 5: 1.0}
04-28 10:15:38 [LP epoch 00] train_loss=1.6419 train_acc=0.3100 | val_loss=1.5659 val_acc=0.3700 | 
04-28 10:15:38 [LP epoch 01] train_loss=1.3269 train_acc=0.5617 | val_loss=1.3536 val_acc=0.5550 | 
04-28 10:15:39 [LP epoch 02] train_loss=1.2240 train_acc=0.5883 | val_loss=1.2042 val_acc=0.6333 | 
04-28 10:15:39 [LP epoch 03] train_loss=1.1551 train_acc=0.6350 | val_loss=1.1035 val_acc=0.6633 | 
04-28 10:15:40 [LP epoch 04] train_loss=1.0680 train_acc=0.7233 | val_loss=1.0560 val_acc=0.7583 | 
04-28 10:15:40 [LP epoch 05] train_loss=0.9877 train_acc=0.7883 | val_loss=0.9858 val_acc=0.7717 | 
04-28 10:15:41 [LP epoch 06] train_loss=0.9437 train_acc=0.8017 | val_loss=0.9314 val_acc=0.7750 | 
04-28 10:15:41 [LP epoch 07] train_loss=0.8952 train_acc=0.8300 | val_loss=0.8820 val_acc=0.8117 | 
04-28 10:15:41 [LP epoch 08] train_loss=0.8486 train_acc=0.8167 | val_loss=0.8618 val_acc=0.8300 | 
04-28 10:15:42 [LP epoch 09] train_loss=0.8305 train_acc=0.8233 | val_loss=0.8135 val_acc=0.8483 | 
04-28 10:15:42 [LP epoch 10] train_loss=0.7914 train_acc=0.8483 | val_loss=0.7971 val_acc=0.8383 | 
04-28 10:15:43 [LP epoch 11] train_loss=0.7813 train_acc=0.8483 | val_loss=0.7963 val_acc=0.8467 | 
04-28 10:15:43 [LP epoch 12] train_loss=0.7953 train_acc=0.8417 | val_loss=0.7666 val_acc=0.8567 | 
04-28 10:15:44 [LP epoch 13] train_loss=0.7676 train_acc=0.8483 | val_loss=0.7515 val_acc=0.8400 | 
04-28 10:15:44 [LP epoch 14] train_loss=0.7707 train_acc=0.8383 | val_loss=0.7726 val_acc=0.8550 | 
04-28 10:15:44 [LP epoch 15] train_loss=0.7633 train_acc=0.8433 | val_loss=0.7541 val_acc=0.8417 | 
04-28 10:15:45 [LP epoch 16] train_loss=0.7395 train_acc=0.8667 | val_loss=0.7143 val_acc=0.8583 | 
04-28 10:15:45 [LP epoch 17] train_loss=0.7396 train_acc=0.8550 | val_loss=0.7274 val_acc=0.8667 | 
04-28 10:15:46 [LP epoch 18] train_loss=0.7224 train_acc=0.8733 | val_loss=0.7387 val_acc=0.8683 | 
04-28 10:15:46 [LP epoch 19] train_loss=0.7104 train_acc=0.8833 | val_loss=0.7018 val_acc=0.8600 | 
04-28 10:15:47 [LP epoch 20] train_loss=0.7229 train_acc=0.8767 | val_loss=0.7286 val_acc=0.8650 | 
04-28 10:15:47 [LP epoch 21] train_loss=0.7153 train_acc=0.8850 | val_loss=0.7062 val_acc=0.8883 | 
04-28 10:15:47 [LP epoch 22] train_loss=0.7302 train_acc=0.8633 | val_loss=0.7098 val_acc=0.8767 | 
04-28 10:15:48 [LP epoch 23] train_loss=0.7431 train_acc=0.8650 | val_loss=0.7392 val_acc=0.8683 | 
04-28 10:15:48 [LP epoch 24] train_loss=0.7233 train_acc=0.8583 | val_loss=0.7188 val_acc=0.8600 | 
04-28 10:15:49 [LP epoch 25] train_loss=0.7255 train_acc=0.8667 | val_loss=0.7054 val_acc=0.8733 | 
04-28 10:15:49 [LP epoch 26] train_loss=0.7372 train_acc=0.8550 | val_loss=0.7204 val_acc=0.8783 | 
04-28 10:15:50 [LP epoch 27] train_loss=0.7356 train_acc=0.8617 | val_loss=0.7108 val_acc=0.8633 | 
04-28 10:15:50 [LP epoch 28] train_loss=0.7279 train_acc=0.8617 | val_loss=0.7114 val_acc=0.8683 | 
04-28 10:15:50 [LP epoch 29] train_loss=0.7014 train_acc=0.8783 | val_loss=0.7003 val_acc=0.8917 | 
04-28 10:15:51 [LP epoch 30] train_loss=0.7109 train_acc=0.8767 | val_loss=0.6943 val_acc=0.8900 | 
04-28 10:15:51 [LP epoch 31] train_loss=0.7053 train_acc=0.8850 | val_loss=0.7070 val_acc=0.8800 | 
04-28 10:15:52 [LP epoch 32] train_loss=0.6948 train_acc=0.8883 | val_loss=0.6832 val_acc=0.9033 | 
04-28 10:15:52 [LP epoch 33] train_loss=0.6952 train_acc=0.8883 | val_loss=0.6848 val_acc=0.8950 | 
04-28 10:15:53 [LP epoch 34] train_loss=0.7088 train_acc=0.8800 | val_loss=0.7045 val_acc=0.9067 | 
04-28 10:15:53 [LP epoch 35] train_loss=0.6983 train_acc=0.8817 | val_loss=0.6774 val_acc=0.8933 | 
04-28 10:15:53 [LP epoch 36] train_loss=0.7154 train_acc=0.8883 | val_loss=0.6856 val_acc=0.8917 | 
04-28 10:15:54 [LP epoch 37] train_loss=0.6755 train_acc=0.8983 | val_loss=0.6714 val_acc=0.9083 | 
04-28 10:15:54 [LP epoch 38] train_loss=0.6814 train_acc=0.9150 | val_loss=0.6725 val_acc=0.8917 | 
04-28 10:15:55 [LP epoch 39] train_loss=0.6748 train_acc=0.8883 | val_loss=0.6915 val_acc=0.9067 | 
04-28 10:15:55 [LP epoch 40] train_loss=0.7074 train_acc=0.8750 | val_loss=0.6718 val_acc=0.9267 | 
04-28 10:15:55 [LP epoch 41] train_loss=0.7110 train_acc=0.8783 | val_loss=0.7260 val_acc=0.8933 | 
04-28 10:15:56 [LP epoch 42] train_loss=0.6842 train_acc=0.9017 | val_loss=0.6840 val_acc=0.9067 | 
04-28 10:15:56 [LP epoch 43] train_loss=0.6841 train_acc=0.9017 | val_loss=0.6628 val_acc=0.9000 | 
04-28 10:15:57 [LP epoch 44] train_loss=0.6757 train_acc=0.9000 | val_loss=0.6633 val_acc=0.9083 | 
04-28 10:15:57 [LP epoch 45] train_loss=0.6641 train_acc=0.8967 | val_loss=0.6604 val_acc=0.9133 | 
04-28 10:15:58 [LP epoch 46] train_loss=0.6763 train_acc=0.8983 | val_loss=0.6539 val_acc=0.9150 | 
04-28 10:15:58 [LP epoch 47] train_loss=0.6638 train_acc=0.9017 | val_loss=0.6676 val_acc=0.9000 | 
04-28 10:15:58 [LP epoch 48] train_loss=0.6718 train_acc=0.9050 | val_loss=0.6588 val_acc=0.9133 | 
04-28 10:15:59 [LP epoch 49] train_loss=0.6373 train_acc=0.9233 | val_loss=0.6417 val_acc=0.9200 | 
04-28 10:15:59 Saved linear-probe checkpoint: ./checkpoint\SSF_PU_0428-101427\linear_probe_best.pt (best_val_acc=0.9267)
04-28 10:16:00 TEST linear-probe: loss=0.6476 acc=0.9112
04-28 10:16:00 ================================================================================
04-28 10:16:00 RUN: aug=('gaussian', 'gaussian') hidden=128 latent=160 blocks=5 seed=1
04-28 10:16:00 model_name: SSF
04-28 10:16:00 data_name: PU
04-28 10:16:00 aug_1: gaussian
04-28 10:16:00 aug_2: gaussian
04-28 10:16:00 data_view: TwoViewDataset
04-28 10:16:00 data_dir: raw_data/PU
04-28 10:16:00 out_channel: 6
04-28 10:16:00 normlizetype: None
04-28 10:16:00 processing_type: O_N
04-28 10:16:00 max_epoch: 50
04-28 10:16:00 classifier_epoch: 50
04-28 10:16:00 batch_size: 64
04-28 10:16:00 cuda_device: 0
04-28 10:16:00 checkpoint_dir: ./checkpoint
04-28 10:16:00 opt: sgd
04-28 10:16:00 lr: 0.05
04-28 10:16:00 momentum: 0.9
04-28 10:16:00 weight_decay: 0.0001
04-28 10:16:00 lr_scheduler: cos
04-28 10:16:00 gamma: 0.95
04-28 10:16:00 eta_min: 1e-05
04-28 10:16:00 latent_space: 160
04-28 10:16:00 num_blocks_ssf: 5
04-28 10:16:00 hidden_channel: 128
04-28 10:16:00 per_class_samples: 1000
04-28 10:16:00 classifier_samples: 100
04-28 10:16:00 task: self_supervised
04-28 10:16:00 critetion: <class 'utils.loss_SSL.SimSiamLoss'>
04-28 10:16:01 using 1 gpus
04-28 10:16:01 Dataset class: <class 'data_utils.datasets.PU.PU'>
04-28 10:16:01 Split sizes: train=1000 val=1000 test=6000, classier=600
04-28 10:16:01 Label counts train: Counter({0: 1000})
04-28 10:16:02 Label counts val:   Counter({0: 1000})
04-28 10:16:02 Label counts test:  Counter({0: 1000, 2: 1000, 5: 1000, 1: 1000, 3: 1000, 4: 1000})
04-28 10:16:02 Label counts classifier:  Counter({5: 100, 1: 100, 0: 100, 4: 100, 2: 100, 3: 100})
04-28 10:16:02 Label counts classifier validation:  Counter({3: 100, 5: 100, 2: 100, 1: 100, 0: 100, 4: 100})
04-28 10:16:02 -----Epoch 0/49-----
04-28 10:16:03 current lr: 0.05
04-28 10:16:03 Saved best checkpoint to ./checkpoint\SSF_PU_0428-101427\best_pt (val_loss=-0.9236)
04-28 10:16:03 Epoch 000 Train loss -0.7831 | Val loss -0.9236
04-28 10:16:03 -----Epoch 1/49-----
04-28 10:16:04 current lr: 0.0499507
04-28 10:16:04 Saved best checkpoint to ./checkpoint\SSF_PU_0428-101427\best_pt (val_loss=-0.9786)
04-28 10:16:04 Epoch 001 Train loss -0.9713 | Val loss -0.9786
04-28 10:16:04 -----Epoch 2/49-----
04-28 10:16:05 current lr: 0.0498029
04-28 10:16:05 Saved best checkpoint to ./checkpoint\SSF_PU_0428-101427\best_pt (val_loss=-0.9847)
04-28 10:16:05 Epoch 002 Train loss -0.9837 | Val loss -0.9847
04-28 10:16:05 -----Epoch 3/49-----
04-28 10:16:06 current lr: 0.0495573
04-28 10:16:06 Saved best checkpoint to ./checkpoint\SSF_PU_0428-101427\best_pt (val_loss=-0.9865)
04-28 10:16:06 Epoch 003 Train loss -0.9868 | Val loss -0.9865
04-28 10:16:06 -----Epoch 4/49-----
04-28 10:16:07 current lr: 0.0492147
04-28 10:16:07 Saved best checkpoint to ./checkpoint\SSF_PU_0428-101427\best_pt (val_loss=-0.9881)
04-28 10:16:07 Epoch 004 Train loss -0.9882 | Val loss -0.9881
04-28 10:16:07 -----Epoch 5/49-----
04-28 10:16:08 current lr: 0.0487767
04-28 10:16:08 Saved best checkpoint to ./checkpoint\SSF_PU_0428-101427\best_pt (val_loss=-0.9901)
04-28 10:16:08 Epoch 005 Train loss -0.9906 | Val loss -0.9901
04-28 10:16:08 -----Epoch 6/49-----
04-28 10:16:09 current lr: 0.0482448
04-28 10:16:09 Saved best checkpoint to ./checkpoint\SSF_PU_0428-101427\best_pt (val_loss=-0.9913)
04-28 10:16:09 Epoch 006 Train loss -0.9923 | Val loss -0.9913
04-28 10:16:09 -----Epoch 7/49-----
04-28 10:16:10 current lr: 0.0476212
04-28 10:16:10 Saved best checkpoint to ./checkpoint\SSF_PU_0428-101427\best_pt (val_loss=-0.9923)
04-28 10:16:10 Epoch 007 Train loss -0.9933 | Val loss -0.9923
04-28 10:16:10 -----Epoch 8/49-----
04-28 10:16:11 current lr: 0.0469083
04-28 10:16:11 Saved best checkpoint to ./checkpoint\SSF_PU_0428-101427\best_pt (val_loss=-0.9927)
04-28 10:16:11 Epoch 008 Train loss -0.9940 | Val loss -0.9927
04-28 10:16:11 -----Epoch 9/49-----
04-28 10:16:12 current lr: 0.046109
04-28 10:16:12 Saved best checkpoint to ./checkpoint\SSF_PU_0428-101427\best_pt (val_loss=-0.9932)
04-28 10:16:12 Epoch 009 Train loss -0.9945 | Val loss -0.9932
04-28 10:16:12 -----Epoch 10/49-----
04-28 10:16:14 current lr: 0.0452264
04-28 10:16:14 Saved best checkpoint to ./checkpoint\SSF_PU_0428-101427\best_pt (val_loss=-0.9934)
04-28 10:16:14 Epoch 010 Train loss -0.9947 | Val loss -0.9934
04-28 10:16:14 -----Epoch 11/49-----
04-28 10:16:15 current lr: 0.044264
04-28 10:16:15 No improvement in val_loss for 1/10 epochs.
04-28 10:16:15 Epoch 011 Train loss -0.9950 | Val loss -0.9933
04-28 10:16:15 -----Epoch 12/49-----
04-28 10:16:16 current lr: 0.0432256
04-28 10:16:16 Saved best checkpoint to ./checkpoint\SSF_PU_0428-101427\best_pt (val_loss=-0.9936)
04-28 10:16:16 Epoch 012 Train loss -0.9952 | Val loss -0.9936
04-28 10:16:16 -----Epoch 13/49-----
04-28 10:16:17 current lr: 0.0421153
04-28 10:16:17 No improvement in val_loss for 1/10 epochs.
04-28 10:16:17 Epoch 013 Train loss -0.9955 | Val loss -0.9934
04-28 10:16:17 -----Epoch 14/49-----
04-28 10:16:18 current lr: 0.0409374
04-28 10:16:18 Saved best checkpoint to ./checkpoint\SSF_PU_0428-101427\best_pt (val_loss=-0.9938)
04-28 10:16:18 Epoch 014 Train loss -0.9956 | Val loss -0.9938
04-28 10:16:18 -----Epoch 15/49-----
04-28 10:16:19 current lr: 0.0396967
04-28 10:16:19 No improvement in val_loss for 1/10 epochs.
04-28 10:16:19 Epoch 015 Train loss -0.9958 | Val loss -0.9937
04-28 10:16:19 -----Epoch 16/49-----
04-28 10:16:20 current lr: 0.038398
04-28 10:16:20 Saved best checkpoint to ./checkpoint\SSF_PU_0428-101427\best_pt (val_loss=-0.9942)
04-28 10:16:20 Epoch 016 Train loss -0.9958 | Val loss -0.9942
04-28 10:16:20 -----Epoch 17/49-----
04-28 10:16:21 current lr: 0.0370464
04-28 10:16:21 Saved best checkpoint to ./checkpoint\SSF_PU_0428-101427\best_pt (val_loss=-0.9944)
04-28 10:16:21 Epoch 017 Train loss -0.9959 | Val loss -0.9944
04-28 10:16:21 -----Epoch 18/49-----
04-28 10:16:22 current lr: 0.0356474
04-28 10:16:23 Saved best checkpoint to ./checkpoint\SSF_PU_0428-101427\best_pt (val_loss=-0.9946)
04-28 10:16:23 Epoch 018 Train loss -0.9960 | Val loss -0.9946
04-28 10:16:23 -----Epoch 19/49-----
04-28 10:16:24 current lr: 0.0342063
04-28 10:16:24 Saved best checkpoint to ./checkpoint\SSF_PU_0428-101427\best_pt (val_loss=-0.9948)
04-28 10:16:24 Epoch 019 Train loss -0.9961 | Val loss -0.9948
04-28 10:16:24 -----Epoch 20/49-----
04-28 10:16:25 current lr: 0.0327289
04-28 10:16:25 Saved best checkpoint to ./checkpoint\SSF_PU_0428-101427\best_pt (val_loss=-0.9950)
04-28 10:16:25 Epoch 020 Train loss -0.9962 | Val loss -0.9950
04-28 10:16:25 -----Epoch 21/49-----
04-28 10:16:26 current lr: 0.031221
04-28 10:16:26 Saved best checkpoint to ./checkpoint\SSF_PU_0428-101427\best_pt (val_loss=-0.9951)
04-28 10:16:26 Epoch 021 Train loss -0.9962 | Val loss -0.9951
04-28 10:16:26 -----Epoch 22/49-----
