03-04 09:45:19 model_name: SSF
03-04 09:45:19 data_name: PU
03-04 09:45:19 aug_1: randomcrop
03-04 09:45:19 aug_2: scale
03-04 09:45:19 max_epoch: 50
03-04 09:45:19 classifier_epoch: 50
03-04 09:45:19 data_view: TwoViewDataset
03-04 09:45:19 cuda_device: 0
03-04 09:45:19 checkpoint_dir: ./checkpoint
03-04 09:45:19 batch_size: 64
03-04 09:45:19 data_dir: raw_data/PU
03-04 09:45:19 out_channel: 4
03-04 09:45:19 normlizetype: minus_one_one
03-04 09:45:19 processing_type: RA
03-04 09:45:19 opt: sgd
03-04 09:45:19 lr: 0.01
03-04 09:45:19 momentum: 0.9
03-04 09:45:19 weight_decay: 1e-05
03-04 09:45:19 lr_scheduler: cos
03-04 09:45:19 gamma: 0.1
03-04 09:45:19 eta_min: 1e-05
03-04 09:45:19 latent_space: 128
03-04 09:45:19 num_blocks_ssf: 5
03-04 09:45:19 task: self_supervised
03-04 09:45:19 critetion: <class 'utils.loss_SSL.SimSiamLoss'>
03-04 09:45:19 using 1 gpus
03-04 09:45:19 Dataset class: <class 'data_utils.datasets.PU.PU'>
03-04 09:45:20 Split sizes: train=400 val=400 test=400, classier=40
03-04 09:45:20 Label counts train: Counter({0: 100, 1: 100, 2: 100, 3: 84})
03-04 09:45:20 Label counts val:   Counter({0: 100, 1: 100, 2: 100, 3: 84})
03-04 09:45:20 Label counts test:  Counter({0: 100, 1: 100, 2: 100, 3: 100})
03-04 09:45:20 Label counts classifier:  Counter()
03-04 09:45:21 -----Epoch 0/49-----
03-04 09:45:22 current lr: 0.01
03-04 09:45:22 Saved best checkpoint to ./checkpoint\SSF_PU_0304-094519\best_pt (val_loss=-0.2245)
03-04 09:45:22 Epoch 000 Train loss -0.2001 | Val loss -0.2245
03-04 09:45:22 -----Epoch 1/49-----
03-04 09:45:22 current lr: 0.00999014
03-04 09:45:22 Saved best checkpoint to ./checkpoint\SSF_PU_0304-094519\best_pt (val_loss=-0.6150)
03-04 09:45:22 Epoch 001 Train loss -0.6247 | Val loss -0.6150
03-04 09:45:22 -----Epoch 2/49-----
03-04 09:45:22 current lr: 0.00996061
03-04 09:45:22 Saved best checkpoint to ./checkpoint\SSF_PU_0304-094519\best_pt (val_loss=-0.8008)
03-04 09:45:22 Epoch 002 Train loss -0.8397 | Val loss -0.8008
03-04 09:45:22 -----Epoch 3/49-----
03-04 09:45:23 current lr: 0.00991152
03-04 09:45:23 Saved best checkpoint to ./checkpoint\SSF_PU_0304-094519\best_pt (val_loss=-0.8773)
03-04 09:45:23 Epoch 003 Train loss -0.8988 | Val loss -0.8773
03-04 09:45:23 -----Epoch 4/49-----
03-04 09:45:23 current lr: 0.00984307
03-04 09:45:23 Saved best checkpoint to ./checkpoint\SSF_PU_0304-094519\best_pt (val_loss=-0.9145)
03-04 09:45:23 Epoch 004 Train loss -0.9202 | Val loss -0.9145
03-04 09:45:23 -----Epoch 5/49-----
03-04 09:45:23 current lr: 0.00975553
03-04 09:45:23 Saved best checkpoint to ./checkpoint\SSF_PU_0304-094519\best_pt (val_loss=-0.9320)
03-04 09:45:23 Epoch 005 Train loss -0.9325 | Val loss -0.9320
03-04 09:45:23 -----Epoch 6/49-----
03-04 09:45:23 current lr: 0.00964923
03-04 09:45:23 Saved best checkpoint to ./checkpoint\SSF_PU_0304-094519\best_pt (val_loss=-0.9420)
03-04 09:45:23 Epoch 006 Train loss -0.9420 | Val loss -0.9420
03-04 09:45:23 -----Epoch 7/49-----
03-04 09:45:24 current lr: 0.00952461
03-04 09:45:24 Saved best checkpoint to ./checkpoint\SSF_PU_0304-094519\best_pt (val_loss=-0.9494)
03-04 09:45:24 Epoch 007 Train loss -0.9495 | Val loss -0.9494
03-04 09:45:24 -----Epoch 8/49-----
03-04 09:45:24 current lr: 0.00938215
03-04 09:45:24 Saved best checkpoint to ./checkpoint\SSF_PU_0304-094519\best_pt (val_loss=-0.9550)
03-04 09:45:24 Epoch 008 Train loss -0.9555 | Val loss -0.9550
03-04 09:45:24 -----Epoch 9/49-----
03-04 09:45:24 current lr: 0.00922242
03-04 09:45:24 Saved best checkpoint to ./checkpoint\SSF_PU_0304-094519\best_pt (val_loss=-0.9594)
03-04 09:45:24 Epoch 009 Train loss -0.9602 | Val loss -0.9594
03-04 09:45:24 -----Epoch 10/49-----
