02-24 10:34:30 model_name: SSF
02-24 10:34:30 data_name: CWRU
02-24 10:34:30 aug_1: normal
02-24 10:34:30 aug_2: randomcrop
02-24 10:34:30 max_epoch: 20
02-24 10:34:30 classifier_epoch: 50
02-24 10:34:30 data_view: TwoViewDataset
02-24 10:34:30 cuda_device: 0
02-24 10:34:30 checkpoint_dir: ./checkpoint
02-24 10:34:30 batch_size: 32
02-24 10:34:30 data_dir: raw_data/CWRU
02-24 10:34:30 out_channel: 4
02-24 10:34:30 normlizetype: minus_one_one
02-24 10:34:30 processing_type: RA
02-24 10:34:30 opt: sgd
02-24 10:34:30 lr: 0.01
02-24 10:34:30 momentum: 0.9
02-24 10:34:30 weight_decay: 1e-05
02-24 10:34:30 lr_scheduler: cos
02-24 10:34:30 gamma: 0.1
02-24 10:34:30 eta_min: 1e-05
02-24 10:34:30 latent_space: 256
02-24 10:34:30 task: self_supervised
02-24 10:34:30 critetion: <class 'utils.loss_SSL.SimSiamLoss'>
02-24 10:34:30 using 1 gpus
02-24 10:34:30 Dataset class: <class 'data_utils.datasets.CWRU.CWRU'>
02-24 10:34:30 Split sizes: train=2156 val=231 test=462, classier=231
02-24 10:34:31 Label counts train: Counter({0: 1159, 1: 333, 3: 333, 2: 331})
02-24 10:34:31 Label counts val:   Counter({0: 124, 1: 36, 3: 36, 2: 35})
02-24 10:34:31 Label counts test:  Counter({0: 249, 2: 71, 3: 71, 1: 71})
02-24 10:34:31 Label counts classifier:  Counter({0: 124, 2: 36, 1: 36, 3: 35})
02-24 10:34:32 -----Epoch 0/19-----
02-24 10:34:34 current lr: 0.01
02-24 10:34:34 Saved best checkpoint to ./checkpoint\SSF_CWRU_0224-103430\best_pt (val_loss=-0.4174)
02-24 10:34:34 Epoch 000 Train loss -0.2425 | Val loss -0.4174
02-24 10:34:34 -----Epoch 1/19-----
02-24 10:34:36 current lr: 0.0099385
02-24 10:34:36 Saved best checkpoint to ./checkpoint\SSF_CWRU_0224-103430\best_pt (val_loss=-0.6381)
02-24 10:34:36 Epoch 001 Train loss -0.5368 | Val loss -0.6381
02-24 10:34:36 -----Epoch 2/19-----
02-24 10:34:38 current lr: 0.00975553
02-24 10:34:38 Saved best checkpoint to ./checkpoint\SSF_CWRU_0224-103430\best_pt (val_loss=-0.7478)
02-24 10:34:38 Epoch 002 Train loss -0.6998 | Val loss -0.7478
02-24 10:34:38 -----Epoch 3/19-----
02-24 10:34:40 current lr: 0.00945558
02-24 10:34:40 Saved best checkpoint to ./checkpoint\SSF_CWRU_0224-103430\best_pt (val_loss=-0.8018)
02-24 10:34:40 Epoch 003 Train loss -0.7804 | Val loss -0.8018
02-24 10:34:40 -----Epoch 4/19-----
02-24 10:34:41 current lr: 0.00904604
02-24 10:34:41 Saved best checkpoint to ./checkpoint\SSF_CWRU_0224-103430\best_pt (val_loss=-0.8257)
02-24 10:34:41 Epoch 004 Train loss -0.8218 | Val loss -0.8257
02-24 10:34:41 -----Epoch 5/19-----
02-24 10:34:43 current lr: 0.008537
02-24 10:34:43 Saved best checkpoint to ./checkpoint\SSF_CWRU_0224-103430\best_pt (val_loss=-0.8475)
02-24 10:34:43 Epoch 005 Train loss -0.8440 | Val loss -0.8475
02-24 10:34:43 -----Epoch 6/19-----
02-24 10:34:44 current lr: 0.00794099
02-24 10:34:44 Saved best checkpoint to ./checkpoint\SSF_CWRU_0224-103430\best_pt (val_loss=-0.8621)
02-24 10:34:44 Epoch 006 Train loss -0.8609 | Val loss -0.8621
02-24 10:34:44 -----Epoch 7/19-----
02-24 10:34:46 current lr: 0.00727268
02-24 10:34:46 Saved best checkpoint to ./checkpoint\SSF_CWRU_0224-103430\best_pt (val_loss=-0.8706)
02-24 10:34:46 Epoch 007 Train loss -0.8724 | Val loss -0.8706
02-24 10:34:46 -----Epoch 8/19-----
02-24 10:34:47 current lr: 0.00654854
02-24 10:34:47 Saved best checkpoint to ./checkpoint\SSF_CWRU_0224-103430\best_pt (val_loss=-0.8802)
02-24 10:34:47 Epoch 008 Train loss -0.8807 | Val loss -0.8802
02-24 10:34:47 -----Epoch 9/19-----
02-24 10:34:48 current lr: 0.00578639
02-24 10:34:48 Saved best checkpoint to ./checkpoint\SSF_CWRU_0224-103430\best_pt (val_loss=-0.8874)
02-24 10:34:48 Epoch 009 Train loss -0.8885 | Val loss -0.8874
02-24 10:34:48 -----Epoch 10/19-----
02-24 10:34:50 current lr: 0.005005
02-24 10:34:50 Saved best checkpoint to ./checkpoint\SSF_CWRU_0224-103430\best_pt (val_loss=-0.8931)
02-24 10:34:50 Epoch 010 Train loss -0.8950 | Val loss -0.8931
02-24 10:34:50 -----Epoch 11/19-----
02-24 10:34:51 current lr: 0.00422361
02-24 10:34:51 Saved best checkpoint to ./checkpoint\SSF_CWRU_0224-103430\best_pt (val_loss=-0.8977)
02-24 10:34:51 Epoch 011 Train loss -0.9002 | Val loss -0.8977
02-24 10:34:51 -----Epoch 12/19-----
02-24 10:34:53 current lr: 0.00346146
02-24 10:34:53 Saved best checkpoint to ./checkpoint\SSF_CWRU_0224-103430\best_pt (val_loss=-0.9014)
02-24 10:34:53 Epoch 012 Train loss -0.9042 | Val loss -0.9014
02-24 10:34:53 -----Epoch 13/19-----
02-24 10:34:54 current lr: 0.00273732
02-24 10:34:54 Saved best checkpoint to ./checkpoint\SSF_CWRU_0224-103430\best_pt (val_loss=-0.9044)
02-24 10:34:54 Epoch 013 Train loss -0.9076 | Val loss -0.9044
02-24 10:34:54 -----Epoch 14/19-----
02-24 10:34:56 current lr: 0.00206901
02-24 10:34:56 Saved best checkpoint to ./checkpoint\SSF_CWRU_0224-103430\best_pt (val_loss=-0.9066)
02-24 10:34:56 Epoch 014 Train loss -0.9100 | Val loss -0.9066
02-24 10:34:56 -----Epoch 15/19-----
02-24 10:34:58 current lr: 0.001473
02-24 10:34:58 Saved best checkpoint to ./checkpoint\SSF_CWRU_0224-103430\best_pt (val_loss=-0.9081)
02-24 10:34:58 Epoch 015 Train loss -0.9118 | Val loss -0.9081
02-24 10:34:58 -----Epoch 16/19-----
02-24 10:35:00 current lr: 0.00096396
02-24 10:35:00 Saved best checkpoint to ./checkpoint\SSF_CWRU_0224-103430\best_pt (val_loss=-0.9093)
02-24 10:35:00 Epoch 016 Train loss -0.9129 | Val loss -0.9093
02-24 10:35:00 -----Epoch 17/19-----
02-24 10:35:01 current lr: 0.000554422
02-24 10:35:01 Saved best checkpoint to ./checkpoint\SSF_CWRU_0224-103430\best_pt (val_loss=-0.9098)
02-24 10:35:01 Epoch 017 Train loss -0.9137 | Val loss -0.9098
02-24 10:35:01 -----Epoch 18/19-----
02-24 10:35:03 current lr: 0.000254473
02-24 10:35:03 Saved best checkpoint to ./checkpoint\SSF_CWRU_0224-103430\best_pt (val_loss=-0.9100)
02-24 10:35:03 Epoch 018 Train loss -0.9141 | Val loss -0.9100
02-24 10:35:03 -----Epoch 19/19-----
02-24 10:35:04 current lr: 7.14967e-05
02-24 10:35:04 Saved best checkpoint to ./checkpoint\SSF_CWRU_0224-103430\best_pt (val_loss=-0.9102)
02-24 10:35:04 Epoch 019 Train loss -0.9143 | Val loss -0.9102
02-24 10:35:05 TEST (last): loss -0.9104
02-24 10:35:05 [LP epoch 00] train_loss=0.5852 train_acc=0.8918 | val_loss=184.6656 val_acc=0.8398 | 
02-24 10:35:05 [LP epoch 01] train_loss=0.2487 train_acc=0.9610 | val_loss=101.6155 val_acc=0.8874 | 
02-24 10:35:05 [LP epoch 02] train_loss=0.1864 train_acc=0.9784 | val_loss=65.9940 val_acc=0.9091 | 
02-24 10:35:05 [LP epoch 03] train_loss=0.1516 train_acc=0.9913 | val_loss=46.9720 val_acc=0.9221 | 
02-24 10:35:05 [LP epoch 04] train_loss=0.1293 train_acc=0.9913 | val_loss=33.6486 val_acc=0.9654 | 
02-24 10:35:06 [LP epoch 05] train_loss=0.1062 train_acc=0.9913 | val_loss=21.5661 val_acc=0.9957 | 
02-24 10:35:06 [LP epoch 06] train_loss=0.0900 train_acc=0.9957 | val_loss=14.2617 val_acc=0.9957 | 
02-24 10:35:06 [LP epoch 07] train_loss=0.0756 train_acc=1.0000 | val_loss=10.1051 val_acc=0.9957 | 
02-24 10:35:06 [LP epoch 08] train_loss=0.0640 train_acc=1.0000 | val_loss=8.4768 val_acc=0.9957 | 
02-24 10:35:06 [LP epoch 09] train_loss=0.0554 train_acc=1.0000 | val_loss=7.6213 val_acc=0.9957 | 
02-24 10:35:07 [LP epoch 10] train_loss=0.0490 train_acc=1.0000 | val_loss=6.6241 val_acc=0.9957 | 
02-24 10:35:07 [LP epoch 11] train_loss=0.0408 train_acc=1.0000 | val_loss=6.2256 val_acc=0.9957 | 
02-24 10:35:07 [LP epoch 12] train_loss=0.0355 train_acc=1.0000 | val_loss=5.6462 val_acc=0.9957 | 
02-24 10:35:07 [LP epoch 13] train_loss=0.0322 train_acc=1.0000 | val_loss=4.7777 val_acc=0.9957 | 
02-24 10:35:07 [LP epoch 14] train_loss=0.0276 train_acc=1.0000 | val_loss=4.1829 val_acc=0.9957 | 
02-24 10:35:07 [LP epoch 15] train_loss=0.0245 train_acc=1.0000 | val_loss=3.6032 val_acc=0.9957 | 
02-24 10:35:08 [LP epoch 16] train_loss=0.0219 train_acc=1.0000 | val_loss=3.2250 val_acc=0.9957 | 
02-24 10:35:08 [LP epoch 17] train_loss=0.0205 train_acc=1.0000 | val_loss=2.7759 val_acc=0.9957 | 
02-24 10:35:08 [LP epoch 18] train_loss=0.0188 train_acc=1.0000 | val_loss=2.6632 val_acc=0.9957 | 
02-24 10:35:08 [LP epoch 19] train_loss=0.0172 train_acc=1.0000 | val_loss=2.3326 val_acc=0.9957 | 
02-24 10:35:08 [LP epoch 20] train_loss=0.0153 train_acc=1.0000 | val_loss=2.0437 val_acc=0.9957 | 
02-24 10:35:08 [LP epoch 21] train_loss=0.0139 train_acc=1.0000 | val_loss=1.8578 val_acc=0.9957 | 
02-24 10:35:09 [LP epoch 22] train_loss=0.0129 train_acc=1.0000 | val_loss=1.7382 val_acc=0.9957 | 
02-24 10:35:09 [LP epoch 23] train_loss=0.0119 train_acc=1.0000 | val_loss=1.5651 val_acc=0.9957 | 
02-24 10:35:09 [LP epoch 24] train_loss=0.0111 train_acc=1.0000 | val_loss=1.4145 val_acc=1.0000 | 
02-24 10:35:09 [LP epoch 25] train_loss=0.0102 train_acc=1.0000 | val_loss=1.3124 val_acc=1.0000 | 
02-24 10:35:09 [LP epoch 26] train_loss=0.0097 train_acc=1.0000 | val_loss=1.2000 val_acc=1.0000 | 
02-24 10:35:09 [LP epoch 27] train_loss=0.0091 train_acc=1.0000 | val_loss=1.1507 val_acc=1.0000 | 
02-24 10:35:09 [LP epoch 28] train_loss=0.0085 train_acc=1.0000 | val_loss=1.0458 val_acc=1.0000 | 
02-24 10:35:10 [LP epoch 29] train_loss=0.0079 train_acc=1.0000 | val_loss=0.9687 val_acc=1.0000 | 
02-24 10:35:10 [LP epoch 30] train_loss=0.0075 train_acc=1.0000 | val_loss=0.9127 val_acc=1.0000 | 
02-24 10:35:10 [LP epoch 31] train_loss=0.0072 train_acc=1.0000 | val_loss=0.8501 val_acc=1.0000 | 
02-24 10:35:10 [LP epoch 32] train_loss=0.0069 train_acc=1.0000 | val_loss=0.7607 val_acc=1.0000 | 
02-24 10:35:10 [LP epoch 33] train_loss=0.0065 train_acc=1.0000 | val_loss=0.7426 val_acc=1.0000 | 
02-24 10:35:10 [LP epoch 34] train_loss=0.0062 train_acc=1.0000 | val_loss=0.6843 val_acc=1.0000 | 
02-24 10:35:11 [LP epoch 35] train_loss=0.0061 train_acc=1.0000 | val_loss=0.6480 val_acc=1.0000 | 
02-24 10:35:11 [LP epoch 36] train_loss=0.0058 train_acc=1.0000 | val_loss=0.6068 val_acc=1.0000 | 
02-24 10:35:11 [LP epoch 37] train_loss=0.0054 train_acc=1.0000 | val_loss=0.6068 val_acc=1.0000 | 
02-24 10:35:11 [LP epoch 38] train_loss=0.0051 train_acc=1.0000 | val_loss=0.5452 val_acc=1.0000 | 
02-24 10:35:11 [LP epoch 39] train_loss=0.0049 train_acc=1.0000 | val_loss=0.5549 val_acc=1.0000 | 
02-24 10:35:11 [LP epoch 40] train_loss=0.0048 train_acc=1.0000 | val_loss=0.5304 val_acc=1.0000 | 
02-24 10:35:12 [LP epoch 41] train_loss=0.0046 train_acc=1.0000 | val_loss=0.5210 val_acc=1.0000 | 
02-24 10:35:12 [LP epoch 42] train_loss=0.0044 train_acc=1.0000 | val_loss=0.4786 val_acc=1.0000 | 
02-24 10:35:12 [LP epoch 43] train_loss=0.0042 train_acc=1.0000 | val_loss=0.4876 val_acc=1.0000 | 
02-24 10:35:12 [LP epoch 44] train_loss=0.0039 train_acc=1.0000 | val_loss=0.4543 val_acc=1.0000 | 
02-24 10:35:12 [LP epoch 45] train_loss=0.0038 train_acc=1.0000 | val_loss=0.4294 val_acc=1.0000 | 
02-24 10:35:12 [LP epoch 46] train_loss=0.0037 train_acc=1.0000 | val_loss=0.4174 val_acc=1.0000 | 
02-24 10:35:13 [LP epoch 47] train_loss=0.0036 train_acc=1.0000 | val_loss=0.4124 val_acc=1.0000 | 
02-24 10:35:13 [LP epoch 48] train_loss=0.0034 train_acc=1.0000 | val_loss=0.3862 val_acc=1.0000 | 
02-24 10:35:13 [LP epoch 49] train_loss=0.0033 train_acc=1.0000 | val_loss=0.3735 val_acc=1.0000 | 
02-24 10:35:13 Saved linear-probe checkpoint: ./checkpoint\SSF_CWRU_0224-103430\linear_probe_best.pt (best_val_acc=1.0000)
02-24 10:35:13 TEST linear-probe: loss=0.0084 acc=0.9957
02-24 10:35:13 using 1 gpus
02-24 10:35:13 Dataset class: <class 'data_utils.datasets.CWRU.CWRU'>
02-24 10:35:13 Split sizes: train=2156 val=231 test=462, classier=231
02-24 10:35:13 Label counts train: Counter({0: 1159, 1: 333, 3: 333, 2: 331})
02-24 10:35:13 Label counts val:   Counter({0: 124, 1: 36, 3: 36, 2: 35})
02-24 10:35:13 Label counts test:  Counter({0: 249, 2: 71, 3: 71, 1: 71})
02-24 10:35:13 Label counts classifier:  Counter({0: 124, 2: 36, 1: 36, 3: 35})
02-24 10:35:13 -----Epoch 0/19-----
02-24 10:35:15 current lr: 0.01
02-24 10:35:15 Saved best checkpoint to ./checkpoint\SSF_CWRU_0224-103430\best_pt (val_loss=-0.2147)
02-24 10:35:15 Epoch 000 Train loss -0.0620 | Val loss -0.2147
02-24 10:35:15 -----Epoch 1/19-----
02-24 10:35:17 current lr: 0.0099385
02-24 10:35:17 Saved best checkpoint to ./checkpoint\SSF_CWRU_0224-103430\best_pt (val_loss=-0.4867)
02-24 10:35:17 Epoch 001 Train loss -0.3498 | Val loss -0.4867
02-24 10:35:17 -----Epoch 2/19-----
02-24 10:35:19 current lr: 0.00975553
02-24 10:35:19 Saved best checkpoint to ./checkpoint\SSF_CWRU_0224-103430\best_pt (val_loss=-0.6646)
02-24 10:35:19 Epoch 002 Train loss -0.5845 | Val loss -0.6646
02-24 10:35:19 -----Epoch 3/19-----
02-24 10:35:20 current lr: 0.00945558
02-24 10:35:20 Saved best checkpoint to ./checkpoint\SSF_CWRU_0224-103430\best_pt (val_loss=-0.7676)
02-24 10:35:20 Epoch 003 Train loss -0.7231 | Val loss -0.7676
02-24 10:35:20 -----Epoch 4/19-----
02-24 10:35:21 current lr: 0.00904604
02-24 10:35:21 Saved best checkpoint to ./checkpoint\SSF_CWRU_0224-103430\best_pt (val_loss=-0.8208)
02-24 10:35:21 Epoch 004 Train loss -0.7974 | Val loss -0.8208
02-24 10:35:21 -----Epoch 5/19-----
02-24 10:35:23 current lr: 0.008537
02-24 10:35:23 Saved best checkpoint to ./checkpoint\SSF_CWRU_0224-103430\best_pt (val_loss=-0.8526)
02-24 10:35:23 Epoch 005 Train loss -0.8390 | Val loss -0.8526
02-24 10:35:23 -----Epoch 6/19-----
02-24 10:35:25 current lr: 0.00794099
02-24 10:35:25 Saved best checkpoint to ./checkpoint\SSF_CWRU_0224-103430\best_pt (val_loss=-0.8744)
02-24 10:35:25 Epoch 006 Train loss -0.8657 | Val loss -0.8744
02-24 10:35:25 -----Epoch 7/19-----
02-24 10:35:26 current lr: 0.00727268
02-24 10:35:26 Saved best checkpoint to ./checkpoint\SSF_CWRU_0224-103430\best_pt (val_loss=-0.8894)
02-24 10:35:26 Epoch 007 Train loss -0.8839 | Val loss -0.8894
02-24 10:35:26 -----Epoch 8/19-----
02-24 10:35:28 current lr: 0.00654854
02-24 10:35:28 Saved best checkpoint to ./checkpoint\SSF_CWRU_0224-103430\best_pt (val_loss=-0.9003)
02-24 10:35:28 Epoch 008 Train loss -0.8966 | Val loss -0.9003
02-24 10:35:28 -----Epoch 9/19-----
