03-14 17:35:56 ================================================================================
03-14 17:35:56 RUN: aug=('gaussian', 'gaussian') hidden=32 latent=32 blocks=1 seed=0
03-14 17:35:56 model_name: SSF
03-14 17:35:56 data_name: JNU
03-14 17:35:56 aug_1: gaussian
03-14 17:35:56 aug_2: gaussian
03-14 17:35:56 data_view: TwoViewDataset
03-14 17:35:56 data_dir: raw_data/JNU/JNU-Bearing-Dataset-main
03-14 17:35:56 out_channel: 4
03-14 17:35:56 normlizetype: minus_one_one
03-14 17:35:56 processing_type: O_N
03-14 17:35:56 max_epoch: 50
03-14 17:35:56 classifier_epoch: 50
03-14 17:35:56 batch_size: 64
03-14 17:35:56 cuda_device: 0
03-14 17:35:56 checkpoint_dir: ./checkpoint
03-14 17:35:56 opt: sgd
03-14 17:35:56 lr: 0.05
03-14 17:35:56 momentum: 0.9
03-14 17:35:56 weight_decay: 0.0001
03-14 17:35:56 lr_scheduler: cos
03-14 17:35:56 gamma: 0.95
03-14 17:35:56 eta_min: 1e-05
03-14 17:35:56 latent_space: 32
03-14 17:35:56 num_blocks_ssf: 1
03-14 17:35:56 hidden_channel: 32
03-14 17:35:56 per_class_samples: 100
03-14 17:35:56 classifier_samples: 10
03-14 17:35:56 task: self_supervised
03-14 17:35:56 critetion: <class 'utils.loss_SSL.SimSiamLoss'>
03-14 17:35:56 using 1 gpus
03-14 17:35:56 Dataset class: <class 'data_utils.datasets.JNU.JNU'>
03-14 17:35:57 Split sizes: train=100 val=100 test=400, classier=40
03-14 17:35:57 Label counts train: Counter({0: 100})
03-14 17:35:57 Label counts val:   Counter({0: 100})
03-14 17:35:57 Label counts test:  Counter({3: 100, 2: 100, 0: 100, 1: 100})
03-14 17:35:57 Label counts classifier:  Counter({2: 10, 1: 10, 3: 10, 0: 10})
03-14 17:35:59 -----Epoch 0/49-----
03-14 17:35:59 current lr: 0.05
03-14 17:35:59 Saved best checkpoint to ./checkpoint\SSF_JNU_0314-173556\best_pt (val_loss=-0.2577)
03-14 17:35:59 Epoch 000 Train loss -0.0163 | Val loss -0.2577
03-14 17:35:59 -----Epoch 1/49-----
03-14 17:35:59 current lr: 0.0499507
03-14 17:35:59 Saved best checkpoint to ./checkpoint\SSF_JNU_0314-173556\best_pt (val_loss=-0.5845)
03-14 17:35:59 Epoch 001 Train loss -0.4429 | Val loss -0.5845
03-14 17:35:59 -----Epoch 2/49-----
03-14 17:36:00 current lr: 0.0498029
03-14 17:36:00 Saved best checkpoint to ./checkpoint\SSF_JNU_0314-173556\best_pt (val_loss=-0.7600)
03-14 17:36:00 Epoch 002 Train loss -0.8002 | Val loss -0.7600
03-14 17:36:00 -----Epoch 3/49-----
03-14 17:36:00 current lr: 0.0495573
03-14 17:36:00 Saved best checkpoint to ./checkpoint\SSF_JNU_0314-173556\best_pt (val_loss=-0.8214)
03-14 17:36:00 Epoch 003 Train loss -0.9214 | Val loss -0.8214
03-14 17:36:00 -----Epoch 4/49-----
03-14 17:36:00 current lr: 0.0492147
03-14 17:36:00 Saved best checkpoint to ./checkpoint\SSF_JNU_0314-173556\best_pt (val_loss=-0.8466)
03-14 17:36:00 Epoch 004 Train loss -0.9500 | Val loss -0.8466
03-14 17:36:00 -----Epoch 5/49-----
03-14 17:36:00 current lr: 0.0487767
03-14 17:36:00 Saved best checkpoint to ./checkpoint\SSF_JNU_0314-173556\best_pt (val_loss=-0.8641)
03-14 17:36:00 Epoch 005 Train loss -0.9566 | Val loss -0.8641
03-14 17:36:00 -----Epoch 6/49-----
03-14 17:36:00 current lr: 0.0482448
03-14 17:36:00 Saved best checkpoint to ./checkpoint\SSF_JNU_0314-173556\best_pt (val_loss=-0.8792)
03-14 17:36:00 Epoch 006 Train loss -0.9581 | Val loss -0.8792
03-14 17:36:00 -----Epoch 7/49-----
03-14 17:36:00 current lr: 0.0476212
03-14 17:36:00 Saved best checkpoint to ./checkpoint\SSF_JNU_0314-173556\best_pt (val_loss=-0.8938)
03-14 17:36:00 Epoch 007 Train loss -0.9591 | Val loss -0.8938
03-14 17:36:00 -----Epoch 8/49-----
03-14 17:36:00 current lr: 0.0469083
03-14 17:36:00 Saved best checkpoint to ./checkpoint\SSF_JNU_0314-173556\best_pt (val_loss=-0.9072)
03-14 17:36:00 Epoch 008 Train loss -0.9604 | Val loss -0.9072
03-14 17:36:00 -----Epoch 9/49-----
03-14 17:36:00 current lr: 0.046109
03-14 17:36:00 Saved best checkpoint to ./checkpoint\SSF_JNU_0314-173556\best_pt (val_loss=-0.9193)
03-14 17:36:00 Epoch 009 Train loss -0.9622 | Val loss -0.9193
03-14 17:36:00 -----Epoch 10/49-----
03-14 17:36:00 current lr: 0.0452264
03-14 17:36:00 Saved best checkpoint to ./checkpoint\SSF_JNU_0314-173556\best_pt (val_loss=-0.9302)
03-14 17:36:00 Epoch 010 Train loss -0.9642 | Val loss -0.9302
03-14 17:36:00 -----Epoch 11/49-----
03-14 17:36:00 current lr: 0.044264
03-14 17:36:00 Saved best checkpoint to ./checkpoint\SSF_JNU_0314-173556\best_pt (val_loss=-0.9398)
03-14 17:36:00 Epoch 011 Train loss -0.9663 | Val loss -0.9398
03-14 17:36:00 -----Epoch 12/49-----
03-14 17:36:00 current lr: 0.0432256
03-14 17:36:00 Saved best checkpoint to ./checkpoint\SSF_JNU_0314-173556\best_pt (val_loss=-0.9479)
03-14 17:36:00 Epoch 012 Train loss -0.9684 | Val loss -0.9479
03-14 17:36:00 -----Epoch 13/49-----
03-14 17:36:00 current lr: 0.0421153
03-14 17:36:00 Saved best checkpoint to ./checkpoint\SSF_JNU_0314-173556\best_pt (val_loss=-0.9545)
03-14 17:36:00 Epoch 013 Train loss -0.9702 | Val loss -0.9545
03-14 17:36:00 -----Epoch 14/49-----
03-14 17:36:00 current lr: 0.0409374
03-14 17:36:00 Saved best checkpoint to ./checkpoint\SSF_JNU_0314-173556\best_pt (val_loss=-0.9597)
03-14 17:36:00 Epoch 014 Train loss -0.9720 | Val loss -0.9597
03-14 17:36:00 -----Epoch 15/49-----
03-14 17:36:01 current lr: 0.0396967
03-14 17:36:01 Saved best checkpoint to ./checkpoint\SSF_JNU_0314-173556\best_pt (val_loss=-0.9638)
03-14 17:36:01 Epoch 015 Train loss -0.9737 | Val loss -0.9638
03-14 17:36:01 -----Epoch 16/49-----
03-14 17:36:01 current lr: 0.038398
03-14 17:36:01 Saved best checkpoint to ./checkpoint\SSF_JNU_0314-173556\best_pt (val_loss=-0.9670)
03-14 17:36:01 Epoch 016 Train loss -0.9751 | Val loss -0.9670
03-14 17:36:01 -----Epoch 17/49-----
03-14 17:36:01 current lr: 0.0370464
03-14 17:36:01 Saved best checkpoint to ./checkpoint\SSF_JNU_0314-173556\best_pt (val_loss=-0.9695)
03-14 17:36:01 Epoch 017 Train loss -0.9765 | Val loss -0.9695
03-14 17:36:01 -----Epoch 18/49-----
03-14 17:36:01 current lr: 0.0356474
03-14 17:36:01 Saved best checkpoint to ./checkpoint\SSF_JNU_0314-173556\best_pt (val_loss=-0.9715)
03-14 17:36:01 Epoch 018 Train loss -0.9777 | Val loss -0.9715
03-14 17:36:01 -----Epoch 19/49-----
03-14 17:36:01 current lr: 0.0342063
03-14 17:36:01 Saved best checkpoint to ./checkpoint\SSF_JNU_0314-173556\best_pt (val_loss=-0.9732)
03-14 17:36:01 Epoch 019 Train loss -0.9787 | Val loss -0.9732
03-14 17:36:01 -----Epoch 20/49-----
03-14 17:36:01 current lr: 0.0327289
03-14 17:36:01 Saved best checkpoint to ./checkpoint\SSF_JNU_0314-173556\best_pt (val_loss=-0.9745)
03-14 17:36:01 Epoch 020 Train loss -0.9798 | Val loss -0.9745
03-14 17:36:01 -----Epoch 21/49-----
03-14 17:36:01 current lr: 0.031221
03-14 17:36:01 Saved best checkpoint to ./checkpoint\SSF_JNU_0314-173556\best_pt (val_loss=-0.9757)
03-14 17:36:01 Epoch 021 Train loss -0.9806 | Val loss -0.9757
03-14 17:36:01 -----Epoch 22/49-----
03-14 17:36:01 current lr: 0.0296886
03-14 17:36:01 Saved best checkpoint to ./checkpoint\SSF_JNU_0314-173556\best_pt (val_loss=-0.9767)
03-14 17:36:01 Epoch 022 Train loss -0.9813 | Val loss -0.9767
03-14 17:36:01 -----Epoch 23/49-----
03-14 17:36:01 current lr: 0.0281377
03-14 17:36:01 Saved best checkpoint to ./checkpoint\SSF_JNU_0314-173556\best_pt (val_loss=-0.9775)
03-14 17:36:01 Epoch 023 Train loss -0.9819 | Val loss -0.9775
03-14 17:36:01 -----Epoch 24/49-----
03-14 17:36:01 current lr: 0.0265744
03-14 17:36:01 Saved best checkpoint to ./checkpoint\SSF_JNU_0314-173556\best_pt (val_loss=-0.9783)
03-14 17:36:01 Epoch 024 Train loss -0.9826 | Val loss -0.9783
03-14 17:36:01 -----Epoch 25/49-----
03-14 17:36:01 current lr: 0.025005
03-14 17:36:01 Saved best checkpoint to ./checkpoint\SSF_JNU_0314-173556\best_pt (val_loss=-0.9789)
03-14 17:36:01 Epoch 025 Train loss -0.9831 | Val loss -0.9789
03-14 17:36:01 -----Epoch 26/49-----
03-14 17:36:02 current lr: 0.0234356
03-14 17:36:02 Saved best checkpoint to ./checkpoint\SSF_JNU_0314-173556\best_pt (val_loss=-0.9795)
03-14 17:36:02 Epoch 026 Train loss -0.9836 | Val loss -0.9795
03-14 17:36:02 -----Epoch 27/49-----
03-14 17:36:02 current lr: 0.0218723
03-14 17:36:02 Saved best checkpoint to ./checkpoint\SSF_JNU_0314-173556\best_pt (val_loss=-0.9800)
03-14 17:36:02 Epoch 027 Train loss -0.9840 | Val loss -0.9800
03-14 17:36:02 -----Epoch 28/49-----
03-14 17:36:02 current lr: 0.0203214
03-14 17:36:02 Saved best checkpoint to ./checkpoint\SSF_JNU_0314-173556\best_pt (val_loss=-0.9804)
03-14 17:36:02 Epoch 028 Train loss -0.9843 | Val loss -0.9804
03-14 17:36:02 -----Epoch 29/49-----
03-14 17:36:02 current lr: 0.018789
03-14 17:36:02 Saved best checkpoint to ./checkpoint\SSF_JNU_0314-173556\best_pt (val_loss=-0.9808)
03-14 17:36:02 Epoch 029 Train loss -0.9846 | Val loss -0.9808
03-14 17:36:02 -----Epoch 30/49-----
03-14 17:36:02 current lr: 0.0172811
03-14 17:36:02 Saved best checkpoint to ./checkpoint\SSF_JNU_0314-173556\best_pt (val_loss=-0.9811)
03-14 17:36:02 Epoch 030 Train loss -0.9849 | Val loss -0.9811
03-14 17:36:02 -----Epoch 31/49-----
03-14 17:36:02 current lr: 0.0158037
03-14 17:36:02 Saved best checkpoint to ./checkpoint\SSF_JNU_0314-173556\best_pt (val_loss=-0.9814)
03-14 17:36:02 Epoch 031 Train loss -0.9852 | Val loss -0.9814
03-14 17:36:02 -----Epoch 32/49-----
03-14 17:36:02 current lr: 0.0143626
03-14 17:36:02 Saved best checkpoint to ./checkpoint\SSF_JNU_0314-173556\best_pt (val_loss=-0.9816)
03-14 17:36:02 Epoch 032 Train loss -0.9853 | Val loss -0.9816
03-14 17:36:02 -----Epoch 33/49-----
03-14 17:36:02 current lr: 0.0129636
03-14 17:36:02 Saved best checkpoint to ./checkpoint\SSF_JNU_0314-173556\best_pt (val_loss=-0.9819)
03-14 17:36:02 Epoch 033 Train loss -0.9856 | Val loss -0.9819
03-14 17:36:02 -----Epoch 34/49-----
03-14 17:36:02 current lr: 0.011612
03-14 17:36:02 Saved best checkpoint to ./checkpoint\SSF_JNU_0314-173556\best_pt (val_loss=-0.9820)
03-14 17:36:02 Epoch 034 Train loss -0.9857 | Val loss -0.9820
03-14 17:36:02 -----Epoch 35/49-----
03-14 17:36:02 current lr: 0.0103133
03-14 17:36:02 Saved best checkpoint to ./checkpoint\SSF_JNU_0314-173556\best_pt (val_loss=-0.9822)
03-14 17:36:02 Epoch 035 Train loss -0.9858 | Val loss -0.9822
03-14 17:36:02 -----Epoch 36/49-----
03-14 17:36:02 current lr: 0.00907259
03-14 17:36:02 Saved best checkpoint to ./checkpoint\SSF_JNU_0314-173556\best_pt (val_loss=-0.9823)
03-14 17:36:02 Epoch 036 Train loss -0.9861 | Val loss -0.9823
03-14 17:36:02 -----Epoch 37/49-----
03-14 17:36:02 current lr: 0.00789475
03-14 17:36:02 Saved best checkpoint to ./checkpoint\SSF_JNU_0314-173556\best_pt (val_loss=-0.9825)
03-14 17:36:02 Epoch 037 Train loss -0.9861 | Val loss -0.9825
03-14 17:36:02 -----Epoch 38/49-----
03-14 17:36:02 current lr: 0.00678443
03-14 17:36:02 Saved best checkpoint to ./checkpoint\SSF_JNU_0314-173556\best_pt (val_loss=-0.9826)
03-14 17:36:02 Epoch 038 Train loss -0.9862 | Val loss -0.9826
03-14 17:36:02 -----Epoch 39/49-----
03-14 17:36:03 current lr: 0.00574602
03-14 17:36:03 Saved best checkpoint to ./checkpoint\SSF_JNU_0314-173556\best_pt (val_loss=-0.9827)
03-14 17:36:03 Epoch 039 Train loss -0.9863 | Val loss -0.9827
03-14 17:36:03 -----Epoch 40/49-----
03-14 17:36:03 current lr: 0.00478362
03-14 17:36:03 Saved best checkpoint to ./checkpoint\SSF_JNU_0314-173556\best_pt (val_loss=-0.9827)
03-14 17:36:03 Epoch 040 Train loss -0.9862 | Val loss -0.9827
03-14 17:36:03 -----Epoch 41/49-----
03-14 17:36:03 current lr: 0.00390102
03-14 17:36:03 Saved best checkpoint to ./checkpoint\SSF_JNU_0314-173556\best_pt (val_loss=-0.9828)
03-14 17:36:03 Epoch 041 Train loss -0.9863 | Val loss -0.9828
03-14 17:36:03 -----Epoch 42/49-----
03-14 17:36:03 current lr: 0.00310171
03-14 17:36:03 Saved best checkpoint to ./checkpoint\SSF_JNU_0314-173556\best_pt (val_loss=-0.9829)
03-14 17:36:03 Epoch 042 Train loss -0.9865 | Val loss -0.9829
03-14 17:36:03 -----Epoch 43/49-----
03-14 17:36:03 current lr: 0.00238885
03-14 17:36:03 Saved best checkpoint to ./checkpoint\SSF_JNU_0314-173556\best_pt (val_loss=-0.9829)
03-14 17:36:03 Epoch 043 Train loss -0.9865 | Val loss -0.9829
03-14 17:36:03 -----Epoch 44/49-----
03-14 17:36:03 current lr: 0.00176524
03-14 17:36:03 Saved best checkpoint to ./checkpoint\SSF_JNU_0314-173556\best_pt (val_loss=-0.9829)
03-14 17:36:03 Epoch 044 Train loss -0.9865 | Val loss -0.9829
03-14 17:36:03 -----Epoch 45/49-----
03-14 17:36:03 current lr: 0.00123334
03-14 17:36:03 Saved best checkpoint to ./checkpoint\SSF_JNU_0314-173556\best_pt (val_loss=-0.9830)
03-14 17:36:03 Epoch 045 Train loss -0.9864 | Val loss -0.9830
03-14 17:36:03 -----Epoch 46/49-----
03-14 17:36:03 current lr: 0.000795264
03-14 17:36:03 Saved best checkpoint to ./checkpoint\SSF_JNU_0314-173556\best_pt (val_loss=-0.9830)
03-14 17:36:03 Epoch 046 Train loss -0.9865 | Val loss -0.9830
03-14 17:36:03 -----Epoch 47/49-----
03-14 17:36:03 current lr: 0.00045273
03-14 17:36:03 Saved best checkpoint to ./checkpoint\SSF_JNU_0314-173556\best_pt (val_loss=-0.9830)
03-14 17:36:03 Epoch 047 Train loss -0.9865 | Val loss -0.9830
03-14 17:36:03 -----Epoch 48/49-----
03-14 17:36:03 current lr: 0.000207093
03-14 17:36:03 Saved best checkpoint to ./checkpoint\SSF_JNU_0314-173556\best_pt (val_loss=-0.9830)
03-14 17:36:03 Epoch 048 Train loss -0.9865 | Val loss -0.9830
03-14 17:36:03 -----Epoch 49/49-----
03-14 17:36:03 current lr: 5.93219e-05
03-14 17:36:03 No improvement in val_loss for 1/10 epochs.
03-14 17:36:03 Epoch 049 Train loss -0.9865 | Val loss -0.9830
03-14 17:36:03 TEST (last): loss -0.9432
03-14 17:36:03 Loaded best checkpoint from ./checkpoint\SSF_JNU_0314-173556\best_pt (val_loss=-0.9829950833320618)
03-14 17:36:03 TEST (best): loss -0.9432
03-14 17:36:07 Threshold: 0.6445999801728488
03-14 17:36:07 Binary accuracy: 0.695000
03-14 17:36:07 Confusion matrix:
[[ 93   7]
 [115 185]]
03-14 17:36:07 Report:
              precision    recall  f1-score   support

      normal       0.45      0.93      0.60       100
     anomaly       0.96      0.62      0.75       300

    accuracy                           0.69       400
   macro avg       0.71      0.77      0.68       400
weighted avg       0.83      0.69      0.71       400

03-14 17:36:07 Rates: {1: 0.43, 2: 0.8, 3: 0.62}
03-14 17:36:07 [LP epoch 00] train_loss=1.5584 train_acc=0.2250 | val_loss=1.6454 val_acc=0.0000 | 
03-14 17:36:07 [LP epoch 01] train_loss=1.5284 train_acc=0.2500 | val_loss=1.6510 val_acc=0.0000 | 
03-14 17:36:07 [LP epoch 02] train_loss=1.5189 train_acc=0.2250 | val_loss=1.6587 val_acc=0.0000 | 
03-14 17:36:07 [LP epoch 03] train_loss=1.5119 train_acc=0.2000 | val_loss=1.6685 val_acc=0.0000 | 
03-14 17:36:07 [LP epoch 04] train_loss=1.4853 train_acc=0.2500 | val_loss=1.6804 val_acc=0.0000 | 
03-14 17:36:07 [LP epoch 05] train_loss=1.4847 train_acc=0.2500 | val_loss=1.6959 val_acc=0.0000 | 
03-14 17:36:07 [LP epoch 06] train_loss=1.4730 train_acc=0.2250 | val_loss=1.7109 val_acc=0.0000 | 
03-14 17:36:07 [LP epoch 07] train_loss=1.4636 train_acc=0.2500 | val_loss=1.7307 val_acc=0.0000 | 
03-14 17:36:07 [LP epoch 08] train_loss=1.4670 train_acc=0.2500 | val_loss=1.7466 val_acc=0.0000 | 
03-14 17:36:07 [LP epoch 09] train_loss=1.4564 train_acc=0.2250 | val_loss=1.7665 val_acc=0.0000 | 
03-14 17:36:07 [LP epoch 10] train_loss=1.4517 train_acc=0.2500 | val_loss=1.7818 val_acc=0.0000 | 
03-14 17:36:08 [LP epoch 11] train_loss=1.4360 train_acc=0.2500 | val_loss=1.7940 val_acc=0.0000 | 
03-14 17:36:08 [LP epoch 12] train_loss=1.4302 train_acc=0.2750 | val_loss=1.8032 val_acc=0.0000 | 
03-14 17:36:08 [LP epoch 13] train_loss=1.4279 train_acc=0.2500 | val_loss=1.8202 val_acc=0.0000 | 
03-14 17:36:08 [LP epoch 14] train_loss=1.4307 train_acc=0.2500 | val_loss=1.8331 val_acc=0.0000 | 
03-14 17:36:08 [LP epoch 15] train_loss=1.4231 train_acc=0.2500 | val_loss=1.8450 val_acc=0.0000 | 
03-14 17:36:08 [LP epoch 16] train_loss=1.4055 train_acc=0.2500 | val_loss=1.8415 val_acc=0.0000 | 
03-14 17:36:08 [LP epoch 17] train_loss=1.3974 train_acc=0.2500 | val_loss=1.8297 val_acc=0.0000 | 
03-14 17:36:08 [LP epoch 18] train_loss=1.3875 train_acc=0.2750 | val_loss=1.8419 val_acc=0.0000 | 
03-14 17:36:08 [LP epoch 19] train_loss=1.3933 train_acc=0.2500 | val_loss=1.8380 val_acc=0.0000 | 
03-14 17:36:08 [LP epoch 20] train_loss=1.3888 train_acc=0.2500 | val_loss=1.8172 val_acc=0.0000 | 
03-14 17:36:08 [LP epoch 21] train_loss=1.3932 train_acc=0.2000 | val_loss=1.8202 val_acc=0.0000 | 
03-14 17:36:08 [LP epoch 22] train_loss=1.3856 train_acc=0.2500 | val_loss=1.8007 val_acc=0.0000 | 
03-14 17:36:08 [LP epoch 23] train_loss=1.3587 train_acc=0.2750 | val_loss=1.8049 val_acc=0.0000 | 
03-14 17:36:08 [LP epoch 24] train_loss=1.3547 train_acc=0.2500 | val_loss=1.7929 val_acc=0.0000 | 
03-14 17:36:08 [LP epoch 25] train_loss=1.3545 train_acc=0.2250 | val_loss=1.7865 val_acc=0.0000 | 
03-14 17:36:08 [LP epoch 26] train_loss=1.3608 train_acc=0.2500 | val_loss=1.7672 val_acc=0.0000 | 
03-14 17:36:08 [LP epoch 27] train_loss=1.3507 train_acc=0.2500 | val_loss=1.7603 val_acc=0.0000 | 
03-14 17:36:08 [LP epoch 28] train_loss=1.3457 train_acc=0.2250 | val_loss=1.7444 val_acc=0.0000 | 
03-14 17:36:08 [LP epoch 29] train_loss=1.3322 train_acc=0.3000 | val_loss=1.7370 val_acc=0.0000 | 
03-14 17:36:08 [LP epoch 30] train_loss=1.3355 train_acc=0.2500 | val_loss=1.7293 val_acc=0.0000 | 
03-14 17:36:08 [LP epoch 31] train_loss=1.3285 train_acc=0.2250 | val_loss=1.7207 val_acc=0.0000 | 
03-14 17:36:08 [LP epoch 32] train_loss=1.3231 train_acc=0.3000 | val_loss=1.7202 val_acc=0.0000 | 
03-14 17:36:08 [LP epoch 33] train_loss=1.3322 train_acc=0.2500 | val_loss=1.7027 val_acc=0.0000 | 
03-14 17:36:08 [LP epoch 34] train_loss=1.3219 train_acc=0.2500 | val_loss=1.6870 val_acc=0.0000 | 
03-14 17:36:08 [LP epoch 35] train_loss=1.3169 train_acc=0.2750 | val_loss=1.6740 val_acc=0.0000 | 
03-14 17:36:08 [LP epoch 36] train_loss=1.3105 train_acc=0.2500 | val_loss=1.6644 val_acc=0.0000 | 
03-14 17:36:09 [LP epoch 37] train_loss=1.3102 train_acc=0.2750 | val_loss=1.6595 val_acc=0.0000 | 
03-14 17:36:09 [LP epoch 38] train_loss=1.3105 train_acc=0.2750 | val_loss=1.6411 val_acc=0.0000 | 
03-14 17:36:09 [LP epoch 39] train_loss=1.3003 train_acc=0.3000 | val_loss=1.6344 val_acc=0.0000 | 
03-14 17:36:09 [LP epoch 40] train_loss=1.3063 train_acc=0.2500 | val_loss=1.6219 val_acc=0.0000 | 
03-14 17:36:09 [LP epoch 41] train_loss=1.2910 train_acc=0.3000 | val_loss=1.6161 val_acc=0.0000 | 
03-14 17:36:09 [LP epoch 42] train_loss=1.2950 train_acc=0.3000 | val_loss=1.5968 val_acc=0.0000 | 
03-14 17:36:09 [LP epoch 43] train_loss=1.2973 train_acc=0.3250 | val_loss=1.5721 val_acc=0.0000 | 
03-14 17:36:09 [LP epoch 44] train_loss=1.2912 train_acc=0.3000 | val_loss=1.5569 val_acc=0.0000 | 
03-14 17:36:09 [LP epoch 45] train_loss=1.2740 train_acc=0.3500 | val_loss=1.5501 val_acc=0.0000 | 
03-14 17:36:09 [LP epoch 46] train_loss=1.2722 train_acc=0.3500 | val_loss=1.5373 val_acc=0.0000 | 
03-14 17:36:09 [LP epoch 47] train_loss=1.2734 train_acc=0.3250 | val_loss=1.5269 val_acc=0.0000 | 
03-14 17:36:09 [LP epoch 48] train_loss=1.2659 train_acc=0.3500 | val_loss=1.5150 val_acc=0.0000 | 
03-14 17:36:09 [LP epoch 49] train_loss=1.2500 train_acc=0.3500 | val_loss=1.4939 val_acc=0.0100 | 
03-14 17:36:09 Saved linear-probe checkpoint: ./checkpoint\SSF_JNU_0314-173556\linear_probe_best.pt (best_val_acc=0.0100)
03-14 17:36:09 TEST linear-probe: loss=1.3355 acc=0.2975
03-14 17:36:09 ================================================================================
03-14 17:36:09 RUN: aug=('gaussian', 'gaussian') hidden=32 latent=32 blocks=1 seed=1
03-14 17:36:09 model_name: SSF
03-14 17:36:09 data_name: JNU
03-14 17:36:09 aug_1: gaussian
03-14 17:36:09 aug_2: gaussian
03-14 17:36:09 data_view: TwoViewDataset
03-14 17:36:09 data_dir: raw_data/JNU/JNU-Bearing-Dataset-main
03-14 17:36:09 out_channel: 4
03-14 17:36:09 normlizetype: minus_one_one
03-14 17:36:09 processing_type: O_N
03-14 17:36:09 max_epoch: 50
03-14 17:36:09 classifier_epoch: 50
03-14 17:36:09 batch_size: 64
03-14 17:36:09 cuda_device: 0
03-14 17:36:09 checkpoint_dir: ./checkpoint
03-14 17:36:09 opt: sgd
03-14 17:36:09 lr: 0.05
03-14 17:36:09 momentum: 0.9
03-14 17:36:09 weight_decay: 0.0001
03-14 17:36:09 lr_scheduler: cos
03-14 17:36:09 gamma: 0.95
03-14 17:36:09 eta_min: 1e-05
03-14 17:36:09 latent_space: 32
03-14 17:36:09 num_blocks_ssf: 1
03-14 17:36:09 hidden_channel: 32
03-14 17:36:09 per_class_samples: 100
03-14 17:36:09 classifier_samples: 10
03-14 17:36:09 task: self_supervised
03-14 17:36:09 critetion: <class 'utils.loss_SSL.SimSiamLoss'>
03-14 17:36:09 using 1 gpus
03-14 17:36:09 Dataset class: <class 'data_utils.datasets.JNU.JNU'>
03-14 17:36:11 Split sizes: train=100 val=100 test=400, classier=40
03-14 17:36:11 Label counts train: Counter({0: 100})
03-14 17:36:11 Label counts val:   Counter({0: 100})
03-14 17:36:11 Label counts test:  Counter({3: 100, 2: 100, 0: 100, 1: 100})
03-14 17:36:11 Label counts classifier:  Counter({0: 10, 2: 10, 3: 10, 1: 10})
03-14 17:36:11 -----Epoch 0/49-----
03-14 17:36:11 current lr: 0.05
03-14 17:36:11 Saved best checkpoint to ./checkpoint\SSF_JNU_0314-173556\best_pt (val_loss=-0.4947)
03-14 17:36:11 Epoch 000 Train loss -0.1060 | Val loss -0.4947
03-14 17:36:11 -----Epoch 1/49-----
03-14 17:36:11 current lr: 0.0499507
03-14 17:36:11 No improvement in val_loss for 1/10 epochs.
03-14 17:36:11 Epoch 001 Train loss -0.5613 | Val loss -0.4920
03-14 17:36:11 -----Epoch 2/49-----
03-14 17:36:11 current lr: 0.0498029
03-14 17:36:11 Saved best checkpoint to ./checkpoint\SSF_JNU_0314-173556\best_pt (val_loss=-0.6081)
03-14 17:36:11 Epoch 002 Train loss -0.8468 | Val loss -0.6081
03-14 17:36:11 -----Epoch 3/49-----
03-14 17:36:11 current lr: 0.0495573
03-14 17:36:11 Saved best checkpoint to ./checkpoint\SSF_JNU_0314-173556\best_pt (val_loss=-0.7457)
03-14 17:36:11 Epoch 003 Train loss -0.9289 | Val loss -0.7457
03-14 17:36:11 -----Epoch 4/49-----
03-14 17:36:11 current lr: 0.0492147
03-14 17:36:11 Saved best checkpoint to ./checkpoint\SSF_JNU_0314-173556\best_pt (val_loss=-0.8296)
03-14 17:36:11 Epoch 004 Train loss -0.9515 | Val loss -0.8296
03-14 17:36:11 -----Epoch 5/49-----
03-14 17:36:11 current lr: 0.0487767
03-14 17:36:11 Saved best checkpoint to ./checkpoint\SSF_JNU_0314-173556\best_pt (val_loss=-0.8762)
03-14 17:36:11 Epoch 005 Train loss -0.9569 | Val loss -0.8762
03-14 17:36:11 -----Epoch 6/49-----
03-14 17:36:11 current lr: 0.0482448
03-14 17:36:11 Saved best checkpoint to ./checkpoint\SSF_JNU_0314-173556\best_pt (val_loss=-0.9048)
03-14 17:36:11 Epoch 006 Train loss -0.9580 | Val loss -0.9048
03-14 17:36:11 -----Epoch 7/49-----
03-14 17:36:11 current lr: 0.0476212
03-14 17:36:11 Saved best checkpoint to ./checkpoint\SSF_JNU_0314-173556\best_pt (val_loss=-0.9238)
03-14 17:36:11 Epoch 007 Train loss -0.9595 | Val loss -0.9238
03-14 17:36:11 -----Epoch 8/49-----
03-14 17:36:12 current lr: 0.0469083
03-14 17:36:12 Saved best checkpoint to ./checkpoint\SSF_JNU_0314-173556\best_pt (val_loss=-0.9364)
03-14 17:36:12 Epoch 008 Train loss -0.9616 | Val loss -0.9364
03-14 17:36:12 -----Epoch 9/49-----
03-14 17:36:12 current lr: 0.046109
03-14 17:36:12 Saved best checkpoint to ./checkpoint\SSF_JNU_0314-173556\best_pt (val_loss=-0.9448)
03-14 17:36:12 Epoch 009 Train loss -0.9636 | Val loss -0.9448
03-14 17:36:12 -----Epoch 10/49-----
03-14 17:36:12 current lr: 0.0452264
03-14 17:36:12 Saved best checkpoint to ./checkpoint\SSF_JNU_0314-173556\best_pt (val_loss=-0.9509)
03-14 17:36:12 Epoch 010 Train loss -0.9658 | Val loss -0.9509
03-14 17:36:12 -----Epoch 11/49-----
03-14 17:36:12 current lr: 0.044264
03-14 17:36:12 Saved best checkpoint to ./checkpoint\SSF_JNU_0314-173556\best_pt (val_loss=-0.9558)
03-14 17:36:12 Epoch 011 Train loss -0.9678 | Val loss -0.9558
03-14 17:36:12 -----Epoch 12/49-----
03-14 17:36:12 current lr: 0.0432256
03-14 17:36:12 Saved best checkpoint to ./checkpoint\SSF_JNU_0314-173556\best_pt (val_loss=-0.9598)
03-14 17:36:12 Epoch 012 Train loss -0.9698 | Val loss -0.9598
03-14 17:36:12 -----Epoch 13/49-----
03-14 17:36:12 current lr: 0.0421153
03-14 17:36:12 Saved best checkpoint to ./checkpoint\SSF_JNU_0314-173556\best_pt (val_loss=-0.9632)
03-14 17:36:12 Epoch 013 Train loss -0.9715 | Val loss -0.9632
03-14 17:36:12 -----Epoch 14/49-----
03-14 17:36:12 current lr: 0.0409374
03-14 17:36:12 Saved best checkpoint to ./checkpoint\SSF_JNU_0314-173556\best_pt (val_loss=-0.9663)
03-14 17:36:12 Epoch 014 Train loss -0.9733 | Val loss -0.9663
03-14 17:36:12 -----Epoch 15/49-----
03-14 17:36:12 current lr: 0.0396967
03-14 17:36:12 Saved best checkpoint to ./checkpoint\SSF_JNU_0314-173556\best_pt (val_loss=-0.9691)
03-14 17:36:12 Epoch 015 Train loss -0.9751 | Val loss -0.9691
03-14 17:36:12 -----Epoch 16/49-----
03-14 17:36:12 current lr: 0.038398
03-14 17:36:12 Saved best checkpoint to ./checkpoint\SSF_JNU_0314-173556\best_pt (val_loss=-0.9716)
03-14 17:36:12 Epoch 016 Train loss -0.9767 | Val loss -0.9716
03-14 17:36:12 -----Epoch 17/49-----
03-14 17:36:12 current lr: 0.0370464
03-14 17:36:12 Saved best checkpoint to ./checkpoint\SSF_JNU_0314-173556\best_pt (val_loss=-0.9737)
03-14 17:36:12 Epoch 017 Train loss -0.9781 | Val loss -0.9737
03-14 17:36:12 -----Epoch 18/49-----
03-14 17:36:12 current lr: 0.0356474
03-14 17:36:12 Saved best checkpoint to ./checkpoint\SSF_JNU_0314-173556\best_pt (val_loss=-0.9755)
03-14 17:36:12 Epoch 018 Train loss -0.9795 | Val loss -0.9755
03-14 17:36:12 -----Epoch 19/49-----
03-14 17:36:12 current lr: 0.0342063
03-14 17:36:12 Saved best checkpoint to ./checkpoint\SSF_JNU_0314-173556\best_pt (val_loss=-0.9770)
03-14 17:36:12 Epoch 019 Train loss -0.9808 | Val loss -0.9770
03-14 17:36:12 -----Epoch 20/49-----
03-14 17:36:13 current lr: 0.0327289
03-14 17:36:13 Saved best checkpoint to ./checkpoint\SSF_JNU_0314-173556\best_pt (val_loss=-0.9783)
03-14 17:36:13 Epoch 020 Train loss -0.9818 | Val loss -0.9783
03-14 17:36:13 -----Epoch 21/49-----
03-14 17:36:13 current lr: 0.031221
03-14 17:36:13 Saved best checkpoint to ./checkpoint\SSF_JNU_0314-173556\best_pt (val_loss=-0.9794)
03-14 17:36:13 Epoch 021 Train loss -0.9827 | Val loss -0.9794
03-14 17:36:13 -----Epoch 22/49-----
03-14 17:36:13 current lr: 0.0296886
03-14 17:36:13 Saved best checkpoint to ./checkpoint\SSF_JNU_0314-173556\best_pt (val_loss=-0.9803)
03-14 17:36:13 Epoch 022 Train loss -0.9836 | Val loss -0.9803
03-14 17:36:13 -----Epoch 23/49-----
03-14 17:36:13 current lr: 0.0281377
03-14 17:36:13 Saved best checkpoint to ./checkpoint\SSF_JNU_0314-173556\best_pt (val_loss=-0.9810)
03-14 17:36:13 Epoch 023 Train loss -0.9842 | Val loss -0.9810
03-14 17:36:13 -----Epoch 24/49-----
03-14 17:36:13 current lr: 0.0265744
03-14 17:36:13 Saved best checkpoint to ./checkpoint\SSF_JNU_0314-173556\best_pt (val_loss=-0.9817)
03-14 17:36:13 Epoch 024 Train loss -0.9849 | Val loss -0.9817
03-14 17:36:13 -----Epoch 25/49-----
03-14 17:36:13 current lr: 0.025005
03-14 17:36:13 Saved best checkpoint to ./checkpoint\SSF_JNU_0314-173556\best_pt (val_loss=-0.9822)
03-14 17:36:13 Epoch 025 Train loss -0.9854 | Val loss -0.9822
03-14 17:36:13 -----Epoch 26/49-----
03-14 17:36:13 current lr: 0.0234356
03-14 17:36:13 Saved best checkpoint to ./checkpoint\SSF_JNU_0314-173556\best_pt (val_loss=-0.9827)
03-14 17:36:13 Epoch 026 Train loss -0.9859 | Val loss -0.9827
03-14 17:36:13 -----Epoch 27/49-----
03-14 17:36:13 current lr: 0.0218723
03-14 17:36:13 Saved best checkpoint to ./checkpoint\SSF_JNU_0314-173556\best_pt (val_loss=-0.9831)
03-14 17:36:13 Epoch 027 Train loss -0.9863 | Val loss -0.9831
03-14 17:36:13 -----Epoch 28/49-----
03-14 17:36:13 current lr: 0.0203214
03-14 17:36:13 Saved best checkpoint to ./checkpoint\SSF_JNU_0314-173556\best_pt (val_loss=-0.9835)
03-14 17:36:13 Epoch 028 Train loss -0.9866 | Val loss -0.9835
03-14 17:36:13 -----Epoch 29/49-----
03-14 17:36:13 current lr: 0.018789
03-14 17:36:13 Saved best checkpoint to ./checkpoint\SSF_JNU_0314-173556\best_pt (val_loss=-0.9838)
03-14 17:36:13 Epoch 029 Train loss -0.9868 | Val loss -0.9838
03-14 17:36:13 -----Epoch 30/49-----
03-14 17:36:13 current lr: 0.0172811
03-14 17:36:13 Saved best checkpoint to ./checkpoint\SSF_JNU_0314-173556\best_pt (val_loss=-0.9840)
03-14 17:36:13 Epoch 030 Train loss -0.9871 | Val loss -0.9840
03-14 17:36:13 -----Epoch 31/49-----
03-14 17:36:13 current lr: 0.0158037
03-14 17:36:13 Saved best checkpoint to ./checkpoint\SSF_JNU_0314-173556\best_pt (val_loss=-0.9843)
03-14 17:36:13 Epoch 031 Train loss -0.9873 | Val loss -0.9843
03-14 17:36:13 -----Epoch 32/49-----
03-14 17:36:13 current lr: 0.0143626
03-14 17:36:13 Saved best checkpoint to ./checkpoint\SSF_JNU_0314-173556\best_pt (val_loss=-0.9845)
03-14 17:36:13 Epoch 032 Train loss -0.9876 | Val loss -0.9845
03-14 17:36:13 -----Epoch 33/49-----
03-14 17:36:14 current lr: 0.0129636
03-14 17:36:14 Saved best checkpoint to ./checkpoint\SSF_JNU_0314-173556\best_pt (val_loss=-0.9846)
03-14 17:36:14 Epoch 033 Train loss -0.9877 | Val loss -0.9846
03-14 17:36:14 -----Epoch 34/49-----
03-14 17:36:14 current lr: 0.011612
03-14 17:36:14 Saved best checkpoint to ./checkpoint\SSF_JNU_0314-173556\best_pt (val_loss=-0.9848)
03-14 17:36:14 Epoch 034 Train loss -0.9879 | Val loss -0.9848
03-14 17:36:14 -----Epoch 35/49-----
03-14 17:36:14 current lr: 0.0103133
03-14 17:36:14 Saved best checkpoint to ./checkpoint\SSF_JNU_0314-173556\best_pt (val_loss=-0.9849)
03-14 17:36:14 Epoch 035 Train loss -0.9879 | Val loss -0.9849
03-14 17:36:14 -----Epoch 36/49-----
03-14 17:36:14 current lr: 0.00907259
03-14 17:36:14 Saved best checkpoint to ./checkpoint\SSF_JNU_0314-173556\best_pt (val_loss=-0.9850)
03-14 17:36:14 Epoch 036 Train loss -0.9880 | Val loss -0.9850
03-14 17:36:14 -----Epoch 37/49-----
03-14 17:36:14 current lr: 0.00789475
03-14 17:36:14 Saved best checkpoint to ./checkpoint\SSF_JNU_0314-173556\best_pt (val_loss=-0.9851)
03-14 17:36:14 Epoch 037 Train loss -0.9881 | Val loss -0.9851
03-14 17:36:14 -----Epoch 38/49-----
03-14 17:36:14 current lr: 0.00678443
03-14 17:36:14 Saved best checkpoint to ./checkpoint\SSF_JNU_0314-173556\best_pt (val_loss=-0.9851)
03-14 17:36:14 Epoch 038 Train loss -0.9882 | Val loss -0.9851
03-14 17:36:14 -----Epoch 39/49-----
03-14 17:36:14 current lr: 0.00574602
03-14 17:36:14 Saved best checkpoint to ./checkpoint\SSF_JNU_0314-173556\best_pt (val_loss=-0.9852)
03-14 17:36:14 Epoch 039 Train loss -0.9882 | Val loss -0.9852
03-14 17:36:14 -----Epoch 40/49-----
03-14 17:36:14 current lr: 0.00478362
03-14 17:36:14 Saved best checkpoint to ./checkpoint\SSF_JNU_0314-173556\best_pt (val_loss=-0.9852)
03-14 17:36:14 Epoch 040 Train loss -0.9884 | Val loss -0.9852
03-14 17:36:14 -----Epoch 41/49-----
03-14 17:36:14 current lr: 0.00390102
03-14 17:36:14 Saved best checkpoint to ./checkpoint\SSF_JNU_0314-173556\best_pt (val_loss=-0.9853)
03-14 17:36:14 Epoch 041 Train loss -0.9884 | Val loss -0.9853
03-14 17:36:14 -----Epoch 42/49-----
03-14 17:36:14 current lr: 0.00310171
03-14 17:36:14 Saved best checkpoint to ./checkpoint\SSF_JNU_0314-173556\best_pt (val_loss=-0.9853)
03-14 17:36:14 Epoch 042 Train loss -0.9884 | Val loss -0.9853
03-14 17:36:14 -----Epoch 43/49-----
03-14 17:36:14 current lr: 0.00238885
03-14 17:36:14 Saved best checkpoint to ./checkpoint\SSF_JNU_0314-173556\best_pt (val_loss=-0.9853)
03-14 17:36:14 Epoch 043 Train loss -0.9883 | Val loss -0.9853
03-14 17:36:14 -----Epoch 44/49-----
03-14 17:36:14 current lr: 0.00176524
03-14 17:36:14 Saved best checkpoint to ./checkpoint\SSF_JNU_0314-173556\best_pt (val_loss=-0.9853)
03-14 17:36:14 Epoch 044 Train loss -0.9884 | Val loss -0.9853
03-14 17:36:14 -----Epoch 45/49-----
03-14 17:36:14 current lr: 0.00123334
03-14 17:36:14 Saved best checkpoint to ./checkpoint\SSF_JNU_0314-173556\best_pt (val_loss=-0.9854)
03-14 17:36:14 Epoch 045 Train loss -0.9885 | Val loss -0.9854
03-14 17:36:14 -----Epoch 46/49-----
03-14 17:36:15 current lr: 0.000795264
03-14 17:36:15 Saved best checkpoint to ./checkpoint\SSF_JNU_0314-173556\best_pt (val_loss=-0.9854)
03-14 17:36:15 Epoch 046 Train loss -0.9884 | Val loss -0.9854
03-14 17:36:15 -----Epoch 47/49-----
03-14 17:36:15 current lr: 0.00045273
03-14 17:36:15 Saved best checkpoint to ./checkpoint\SSF_JNU_0314-173556\best_pt (val_loss=-0.9854)
03-14 17:36:15 Epoch 047 Train loss -0.9884 | Val loss -0.9854
03-14 17:36:15 -----Epoch 48/49-----
03-14 17:36:15 current lr: 0.000207093
03-14 17:36:15 Saved best checkpoint to ./checkpoint\SSF_JNU_0314-173556\best_pt (val_loss=-0.9854)
03-14 17:36:15 Epoch 048 Train loss -0.9885 | Val loss -0.9854
03-14 17:36:15 -----Epoch 49/49-----
03-14 17:36:15 current lr: 5.93219e-05
03-14 17:36:15 Saved best checkpoint to ./checkpoint\SSF_JNU_0314-173556\best_pt (val_loss=-0.9854)
03-14 17:36:15 Epoch 049 Train loss -0.9885 | Val loss -0.9854
03-14 17:36:15 TEST (last): loss -0.9437
03-14 17:36:15 Loaded best checkpoint from ./checkpoint\SSF_JNU_0314-173556\best_pt (val_loss=-0.9853830766677857)
03-14 17:36:15 TEST (best): loss -0.9437
03-14 17:36:16 Threshold: 0.6309658869571981
03-14 17:36:16 Binary accuracy: 0.770000
03-14 17:36:16 Confusion matrix:
[[ 94   6]
 [ 86 214]]
03-14 17:36:16 Report:
              precision    recall  f1-score   support

      normal       0.52      0.94      0.67       100
     anomaly       0.97      0.71      0.82       300

    accuracy                           0.77       400
   macro avg       0.75      0.83      0.75       400
weighted avg       0.86      0.77      0.79       400

03-14 17:36:16 Rates: {1: 0.46, 2: 0.95, 3: 0.73}
03-14 17:36:16 [LP epoch 00] train_loss=1.5215 train_acc=0.1250 | val_loss=1.2162 val_acc=0.4700 | 
03-14 17:36:16 [LP epoch 01] train_loss=1.4954 train_acc=0.1750 | val_loss=1.2254 val_acc=0.4300 | 
03-14 17:36:16 [LP epoch 02] train_loss=1.4729 train_acc=0.1500 | val_loss=1.2321 val_acc=0.4100 | 
03-14 17:36:16 [LP epoch 03] train_loss=1.4800 train_acc=0.1750 | val_loss=1.2391 val_acc=0.4000 | 
03-14 17:36:16 [LP epoch 04] train_loss=1.4550 train_acc=0.1500 | val_loss=1.2412 val_acc=0.3900 | 
03-14 17:36:16 [LP epoch 05] train_loss=1.4515 train_acc=0.2750 | val_loss=1.2469 val_acc=0.3800 | 
03-14 17:36:16 [LP epoch 06] train_loss=1.4081 train_acc=0.2500 | val_loss=1.2561 val_acc=0.3400 | 
03-14 17:36:16 [LP epoch 07] train_loss=1.4358 train_acc=0.2750 | val_loss=1.2627 val_acc=0.3300 | 
03-14 17:36:16 [LP epoch 08] train_loss=1.4208 train_acc=0.2500 | val_loss=1.2684 val_acc=0.3000 | 
03-14 17:36:16 [LP epoch 09] train_loss=1.4129 train_acc=0.3000 | val_loss=1.2677 val_acc=0.3200 | 
03-14 17:36:16 [LP epoch 10] train_loss=1.4041 train_acc=0.2750 | val_loss=1.2732 val_acc=0.3100 | 
03-14 17:36:16 [LP epoch 11] train_loss=1.4004 train_acc=0.2750 | val_loss=1.2719 val_acc=0.3500 | 
03-14 17:36:16 [LP epoch 12] train_loss=1.3978 train_acc=0.3000 | val_loss=1.2764 val_acc=0.3500 | 
03-14 17:36:17 [LP epoch 13] train_loss=1.4089 train_acc=0.3000 | val_loss=1.2782 val_acc=0.3700 | 
03-14 17:36:17 [LP epoch 14] train_loss=1.3718 train_acc=0.3000 | val_loss=1.2797 val_acc=0.3800 | 
03-14 17:36:17 [LP epoch 15] train_loss=1.3975 train_acc=0.3000 | val_loss=1.2847 val_acc=0.3800 | 
03-14 17:36:17 [LP epoch 16] train_loss=1.3628 train_acc=0.3250 | val_loss=1.2579 val_acc=0.4200 | 
03-14 17:36:17 [LP epoch 17] train_loss=1.3780 train_acc=0.3500 | val_loss=1.2646 val_acc=0.4100 | 
03-14 17:36:17 [LP epoch 18] train_loss=1.3437 train_acc=0.3750 | val_loss=1.2678 val_acc=0.4100 | 
03-14 17:36:17 [LP epoch 19] train_loss=1.3601 train_acc=0.3000 | val_loss=1.2626 val_acc=0.4400 | 
03-14 17:36:17 [LP epoch 20] train_loss=1.3367 train_acc=0.4000 | val_loss=1.2371 val_acc=0.5000 | 
03-14 17:36:17 [LP epoch 21] train_loss=1.3322 train_acc=0.4500 | val_loss=1.2165 val_acc=0.6100 | 
03-14 17:36:17 [LP epoch 22] train_loss=1.3171 train_acc=0.5000 | val_loss=1.2155 val_acc=0.6200 | 
03-14 17:36:17 [LP epoch 23] train_loss=1.3290 train_acc=0.4500 | val_loss=1.1977 val_acc=0.7100 | 
03-14 17:36:17 [LP epoch 24] train_loss=1.3168 train_acc=0.4250 | val_loss=1.2020 val_acc=0.6900 | 
03-14 17:36:17 [LP epoch 25] train_loss=1.3186 train_acc=0.5000 | val_loss=1.2074 val_acc=0.7100 | 
03-14 17:36:17 [LP epoch 26] train_loss=1.2930 train_acc=0.4750 | val_loss=1.2027 val_acc=0.7300 | 
03-14 17:36:17 [LP epoch 27] train_loss=1.2906 train_acc=0.5000 | val_loss=1.2043 val_acc=0.7400 | 
03-14 17:36:17 [LP epoch 28] train_loss=1.3000 train_acc=0.4750 | val_loss=1.1825 val_acc=0.8000 | 
03-14 17:36:17 [LP epoch 29] train_loss=1.2698 train_acc=0.5000 | val_loss=1.1669 val_acc=0.8300 | 
03-14 17:36:17 [LP epoch 30] train_loss=1.2748 train_acc=0.5000 | val_loss=1.1634 val_acc=0.8300 | 
03-14 17:36:17 [LP epoch 31] train_loss=1.2656 train_acc=0.4500 | val_loss=1.1375 val_acc=0.8800 | 
03-14 17:36:17 [LP epoch 32] train_loss=1.2682 train_acc=0.4750 | val_loss=1.1418 val_acc=0.8700 | 
03-14 17:36:17 [LP epoch 33] train_loss=1.2746 train_acc=0.5000 | val_loss=1.1372 val_acc=0.8700 | 
03-14 17:36:17 [LP epoch 34] train_loss=1.2521 train_acc=0.5000 | val_loss=1.1452 val_acc=0.8500 | 
03-14 17:36:17 [LP epoch 35] train_loss=1.2669 train_acc=0.4750 | val_loss=1.1478 val_acc=0.8300 | 
03-14 17:36:18 [LP epoch 36] train_loss=1.2568 train_acc=0.5250 | val_loss=1.1629 val_acc=0.7800 | 
03-14 17:36:18 [LP epoch 37] train_loss=1.2492 train_acc=0.4750 | val_loss=1.1846 val_acc=0.7700 | 
03-14 17:36:18 [LP epoch 38] train_loss=1.2480 train_acc=0.5500 | val_loss=1.2057 val_acc=0.7500 | 
03-14 17:36:18 [LP epoch 39] train_loss=1.2313 train_acc=0.4250 | val_loss=1.1998 val_acc=0.7600 | 
03-14 17:36:18 [LP epoch 40] train_loss=1.2195 train_acc=0.5750 | val_loss=1.2135 val_acc=0.7200 | 
03-14 17:36:18 [LP epoch 41] train_loss=1.2299 train_acc=0.5250 | val_loss=1.2116 val_acc=0.7200 | 
03-14 17:36:18 [LP epoch 42] train_loss=1.2411 train_acc=0.4750 | val_loss=1.2009 val_acc=0.7300 | 
03-14 17:36:18 [LP epoch 43] train_loss=1.2284 train_acc=0.5000 | val_loss=1.2053 val_acc=0.7400 | 
03-14 17:36:18 [LP epoch 44] train_loss=1.2080 train_acc=0.5500 | val_loss=1.2036 val_acc=0.7300 | 
03-14 17:36:18 [LP epoch 45] train_loss=1.2082 train_acc=0.5750 | val_loss=1.1994 val_acc=0.7200 | 
03-14 17:36:18 [LP epoch 46] train_loss=1.1959 train_acc=0.5000 | val_loss=1.1878 val_acc=0.7500 | 
03-14 17:36:18 [LP epoch 47] train_loss=1.2050 train_acc=0.5250 | val_loss=1.1865 val_acc=0.7600 | 
03-14 17:36:18 [LP epoch 48] train_loss=1.2056 train_acc=0.5000 | val_loss=1.1900 val_acc=0.7500 | 
03-14 17:36:18 [LP epoch 49] train_loss=1.2132 train_acc=0.4750 | val_loss=1.1620 val_acc=0.8100 | 
03-14 17:36:18 Saved linear-probe checkpoint: ./checkpoint\SSF_JNU_0314-173556\linear_probe_best.pt (best_val_acc=0.8800)
03-14 17:36:18 TEST linear-probe: loss=1.2883 acc=0.4875
03-14 17:36:18 ================================================================================
03-14 17:36:18 RUN: aug=('gaussian', 'gaussian') hidden=32 latent=32 blocks=1 seed=2
03-14 17:36:18 model_name: SSF
03-14 17:36:18 data_name: JNU
03-14 17:36:18 aug_1: gaussian
03-14 17:36:18 aug_2: gaussian
03-14 17:36:18 data_view: TwoViewDataset
03-14 17:36:18 data_dir: raw_data/JNU/JNU-Bearing-Dataset-main
03-14 17:36:18 out_channel: 4
03-14 17:36:18 normlizetype: minus_one_one
03-14 17:36:18 processing_type: O_N
03-14 17:36:18 max_epoch: 50
03-14 17:36:18 classifier_epoch: 50
03-14 17:36:18 batch_size: 64
03-14 17:36:18 cuda_device: 0
03-14 17:36:18 checkpoint_dir: ./checkpoint
03-14 17:36:18 opt: sgd
03-14 17:36:18 lr: 0.05
03-14 17:36:18 momentum: 0.9
03-14 17:36:18 weight_decay: 0.0001
03-14 17:36:18 lr_scheduler: cos
03-14 17:36:18 gamma: 0.95
03-14 17:36:18 eta_min: 1e-05
03-14 17:36:18 latent_space: 32
03-14 17:36:18 num_blocks_ssf: 1
03-14 17:36:18 hidden_channel: 32
03-14 17:36:18 per_class_samples: 100
03-14 17:36:18 classifier_samples: 10
03-14 17:36:18 task: self_supervised
03-14 17:36:18 critetion: <class 'utils.loss_SSL.SimSiamLoss'>
03-14 17:36:18 using 1 gpus
03-14 17:36:18 Dataset class: <class 'data_utils.datasets.JNU.JNU'>
03-14 17:36:19 Split sizes: train=100 val=100 test=400, classier=40
03-14 17:36:19 Label counts train: Counter({0: 100})
03-14 17:36:19 Label counts val:   Counter({0: 100})
03-14 17:36:19 Label counts test:  Counter({3: 100, 2: 100, 0: 100, 1: 100})
03-14 17:36:19 Label counts classifier:  Counter({1: 10, 3: 10, 2: 10, 0: 10})
03-14 17:36:19 -----Epoch 0/49-----
03-14 17:36:19 current lr: 0.05
03-14 17:36:19 Saved best checkpoint to ./checkpoint\SSF_JNU_0314-173556\best_pt (val_loss=-0.2054)
03-14 17:36:19 Epoch 000 Train loss -0.1177 | Val loss -0.2054
03-14 17:36:19 -----Epoch 1/49-----
03-14 17:36:20 current lr: 0.0499507
03-14 17:36:20 Saved best checkpoint to ./checkpoint\SSF_JNU_0314-173556\best_pt (val_loss=-0.4335)
03-14 17:36:20 Epoch 001 Train loss -0.4941 | Val loss -0.4335
03-14 17:36:20 -----Epoch 2/49-----
03-14 17:36:20 current lr: 0.0498029
03-14 17:36:20 Saved best checkpoint to ./checkpoint\SSF_JNU_0314-173556\best_pt (val_loss=-0.6567)
03-14 17:36:20 Epoch 002 Train loss -0.7989 | Val loss -0.6567
03-14 17:36:20 -----Epoch 3/49-----
03-14 17:36:20 current lr: 0.0495573
03-14 17:36:20 Saved best checkpoint to ./checkpoint\SSF_JNU_0314-173556\best_pt (val_loss=-0.7943)
03-14 17:36:20 Epoch 003 Train loss -0.9108 | Val loss -0.7943
03-14 17:36:20 -----Epoch 4/49-----
03-14 17:36:20 current lr: 0.0492147
03-14 17:36:20 Saved best checkpoint to ./checkpoint\SSF_JNU_0314-173556\best_pt (val_loss=-0.8617)
03-14 17:36:20 Epoch 004 Train loss -0.9398 | Val loss -0.8617
03-14 17:36:20 -----Epoch 5/49-----
03-14 17:36:20 current lr: 0.0487767
03-14 17:36:20 Saved best checkpoint to ./checkpoint\SSF_JNU_0314-173556\best_pt (val_loss=-0.8954)
03-14 17:36:20 Epoch 005 Train loss -0.9491 | Val loss -0.8954
03-14 17:36:20 -----Epoch 6/49-----
03-14 17:36:20 current lr: 0.0482448
03-14 17:36:20 Saved best checkpoint to ./checkpoint\SSF_JNU_0314-173556\best_pt (val_loss=-0.9163)
03-14 17:36:20 Epoch 006 Train loss -0.9533 | Val loss -0.9163
03-14 17:36:20 -----Epoch 7/49-----
03-14 17:36:20 current lr: 0.0476212
03-14 17:36:20 Saved best checkpoint to ./checkpoint\SSF_JNU_0314-173556\best_pt (val_loss=-0.9302)
03-14 17:36:20 Epoch 007 Train loss -0.9558 | Val loss -0.9302
03-14 17:36:20 -----Epoch 8/49-----
03-14 17:36:20 current lr: 0.0469083
03-14 17:36:20 Saved best checkpoint to ./checkpoint\SSF_JNU_0314-173556\best_pt (val_loss=-0.9390)
03-14 17:36:20 Epoch 008 Train loss -0.9575 | Val loss -0.9390
03-14 17:36:20 -----Epoch 9/49-----
03-14 17:36:20 current lr: 0.046109
03-14 17:36:20 Saved best checkpoint to ./checkpoint\SSF_JNU_0314-173556\best_pt (val_loss=-0.9450)
03-14 17:36:20 Epoch 009 Train loss -0.9594 | Val loss -0.9450
03-14 17:36:20 -----Epoch 10/49-----
03-14 17:36:20 current lr: 0.0452264
03-14 17:36:20 Saved best checkpoint to ./checkpoint\SSF_JNU_0314-173556\best_pt (val_loss=-0.9499)
03-14 17:36:20 Epoch 010 Train loss -0.9614 | Val loss -0.9499
03-14 17:36:20 -----Epoch 11/49-----
03-14 17:36:21 current lr: 0.044264
03-14 17:36:21 Saved best checkpoint to ./checkpoint\SSF_JNU_0314-173556\best_pt (val_loss=-0.9545)
03-14 17:36:21 Epoch 011 Train loss -0.9637 | Val loss -0.9545
03-14 17:36:21 -----Epoch 12/49-----
03-14 17:36:21 current lr: 0.0432256
03-14 17:36:21 Saved best checkpoint to ./checkpoint\SSF_JNU_0314-173556\best_pt (val_loss=-0.9588)
03-14 17:36:21 Epoch 012 Train loss -0.9662 | Val loss -0.9588
03-14 17:36:21 -----Epoch 13/49-----
03-14 17:36:21 current lr: 0.0421153
03-14 17:36:21 Saved best checkpoint to ./checkpoint\SSF_JNU_0314-173556\best_pt (val_loss=-0.9626)
03-14 17:36:21 Epoch 013 Train loss -0.9686 | Val loss -0.9626
03-14 17:36:21 -----Epoch 14/49-----
03-14 17:36:21 current lr: 0.0409374
03-14 17:36:21 Saved best checkpoint to ./checkpoint\SSF_JNU_0314-173556\best_pt (val_loss=-0.9659)
03-14 17:36:21 Epoch 014 Train loss -0.9710 | Val loss -0.9659
03-14 17:36:21 -----Epoch 15/49-----
03-14 17:36:21 current lr: 0.0396967
03-14 17:36:21 Saved best checkpoint to ./checkpoint\SSF_JNU_0314-173556\best_pt (val_loss=-0.9687)
03-14 17:36:21 Epoch 015 Train loss -0.9731 | Val loss -0.9687
03-14 17:36:21 -----Epoch 16/49-----
03-14 17:36:21 current lr: 0.038398
03-14 17:36:21 Saved best checkpoint to ./checkpoint\SSF_JNU_0314-173556\best_pt (val_loss=-0.9710)
03-14 17:36:21 Epoch 016 Train loss -0.9753 | Val loss -0.9710
03-14 17:36:21 -----Epoch 17/49-----
03-14 17:36:21 current lr: 0.0370464
03-14 17:36:21 Saved best checkpoint to ./checkpoint\SSF_JNU_0314-173556\best_pt (val_loss=-0.9729)
03-14 17:36:21 Epoch 017 Train loss -0.9770 | Val loss -0.9729
03-14 17:36:21 -----Epoch 18/49-----
03-14 17:36:21 current lr: 0.0356474
03-14 17:36:21 Saved best checkpoint to ./checkpoint\SSF_JNU_0314-173556\best_pt (val_loss=-0.9746)
03-14 17:36:21 Epoch 018 Train loss -0.9785 | Val loss -0.9746
03-14 17:36:21 -----Epoch 19/49-----
03-14 17:36:21 current lr: 0.0342063
03-14 17:36:21 Saved best checkpoint to ./checkpoint\SSF_JNU_0314-173556\best_pt (val_loss=-0.9761)
03-14 17:36:21 Epoch 019 Train loss -0.9799 | Val loss -0.9761
03-14 17:36:21 -----Epoch 20/49-----
03-14 17:36:21 current lr: 0.0327289
03-14 17:36:21 Saved best checkpoint to ./checkpoint\SSF_JNU_0314-173556\best_pt (val_loss=-0.9773)
03-14 17:36:21 Epoch 020 Train loss -0.9811 | Val loss -0.9773
03-14 17:36:21 -----Epoch 21/49-----
03-14 17:36:21 current lr: 0.031221
03-14 17:36:21 Saved best checkpoint to ./checkpoint\SSF_JNU_0314-173556\best_pt (val_loss=-0.9784)
03-14 17:36:21 Epoch 021 Train loss -0.9819 | Val loss -0.9784
03-14 17:36:21 -----Epoch 22/49-----
03-14 17:36:21 current lr: 0.0296886
03-14 17:36:21 Saved best checkpoint to ./checkpoint\SSF_JNU_0314-173556\best_pt (val_loss=-0.9793)
03-14 17:36:21 Epoch 022 Train loss -0.9828 | Val loss -0.9793
03-14 17:36:21 -----Epoch 23/49-----
03-14 17:36:21 current lr: 0.0281377
03-14 17:36:21 Saved best checkpoint to ./checkpoint\SSF_JNU_0314-173556\best_pt (val_loss=-0.9801)
03-14 17:36:21 Epoch 023 Train loss -0.9835 | Val loss -0.9801
03-14 17:36:21 -----Epoch 24/49-----
03-14 17:36:22 current lr: 0.0265744
03-14 17:36:22 Saved best checkpoint to ./checkpoint\SSF_JNU_0314-173556\best_pt (val_loss=-0.9807)
03-14 17:36:22 Epoch 024 Train loss -0.9841 | Val loss -0.9807
03-14 17:36:22 -----Epoch 25/49-----
03-14 17:36:22 current lr: 0.025005
03-14 17:36:22 Saved best checkpoint to ./checkpoint\SSF_JNU_0314-173556\best_pt (val_loss=-0.9813)
03-14 17:36:22 Epoch 025 Train loss -0.9846 | Val loss -0.9813
03-14 17:36:22 -----Epoch 26/49-----
03-14 17:36:22 current lr: 0.0234356
03-14 17:36:22 Saved best checkpoint to ./checkpoint\SSF_JNU_0314-173556\best_pt (val_loss=-0.9818)
03-14 17:36:22 Epoch 026 Train loss -0.9852 | Val loss -0.9818
03-14 17:36:22 -----Epoch 27/49-----
03-14 17:36:22 current lr: 0.0218723
03-14 17:36:22 Saved best checkpoint to ./checkpoint\SSF_JNU_0314-173556\best_pt (val_loss=-0.9823)
03-14 17:36:22 Epoch 027 Train loss -0.9853 | Val loss -0.9823
03-14 17:36:22 -----Epoch 28/49-----
03-14 17:36:22 current lr: 0.0203214
03-14 17:36:22 Saved best checkpoint to ./checkpoint\SSF_JNU_0314-173556\best_pt (val_loss=-0.9827)
03-14 17:36:22 Epoch 028 Train loss -0.9857 | Val loss -0.9827
03-14 17:36:22 -----Epoch 29/49-----
03-14 17:36:22 current lr: 0.018789
03-14 17:36:22 Saved best checkpoint to ./checkpoint\SSF_JNU_0314-173556\best_pt (val_loss=-0.9830)
03-14 17:36:22 Epoch 029 Train loss -0.9860 | Val loss -0.9830
03-14 17:36:22 -----Epoch 30/49-----
03-14 17:36:22 current lr: 0.0172811
03-14 17:36:22 Saved best checkpoint to ./checkpoint\SSF_JNU_0314-173556\best_pt (val_loss=-0.9833)
03-14 17:36:22 Epoch 030 Train loss -0.9863 | Val loss -0.9833
03-14 17:36:22 -----Epoch 31/49-----
03-14 17:36:22 current lr: 0.0158037
03-14 17:36:22 Saved best checkpoint to ./checkpoint\SSF_JNU_0314-173556\best_pt (val_loss=-0.9835)
03-14 17:36:22 Epoch 031 Train loss -0.9864 | Val loss -0.9835
03-14 17:36:22 -----Epoch 32/49-----
03-14 17:36:22 current lr: 0.0143626
03-14 17:36:22 Saved best checkpoint to ./checkpoint\SSF_JNU_0314-173556\best_pt (val_loss=-0.9838)
03-14 17:36:22 Epoch 032 Train loss -0.9864 | Val loss -0.9838
03-14 17:36:22 -----Epoch 33/49-----
03-14 17:36:22 current lr: 0.0129636
03-14 17:36:22 Saved best checkpoint to ./checkpoint\SSF_JNU_0314-173556\best_pt (val_loss=-0.9839)
03-14 17:36:22 Epoch 033 Train loss -0.9867 | Val loss -0.9839
03-14 17:36:22 -----Epoch 34/49-----
03-14 17:36:22 current lr: 0.011612
03-14 17:36:22 Saved best checkpoint to ./checkpoint\SSF_JNU_0314-173556\best_pt (val_loss=-0.9841)
03-14 17:36:22 Epoch 034 Train loss -0.9869 | Val loss -0.9841
03-14 17:36:22 -----Epoch 35/49-----
03-14 17:36:23 current lr: 0.0103133
03-14 17:36:23 Saved best checkpoint to ./checkpoint\SSF_JNU_0314-173556\best_pt (val_loss=-0.9842)
03-14 17:36:23 Epoch 035 Train loss -0.9869 | Val loss -0.9842
03-14 17:36:23 -----Epoch 36/49-----
03-14 17:36:23 current lr: 0.00907259
03-14 17:36:23 Saved best checkpoint to ./checkpoint\SSF_JNU_0314-173556\best_pt (val_loss=-0.9843)
03-14 17:36:23 Epoch 036 Train loss -0.9871 | Val loss -0.9843
03-14 17:36:23 -----Epoch 37/49-----
03-14 17:36:23 current lr: 0.00789475
03-14 17:36:23 Saved best checkpoint to ./checkpoint\SSF_JNU_0314-173556\best_pt (val_loss=-0.9845)
03-14 17:36:23 Epoch 037 Train loss -0.9871 | Val loss -0.9845
03-14 17:36:23 -----Epoch 38/49-----
03-14 17:36:23 current lr: 0.00678443
03-14 17:36:23 Saved best checkpoint to ./checkpoint\SSF_JNU_0314-173556\best_pt (val_loss=-0.9845)
03-14 17:36:23 Epoch 038 Train loss -0.9873 | Val loss -0.9845
03-14 17:36:23 -----Epoch 39/49-----
03-14 17:36:23 current lr: 0.00574602
03-14 17:36:23 Saved best checkpoint to ./checkpoint\SSF_JNU_0314-173556\best_pt (val_loss=-0.9846)
03-14 17:36:23 Epoch 039 Train loss -0.9873 | Val loss -0.9846
03-14 17:36:23 -----Epoch 40/49-----
03-14 17:36:23 current lr: 0.00478362
03-14 17:36:23 Saved best checkpoint to ./checkpoint\SSF_JNU_0314-173556\best_pt (val_loss=-0.9847)
03-14 17:36:23 Epoch 040 Train loss -0.9872 | Val loss -0.9847
03-14 17:36:23 -----Epoch 41/49-----
03-14 17:36:23 current lr: 0.00390102
03-14 17:36:23 Saved best checkpoint to ./checkpoint\SSF_JNU_0314-173556\best_pt (val_loss=-0.9847)
03-14 17:36:23 Epoch 041 Train loss -0.9874 | Val loss -0.9847
03-14 17:36:23 -----Epoch 42/49-----
03-14 17:36:23 current lr: 0.00310171
03-14 17:36:23 Saved best checkpoint to ./checkpoint\SSF_JNU_0314-173556\best_pt (val_loss=-0.9848)
03-14 17:36:23 Epoch 042 Train loss -0.9875 | Val loss -0.9848
03-14 17:36:23 -----Epoch 43/49-----
03-14 17:36:23 current lr: 0.00238885
03-14 17:36:23 Saved best checkpoint to ./checkpoint\SSF_JNU_0314-173556\best_pt (val_loss=-0.9848)
03-14 17:36:23 Epoch 043 Train loss -0.9875 | Val loss -0.9848
03-14 17:36:23 -----Epoch 44/49-----
03-14 17:36:23 current lr: 0.00176524
03-14 17:36:23 Saved best checkpoint to ./checkpoint\SSF_JNU_0314-173556\best_pt (val_loss=-0.9848)
03-14 17:36:23 Epoch 044 Train loss -0.9874 | Val loss -0.9848
03-14 17:36:23 -----Epoch 45/49-----
03-14 17:36:23 current lr: 0.00123334
03-14 17:36:23 Saved best checkpoint to ./checkpoint\SSF_JNU_0314-173556\best_pt (val_loss=-0.9848)
03-14 17:36:23 Epoch 045 Train loss -0.9875 | Val loss -0.9848
03-14 17:36:23 -----Epoch 46/49-----
03-14 17:36:23 current lr: 0.000795264
03-14 17:36:23 Saved best checkpoint to ./checkpoint\SSF_JNU_0314-173556\best_pt (val_loss=-0.9848)
03-14 17:36:23 Epoch 046 Train loss -0.9874 | Val loss -0.9848
03-14 17:36:23 -----Epoch 47/49-----
03-14 17:36:23 current lr: 0.00045273
03-14 17:36:23 Saved best checkpoint to ./checkpoint\SSF_JNU_0314-173556\best_pt (val_loss=-0.9849)
03-14 17:36:23 Epoch 047 Train loss -0.9875 | Val loss -0.9849
03-14 17:36:23 -----Epoch 48/49-----
03-14 17:36:23 current lr: 0.000207093
03-14 17:36:24 Saved best checkpoint to ./checkpoint\SSF_JNU_0314-173556\best_pt (val_loss=-0.9849)
03-14 17:36:24 Epoch 048 Train loss -0.9875 | Val loss -0.9849
03-14 17:36:24 -----Epoch 49/49-----
03-14 17:36:24 current lr: 5.93219e-05
03-14 17:36:24 Saved best checkpoint to ./checkpoint\SSF_JNU_0314-173556\best_pt (val_loss=-0.9849)
03-14 17:36:24 Epoch 049 Train loss -0.9874 | Val loss -0.9849
03-14 17:36:24 TEST (last): loss -0.9451
03-14 17:36:24 Loaded best checkpoint from ./checkpoint\SSF_JNU_0314-173556\best_pt (val_loss=-0.9848718595504761)
03-14 17:36:24 TEST (best): loss -0.9451
03-14 17:36:25 Threshold: 0.6272771569248454
03-14 17:36:25 Binary accuracy: 0.775000
03-14 17:36:25 Confusion matrix:
[[ 92   8]
 [ 82 218]]
03-14 17:36:25 Report:
              precision    recall  f1-score   support

      normal       0.53      0.92      0.67       100
     anomaly       0.96      0.73      0.83       300

    accuracy                           0.78       400
   macro avg       0.75      0.82      0.75       400
weighted avg       0.86      0.78      0.79       400

03-14 17:36:25 Rates: {1: 0.45, 2: 0.97, 3: 0.76}
03-14 17:36:25 [LP epoch 00] train_loss=1.4252 train_acc=0.3250 | val_loss=1.3213 val_acc=0.6100 | 
03-14 17:36:25 [LP epoch 01] train_loss=1.3985 train_acc=0.3500 | val_loss=1.3296 val_acc=0.6400 | 
03-14 17:36:25 [LP epoch 02] train_loss=1.3927 train_acc=0.3750 | val_loss=1.3298 val_acc=0.6400 | 
03-14 17:36:25 [LP epoch 03] train_loss=1.3840 train_acc=0.3500 | val_loss=1.3286 val_acc=0.6500 | 
03-14 17:36:25 [LP epoch 04] train_loss=1.3805 train_acc=0.3750 | val_loss=1.3226 val_acc=0.6500 | 
03-14 17:36:25 [LP epoch 05] train_loss=1.3650 train_acc=0.4000 | val_loss=1.3090 val_acc=0.7000 | 
03-14 17:36:25 [LP epoch 06] train_loss=1.3382 train_acc=0.4000 | val_loss=1.3086 val_acc=0.6800 | 
03-14 17:36:25 [LP epoch 07] train_loss=1.3783 train_acc=0.4250 | val_loss=1.2921 val_acc=0.7300 | 
03-14 17:36:25 [LP epoch 08] train_loss=1.3500 train_acc=0.4250 | val_loss=1.2682 val_acc=0.7500 | 
03-14 17:36:26 [LP epoch 09] train_loss=1.3603 train_acc=0.4250 | val_loss=1.2533 val_acc=0.7500 | 
03-14 17:36:26 [LP epoch 10] train_loss=1.3290 train_acc=0.4500 | val_loss=1.2364 val_acc=0.7500 | 
03-14 17:36:26 [LP epoch 11] train_loss=1.3239 train_acc=0.4000 | val_loss=1.2073 val_acc=0.7500 | 
03-14 17:36:26 [LP epoch 12] train_loss=1.3233 train_acc=0.4250 | val_loss=1.1993 val_acc=0.7500 | 
03-14 17:36:26 [LP epoch 13] train_loss=1.3703 train_acc=0.3750 | val_loss=1.1605 val_acc=0.7600 | 
03-14 17:36:26 [LP epoch 14] train_loss=1.3175 train_acc=0.4250 | val_loss=1.1465 val_acc=0.7600 | 
03-14 17:36:26 [LP epoch 15] train_loss=1.3160 train_acc=0.4500 | val_loss=1.1421 val_acc=0.7500 | 
03-14 17:36:26 [LP epoch 16] train_loss=1.3094 train_acc=0.4500 | val_loss=1.1322 val_acc=0.7400 | 
03-14 17:36:26 [LP epoch 17] train_loss=1.2975 train_acc=0.4500 | val_loss=1.1334 val_acc=0.7200 | 
03-14 17:36:26 [LP epoch 18] train_loss=1.3170 train_acc=0.4000 | val_loss=1.1436 val_acc=0.7200 | 
03-14 17:36:26 [LP epoch 19] train_loss=1.2920 train_acc=0.4000 | val_loss=1.1254 val_acc=0.7200 | 
03-14 17:36:26 [LP epoch 20] train_loss=1.2929 train_acc=0.4250 | val_loss=1.1205 val_acc=0.7300 | 
03-14 17:36:26 [LP epoch 21] train_loss=1.2866 train_acc=0.4500 | val_loss=1.1156 val_acc=0.7300 | 
03-14 17:36:26 [LP epoch 22] train_loss=1.3046 train_acc=0.4250 | val_loss=1.1117 val_acc=0.7200 | 
03-14 17:36:26 [LP epoch 23] train_loss=1.2621 train_acc=0.4500 | val_loss=1.1229 val_acc=0.7200 | 
03-14 17:36:26 [LP epoch 24] train_loss=1.2934 train_acc=0.4250 | val_loss=1.1258 val_acc=0.7000 | 
03-14 17:36:26 [LP epoch 25] train_loss=1.2734 train_acc=0.4250 | val_loss=1.1096 val_acc=0.7100 | 
03-14 17:36:26 [LP epoch 26] train_loss=1.2668 train_acc=0.4500 | val_loss=1.1066 val_acc=0.7100 | 
03-14 17:36:26 [LP epoch 27] train_loss=1.2751 train_acc=0.4250 | val_loss=1.1064 val_acc=0.7100 | 
03-14 17:36:26 [LP epoch 28] train_loss=1.2622 train_acc=0.4250 | val_loss=1.1116 val_acc=0.6900 | 
03-14 17:36:26 [LP epoch 29] train_loss=1.2596 train_acc=0.4500 | val_loss=1.1207 val_acc=0.6800 | 
03-14 17:36:26 [LP epoch 30] train_loss=1.2533 train_acc=0.4250 | val_loss=1.1118 val_acc=0.6800 | 
03-14 17:36:26 [LP epoch 31] train_loss=1.2615 train_acc=0.4000 | val_loss=1.0836 val_acc=0.7000 | 
03-14 17:36:26 [LP epoch 32] train_loss=1.2492 train_acc=0.4500 | val_loss=1.0862 val_acc=0.6900 | 
03-14 17:36:26 [LP epoch 33] train_loss=1.2549 train_acc=0.4250 | val_loss=1.0956 val_acc=0.6800 | 
03-14 17:36:26 [LP epoch 34] train_loss=1.2617 train_acc=0.4500 | val_loss=1.1039 val_acc=0.6800 | 
03-14 17:36:26 [LP epoch 35] train_loss=1.2359 train_acc=0.4750 | val_loss=1.1112 val_acc=0.6600 | 
03-14 17:36:27 [LP epoch 36] train_loss=1.2431 train_acc=0.4500 | val_loss=1.1137 val_acc=0.6500 | 
03-14 17:36:27 [LP epoch 37] train_loss=1.2313 train_acc=0.4500 | val_loss=1.1087 val_acc=0.6400 | 
03-14 17:36:27 [LP epoch 38] train_loss=1.2546 train_acc=0.4000 | val_loss=1.1216 val_acc=0.6200 | 
03-14 17:36:27 [LP epoch 39] train_loss=1.2410 train_acc=0.4500 | val_loss=1.1110 val_acc=0.6200 | 
03-14 17:36:27 [LP epoch 40] train_loss=1.2247 train_acc=0.4500 | val_loss=1.1118 val_acc=0.6100 | 
03-14 17:36:27 [LP epoch 41] train_loss=1.2371 train_acc=0.4750 | val_loss=1.1245 val_acc=0.5900 | 
03-14 17:36:27 [LP epoch 42] train_loss=1.2204 train_acc=0.4500 | val_loss=1.1341 val_acc=0.5800 | 
03-14 17:36:27 [LP epoch 43] train_loss=1.2568 train_acc=0.4750 | val_loss=1.0987 val_acc=0.5900 | 
03-14 17:36:27 [LP epoch 44] train_loss=1.2217 train_acc=0.4500 | val_loss=1.1070 val_acc=0.5900 | 
03-14 17:36:27 [LP epoch 45] train_loss=1.2631 train_acc=0.4500 | val_loss=1.0616 val_acc=0.6500 | 
03-14 17:36:27 [LP epoch 46] train_loss=1.2312 train_acc=0.4500 | val_loss=1.0797 val_acc=0.6000 | 
03-14 17:36:27 [LP epoch 47] train_loss=1.2075 train_acc=0.4750 | val_loss=1.0719 val_acc=0.6000 | 
03-14 17:36:27 [LP epoch 48] train_loss=1.2013 train_acc=0.4500 | val_loss=1.0885 val_acc=0.6000 | 
03-14 17:36:27 [LP epoch 49] train_loss=1.2104 train_acc=0.4500 | val_loss=1.0822 val_acc=0.6000 | 
03-14 17:36:27 Saved linear-probe checkpoint: ./checkpoint\SSF_JNU_0314-173556\linear_probe_best.pt (best_val_acc=0.7600)
03-14 17:36:27 TEST linear-probe: loss=1.2032 acc=0.5200
03-14 17:36:27 ================================================================================
03-14 17:36:27 RUN: aug=('gaussian', 'gaussian') hidden=32 latent=32 blocks=2 seed=0
03-14 17:36:27 model_name: SSF
03-14 17:36:27 data_name: JNU
03-14 17:36:27 aug_1: gaussian
03-14 17:36:27 aug_2: gaussian
03-14 17:36:27 data_view: TwoViewDataset
03-14 17:36:27 data_dir: raw_data/JNU/JNU-Bearing-Dataset-main
03-14 17:36:27 out_channel: 4
03-14 17:36:27 normlizetype: minus_one_one
03-14 17:36:27 processing_type: O_N
03-14 17:36:27 max_epoch: 50
03-14 17:36:27 classifier_epoch: 50
03-14 17:36:27 batch_size: 64
03-14 17:36:27 cuda_device: 0
03-14 17:36:27 checkpoint_dir: ./checkpoint
03-14 17:36:27 opt: sgd
03-14 17:36:27 lr: 0.05
03-14 17:36:27 momentum: 0.9
03-14 17:36:27 weight_decay: 0.0001
03-14 17:36:27 lr_scheduler: cos
03-14 17:36:27 gamma: 0.95
03-14 17:36:27 eta_min: 1e-05
03-14 17:36:27 latent_space: 32
03-14 17:36:27 num_blocks_ssf: 2
03-14 17:36:27 hidden_channel: 32
03-14 17:36:27 per_class_samples: 100
03-14 17:36:27 classifier_samples: 10
03-14 17:36:27 task: self_supervised
03-14 17:36:27 critetion: <class 'utils.loss_SSL.SimSiamLoss'>
03-14 17:36:27 using 1 gpus
03-14 17:36:27 Dataset class: <class 'data_utils.datasets.JNU.JNU'>
03-14 17:36:28 Split sizes: train=100 val=100 test=400, classier=40
03-14 17:36:28 Label counts train: Counter({0: 100})
03-14 17:36:28 Label counts val:   Counter({0: 100})
03-14 17:36:28 Label counts test:  Counter({3: 100, 2: 100, 0: 100, 1: 100})
03-14 17:36:28 Label counts classifier:  Counter({2: 10, 0: 10, 3: 10, 1: 10})
03-14 17:36:28 -----Epoch 0/49-----
03-14 17:36:28 current lr: 0.05
03-14 17:36:28 Saved best checkpoint to ./checkpoint\SSF_JNU_0314-173556\best_pt (val_loss=-0.2050)
03-14 17:36:28 Epoch 000 Train loss -0.2150 | Val loss -0.2050
03-14 17:36:28 -----Epoch 1/49-----
03-14 17:36:29 current lr: 0.0499507
03-14 17:36:29 Saved best checkpoint to ./checkpoint\SSF_JNU_0314-173556\best_pt (val_loss=-0.5575)
03-14 17:36:29 Epoch 001 Train loss -0.5958 | Val loss -0.5575
03-14 17:36:29 -----Epoch 2/49-----
03-14 17:36:29 current lr: 0.0498029
03-14 17:36:29 Saved best checkpoint to ./checkpoint\SSF_JNU_0314-173556\best_pt (val_loss=-0.7007)
03-14 17:36:29 Epoch 002 Train loss -0.8396 | Val loss -0.7007
03-14 17:36:29 -----Epoch 3/49-----
03-14 17:36:29 current lr: 0.0495573
03-14 17:36:29 Saved best checkpoint to ./checkpoint\SSF_JNU_0314-173556\best_pt (val_loss=-0.7809)
03-14 17:36:29 Epoch 003 Train loss -0.9179 | Val loss -0.7809
03-14 17:36:29 -----Epoch 4/49-----
03-14 17:36:29 current lr: 0.0492147
03-14 17:36:29 Saved best checkpoint to ./checkpoint\SSF_JNU_0314-173556\best_pt (val_loss=-0.8327)
03-14 17:36:29 Epoch 004 Train loss -0.9436 | Val loss -0.8327
03-14 17:36:29 -----Epoch 5/49-----
03-14 17:36:29 current lr: 0.0487767
03-14 17:36:29 Saved best checkpoint to ./checkpoint\SSF_JNU_0314-173556\best_pt (val_loss=-0.8719)
03-14 17:36:29 Epoch 005 Train loss -0.9533 | Val loss -0.8719
03-14 17:36:29 -----Epoch 6/49-----
03-14 17:36:29 current lr: 0.0482448
03-14 17:36:29 Saved best checkpoint to ./checkpoint\SSF_JNU_0314-173556\best_pt (val_loss=-0.9032)
03-14 17:36:29 Epoch 006 Train loss -0.9582 | Val loss -0.9032
03-14 17:36:29 -----Epoch 7/49-----
03-14 17:36:29 current lr: 0.0476212
03-14 17:36:29 Saved best checkpoint to ./checkpoint\SSF_JNU_0314-173556\best_pt (val_loss=-0.9273)
03-14 17:36:29 Epoch 007 Train loss -0.9615 | Val loss -0.9273
03-14 17:36:29 -----Epoch 8/49-----
03-14 17:36:29 current lr: 0.0469083
03-14 17:36:29 Saved best checkpoint to ./checkpoint\SSF_JNU_0314-173556\best_pt (val_loss=-0.9438)
03-14 17:36:29 Epoch 008 Train loss -0.9641 | Val loss -0.9438
03-14 17:36:29 -----Epoch 9/49-----
03-14 17:36:29 current lr: 0.046109
03-14 17:36:29 Saved best checkpoint to ./checkpoint\SSF_JNU_0314-173556\best_pt (val_loss=-0.9544)
03-14 17:36:29 Epoch 009 Train loss -0.9664 | Val loss -0.9544
03-14 17:36:29 -----Epoch 10/49-----
03-14 17:36:29 current lr: 0.0452264
03-14 17:36:29 Saved best checkpoint to ./checkpoint\SSF_JNU_0314-173556\best_pt (val_loss=-0.9609)
03-14 17:36:29 Epoch 010 Train loss -0.9686 | Val loss -0.9609
03-14 17:36:29 -----Epoch 11/49-----
03-14 17:36:29 current lr: 0.044264
03-14 17:36:29 Saved best checkpoint to ./checkpoint\SSF_JNU_0314-173556\best_pt (val_loss=-0.9655)
03-14 17:36:29 Epoch 011 Train loss -0.9707 | Val loss -0.9655
03-14 17:36:29 -----Epoch 12/49-----
03-14 17:36:29 current lr: 0.0432256
03-14 17:36:29 Saved best checkpoint to ./checkpoint\SSF_JNU_0314-173556\best_pt (val_loss=-0.9691)
03-14 17:36:29 Epoch 012 Train loss -0.9726 | Val loss -0.9691
03-14 17:36:29 -----Epoch 13/49-----
03-14 17:36:29 current lr: 0.0421153
03-14 17:36:29 Saved best checkpoint to ./checkpoint\SSF_JNU_0314-173556\best_pt (val_loss=-0.9719)
03-14 17:36:29 Epoch 013 Train loss -0.9746 | Val loss -0.9719
03-14 17:36:29 -----Epoch 14/49-----
03-14 17:36:29 current lr: 0.0409374
03-14 17:36:29 Saved best checkpoint to ./checkpoint\SSF_JNU_0314-173556\best_pt (val_loss=-0.9740)
03-14 17:36:29 Epoch 014 Train loss -0.9762 | Val loss -0.9740
03-14 17:36:29 -----Epoch 15/49-----
03-14 17:36:30 current lr: 0.0396967
03-14 17:36:30 Saved best checkpoint to ./checkpoint\SSF_JNU_0314-173556\best_pt (val_loss=-0.9757)
03-14 17:36:30 Epoch 015 Train loss -0.9779 | Val loss -0.9757
03-14 17:36:30 -----Epoch 16/49-----
03-14 17:36:30 current lr: 0.038398
03-14 17:36:30 Saved best checkpoint to ./checkpoint\SSF_JNU_0314-173556\best_pt (val_loss=-0.9770)
03-14 17:36:30 Epoch 016 Train loss -0.9792 | Val loss -0.9770
03-14 17:36:30 -----Epoch 17/49-----
03-14 17:36:30 current lr: 0.0370464
03-14 17:36:30 Saved best checkpoint to ./checkpoint\SSF_JNU_0314-173556\best_pt (val_loss=-0.9782)
03-14 17:36:30 Epoch 017 Train loss -0.9804 | Val loss -0.9782
03-14 17:36:30 -----Epoch 18/49-----
03-14 17:36:30 current lr: 0.0356474
03-14 17:36:30 Saved best checkpoint to ./checkpoint\SSF_JNU_0314-173556\best_pt (val_loss=-0.9791)
03-14 17:36:30 Epoch 018 Train loss -0.9814 | Val loss -0.9791
03-14 17:36:30 -----Epoch 19/49-----
03-14 17:36:30 current lr: 0.0342063
03-14 17:36:30 Saved best checkpoint to ./checkpoint\SSF_JNU_0314-173556\best_pt (val_loss=-0.9799)
03-14 17:36:30 Epoch 019 Train loss -0.9824 | Val loss -0.9799
03-14 17:36:30 -----Epoch 20/49-----
03-14 17:36:30 current lr: 0.0327289
03-14 17:36:30 Saved best checkpoint to ./checkpoint\SSF_JNU_0314-173556\best_pt (val_loss=-0.9806)
03-14 17:36:30 Epoch 020 Train loss -0.9829 | Val loss -0.9806
03-14 17:36:30 -----Epoch 21/49-----
03-14 17:36:30 current lr: 0.031221
03-14 17:36:30 Saved best checkpoint to ./checkpoint\SSF_JNU_0314-173556\best_pt (val_loss=-0.9811)
03-14 17:36:30 Epoch 021 Train loss -0.9837 | Val loss -0.9811
03-14 17:36:30 -----Epoch 22/49-----
03-14 17:36:30 current lr: 0.0296886
03-14 17:36:30 Saved best checkpoint to ./checkpoint\SSF_JNU_0314-173556\best_pt (val_loss=-0.9816)
03-14 17:36:30 Epoch 022 Train loss -0.9841 | Val loss -0.9816
03-14 17:36:30 -----Epoch 23/49-----
03-14 17:36:30 current lr: 0.0281377
03-14 17:36:30 Saved best checkpoint to ./checkpoint\SSF_JNU_0314-173556\best_pt (val_loss=-0.9821)
03-14 17:36:30 Epoch 023 Train loss -0.9845 | Val loss -0.9821
03-14 17:36:30 -----Epoch 24/49-----
03-14 17:36:30 current lr: 0.0265744
03-14 17:36:30 Saved best checkpoint to ./checkpoint\SSF_JNU_0314-173556\best_pt (val_loss=-0.9824)
03-14 17:36:30 Epoch 024 Train loss -0.9849 | Val loss -0.9824
03-14 17:36:30 -----Epoch 25/49-----
03-14 17:36:30 current lr: 0.025005
03-14 17:36:30 Saved best checkpoint to ./checkpoint\SSF_JNU_0314-173556\best_pt (val_loss=-0.9827)
03-14 17:36:30 Epoch 025 Train loss -0.9853 | Val loss -0.9827
03-14 17:36:30 -----Epoch 26/49-----
03-14 17:36:31 current lr: 0.0234356
03-14 17:36:31 Saved best checkpoint to ./checkpoint\SSF_JNU_0314-173556\best_pt (val_loss=-0.9830)
03-14 17:36:31 Epoch 026 Train loss -0.9855 | Val loss -0.9830
03-14 17:36:31 -----Epoch 27/49-----
03-14 17:36:31 current lr: 0.0218723
03-14 17:36:31 Saved best checkpoint to ./checkpoint\SSF_JNU_0314-173556\best_pt (val_loss=-0.9833)
03-14 17:36:31 Epoch 027 Train loss -0.9858 | Val loss -0.9833
03-14 17:36:31 -----Epoch 28/49-----
03-14 17:36:31 current lr: 0.0203214
03-14 17:36:31 Saved best checkpoint to ./checkpoint\SSF_JNU_0314-173556\best_pt (val_loss=-0.9835)
03-14 17:36:31 Epoch 028 Train loss -0.9859 | Val loss -0.9835
03-14 17:36:31 -----Epoch 29/49-----
03-14 17:36:31 current lr: 0.018789
03-14 17:36:31 Saved best checkpoint to ./checkpoint\SSF_JNU_0314-173556\best_pt (val_loss=-0.9837)
03-14 17:36:31 Epoch 029 Train loss -0.9861 | Val loss -0.9837
03-14 17:36:31 -----Epoch 30/49-----
03-14 17:36:31 current lr: 0.0172811
03-14 17:36:31 Saved best checkpoint to ./checkpoint\SSF_JNU_0314-173556\best_pt (val_loss=-0.9839)
03-14 17:36:31 Epoch 030 Train loss -0.9864 | Val loss -0.9839
03-14 17:36:31 -----Epoch 31/49-----
03-14 17:36:31 current lr: 0.0158037
03-14 17:36:31 Saved best checkpoint to ./checkpoint\SSF_JNU_0314-173556\best_pt (val_loss=-0.9840)
03-14 17:36:31 Epoch 031 Train loss -0.9865 | Val loss -0.9840
03-14 17:36:31 -----Epoch 32/49-----
03-14 17:36:31 current lr: 0.0143626
03-14 17:36:31 Saved best checkpoint to ./checkpoint\SSF_JNU_0314-173556\best_pt (val_loss=-0.9842)
03-14 17:36:31 Epoch 032 Train loss -0.9866 | Val loss -0.9842
03-14 17:36:31 -----Epoch 33/49-----
03-14 17:36:31 current lr: 0.0129636
03-14 17:36:31 Saved best checkpoint to ./checkpoint\SSF_JNU_0314-173556\best_pt (val_loss=-0.9843)
03-14 17:36:31 Epoch 033 Train loss -0.9867 | Val loss -0.9843
03-14 17:36:31 -----Epoch 34/49-----
03-14 17:36:31 current lr: 0.011612
03-14 17:36:31 Saved best checkpoint to ./checkpoint\SSF_JNU_0314-173556\best_pt (val_loss=-0.9844)
03-14 17:36:31 Epoch 034 Train loss -0.9867 | Val loss -0.9844
03-14 17:36:31 -----Epoch 35/49-----
03-14 17:36:31 current lr: 0.0103133
03-14 17:36:31 Saved best checkpoint to ./checkpoint\SSF_JNU_0314-173556\best_pt (val_loss=-0.9845)
03-14 17:36:31 Epoch 035 Train loss -0.9869 | Val loss -0.9845
03-14 17:36:31 -----Epoch 36/49-----
03-14 17:36:31 current lr: 0.00907259
03-14 17:36:31 Saved best checkpoint to ./checkpoint\SSF_JNU_0314-173556\best_pt (val_loss=-0.9846)
03-14 17:36:31 Epoch 036 Train loss -0.9870 | Val loss -0.9846
03-14 17:36:31 -----Epoch 37/49-----
03-14 17:36:31 current lr: 0.00789475
03-14 17:36:31 Saved best checkpoint to ./checkpoint\SSF_JNU_0314-173556\best_pt (val_loss=-0.9847)
03-14 17:36:31 Epoch 037 Train loss -0.9869 | Val loss -0.9847
03-14 17:36:31 -----Epoch 38/49-----
03-14 17:36:32 current lr: 0.00678443
03-14 17:36:32 Saved best checkpoint to ./checkpoint\SSF_JNU_0314-173556\best_pt (val_loss=-0.9848)
03-14 17:36:32 Epoch 038 Train loss -0.9869 | Val loss -0.9848
03-14 17:36:32 -----Epoch 39/49-----
03-14 17:36:32 current lr: 0.00574602
03-14 17:36:32 Saved best checkpoint to ./checkpoint\SSF_JNU_0314-173556\best_pt (val_loss=-0.9848)
03-14 17:36:32 Epoch 039 Train loss -0.9871 | Val loss -0.9848
03-14 17:36:32 -----Epoch 40/49-----
03-14 17:36:32 current lr: 0.00478362
03-14 17:36:32 Saved best checkpoint to ./checkpoint\SSF_JNU_0314-173556\best_pt (val_loss=-0.9849)
03-14 17:36:32 Epoch 040 Train loss -0.9870 | Val loss -0.9849
03-14 17:36:32 -----Epoch 41/49-----
03-14 17:36:32 current lr: 0.00390102
03-14 17:36:32 Saved best checkpoint to ./checkpoint\SSF_JNU_0314-173556\best_pt (val_loss=-0.9849)
03-14 17:36:32 Epoch 041 Train loss -0.9871 | Val loss -0.9849
03-14 17:36:32 -----Epoch 42/49-----
03-14 17:36:32 current lr: 0.00310171
03-14 17:36:32 Saved best checkpoint to ./checkpoint\SSF_JNU_0314-173556\best_pt (val_loss=-0.9849)
03-14 17:36:32 Epoch 042 Train loss -0.9872 | Val loss -0.9849
03-14 17:36:32 -----Epoch 43/49-----
03-14 17:36:32 current lr: 0.00238885
03-14 17:36:32 Saved best checkpoint to ./checkpoint\SSF_JNU_0314-173556\best_pt (val_loss=-0.9849)
03-14 17:36:32 Epoch 043 Train loss -0.9871 | Val loss -0.9849
03-14 17:36:32 -----Epoch 44/49-----
03-14 17:36:32 current lr: 0.00176524
03-14 17:36:32 Saved best checkpoint to ./checkpoint\SSF_JNU_0314-173556\best_pt (val_loss=-0.9850)
03-14 17:36:32 Epoch 044 Train loss -0.9872 | Val loss -0.9850
03-14 17:36:32 -----Epoch 45/49-----
03-14 17:36:32 current lr: 0.00123334
03-14 17:36:32 Saved best checkpoint to ./checkpoint\SSF_JNU_0314-173556\best_pt (val_loss=-0.9850)
03-14 17:36:32 Epoch 045 Train loss -0.9873 | Val loss -0.9850
03-14 17:36:32 -----Epoch 46/49-----
03-14 17:36:32 current lr: 0.000795264
03-14 17:36:32 Saved best checkpoint to ./checkpoint\SSF_JNU_0314-173556\best_pt (val_loss=-0.9850)
03-14 17:36:32 Epoch 046 Train loss -0.9872 | Val loss -0.9850
03-14 17:36:32 -----Epoch 47/49-----
03-14 17:36:32 current lr: 0.00045273
03-14 17:36:32 Saved best checkpoint to ./checkpoint\SSF_JNU_0314-173556\best_pt (val_loss=-0.9850)
03-14 17:36:32 Epoch 047 Train loss -0.9873 | Val loss -0.9850
03-14 17:36:32 -----Epoch 48/49-----
03-14 17:36:32 current lr: 0.000207093
03-14 17:36:32 Saved best checkpoint to ./checkpoint\SSF_JNU_0314-173556\best_pt (val_loss=-0.9850)
03-14 17:36:32 Epoch 048 Train loss -0.9872 | Val loss -0.9850
03-14 17:36:32 -----Epoch 49/49-----
03-14 17:36:32 current lr: 5.93219e-05
03-14 17:36:32 Saved best checkpoint to ./checkpoint\SSF_JNU_0314-173556\best_pt (val_loss=-0.9850)
03-14 17:36:32 Epoch 049 Train loss -0.9873 | Val loss -0.9850
03-14 17:36:33 TEST (last): loss -0.9588
03-14 17:36:33 Loaded best checkpoint from ./checkpoint\SSF_JNU_0314-173556\best_pt (val_loss=-0.9849972581863403)
03-14 17:36:33 TEST (best): loss -0.9588
03-14 17:36:34 Threshold: 0.6128961186908375
03-14 17:36:34 Binary accuracy: 0.795000
03-14 17:36:34 Confusion matrix:
[[ 94   6]
 [ 76 224]]
03-14 17:36:34 Report:
              precision    recall  f1-score   support

      normal       0.55      0.94      0.70       100
     anomaly       0.97      0.75      0.85       300

    accuracy                           0.80       400
   macro avg       0.76      0.84      0.77       400
weighted avg       0.87      0.80      0.81       400

03-14 17:36:34 Rates: {1: 0.45, 2: 0.98, 3: 0.81}
03-14 17:36:34 [LP epoch 00] train_loss=1.4507 train_acc=0.2500 | val_loss=1.5458 val_acc=0.0000 | 
03-14 17:36:34 [LP epoch 01] train_loss=1.4411 train_acc=0.2500 | val_loss=1.5475 val_acc=0.0000 | 
03-14 17:36:34 [LP epoch 02] train_loss=1.4257 train_acc=0.2250 | val_loss=1.5481 val_acc=0.0000 | 
03-14 17:36:34 [LP epoch 03] train_loss=1.4073 train_acc=0.2500 | val_loss=1.5453 val_acc=0.0000 | 
03-14 17:36:34 [LP epoch 04] train_loss=1.4080 train_acc=0.2500 | val_loss=1.5374 val_acc=0.0000 | 
03-14 17:36:34 [LP epoch 05] train_loss=1.3837 train_acc=0.2750 | val_loss=1.5346 val_acc=0.0000 | 
03-14 17:36:34 [LP epoch 06] train_loss=1.3958 train_acc=0.2500 | val_loss=1.5214 val_acc=0.0000 | 
03-14 17:36:34 [LP epoch 07] train_loss=1.3703 train_acc=0.2500 | val_loss=1.5186 val_acc=0.0000 | 
03-14 17:36:34 [LP epoch 08] train_loss=1.3650 train_acc=0.2500 | val_loss=1.5148 val_acc=0.0000 | 
03-14 17:36:34 [LP epoch 09] train_loss=1.3639 train_acc=0.2500 | val_loss=1.5050 val_acc=0.0000 | 
03-14 17:36:34 [LP epoch 10] train_loss=1.3466 train_acc=0.2500 | val_loss=1.4963 val_acc=0.0000 | 
03-14 17:36:34 [LP epoch 11] train_loss=1.3397 train_acc=0.2500 | val_loss=1.4820 val_acc=0.0000 | 
03-14 17:36:34 [LP epoch 12] train_loss=1.3257 train_acc=0.2500 | val_loss=1.4738 val_acc=0.0000 | 
03-14 17:36:34 [LP epoch 13] train_loss=1.3322 train_acc=0.2500 | val_loss=1.4658 val_acc=0.0000 | 
03-14 17:36:34 [LP epoch 14] train_loss=1.3176 train_acc=0.2750 | val_loss=1.4582 val_acc=0.0000 | 
03-14 17:36:34 [LP epoch 15] train_loss=1.3054 train_acc=0.2750 | val_loss=1.4449 val_acc=0.0000 | 
03-14 17:36:34 [LP epoch 16] train_loss=1.3128 train_acc=0.3000 | val_loss=1.4357 val_acc=0.0000 | 
03-14 17:36:34 [LP epoch 17] train_loss=1.2846 train_acc=0.2500 | val_loss=1.4258 val_acc=0.0000 | 
03-14 17:36:34 [LP epoch 18] train_loss=1.3062 train_acc=0.3250 | val_loss=1.4214 val_acc=0.0000 | 
03-14 17:36:35 [LP epoch 19] train_loss=1.2756 train_acc=0.3000 | val_loss=1.4129 val_acc=0.0000 | 
03-14 17:36:35 [LP epoch 20] train_loss=1.2752 train_acc=0.3000 | val_loss=1.4059 val_acc=0.0000 | 
03-14 17:36:35 [LP epoch 21] train_loss=1.2581 train_acc=0.3750 | val_loss=1.3997 val_acc=0.0000 | 
03-14 17:36:35 [LP epoch 22] train_loss=1.2534 train_acc=0.4000 | val_loss=1.3963 val_acc=0.0000 | 
03-14 17:36:35 [LP epoch 23] train_loss=1.2423 train_acc=0.4500 | val_loss=1.3884 val_acc=0.0000 | 
03-14 17:36:35 [LP epoch 24] train_loss=1.2337 train_acc=0.4500 | val_loss=1.3873 val_acc=0.0000 | 
03-14 17:36:35 [LP epoch 25] train_loss=1.2275 train_acc=0.4250 | val_loss=1.3811 val_acc=0.0000 | 
03-14 17:36:35 [LP epoch 26] train_loss=1.2315 train_acc=0.4750 | val_loss=1.3719 val_acc=0.0000 | 
03-14 17:36:35 [LP epoch 27] train_loss=1.2723 train_acc=0.3750 | val_loss=1.3561 val_acc=0.0000 | 
03-14 17:36:35 [LP epoch 28] train_loss=1.2209 train_acc=0.4250 | val_loss=1.3516 val_acc=0.0000 | 
03-14 17:36:35 [LP epoch 29] train_loss=1.1995 train_acc=0.5000 | val_loss=1.3468 val_acc=0.0000 | 
03-14 17:36:35 [LP epoch 30] train_loss=1.2085 train_acc=0.4750 | val_loss=1.3436 val_acc=0.0000 | 
03-14 17:36:35 [LP epoch 31] train_loss=1.2083 train_acc=0.5000 | val_loss=1.3353 val_acc=0.0000 | 
03-14 17:36:35 [LP epoch 32] train_loss=1.2089 train_acc=0.4500 | val_loss=1.3302 val_acc=0.0000 | 
03-14 17:36:35 [LP epoch 33] train_loss=1.1972 train_acc=0.4500 | val_loss=1.3208 val_acc=0.0000 | 
03-14 17:36:36 [LP epoch 34] train_loss=1.1726 train_acc=0.4750 | val_loss=1.3210 val_acc=0.0000 | 
03-14 17:36:36 [LP epoch 35] train_loss=1.1960 train_acc=0.4500 | val_loss=1.3172 val_acc=0.0000 | 
03-14 17:36:36 [LP epoch 36] train_loss=1.1802 train_acc=0.5000 | val_loss=1.3115 val_acc=0.0000 | 
03-14 17:36:36 [LP epoch 37] train_loss=1.1844 train_acc=0.4750 | val_loss=1.3091 val_acc=0.0000 | 
03-14 17:36:36 [LP epoch 38] train_loss=1.1652 train_acc=0.5000 | val_loss=1.3075 val_acc=0.0000 | 
03-14 17:36:36 [LP epoch 39] train_loss=1.1646 train_acc=0.5000 | val_loss=1.3066 val_acc=0.0000 | 
03-14 17:36:36 [LP epoch 40] train_loss=1.1706 train_acc=0.4500 | val_loss=1.3054 val_acc=0.0000 | 
03-14 17:36:36 [LP epoch 41] train_loss=1.1642 train_acc=0.5500 | val_loss=1.3047 val_acc=0.0000 | 
03-14 17:36:36 [LP epoch 42] train_loss=1.1517 train_acc=0.4500 | val_loss=1.3088 val_acc=0.0000 | 
03-14 17:36:36 [LP epoch 43] train_loss=1.1721 train_acc=0.4000 | val_loss=1.3091 val_acc=0.0000 | 
03-14 17:36:36 [LP epoch 44] train_loss=1.1467 train_acc=0.4500 | val_loss=1.3167 val_acc=0.0000 | 
03-14 17:36:36 [LP epoch 45] train_loss=1.1415 train_acc=0.4250 | val_loss=1.3185 val_acc=0.0000 | 
03-14 17:36:36 [LP epoch 46] train_loss=1.1540 train_acc=0.4750 | val_loss=1.3158 val_acc=0.0000 | 
03-14 17:36:36 [LP epoch 47] train_loss=1.1403 train_acc=0.4500 | val_loss=1.3169 val_acc=0.0000 | 
03-14 17:36:36 [LP epoch 48] train_loss=1.1379 train_acc=0.4750 | val_loss=1.3173 val_acc=0.0000 | 
03-14 17:36:37 [LP epoch 49] train_loss=1.1293 train_acc=0.4750 | val_loss=1.3155 val_acc=0.0000 | 
03-14 17:36:37 Saved linear-probe checkpoint: ./checkpoint\SSF_JNU_0314-173556\linear_probe_best.pt (best_val_acc=0.0000)
03-14 17:36:37 TEST linear-probe: loss=1.2127 acc=0.3925
03-14 17:36:37 ================================================================================
03-14 17:36:37 RUN: aug=('gaussian', 'gaussian') hidden=32 latent=32 blocks=2 seed=1
03-14 17:36:37 model_name: SSF
03-14 17:36:37 data_name: JNU
03-14 17:36:37 aug_1: gaussian
03-14 17:36:37 aug_2: gaussian
03-14 17:36:37 data_view: TwoViewDataset
03-14 17:36:37 data_dir: raw_data/JNU/JNU-Bearing-Dataset-main
03-14 17:36:37 out_channel: 4
03-14 17:36:37 normlizetype: minus_one_one
03-14 17:36:37 processing_type: O_N
03-14 17:36:37 max_epoch: 50
03-14 17:36:37 classifier_epoch: 50
03-14 17:36:37 batch_size: 64
03-14 17:36:37 cuda_device: 0
03-14 17:36:37 checkpoint_dir: ./checkpoint
03-14 17:36:37 opt: sgd
03-14 17:36:37 lr: 0.05
03-14 17:36:37 momentum: 0.9
03-14 17:36:37 weight_decay: 0.0001
03-14 17:36:37 lr_scheduler: cos
03-14 17:36:37 gamma: 0.95
03-14 17:36:37 eta_min: 1e-05
03-14 17:36:37 latent_space: 32
03-14 17:36:37 num_blocks_ssf: 2
03-14 17:36:37 hidden_channel: 32
03-14 17:36:37 per_class_samples: 100
03-14 17:36:37 classifier_samples: 10
03-14 17:36:37 task: self_supervised
03-14 17:36:37 critetion: <class 'utils.loss_SSL.SimSiamLoss'>
03-14 17:36:37 using 1 gpus
03-14 17:36:37 Dataset class: <class 'data_utils.datasets.JNU.JNU'>
