03-10 11:27:10 model_name: SSF
03-10 11:27:10 data_name: CWRU
03-10 11:27:10 aug_1: randomcrop
03-10 11:27:10 aug_2: scale
03-10 11:27:10 max_epoch: 20
03-10 11:27:10 classifier_epoch: 50
03-10 11:27:10 data_view: TwoViewDataset
03-10 11:27:10 cuda_device: 0
03-10 11:27:10 checkpoint_dir: ./anomaly_detection
03-10 11:27:10 batch_size: 64
03-10 11:27:10 data_dir: raw_data/CWRU
03-10 11:27:10 out_channel: 4
03-10 11:27:10 normlizetype: minus_one_one
03-10 11:27:10 processing_type: RA
03-10 11:27:10 opt: sgd
03-10 11:27:10 lr: 0.05
03-10 11:27:10 momentum: 0.9
03-10 11:27:10 weight_decay: 0.0001
03-10 11:27:10 lr_scheduler: cos
03-10 11:27:10 gamma: 0.95
03-10 11:27:10 eta_min: 1e-05
03-10 11:27:10 latent_space: 192
03-10 11:27:10 num_blocks_ssf: 5
03-10 11:27:10 hidden_channel: 128
03-10 11:27:10 task: self_supervised
03-10 11:27:10 critetion: <class 'utils.loss_SSL.SimSiamLoss'>
03-10 11:27:10 using 1 gpus
03-10 11:27:10 Dataset class: <class 'data_utils.datasets.CWRU.CWRU'>
03-10 11:27:11 Split sizes: train=400 val=400 test=400, classier=40
03-10 11:27:11 Label counts train: Counter({0: 100, 1: 100, 3: 100, 2: 100})
03-10 11:27:11 Label counts val:   Counter({0: 100, 1: 100, 2: 100, 3: 100})
03-10 11:27:11 Label counts test:  Counter({3: 100, 0: 100, 1: 100, 2: 100})
03-10 11:27:11 Label counts classifier:  Counter({0: 10, 2: 10, 3: 10, 1: 10})
03-10 11:27:12 Loaded best checkpoint from ./anomaly_detection/SSF_CWRU_0310-110729/best_pt (val_loss=-0.9506997346878052)
03-10 11:27:12 Loaded best checkpoint from ./anomaly_detection/SSF_CWRU_0310-110729/best_pt (val_loss=-0.9506997346878052)
03-10 11:27:13 TEST (best): loss -0.9529
03-10 11:27:13 [LP epoch 00] train_loss=1.5336 train_acc=0.3250 | val_loss=1.3779 val_acc=0.2025 | 
03-10 11:27:13 [LP epoch 01] train_loss=1.2196 train_acc=0.5000 | val_loss=1.2996 val_acc=0.7100 | 
03-10 11:27:13 [LP epoch 02] train_loss=0.9695 train_acc=0.9250 | val_loss=1.2197 val_acc=0.8050 | 
03-10 11:27:14 [LP epoch 03] train_loss=0.8575 train_acc=0.9250 | val_loss=1.1467 val_acc=0.8875 | 
03-10 11:27:14 [LP epoch 04] train_loss=0.8029 train_acc=0.8750 | val_loss=1.0824 val_acc=0.8975 | 
03-10 11:27:14 [LP epoch 05] train_loss=0.7378 train_acc=0.8500 | val_loss=1.0261 val_acc=0.9050 | 
03-10 11:27:14 [LP epoch 06] train_loss=0.7098 train_acc=0.8250 | val_loss=0.9716 val_acc=0.9000 | 
03-10 11:27:14 [LP epoch 07] train_loss=0.6956 train_acc=0.9000 | val_loss=0.9196 val_acc=0.9000 | 
03-10 11:27:14 [LP epoch 08] train_loss=0.6500 train_acc=0.9000 | val_loss=0.8727 val_acc=0.9025 | 
03-10 11:27:14 [LP epoch 09] train_loss=0.6476 train_acc=0.9000 | val_loss=0.8288 val_acc=0.9025 | 
03-10 11:27:15 [LP epoch 10] train_loss=0.6432 train_acc=0.8750 | val_loss=0.7878 val_acc=0.9050 | 
03-10 11:27:15 [LP epoch 11] train_loss=0.6196 train_acc=0.9500 | val_loss=0.7529 val_acc=0.8975 | 
03-10 11:27:15 [LP epoch 12] train_loss=0.5983 train_acc=0.9250 | val_loss=0.7212 val_acc=0.9000 | 
03-10 11:27:15 [LP epoch 13] train_loss=0.5775 train_acc=0.9000 | val_loss=0.6896 val_acc=0.9050 | 
03-10 11:27:15 [LP epoch 14] train_loss=0.6091 train_acc=0.9000 | val_loss=0.6590 val_acc=0.9050 | 
03-10 11:27:15 [LP epoch 15] train_loss=0.5789 train_acc=0.9750 | val_loss=0.6333 val_acc=0.9050 | 
03-10 11:27:16 [LP epoch 16] train_loss=0.6367 train_acc=0.9250 | val_loss=0.6149 val_acc=0.9050 | 
03-10 11:27:16 [LP epoch 17] train_loss=0.5394 train_acc=0.9750 | val_loss=0.6057 val_acc=0.9025 | 
03-10 11:27:16 [LP epoch 18] train_loss=0.5186 train_acc=1.0000 | val_loss=0.5998 val_acc=0.9025 | 
03-10 11:27:16 [LP epoch 19] train_loss=0.5200 train_acc=1.0000 | val_loss=0.5952 val_acc=0.9100 | 
03-10 11:27:16 [LP epoch 20] train_loss=0.5215 train_acc=1.0000 | val_loss=0.5862 val_acc=0.9125 | 
03-10 11:27:16 [LP epoch 21] train_loss=0.5121 train_acc=1.0000 | val_loss=0.5725 val_acc=0.9250 | 
03-10 11:27:17 [LP epoch 22] train_loss=0.4880 train_acc=1.0000 | val_loss=0.5577 val_acc=0.9325 | 
03-10 11:27:17 [LP epoch 23] train_loss=0.4886 train_acc=1.0000 | val_loss=0.5480 val_acc=0.9350 | 
03-10 11:27:17 [LP epoch 24] train_loss=0.4764 train_acc=1.0000 | val_loss=0.5401 val_acc=0.9375 | 
03-10 11:27:17 [LP epoch 25] train_loss=0.4680 train_acc=1.0000 | val_loss=0.5272 val_acc=0.9475 | 
03-10 11:27:17 [LP epoch 26] train_loss=0.4659 train_acc=1.0000 | val_loss=0.5165 val_acc=0.9575 | 
03-10 11:27:17 [LP epoch 27] train_loss=0.4740 train_acc=1.0000 | val_loss=0.5140 val_acc=0.9575 | 
03-10 11:27:17 [LP epoch 28] train_loss=0.4802 train_acc=0.9750 | val_loss=0.5107 val_acc=0.9675 | 
03-10 11:27:18 [LP epoch 29] train_loss=0.4888 train_acc=0.9500 | val_loss=0.5119 val_acc=0.9725 | 
03-10 11:27:18 [LP epoch 30] train_loss=0.4494 train_acc=0.9750 | val_loss=0.5188 val_acc=0.9700 | 
03-10 11:27:18 [LP epoch 31] train_loss=0.4473 train_acc=1.0000 | val_loss=0.5267 val_acc=0.9625 | 
03-10 11:27:18 [LP epoch 32] train_loss=0.4533 train_acc=1.0000 | val_loss=0.5218 val_acc=0.9675 | 
03-10 11:27:18 [LP epoch 33] train_loss=0.4815 train_acc=0.9750 | val_loss=0.5120 val_acc=0.9625 | 
03-10 11:27:18 [LP epoch 34] train_loss=0.4685 train_acc=0.9750 | val_loss=0.4959 val_acc=0.9825 | 
03-10 11:27:19 [LP epoch 35] train_loss=0.4311 train_acc=1.0000 | val_loss=0.4760 val_acc=0.9850 | 
03-10 11:27:19 [LP epoch 36] train_loss=0.4266 train_acc=1.0000 | val_loss=0.4666 val_acc=0.9850 | 
03-10 11:27:19 [LP epoch 37] train_loss=0.4383 train_acc=1.0000 | val_loss=0.4550 val_acc=0.9850 | 
03-10 11:27:19 [LP epoch 38] train_loss=0.4226 train_acc=1.0000 | val_loss=0.4467 val_acc=0.9875 | 
03-10 11:27:19 [LP epoch 39] train_loss=0.4426 train_acc=1.0000 | val_loss=0.4413 val_acc=0.9875 | 
03-10 11:27:19 [LP epoch 40] train_loss=0.4133 train_acc=1.0000 | val_loss=0.4361 val_acc=0.9850 | 
03-10 11:27:19 [LP epoch 41] train_loss=0.4027 train_acc=1.0000 | val_loss=0.4343 val_acc=0.9825 | 
03-10 11:27:20 [LP epoch 42] train_loss=0.4290 train_acc=1.0000 | val_loss=0.4348 val_acc=0.9800 | 
03-10 11:27:20 [LP epoch 43] train_loss=0.3988 train_acc=1.0000 | val_loss=0.4360 val_acc=0.9800 | 
03-10 11:27:20 [LP epoch 44] train_loss=0.4228 train_acc=1.0000 | val_loss=0.4387 val_acc=0.9825 | 
03-10 11:27:20 [LP epoch 45] train_loss=0.3996 train_acc=1.0000 | val_loss=0.4409 val_acc=0.9825 | 
03-10 11:27:20 [LP epoch 46] train_loss=0.4089 train_acc=1.0000 | val_loss=0.4366 val_acc=0.9875 | 
03-10 11:27:20 [LP epoch 47] train_loss=0.3976 train_acc=1.0000 | val_loss=0.4286 val_acc=0.9875 | 
03-10 11:27:20 [LP epoch 48] train_loss=0.3898 train_acc=1.0000 | val_loss=0.4251 val_acc=0.9850 | 
03-10 11:27:21 [LP epoch 49] train_loss=0.4570 train_acc=0.9250 | val_loss=0.4248 val_acc=0.9875 | 
03-10 11:27:21 Saved linear-probe checkpoint: ./anomaly_detection\SSF_CWRU_0310-112710\linear_probe_best.pt (best_val_acc=0.9875)
03-10 11:27:21 TEST linear-probe: loss=0.4191 acc=0.9900
