02-24 11:30:09 model_name: SSF
02-24 11:30:09 data_name: PU
02-24 11:30:09 aug_1: normal
02-24 11:30:09 aug_2: randomcrop
02-24 11:30:09 max_epoch: 20
02-24 11:30:09 classifier_epoch: 50
02-24 11:30:09 data_view: TwoViewDataset
02-24 11:30:09 cuda_device: 0
02-24 11:30:09 checkpoint_dir: ./checkpoint
02-24 11:30:09 batch_size: 32
02-24 11:30:09 data_dir: raw_data/PU
02-24 11:30:09 out_channel: 4
02-24 11:30:09 normlizetype: minus_one_one
02-24 11:30:09 processing_type: RA
02-24 11:30:09 opt: sgd
02-24 11:30:09 lr: 0.01
02-24 11:30:09 momentum: 0.9
02-24 11:30:09 weight_decay: 1e-05
02-24 11:30:09 lr_scheduler: cos
02-24 11:30:09 gamma: 0.1
02-24 11:30:09 eta_min: 1e-05
02-24 11:30:09 latent_space: 256
02-24 11:30:09 task: self_supervised
02-24 11:30:09 critetion: <class 'utils.loss_SSL.SimSiamLoss'>
02-24 11:30:09 using 1 gpus
02-24 11:30:09 Dataset class: <class 'data_utils.datasets.PU.PU'>
02-24 11:30:10 Split sizes: train=22502 val=2411 test=4823, classier=2411
02-24 11:30:11 Label counts train: Counter({1: 8481, 3: 7718, 0: 4201, 2: 2102})
02-24 11:30:11 Label counts val:   Counter({1: 908, 3: 827, 0: 450, 2: 226})
02-24 11:30:12 Label counts test:  Counter({1: 1818, 3: 1654, 0: 901, 2: 450})
02-24 11:30:12 Label counts classifier:  Counter({1: 909, 3: 827, 0: 450, 2: 225})
02-24 11:30:13 Loaded best checkpoint from ./checkpoint/SSF_PU_0224-112038/best_pt (val_loss=-0.9765873131589838)
02-24 11:30:16 [LP epoch 00] train_loss=1.2085 train_acc=0.4583 | val_loss=2715.8596 val_acc=0.4961 | 
02-24 11:30:18 [LP epoch 01] train_loss=1.1057 train_acc=0.5268 | val_loss=2497.8245 val_acc=0.5591 | 
02-24 11:30:20 [LP epoch 02] train_loss=1.0509 train_acc=0.5471 | val_loss=2446.9621 val_acc=0.5707 | 
02-24 11:30:22 [LP epoch 03] train_loss=1.0010 train_acc=0.5720 | val_loss=2495.9201 val_acc=0.5525 | 
02-24 11:30:24 [LP epoch 04] train_loss=0.9589 train_acc=0.5852 | val_loss=2366.5787 val_acc=0.5919 | 
02-24 11:30:26 [LP epoch 05] train_loss=0.9421 train_acc=0.5923 | val_loss=2311.2831 val_acc=0.5927 | 
02-24 11:30:27 [LP epoch 06] train_loss=0.9119 train_acc=0.6006 | val_loss=2442.1583 val_acc=0.5537 | 
02-24 11:30:29 [LP epoch 07] train_loss=0.9009 train_acc=0.6097 | val_loss=2347.0828 val_acc=0.5699 | 
02-24 11:30:31 [LP epoch 08] train_loss=0.8972 train_acc=0.6097 | val_loss=2226.6330 val_acc=0.5968 | 
02-24 11:30:33 [LP epoch 09] train_loss=0.8803 train_acc=0.6184 | val_loss=2243.1677 val_acc=0.6031 | 
02-24 11:30:35 [LP epoch 10] train_loss=0.8572 train_acc=0.6255 | val_loss=2222.9266 val_acc=0.5836 | 
02-24 11:30:38 [LP epoch 11] train_loss=0.8180 train_acc=0.6520 | val_loss=2101.5549 val_acc=0.6180 | 
02-24 11:30:40 [LP epoch 12] train_loss=0.7906 train_acc=0.6628 | val_loss=2143.5439 val_acc=0.6234 | 
02-24 11:30:42 [LP epoch 13] train_loss=0.7796 train_acc=0.6620 | val_loss=2183.8991 val_acc=0.6039 | 
02-24 11:30:43 [LP epoch 14] train_loss=0.7682 train_acc=0.6603 | val_loss=2034.3052 val_acc=0.6408 | 
02-24 11:30:45 [LP epoch 15] train_loss=0.7552 train_acc=0.6645 | val_loss=2123.2907 val_acc=0.6317 | 
02-24 11:30:47 [LP epoch 16] train_loss=0.7419 train_acc=0.6794 | val_loss=1976.7268 val_acc=0.6578 | 
02-24 11:30:49 [LP epoch 17] train_loss=0.7774 train_acc=0.6669 | val_loss=1961.6576 val_acc=0.6578 | 
02-24 11:30:51 [LP epoch 18] train_loss=0.7079 train_acc=0.6914 | val_loss=2036.6133 val_acc=0.6454 | 
02-24 11:30:53 [LP epoch 19] train_loss=0.6790 train_acc=0.7175 | val_loss=2098.7696 val_acc=0.6354 | 
02-24 11:30:56 [LP epoch 20] train_loss=0.6893 train_acc=0.6997 | val_loss=2579.5964 val_acc=0.6043 | 
02-24 11:30:58 [LP epoch 21] train_loss=0.7310 train_acc=0.6898 | val_loss=2047.9220 val_acc=0.6479 | 
02-24 11:31:00 [LP epoch 22] train_loss=0.6660 train_acc=0.7163 | val_loss=2165.3909 val_acc=0.6454 | 
02-24 11:31:02 [LP epoch 23] train_loss=0.6359 train_acc=0.7350 | val_loss=2203.4541 val_acc=0.6304 | 
02-24 11:31:04 [LP epoch 24] train_loss=0.6199 train_acc=0.7337 | val_loss=2251.6951 val_acc=0.6263 | 
02-24 11:31:06 [LP epoch 25] train_loss=0.5965 train_acc=0.7482 | val_loss=2230.4624 val_acc=0.6321 | 
02-24 11:31:08 [LP epoch 26] train_loss=0.6426 train_acc=0.7358 | val_loss=2179.6926 val_acc=0.6400 | 
02-24 11:31:10 [LP epoch 27] train_loss=0.6426 train_acc=0.7279 | val_loss=2342.0762 val_acc=0.6180 | 
02-24 11:31:11 [LP epoch 28] train_loss=0.5812 train_acc=0.7574 | val_loss=2101.7645 val_acc=0.6562 | 
02-24 11:31:14 [LP epoch 29] train_loss=0.5434 train_acc=0.7710 | val_loss=2339.5982 val_acc=0.6292 | 
02-24 11:31:16 [LP epoch 30] train_loss=0.5300 train_acc=0.7814 | val_loss=2398.0386 val_acc=0.6234 | 
02-24 11:31:18 [LP epoch 31] train_loss=0.4918 train_acc=0.7980 | val_loss=2495.3886 val_acc=0.6043 | 
02-24 11:31:20 [LP epoch 32] train_loss=0.5139 train_acc=0.7814 | val_loss=2265.8967 val_acc=0.6259 | 
02-24 11:31:22 [LP epoch 33] train_loss=0.5091 train_acc=0.7905 | val_loss=2386.6986 val_acc=0.6201 | 
02-24 11:31:24 [LP epoch 34] train_loss=0.5126 train_acc=0.7860 | val_loss=2685.8784 val_acc=0.6051 | 
02-24 11:31:26 [LP epoch 35] train_loss=0.4939 train_acc=0.7972 | val_loss=2530.0102 val_acc=0.6060 | 
02-24 11:31:28 [LP epoch 36] train_loss=0.4963 train_acc=0.7856 | val_loss=2630.6868 val_acc=0.6027 | 
02-24 11:31:30 [LP epoch 37] train_loss=0.4456 train_acc=0.8212 | val_loss=2554.1466 val_acc=0.6143 | 
02-24 11:31:33 [LP epoch 38] train_loss=0.4472 train_acc=0.8221 | val_loss=2485.3967 val_acc=0.6155 | 
02-24 11:31:35 [LP epoch 39] train_loss=0.5371 train_acc=0.7773 | val_loss=2737.6491 val_acc=0.5807 | 
02-24 11:31:37 [LP epoch 40] train_loss=0.4701 train_acc=0.8071 | val_loss=3131.7222 val_acc=0.6242 | 
02-24 11:31:39 [LP epoch 41] train_loss=0.4579 train_acc=0.8038 | val_loss=3013.7426 val_acc=0.6159 | 
02-24 11:31:41 [LP epoch 42] train_loss=0.4123 train_acc=0.8250 | val_loss=2852.8975 val_acc=0.6018 | 
02-24 11:31:43 [LP epoch 43] train_loss=0.4267 train_acc=0.8158 | val_loss=2817.8603 val_acc=0.6192 | 
02-24 11:31:45 [LP epoch 44] train_loss=0.3836 train_acc=0.8411 | val_loss=2952.8429 val_acc=0.6180 | 
02-24 11:31:47 [LP epoch 45] train_loss=0.4646 train_acc=0.8063 | val_loss=2802.5900 val_acc=0.6275 | 
02-24 11:31:49 [LP epoch 46] train_loss=0.4410 train_acc=0.8246 | val_loss=2759.1570 val_acc=0.6188 | 
02-24 11:31:51 [LP epoch 47] train_loss=0.3873 train_acc=0.8449 | val_loss=3040.0032 val_acc=0.5790 | 
02-24 11:31:53 [LP epoch 48] train_loss=0.3847 train_acc=0.8494 | val_loss=3114.2567 val_acc=0.6176 | 
02-24 11:31:55 [LP epoch 49] train_loss=0.3243 train_acc=0.8727 | val_loss=2943.4938 val_acc=0.6275 | 
02-24 11:31:55 Saved linear-probe checkpoint: ./checkpoint\SSF_PU_0224-113009\linear_probe_best.pt (best_val_acc=0.6578)
02-24 11:31:56 TEST linear-probe: loss=1.2168 acc=0.6340
