04-23 10:05:58 ================================================================================
04-23 10:05:58 RUN: aug=('gaussian', 'gaussian') hidden=128 latent=32 blocks=8 seed=0
04-23 10:05:58 model_name: SSF
04-23 10:05:58 data_name: PU
04-23 10:05:58 aug_1: gaussian
04-23 10:05:58 aug_2: gaussian
04-23 10:05:58 data_view: TwoViewDataset
04-23 10:05:58 data_dir: raw_data/PU
04-23 10:05:58 out_channel: 6
04-23 10:05:58 normlizetype: mean_std
04-23 10:05:58 processing_type: O_N
04-23 10:05:58 max_epoch: 50
04-23 10:05:58 classifier_epoch: 50
04-23 10:05:58 batch_size: 64
04-23 10:05:58 cuda_device: 0
04-23 10:05:58 checkpoint_dir: ./checkpoint
04-23 10:05:58 opt: sgd
04-23 10:05:58 lr: 0.05
04-23 10:05:58 momentum: 0.9
04-23 10:05:58 weight_decay: 0.0001
04-23 10:05:58 lr_scheduler: cos
04-23 10:05:58 gamma: 0.95
04-23 10:05:58 eta_min: 1e-05
04-23 10:05:58 latent_space: 32
04-23 10:05:58 num_blocks_ssf: 8
04-23 10:05:58 hidden_channel: 128
04-23 10:05:58 per_class_samples: 1000
04-23 10:05:58 classifier_samples: 100
04-23 10:05:58 task: self_supervised
04-23 10:05:58 critetion: <class 'utils.loss_SSL.SimSiamLoss'>
04-23 10:05:58 using 1 gpus
04-23 10:05:58 Dataset class: <class 'data_utils.datasets.PU.PU'>
04-23 10:05:59 Split sizes: train=1000 val=1000 test=6000, classier=600
04-23 10:05:59 Label counts train: Counter({0: 1000})
04-23 10:05:59 Label counts val:   Counter({0: 1000})
04-23 10:05:59 Label counts test:  Counter({0: 1000, 2: 1000, 5: 1000, 1: 1000, 3: 1000, 4: 1000})
04-23 10:06:00 Label counts classifier:  Counter({2: 100, 4: 100, 1: 100, 5: 100, 3: 100, 0: 100})
04-23 10:06:00 Label counts classifier validation:  Counter({1: 100, 3: 100, 5: 100, 2: 100, 4: 100, 0: 100})
04-23 10:06:02 -----Epoch 0/49-----
04-23 10:06:04 current lr: 0.05
04-23 10:06:04 Saved best checkpoint to ./checkpoint\SSF_PU_0423-100558\best_pt (val_loss=-0.9397)
04-23 10:06:04 Epoch 000 Train loss -0.8105 | Val loss -0.9397
04-23 10:06:04 -----Epoch 1/49-----
04-23 10:06:06 current lr: 0.0499507
04-23 10:06:06 Saved best checkpoint to ./checkpoint\SSF_PU_0423-100558\best_pt (val_loss=-0.9826)
04-23 10:06:06 Epoch 001 Train loss -0.9800 | Val loss -0.9826
04-23 10:06:06 -----Epoch 2/49-----
04-23 10:06:08 current lr: 0.0498029
04-23 10:06:08 Saved best checkpoint to ./checkpoint\SSF_PU_0423-100558\best_pt (val_loss=-0.9908)
04-23 10:06:08 Epoch 002 Train loss -0.9891 | Val loss -0.9908
04-23 10:06:08 -----Epoch 3/49-----
04-23 10:06:09 current lr: 0.0495573
04-23 10:06:09 Saved best checkpoint to ./checkpoint\SSF_PU_0423-100558\best_pt (val_loss=-0.9933)
04-23 10:06:09 Epoch 003 Train loss -0.9918 | Val loss -0.9933
04-23 10:06:09 -----Epoch 4/49-----
04-23 10:06:11 current lr: 0.0492147
04-23 10:06:11 Saved best checkpoint to ./checkpoint\SSF_PU_0423-100558\best_pt (val_loss=-0.9947)
04-23 10:06:11 Epoch 004 Train loss -0.9939 | Val loss -0.9947
04-23 10:06:11 -----Epoch 5/49-----
04-23 10:06:13 current lr: 0.0487767
04-23 10:06:13 Saved best checkpoint to ./checkpoint\SSF_PU_0423-100558\best_pt (val_loss=-0.9953)
04-23 10:06:13 Epoch 005 Train loss -0.9949 | Val loss -0.9953
04-23 10:06:13 -----Epoch 6/49-----
