02-24 09:48:32 model_name: SSF
02-24 09:48:32 data_name: JNU
02-24 09:48:32 aug_1: normal
02-24 09:48:32 aug_2: randomcrop
02-24 09:48:32 max_epoch: 20
02-24 09:48:32 classifier_epoch: 50
02-24 09:48:32 data_view: TwoViewDataset
02-24 09:48:32 cuda_device: 0
02-24 09:48:32 checkpoint_dir: ./checkpoint
02-24 09:48:32 batch_size: 32
02-24 09:48:32 data_dir: raw_data/JNU/JNU-Bearing-Dataset-main
02-24 09:48:32 out_channel: 12
02-24 09:48:32 normlizetype: minus_one_one
02-24 09:48:32 processing_type: RA
02-24 09:48:32 opt: sgd
02-24 09:48:32 lr: 0.01
02-24 09:48:32 momentum: 0.9
02-24 09:48:32 weight_decay: 1e-05
02-24 09:48:32 lr_scheduler: cos
02-24 09:48:32 gamma: 0.1
02-24 09:48:32 eta_min: 1e-05
02-24 09:48:32 latent_space: 256
02-24 09:48:32 task: self_supervised
02-24 09:48:32 critetion: <class 'utils.loss_SSL.SimSiamLoss'>
02-24 09:48:32 using 1 gpus
02-24 09:48:32 Dataset class: <class 'data_utils.datasets.JNU.JNU'>
02-24 09:48:33 Split sizes: train=6153 val=131 test=1319, classier=1187
02-24 09:48:34 Label counts train: Counter({1: 1026, 5: 1026, 9: 1026, 10: 342, 7: 342, 2: 342, 11: 342, 3: 342, 0: 342, 6: 341, 8: 341, 4: 341})
02-24 09:48:34 Label counts val:   Counter({9: 22, 1: 22, 5: 22, 6: 8, 4: 8, 3: 7, 0: 7, 8: 7, 10: 7, 7: 7, 11: 7, 2: 7})
02-24 09:48:34 Label counts test:  Counter({1: 220, 9: 220, 5: 220, 8: 74, 6: 74, 3: 73, 0: 73, 2: 73, 11: 73, 10: 73, 4: 73, 7: 73})
02-24 09:48:34 Label counts classifier:  Counter({1: 198, 5: 198, 9: 198, 2: 66, 7: 66, 4: 66, 0: 66, 8: 66, 10: 66, 3: 66, 11: 66, 6: 65})
02-24 09:48:36 -----Epoch 0/19-----
02-24 09:48:41 current lr: 0.01
02-24 09:48:41 Saved best checkpoint to ./checkpoint\SSF_JNU_0224-094832\best_pt (val_loss=-0.6325)
02-24 09:48:41 Epoch 000 Train loss -0.3584 | Val loss -0.6325
02-24 09:48:41 -----Epoch 1/19-----
02-24 09:48:45 current lr: 0.0099385
02-24 09:48:45 Saved best checkpoint to ./checkpoint\SSF_JNU_0224-094832\best_pt (val_loss=-0.8256)
02-24 09:48:45 Epoch 001 Train loss -0.7599 | Val loss -0.8256
02-24 09:48:45 -----Epoch 2/19-----
02-24 09:48:49 current lr: 0.00975553
02-24 09:48:49 Saved best checkpoint to ./checkpoint\SSF_JNU_0224-094832\best_pt (val_loss=-0.8797)
02-24 09:48:49 Epoch 002 Train loss -0.8662 | Val loss -0.8797
02-24 09:48:49 -----Epoch 3/19-----
02-24 09:48:53 current lr: 0.00945558
02-24 09:48:53 Saved best checkpoint to ./checkpoint\SSF_JNU_0224-094832\best_pt (val_loss=-0.9008)
02-24 09:48:53 Epoch 003 Train loss -0.9003 | Val loss -0.9008
02-24 09:48:53 -----Epoch 4/19-----
02-24 09:48:58 current lr: 0.00904604
02-24 09:48:58 Saved best checkpoint to ./checkpoint\SSF_JNU_0224-094832\best_pt (val_loss=-0.9120)
02-24 09:48:58 Epoch 004 Train loss -0.9146 | Val loss -0.9120
02-24 09:48:58 -----Epoch 5/19-----
02-24 09:49:03 current lr: 0.008537
02-24 09:49:03 Saved best checkpoint to ./checkpoint\SSF_JNU_0224-094832\best_pt (val_loss=-0.9175)
02-24 09:49:03 Epoch 005 Train loss -0.9215 | Val loss -0.9175
02-24 09:49:03 -----Epoch 6/19-----
02-24 09:49:07 current lr: 0.00794099
02-24 09:49:07 Saved best checkpoint to ./checkpoint\SSF_JNU_0224-094832\best_pt (val_loss=-0.9212)
02-24 09:49:07 Epoch 006 Train loss -0.9253 | Val loss -0.9212
02-24 09:49:07 -----Epoch 7/19-----
02-24 09:49:12 current lr: 0.00727268
02-24 09:49:12 Saved best checkpoint to ./checkpoint\SSF_JNU_0224-094832\best_pt (val_loss=-0.9239)
02-24 09:49:12 Epoch 007 Train loss -0.9279 | Val loss -0.9239
02-24 09:49:12 -----Epoch 8/19-----
02-24 09:49:16 current lr: 0.00654854
02-24 09:49:16 Saved best checkpoint to ./checkpoint\SSF_JNU_0224-094832\best_pt (val_loss=-0.9258)
02-24 09:49:16 Epoch 008 Train loss -0.9301 | Val loss -0.9258
02-24 09:49:16 -----Epoch 9/19-----
02-24 09:49:20 current lr: 0.00578639
02-24 09:49:20 Saved best checkpoint to ./checkpoint\SSF_JNU_0224-094832\best_pt (val_loss=-0.9278)
02-24 09:49:20 Epoch 009 Train loss -0.9319 | Val loss -0.9278
02-24 09:49:20 -----Epoch 10/19-----
02-24 09:49:24 current lr: 0.005005
02-24 09:49:24 Saved best checkpoint to ./checkpoint\SSF_JNU_0224-094832\best_pt (val_loss=-0.9292)
02-24 09:49:24 Epoch 010 Train loss -0.9334 | Val loss -0.9292
02-24 09:49:24 -----Epoch 11/19-----
02-24 09:49:29 current lr: 0.00422361
02-24 09:49:29 Saved best checkpoint to ./checkpoint\SSF_JNU_0224-094832\best_pt (val_loss=-0.9304)
02-24 09:49:29 Epoch 011 Train loss -0.9347 | Val loss -0.9304
02-24 09:49:29 -----Epoch 12/19-----
02-24 09:49:33 current lr: 0.00346146
02-24 09:49:33 Saved best checkpoint to ./checkpoint\SSF_JNU_0224-094832\best_pt (val_loss=-0.9316)
02-24 09:49:33 Epoch 012 Train loss -0.9358 | Val loss -0.9316
02-24 09:49:33 -----Epoch 13/19-----
02-24 09:49:38 current lr: 0.00273732
02-24 09:49:38 Saved best checkpoint to ./checkpoint\SSF_JNU_0224-094832\best_pt (val_loss=-0.9324)
02-24 09:49:38 Epoch 013 Train loss -0.9366 | Val loss -0.9324
02-24 09:49:38 -----Epoch 14/19-----
02-24 09:49:42 current lr: 0.00206901
02-24 09:49:42 Saved best checkpoint to ./checkpoint\SSF_JNU_0224-094832\best_pt (val_loss=-0.9330)
02-24 09:49:42 Epoch 014 Train loss -0.9372 | Val loss -0.9330
02-24 09:49:42 -----Epoch 15/19-----
02-24 09:49:46 current lr: 0.001473
02-24 09:49:46 Saved best checkpoint to ./checkpoint\SSF_JNU_0224-094832\best_pt (val_loss=-0.9333)
02-24 09:49:46 Epoch 015 Train loss -0.9376 | Val loss -0.9333
02-24 09:49:46 -----Epoch 16/19-----
02-24 09:49:51 current lr: 0.00096396
02-24 09:49:51 Saved best checkpoint to ./checkpoint\SSF_JNU_0224-094832\best_pt (val_loss=-0.9336)
02-24 09:49:51 Epoch 016 Train loss -0.9379 | Val loss -0.9336
02-24 09:49:51 -----Epoch 17/19-----
02-24 09:49:55 current lr: 0.000554422
02-24 09:49:55 Saved best checkpoint to ./checkpoint\SSF_JNU_0224-094832\best_pt (val_loss=-0.9337)
02-24 09:49:55 Epoch 017 Train loss -0.9381 | Val loss -0.9337
02-24 09:49:55 -----Epoch 18/19-----
02-24 09:49:59 current lr: 0.000254473
02-24 09:49:59 Saved best checkpoint to ./checkpoint\SSF_JNU_0224-094832\best_pt (val_loss=-0.9338)
02-24 09:49:59 Epoch 018 Train loss -0.9382 | Val loss -0.9338
02-24 09:49:59 -----Epoch 19/19-----
02-24 09:50:04 current lr: 7.14967e-05
02-24 09:50:04 Saved best checkpoint to ./checkpoint\SSF_JNU_0224-094832\best_pt (val_loss=-0.9338)
02-24 09:50:04 Epoch 019 Train loss -0.9382 | Val loss -0.9338
02-24 09:50:05 TEST (last): loss -0.9360
02-24 09:50:05 [LP epoch 00] train_loss=2.2685 train_acc=0.1963 | val_loss=282.3236 val_acc=0.2061 | 
02-24 09:50:05 [LP epoch 01] train_loss=2.1466 train_acc=0.2350 | val_loss=273.6177 val_acc=0.3206 | 
02-24 09:50:06 [LP epoch 02] train_loss=2.0578 train_acc=0.3311 | val_loss=264.5326 val_acc=0.3817 | 
02-24 09:50:06 [LP epoch 03] train_loss=1.9767 train_acc=0.3631 | val_loss=249.5189 val_acc=0.3817 | 
02-24 09:50:07 [LP epoch 04] train_loss=1.9149 train_acc=0.3783 | val_loss=240.2244 val_acc=0.3817 | 
02-24 09:50:07 [LP epoch 05] train_loss=1.8589 train_acc=0.3774 | val_loss=234.4566 val_acc=0.3740 | 
02-24 09:50:07 [LP epoch 06] train_loss=1.8076 train_acc=0.4002 | val_loss=224.3919 val_acc=0.3969 | 
02-24 09:50:08 [LP epoch 07] train_loss=1.7571 train_acc=0.4019 | val_loss=219.8675 val_acc=0.4351 | 
02-24 09:50:08 [LP epoch 08] train_loss=1.7302 train_acc=0.4136 | val_loss=224.1513 val_acc=0.3817 | 
02-24 09:50:09 [LP epoch 09] train_loss=1.6803 train_acc=0.4103 | val_loss=223.4902 val_acc=0.3588 | 
02-24 09:50:09 [LP epoch 10] train_loss=1.7094 train_acc=0.4010 | val_loss=221.3991 val_acc=0.3893 | 
02-24 09:50:10 [LP epoch 11] train_loss=1.6541 train_acc=0.4136 | val_loss=215.0216 val_acc=0.3817 | 
02-24 09:50:10 [LP epoch 12] train_loss=1.6271 train_acc=0.4263 | val_loss=213.9493 val_acc=0.3817 | 
02-24 09:50:10 [LP epoch 13] train_loss=1.5849 train_acc=0.4288 | val_loss=207.9355 val_acc=0.4504 | 
02-24 09:50:11 [LP epoch 14] train_loss=1.5734 train_acc=0.4288 | val_loss=206.7155 val_acc=0.3969 | 
02-24 09:50:11 [LP epoch 15] train_loss=1.5386 train_acc=0.4356 | val_loss=201.2524 val_acc=0.3893 | 
02-24 09:50:11 [LP epoch 16] train_loss=1.5245 train_acc=0.4322 | val_loss=204.6356 val_acc=0.4122 | 
02-24 09:50:12 [LP epoch 17] train_loss=1.5053 train_acc=0.4372 | val_loss=203.2957 val_acc=0.4046 | 
02-24 09:50:12 [LP epoch 18] train_loss=1.4896 train_acc=0.4423 | val_loss=195.4697 val_acc=0.4427 | 
02-24 09:50:12 [LP epoch 19] train_loss=1.4689 train_acc=0.4499 | val_loss=197.9975 val_acc=0.4122 | 
02-24 09:50:13 [LP epoch 20] train_loss=1.4596 train_acc=0.4532 | val_loss=194.9950 val_acc=0.4122 | 
02-24 09:50:13 [LP epoch 21] train_loss=1.4465 train_acc=0.4507 | val_loss=192.4540 val_acc=0.4504 | 
02-24 09:50:14 [LP epoch 22] train_loss=1.4437 train_acc=0.4634 | val_loss=197.9564 val_acc=0.4046 | 
02-24 09:50:14 [LP epoch 23] train_loss=1.4345 train_acc=0.4499 | val_loss=191.7413 val_acc=0.4427 | 
02-24 09:50:15 [LP epoch 24] train_loss=1.4181 train_acc=0.4693 | val_loss=187.7926 val_acc=0.4656 | 
02-24 09:50:15 [LP epoch 25] train_loss=1.3929 train_acc=0.4751 | val_loss=181.0252 val_acc=0.4809 | 
02-24 09:50:15 [LP epoch 26] train_loss=1.3810 train_acc=0.4844 | val_loss=189.7766 val_acc=0.4733 | 
02-24 09:50:16 [LP epoch 27] train_loss=1.3807 train_acc=0.4802 | val_loss=186.2484 val_acc=0.5038 | 
02-24 09:50:16 [LP epoch 28] train_loss=1.3670 train_acc=0.4937 | val_loss=181.7504 val_acc=0.4656 | 
02-24 09:50:17 [LP epoch 29] train_loss=1.3539 train_acc=0.5021 | val_loss=185.2905 val_acc=0.4427 | 
02-24 09:50:17 [LP epoch 30] train_loss=1.3520 train_acc=0.4945 | val_loss=182.2802 val_acc=0.4962 | 
02-24 09:50:17 [LP epoch 31] train_loss=1.3369 train_acc=0.4979 | val_loss=185.8597 val_acc=0.4198 | 
02-24 09:50:18 [LP epoch 32] train_loss=1.3449 train_acc=0.4844 | val_loss=176.1493 val_acc=0.4962 | 
02-24 09:50:18 [LP epoch 33] train_loss=1.3151 train_acc=0.5038 | val_loss=177.4888 val_acc=0.4885 | 
02-24 09:50:18 [LP epoch 34] train_loss=1.3696 train_acc=0.4996 | val_loss=181.1592 val_acc=0.4733 | 
02-24 09:50:19 [LP epoch 35] train_loss=1.3039 train_acc=0.5046 | val_loss=170.5033 val_acc=0.5267 | 
02-24 09:50:19 [LP epoch 36] train_loss=1.2922 train_acc=0.5072 | val_loss=177.8858 val_acc=0.4809 | 
02-24 09:50:20 [LP epoch 37] train_loss=1.2839 train_acc=0.5114 | val_loss=168.8478 val_acc=0.5191 | 
02-24 09:50:20 [LP epoch 38] train_loss=1.2636 train_acc=0.5173 | val_loss=170.5219 val_acc=0.5191 | 
02-24 09:50:20 [LP epoch 39] train_loss=1.3447 train_acc=0.4954 | val_loss=174.4684 val_acc=0.4962 | 
02-24 09:50:21 [LP epoch 40] train_loss=1.2810 train_acc=0.5131 | val_loss=163.5395 val_acc=0.5649 | 
02-24 09:50:21 [LP epoch 41] train_loss=1.2583 train_acc=0.5029 | val_loss=179.7573 val_acc=0.4580 | 
02-24 09:50:21 [LP epoch 42] train_loss=1.2538 train_acc=0.5156 | val_loss=166.5635 val_acc=0.5038 | 
02-24 09:50:22 [LP epoch 43] train_loss=1.2444 train_acc=0.5164 | val_loss=163.3839 val_acc=0.5038 | 
02-24 09:50:22 [LP epoch 44] train_loss=1.2328 train_acc=0.5232 | val_loss=163.3505 val_acc=0.5191 | 
02-24 09:50:23 [LP epoch 45] train_loss=1.2243 train_acc=0.5274 | val_loss=169.7117 val_acc=0.5344 | 
02-24 09:50:23 [LP epoch 46] train_loss=1.3978 train_acc=0.4718 | val_loss=180.0291 val_acc=0.4580 | 
02-24 09:50:24 [LP epoch 47] train_loss=1.3038 train_acc=0.5021 | val_loss=164.1260 val_acc=0.5573 | 
02-24 09:50:24 [LP epoch 48] train_loss=1.2282 train_acc=0.5240 | val_loss=158.9352 val_acc=0.5725 | 
02-24 09:50:24 [LP epoch 49] train_loss=1.2052 train_acc=0.5249 | val_loss=160.9400 val_acc=0.5344 | 
02-24 09:50:24 Saved linear-probe checkpoint: ./checkpoint\SSF_JNU_0224-094832\linear_probe_best.pt (best_val_acc=0.5725)
02-24 09:50:25 TEST linear-probe: loss=1.3083 acc=0.4738
02-24 09:50:25 using 1 gpus
02-24 09:50:25 Dataset class: <class 'data_utils.datasets.JNU.JNU'>
02-24 09:50:26 Split sizes: train=6153 val=131 test=1319, classier=1187
02-24 09:50:26 Label counts train: Counter({1: 1026, 5: 1026, 9: 1026, 10: 342, 7: 342, 2: 342, 11: 342, 3: 342, 0: 342, 6: 341, 8: 341, 4: 341})
02-24 09:50:26 Label counts val:   Counter({9: 22, 1: 22, 5: 22, 6: 8, 4: 8, 3: 7, 0: 7, 8: 7, 10: 7, 7: 7, 11: 7, 2: 7})
02-24 09:50:26 Label counts test:  Counter({1: 220, 9: 220, 5: 220, 8: 74, 6: 74, 3: 73, 0: 73, 2: 73, 11: 73, 10: 73, 4: 73, 7: 73})
02-24 09:50:26 Label counts classifier:  Counter({1: 198, 5: 198, 9: 198, 2: 66, 7: 66, 4: 66, 0: 66, 8: 66, 10: 66, 3: 66, 11: 66, 6: 65})
02-24 09:50:26 -----Epoch 0/19-----
02-24 09:50:31 current lr: 0.01
02-24 09:50:31 Saved best checkpoint to ./checkpoint\SSF_JNU_0224-094832\best_pt (val_loss=-0.6505)
02-24 09:50:31 Epoch 000 Train loss -0.3991 | Val loss -0.6505
02-24 09:50:31 -----Epoch 1/19-----
02-24 09:50:36 current lr: 0.0099385
02-24 09:50:36 Saved best checkpoint to ./checkpoint\SSF_JNU_0224-094832\best_pt (val_loss=-0.8154)
02-24 09:50:36 Epoch 001 Train loss -0.7654 | Val loss -0.8154
02-24 09:50:36 -----Epoch 2/19-----
02-24 09:50:40 current lr: 0.00975553
02-24 09:50:40 Saved best checkpoint to ./checkpoint\SSF_JNU_0224-094832\best_pt (val_loss=-0.8642)
02-24 09:50:40 Epoch 002 Train loss -0.8566 | Val loss -0.8642
02-24 09:50:40 -----Epoch 3/19-----
02-24 09:50:44 current lr: 0.00945558
02-24 09:50:44 Saved best checkpoint to ./checkpoint\SSF_JNU_0224-094832\best_pt (val_loss=-0.8862)
02-24 09:50:44 Epoch 003 Train loss -0.8881 | Val loss -0.8862
02-24 09:50:44 -----Epoch 4/19-----
02-24 09:50:48 current lr: 0.00904604
02-24 09:50:48 Saved best checkpoint to ./checkpoint\SSF_JNU_0224-094832\best_pt (val_loss=-0.8992)
02-24 09:50:48 Epoch 004 Train loss -0.9055 | Val loss -0.8992
02-24 09:50:48 -----Epoch 5/19-----
02-24 09:50:53 current lr: 0.008537
02-24 09:50:53 Saved best checkpoint to ./checkpoint\SSF_JNU_0224-094832\best_pt (val_loss=-0.9070)
02-24 09:50:53 Epoch 005 Train loss -0.9150 | Val loss -0.9070
02-24 09:50:53 -----Epoch 6/19-----
02-24 09:50:57 current lr: 0.00794099
02-24 09:50:57 Saved best checkpoint to ./checkpoint\SSF_JNU_0224-094832\best_pt (val_loss=-0.9124)
02-24 09:50:57 Epoch 006 Train loss -0.9210 | Val loss -0.9124
02-24 09:50:57 -----Epoch 7/19-----
02-24 09:51:02 current lr: 0.00727268
02-24 09:51:02 Saved best checkpoint to ./checkpoint\SSF_JNU_0224-094832\best_pt (val_loss=-0.9162)
02-24 09:51:02 Epoch 007 Train loss -0.9250 | Val loss -0.9162
02-24 09:51:02 -----Epoch 8/19-----
02-24 09:51:06 current lr: 0.00654854
02-24 09:51:06 Saved best checkpoint to ./checkpoint\SSF_JNU_0224-094832\best_pt (val_loss=-0.9196)
02-24 09:51:06 Epoch 008 Train loss -0.9282 | Val loss -0.9196
02-24 09:51:06 -----Epoch 9/19-----
02-24 09:51:11 current lr: 0.00578639
02-24 09:51:11 Saved best checkpoint to ./checkpoint\SSF_JNU_0224-094832\best_pt (val_loss=-0.9223)
02-24 09:51:11 Epoch 009 Train loss -0.9307 | Val loss -0.9223
02-24 09:51:11 -----Epoch 10/19-----
02-24 09:51:15 current lr: 0.005005
02-24 09:51:15 Saved best checkpoint to ./checkpoint\SSF_JNU_0224-094832\best_pt (val_loss=-0.9248)
02-24 09:51:15 Epoch 010 Train loss -0.9330 | Val loss -0.9248
02-24 09:51:15 -----Epoch 11/19-----
02-24 09:51:20 current lr: 0.00422361
02-24 09:51:20 Saved best checkpoint to ./checkpoint\SSF_JNU_0224-094832\best_pt (val_loss=-0.9268)
02-24 09:51:20 Epoch 011 Train loss -0.9350 | Val loss -0.9268
02-24 09:51:20 -----Epoch 12/19-----
02-24 09:51:24 current lr: 0.00346146
02-24 09:51:24 Saved best checkpoint to ./checkpoint\SSF_JNU_0224-094832\best_pt (val_loss=-0.9284)
02-24 09:51:24 Epoch 012 Train loss -0.9365 | Val loss -0.9284
02-24 09:51:24 -----Epoch 13/19-----
02-24 09:51:29 current lr: 0.00273732
02-24 09:51:29 Saved best checkpoint to ./checkpoint\SSF_JNU_0224-094832\best_pt (val_loss=-0.9296)
02-24 09:51:29 Epoch 013 Train loss -0.9377 | Val loss -0.9296
02-24 09:51:29 -----Epoch 14/19-----
02-24 09:51:33 current lr: 0.00206901
02-24 09:51:33 Saved best checkpoint to ./checkpoint\SSF_JNU_0224-094832\best_pt (val_loss=-0.9305)
02-24 09:51:33 Epoch 014 Train loss -0.9387 | Val loss -0.9305
02-24 09:51:33 -----Epoch 15/19-----
02-24 09:51:38 current lr: 0.001473
02-24 09:51:38 Saved best checkpoint to ./checkpoint\SSF_JNU_0224-094832\best_pt (val_loss=-0.9312)
02-24 09:51:38 Epoch 015 Train loss -0.9393 | Val loss -0.9312
02-24 09:51:38 -----Epoch 16/19-----
02-24 09:51:42 current lr: 0.00096396
02-24 09:51:42 Saved best checkpoint to ./checkpoint\SSF_JNU_0224-094832\best_pt (val_loss=-0.9316)
02-24 09:51:42 Epoch 016 Train loss -0.9398 | Val loss -0.9316
02-24 09:51:42 -----Epoch 17/19-----
02-24 09:51:46 current lr: 0.000554422
02-24 09:51:46 Saved best checkpoint to ./checkpoint\SSF_JNU_0224-094832\best_pt (val_loss=-0.9319)
02-24 09:51:46 Epoch 017 Train loss -0.9400 | Val loss -0.9319
02-24 09:51:46 -----Epoch 18/19-----
02-24 09:51:51 current lr: 0.000254473
02-24 09:51:51 Saved best checkpoint to ./checkpoint\SSF_JNU_0224-094832\best_pt (val_loss=-0.9320)
02-24 09:51:51 Epoch 018 Train loss -0.9401 | Val loss -0.9320
02-24 09:51:51 -----Epoch 19/19-----
02-24 09:51:55 current lr: 7.14967e-05
02-24 09:51:55 Saved best checkpoint to ./checkpoint\SSF_JNU_0224-094832\best_pt (val_loss=-0.9321)
02-24 09:51:55 Epoch 019 Train loss -0.9402 | Val loss -0.9321
02-24 09:51:55 TEST (last): loss -0.9375
02-24 09:51:56 [LP epoch 00] train_loss=2.3943 train_acc=0.1668 | val_loss=302.0434 val_acc=0.1450 | 
02-24 09:51:56 [LP epoch 01] train_loss=2.3004 train_acc=0.2022 | val_loss=293.1412 val_acc=0.2137 | 
02-24 09:51:57 [LP epoch 02] train_loss=2.2351 train_acc=0.2190 | val_loss=284.8800 val_acc=0.2366 | 
02-24 09:51:57 [LP epoch 03] train_loss=2.1761 train_acc=0.2367 | val_loss=280.4636 val_acc=0.2443 | 
02-24 09:51:57 [LP epoch 04] train_loss=2.1164 train_acc=0.2435 | val_loss=277.5659 val_acc=0.2824 | 
02-24 09:51:58 [LP epoch 05] train_loss=2.0583 train_acc=0.2536 | val_loss=262.1852 val_acc=0.3053 | 
02-24 09:51:58 [LP epoch 06] train_loss=1.9981 train_acc=0.2536 | val_loss=249.4476 val_acc=0.3130 | 
02-24 09:51:58 [LP epoch 07] train_loss=1.9878 train_acc=0.2654 | val_loss=260.6560 val_acc=0.2977 | 
02-24 09:51:59 [LP epoch 08] train_loss=1.9519 train_acc=0.2662 | val_loss=252.3280 val_acc=0.2977 | 
02-24 09:51:59 [LP epoch 09] train_loss=1.9194 train_acc=0.2704 | val_loss=244.4993 val_acc=0.3359 | 
02-24 09:52:00 [LP epoch 10] train_loss=1.8803 train_acc=0.2687 | val_loss=236.9090 val_acc=0.2595 | 
02-24 09:52:00 [LP epoch 11] train_loss=1.8753 train_acc=0.2713 | val_loss=243.7620 val_acc=0.3206 | 
02-24 09:52:01 [LP epoch 12] train_loss=1.8352 train_acc=0.2839 | val_loss=232.5468 val_acc=0.3130 | 
02-24 09:52:01 [LP epoch 13] train_loss=1.8085 train_acc=0.2772 | val_loss=227.7076 val_acc=0.2977 | 
02-24 09:52:01 [LP epoch 14] train_loss=1.7810 train_acc=0.2814 | val_loss=224.2621 val_acc=0.2824 | 
02-24 09:52:02 [LP epoch 15] train_loss=1.7467 train_acc=0.2822 | val_loss=219.6916 val_acc=0.3206 | 
02-24 09:52:02 [LP epoch 16] train_loss=1.7107 train_acc=0.3176 | val_loss=217.9587 val_acc=0.4275 | 
02-24 09:52:02 [LP epoch 17] train_loss=1.7008 train_acc=0.3766 | val_loss=216.8190 val_acc=0.3435 | 
02-24 09:52:03 [LP epoch 18] train_loss=1.7874 train_acc=0.3597 | val_loss=225.3611 val_acc=0.4122 | 
02-24 09:52:03 [LP epoch 19] train_loss=1.7116 train_acc=0.3892 | val_loss=217.7158 val_acc=0.4046 | 
02-24 09:52:04 [LP epoch 20] train_loss=1.6695 train_acc=0.3884 | val_loss=213.8323 val_acc=0.3969 | 
02-24 09:52:04 [LP epoch 21] train_loss=1.6374 train_acc=0.3976 | val_loss=209.1591 val_acc=0.4122 | 
02-24 09:52:05 [LP epoch 22] train_loss=1.6135 train_acc=0.4128 | val_loss=209.2587 val_acc=0.4046 | 
02-24 09:52:05 [LP epoch 23] train_loss=1.5976 train_acc=0.4187 | val_loss=205.9266 val_acc=0.3893 | 
02-24 09:52:05 [LP epoch 24] train_loss=1.5705 train_acc=0.4145 | val_loss=198.7162 val_acc=0.4122 | 
02-24 09:52:06 [LP epoch 25] train_loss=1.5385 train_acc=0.4229 | val_loss=194.1533 val_acc=0.4275 | 
02-24 09:52:06 [LP epoch 26] train_loss=1.5132 train_acc=0.4330 | val_loss=192.3450 val_acc=0.4427 | 
02-24 09:52:07 [LP epoch 27] train_loss=1.4956 train_acc=0.4347 | val_loss=185.7735 val_acc=0.4504 | 
02-24 09:52:07 [LP epoch 28] train_loss=1.4788 train_acc=0.4414 | val_loss=187.5398 val_acc=0.4504 | 
02-24 09:52:07 [LP epoch 29] train_loss=1.4792 train_acc=0.4414 | val_loss=186.0173 val_acc=0.4504 | 
02-24 09:52:08 [LP epoch 30] train_loss=1.4580 train_acc=0.4541 | val_loss=186.4115 val_acc=0.4275 | 
02-24 09:52:08 [LP epoch 31] train_loss=1.4625 train_acc=0.4398 | val_loss=183.1290 val_acc=0.4275 | 
02-24 09:52:09 [LP epoch 32] train_loss=1.4332 train_acc=0.4575 | val_loss=178.0270 val_acc=0.4580 | 
02-24 09:52:09 [LP epoch 33] train_loss=1.4134 train_acc=0.4608 | val_loss=175.0052 val_acc=0.4580 | 
02-24 09:52:10 [LP epoch 34] train_loss=1.3977 train_acc=0.4709 | val_loss=174.7115 val_acc=0.4580 | 
02-24 09:52:10 [LP epoch 35] train_loss=1.4092 train_acc=0.4566 | val_loss=174.2442 val_acc=0.4962 | 
02-24 09:52:11 [LP epoch 36] train_loss=1.3716 train_acc=0.4701 | val_loss=171.3496 val_acc=0.4580 | 
02-24 09:52:11 [LP epoch 37] train_loss=1.3749 train_acc=0.4794 | val_loss=168.8197 val_acc=0.4885 | 
02-24 09:52:12 [LP epoch 38] train_loss=1.3722 train_acc=0.4608 | val_loss=169.0886 val_acc=0.5115 | 
02-24 09:52:12 [LP epoch 39] train_loss=1.3612 train_acc=0.4785 | val_loss=164.9523 val_acc=0.5496 | 
02-24 09:52:12 [LP epoch 40] train_loss=1.3568 train_acc=0.4785 | val_loss=168.1836 val_acc=0.4885 | 
02-24 09:52:13 [LP epoch 41] train_loss=1.3378 train_acc=0.4895 | val_loss=163.6615 val_acc=0.5191 | 
02-24 09:52:13 [LP epoch 42] train_loss=1.3375 train_acc=0.4903 | val_loss=163.8064 val_acc=0.5267 | 
02-24 09:52:14 [LP epoch 43] train_loss=1.3136 train_acc=0.4979 | val_loss=162.2908 val_acc=0.5038 | 
02-24 09:52:14 [LP epoch 44] train_loss=1.3026 train_acc=0.5046 | val_loss=160.7551 val_acc=0.5038 | 
02-24 09:52:14 [LP epoch 45] train_loss=1.3086 train_acc=0.4886 | val_loss=160.5841 val_acc=0.5573 | 
02-24 09:52:15 [LP epoch 46] train_loss=1.2851 train_acc=0.5164 | val_loss=158.3060 val_acc=0.5191 | 
02-24 09:52:15 [LP epoch 47] train_loss=1.2905 train_acc=0.4971 | val_loss=157.9106 val_acc=0.5573 | 
02-24 09:52:15 [LP epoch 48] train_loss=1.2742 train_acc=0.5215 | val_loss=155.9678 val_acc=0.5344 | 
02-24 09:52:16 [LP epoch 49] train_loss=1.2773 train_acc=0.5021 | val_loss=153.9003 val_acc=0.5802 | 
02-24 09:52:16 Saved linear-probe checkpoint: ./checkpoint\SSF_JNU_0224-094832\linear_probe_best.pt (best_val_acc=0.5802)
02-24 09:52:16 TEST linear-probe: loss=1.2928 acc=0.5072
