02-24 11:17:04 model_name: SSF
02-24 11:17:04 data_name: JNU
02-24 11:17:04 aug_1: normal
02-24 11:17:04 aug_2: randomcrop
02-24 11:17:04 max_epoch: 20
02-24 11:17:04 classifier_epoch: 50
02-24 11:17:04 data_view: TwoViewDataset
02-24 11:17:04 cuda_device: 0
02-24 11:17:04 checkpoint_dir: ./checkpoint
02-24 11:17:04 batch_size: 32
02-24 11:17:04 data_dir: raw_data/JNU/JNU-Bearing-Dataset-main
02-24 11:17:04 out_channel: 12
02-24 11:17:04 normlizetype: minus_one_one
02-24 11:17:04 processing_type: RA
02-24 11:17:04 opt: sgd
02-24 11:17:04 lr: 0.01
02-24 11:17:04 momentum: 0.9
02-24 11:17:04 weight_decay: 1e-05
02-24 11:17:04 lr_scheduler: cos
02-24 11:17:04 gamma: 0.1
02-24 11:17:04 eta_min: 1e-05
02-24 11:17:04 latent_space: 256
02-24 11:17:04 task: self_supervised
02-24 11:17:04 critetion: <class 'utils.loss_SSL.SimSiamLoss'>
02-24 11:17:04 using 1 gpus
02-24 11:17:04 Dataset class: <class 'data_utils.datasets.JNU.JNU'>
02-24 11:17:06 Split sizes: train=6153 val=659 test=1319, classier=659
02-24 11:17:06 Label counts train: Counter({1: 1026, 5: 1026, 9: 1026, 10: 342, 7: 342, 2: 342, 11: 342, 3: 342, 0: 342, 6: 341, 8: 341, 4: 341})
02-24 11:17:06 Label counts val:   Counter({1: 110, 5: 110, 9: 110, 8: 37, 11: 37, 0: 37, 4: 37, 2: 37, 7: 36, 10: 36, 3: 36, 6: 36})
02-24 11:17:06 Label counts test:  Counter({1: 220, 9: 220, 5: 220, 8: 74, 6: 74, 3: 73, 0: 73, 2: 73, 11: 73, 10: 73, 4: 73, 7: 73})
02-24 11:17:06 Label counts classifier:  Counter({9: 110, 1: 110, 5: 110, 4: 37, 3: 37, 6: 37, 7: 37, 10: 37, 11: 36, 0: 36, 2: 36, 8: 36})
02-24 11:17:08 -----Epoch 0/19-----
02-24 11:17:13 current lr: 0.01
02-24 11:17:13 Saved best checkpoint to ./checkpoint\SSF_JNU_0224-111704\best_pt (val_loss=-0.6365)
02-24 11:17:13 Epoch 000 Train loss -0.3833 | Val loss -0.6365
02-24 11:17:13 -----Epoch 1/19-----
02-24 11:17:18 current lr: 0.0099385
02-24 11:17:18 Saved best checkpoint to ./checkpoint\SSF_JNU_0224-111704\best_pt (val_loss=-0.8078)
02-24 11:17:18 Epoch 001 Train loss -0.7498 | Val loss -0.8078
02-24 11:17:18 -----Epoch 2/19-----
02-24 11:17:22 current lr: 0.00975553
02-24 11:17:22 Saved best checkpoint to ./checkpoint\SSF_JNU_0224-111704\best_pt (val_loss=-0.8561)
02-24 11:17:22 Epoch 002 Train loss -0.8446 | Val loss -0.8561
02-24 11:17:22 -----Epoch 3/19-----
02-24 11:17:26 current lr: 0.00945558
02-24 11:17:26 Saved best checkpoint to ./checkpoint\SSF_JNU_0224-111704\best_pt (val_loss=-0.8770)
02-24 11:17:26 Epoch 003 Train loss -0.8763 | Val loss -0.8770
02-24 11:17:26 -----Epoch 4/19-----
02-24 11:17:31 current lr: 0.00904604
02-24 11:17:31 Saved best checkpoint to ./checkpoint\SSF_JNU_0224-111704\best_pt (val_loss=-0.8889)
02-24 11:17:31 Epoch 004 Train loss -0.8916 | Val loss -0.8889
02-24 11:17:31 -----Epoch 5/19-----
02-24 11:17:36 current lr: 0.008537
02-24 11:17:36 Saved best checkpoint to ./checkpoint\SSF_JNU_0224-111704\best_pt (val_loss=-0.8961)
02-24 11:17:36 Epoch 005 Train loss -0.9003 | Val loss -0.8961
02-24 11:17:36 -----Epoch 6/19-----
02-24 11:17:41 current lr: 0.00794099
02-24 11:17:41 Saved best checkpoint to ./checkpoint\SSF_JNU_0224-111704\best_pt (val_loss=-0.9016)
02-24 11:17:41 Epoch 006 Train loss -0.9061 | Val loss -0.9016
02-24 11:17:41 -----Epoch 7/19-----
02-24 11:17:45 current lr: 0.00727268
02-24 11:17:45 Saved best checkpoint to ./checkpoint\SSF_JNU_0224-111704\best_pt (val_loss=-0.9065)
02-24 11:17:45 Epoch 007 Train loss -0.9108 | Val loss -0.9065
02-24 11:17:45 -----Epoch 8/19-----
02-24 11:17:49 current lr: 0.00654854
02-24 11:17:49 Saved best checkpoint to ./checkpoint\SSF_JNU_0224-111704\best_pt (val_loss=-0.9108)
02-24 11:17:49 Epoch 008 Train loss -0.9149 | Val loss -0.9108
02-24 11:17:49 -----Epoch 9/19-----
02-24 11:17:54 current lr: 0.00578639
02-24 11:17:54 Saved best checkpoint to ./checkpoint\SSF_JNU_0224-111704\best_pt (val_loss=-0.9148)
02-24 11:17:54 Epoch 009 Train loss -0.9186 | Val loss -0.9148
02-24 11:17:54 -----Epoch 10/19-----
02-24 11:17:58 current lr: 0.005005
02-24 11:17:58 Saved best checkpoint to ./checkpoint\SSF_JNU_0224-111704\best_pt (val_loss=-0.9181)
02-24 11:17:58 Epoch 010 Train loss -0.9219 | Val loss -0.9181
02-24 11:17:58 -----Epoch 11/19-----
02-24 11:18:03 current lr: 0.00422361
02-24 11:18:03 Saved best checkpoint to ./checkpoint\SSF_JNU_0224-111704\best_pt (val_loss=-0.9209)
02-24 11:18:03 Epoch 011 Train loss -0.9246 | Val loss -0.9209
02-24 11:18:03 -----Epoch 12/19-----
02-24 11:18:08 current lr: 0.00346146
02-24 11:18:08 Saved best checkpoint to ./checkpoint\SSF_JNU_0224-111704\best_pt (val_loss=-0.9231)
02-24 11:18:08 Epoch 012 Train loss -0.9269 | Val loss -0.9231
02-24 11:18:08 -----Epoch 13/19-----
02-24 11:18:13 current lr: 0.00273732
02-24 11:18:13 Saved best checkpoint to ./checkpoint\SSF_JNU_0224-111704\best_pt (val_loss=-0.9248)
02-24 11:18:13 Epoch 013 Train loss -0.9287 | Val loss -0.9248
02-24 11:18:13 -----Epoch 14/19-----
02-24 11:18:17 current lr: 0.00206901
02-24 11:18:17 Saved best checkpoint to ./checkpoint\SSF_JNU_0224-111704\best_pt (val_loss=-0.9261)
02-24 11:18:17 Epoch 014 Train loss -0.9301 | Val loss -0.9261
02-24 11:18:17 -----Epoch 15/19-----
02-24 11:18:21 current lr: 0.001473
02-24 11:18:21 Saved best checkpoint to ./checkpoint\SSF_JNU_0224-111704\best_pt (val_loss=-0.9270)
02-24 11:18:21 Epoch 015 Train loss -0.9311 | Val loss -0.9270
02-24 11:18:21 -----Epoch 16/19-----
02-24 11:18:26 current lr: 0.00096396
02-24 11:18:26 Saved best checkpoint to ./checkpoint\SSF_JNU_0224-111704\best_pt (val_loss=-0.9275)
02-24 11:18:26 Epoch 016 Train loss -0.9318 | Val loss -0.9275
02-24 11:18:26 -----Epoch 17/19-----
02-24 11:18:31 current lr: 0.000554422
02-24 11:18:31 Saved best checkpoint to ./checkpoint\SSF_JNU_0224-111704\best_pt (val_loss=-0.9278)
02-24 11:18:31 Epoch 017 Train loss -0.9321 | Val loss -0.9278
02-24 11:18:31 -----Epoch 18/19-----
02-24 11:18:36 current lr: 0.000254473
02-24 11:18:36 Saved best checkpoint to ./checkpoint\SSF_JNU_0224-111704\best_pt (val_loss=-0.9280)
02-24 11:18:36 Epoch 018 Train loss -0.9324 | Val loss -0.9280
02-24 11:18:36 -----Epoch 19/19-----
02-24 11:18:40 current lr: 7.14967e-05
02-24 11:18:41 Saved best checkpoint to ./checkpoint\SSF_JNU_0224-111704\best_pt (val_loss=-0.9280)
02-24 11:18:41 Epoch 019 Train loss -0.9325 | Val loss -0.9280
02-24 11:18:41 TEST (last): loss -0.9302
02-24 11:18:41 [LP epoch 00] train_loss=2.1865 train_acc=0.2352 | val_loss=1360.7815 val_acc=0.3278 | 
02-24 11:18:42 [LP epoch 01] train_loss=1.8849 train_acc=0.3384 | val_loss=1270.2976 val_acc=0.3460 | 
02-24 11:18:42 [LP epoch 02] train_loss=1.7583 train_acc=0.3839 | val_loss=1172.5767 val_acc=0.3551 | 
02-24 11:18:42 [LP epoch 03] train_loss=1.6767 train_acc=0.3991 | val_loss=1121.2674 val_acc=0.3627 | 
02-24 11:18:43 [LP epoch 04] train_loss=1.6157 train_acc=0.4036 | val_loss=1081.2011 val_acc=0.3869 | 
02-24 11:18:43 [LP epoch 05] train_loss=1.5666 train_acc=0.4294 | val_loss=1053.5183 val_acc=0.3824 | 
02-24 11:18:43 [LP epoch 06] train_loss=1.5138 train_acc=0.4340 | val_loss=1019.9681 val_acc=0.4067 | 
02-24 11:18:44 [LP epoch 07] train_loss=1.4711 train_acc=0.4492 | val_loss=1008.9786 val_acc=0.4067 | 
02-24 11:18:44 [LP epoch 08] train_loss=1.4455 train_acc=0.4598 | val_loss=991.2016 val_acc=0.4385 | 
02-24 11:18:45 [LP epoch 09] train_loss=1.4038 train_acc=0.4689 | val_loss=987.7070 val_acc=0.3930 | 
02-24 11:18:45 [LP epoch 10] train_loss=1.3765 train_acc=0.4628 | val_loss=964.6135 val_acc=0.4355 | 
02-24 11:18:46 [LP epoch 11] train_loss=1.3403 train_acc=0.4871 | val_loss=932.5951 val_acc=0.4461 | 
02-24 11:18:46 [LP epoch 12] train_loss=1.3064 train_acc=0.5068 | val_loss=911.0343 val_acc=0.4537 | 
02-24 11:18:46 [LP epoch 13] train_loss=1.2857 train_acc=0.5099 | val_loss=925.4587 val_acc=0.4537 | 
02-24 11:18:47 [LP epoch 14] train_loss=1.2662 train_acc=0.5023 | val_loss=921.7617 val_acc=0.4325 | 
02-24 11:18:47 [LP epoch 15] train_loss=1.2632 train_acc=0.5235 | val_loss=906.7281 val_acc=0.4476 | 
02-24 11:18:48 [LP epoch 16] train_loss=1.2294 train_acc=0.5296 | val_loss=895.6423 val_acc=0.4613 | 
02-24 11:18:48 [LP epoch 17] train_loss=1.2172 train_acc=0.5402 | val_loss=887.3976 val_acc=0.4461 | 
02-24 11:18:49 [LP epoch 18] train_loss=1.2034 train_acc=0.5235 | val_loss=879.9012 val_acc=0.4750 | 
02-24 11:18:49 [LP epoch 19] train_loss=1.1707 train_acc=0.5478 | val_loss=880.1012 val_acc=0.4674 | 
02-24 11:18:50 [LP epoch 20] train_loss=1.1577 train_acc=0.5706 | val_loss=888.1416 val_acc=0.4522 | 
02-24 11:18:50 [LP epoch 21] train_loss=1.1471 train_acc=0.5554 | val_loss=849.4109 val_acc=0.4795 | 
02-24 11:18:50 [LP epoch 22] train_loss=1.1248 train_acc=0.5751 | val_loss=847.7544 val_acc=0.4810 | 
02-24 11:18:51 [LP epoch 23] train_loss=1.1263 train_acc=0.5675 | val_loss=863.6700 val_acc=0.4765 | 
02-24 11:18:51 [LP epoch 24] train_loss=1.0932 train_acc=0.5873 | val_loss=838.1337 val_acc=0.5083 | 
02-24 11:18:52 [LP epoch 25] train_loss=1.0993 train_acc=0.5781 | val_loss=854.4639 val_acc=0.4795 | 
02-24 11:18:52 [LP epoch 26] train_loss=1.0830 train_acc=0.5766 | val_loss=818.2516 val_acc=0.5175 | 
02-24 11:18:52 [LP epoch 27] train_loss=1.0778 train_acc=0.5842 | val_loss=859.0354 val_acc=0.4795 | 
02-24 11:18:53 [LP epoch 28] train_loss=1.0671 train_acc=0.6085 | val_loss=833.4919 val_acc=0.5129 | 
02-24 11:18:53 [LP epoch 29] train_loss=1.0417 train_acc=0.6252 | val_loss=829.1227 val_acc=0.5023 | 
02-24 11:18:54 [LP epoch 30] train_loss=1.0433 train_acc=0.5994 | val_loss=847.9354 val_acc=0.4825 | 
02-24 11:18:54 [LP epoch 31] train_loss=1.0450 train_acc=0.6131 | val_loss=844.1861 val_acc=0.4901 | 
02-24 11:18:54 [LP epoch 32] train_loss=1.0194 train_acc=0.6176 | val_loss=834.4756 val_acc=0.5008 | 
02-24 11:18:55 [LP epoch 33] train_loss=1.0095 train_acc=0.6191 | val_loss=829.2693 val_acc=0.4825 | 
02-24 11:18:55 [LP epoch 34] train_loss=1.0169 train_acc=0.6055 | val_loss=827.9105 val_acc=0.5053 | 
02-24 11:18:56 [LP epoch 35] train_loss=1.0132 train_acc=0.6176 | val_loss=880.0587 val_acc=0.4977 | 
02-24 11:18:56 [LP epoch 36] train_loss=1.0020 train_acc=0.6191 | val_loss=833.9675 val_acc=0.5114 | 
02-24 11:18:56 [LP epoch 37] train_loss=0.9860 train_acc=0.6282 | val_loss=841.9930 val_acc=0.4947 | 
02-24 11:18:57 [LP epoch 38] train_loss=0.9897 train_acc=0.6419 | val_loss=846.4132 val_acc=0.5114 | 
02-24 11:18:57 [LP epoch 39] train_loss=0.9754 train_acc=0.6267 | val_loss=829.6034 val_acc=0.5144 | 
02-24 11:18:58 [LP epoch 40] train_loss=0.9548 train_acc=0.6540 | val_loss=847.2207 val_acc=0.5038 | 
02-24 11:18:58 [LP epoch 41] train_loss=0.9605 train_acc=0.6373 | val_loss=855.7405 val_acc=0.5068 | 
02-24 11:18:59 [LP epoch 42] train_loss=0.9578 train_acc=0.6449 | val_loss=819.6255 val_acc=0.5281 | 
02-24 11:18:59 [LP epoch 43] train_loss=0.9451 train_acc=0.6464 | val_loss=873.5309 val_acc=0.4962 | 
02-24 11:18:59 [LP epoch 44] train_loss=0.9326 train_acc=0.6601 | val_loss=860.4886 val_acc=0.4977 | 
02-24 11:19:00 [LP epoch 45] train_loss=0.9268 train_acc=0.6297 | val_loss=837.8761 val_acc=0.5159 | 
02-24 11:19:00 [LP epoch 46] train_loss=0.9005 train_acc=0.6555 | val_loss=846.7186 val_acc=0.5190 | 
02-24 11:19:00 [LP epoch 47] train_loss=0.8854 train_acc=0.6631 | val_loss=812.6595 val_acc=0.5311 | 
02-24 11:19:01 [LP epoch 48] train_loss=0.8759 train_acc=0.6616 | val_loss=825.9615 val_acc=0.5175 | 
02-24 11:19:01 [LP epoch 49] train_loss=0.8694 train_acc=0.6859 | val_loss=813.4116 val_acc=0.5311 | 
02-24 11:19:01 Saved linear-probe checkpoint: ./checkpoint\SSF_JNU_0224-111704\linear_probe_best.pt (best_val_acc=0.5311)
02-24 11:19:02 TEST linear-probe: loss=1.2012 acc=0.5398
02-24 11:19:02 using 1 gpus
02-24 11:19:02 Dataset class: <class 'data_utils.datasets.JNU.JNU'>
02-24 11:19:03 Split sizes: train=6153 val=659 test=1319, classier=659
02-24 11:19:03 Label counts train: Counter({1: 1026, 5: 1026, 9: 1026, 10: 342, 7: 342, 2: 342, 11: 342, 3: 342, 0: 342, 6: 341, 8: 341, 4: 341})
02-24 11:19:03 Label counts val:   Counter({1: 110, 5: 110, 9: 110, 8: 37, 11: 37, 0: 37, 4: 37, 2: 37, 7: 36, 10: 36, 3: 36, 6: 36})
02-24 11:19:03 Label counts test:  Counter({1: 220, 9: 220, 5: 220, 8: 74, 6: 74, 3: 73, 0: 73, 2: 73, 11: 73, 10: 73, 4: 73, 7: 73})
02-24 11:19:03 Label counts classifier:  Counter({9: 110, 1: 110, 5: 110, 4: 37, 3: 37, 6: 37, 7: 37, 10: 37, 11: 36, 0: 36, 2: 36, 8: 36})
02-24 11:19:03 -----Epoch 0/19-----
02-24 11:19:08 current lr: 0.01
02-24 11:19:08 Saved best checkpoint to ./checkpoint\SSF_JNU_0224-111704\best_pt (val_loss=-0.6422)
02-24 11:19:08 Epoch 000 Train loss -0.3955 | Val loss -0.6422
02-24 11:19:08 -----Epoch 1/19-----
02-24 11:19:12 current lr: 0.0099385
02-24 11:19:12 Saved best checkpoint to ./checkpoint\SSF_JNU_0224-111704\best_pt (val_loss=-0.7813)
02-24 11:19:12 Epoch 001 Train loss -0.7348 | Val loss -0.7813
02-24 11:19:12 -----Epoch 2/19-----
02-24 11:19:16 current lr: 0.00975553
02-24 11:19:16 Saved best checkpoint to ./checkpoint\SSF_JNU_0224-111704\best_pt (val_loss=-0.8330)
02-24 11:19:16 Epoch 002 Train loss -0.8158 | Val loss -0.8330
02-24 11:19:16 -----Epoch 3/19-----
02-24 11:19:21 current lr: 0.00945558
02-24 11:19:21 Saved best checkpoint to ./checkpoint\SSF_JNU_0224-111704\best_pt (val_loss=-0.8657)
02-24 11:19:21 Epoch 003 Train loss -0.8562 | Val loss -0.8657
02-24 11:19:21 -----Epoch 4/19-----
02-24 11:19:26 current lr: 0.00904604
02-24 11:19:26 Saved best checkpoint to ./checkpoint\SSF_JNU_0224-111704\best_pt (val_loss=-0.8863)
02-24 11:19:26 Epoch 004 Train loss -0.8815 | Val loss -0.8863
02-24 11:19:26 -----Epoch 5/19-----
02-24 11:19:31 current lr: 0.008537
02-24 11:19:31 Saved best checkpoint to ./checkpoint\SSF_JNU_0224-111704\best_pt (val_loss=-0.9004)
02-24 11:19:31 Epoch 005 Train loss -0.8982 | Val loss -0.9004
02-24 11:19:31 -----Epoch 6/19-----
02-24 11:19:35 current lr: 0.00794099
02-24 11:19:35 Saved best checkpoint to ./checkpoint\SSF_JNU_0224-111704\best_pt (val_loss=-0.9092)
02-24 11:19:35 Epoch 006 Train loss -0.9096 | Val loss -0.9092
02-24 11:19:35 -----Epoch 7/19-----
02-24 11:19:39 current lr: 0.00727268
02-24 11:19:40 Saved best checkpoint to ./checkpoint\SSF_JNU_0224-111704\best_pt (val_loss=-0.9159)
02-24 11:19:40 Epoch 007 Train loss -0.9174 | Val loss -0.9159
02-24 11:19:40 -----Epoch 8/19-----
02-24 11:19:45 current lr: 0.00654854
02-24 11:19:45 Saved best checkpoint to ./checkpoint\SSF_JNU_0224-111704\best_pt (val_loss=-0.9219)
02-24 11:19:45 Epoch 008 Train loss -0.9232 | Val loss -0.9219
02-24 11:19:45 -----Epoch 9/19-----
02-24 11:19:50 current lr: 0.00578639
02-24 11:19:50 Saved best checkpoint to ./checkpoint\SSF_JNU_0224-111704\best_pt (val_loss=-0.9263)
02-24 11:19:50 Epoch 009 Train loss -0.9279 | Val loss -0.9263
02-24 11:19:50 -----Epoch 10/19-----
02-24 11:19:55 current lr: 0.005005
02-24 11:19:55 Saved best checkpoint to ./checkpoint\SSF_JNU_0224-111704\best_pt (val_loss=-0.9299)
02-24 11:19:55 Epoch 010 Train loss -0.9317 | Val loss -0.9299
02-24 11:19:55 -----Epoch 11/19-----
02-24 11:19:59 current lr: 0.00422361
02-24 11:19:59 Saved best checkpoint to ./checkpoint\SSF_JNU_0224-111704\best_pt (val_loss=-0.9326)
02-24 11:19:59 Epoch 011 Train loss -0.9348 | Val loss -0.9326
02-24 11:19:59 -----Epoch 12/19-----
02-24 11:20:03 current lr: 0.00346146
02-24 11:20:03 Saved best checkpoint to ./checkpoint\SSF_JNU_0224-111704\best_pt (val_loss=-0.9345)
02-24 11:20:03 Epoch 012 Train loss -0.9370 | Val loss -0.9345
02-24 11:20:03 -----Epoch 13/19-----
02-24 11:20:08 current lr: 0.00273732
02-24 11:20:08 Saved best checkpoint to ./checkpoint\SSF_JNU_0224-111704\best_pt (val_loss=-0.9359)
02-24 11:20:08 Epoch 013 Train loss -0.9388 | Val loss -0.9359
02-24 11:20:08 -----Epoch 14/19-----
02-24 11:20:12 current lr: 0.00206901
02-24 11:20:12 Saved best checkpoint to ./checkpoint\SSF_JNU_0224-111704\best_pt (val_loss=-0.9369)
02-24 11:20:12 Epoch 014 Train loss -0.9400 | Val loss -0.9369
02-24 11:20:12 -----Epoch 15/19-----
02-24 11:20:17 current lr: 0.001473
02-24 11:20:17 Saved best checkpoint to ./checkpoint\SSF_JNU_0224-111704\best_pt (val_loss=-0.9376)
02-24 11:20:17 Epoch 015 Train loss -0.9409 | Val loss -0.9376
02-24 11:20:17 -----Epoch 16/19-----
02-24 11:20:22 current lr: 0.00096396
02-24 11:20:22 Saved best checkpoint to ./checkpoint\SSF_JNU_0224-111704\best_pt (val_loss=-0.9381)
02-24 11:20:22 Epoch 016 Train loss -0.9415 | Val loss -0.9381
02-24 11:20:22 -----Epoch 17/19-----
02-24 11:20:26 current lr: 0.000554422
02-24 11:20:26 Saved best checkpoint to ./checkpoint\SSF_JNU_0224-111704\best_pt (val_loss=-0.9383)
02-24 11:20:26 Epoch 017 Train loss -0.9418 | Val loss -0.9383
02-24 11:20:26 -----Epoch 18/19-----
