02-24 15:42:05 model_name: SSF
02-24 15:42:05 data_name: PU
02-24 15:42:05 aug_1: normal
02-24 15:42:05 aug_2: randomcrop
02-24 15:42:05 max_epoch: 20
02-24 15:42:05 classifier_epoch: 50
02-24 15:42:05 data_view: TwoViewDataset
02-24 15:42:05 cuda_device: 0
02-24 15:42:05 checkpoint_dir: ./checkpoint
02-24 15:42:05 batch_size: 32
02-24 15:42:05 data_dir: raw_data/PU
02-24 15:42:05 out_channel: 4
02-24 15:42:05 normlizetype: minus_one_one
02-24 15:42:05 processing_type: RA
02-24 15:42:05 opt: sgd
02-24 15:42:05 lr: 0.01
02-24 15:42:05 momentum: 0.9
02-24 15:42:05 weight_decay: 1e-05
02-24 15:42:05 lr_scheduler: cos
02-24 15:42:05 gamma: 0.1
02-24 15:42:05 eta_min: 1e-05
02-24 15:42:05 latent_space: 16
02-24 15:42:05 num_blocks_ssf: 5
02-24 15:42:05 task: self_supervised
02-24 15:42:05 critetion: <class 'utils.loss_SSL.SimSiamLoss'>
02-24 15:42:05 using 1 gpus
02-24 15:42:05 Dataset class: <class 'data_utils.datasets.PU.PU'>
02-24 15:42:05 Split sizes: train=21802 val=2336 test=4672, classier=2336
02-24 15:42:07 Label counts train: Counter({3: 8481, 1: 7718, 0: 3501, 2: 2102})
02-24 15:42:07 Label counts val:   Counter({3: 909, 1: 827, 0: 375, 2: 225})
02-24 15:42:07 Label counts test:  Counter({3: 1817, 1: 1654, 0: 750, 2: 451})
02-24 15:42:07 Label counts classifier:  Counter({3: 909, 1: 827, 0: 375, 2: 225})
02-24 15:42:09 -----Epoch 0/19-----
02-24 15:42:27 current lr: 0.01
02-24 15:42:27 Saved best checkpoint to ./checkpoint\SSF_PU_0224-154205\best_pt (val_loss=-0.9931)
02-24 15:42:27 Epoch 000 Train loss -0.9683 | Val loss -0.9931
02-24 15:42:27 -----Epoch 1/19-----
