03-10 14:47:11 model_name: SSF
03-10 14:47:11 data_name: XJTU
03-10 14:47:11 aug_1: randomcrop
03-10 14:47:11 aug_2: scale
03-10 14:47:11 max_epoch: 20
03-10 14:47:11 classifier_epoch: 50
03-10 14:47:11 data_view: TwoViewDataset
03-10 14:47:11 cuda_device: 0
03-10 14:47:11 checkpoint_dir: ./anomaly_detection
03-10 14:47:11 batch_size: 64
03-10 14:47:11 data_dir: raw_data/XJTU/XJTU-SY_Bearing_Datasets/XJTU-SY_Bearing_Datasets
03-10 14:47:11 out_channel: 4
03-10 14:47:11 normlizetype: minus_one_one
03-10 14:47:11 processing_type: O_N
03-10 14:47:11 opt: sgd
03-10 14:47:11 lr: 0.05
03-10 14:47:11 momentum: 0.9
03-10 14:47:11 weight_decay: 0.0001
03-10 14:47:11 lr_scheduler: cos
03-10 14:47:11 gamma: 0.95
03-10 14:47:11 eta_min: 1e-05
03-10 14:47:11 latent_space: 192
03-10 14:47:11 num_blocks_ssf: 5
03-10 14:47:11 hidden_channel: 128
03-10 14:47:11 task: self_supervised
03-10 14:47:11 critetion: <class 'utils.loss_SSL.SimSiamLoss'>
03-10 14:47:11 using 1 gpus
03-10 14:47:11 Dataset class: <class 'data_utils.datasets.XJTU.XJTU'>
