03-04 09:02:11 model_name: SSF
03-04 09:02:11 data_name: PU
03-04 09:02:11 aug_1: randomcrop
03-04 09:02:11 aug_2: scale
03-04 09:02:11 max_epoch: 20
03-04 09:02:11 classifier_epoch: 50
03-04 09:02:11 data_view: TwoViewDataset
03-04 09:02:11 cuda_device: 0
03-04 09:02:11 checkpoint_dir: ./checkpoint
03-04 09:02:11 batch_size: 32
03-04 09:02:11 data_dir: raw_data/PU
03-04 09:02:11 out_channel: 4
03-04 09:02:12 normlizetype: minus_one_one
03-04 09:02:12 processing_type: RA
03-04 09:02:12 opt: sgd
03-04 09:02:12 lr: 0.01
03-04 09:02:12 momentum: 0.9
03-04 09:02:12 weight_decay: 1e-05
03-04 09:02:12 lr_scheduler: cos
03-04 09:02:12 gamma: 0.1
03-04 09:02:12 eta_min: 1e-05
03-04 09:02:12 latent_space: 96
03-04 09:02:12 num_blocks_ssf: None
03-04 09:02:12 task: self_supervised
03-04 09:02:12 critetion: <class 'utils.loss_SSL.SimSiamLoss'>
03-04 09:02:12 using 1 gpus
03-04 09:02:12 Dataset class: <class 'data_utils.datasets.PU.PU'>
03-04 09:02:12 Split sizes: train=12607 val=2430 test=2702, classier=271
03-04 09:02:13 Label counts train: Counter({3: 3498, 1: 3493, 0: 3490, 2: 2095})
03-04 09:02:13 Label counts val:   Counter({3: 667, 0: 667, 1: 666, 2: 400})
03-04 09:02:13 Label counts test:  Counter({3: 751, 1: 750, 0: 750, 2: 451})
03-04 09:02:13 Label counts classifier:  Counter({1: 72, 0: 72, 3: 70, 2: 42})
03-04 09:02:15 -----Epoch 0/19-----
03-04 09:02:26 current lr: 0.01
03-04 09:02:26 Saved best checkpoint to ./checkpoint\SSF_PU_0304-090211\best_pt (val_loss=-0.9890)
03-04 09:02:26 Epoch 000 Train loss -0.9551 | Val loss -0.9890
03-04 09:02:26 -----Epoch 1/19-----
03-04 09:02:37 current lr: 0.0099385
03-04 09:02:37 Saved best checkpoint to ./checkpoint\SSF_PU_0304-090211\best_pt (val_loss=-0.9922)
03-04 09:02:37 Epoch 001 Train loss -0.9903 | Val loss -0.9922
03-04 09:02:37 -----Epoch 2/19-----
03-04 09:02:48 current lr: 0.00975553
03-04 09:02:48 Saved best checkpoint to ./checkpoint\SSF_PU_0304-090211\best_pt (val_loss=-0.9935)
03-04 09:02:48 Epoch 002 Train loss -0.9922 | Val loss -0.9935
03-04 09:02:48 -----Epoch 3/19-----
03-04 09:03:00 current lr: 0.00945558
03-04 09:03:00 Saved best checkpoint to ./checkpoint\SSF_PU_0304-090211\best_pt (val_loss=-0.9942)
03-04 09:03:00 Epoch 003 Train loss -0.9932 | Val loss -0.9942
03-04 09:03:00 -----Epoch 4/19-----
03-04 09:03:10 current lr: 0.00904604
03-04 09:03:10 Saved best checkpoint to ./checkpoint\SSF_PU_0304-090211\best_pt (val_loss=-0.9947)
03-04 09:03:10 Epoch 004 Train loss -0.9938 | Val loss -0.9947
03-04 09:03:10 -----Epoch 5/19-----
03-04 09:03:21 current lr: 0.008537
03-04 09:03:21 Saved best checkpoint to ./checkpoint\SSF_PU_0304-090211\best_pt (val_loss=-0.9951)
03-04 09:03:21 Epoch 005 Train loss -0.9942 | Val loss -0.9951
03-04 09:03:21 -----Epoch 6/19-----
03-04 09:03:33 current lr: 0.00794099
03-04 09:03:33 Saved best checkpoint to ./checkpoint\SSF_PU_0304-090211\best_pt (val_loss=-0.9953)
03-04 09:03:33 Epoch 006 Train loss -0.9945 | Val loss -0.9953
03-04 09:03:33 -----Epoch 7/19-----
03-04 09:03:43 current lr: 0.00727268
03-04 09:03:43 Saved best checkpoint to ./checkpoint\SSF_PU_0304-090211\best_pt (val_loss=-0.9954)
03-04 09:03:43 Epoch 007 Train loss -0.9947 | Val loss -0.9954
03-04 09:03:43 -----Epoch 8/19-----
03-04 09:03:54 current lr: 0.00654854
03-04 09:03:54 Saved best checkpoint to ./checkpoint\SSF_PU_0304-090211\best_pt (val_loss=-0.9955)
03-04 09:03:54 Epoch 008 Train loss -0.9948 | Val loss -0.9955
03-04 09:03:54 -----Epoch 9/19-----
03-04 09:04:05 current lr: 0.00578639
03-04 09:04:05 Saved best checkpoint to ./checkpoint\SSF_PU_0304-090211\best_pt (val_loss=-0.9956)
03-04 09:04:05 Epoch 009 Train loss -0.9948 | Val loss -0.9956
03-04 09:04:05 -----Epoch 10/19-----
03-04 09:04:17 current lr: 0.005005
03-04 09:04:17 Saved best checkpoint to ./checkpoint\SSF_PU_0304-090211\best_pt (val_loss=-0.9956)
03-04 09:04:17 Epoch 010 Train loss -0.9949 | Val loss -0.9956
03-04 09:04:17 -----Epoch 11/19-----
