03-10 13:28:00 model_name: SSF
03-10 13:28:00 data_name: JNU
03-10 13:28:00 aug_1: randomcrop
03-10 13:28:00 aug_2: scale
03-10 13:28:00 max_epoch: 20
03-10 13:28:00 classifier_epoch: 50
03-10 13:28:00 data_view: TwoViewDataset
03-10 13:28:00 cuda_device: 0
03-10 13:28:00 checkpoint_dir: ./anomaly_detection
03-10 13:28:00 batch_size: 64
03-10 13:28:00 data_dir: raw_data/JNU/JNU-Bearing-Dataset-main
03-10 13:28:00 out_channel: 4
03-10 13:28:00 normlizetype: minus_one_one
03-10 13:28:00 processing_type: O_N
03-10 13:28:00 opt: sgd
03-10 13:28:00 lr: 0.05
03-10 13:28:00 momentum: 0.9
03-10 13:28:00 weight_decay: 0.0001
03-10 13:28:00 lr_scheduler: cos
03-10 13:28:00 gamma: 0.95
03-10 13:28:00 eta_min: 1e-05
03-10 13:28:00 latent_space: 192
03-10 13:28:00 num_blocks_ssf: 5
03-10 13:28:00 hidden_channel: 128
03-10 13:28:00 task: self_supervised
03-10 13:28:00 critetion: <class 'utils.loss_SSL.SimSiamLoss'>
03-10 13:28:00 using 1 gpus
03-10 13:28:00 Dataset class: <class 'data_utils.datasets.JNU.JNU'>
03-10 13:28:01 Split sizes: train=2638 val=880 test=2636, classier=40
03-10 13:28:01 Label counts train: Counter({0: 2638})
03-10 13:28:02 Label counts val:   Counter({0: 880})
03-10 13:28:02 Label counts test:  Counter({3: 732, 2: 732, 1: 732, 0: 440})
03-10 13:28:02 Label counts classifier:  Counter({1: 10, 2: 10, 3: 10, 0: 10})
03-10 13:28:03 Loaded best checkpoint from ./anomaly_detection/SSF_PU_0310-131203/best_pt (val_loss=-0.9984540839195252)
03-10 13:28:03 Loaded best checkpoint from ./anomaly_detection/SSF_PU_0310-131203/best_pt (val_loss=-0.9984540839195252)
03-10 13:28:04 TEST (best): loss -0.9720
