03-10 13:41:53 model_name: SSF
03-10 13:41:53 data_name: SEU
03-10 13:41:53 aug_1: randomcrop
03-10 13:41:53 aug_2: scale
03-10 13:41:53 max_epoch: 20
03-10 13:41:53 classifier_epoch: 50
03-10 13:41:53 data_view: TwoViewDataset
03-10 13:41:53 cuda_device: 0
03-10 13:41:53 checkpoint_dir: ./anomaly_detection
03-10 13:41:53 batch_size: 64
03-10 13:41:53 data_dir: raw_data/SEU/gearbox
03-10 13:41:53 out_channel: 5
03-10 13:41:53 normlizetype: minus_one_one
03-10 13:41:53 processing_type: O_N
03-10 13:41:53 opt: sgd
03-10 13:41:53 lr: 0.05
03-10 13:41:53 momentum: 0.9
03-10 13:41:53 weight_decay: 0.0001
03-10 13:41:53 lr_scheduler: cos
03-10 13:41:53 gamma: 0.95
03-10 13:41:53 eta_min: 1e-05
03-10 13:41:53 latent_space: 192
03-10 13:41:53 num_blocks_ssf: 5
03-10 13:41:53 hidden_channel: 128
03-10 13:41:53 task: self_supervised
03-10 13:41:53 critetion: <class 'utils.loss_SSL.SimSiamLoss'>
03-10 13:41:53 using 1 gpus
03-10 13:41:53 Dataset class: <class 'data_utils.datasets.SEU.SEU'>
03-10 13:43:12 Split sizes: train=122 val=41 test=428, classier=429
03-10 13:43:12 Label counts train: Counter({0: 122})
03-10 13:43:12 Label counts val:   Counter({0: 41})
03-10 13:43:12 Label counts test:  Counter({2: 102, 1: 102, 4: 102, 3: 102, 0: 20})
03-10 13:43:12 Label counts classifier:  Counter({1: 102, 4: 102, 2: 102, 3: 102, 0: 21})
03-10 13:43:13 -----Epoch 0/19-----
03-10 13:43:14 current lr: 0.05
03-10 13:43:14 Saved best checkpoint to ./anomaly_detection\SSF_SEU_0310-134153\best_pt (val_loss=-0.1847)
03-10 13:43:14 Epoch 000 Train loss -0.0467 | Val loss -0.1847
03-10 13:43:14 -----Epoch 1/19-----
03-10 13:43:14 current lr: 0.0496923
03-10 13:43:14 Saved best checkpoint to ./anomaly_detection\SSF_SEU_0310-134153\best_pt (val_loss=-0.4521)
03-10 13:43:14 Epoch 001 Train loss -0.4196 | Val loss -0.4521
03-10 13:43:14 -----Epoch 2/19-----
03-10 13:43:14 current lr: 0.0487767
03-10 13:43:14 Saved best checkpoint to ./anomaly_detection\SSF_SEU_0310-134153\best_pt (val_loss=-0.5874)
03-10 13:43:14 Epoch 002 Train loss -0.7418 | Val loss -0.5874
03-10 13:43:14 -----Epoch 3/19-----
03-10 13:43:15 current lr: 0.0472757
03-10 13:43:15 Saved best checkpoint to ./anomaly_detection\SSF_SEU_0310-134153\best_pt (val_loss=-0.6538)
03-10 13:43:15 Epoch 003 Train loss -0.8748 | Val loss -0.6538
03-10 13:43:15 -----Epoch 4/19-----
03-10 13:43:15 current lr: 0.0452264
03-10 13:43:15 Saved best checkpoint to ./anomaly_detection\SSF_SEU_0310-134153\best_pt (val_loss=-0.6998)
03-10 13:43:15 Epoch 004 Train loss -0.9166 | Val loss -0.6998
03-10 13:43:15 -----Epoch 5/19-----
03-10 13:43:15 current lr: 0.0426791
03-10 13:43:15 Saved best checkpoint to ./anomaly_detection\SSF_SEU_0310-134153\best_pt (val_loss=-0.7403)
03-10 13:43:15 Epoch 005 Train loss -0.9290 | Val loss -0.7403
03-10 13:43:15 -----Epoch 6/19-----
03-10 13:43:15 current lr: 0.0396967
03-10 13:43:15 Saved best checkpoint to ./anomaly_detection\SSF_SEU_0310-134153\best_pt (val_loss=-0.7818)
03-10 13:43:15 Epoch 006 Train loss -0.9334 | Val loss -0.7818
03-10 13:43:15 -----Epoch 7/19-----
03-10 13:43:15 current lr: 0.0363525
03-10 13:43:15 Saved best checkpoint to ./anomaly_detection\SSF_SEU_0310-134153\best_pt (val_loss=-0.8241)
03-10 13:43:15 Epoch 007 Train loss -0.9365 | Val loss -0.8241
03-10 13:43:15 -----Epoch 8/19-----
03-10 13:43:15 current lr: 0.0327289
03-10 13:43:15 Saved best checkpoint to ./anomaly_detection\SSF_SEU_0310-134153\best_pt (val_loss=-0.8629)
03-10 13:43:15 Epoch 008 Train loss -0.9396 | Val loss -0.8629
03-10 13:43:15 -----Epoch 9/19-----
03-10 13:43:15 current lr: 0.0289151
03-10 13:43:15 Saved best checkpoint to ./anomaly_detection\SSF_SEU_0310-134153\best_pt (val_loss=-0.8940)
03-10 13:43:15 Epoch 009 Train loss -0.9428 | Val loss -0.8940
03-10 13:43:15 -----Epoch 10/19-----
03-10 13:43:16 current lr: 0.025005
03-10 13:43:16 Saved best checkpoint to ./anomaly_detection\SSF_SEU_0310-134153\best_pt (val_loss=-0.9166)
03-10 13:43:16 Epoch 010 Train loss -0.9458 | Val loss -0.9166
03-10 13:43:16 -----Epoch 11/19-----
03-10 13:43:16 current lr: 0.0210949
03-10 13:43:16 Saved best checkpoint to ./anomaly_detection\SSF_SEU_0310-134153\best_pt (val_loss=-0.9318)
03-10 13:43:16 Epoch 011 Train loss -0.9485 | Val loss -0.9318
03-10 13:43:16 -----Epoch 12/19-----
03-10 13:43:16 current lr: 0.0172811
03-10 13:43:16 Saved best checkpoint to ./anomaly_detection\SSF_SEU_0310-134153\best_pt (val_loss=-0.9419)
03-10 13:43:16 Epoch 012 Train loss -0.9508 | Val loss -0.9419
03-10 13:43:16 -----Epoch 13/19-----
03-10 13:43:16 current lr: 0.0136575
03-10 13:43:16 Saved best checkpoint to ./anomaly_detection\SSF_SEU_0310-134153\best_pt (val_loss=-0.9484)
03-10 13:43:16 Epoch 013 Train loss -0.9527 | Val loss -0.9484
03-10 13:43:16 -----Epoch 14/19-----
03-10 13:43:16 current lr: 0.0103133
03-10 13:43:16 Saved best checkpoint to ./anomaly_detection\SSF_SEU_0310-134153\best_pt (val_loss=-0.9525)
03-10 13:43:16 Epoch 014 Train loss -0.9543 | Val loss -0.9525
03-10 13:43:16 -----Epoch 15/19-----
03-10 13:43:16 current lr: 0.00733087
03-10 13:43:17 Saved best checkpoint to ./anomaly_detection\SSF_SEU_0310-134153\best_pt (val_loss=-0.9551)
03-10 13:43:17 Epoch 015 Train loss -0.9555 | Val loss -0.9551
03-10 13:43:17 -----Epoch 16/19-----
03-10 13:43:17 current lr: 0.00478362
03-10 13:43:17 Saved best checkpoint to ./anomaly_detection\SSF_SEU_0310-134153\best_pt (val_loss=-0.9566)
03-10 13:43:17 Epoch 016 Train loss -0.9564 | Val loss -0.9566
03-10 13:43:17 -----Epoch 17/19-----
03-10 13:43:17 current lr: 0.00273429
03-10 13:43:17 Saved best checkpoint to ./anomaly_detection\SSF_SEU_0310-134153\best_pt (val_loss=-0.9575)
03-10 13:43:17 Epoch 017 Train loss -0.9570 | Val loss -0.9575
03-10 13:43:17 -----Epoch 18/19-----
03-10 13:43:17 current lr: 0.00123334
03-10 13:43:17 Saved best checkpoint to ./anomaly_detection\SSF_SEU_0310-134153\best_pt (val_loss=-0.9580)
03-10 13:43:17 Epoch 018 Train loss -0.9573 | Val loss -0.9580
03-10 13:43:17 -----Epoch 19/19-----
03-10 13:43:17 current lr: 0.00031773
03-10 13:43:17 Saved best checkpoint to ./anomaly_detection\SSF_SEU_0310-134153\best_pt (val_loss=-0.9582)
03-10 13:43:17 Epoch 019 Train loss -0.9574 | Val loss -0.9582
03-10 13:43:17 TEST (last): loss -0.9430
03-10 13:43:17 Loaded best checkpoint from ./anomaly_detection\SSF_SEU_0310-134153\best_pt (val_loss=-0.9581979513168335)
03-10 13:43:18 TEST (best): loss -0.9430
03-10 13:43:18 [LP epoch 00] train_loss=1.5828 train_acc=0.2075 | val_loss=1.4502 val_acc=0.6098 | 
03-10 13:43:18 [LP epoch 01] train_loss=1.4051 train_acc=0.4965 | val_loss=1.6337 val_acc=0.0488 | 
03-10 13:43:18 [LP epoch 02] train_loss=1.2860 train_acc=0.6340 | val_loss=1.7418 val_acc=0.0000 | 
03-10 13:43:19 [LP epoch 03] train_loss=1.1898 train_acc=0.7179 | val_loss=1.7577 val_acc=0.0000 | 
03-10 13:43:19 [LP epoch 04] train_loss=1.0942 train_acc=0.7343 | val_loss=1.8161 val_acc=0.0000 | 
03-10 13:43:19 [LP epoch 05] train_loss=1.0198 train_acc=0.7622 | val_loss=1.8548 val_acc=0.0244 | 
03-10 13:43:19 [LP epoch 06] train_loss=0.9956 train_acc=0.7669 | val_loss=1.8150 val_acc=0.0488 | 
03-10 13:43:20 [LP epoch 07] train_loss=0.9662 train_acc=0.7576 | val_loss=1.9118 val_acc=0.0000 | 
03-10 13:43:20 [LP epoch 08] train_loss=0.8967 train_acc=0.7552 | val_loss=1.7654 val_acc=0.1220 | 
03-10 13:43:20 [LP epoch 09] train_loss=0.8777 train_acc=0.7762 | val_loss=1.5669 val_acc=0.2439 | 
03-10 13:43:20 [LP epoch 10] train_loss=0.8780 train_acc=0.7972 | val_loss=1.7092 val_acc=0.1951 | 
03-10 13:43:21 [LP epoch 11] train_loss=0.8471 train_acc=0.7902 | val_loss=1.6142 val_acc=0.2195 | 
03-10 13:43:21 [LP epoch 12] train_loss=0.8249 train_acc=0.8112 | val_loss=1.5556 val_acc=0.3171 | 
03-10 13:43:21 [LP epoch 13] train_loss=0.7923 train_acc=0.8042 | val_loss=1.6751 val_acc=0.2439 | 
03-10 13:43:22 [LP epoch 14] train_loss=0.7881 train_acc=0.8252 | val_loss=1.5226 val_acc=0.3902 | 
03-10 13:43:22 [LP epoch 15] train_loss=0.7947 train_acc=0.8042 | val_loss=1.5135 val_acc=0.4146 | 
03-10 13:43:22 [LP epoch 16] train_loss=0.7536 train_acc=0.8368 | val_loss=1.3896 val_acc=0.4878 | 
03-10 13:43:22 [LP epoch 17] train_loss=0.7506 train_acc=0.8368 | val_loss=1.3492 val_acc=0.5610 | 
03-10 13:43:23 [LP epoch 18] train_loss=0.7580 train_acc=0.8485 | val_loss=1.4468 val_acc=0.5610 | 
03-10 13:43:23 [LP epoch 19] train_loss=0.7697 train_acc=0.8159 | val_loss=1.4684 val_acc=0.4390 | 
03-10 13:43:23 [LP epoch 20] train_loss=0.7625 train_acc=0.8438 | val_loss=1.2607 val_acc=0.5610 | 
03-10 13:43:24 [LP epoch 21] train_loss=0.7489 train_acc=0.8462 | val_loss=1.4183 val_acc=0.5366 | 
03-10 13:43:24 [LP epoch 22] train_loss=0.7434 train_acc=0.8508 | val_loss=1.2479 val_acc=0.5854 | 
03-10 13:43:24 [LP epoch 23] train_loss=0.7289 train_acc=0.8462 | val_loss=1.2725 val_acc=0.6098 | 
03-10 13:43:24 [LP epoch 24] train_loss=0.7380 train_acc=0.8485 | val_loss=1.2924 val_acc=0.4634 | 
03-10 13:43:25 [LP epoch 25] train_loss=0.7292 train_acc=0.8345 | val_loss=1.3923 val_acc=0.6098 | 
03-10 13:43:25 [LP epoch 26] train_loss=0.7200 train_acc=0.8438 | val_loss=1.1928 val_acc=0.5122 | 
03-10 13:43:25 [LP epoch 27] train_loss=0.7062 train_acc=0.8695 | val_loss=1.2735 val_acc=0.5854 | 
03-10 13:43:25 [LP epoch 28] train_loss=0.7029 train_acc=0.8625 | val_loss=1.1248 val_acc=0.6829 | 
03-10 13:43:26 [LP epoch 29] train_loss=0.6773 train_acc=0.8974 | val_loss=1.1147 val_acc=0.6098 | 
03-10 13:43:26 [LP epoch 30] train_loss=0.6711 train_acc=0.8578 | val_loss=1.1838 val_acc=0.6585 | 
03-10 13:43:26 [LP epoch 31] train_loss=0.7057 train_acc=0.8578 | val_loss=1.2835 val_acc=0.6098 | 
03-10 13:43:26 [LP epoch 32] train_loss=0.6954 train_acc=0.8718 | val_loss=1.2247 val_acc=0.6098 | 
03-10 13:43:27 [LP epoch 33] train_loss=0.7053 train_acc=0.8508 | val_loss=1.2237 val_acc=0.6098 | 
03-10 13:43:27 [LP epoch 34] train_loss=0.7006 train_acc=0.8601 | val_loss=1.2256 val_acc=0.6341 | 
03-10 13:43:27 [LP epoch 35] train_loss=0.6856 train_acc=0.8601 | val_loss=1.2010 val_acc=0.5854 | 
03-10 13:43:28 [LP epoch 36] train_loss=0.6785 train_acc=0.8648 | val_loss=1.1405 val_acc=0.6829 | 
03-10 13:43:28 [LP epoch 37] train_loss=0.6716 train_acc=0.8765 | val_loss=1.1411 val_acc=0.6341 | 
03-10 13:43:28 [LP epoch 38] train_loss=0.7136 train_acc=0.8462 | val_loss=1.2195 val_acc=0.5610 | 
03-10 13:43:28 [LP epoch 39] train_loss=0.7055 train_acc=0.8438 | val_loss=1.1087 val_acc=0.6585 | 
03-10 13:43:29 [LP epoch 40] train_loss=0.7011 train_acc=0.8601 | val_loss=1.2082 val_acc=0.6341 | 
03-10 13:43:29 [LP epoch 41] train_loss=0.6748 train_acc=0.8834 | val_loss=1.1697 val_acc=0.6098 | 
03-10 13:43:29 [LP epoch 42] train_loss=0.6809 train_acc=0.8625 | val_loss=1.2040 val_acc=0.6341 | 
03-10 13:43:29 [LP epoch 43] train_loss=0.6775 train_acc=0.8625 | val_loss=1.1988 val_acc=0.6829 | 
03-10 13:43:30 [LP epoch 44] train_loss=0.6805 train_acc=0.8671 | val_loss=1.2123 val_acc=0.5854 | 
03-10 13:43:30 [LP epoch 45] train_loss=0.6471 train_acc=0.9114 | val_loss=1.1425 val_acc=0.7073 | 
03-10 13:43:30 [LP epoch 46] train_loss=0.6386 train_acc=0.8974 | val_loss=1.2032 val_acc=0.6098 | 
03-10 13:43:31 [LP epoch 47] train_loss=0.6420 train_acc=0.9021 | val_loss=1.1093 val_acc=0.6341 | 
03-10 13:43:31 [LP epoch 48] train_loss=0.6652 train_acc=0.8765 | val_loss=1.0636 val_acc=0.7073 | 
03-10 13:43:31 [LP epoch 49] train_loss=0.6486 train_acc=0.8928 | val_loss=1.1589 val_acc=0.6829 | 
03-10 13:43:31 Saved linear-probe checkpoint: ./anomaly_detection\SSF_SEU_0310-134153\linear_probe_best.pt (best_val_acc=0.7073)
03-10 13:43:31 TEST linear-probe: loss=0.7728 acc=0.8364
