03-04 09:57:59 model_name: SSF
03-04 09:57:59 data_name: PU
03-04 09:57:59 aug_1: randomcrop
03-04 09:57:59 aug_2: scale
03-04 09:57:59 max_epoch: 100
03-04 09:57:59 classifier_epoch: 50
03-04 09:57:59 data_view: TwoViewDataset
03-04 09:57:59 cuda_device: 0
03-04 09:57:59 checkpoint_dir: ./checkpoint
03-04 09:57:59 batch_size: 64
03-04 09:57:59 data_dir: raw_data/PU
03-04 09:57:59 out_channel: 4
03-04 09:57:59 normlizetype: minus_one_one
03-04 09:57:59 processing_type: RA
03-04 09:57:59 opt: sgd
03-04 09:57:59 lr: 0.05
03-04 09:57:59 momentum: 0.9
03-04 09:57:59 weight_decay: 1e-05
03-04 09:57:59 lr_scheduler: exp
03-04 09:57:59 gamma: 0.1
03-04 09:57:59 eta_min: 1e-05
03-04 09:57:59 latent_space: 128
03-04 09:57:59 num_blocks_ssf: 5
03-04 09:57:59 hidden_channel: 256
03-04 09:57:59 task: self_supervised
03-04 09:57:59 critetion: <class 'utils.loss_SSL.SimSiamLoss'>
03-04 09:57:59 using 1 gpus
03-04 09:57:59 Dataset class: <class 'data_utils.datasets.PU.PU'>
03-04 09:57:59 Split sizes: train=400 val=400 test=400, classier=40
03-04 09:57:59 Label counts train: Counter({0: 100, 1: 100, 2: 100, 3: 100})
03-04 09:57:59 Label counts val:   Counter({0: 100, 1: 100, 2: 100, 3: 100})
03-04 09:57:59 Label counts test:  Counter({0: 100, 1: 100, 2: 100, 3: 100})
03-04 09:57:59 Label counts classifier:  Counter({0: 10, 1: 10, 2: 10, 3: 10})
03-04 09:58:01 -----Epoch 0/99-----
03-04 09:58:02 current lr: 0.05
03-04 09:58:02 Saved best checkpoint to ./checkpoint\SSF_PU_0304-095759\best_pt (val_loss=-0.6628)
03-04 09:58:02 Epoch 000 Train loss -0.4214 | Val loss -0.6628
03-04 09:58:02 -----Epoch 1/99-----
03-04 09:58:02 current lr: 0.005
03-04 09:58:02 Saved best checkpoint to ./checkpoint\SSF_PU_0304-095759\best_pt (val_loss=-0.7586)
03-04 09:58:02 Epoch 001 Train loss -0.8667 | Val loss -0.7586
03-04 09:58:02 -----Epoch 2/99-----
03-04 09:58:03 current lr: 0.0005
03-04 09:58:03 Saved best checkpoint to ./checkpoint\SSF_PU_0304-095759\best_pt (val_loss=-0.8337)
03-04 09:58:03 Epoch 002 Train loss -0.8793 | Val loss -0.8337
03-04 09:58:03 -----Epoch 3/99-----
03-04 09:58:03 current lr: 5e-05
03-04 09:58:03 Saved best checkpoint to ./checkpoint\SSF_PU_0304-095759\best_pt (val_loss=-0.8696)
03-04 09:58:03 Epoch 003 Train loss -0.8808 | Val loss -0.8696
03-04 09:58:03 -----Epoch 4/99-----
03-04 09:58:03 current lr: 5e-06
03-04 09:58:03 Saved best checkpoint to ./checkpoint\SSF_PU_0304-095759\best_pt (val_loss=-0.8745)
03-04 09:58:03 Epoch 004 Train loss -0.8809 | Val loss -0.8745
03-04 09:58:03 -----Epoch 5/99-----
03-04 09:58:04 current lr: 5e-07
03-04 09:58:04 No improvement in val_loss for 1/5 epochs.
03-04 09:58:04 Epoch 005 Train loss -0.8811 | Val loss -0.8743
03-04 09:58:04 -----Epoch 6/99-----
03-04 09:58:04 current lr: 5e-08
03-04 09:58:04 No improvement in val_loss for 2/5 epochs.
03-04 09:58:04 Epoch 006 Train loss -0.8810 | Val loss -0.8740
03-04 09:58:04 -----Epoch 7/99-----
03-04 09:58:04 current lr: 5e-09
03-04 09:58:04 No improvement in val_loss for 3/5 epochs.
03-04 09:58:04 Epoch 007 Train loss -0.8811 | Val loss -0.8739
03-04 09:58:04 -----Epoch 8/99-----
03-04 09:58:05 current lr: 5e-10
03-04 09:58:05 No improvement in val_loss for 4/5 epochs.
03-04 09:58:05 Epoch 008 Train loss -0.8811 | Val loss -0.8739
03-04 09:58:05 -----Epoch 9/99-----
03-04 09:58:05 current lr: 5e-11
03-04 09:58:05 No improvement in val_loss for 5/5 epochs.
03-04 09:58:05 Early stopping at epoch 9 (best val_loss=-0.8745).
03-04 09:58:05 Epoch 009 Train loss -0.8811 | Val loss -0.8738
03-04 09:58:05 -----Epoch 10/99-----
03-04 09:58:05 current lr: 5e-12
03-04 09:58:05 No improvement in val_loss for 6/5 epochs.
03-04 09:58:05 Early stopping at epoch 10 (best val_loss=-0.8745).
03-04 09:58:05 Epoch 010 Train loss -0.8810 | Val loss -0.8739
03-04 09:58:05 -----Epoch 11/99-----
03-04 09:58:06 current lr: 5e-13
03-04 09:58:06 No improvement in val_loss for 7/5 epochs.
03-04 09:58:06 Early stopping at epoch 11 (best val_loss=-0.8745).
03-04 09:58:06 Epoch 011 Train loss -0.8810 | Val loss -0.8739
03-04 09:58:06 -----Epoch 12/99-----
03-04 09:58:06 current lr: 5e-14
03-04 09:58:06 No improvement in val_loss for 8/5 epochs.
03-04 09:58:06 Early stopping at epoch 12 (best val_loss=-0.8745).
03-04 09:58:06 Epoch 012 Train loss -0.8810 | Val loss -0.8738
03-04 09:58:06 -----Epoch 13/99-----
03-04 09:58:07 current lr: 5e-15
03-04 09:58:07 No improvement in val_loss for 9/5 epochs.
03-04 09:58:07 Early stopping at epoch 13 (best val_loss=-0.8745).
03-04 09:58:07 Epoch 013 Train loss -0.8810 | Val loss -0.8739
03-04 09:58:07 -----Epoch 14/99-----
03-04 09:58:07 current lr: 5e-16
03-04 09:58:07 No improvement in val_loss for 10/5 epochs.
03-04 09:58:07 Early stopping at epoch 14 (best val_loss=-0.8745).
03-04 09:58:07 Epoch 014 Train loss -0.8810 | Val loss -0.8739
03-04 09:58:07 -----Epoch 15/99-----
03-04 09:58:07 current lr: 5e-17
03-04 09:58:07 No improvement in val_loss for 11/5 epochs.
03-04 09:58:07 Early stopping at epoch 15 (best val_loss=-0.8745).
03-04 09:58:07 Epoch 015 Train loss -0.8811 | Val loss -0.8739
03-04 09:58:07 -----Epoch 16/99-----
03-04 09:58:08 current lr: 5e-18
03-04 09:58:08 No improvement in val_loss for 12/5 epochs.
03-04 09:58:08 Early stopping at epoch 16 (best val_loss=-0.8745).
03-04 09:58:08 Epoch 016 Train loss -0.8811 | Val loss -0.8739
03-04 09:58:08 -----Epoch 17/99-----
03-04 09:58:08 current lr: 5e-19
03-04 09:58:08 No improvement in val_loss for 13/5 epochs.
03-04 09:58:08 Early stopping at epoch 17 (best val_loss=-0.8745).
03-04 09:58:08 Epoch 017 Train loss -0.8810 | Val loss -0.8739
03-04 09:58:08 -----Epoch 18/99-----
03-04 09:58:08 current lr: 5e-20
03-04 09:58:08 No improvement in val_loss for 14/5 epochs.
03-04 09:58:08 Early stopping at epoch 18 (best val_loss=-0.8745).
03-04 09:58:08 Epoch 018 Train loss -0.8811 | Val loss -0.8739
03-04 09:58:08 -----Epoch 19/99-----
03-04 09:58:09 current lr: 5e-21
03-04 09:58:09 No improvement in val_loss for 15/5 epochs.
03-04 09:58:09 Early stopping at epoch 19 (best val_loss=-0.8745).
03-04 09:58:09 Epoch 019 Train loss -0.8811 | Val loss -0.8739
03-04 09:58:09 -----Epoch 20/99-----
03-04 09:58:09 current lr: 5e-22
03-04 09:58:09 No improvement in val_loss for 16/5 epochs.
03-04 09:58:09 Early stopping at epoch 20 (best val_loss=-0.8745).
03-04 09:58:09 Epoch 020 Train loss -0.8810 | Val loss -0.8739
03-04 09:58:09 -----Epoch 21/99-----
03-04 09:58:09 current lr: 5e-23
03-04 09:58:09 No improvement in val_loss for 17/5 epochs.
03-04 09:58:09 Early stopping at epoch 21 (best val_loss=-0.8745).
03-04 09:58:09 Epoch 021 Train loss -0.8811 | Val loss -0.8739
03-04 09:58:09 -----Epoch 22/99-----
03-04 09:58:10 current lr: 5e-24
03-04 09:58:10 No improvement in val_loss for 18/5 epochs.
03-04 09:58:10 Early stopping at epoch 22 (best val_loss=-0.8745).
03-04 09:58:10 Epoch 022 Train loss -0.8811 | Val loss -0.8739
03-04 09:58:10 -----Epoch 23/99-----
03-04 09:58:10 current lr: 5e-25
03-04 09:58:10 No improvement in val_loss for 19/5 epochs.
03-04 09:58:10 Early stopping at epoch 23 (best val_loss=-0.8745).
03-04 09:58:10 Epoch 023 Train loss -0.8809 | Val loss -0.8739
03-04 09:58:10 -----Epoch 24/99-----
03-04 09:58:10 current lr: 5e-26
03-04 09:58:10 No improvement in val_loss for 20/5 epochs.
03-04 09:58:10 Early stopping at epoch 24 (best val_loss=-0.8745).
03-04 09:58:10 Epoch 024 Train loss -0.8810 | Val loss -0.8739
03-04 09:58:10 -----Epoch 25/99-----
03-04 09:58:11 current lr: 5e-27
03-04 09:58:11 No improvement in val_loss for 21/5 epochs.
03-04 09:58:11 Early stopping at epoch 25 (best val_loss=-0.8745).
03-04 09:58:11 Epoch 025 Train loss -0.8811 | Val loss -0.8738
03-04 09:58:11 -----Epoch 26/99-----
03-04 09:58:11 current lr: 5e-28
03-04 09:58:11 No improvement in val_loss for 22/5 epochs.
03-04 09:58:11 Early stopping at epoch 26 (best val_loss=-0.8745).
03-04 09:58:11 Epoch 026 Train loss -0.8810 | Val loss -0.8739
03-04 09:58:11 -----Epoch 27/99-----
03-04 09:58:11 current lr: 5e-29
03-04 09:58:11 No improvement in val_loss for 23/5 epochs.
03-04 09:58:11 Early stopping at epoch 27 (best val_loss=-0.8745).
03-04 09:58:11 Epoch 027 Train loss -0.8811 | Val loss -0.8738
03-04 09:58:11 -----Epoch 28/99-----
03-04 09:58:12 current lr: 5e-30
03-04 09:58:12 No improvement in val_loss for 24/5 epochs.
03-04 09:58:12 Early stopping at epoch 28 (best val_loss=-0.8745).
03-04 09:58:12 Epoch 028 Train loss -0.8810 | Val loss -0.8738
03-04 09:58:12 -----Epoch 29/99-----
03-04 09:58:12 current lr: 5e-31
03-04 09:58:12 No improvement in val_loss for 25/5 epochs.
03-04 09:58:12 Early stopping at epoch 29 (best val_loss=-0.8745).
03-04 09:58:12 Epoch 029 Train loss -0.8810 | Val loss -0.8739
03-04 09:58:12 -----Epoch 30/99-----
03-04 09:58:12 current lr: 5e-32
03-04 09:58:12 No improvement in val_loss for 26/5 epochs.
03-04 09:58:12 Early stopping at epoch 30 (best val_loss=-0.8745).
03-04 09:58:12 Epoch 030 Train loss -0.8811 | Val loss -0.8739
03-04 09:58:12 -----Epoch 31/99-----
03-04 09:58:13 current lr: 5e-33
03-04 09:58:13 No improvement in val_loss for 27/5 epochs.
03-04 09:58:13 Early stopping at epoch 31 (best val_loss=-0.8745).
03-04 09:58:13 Epoch 031 Train loss -0.8810 | Val loss -0.8738
03-04 09:58:13 -----Epoch 32/99-----
03-04 09:58:13 current lr: 5e-34
03-04 09:58:13 No improvement in val_loss for 28/5 epochs.
03-04 09:58:13 Early stopping at epoch 32 (best val_loss=-0.8745).
03-04 09:58:13 Epoch 032 Train loss -0.8811 | Val loss -0.8738
03-04 09:58:13 -----Epoch 33/99-----
03-04 09:58:13 current lr: 5e-35
03-04 09:58:13 No improvement in val_loss for 29/5 epochs.
03-04 09:58:13 Early stopping at epoch 33 (best val_loss=-0.8745).
03-04 09:58:13 Epoch 033 Train loss -0.8811 | Val loss -0.8739
03-04 09:58:13 -----Epoch 34/99-----
03-04 09:58:14 current lr: 5e-36
03-04 09:58:14 No improvement in val_loss for 30/5 epochs.
03-04 09:58:14 Early stopping at epoch 34 (best val_loss=-0.8745).
03-04 09:58:14 Epoch 034 Train loss -0.8811 | Val loss -0.8739
03-04 09:58:14 -----Epoch 35/99-----
03-04 09:58:14 current lr: 5e-37
03-04 09:58:14 No improvement in val_loss for 31/5 epochs.
03-04 09:58:14 Early stopping at epoch 35 (best val_loss=-0.8745).
03-04 09:58:14 Epoch 035 Train loss -0.8809 | Val loss -0.8739
03-04 09:58:14 -----Epoch 36/99-----
03-04 09:58:14 current lr: 5e-38
03-04 09:58:14 No improvement in val_loss for 32/5 epochs.
03-04 09:58:14 Early stopping at epoch 36 (best val_loss=-0.8745).
03-04 09:58:14 Epoch 036 Train loss -0.8810 | Val loss -0.8739
03-04 09:58:14 -----Epoch 37/99-----
03-04 09:58:15 current lr: 5e-39
03-04 09:58:15 No improvement in val_loss for 33/5 epochs.
03-04 09:58:15 Early stopping at epoch 37 (best val_loss=-0.8745).
03-04 09:58:15 Epoch 037 Train loss -0.8810 | Val loss -0.8739
03-04 09:58:15 -----Epoch 38/99-----
03-04 09:58:15 current lr: 5e-40
03-04 09:58:15 No improvement in val_loss for 34/5 epochs.
03-04 09:58:15 Early stopping at epoch 38 (best val_loss=-0.8745).
03-04 09:58:15 Epoch 038 Train loss -0.8811 | Val loss -0.8739
03-04 09:58:15 -----Epoch 39/99-----
03-04 09:58:15 current lr: 5e-41
03-04 09:58:15 No improvement in val_loss for 35/5 epochs.
03-04 09:58:15 Early stopping at epoch 39 (best val_loss=-0.8745).
03-04 09:58:15 Epoch 039 Train loss -0.8812 | Val loss -0.8739
03-04 09:58:15 -----Epoch 40/99-----
03-04 09:58:16 current lr: 5e-42
03-04 09:58:16 No improvement in val_loss for 36/5 epochs.
03-04 09:58:16 Early stopping at epoch 40 (best val_loss=-0.8745).
03-04 09:58:16 Epoch 040 Train loss -0.8810 | Val loss -0.8738
03-04 09:58:16 -----Epoch 41/99-----
03-04 09:58:16 current lr: 5e-43
03-04 09:58:16 No improvement in val_loss for 37/5 epochs.
03-04 09:58:16 Early stopping at epoch 41 (best val_loss=-0.8745).
03-04 09:58:16 Epoch 041 Train loss -0.8810 | Val loss -0.8738
03-04 09:58:16 -----Epoch 42/99-----
03-04 09:58:16 current lr: 5e-44
03-04 09:58:16 No improvement in val_loss for 38/5 epochs.
03-04 09:58:16 Early stopping at epoch 42 (best val_loss=-0.8745).
03-04 09:58:16 Epoch 042 Train loss -0.8810 | Val loss -0.8738
03-04 09:58:16 -----Epoch 43/99-----
03-04 09:58:17 current lr: 5e-45
03-04 09:58:17 No improvement in val_loss for 39/5 epochs.
03-04 09:58:17 Early stopping at epoch 43 (best val_loss=-0.8745).
03-04 09:58:17 Epoch 043 Train loss -0.8811 | Val loss -0.8739
03-04 09:58:17 -----Epoch 44/99-----
03-04 09:58:17 current lr: 5e-46
03-04 09:58:17 No improvement in val_loss for 40/5 epochs.
03-04 09:58:17 Early stopping at epoch 44 (best val_loss=-0.8745).
03-04 09:58:17 Epoch 044 Train loss -0.8812 | Val loss -0.8739
03-04 09:58:17 -----Epoch 45/99-----
03-04 09:58:18 current lr: 5e-47
03-04 09:58:18 No improvement in val_loss for 41/5 epochs.
03-04 09:58:18 Early stopping at epoch 45 (best val_loss=-0.8745).
03-04 09:58:18 Epoch 045 Train loss -0.8811 | Val loss -0.8739
03-04 09:58:18 -----Epoch 46/99-----
03-04 09:58:18 current lr: 5e-48
03-04 09:58:18 No improvement in val_loss for 42/5 epochs.
03-04 09:58:18 Early stopping at epoch 46 (best val_loss=-0.8745).
03-04 09:58:18 Epoch 046 Train loss -0.8811 | Val loss -0.8739
03-04 09:58:18 -----Epoch 47/99-----
03-04 09:58:18 current lr: 5e-49
03-04 09:58:18 No improvement in val_loss for 43/5 epochs.
03-04 09:58:18 Early stopping at epoch 47 (best val_loss=-0.8745).
03-04 09:58:18 Epoch 047 Train loss -0.8810 | Val loss -0.8738
03-04 09:58:18 -----Epoch 48/99-----
03-04 09:58:19 current lr: 5e-50
03-04 09:58:19 No improvement in val_loss for 44/5 epochs.
03-04 09:58:19 Early stopping at epoch 48 (best val_loss=-0.8745).
03-04 09:58:19 Epoch 048 Train loss -0.8812 | Val loss -0.8738
03-04 09:58:19 -----Epoch 49/99-----
03-04 09:58:19 current lr: 5e-51
03-04 09:58:19 No improvement in val_loss for 45/5 epochs.
03-04 09:58:19 Early stopping at epoch 49 (best val_loss=-0.8745).
03-04 09:58:19 Epoch 049 Train loss -0.8810 | Val loss -0.8738
03-04 09:58:19 -----Epoch 50/99-----
03-04 09:58:19 current lr: 5e-52
03-04 09:58:19 No improvement in val_loss for 46/5 epochs.
03-04 09:58:19 Early stopping at epoch 50 (best val_loss=-0.8745).
03-04 09:58:19 Epoch 050 Train loss -0.8811 | Val loss -0.8738
03-04 09:58:19 -----Epoch 51/99-----
03-04 09:58:20 current lr: 5e-53
03-04 09:58:20 No improvement in val_loss for 47/5 epochs.
03-04 09:58:20 Early stopping at epoch 51 (best val_loss=-0.8745).
03-04 09:58:20 Epoch 051 Train loss -0.8810 | Val loss -0.8738
03-04 09:58:20 -----Epoch 52/99-----
03-04 09:58:20 current lr: 5e-54
03-04 09:58:20 No improvement in val_loss for 48/5 epochs.
03-04 09:58:20 Early stopping at epoch 52 (best val_loss=-0.8745).
03-04 09:58:20 Epoch 052 Train loss -0.8811 | Val loss -0.8739
03-04 09:58:20 -----Epoch 53/99-----
03-04 09:58:20 current lr: 5e-55
03-04 09:58:20 No improvement in val_loss for 49/5 epochs.
03-04 09:58:20 Early stopping at epoch 53 (best val_loss=-0.8745).
03-04 09:58:20 Epoch 053 Train loss -0.8812 | Val loss -0.8738
03-04 09:58:20 -----Epoch 54/99-----
03-04 09:58:21 current lr: 5e-56
03-04 09:58:21 No improvement in val_loss for 50/5 epochs.
03-04 09:58:21 Early stopping at epoch 54 (best val_loss=-0.8745).
03-04 09:58:21 Epoch 054 Train loss -0.8810 | Val loss -0.8739
03-04 09:58:21 -----Epoch 55/99-----
03-04 09:58:21 current lr: 5e-57
03-04 09:58:21 No improvement in val_loss for 51/5 epochs.
03-04 09:58:21 Early stopping at epoch 55 (best val_loss=-0.8745).
03-04 09:58:21 Epoch 055 Train loss -0.8810 | Val loss -0.8738
03-04 09:58:21 -----Epoch 56/99-----
03-04 09:58:21 current lr: 5e-58
03-04 09:58:21 No improvement in val_loss for 52/5 epochs.
03-04 09:58:21 Early stopping at epoch 56 (best val_loss=-0.8745).
03-04 09:58:21 Epoch 056 Train loss -0.8811 | Val loss -0.8738
03-04 09:58:21 -----Epoch 57/99-----
03-04 09:58:22 current lr: 5e-59
03-04 09:58:22 No improvement in val_loss for 53/5 epochs.
03-04 09:58:22 Early stopping at epoch 57 (best val_loss=-0.8745).
03-04 09:58:22 Epoch 057 Train loss -0.8811 | Val loss -0.8739
03-04 09:58:22 -----Epoch 58/99-----
03-04 09:58:22 current lr: 5e-60
03-04 09:58:22 No improvement in val_loss for 54/5 epochs.
03-04 09:58:22 Early stopping at epoch 58 (best val_loss=-0.8745).
03-04 09:58:22 Epoch 058 Train loss -0.8810 | Val loss -0.8739
03-04 09:58:22 -----Epoch 59/99-----
03-04 09:58:22 current lr: 5e-61
03-04 09:58:22 No improvement in val_loss for 55/5 epochs.
03-04 09:58:22 Early stopping at epoch 59 (best val_loss=-0.8745).
03-04 09:58:22 Epoch 059 Train loss -0.8809 | Val loss -0.8739
03-04 09:58:22 -----Epoch 60/99-----
03-04 09:58:23 current lr: 5e-62
03-04 09:58:23 No improvement in val_loss for 56/5 epochs.
03-04 09:58:23 Early stopping at epoch 60 (best val_loss=-0.8745).
03-04 09:58:23 Epoch 060 Train loss -0.8810 | Val loss -0.8738
03-04 09:58:23 -----Epoch 61/99-----
03-04 09:58:23 current lr: 5e-63
03-04 09:58:23 No improvement in val_loss for 57/5 epochs.
03-04 09:58:23 Early stopping at epoch 61 (best val_loss=-0.8745).
03-04 09:58:23 Epoch 061 Train loss -0.8811 | Val loss -0.8739
03-04 09:58:23 -----Epoch 62/99-----
03-04 09:58:23 current lr: 5e-64
03-04 09:58:23 No improvement in val_loss for 58/5 epochs.
03-04 09:58:23 Early stopping at epoch 62 (best val_loss=-0.8745).
03-04 09:58:23 Epoch 062 Train loss -0.8810 | Val loss -0.8739
03-04 09:58:23 -----Epoch 63/99-----
03-04 09:58:24 current lr: 5e-65
03-04 09:58:24 No improvement in val_loss for 59/5 epochs.
03-04 09:58:24 Early stopping at epoch 63 (best val_loss=-0.8745).
03-04 09:58:24 Epoch 063 Train loss -0.8811 | Val loss -0.8738
03-04 09:58:24 -----Epoch 64/99-----
03-04 09:58:24 current lr: 5e-66
03-04 09:58:24 No improvement in val_loss for 60/5 epochs.
03-04 09:58:24 Early stopping at epoch 64 (best val_loss=-0.8745).
03-04 09:58:24 Epoch 064 Train loss -0.8810 | Val loss -0.8739
03-04 09:58:24 -----Epoch 65/99-----
03-04 09:58:24 current lr: 5e-67
03-04 09:58:24 No improvement in val_loss for 61/5 epochs.
03-04 09:58:24 Early stopping at epoch 65 (best val_loss=-0.8745).
03-04 09:58:24 Epoch 065 Train loss -0.8810 | Val loss -0.8738
03-04 09:58:24 -----Epoch 66/99-----
03-04 09:58:25 current lr: 5e-68
03-04 09:58:25 No improvement in val_loss for 62/5 epochs.
03-04 09:58:25 Early stopping at epoch 66 (best val_loss=-0.8745).
03-04 09:58:25 Epoch 066 Train loss -0.8810 | Val loss -0.8738
03-04 09:58:25 -----Epoch 67/99-----
03-04 09:58:25 current lr: 5e-69
03-04 09:58:25 No improvement in val_loss for 63/5 epochs.
03-04 09:58:25 Early stopping at epoch 67 (best val_loss=-0.8745).
03-04 09:58:25 Epoch 067 Train loss -0.8811 | Val loss -0.8738
03-04 09:58:25 -----Epoch 68/99-----
03-04 09:58:25 current lr: 5e-70
03-04 09:58:25 No improvement in val_loss for 64/5 epochs.
03-04 09:58:25 Early stopping at epoch 68 (best val_loss=-0.8745).
03-04 09:58:25 Epoch 068 Train loss -0.8810 | Val loss -0.8739
03-04 09:58:25 -----Epoch 69/99-----
03-04 09:58:26 current lr: 5e-71
03-04 09:58:26 No improvement in val_loss for 65/5 epochs.
03-04 09:58:26 Early stopping at epoch 69 (best val_loss=-0.8745).
03-04 09:58:26 Epoch 069 Train loss -0.8811 | Val loss -0.8739
03-04 09:58:26 -----Epoch 70/99-----
03-04 09:58:26 current lr: 5e-72
03-04 09:58:26 No improvement in val_loss for 66/5 epochs.
03-04 09:58:26 Early stopping at epoch 70 (best val_loss=-0.8745).
03-04 09:58:26 Epoch 070 Train loss -0.8808 | Val loss -0.8739
03-04 09:58:26 -----Epoch 71/99-----
03-04 09:58:26 current lr: 5e-73
03-04 09:58:26 No improvement in val_loss for 67/5 epochs.
03-04 09:58:26 Early stopping at epoch 71 (best val_loss=-0.8745).
03-04 09:58:26 Epoch 071 Train loss -0.8810 | Val loss -0.8739
03-04 09:58:26 -----Epoch 72/99-----
03-04 09:58:27 current lr: 5e-74
03-04 09:58:27 No improvement in val_loss for 68/5 epochs.
03-04 09:58:27 Early stopping at epoch 72 (best val_loss=-0.8745).
03-04 09:58:27 Epoch 072 Train loss -0.8809 | Val loss -0.8738
03-04 09:58:27 -----Epoch 73/99-----
03-04 09:58:27 current lr: 5e-75
03-04 09:58:27 No improvement in val_loss for 69/5 epochs.
03-04 09:58:27 Early stopping at epoch 73 (best val_loss=-0.8745).
03-04 09:58:27 Epoch 073 Train loss -0.8809 | Val loss -0.8739
03-04 09:58:27 -----Epoch 74/99-----
03-04 09:58:27 current lr: 5e-76
03-04 09:58:27 No improvement in val_loss for 70/5 epochs.
03-04 09:58:27 Early stopping at epoch 74 (best val_loss=-0.8745).
03-04 09:58:27 Epoch 074 Train loss -0.8810 | Val loss -0.8739
03-04 09:58:27 -----Epoch 75/99-----
03-04 09:58:28 current lr: 5e-77
03-04 09:58:28 No improvement in val_loss for 71/5 epochs.
03-04 09:58:28 Early stopping at epoch 75 (best val_loss=-0.8745).
03-04 09:58:28 Epoch 075 Train loss -0.8811 | Val loss -0.8738
03-04 09:58:28 -----Epoch 76/99-----
03-04 09:58:28 current lr: 5e-78
03-04 09:58:28 No improvement in val_loss for 72/5 epochs.
03-04 09:58:28 Early stopping at epoch 76 (best val_loss=-0.8745).
03-04 09:58:28 Epoch 076 Train loss -0.8810 | Val loss -0.8738
03-04 09:58:28 -----Epoch 77/99-----
03-04 09:58:28 current lr: 5e-79
03-04 09:58:28 No improvement in val_loss for 73/5 epochs.
03-04 09:58:28 Early stopping at epoch 77 (best val_loss=-0.8745).
03-04 09:58:28 Epoch 077 Train loss -0.8811 | Val loss -0.8739
03-04 09:58:28 -----Epoch 78/99-----
03-04 09:58:29 current lr: 5e-80
03-04 09:58:29 No improvement in val_loss for 74/5 epochs.
03-04 09:58:29 Early stopping at epoch 78 (best val_loss=-0.8745).
03-04 09:58:29 Epoch 078 Train loss -0.8810 | Val loss -0.8738
03-04 09:58:29 -----Epoch 79/99-----
03-04 09:58:29 current lr: 5e-81
03-04 09:58:29 No improvement in val_loss for 75/5 epochs.
03-04 09:58:29 Early stopping at epoch 79 (best val_loss=-0.8745).
03-04 09:58:29 Epoch 079 Train loss -0.8810 | Val loss -0.8738
03-04 09:58:29 -----Epoch 80/99-----
03-04 09:58:29 current lr: 5e-82
03-04 09:58:29 No improvement in val_loss for 76/5 epochs.
03-04 09:58:29 Early stopping at epoch 80 (best val_loss=-0.8745).
03-04 09:58:29 Epoch 080 Train loss -0.8810 | Val loss -0.8739
03-04 09:58:29 -----Epoch 81/99-----
03-04 09:58:30 current lr: 5e-83
03-04 09:58:30 No improvement in val_loss for 77/5 epochs.
03-04 09:58:30 Early stopping at epoch 81 (best val_loss=-0.8745).
03-04 09:58:30 Epoch 081 Train loss -0.8810 | Val loss -0.8739
03-04 09:58:30 -----Epoch 82/99-----
03-04 09:58:30 current lr: 5e-84
03-04 09:58:30 No improvement in val_loss for 78/5 epochs.
03-04 09:58:30 Early stopping at epoch 82 (best val_loss=-0.8745).
03-04 09:58:30 Epoch 082 Train loss -0.8812 | Val loss -0.8739
03-04 09:58:30 -----Epoch 83/99-----
03-04 09:58:30 current lr: 5e-85
03-04 09:58:30 No improvement in val_loss for 79/5 epochs.
03-04 09:58:30 Early stopping at epoch 83 (best val_loss=-0.8745).
03-04 09:58:30 Epoch 083 Train loss -0.8811 | Val loss -0.8739
03-04 09:58:30 -----Epoch 84/99-----
03-04 09:58:31 current lr: 5e-86
03-04 09:58:31 No improvement in val_loss for 80/5 epochs.
03-04 09:58:31 Early stopping at epoch 84 (best val_loss=-0.8745).
03-04 09:58:31 Epoch 084 Train loss -0.8810 | Val loss -0.8739
03-04 09:58:31 -----Epoch 85/99-----
03-04 09:58:31 current lr: 5e-87
03-04 09:58:31 No improvement in val_loss for 81/5 epochs.
03-04 09:58:31 Early stopping at epoch 85 (best val_loss=-0.8745).
03-04 09:58:31 Epoch 085 Train loss -0.8810 | Val loss -0.8739
03-04 09:58:31 -----Epoch 86/99-----
03-04 09:58:31 current lr: 5e-88
03-04 09:58:31 No improvement in val_loss for 82/5 epochs.
03-04 09:58:31 Early stopping at epoch 86 (best val_loss=-0.8745).
03-04 09:58:31 Epoch 086 Train loss -0.8810 | Val loss -0.8739
03-04 09:58:31 -----Epoch 87/99-----
03-04 09:58:32 current lr: 5e-89
03-04 09:58:32 No improvement in val_loss for 83/5 epochs.
03-04 09:58:32 Early stopping at epoch 87 (best val_loss=-0.8745).
03-04 09:58:32 Epoch 087 Train loss -0.8811 | Val loss -0.8738
03-04 09:58:32 -----Epoch 88/99-----
03-04 09:58:32 current lr: 5e-90
03-04 09:58:32 No improvement in val_loss for 84/5 epochs.
03-04 09:58:32 Early stopping at epoch 88 (best val_loss=-0.8745).
03-04 09:58:32 Epoch 088 Train loss -0.8810 | Val loss -0.8739
03-04 09:58:32 -----Epoch 89/99-----
03-04 09:58:32 current lr: 5e-91
03-04 09:58:32 No improvement in val_loss for 85/5 epochs.
03-04 09:58:32 Early stopping at epoch 89 (best val_loss=-0.8745).
03-04 09:58:32 Epoch 089 Train loss -0.8810 | Val loss -0.8739
03-04 09:58:32 -----Epoch 90/99-----
03-04 09:58:33 current lr: 5e-92
03-04 09:58:33 No improvement in val_loss for 86/5 epochs.
03-04 09:58:33 Early stopping at epoch 90 (best val_loss=-0.8745).
03-04 09:58:33 Epoch 090 Train loss -0.8811 | Val loss -0.8738
03-04 09:58:33 -----Epoch 91/99-----
03-04 09:58:33 current lr: 5e-93
03-04 09:58:33 No improvement in val_loss for 87/5 epochs.
03-04 09:58:33 Early stopping at epoch 91 (best val_loss=-0.8745).
03-04 09:58:33 Epoch 091 Train loss -0.8810 | Val loss -0.8739
03-04 09:58:33 -----Epoch 92/99-----
03-04 09:58:34 current lr: 5e-94
03-04 09:58:34 No improvement in val_loss for 88/5 epochs.
03-04 09:58:34 Early stopping at epoch 92 (best val_loss=-0.8745).
03-04 09:58:34 Epoch 092 Train loss -0.8810 | Val loss -0.8739
03-04 09:58:34 -----Epoch 93/99-----
03-04 09:58:34 current lr: 5e-95
03-04 09:58:34 No improvement in val_loss for 89/5 epochs.
03-04 09:58:34 Early stopping at epoch 93 (best val_loss=-0.8745).
03-04 09:58:34 Epoch 093 Train loss -0.8811 | Val loss -0.8739
03-04 09:58:34 -----Epoch 94/99-----
03-04 09:58:34 current lr: 5e-96
03-04 09:58:34 No improvement in val_loss for 90/5 epochs.
03-04 09:58:34 Early stopping at epoch 94 (best val_loss=-0.8745).
03-04 09:58:34 Epoch 094 Train loss -0.8811 | Val loss -0.8739
03-04 09:58:34 -----Epoch 95/99-----
03-04 09:58:35 current lr: 5e-97
03-04 09:58:35 No improvement in val_loss for 91/5 epochs.
03-04 09:58:35 Early stopping at epoch 95 (best val_loss=-0.8745).
03-04 09:58:35 Epoch 095 Train loss -0.8810 | Val loss -0.8739
03-04 09:58:35 -----Epoch 96/99-----
03-04 09:58:35 current lr: 5e-98
03-04 09:58:35 No improvement in val_loss for 92/5 epochs.
03-04 09:58:35 Early stopping at epoch 96 (best val_loss=-0.8745).
03-04 09:58:35 Epoch 096 Train loss -0.8811 | Val loss -0.8739
03-04 09:58:35 -----Epoch 97/99-----
03-04 09:58:35 current lr: 5e-99
03-04 09:58:35 No improvement in val_loss for 93/5 epochs.
03-04 09:58:35 Early stopping at epoch 97 (best val_loss=-0.8745).
03-04 09:58:35 Epoch 097 Train loss -0.8811 | Val loss -0.8738
03-04 09:58:35 -----Epoch 98/99-----
03-04 09:58:36 current lr: 5e-100
03-04 09:58:36 No improvement in val_loss for 94/5 epochs.
03-04 09:58:36 Early stopping at epoch 98 (best val_loss=-0.8745).
03-04 09:58:36 Epoch 098 Train loss -0.8811 | Val loss -0.8738
03-04 09:58:36 -----Epoch 99/99-----
03-04 09:58:36 current lr: 5e-101
03-04 09:58:36 No improvement in val_loss for 95/5 epochs.
03-04 09:58:36 Early stopping at epoch 99 (best val_loss=-0.8745).
03-04 09:58:36 Epoch 099 Train loss -0.8812 | Val loss -0.8738
03-04 09:58:36 TEST (last): loss -0.8755
03-04 09:58:36 [LP epoch 00] train_loss=1.4686 train_acc=0.2000 | val_loss=1.3900 val_acc=0.2400 | 
03-04 09:58:36 [LP epoch 01] train_loss=1.3966 train_acc=0.2500 | val_loss=1.3915 val_acc=0.2500 | 
03-04 09:58:36 [LP epoch 02] train_loss=1.3401 train_acc=0.3250 | val_loss=1.3926 val_acc=0.2600 | 
03-04 09:58:37 [LP epoch 03] train_loss=1.2955 train_acc=0.4500 | val_loss=1.3935 val_acc=0.2525 | 
03-04 09:58:37 [LP epoch 04] train_loss=1.2592 train_acc=0.4500 | val_loss=1.3945 val_acc=0.2275 | 
03-04 09:58:37 [LP epoch 05] train_loss=1.2258 train_acc=0.5000 | val_loss=1.3955 val_acc=0.2250 | 
03-04 09:58:37 [LP epoch 06] train_loss=1.1980 train_acc=0.5500 | val_loss=1.3968 val_acc=0.2250 | 
03-04 09:58:37 [LP epoch 07] train_loss=1.1726 train_acc=0.6000 | val_loss=1.3978 val_acc=0.2175 | 
03-04 09:58:37 [LP epoch 08] train_loss=1.1494 train_acc=0.6000 | val_loss=1.3982 val_acc=0.2225 | 
03-04 09:58:37 [LP epoch 09] train_loss=1.1257 train_acc=0.6500 | val_loss=1.3980 val_acc=0.2200 | 
03-04 09:58:37 [LP epoch 10] train_loss=1.1028 train_acc=0.6500 | val_loss=1.3972 val_acc=0.2250 | 
03-04 09:58:37 [LP epoch 11] train_loss=1.0813 train_acc=0.6750 | val_loss=1.3959 val_acc=0.2225 | 
03-04 09:58:38 [LP epoch 12] train_loss=1.0604 train_acc=0.7250 | val_loss=1.3946 val_acc=0.2200 | 
03-04 09:58:38 [LP epoch 13] train_loss=1.0398 train_acc=0.7250 | val_loss=1.3932 val_acc=0.2300 | 
03-04 09:58:38 [LP epoch 14] train_loss=1.0210 train_acc=0.7500 | val_loss=1.3912 val_acc=0.2325 | 
03-04 09:58:38 [LP epoch 15] train_loss=1.0038 train_acc=0.7500 | val_loss=1.3882 val_acc=0.2550 | 
03-04 09:58:38 [LP epoch 16] train_loss=0.9869 train_acc=0.7500 | val_loss=1.3839 val_acc=0.2900 | 
03-04 09:58:38 [LP epoch 17] train_loss=0.9701 train_acc=0.7000 | val_loss=1.3787 val_acc=0.3050 | 
03-04 09:58:38 [LP epoch 18] train_loss=0.9530 train_acc=0.7000 | val_loss=1.3729 val_acc=0.3200 | 
03-04 09:58:38 [LP epoch 19] train_loss=0.9374 train_acc=0.7250 | val_loss=1.3665 val_acc=0.3375 | 
03-04 09:58:39 [LP epoch 20] train_loss=0.9224 train_acc=0.7250 | val_loss=1.3601 val_acc=0.3550 | 
03-04 09:58:39 [LP epoch 21] train_loss=0.9078 train_acc=0.7250 | val_loss=1.3541 val_acc=0.3600 | 
03-04 09:58:39 [LP epoch 22] train_loss=0.8948 train_acc=0.7250 | val_loss=1.3488 val_acc=0.3575 | 
03-04 09:58:39 [LP epoch 23] train_loss=0.8816 train_acc=0.7250 | val_loss=1.3445 val_acc=0.3675 | 
03-04 09:58:39 [LP epoch 24] train_loss=0.8675 train_acc=0.7250 | val_loss=1.3409 val_acc=0.3700 | 
03-04 09:58:39 [LP epoch 25] train_loss=0.8528 train_acc=0.7250 | val_loss=1.3382 val_acc=0.3750 | 
03-04 09:58:39 [LP epoch 26] train_loss=0.8378 train_acc=0.7500 | val_loss=1.3355 val_acc=0.3750 | 
03-04 09:58:39 [LP epoch 27] train_loss=0.8231 train_acc=0.7500 | val_loss=1.3328 val_acc=0.3900 | 
03-04 09:58:39 [LP epoch 28] train_loss=0.8092 train_acc=0.7500 | val_loss=1.3302 val_acc=0.3950 | 
03-04 09:58:40 [LP epoch 29] train_loss=0.7957 train_acc=0.7750 | val_loss=1.3273 val_acc=0.4000 | 
03-04 09:58:40 [LP epoch 30] train_loss=0.7818 train_acc=0.8000 | val_loss=1.3230 val_acc=0.3950 | 
03-04 09:58:40 [LP epoch 31] train_loss=0.7672 train_acc=0.8250 | val_loss=1.3168 val_acc=0.4050 | 
03-04 09:58:40 [LP epoch 32] train_loss=0.7525 train_acc=0.8250 | val_loss=1.3095 val_acc=0.4025 | 
03-04 09:58:40 [LP epoch 33] train_loss=0.7384 train_acc=0.8250 | val_loss=1.3025 val_acc=0.4025 | 
03-04 09:58:40 [LP epoch 34] train_loss=0.7250 train_acc=0.8250 | val_loss=1.2946 val_acc=0.4200 | 
03-04 09:58:40 [LP epoch 35] train_loss=0.7110 train_acc=0.8250 | val_loss=1.2841 val_acc=0.4275 | 
03-04 09:58:40 [LP epoch 36] train_loss=0.6953 train_acc=0.8000 | val_loss=1.2732 val_acc=0.4325 | 
03-04 09:58:40 [LP epoch 37] train_loss=0.6790 train_acc=0.8000 | val_loss=1.2631 val_acc=0.4375 | 
03-04 09:58:41 [LP epoch 38] train_loss=0.6648 train_acc=0.8250 | val_loss=1.2557 val_acc=0.4375 | 
03-04 09:58:41 [LP epoch 39] train_loss=0.6498 train_acc=0.8250 | val_loss=1.2487 val_acc=0.4500 | 
03-04 09:58:41 [LP epoch 40] train_loss=0.6352 train_acc=0.8500 | val_loss=1.2426 val_acc=0.4550 | 
03-04 09:58:41 [LP epoch 41] train_loss=0.6211 train_acc=0.8750 | val_loss=1.2360 val_acc=0.4575 | 
03-04 09:58:41 [LP epoch 42] train_loss=0.6082 train_acc=0.8750 | val_loss=1.2303 val_acc=0.4650 | 
03-04 09:58:41 [LP epoch 43] train_loss=0.5950 train_acc=0.9000 | val_loss=1.2244 val_acc=0.4650 | 
03-04 09:58:41 [LP epoch 44] train_loss=0.5837 train_acc=0.9250 | val_loss=1.2181 val_acc=0.4625 | 
03-04 09:58:41 [LP epoch 45] train_loss=0.5708 train_acc=0.9250 | val_loss=1.2120 val_acc=0.4700 | 
03-04 09:58:41 [LP epoch 46] train_loss=0.5590 train_acc=0.9500 | val_loss=1.2063 val_acc=0.4725 | 
03-04 09:58:42 [LP epoch 47] train_loss=0.5472 train_acc=0.9500 | val_loss=1.2016 val_acc=0.4775 | 
03-04 09:58:42 [LP epoch 48] train_loss=0.5330 train_acc=0.9750 | val_loss=1.1977 val_acc=0.4775 | 
03-04 09:58:42 [LP epoch 49] train_loss=0.5218 train_acc=0.9750 | val_loss=1.1939 val_acc=0.4800 | 
03-04 09:58:42 Saved linear-probe checkpoint: ./checkpoint\SSF_PU_0304-095759\linear_probe_best.pt (best_val_acc=0.4800)
03-04 09:58:42 TEST linear-probe: loss=1.2780 acc=0.3925
03-04 09:58:42 model_name: SSF
03-04 09:58:42 data_name: PU
03-04 09:58:42 aug_1: randomcrop
03-04 09:58:42 aug_2: scale
03-04 09:58:42 max_epoch: 100
03-04 09:58:42 classifier_epoch: 50
03-04 09:58:42 data_view: TwoViewDataset
03-04 09:58:42 cuda_device: 0
03-04 09:58:42 checkpoint_dir: ./checkpoint
03-04 09:58:42 batch_size: 64
03-04 09:58:42 data_dir: raw_data/PU
03-04 09:58:42 out_channel: 4
03-04 09:58:42 normlizetype: minus_one_one
03-04 09:58:42 processing_type: RA
03-04 09:58:42 opt: sgd
03-04 09:58:42 lr: 0.05
03-04 09:58:42 momentum: 0.9
03-04 09:58:42 weight_decay: 1e-05
03-04 09:58:42 lr_scheduler: exp
03-04 09:58:42 gamma: 0.1
03-04 09:58:42 eta_min: 1e-05
03-04 09:58:42 latent_space: 128
03-04 09:58:42 num_blocks_ssf: 5
03-04 09:58:42 hidden_channel: 256
03-04 09:58:42 task: self_supervised
03-04 09:58:42 critetion: <class 'utils.loss_SSL.SimSiamLoss'>
03-04 09:58:42 using 1 gpus
03-04 09:58:42 Dataset class: <class 'data_utils.datasets.PU.PU'>
03-04 09:58:43 Split sizes: train=400 val=400 test=400, classier=40
03-04 09:58:43 Label counts train: Counter({0: 100, 1: 100, 2: 100, 3: 100})
03-04 09:58:43 Label counts val:   Counter({0: 100, 1: 100, 2: 100, 3: 100})
03-04 09:58:43 Label counts test:  Counter({0: 100, 1: 100, 2: 100, 3: 100})
03-04 09:58:43 Label counts classifier:  Counter({0: 10, 1: 10, 2: 10, 3: 10})
03-04 09:58:43 -----Epoch 0/99-----
