02-24 09:16:11 model_name: SSF
02-24 09:16:11 data_name: SEU
02-24 09:16:11 aug_1: normal
02-24 09:16:11 aug_2: randomcrop
02-24 09:16:11 max_epoch: 20
02-24 09:16:11 classifier_epoch: 50
02-24 09:16:11 data_view: TwoViewDataset
02-24 09:16:11 cuda_device: 0
02-24 09:16:11 checkpoint_dir: ./checkpoint
02-24 09:16:11 batch_size: 32
02-24 09:16:11 data_dir: raw_data/SEU/gearbox
02-24 09:16:11 out_channel: 10
02-24 09:16:11 normlizetype: minus_one_one
02-24 09:16:11 processing_type: RA
02-24 09:16:11 opt: sgd
02-24 09:16:11 lr: 0.01
02-24 09:16:11 momentum: 0.9
02-24 09:16:11 weight_decay: 1e-05
02-24 09:16:11 lr_scheduler: cos
02-24 09:16:11 gamma: 0.1
02-24 09:16:11 eta_min: 1e-05
02-24 09:16:11 task: self_supervised
02-24 09:16:11 critetion: <class 'utils.loss_SSL.SimSiamLoss'>
02-24 09:16:11 using 1 gpus
02-24 09:16:11 Dataset class: <class 'data_utils.datasets.SEU.SEU'>
02-24 09:17:27 Split sizes: train=714 val=153 test=153
02-24 09:17:27 Label counts train: Counter({0: 72, 5: 72, 8: 72, 1: 72, 6: 71, 2: 71, 9: 71, 3: 71, 7: 71, 4: 71})
02-24 09:17:27 Label counts val:   Counter({2: 16, 9: 16, 3: 16, 6: 15, 4: 15, 0: 15, 8: 15, 7: 15, 5: 15, 1: 15})
02-24 09:17:27 Label counts test:  Counter({6: 16, 4: 16, 7: 16, 8: 15, 3: 15, 5: 15, 9: 15, 0: 15, 1: 15, 2: 15})
02-24 09:17:29 -----Epoch 0/19-----
02-24 09:17:30 current lr: 0.01
02-24 09:17:30 Saved best checkpoint to ./checkpoint\SSF_SEU_0224-091611\best_pt (val_loss=-0.0263)
02-24 09:17:30 Epoch 000 Train loss 0.0232 | Val loss -0.0263
02-24 09:17:30 -----Epoch 1/19-----
02-24 09:17:31 current lr: 0.0099385
02-24 09:17:31 Saved best checkpoint to ./checkpoint\SSF_SEU_0224-091611\best_pt (val_loss=-0.1398)
02-24 09:17:31 Epoch 001 Train loss -0.0863 | Val loss -0.1398
02-24 09:17:31 -----Epoch 2/19-----
02-24 09:17:32 current lr: 0.00975553
02-24 09:17:32 Saved best checkpoint to ./checkpoint\SSF_SEU_0224-091611\best_pt (val_loss=-0.2384)
02-24 09:17:32 Epoch 002 Train loss -0.1923 | Val loss -0.2384
02-24 09:17:32 -----Epoch 3/19-----
02-24 09:17:32 current lr: 0.00945558
02-24 09:17:32 Saved best checkpoint to ./checkpoint\SSF_SEU_0224-091611\best_pt (val_loss=-0.3347)
02-24 09:17:32 Epoch 003 Train loss -0.2961 | Val loss -0.3347
02-24 09:17:32 -----Epoch 4/19-----
02-24 09:17:33 current lr: 0.00904604
02-24 09:17:33 Saved best checkpoint to ./checkpoint\SSF_SEU_0224-091611\best_pt (val_loss=-0.4202)
02-24 09:17:33 Epoch 004 Train loss -0.3919 | Val loss -0.4202
02-24 09:17:33 -----Epoch 5/19-----
02-24 09:17:33 current lr: 0.008537
02-24 09:17:33 Saved best checkpoint to ./checkpoint\SSF_SEU_0224-091611\best_pt (val_loss=-0.4932)
02-24 09:17:33 Epoch 005 Train loss -0.4739 | Val loss -0.4932
02-24 09:17:33 -----Epoch 6/19-----
02-24 09:17:34 current lr: 0.00794099
02-24 09:17:34 Saved best checkpoint to ./checkpoint\SSF_SEU_0224-091611\best_pt (val_loss=-0.5488)
02-24 09:17:34 Epoch 006 Train loss -0.5416 | Val loss -0.5488
02-24 09:17:34 -----Epoch 7/19-----
02-24 09:17:34 current lr: 0.00727268
02-24 09:17:34 Saved best checkpoint to ./checkpoint\SSF_SEU_0224-091611\best_pt (val_loss=-0.6010)
02-24 09:17:34 Epoch 007 Train loss -0.5964 | Val loss -0.6010
02-24 09:17:34 -----Epoch 8/19-----
02-24 09:17:35 current lr: 0.00654854
02-24 09:17:35 Saved best checkpoint to ./checkpoint\SSF_SEU_0224-091611\best_pt (val_loss=-0.6365)
02-24 09:17:35 Epoch 008 Train loss -0.6401 | Val loss -0.6365
02-24 09:17:35 -----Epoch 9/19-----
02-24 09:17:36 current lr: 0.00578639
02-24 09:17:36 Saved best checkpoint to ./checkpoint\SSF_SEU_0224-091611\best_pt (val_loss=-0.6579)
02-24 09:17:36 Epoch 009 Train loss -0.6751 | Val loss -0.6579
02-24 09:17:36 -----Epoch 10/19-----
02-24 09:17:36 current lr: 0.005005
02-24 09:17:36 Saved best checkpoint to ./checkpoint\SSF_SEU_0224-091611\best_pt (val_loss=-0.6809)
02-24 09:17:36 Epoch 010 Train loss -0.7014 | Val loss -0.6809
02-24 09:17:36 -----Epoch 11/19-----
02-24 09:17:37 current lr: 0.00422361
02-24 09:17:37 Saved best checkpoint to ./checkpoint\SSF_SEU_0224-091611\best_pt (val_loss=-0.6961)
02-24 09:17:37 Epoch 011 Train loss -0.7223 | Val loss -0.6961
02-24 09:17:37 -----Epoch 12/19-----
02-24 09:17:37 current lr: 0.00346146
02-24 09:17:37 Saved best checkpoint to ./checkpoint\SSF_SEU_0224-091611\best_pt (val_loss=-0.7193)
02-24 09:17:37 Epoch 012 Train loss -0.7376 | Val loss -0.7193
02-24 09:17:37 -----Epoch 13/19-----
02-24 09:17:38 current lr: 0.00273732
02-24 09:17:38 Saved best checkpoint to ./checkpoint\SSF_SEU_0224-091611\best_pt (val_loss=-0.7370)
02-24 09:17:38 Epoch 013 Train loss -0.7496 | Val loss -0.7370
02-24 09:17:38 -----Epoch 14/19-----
02-24 09:17:39 current lr: 0.00206901
02-24 09:17:39 Saved best checkpoint to ./checkpoint\SSF_SEU_0224-091611\best_pt (val_loss=-0.7445)
02-24 09:17:39 Epoch 014 Train loss -0.7583 | Val loss -0.7445
02-24 09:17:39 -----Epoch 15/19-----
02-24 09:17:39 current lr: 0.001473
02-24 09:17:39 Saved best checkpoint to ./checkpoint\SSF_SEU_0224-091611\best_pt (val_loss=-0.7467)
02-24 09:17:39 Epoch 015 Train loss -0.7643 | Val loss -0.7467
02-24 09:17:39 -----Epoch 16/19-----
02-24 09:17:40 current lr: 0.00096396
02-24 09:17:40 Saved best checkpoint to ./checkpoint\SSF_SEU_0224-091611\best_pt (val_loss=-0.7508)
02-24 09:17:40 Epoch 016 Train loss -0.7682 | Val loss -0.7508
02-24 09:17:40 -----Epoch 17/19-----
02-24 09:17:40 current lr: 0.000554422
02-24 09:17:40 Saved best checkpoint to ./checkpoint\SSF_SEU_0224-091611\best_pt (val_loss=-0.7535)
02-24 09:17:40 Epoch 017 Train loss -0.7708 | Val loss -0.7535
02-24 09:17:40 -----Epoch 18/19-----
02-24 09:17:41 current lr: 0.000254473
02-24 09:17:41 Saved best checkpoint to ./checkpoint\SSF_SEU_0224-091611\best_pt (val_loss=-0.7541)
02-24 09:17:41 Epoch 018 Train loss -0.7724 | Val loss -0.7541
02-24 09:17:41 -----Epoch 19/19-----
02-24 09:17:42 current lr: 7.14967e-05
02-24 09:17:42 Saved best checkpoint to ./checkpoint\SSF_SEU_0224-091611\best_pt (val_loss=-0.7544)
02-24 09:17:42 Epoch 019 Train loss -0.7730 | Val loss -0.7544
02-24 09:17:42 TEST (last): loss -0.7602
02-24 09:17:42 [LP epoch 00] train_loss=2.2011 train_acc=0.1793 | val_loss=338.6691 val_acc=0.1569 | 
02-24 09:17:42 [LP epoch 01] train_loss=2.0781 train_acc=0.2521 | val_loss=317.7333 val_acc=0.2614 | 
02-24 09:17:43 [LP epoch 02] train_loss=1.9974 train_acc=0.2983 | val_loss=305.5139 val_acc=0.2288 | 
02-24 09:17:43 [LP epoch 03] train_loss=1.9312 train_acc=0.3361 | val_loss=295.3558 val_acc=0.2549 | 
02-24 09:17:43 [LP epoch 04] train_loss=1.8466 train_acc=0.3697 | val_loss=288.7794 val_acc=0.3203 | 
02-24 09:17:44 [LP epoch 05] train_loss=1.7675 train_acc=0.3936 | val_loss=271.1641 val_acc=0.3856 | 
02-24 09:17:44 [LP epoch 06] train_loss=1.6992 train_acc=0.4230 | val_loss=261.9042 val_acc=0.4183 | 
02-24 09:17:44 [LP epoch 07] train_loss=1.6292 train_acc=0.4608 | val_loss=254.7374 val_acc=0.4902 | 
02-24 09:17:45 [LP epoch 08] train_loss=1.5563 train_acc=0.5014 | val_loss=247.2022 val_acc=0.4771 | 
02-24 09:17:45 [LP epoch 09] train_loss=1.4904 train_acc=0.5154 | val_loss=234.5907 val_acc=0.5621 | 
02-24 09:17:45 [LP epoch 10] train_loss=1.4163 train_acc=0.5658 | val_loss=223.8628 val_acc=0.5752 | 
02-24 09:17:45 [LP epoch 11] train_loss=1.3622 train_acc=0.5924 | val_loss=218.7023 val_acc=0.6209 | 
02-24 09:17:46 [LP epoch 12] train_loss=1.3029 train_acc=0.6331 | val_loss=213.2413 val_acc=0.6340 | 
02-24 09:17:46 [LP epoch 13] train_loss=1.2455 train_acc=0.6443 | val_loss=205.7105 val_acc=0.6536 | 
02-24 09:17:46 [LP epoch 14] train_loss=1.1829 train_acc=0.6681 | val_loss=197.0507 val_acc=0.6275 | 
02-24 09:17:47 [LP epoch 15] train_loss=1.1461 train_acc=0.6737 | val_loss=189.1486 val_acc=0.6471 | 
02-24 09:17:47 [LP epoch 16] train_loss=1.0947 train_acc=0.6989 | val_loss=178.5038 val_acc=0.7124 | 
02-24 09:17:47 [LP epoch 17] train_loss=1.0542 train_acc=0.7003 | val_loss=166.8760 val_acc=0.7255 | 
02-24 09:17:48 [LP epoch 18] train_loss=1.0161 train_acc=0.7129 | val_loss=170.3045 val_acc=0.7124 | 
02-24 09:17:48 [LP epoch 19] train_loss=0.9739 train_acc=0.7255 | val_loss=157.9976 val_acc=0.7582 | 
02-24 09:17:48 [LP epoch 20] train_loss=0.9321 train_acc=0.7395 | val_loss=157.1042 val_acc=0.7190 | 
02-24 09:17:49 [LP epoch 21] train_loss=0.9047 train_acc=0.7423 | val_loss=150.9169 val_acc=0.7386 | 
02-24 09:17:49 [LP epoch 22] train_loss=0.8728 train_acc=0.7409 | val_loss=142.2900 val_acc=0.7451 | 
02-24 09:17:49 [LP epoch 23] train_loss=0.8409 train_acc=0.7633 | val_loss=142.5705 val_acc=0.7451 | 
02-24 09:17:50 [LP epoch 24] train_loss=0.8154 train_acc=0.7871 | val_loss=134.1405 val_acc=0.7647 | 
02-24 09:17:50 [LP epoch 25] train_loss=0.7889 train_acc=0.7857 | val_loss=131.8968 val_acc=0.7516 | 
02-24 09:17:50 [LP epoch 26] train_loss=0.7662 train_acc=0.7885 | val_loss=124.5653 val_acc=0.7386 | 
02-24 09:17:51 [LP epoch 27] train_loss=0.7472 train_acc=0.7843 | val_loss=121.8819 val_acc=0.7386 | 
02-24 09:17:51 [LP epoch 28] train_loss=0.7316 train_acc=0.7927 | val_loss=116.5171 val_acc=0.7516 | 
02-24 09:17:51 [LP epoch 29] train_loss=0.7079 train_acc=0.7997 | val_loss=113.8481 val_acc=0.7582 | 
02-24 09:17:51 [LP epoch 30] train_loss=0.6933 train_acc=0.8025 | val_loss=114.2358 val_acc=0.7582 | 
02-24 09:17:52 [LP epoch 31] train_loss=0.6871 train_acc=0.7969 | val_loss=114.1188 val_acc=0.7386 | 
02-24 09:17:52 [LP epoch 32] train_loss=0.6794 train_acc=0.7941 | val_loss=112.2706 val_acc=0.7320 | 
02-24 09:17:52 [LP epoch 33] train_loss=0.6517 train_acc=0.8151 | val_loss=108.2776 val_acc=0.7582 | 
02-24 09:17:52 [LP epoch 34] train_loss=0.6265 train_acc=0.8207 | val_loss=106.8362 val_acc=0.7647 | 
02-24 09:17:53 [LP epoch 35] train_loss=0.6205 train_acc=0.8179 | val_loss=104.0527 val_acc=0.7582 | 
02-24 09:17:53 [LP epoch 36] train_loss=0.6204 train_acc=0.8207 | val_loss=106.6119 val_acc=0.7647 | 
02-24 09:17:53 [LP epoch 37] train_loss=0.6030 train_acc=0.8291 | val_loss=104.1423 val_acc=0.7843 | 
02-24 09:17:54 [LP epoch 38] train_loss=0.5936 train_acc=0.8193 | val_loss=103.3206 val_acc=0.7712 | 
02-24 09:17:54 [LP epoch 39] train_loss=0.5919 train_acc=0.8193 | val_loss=101.5097 val_acc=0.7712 | 
02-24 09:17:54 [LP epoch 40] train_loss=0.5728 train_acc=0.8263 | val_loss=99.8506 val_acc=0.7843 | 
02-24 09:17:55 [LP epoch 41] train_loss=0.5539 train_acc=0.8347 | val_loss=95.8012 val_acc=0.7974 | 
02-24 09:17:55 [LP epoch 42] train_loss=0.5491 train_acc=0.8347 | val_loss=96.7083 val_acc=0.7908 | 
02-24 09:17:55 [LP epoch 43] train_loss=0.5444 train_acc=0.8333 | val_loss=96.3565 val_acc=0.7908 | 
02-24 09:17:56 [LP epoch 44] train_loss=0.5281 train_acc=0.8445 | val_loss=94.1396 val_acc=0.7778 | 
02-24 09:17:56 [LP epoch 45] train_loss=0.5176 train_acc=0.8459 | val_loss=90.5698 val_acc=0.7974 | 
02-24 09:17:56 [LP epoch 46] train_loss=0.5100 train_acc=0.8473 | val_loss=91.2798 val_acc=0.7778 | 
02-24 09:17:56 [LP epoch 47] train_loss=0.5094 train_acc=0.8445 | val_loss=92.2714 val_acc=0.7908 | 
02-24 09:17:57 [LP epoch 48] train_loss=0.5094 train_acc=0.8473 | val_loss=98.2647 val_acc=0.7778 | 
02-24 09:17:57 [LP epoch 49] train_loss=0.5100 train_acc=0.8459 | val_loss=96.9761 val_acc=0.7908 | 
02-24 09:17:57 Saved linear-probe checkpoint: ./checkpoint\SSF_SEU_0224-091611\linear_probe_best.pt (best_val_acc=0.7974)
02-24 09:17:57 TEST linear-probe: loss=0.5643 acc=0.7647
02-24 09:17:57 using 1 gpus
02-24 09:17:57 Dataset class: <class 'data_utils.datasets.SEU.SEU'>
02-24 09:19:13 Split sizes: train=714 val=153 test=153
02-24 09:19:13 Label counts train: Counter({0: 72, 5: 72, 8: 72, 1: 72, 6: 71, 2: 71, 9: 71, 3: 71, 7: 71, 4: 71})
02-24 09:19:13 Label counts val:   Counter({2: 16, 9: 16, 3: 16, 6: 15, 4: 15, 0: 15, 8: 15, 7: 15, 5: 15, 1: 15})
02-24 09:19:13 Label counts test:  Counter({6: 16, 4: 16, 7: 16, 8: 15, 3: 15, 5: 15, 9: 15, 0: 15, 1: 15, 2: 15})
02-24 09:19:13 -----Epoch 0/19-----
02-24 09:19:14 current lr: 0.01
02-24 09:19:14 Saved best checkpoint to ./checkpoint\SSF_SEU_0224-091611\best_pt (val_loss=-0.1662)
02-24 09:19:14 Epoch 000 Train loss -0.1224 | Val loss -0.1662
02-24 09:19:14 -----Epoch 1/19-----
02-24 09:19:14 current lr: 0.0099385
02-24 09:19:14 Saved best checkpoint to ./checkpoint\SSF_SEU_0224-091611\best_pt (val_loss=-0.2646)
02-24 09:19:14 Epoch 001 Train loss -0.2267 | Val loss -0.2646
02-24 09:19:14 -----Epoch 2/19-----
02-24 09:19:15 current lr: 0.00975553
02-24 09:19:15 Saved best checkpoint to ./checkpoint\SSF_SEU_0224-091611\best_pt (val_loss=-0.3679)
02-24 09:19:15 Epoch 002 Train loss -0.3381 | Val loss -0.3679
02-24 09:19:15 -----Epoch 3/19-----
02-24 09:19:16 current lr: 0.00945558
02-24 09:19:16 Saved best checkpoint to ./checkpoint\SSF_SEU_0224-091611\best_pt (val_loss=-0.4575)
02-24 09:19:16 Epoch 003 Train loss -0.4399 | Val loss -0.4575
02-24 09:19:16 -----Epoch 4/19-----
02-24 09:19:16 current lr: 0.00904604
02-24 09:19:16 Saved best checkpoint to ./checkpoint\SSF_SEU_0224-091611\best_pt (val_loss=-0.5369)
02-24 09:19:16 Epoch 004 Train loss -0.5248 | Val loss -0.5369
02-24 09:19:16 -----Epoch 5/19-----
02-24 09:19:17 current lr: 0.008537
02-24 09:19:17 Saved best checkpoint to ./checkpoint\SSF_SEU_0224-091611\best_pt (val_loss=-0.5983)
02-24 09:19:17 Epoch 005 Train loss -0.5959 | Val loss -0.5983
02-24 09:19:17 -----Epoch 6/19-----
02-24 09:19:17 current lr: 0.00794099
02-24 09:19:17 Saved best checkpoint to ./checkpoint\SSF_SEU_0224-091611\best_pt (val_loss=-0.6545)
02-24 09:19:17 Epoch 006 Train loss -0.6525 | Val loss -0.6545
02-24 09:19:17 -----Epoch 7/19-----
02-24 09:19:18 current lr: 0.00727268
02-24 09:19:18 Saved best checkpoint to ./checkpoint\SSF_SEU_0224-091611\best_pt (val_loss=-0.6874)
02-24 09:19:18 Epoch 007 Train loss -0.6960 | Val loss -0.6874
02-24 09:19:18 -----Epoch 8/19-----
02-24 09:19:18 current lr: 0.00654854
02-24 09:19:18 Saved best checkpoint to ./checkpoint\SSF_SEU_0224-091611\best_pt (val_loss=-0.7137)
02-24 09:19:18 Epoch 008 Train loss -0.7273 | Val loss -0.7137
02-24 09:19:18 -----Epoch 9/19-----
02-24 09:19:19 current lr: 0.00578639
02-24 09:19:19 Saved best checkpoint to ./checkpoint\SSF_SEU_0224-091611\best_pt (val_loss=-0.7308)
02-24 09:19:19 Epoch 009 Train loss -0.7512 | Val loss -0.7308
02-24 09:19:19 -----Epoch 10/19-----
02-24 09:19:19 current lr: 0.005005
02-24 09:19:19 Saved best checkpoint to ./checkpoint\SSF_SEU_0224-091611\best_pt (val_loss=-0.7482)
02-24 09:19:19 Epoch 010 Train loss -0.7694 | Val loss -0.7482
02-24 09:19:19 -----Epoch 11/19-----
02-24 09:19:20 current lr: 0.00422361
02-24 09:19:20 Saved best checkpoint to ./checkpoint\SSF_SEU_0224-091611\best_pt (val_loss=-0.7574)
02-24 09:19:20 Epoch 011 Train loss -0.7836 | Val loss -0.7574
02-24 09:19:20 -----Epoch 12/19-----
02-24 09:19:21 current lr: 0.00346146
02-24 09:19:21 Saved best checkpoint to ./checkpoint\SSF_SEU_0224-091611\best_pt (val_loss=-0.7605)
02-24 09:19:21 Epoch 012 Train loss -0.7935 | Val loss -0.7605
02-24 09:19:21 -----Epoch 13/19-----
02-24 09:19:21 current lr: 0.00273732
02-24 09:19:21 Saved best checkpoint to ./checkpoint\SSF_SEU_0224-091611\best_pt (val_loss=-0.7822)
02-24 09:19:21 Epoch 013 Train loss -0.8015 | Val loss -0.7822
02-24 09:19:21 -----Epoch 14/19-----
02-24 09:19:22 current lr: 0.00206901
02-24 09:19:22 Saved best checkpoint to ./checkpoint\SSF_SEU_0224-091611\best_pt (val_loss=-0.7864)
02-24 09:19:22 Epoch 014 Train loss -0.8080 | Val loss -0.7864
02-24 09:19:22 -----Epoch 15/19-----
02-24 09:19:22 current lr: 0.001473
02-24 09:19:22 Saved best checkpoint to ./checkpoint\SSF_SEU_0224-091611\best_pt (val_loss=-0.7924)
02-24 09:19:22 Epoch 015 Train loss -0.8122 | Val loss -0.7924
02-24 09:19:22 -----Epoch 16/19-----
02-24 09:19:23 current lr: 0.00096396
02-24 09:19:23 Saved best checkpoint to ./checkpoint\SSF_SEU_0224-091611\best_pt (val_loss=-0.7948)
02-24 09:19:23 Epoch 016 Train loss -0.8154 | Val loss -0.7948
02-24 09:19:23 -----Epoch 17/19-----
02-24 09:19:24 current lr: 0.000554422
02-24 09:19:24 Saved best checkpoint to ./checkpoint\SSF_SEU_0224-091611\best_pt (val_loss=-0.7962)
02-24 09:19:24 Epoch 017 Train loss -0.8174 | Val loss -0.7962
02-24 09:19:24 -----Epoch 18/19-----
02-24 09:19:24 current lr: 0.000254473
02-24 09:19:24 Saved best checkpoint to ./checkpoint\SSF_SEU_0224-091611\best_pt (val_loss=-0.7969)
02-24 09:19:24 Epoch 018 Train loss -0.8182 | Val loss -0.7969
02-24 09:19:24 -----Epoch 19/19-----
02-24 09:19:25 current lr: 7.14967e-05
02-24 09:19:25 Saved best checkpoint to ./checkpoint\SSF_SEU_0224-091611\best_pt (val_loss=-0.7969)
02-24 09:19:25 Epoch 019 Train loss -0.8187 | Val loss -0.7969
02-24 09:19:25 TEST (last): loss -0.8068
02-24 09:19:25 [LP epoch 00] train_loss=2.1954 train_acc=0.1793 | val_loss=332.5775 val_acc=0.2288 | 
02-24 09:19:25 [LP epoch 01] train_loss=2.0140 train_acc=0.3263 | val_loss=308.9136 val_acc=0.2876 | 
02-24 09:19:26 [LP epoch 02] train_loss=1.9459 train_acc=0.3922 | val_loss=294.0362 val_acc=0.4379 | 
02-24 09:19:26 [LP epoch 03] train_loss=1.8735 train_acc=0.4692 | val_loss=285.5264 val_acc=0.4379 | 
02-24 09:19:26 [LP epoch 04] train_loss=1.8047 train_acc=0.5266 | val_loss=280.9669 val_acc=0.4575 | 
02-24 09:19:27 [LP epoch 05] train_loss=1.7405 train_acc=0.5476 | val_loss=267.7758 val_acc=0.4902 | 
02-24 09:19:27 [LP epoch 06] train_loss=1.6698 train_acc=0.5518 | val_loss=260.7248 val_acc=0.4314 | 
02-24 09:19:27 [LP epoch 07] train_loss=1.6030 train_acc=0.5700 | val_loss=257.1499 val_acc=0.4510 | 
02-24 09:19:27 [LP epoch 08] train_loss=1.5486 train_acc=0.5672 | val_loss=248.4665 val_acc=0.4575 | 
02-24 09:19:28 [LP epoch 09] train_loss=1.5026 train_acc=0.5462 | val_loss=231.6111 val_acc=0.4641 | 
02-24 09:19:28 [LP epoch 10] train_loss=1.4351 train_acc=0.5574 | val_loss=224.9976 val_acc=0.4706 | 
02-24 09:19:28 [LP epoch 11] train_loss=1.3862 train_acc=0.5700 | val_loss=213.3205 val_acc=0.5229 | 
02-24 09:19:29 [LP epoch 12] train_loss=1.3272 train_acc=0.5924 | val_loss=214.5090 val_acc=0.5098 | 
02-24 09:19:29 [LP epoch 13] train_loss=1.2810 train_acc=0.6106 | val_loss=201.8805 val_acc=0.5359 | 
02-24 09:19:29 [LP epoch 14] train_loss=1.2360 train_acc=0.6106 | val_loss=197.0501 val_acc=0.5621 | 
02-24 09:19:29 [LP epoch 15] train_loss=1.2016 train_acc=0.6204 | val_loss=209.1189 val_acc=0.4379 | 
02-24 09:19:30 [LP epoch 16] train_loss=1.1640 train_acc=0.6331 | val_loss=199.2511 val_acc=0.5229 | 
02-24 09:19:30 [LP epoch 17] train_loss=1.1190 train_acc=0.6541 | val_loss=190.6518 val_acc=0.5163 | 
02-24 09:19:31 [LP epoch 18] train_loss=1.0893 train_acc=0.6569 | val_loss=181.7638 val_acc=0.5752 | 
02-24 09:19:31 [LP epoch 19] train_loss=1.0494 train_acc=0.6653 | val_loss=190.5653 val_acc=0.5359 | 
02-24 09:19:31 [LP epoch 20] train_loss=1.0106 train_acc=0.6891 | val_loss=186.4675 val_acc=0.5229 | 
02-24 09:19:31 [LP epoch 21] train_loss=0.9812 train_acc=0.7073 | val_loss=183.7794 val_acc=0.5621 | 
02-24 09:19:32 [LP epoch 22] train_loss=0.9533 train_acc=0.7129 | val_loss=188.3400 val_acc=0.5621 | 
02-24 09:19:32 [LP epoch 23] train_loss=0.9253 train_acc=0.7241 | val_loss=174.2192 val_acc=0.5817 | 
02-24 09:19:32 [LP epoch 24] train_loss=0.8962 train_acc=0.7507 | val_loss=157.0679 val_acc=0.6928 | 
02-24 09:19:33 [LP epoch 25] train_loss=0.8584 train_acc=0.7759 | val_loss=141.5244 val_acc=0.7124 | 
02-24 09:19:33 [LP epoch 26] train_loss=0.8190 train_acc=0.7787 | val_loss=139.0211 val_acc=0.7320 | 
02-24 09:19:33 [LP epoch 27] train_loss=0.7873 train_acc=0.8067 | val_loss=133.9521 val_acc=0.7124 | 
02-24 09:19:33 [LP epoch 28] train_loss=0.7628 train_acc=0.8109 | val_loss=132.4641 val_acc=0.7059 | 
02-24 09:19:34 [LP epoch 29] train_loss=0.7341 train_acc=0.8095 | val_loss=131.5356 val_acc=0.6667 | 
02-24 09:19:34 [LP epoch 30] train_loss=0.7222 train_acc=0.8095 | val_loss=123.2476 val_acc=0.7255 | 
02-24 09:19:34 [LP epoch 31] train_loss=0.7078 train_acc=0.8123 | val_loss=143.8094 val_acc=0.6667 | 
02-24 09:19:35 [LP epoch 32] train_loss=0.6810 train_acc=0.8221 | val_loss=147.6038 val_acc=0.6536 | 
02-24 09:19:35 [LP epoch 33] train_loss=0.6667 train_acc=0.8221 | val_loss=125.8701 val_acc=0.6667 | 
02-24 09:19:35 [LP epoch 34] train_loss=0.6522 train_acc=0.8277 | val_loss=111.5603 val_acc=0.7451 | 
02-24 09:19:36 [LP epoch 35] train_loss=0.6250 train_acc=0.8501 | val_loss=104.1726 val_acc=0.7582 | 
02-24 09:19:36 [LP epoch 36] train_loss=0.6174 train_acc=0.8361 | val_loss=112.3438 val_acc=0.8039 | 
02-24 09:19:36 [LP epoch 37] train_loss=0.5968 train_acc=0.8403 | val_loss=114.6625 val_acc=0.7255 | 
02-24 09:19:37 [LP epoch 38] train_loss=0.5906 train_acc=0.8515 | val_loss=98.3817 val_acc=0.8235 | 
02-24 09:19:37 [LP epoch 39] train_loss=0.5634 train_acc=0.8571 | val_loss=93.1733 val_acc=0.7843 | 
02-24 09:19:37 [LP epoch 40] train_loss=0.5651 train_acc=0.8543 | val_loss=95.6392 val_acc=0.8170 | 
02-24 09:19:37 [LP epoch 41] train_loss=0.5311 train_acc=0.8641 | val_loss=83.6524 val_acc=0.7843 | 
02-24 09:19:38 [LP epoch 42] train_loss=0.5398 train_acc=0.8557 | val_loss=106.5458 val_acc=0.7908 | 
02-24 09:19:38 [LP epoch 43] train_loss=0.5074 train_acc=0.8810 | val_loss=93.5678 val_acc=0.8039 | 
02-24 09:19:38 [LP epoch 44] train_loss=0.5144 train_acc=0.8599 | val_loss=89.9753 val_acc=0.8235 | 
02-24 09:19:39 [LP epoch 45] train_loss=0.4785 train_acc=0.8754 | val_loss=93.8507 val_acc=0.7843 | 
02-24 09:19:39 [LP epoch 46] train_loss=0.4897 train_acc=0.8641 | val_loss=88.1962 val_acc=0.8301 | 
02-24 09:19:39 [LP epoch 47] train_loss=0.4705 train_acc=0.8711 | val_loss=84.8393 val_acc=0.7712 | 
02-24 09:19:40 [LP epoch 48] train_loss=0.4797 train_acc=0.8585 | val_loss=92.1632 val_acc=0.8235 | 
02-24 09:19:40 [LP epoch 49] train_loss=0.4579 train_acc=0.8824 | val_loss=90.9152 val_acc=0.7647 | 
02-24 09:19:40 Saved linear-probe checkpoint: ./checkpoint\SSF_SEU_0224-091611\linear_probe_best.pt (best_val_acc=0.8301)
02-24 09:19:40 TEST linear-probe: loss=0.5644 acc=0.7778
