03-10 14:59:41 model_name: SSF
03-10 14:59:41 data_name: CWRU
03-10 14:59:41 aug_1: randomcrop
03-10 14:59:41 aug_2: scale
03-10 14:59:41 max_epoch: 20
03-10 14:59:41 classifier_epoch: 50
03-10 14:59:41 data_view: TwoViewDataset
03-10 14:59:41 cuda_device: 0
03-10 14:59:41 checkpoint_dir: ./anomaly_detection
03-10 14:59:41 batch_size: 64
03-10 14:59:41 data_dir: raw_data/CWRU
03-10 14:59:41 out_channel: 4
03-10 14:59:41 normlizetype: minus_one_one
03-10 14:59:41 processing_type: O_N
03-10 14:59:41 opt: sgd
03-10 14:59:41 lr: 0.05
03-10 14:59:41 momentum: 0.9
03-10 14:59:41 weight_decay: 0.0001
03-10 14:59:41 lr_scheduler: cos
03-10 14:59:41 gamma: 0.95
03-10 14:59:41 eta_min: 1e-05
03-10 14:59:41 latent_space: 192
03-10 14:59:41 num_blocks_ssf: 5
03-10 14:59:41 hidden_channel: 128
03-10 14:59:41 per_class_samples: None
03-10 14:59:41 classifier_samples: None
03-10 14:59:41 task: self_supervised
03-10 14:59:41 critetion: <class 'utils.loss_SSL.SimSiamLoss'>
03-10 14:59:41 using 1 gpus
03-10 14:59:41 Dataset class: <class 'data_utils.datasets.CWRU.CWRU'>
03-10 14:59:41 Split sizes: train=993 val=331 test=878, classier=878
03-10 14:59:41 Label counts train: Counter({0: 993})
03-10 14:59:41 Label counts val:   Counter({0: 331})
03-10 14:59:41 Label counts test:  Counter({1: 238, 3: 238, 2: 236, 0: 166})
03-10 14:59:41 Label counts classifier:  Counter({1: 238, 2: 237, 3: 237, 0: 166})
03-10 14:59:43 -----Epoch 0/19-----
03-10 14:59:45 current lr: 0.05
03-10 14:59:45 Saved best checkpoint to ./anomaly_detection\SSF_CWRU_0310-145941\best_pt (val_loss=-0.8110)
03-10 14:59:45 Epoch 000 Train loss -0.7355 | Val loss -0.8110
03-10 14:59:45 -----Epoch 1/19-----
03-10 14:59:46 current lr: 0.0496923
03-10 14:59:46 Saved best checkpoint to ./anomaly_detection\SSF_CWRU_0310-145941\best_pt (val_loss=-0.9740)
03-10 14:59:46 Epoch 001 Train loss -0.9745 | Val loss -0.9740
03-10 14:59:46 -----Epoch 2/19-----
03-10 14:59:47 current lr: 0.0487767
03-10 14:59:47 Saved best checkpoint to ./anomaly_detection\SSF_CWRU_0310-145941\best_pt (val_loss=-0.9856)
03-10 14:59:47 Epoch 002 Train loss -0.9829 | Val loss -0.9856
03-10 14:59:47 -----Epoch 3/19-----
03-10 14:59:48 current lr: 0.0472757
03-10 14:59:48 Saved best checkpoint to ./anomaly_detection\SSF_CWRU_0310-145941\best_pt (val_loss=-0.9884)
03-10 14:59:48 Epoch 003 Train loss -0.9878 | Val loss -0.9884
03-10 14:59:48 -----Epoch 4/19-----
03-10 14:59:49 current lr: 0.0452264
03-10 14:59:49 Saved best checkpoint to ./anomaly_detection\SSF_CWRU_0310-145941\best_pt (val_loss=-0.9904)
03-10 14:59:49 Epoch 004 Train loss -0.9902 | Val loss -0.9904
03-10 14:59:49 -----Epoch 5/19-----
03-10 14:59:50 current lr: 0.0426791
03-10 14:59:50 Saved best checkpoint to ./anomaly_detection\SSF_CWRU_0310-145941\best_pt (val_loss=-0.9918)
03-10 14:59:50 Epoch 005 Train loss -0.9915 | Val loss -0.9918
03-10 14:59:50 -----Epoch 6/19-----
03-10 14:59:51 current lr: 0.0396967
03-10 14:59:51 Saved best checkpoint to ./anomaly_detection\SSF_CWRU_0310-145941\best_pt (val_loss=-0.9929)
03-10 14:59:51 Epoch 006 Train loss -0.9924 | Val loss -0.9929
03-10 14:59:51 -----Epoch 7/19-----
03-10 14:59:52 current lr: 0.0363525
03-10 14:59:52 Saved best checkpoint to ./anomaly_detection\SSF_CWRU_0310-145941\best_pt (val_loss=-0.9936)
03-10 14:59:52 Epoch 007 Train loss -0.9931 | Val loss -0.9936
03-10 14:59:52 -----Epoch 8/19-----
03-10 14:59:53 current lr: 0.0327289
03-10 14:59:53 Saved best checkpoint to ./anomaly_detection\SSF_CWRU_0310-145941\best_pt (val_loss=-0.9941)
03-10 14:59:53 Epoch 008 Train loss -0.9936 | Val loss -0.9941
03-10 14:59:53 -----Epoch 9/19-----
03-10 14:59:54 current lr: 0.0289151
03-10 14:59:54 Saved best checkpoint to ./anomaly_detection\SSF_CWRU_0310-145941\best_pt (val_loss=-0.9945)
03-10 14:59:54 Epoch 009 Train loss -0.9940 | Val loss -0.9945
03-10 14:59:54 -----Epoch 10/19-----
03-10 14:59:55 current lr: 0.025005
03-10 14:59:55 Saved best checkpoint to ./anomaly_detection\SSF_CWRU_0310-145941\best_pt (val_loss=-0.9948)
03-10 14:59:55 Epoch 010 Train loss -0.9943 | Val loss -0.9948
03-10 14:59:55 -----Epoch 11/19-----
03-10 14:59:56 current lr: 0.0210949
03-10 14:59:56 Saved best checkpoint to ./anomaly_detection\SSF_CWRU_0310-145941\best_pt (val_loss=-0.9950)
03-10 14:59:56 Epoch 011 Train loss -0.9945 | Val loss -0.9950
03-10 14:59:56 -----Epoch 12/19-----
03-10 14:59:57 current lr: 0.0172811
03-10 14:59:57 Saved best checkpoint to ./anomaly_detection\SSF_CWRU_0310-145941\best_pt (val_loss=-0.9951)
03-10 14:59:57 Epoch 012 Train loss -0.9947 | Val loss -0.9951
03-10 14:59:57 -----Epoch 13/19-----
03-10 14:59:58 current lr: 0.0136575
03-10 14:59:58 Saved best checkpoint to ./anomaly_detection\SSF_CWRU_0310-145941\best_pt (val_loss=-0.9952)
03-10 14:59:58 Epoch 013 Train loss -0.9948 | Val loss -0.9952
03-10 14:59:58 -----Epoch 14/19-----
03-10 14:59:59 current lr: 0.0103133
03-10 14:59:59 Saved best checkpoint to ./anomaly_detection\SSF_CWRU_0310-145941\best_pt (val_loss=-0.9953)
03-10 14:59:59 Epoch 014 Train loss -0.9949 | Val loss -0.9953
03-10 14:59:59 -----Epoch 15/19-----
03-10 15:00:00 current lr: 0.00733087
03-10 15:00:00 Saved best checkpoint to ./anomaly_detection\SSF_CWRU_0310-145941\best_pt (val_loss=-0.9953)
03-10 15:00:00 Epoch 015 Train loss -0.9949 | Val loss -0.9953
03-10 15:00:00 -----Epoch 16/19-----
03-10 15:00:01 current lr: 0.00478362
03-10 15:00:01 Saved best checkpoint to ./anomaly_detection\SSF_CWRU_0310-145941\best_pt (val_loss=-0.9954)
03-10 15:00:01 Epoch 016 Train loss -0.9950 | Val loss -0.9954
03-10 15:00:01 -----Epoch 17/19-----
03-10 15:00:02 current lr: 0.00273429
03-10 15:00:02 Saved best checkpoint to ./anomaly_detection\SSF_CWRU_0310-145941\best_pt (val_loss=-0.9954)
03-10 15:00:02 Epoch 017 Train loss -0.9950 | Val loss -0.9954
03-10 15:00:02 -----Epoch 18/19-----
03-10 15:00:03 current lr: 0.00123334
03-10 15:00:03 Saved best checkpoint to ./anomaly_detection\SSF_CWRU_0310-145941\best_pt (val_loss=-0.9954)
03-10 15:00:03 Epoch 018 Train loss -0.9950 | Val loss -0.9954
03-10 15:00:03 -----Epoch 19/19-----
03-10 15:00:05 current lr: 0.00031773
03-10 15:00:05 Saved best checkpoint to ./anomaly_detection\SSF_CWRU_0310-145941\best_pt (val_loss=-0.9954)
03-10 15:00:05 Epoch 019 Train loss -0.9950 | Val loss -0.9954
03-10 15:00:05 TEST (last): loss -0.8616
03-10 15:00:05 Loaded best checkpoint from ./anomaly_detection\SSF_CWRU_0310-145941\best_pt (val_loss=-0.9954127977261731)
03-10 15:00:05 TEST (best): loss -0.8616
03-10 15:00:06 [LP epoch 00] train_loss=0.7683 train_acc=0.9032 | val_loss=0.4395 val_acc=1.0000 | 
03-10 15:00:07 [LP epoch 01] train_loss=0.4665 train_acc=0.9909 | val_loss=0.3766 val_acc=1.0000 | 
03-10 15:00:07 [LP epoch 02] train_loss=0.4030 train_acc=0.9943 | val_loss=0.3643 val_acc=1.0000 | 
03-10 15:00:08 [LP epoch 03] train_loss=0.3865 train_acc=0.9966 | val_loss=0.3590 val_acc=1.0000 | 
03-10 15:00:09 [LP epoch 04] train_loss=0.3772 train_acc=0.9977 | val_loss=0.3562 val_acc=1.0000 | 
03-10 15:00:09 [LP epoch 05] train_loss=0.3786 train_acc=0.9977 | val_loss=0.3596 val_acc=1.0000 | 
03-10 15:00:10 [LP epoch 06] train_loss=0.3739 train_acc=0.9989 | val_loss=0.3566 val_acc=1.0000 | 
03-10 15:00:10 [LP epoch 07] train_loss=0.3742 train_acc=0.9989 | val_loss=0.3577 val_acc=1.0000 | 
03-10 15:00:11 [LP epoch 08] train_loss=0.3771 train_acc=1.0000 | val_loss=0.3584 val_acc=1.0000 | 
03-10 15:00:12 [LP epoch 09] train_loss=0.3716 train_acc=1.0000 | val_loss=0.3558 val_acc=1.0000 | 
03-10 15:00:12 [LP epoch 10] train_loss=0.3668 train_acc=1.0000 | val_loss=0.3535 val_acc=1.0000 | 
03-10 15:00:13 [LP epoch 11] train_loss=0.3699 train_acc=1.0000 | val_loss=0.3596 val_acc=1.0000 | 
03-10 15:00:13 [LP epoch 12] train_loss=0.3718 train_acc=1.0000 | val_loss=0.3566 val_acc=1.0000 | 
03-10 15:00:14 [LP epoch 13] train_loss=0.3709 train_acc=1.0000 | val_loss=0.3558 val_acc=1.0000 | 
03-10 15:00:15 [LP epoch 14] train_loss=0.3688 train_acc=1.0000 | val_loss=0.3524 val_acc=1.0000 | 
03-10 15:00:15 [LP epoch 15] train_loss=0.3666 train_acc=1.0000 | val_loss=0.3531 val_acc=1.0000 | 
03-10 15:00:16 [LP epoch 16] train_loss=0.3657 train_acc=1.0000 | val_loss=0.3519 val_acc=1.0000 | 
03-10 15:00:16 [LP epoch 17] train_loss=0.3639 train_acc=1.0000 | val_loss=0.3512 val_acc=1.0000 | 
03-10 15:00:17 [LP epoch 18] train_loss=0.3634 train_acc=1.0000 | val_loss=0.3504 val_acc=1.0000 | 
03-10 15:00:18 [LP epoch 19] train_loss=0.3623 train_acc=1.0000 | val_loss=0.3508 val_acc=1.0000 | 
03-10 15:00:18 [LP epoch 20] train_loss=0.3659 train_acc=1.0000 | val_loss=0.3509 val_acc=1.0000 | 
03-10 15:00:19 [LP epoch 21] train_loss=0.3615 train_acc=1.0000 | val_loss=0.3517 val_acc=1.0000 | 
03-10 15:00:20 [LP epoch 22] train_loss=0.3706 train_acc=1.0000 | val_loss=0.3538 val_acc=1.0000 | 
03-10 15:00:20 [LP epoch 23] train_loss=0.3654 train_acc=1.0000 | val_loss=0.3511 val_acc=1.0000 | 
03-10 15:00:21 [LP epoch 24] train_loss=0.3687 train_acc=1.0000 | val_loss=0.3521 val_acc=1.0000 | 
03-10 15:00:21 [LP epoch 25] train_loss=0.3667 train_acc=1.0000 | val_loss=0.3520 val_acc=1.0000 | 
03-10 15:00:22 [LP epoch 26] train_loss=0.3666 train_acc=1.0000 | val_loss=0.3572 val_acc=1.0000 | 
03-10 15:00:22 [LP epoch 27] train_loss=0.3627 train_acc=1.0000 | val_loss=0.3511 val_acc=1.0000 | 
03-10 15:00:23 [LP epoch 28] train_loss=0.3698 train_acc=0.9989 | val_loss=0.3511 val_acc=1.0000 | 
03-10 15:00:24 [LP epoch 29] train_loss=0.3637 train_acc=1.0000 | val_loss=0.3506 val_acc=1.0000 | 
03-10 15:00:24 [LP epoch 30] train_loss=0.3635 train_acc=1.0000 | val_loss=0.3530 val_acc=1.0000 | 
03-10 15:00:25 [LP epoch 31] train_loss=0.3643 train_acc=1.0000 | val_loss=0.3518 val_acc=1.0000 | 
03-10 15:00:25 [LP epoch 32] train_loss=0.3669 train_acc=1.0000 | val_loss=0.3524 val_acc=1.0000 | 
03-10 15:00:26 [LP epoch 33] train_loss=0.3661 train_acc=0.9989 | val_loss=0.3515 val_acc=1.0000 | 
03-10 15:00:27 [LP epoch 34] train_loss=0.3646 train_acc=1.0000 | val_loss=0.3517 val_acc=1.0000 | 
03-10 15:00:27 [LP epoch 35] train_loss=0.3671 train_acc=1.0000 | val_loss=0.3534 val_acc=1.0000 | 
03-10 15:00:28 [LP epoch 36] train_loss=0.3633 train_acc=1.0000 | val_loss=0.3511 val_acc=1.0000 | 
03-10 15:00:28 [LP epoch 37] train_loss=0.3620 train_acc=1.0000 | val_loss=0.3525 val_acc=1.0000 | 
03-10 15:00:29 [LP epoch 38] train_loss=0.3612 train_acc=1.0000 | val_loss=0.3522 val_acc=1.0000 | 
03-10 15:00:30 [LP epoch 39] train_loss=0.3651 train_acc=1.0000 | val_loss=0.3519 val_acc=1.0000 | 
03-10 15:00:30 [LP epoch 40] train_loss=0.3644 train_acc=1.0000 | val_loss=0.3523 val_acc=1.0000 | 
03-10 15:00:31 [LP epoch 41] train_loss=0.3671 train_acc=1.0000 | val_loss=0.3502 val_acc=1.0000 | 
03-10 15:00:32 [LP epoch 42] train_loss=0.3634 train_acc=1.0000 | val_loss=0.3506 val_acc=1.0000 | 
03-10 15:00:32 [LP epoch 43] train_loss=0.3636 train_acc=1.0000 | val_loss=0.3525 val_acc=1.0000 | 
03-10 15:00:33 [LP epoch 44] train_loss=0.3630 train_acc=1.0000 | val_loss=0.3508 val_acc=1.0000 | 
03-10 15:00:34 [LP epoch 45] train_loss=0.3605 train_acc=1.0000 | val_loss=0.3516 val_acc=1.0000 | 
03-10 15:00:34 [LP epoch 46] train_loss=0.3616 train_acc=1.0000 | val_loss=0.3502 val_acc=1.0000 | 
03-10 15:00:35 [LP epoch 47] train_loss=0.3632 train_acc=1.0000 | val_loss=0.3508 val_acc=1.0000 | 
03-10 15:00:35 [LP epoch 48] train_loss=0.3593 train_acc=1.0000 | val_loss=0.3499 val_acc=1.0000 | 
03-10 15:00:36 [LP epoch 49] train_loss=0.3594 train_acc=1.0000 | val_loss=0.3502 val_acc=1.0000 | 
03-10 15:00:36 Saved linear-probe checkpoint: ./anomaly_detection\SSF_CWRU_0310-145941\linear_probe_best.pt (best_val_acc=1.0000)
03-10 15:00:36 TEST linear-probe: loss=0.3526 acc=1.0000
