05-04 10:28:59 ================================================================================
05-04 10:28:59 RUN: aug=('gaussian', 'gaussian') hidden=128 latent=160 blocks=7 seed=0
05-04 10:28:59 model_name: SSF
05-04 10:28:59 data_name: PU
05-04 10:28:59 aug_1: gaussian
05-04 10:28:59 aug_2: gaussian
05-04 10:28:59 data_view: TwoViewDataset
05-04 10:28:59 data_dir: raw_data/PU
05-04 10:28:59 out_channel: 6
05-04 10:28:59 normlizetype: None
05-04 10:28:59 processing_type: O_N
05-04 10:28:59 max_epoch: 50
05-04 10:28:59 classifier_epoch: 50
05-04 10:28:59 batch_size: 64
05-04 10:28:59 cuda_device: 0
05-04 10:28:59 checkpoint_dir: ./checkpoint
05-04 10:28:59 opt: sgd
05-04 10:28:59 lr: 0.05
05-04 10:28:59 momentum: 0.9
05-04 10:28:59 weight_decay: 0.0001
05-04 10:28:59 lr_scheduler: cos
05-04 10:28:59 gamma: 0.95
05-04 10:28:59 eta_min: 1e-05
05-04 10:28:59 latent_space: 160
05-04 10:28:59 num_blocks_ssf: 7
05-04 10:28:59 hidden_channel: 128
05-04 10:28:59 per_class_samples: 1000
05-04 10:28:59 classifier_samples: 100
05-04 10:28:59 task: self_supervised
05-04 10:28:59 critetion: <class 'utils.loss_SSL.SimSiamLoss'>
05-04 10:28:59 using 1 gpus
05-04 10:28:59 Dataset class: <class 'data_utils.datasets.PU.PU'>
05-04 10:29:07 Split sizes: train=1000 val=1000 test=6000, classier=600
05-04 10:29:07 Label counts train: Counter({0: 1000})
05-04 10:29:08 Label counts val:   Counter({0: 1000})
05-04 10:29:08 Label counts test:  Counter({1: 1000, 4: 1000, 3: 1000, 5: 1000, 2: 1000, 0: 1000})
05-04 10:29:08 Label counts classifier:  Counter({0: 100, 3: 100, 5: 100, 2: 100, 1: 100, 4: 100})
05-04 10:29:08 Label counts classifier validation:  Counter({0: 100, 2: 100, 3: 100, 1: 100, 5: 100, 4: 100})
05-04 10:29:10 -----Epoch 0/49-----
05-04 10:29:12 current lr: 0.05
05-04 10:29:12 Saved best checkpoint to ./checkpoint\SSF_PU_0504-102859\best_pt (val_loss=-0.9324)
05-04 10:29:12 Epoch 000 Train loss -0.7554 | Val loss -0.9324
05-04 10:29:12 -----Epoch 1/49-----
05-04 10:29:13 current lr: 0.0499507
05-04 10:29:13 Saved best checkpoint to ./checkpoint\SSF_PU_0504-102859\best_pt (val_loss=-0.9780)
05-04 10:29:13 Epoch 001 Train loss -0.9730 | Val loss -0.9780
05-04 10:29:13 -----Epoch 2/49-----
05-04 10:29:15 current lr: 0.0498029
05-04 10:29:15 Saved best checkpoint to ./checkpoint\SSF_PU_0504-102859\best_pt (val_loss=-0.9829)
05-04 10:29:15 Epoch 002 Train loss -0.9828 | Val loss -0.9829
05-04 10:29:15 -----Epoch 3/49-----
05-04 10:29:16 current lr: 0.0495573
05-04 10:29:16 Saved best checkpoint to ./checkpoint\SSF_PU_0504-102859\best_pt (val_loss=-0.9837)
05-04 10:29:16 Epoch 003 Train loss -0.9851 | Val loss -0.9837
05-04 10:29:16 -----Epoch 4/49-----
05-04 10:29:18 current lr: 0.0492147
05-04 10:29:18 Saved best checkpoint to ./checkpoint\SSF_PU_0504-102859\best_pt (val_loss=-0.9870)
05-04 10:29:18 Epoch 004 Train loss -0.9862 | Val loss -0.9870
05-04 10:29:18 -----Epoch 5/49-----
05-04 10:29:19 current lr: 0.0487767
05-04 10:29:19 Saved best checkpoint to ./checkpoint\SSF_PU_0504-102859\best_pt (val_loss=-0.9877)
05-04 10:29:19 Epoch 005 Train loss -0.9884 | Val loss -0.9877
05-04 10:29:19 -----Epoch 6/49-----
05-04 10:29:21 current lr: 0.0482448
05-04 10:29:21 Saved best checkpoint to ./checkpoint\SSF_PU_0504-102859\best_pt (val_loss=-0.9912)
05-04 10:29:21 Epoch 006 Train loss -0.9901 | Val loss -0.9912
05-04 10:29:21 -----Epoch 7/49-----
05-04 10:29:22 current lr: 0.0476212
05-04 10:29:22 No improvement in val_loss for 1/10 epochs.
05-04 10:29:22 Epoch 007 Train loss -0.9915 | Val loss -0.9908
05-04 10:29:22 -----Epoch 8/49-----
05-04 10:29:24 current lr: 0.0469083
05-04 10:29:24 Saved best checkpoint to ./checkpoint\SSF_PU_0504-102859\best_pt (val_loss=-0.9922)
05-04 10:29:24 Epoch 008 Train loss -0.9922 | Val loss -0.9922
05-04 10:29:24 -----Epoch 9/49-----
