03-04 08:14:01 model_name: SimSiamResNet
03-04 08:14:01 data_name: PU
03-04 08:14:01 aug_1: randomcrop
03-04 08:14:01 aug_2: scale
03-04 08:14:01 max_epoch: 20
03-04 08:14:01 classifier_epoch: 50
03-04 08:14:01 data_view: TwoViewDataset
03-04 08:14:01 cuda_device: 0
03-04 08:14:01 checkpoint_dir: ./checkpoint
03-04 08:14:01 batch_size: 32
03-04 08:14:01 data_dir: raw_data/PU
03-04 08:14:01 out_channel: 4
03-04 08:14:01 normlizetype: minus_one_one
03-04 08:14:01 processing_type: RA
03-04 08:14:01 opt: sgd
03-04 08:14:01 lr: 0.01
03-04 08:14:01 momentum: 0.9
03-04 08:14:01 weight_decay: 1e-05
03-04 08:14:01 lr_scheduler: cos
03-04 08:14:01 gamma: 0.1
03-04 08:14:01 eta_min: 1e-05
03-04 08:14:01 latent_space: 96
03-04 08:14:01 num_blocks_ssf: None
03-04 08:14:01 task: self_supervised
03-04 08:14:01 critetion: <class 'utils.loss_SSL.SimSiamLoss'>
03-04 08:14:01 using 1 gpus
03-04 08:14:01 Dataset class: <class 'data_utils.datasets.PU.PU'>
03-04 08:14:01 Split sizes: train=12607 val=2430 test=2702, classier=271
03-04 08:14:02 Label counts train: Counter({3: 3498, 1: 3493, 0: 3490, 2: 2095})
03-04 08:14:03 Label counts val:   Counter({3: 667, 0: 667, 1: 666, 2: 400})
03-04 08:14:03 Label counts test:  Counter({3: 751, 1: 750, 0: 750, 2: 451})
03-04 08:14:03 Label counts classifier:  Counter({1: 72, 0: 72, 3: 70, 2: 42})
03-04 08:14:05 -----Epoch 0/19-----
03-04 08:14:21 current lr: 0.01
03-04 08:14:21 Saved best checkpoint to ./checkpoint\SimSiamResNet_PU_0304-081401\best_pt (val_loss=-0.9772)
03-04 08:14:21 Epoch 000 Train loss -0.9067 | Val loss -0.9772
03-04 08:14:21 -----Epoch 1/19-----
03-04 08:14:38 current lr: 0.0099385
03-04 08:14:38 Saved best checkpoint to ./checkpoint\SimSiamResNet_PU_0304-081401\best_pt (val_loss=-0.9935)
03-04 08:14:38 Epoch 001 Train loss -0.9851 | Val loss -0.9935
03-04 08:14:38 -----Epoch 2/19-----
03-04 08:14:56 current lr: 0.00975553
03-04 08:14:56 No improvement in val_loss for 1/5 epochs.
03-04 08:14:56 Epoch 002 Train loss -0.9876 | Val loss -0.9873
03-04 08:14:56 -----Epoch 3/19-----
03-04 08:15:11 current lr: 0.00945558
03-04 08:15:11 No improvement in val_loss for 2/5 epochs.
03-04 08:15:11 Epoch 003 Train loss -0.9863 | Val loss -0.9927
03-04 08:15:11 -----Epoch 4/19-----
03-04 08:15:26 current lr: 0.00904604
03-04 08:15:26 No improvement in val_loss for 3/5 epochs.
03-04 08:15:26 Epoch 004 Train loss -0.9825 | Val loss -0.9926
03-04 08:15:26 -----Epoch 5/19-----
03-04 08:15:42 current lr: 0.008537
03-04 08:15:42 Saved best checkpoint to ./checkpoint\SimSiamResNet_PU_0304-081401\best_pt (val_loss=-0.9935)
03-04 08:15:42 Epoch 005 Train loss -0.9891 | Val loss -0.9935
03-04 08:15:42 -----Epoch 6/19-----
03-04 08:15:58 current lr: 0.00794099
03-04 08:15:58 Saved best checkpoint to ./checkpoint\SimSiamResNet_PU_0304-081401\best_pt (val_loss=-0.9968)
03-04 08:15:58 Epoch 006 Train loss -0.9892 | Val loss -0.9968
03-04 08:15:58 -----Epoch 7/19-----
03-04 08:16:15 current lr: 0.00727268
03-04 08:16:15 No improvement in val_loss for 1/5 epochs.
03-04 08:16:15 Epoch 007 Train loss -0.9934 | Val loss -0.9951
03-04 08:16:15 -----Epoch 8/19-----
03-04 08:16:30 current lr: 0.00654854
03-04 08:16:30 No improvement in val_loss for 2/5 epochs.
03-04 08:16:30 Epoch 008 Train loss -0.9896 | Val loss -0.9933
03-04 08:16:30 -----Epoch 9/19-----
03-04 08:16:46 current lr: 0.00578639
03-04 08:16:46 No improvement in val_loss for 3/5 epochs.
03-04 08:16:46 Epoch 009 Train loss -0.9884 | Val loss -0.9947
03-04 08:16:46 -----Epoch 10/19-----
03-04 08:17:02 current lr: 0.005005
03-04 08:17:02 No improvement in val_loss for 4/5 epochs.
03-04 08:17:02 Epoch 010 Train loss -0.9889 | Val loss -0.9908
03-04 08:17:02 -----Epoch 11/19-----
03-04 08:17:17 current lr: 0.00422361
03-04 08:17:17 No improvement in val_loss for 5/5 epochs.
03-04 08:17:17 Early stopping at epoch 11 (best val_loss=-0.9968).
03-04 08:17:17 Epoch 011 Train loss -0.9852 | Val loss -0.9864
03-04 08:17:17 -----Epoch 12/19-----
03-04 08:17:33 current lr: 0.00346146
03-04 08:17:33 No improvement in val_loss for 6/5 epochs.
03-04 08:17:33 Early stopping at epoch 12 (best val_loss=-0.9968).
03-04 08:17:33 Epoch 012 Train loss -0.9886 | Val loss -0.9935
03-04 08:17:33 -----Epoch 13/19-----
03-04 08:17:48 current lr: 0.00273732
03-04 08:17:48 No improvement in val_loss for 7/5 epochs.
03-04 08:17:48 Early stopping at epoch 13 (best val_loss=-0.9968).
03-04 08:17:48 Epoch 013 Train loss -0.9925 | Val loss -0.9963
03-04 08:17:48 -----Epoch 14/19-----
03-04 08:18:03 current lr: 0.00206901
03-04 08:18:03 No improvement in val_loss for 8/5 epochs.
03-04 08:18:03 Early stopping at epoch 14 (best val_loss=-0.9968).
03-04 08:18:03 Epoch 014 Train loss -0.9939 | Val loss -0.9965
03-04 08:18:03 -----Epoch 15/19-----
03-04 08:18:20 current lr: 0.001473
03-04 08:18:20 Saved best checkpoint to ./checkpoint\SimSiamResNet_PU_0304-081401\best_pt (val_loss=-0.9969)
03-04 08:18:20 Epoch 015 Train loss -0.9944 | Val loss -0.9969
03-04 08:18:20 -----Epoch 16/19-----
03-04 08:18:36 current lr: 0.00096396
03-04 08:18:36 Saved best checkpoint to ./checkpoint\SimSiamResNet_PU_0304-081401\best_pt (val_loss=-0.9970)
03-04 08:18:36 Epoch 016 Train loss -0.9948 | Val loss -0.9970
03-04 08:18:36 -----Epoch 17/19-----
03-04 08:18:50 current lr: 0.000554422
03-04 08:18:50 Saved best checkpoint to ./checkpoint\SimSiamResNet_PU_0304-081401\best_pt (val_loss=-0.9971)
03-04 08:18:50 Epoch 017 Train loss -0.9949 | Val loss -0.9971
03-04 08:18:50 -----Epoch 18/19-----
03-04 08:19:06 current lr: 0.000254473
03-04 08:19:06 Saved best checkpoint to ./checkpoint\SimSiamResNet_PU_0304-081401\best_pt (val_loss=-0.9973)
03-04 08:19:06 Epoch 018 Train loss -0.9951 | Val loss -0.9973
03-04 08:19:06 -----Epoch 19/19-----
03-04 08:19:23 current lr: 7.14967e-05
03-04 08:19:23 Saved best checkpoint to ./checkpoint\SimSiamResNet_PU_0304-081401\best_pt (val_loss=-0.9973)
03-04 08:19:23 Epoch 019 Train loss -0.9951 | Val loss -0.9973
03-04 08:19:24 TEST (last): loss -0.9973
03-04 08:19:25 [LP epoch 00] train_loss=1.4327 train_acc=0.2070 | val_loss=1.3974 val_acc=0.2467 | 
03-04 08:19:26 [LP epoch 01] train_loss=1.3624 train_acc=0.2852 | val_loss=1.3890 val_acc=0.2767 | 
03-04 08:19:27 [LP epoch 02] train_loss=1.3295 train_acc=0.3438 | val_loss=1.3699 val_acc=0.2933 | 
03-04 08:19:28 [LP epoch 03] train_loss=1.3189 train_acc=0.3633 | val_loss=1.3583 val_acc=0.3142 | 
03-04 08:19:29 [LP epoch 04] train_loss=1.2954 train_acc=0.3906 | val_loss=1.3387 val_acc=0.3404 | 
03-04 08:19:30 [LP epoch 05] train_loss=1.2842 train_acc=0.4297 | val_loss=1.3218 val_acc=0.3775 | 
03-04 08:19:31 [LP epoch 06] train_loss=1.2698 train_acc=0.4219 | val_loss=1.3200 val_acc=0.3771 | 
03-04 08:19:32 [LP epoch 07] train_loss=1.2567 train_acc=0.4453 | val_loss=1.3068 val_acc=0.3887 | 
03-04 08:19:32 [LP epoch 08] train_loss=1.2490 train_acc=0.4414 | val_loss=1.3067 val_acc=0.3946 | 
03-04 08:19:33 [LP epoch 09] train_loss=1.2420 train_acc=0.4492 | val_loss=1.2857 val_acc=0.4000 | 
03-04 08:19:34 [LP epoch 10] train_loss=1.2310 train_acc=0.4531 | val_loss=1.2857 val_acc=0.3992 | 
03-04 08:19:35 [LP epoch 11] train_loss=1.2213 train_acc=0.4453 | val_loss=1.2798 val_acc=0.4071 | 
03-04 08:19:36 [LP epoch 12] train_loss=1.2134 train_acc=0.4414 | val_loss=1.2731 val_acc=0.4154 | 
03-04 08:19:37 [LP epoch 13] train_loss=1.2051 train_acc=0.4492 | val_loss=1.2716 val_acc=0.4175 | 
03-04 08:19:38 [LP epoch 14] train_loss=1.1973 train_acc=0.4570 | val_loss=1.2659 val_acc=0.4183 | 
03-04 08:19:39 [LP epoch 15] train_loss=1.1883 train_acc=0.4883 | val_loss=1.2722 val_acc=0.4175 | 
03-04 08:19:40 [LP epoch 16] train_loss=1.1890 train_acc=0.4570 | val_loss=1.2630 val_acc=0.4175 | 
03-04 08:19:41 [LP epoch 17] train_loss=1.1793 train_acc=0.4648 | val_loss=1.2569 val_acc=0.4263 | 
03-04 08:19:42 [LP epoch 18] train_loss=1.1766 train_acc=0.4922 | val_loss=1.2535 val_acc=0.4233 | 
03-04 08:19:43 [LP epoch 19] train_loss=1.1722 train_acc=0.4805 | val_loss=1.2518 val_acc=0.4258 | 
03-04 08:19:44 [LP epoch 20] train_loss=1.1672 train_acc=0.4805 | val_loss=1.2464 val_acc=0.4279 | 
03-04 08:19:45 [LP epoch 21] train_loss=1.1622 train_acc=0.4805 | val_loss=1.2487 val_acc=0.4275 | 
03-04 08:19:46 [LP epoch 22] train_loss=1.1592 train_acc=0.4922 | val_loss=1.2435 val_acc=0.4300 | 
03-04 08:19:47 [LP epoch 23] train_loss=1.1540 train_acc=0.5117 | val_loss=1.2448 val_acc=0.4267 | 
03-04 08:19:48 [LP epoch 24] train_loss=1.1449 train_acc=0.5156 | val_loss=1.2378 val_acc=0.4279 | 
03-04 08:19:49 [LP epoch 25] train_loss=1.1435 train_acc=0.4922 | val_loss=1.2509 val_acc=0.4304 | 
03-04 08:19:50 [LP epoch 26] train_loss=1.1491 train_acc=0.4883 | val_loss=1.2427 val_acc=0.4188 | 
03-04 08:19:51 [LP epoch 27] train_loss=1.1439 train_acc=0.5195 | val_loss=1.2409 val_acc=0.4254 | 
03-04 08:19:52 [LP epoch 28] train_loss=1.1460 train_acc=0.5039 | val_loss=1.2391 val_acc=0.4288 | 
03-04 08:19:53 [LP epoch 29] train_loss=1.1439 train_acc=0.4922 | val_loss=1.2399 val_acc=0.4279 | 
03-04 08:19:54 [LP epoch 30] train_loss=1.1409 train_acc=0.4961 | val_loss=1.2300 val_acc=0.4313 | 
03-04 08:19:55 [LP epoch 31] train_loss=1.1432 train_acc=0.4805 | val_loss=1.2352 val_acc=0.4333 | 
03-04 08:19:56 [LP epoch 32] train_loss=1.1396 train_acc=0.4844 | val_loss=1.2432 val_acc=0.4292 | 
03-04 08:19:57 [LP epoch 33] train_loss=1.1353 train_acc=0.4805 | val_loss=1.2375 val_acc=0.4354 | 
03-04 08:19:58 [LP epoch 34] train_loss=1.1368 train_acc=0.4961 | val_loss=1.2345 val_acc=0.4363 | 
03-04 08:19:59 [LP epoch 35] train_loss=1.1342 train_acc=0.5039 | val_loss=1.2371 val_acc=0.4246 | 
03-04 08:20:00 [LP epoch 36] train_loss=1.1225 train_acc=0.5156 | val_loss=1.2250 val_acc=0.4375 | 
03-04 08:20:01 [LP epoch 37] train_loss=1.1187 train_acc=0.5391 | val_loss=1.2385 val_acc=0.4158 | 
03-04 08:20:02 [LP epoch 38] train_loss=1.1141 train_acc=0.5312 | val_loss=1.2283 val_acc=0.4421 | 
03-04 08:20:02 [LP epoch 39] train_loss=1.1106 train_acc=0.5156 | val_loss=1.2490 val_acc=0.4338 | 
03-04 08:20:04 [LP epoch 40] train_loss=1.1180 train_acc=0.5117 | val_loss=1.2308 val_acc=0.4400 | 
03-04 08:20:04 [LP epoch 41] train_loss=1.1149 train_acc=0.5234 | val_loss=1.2326 val_acc=0.4375 | 
03-04 08:20:06 [LP epoch 42] train_loss=1.1156 train_acc=0.5352 | val_loss=1.2188 val_acc=0.4363 | 
03-04 08:20:07 [LP epoch 43] train_loss=1.1105 train_acc=0.5195 | val_loss=1.2378 val_acc=0.4425 | 
03-04 08:20:08 [LP epoch 44] train_loss=1.1267 train_acc=0.5273 | val_loss=1.3031 val_acc=0.4229 | 
03-04 08:20:09 [LP epoch 45] train_loss=1.1169 train_acc=0.5391 | val_loss=1.2344 val_acc=0.4533 | 
03-04 08:20:10 [LP epoch 46] train_loss=1.1080 train_acc=0.5234 | val_loss=1.2503 val_acc=0.4242 | 
03-04 08:20:11 [LP epoch 47] train_loss=1.0979 train_acc=0.5234 | val_loss=1.2164 val_acc=0.4500 | 
03-04 08:20:12 [LP epoch 48] train_loss=1.1137 train_acc=0.5117 | val_loss=1.2340 val_acc=0.4537 | 
03-04 08:20:13 [LP epoch 49] train_loss=1.1001 train_acc=0.5039 | val_loss=1.2277 val_acc=0.4475 | 
03-04 08:20:13 Saved linear-probe checkpoint: ./checkpoint\SimSiamResNet_PU_0304-081401\linear_probe_best.pt (best_val_acc=0.4537)
03-04 08:20:13 TEST linear-probe: loss=1.2664 acc=0.4471
03-04 08:20:13 model_name: SimSiamResNet
03-04 08:20:13 data_name: PU
03-04 08:20:13 aug_1: normal
03-04 08:20:13 aug_2: randomcrop
03-04 08:20:13 max_epoch: 20
03-04 08:20:13 classifier_epoch: 50
03-04 08:20:13 data_view: TwoViewDataset
03-04 08:20:13 cuda_device: 0
03-04 08:20:13 checkpoint_dir: ./checkpoint
03-04 08:20:13 batch_size: 32
03-04 08:20:13 data_dir: raw_data/PU
03-04 08:20:13 out_channel: 4
03-04 08:20:13 normlizetype: minus_one_one
03-04 08:20:13 processing_type: RA
03-04 08:20:13 opt: sgd
03-04 08:20:13 lr: 0.01
03-04 08:20:13 momentum: 0.9
03-04 08:20:13 weight_decay: 1e-05
03-04 08:20:13 lr_scheduler: cos
03-04 08:20:13 gamma: 0.1
03-04 08:20:13 eta_min: 1e-05
03-04 08:20:13 latent_space: 96
03-04 08:20:13 num_blocks_ssf: None
03-04 08:20:13 task: self_supervised
03-04 08:20:13 critetion: <class 'utils.loss_SSL.SimSiamLoss'>
03-04 08:20:13 using 1 gpus
03-04 08:20:13 Dataset class: <class 'data_utils.datasets.PU.PU'>
03-04 08:20:14 Split sizes: train=12607 val=2430 test=2702, classier=271
03-04 08:20:15 Label counts train: Counter({3: 3498, 1: 3493, 0: 3490, 2: 2095})
03-04 08:20:15 Label counts val:   Counter({3: 667, 0: 667, 1: 666, 2: 400})
03-04 08:20:15 Label counts test:  Counter({3: 751, 1: 750, 0: 750, 2: 451})
03-04 08:20:15 Label counts classifier:  Counter({1: 72, 0: 72, 3: 70, 2: 42})
03-04 08:20:15 -----Epoch 0/19-----
03-04 08:20:31 current lr: 0.01
03-04 08:20:31 Saved best checkpoint to ./checkpoint\SimSiamResNet_PU_0304-081401\best_pt (val_loss=-0.9811)
03-04 08:20:31 Epoch 000 Train loss -0.9233 | Val loss -0.9811
03-04 08:20:31 -----Epoch 1/19-----
03-04 08:20:47 current lr: 0.0099385
03-04 08:20:47 Saved best checkpoint to ./checkpoint\SimSiamResNet_PU_0304-081401\best_pt (val_loss=-0.9877)
03-04 08:20:47 Epoch 001 Train loss -0.9825 | Val loss -0.9877
03-04 08:20:47 -----Epoch 2/19-----
03-04 08:21:04 current lr: 0.00975553
03-04 08:21:04 Saved best checkpoint to ./checkpoint\SimSiamResNet_PU_0304-081401\best_pt (val_loss=-0.9914)
03-04 08:21:04 Epoch 002 Train loss -0.9831 | Val loss -0.9914
03-04 08:21:04 -----Epoch 3/19-----
03-04 08:21:21 current lr: 0.00945558
03-04 08:21:21 Saved best checkpoint to ./checkpoint\SimSiamResNet_PU_0304-081401\best_pt (val_loss=-0.9914)
03-04 08:21:21 Epoch 003 Train loss -0.9879 | Val loss -0.9914
03-04 08:21:21 -----Epoch 4/19-----
03-04 08:21:36 current lr: 0.00904604
03-04 08:21:36 Saved best checkpoint to ./checkpoint\SimSiamResNet_PU_0304-081401\best_pt (val_loss=-0.9947)
03-04 08:21:36 Epoch 004 Train loss -0.9900 | Val loss -0.9947
03-04 08:21:36 -----Epoch 5/19-----
03-04 08:21:51 current lr: 0.008537
03-04 08:21:51 No improvement in val_loss for 1/5 epochs.
03-04 08:21:51 Epoch 005 Train loss -0.9927 | Val loss -0.9915
03-04 08:21:51 -----Epoch 6/19-----
03-04 08:22:08 current lr: 0.00794099
03-04 08:22:08 No improvement in val_loss for 2/5 epochs.
03-04 08:22:08 Epoch 006 Train loss -0.9922 | Val loss -0.9941
03-04 08:22:08 -----Epoch 7/19-----
03-04 08:22:24 current lr: 0.00727268
03-04 08:22:24 No improvement in val_loss for 3/5 epochs.
03-04 08:22:24 Epoch 007 Train loss -0.9919 | Val loss -0.9944
03-04 08:22:24 -----Epoch 8/19-----
03-04 08:22:41 current lr: 0.00654854
03-04 08:22:41 No improvement in val_loss for 4/5 epochs.
03-04 08:22:41 Epoch 008 Train loss -0.9917 | Val loss -0.9941
03-04 08:22:41 -----Epoch 9/19-----
03-04 08:22:58 current lr: 0.00578639
03-04 08:22:58 No improvement in val_loss for 5/5 epochs.
03-04 08:22:58 Early stopping at epoch 9 (best val_loss=-0.9947).
03-04 08:22:58 Epoch 009 Train loss -0.9892 | Val loss -0.9932
03-04 08:22:58 -----Epoch 10/19-----
03-04 08:23:13 current lr: 0.005005
03-04 08:23:13 No improvement in val_loss for 6/5 epochs.
03-04 08:23:13 Early stopping at epoch 10 (best val_loss=-0.9947).
03-04 08:23:13 Epoch 010 Train loss -0.9840 | Val loss -0.9918
03-04 08:23:13 -----Epoch 11/19-----
03-04 08:23:29 current lr: 0.00422361
03-04 08:23:29 Saved best checkpoint to ./checkpoint\SimSiamResNet_PU_0304-081401\best_pt (val_loss=-0.9972)
03-04 08:23:29 Epoch 011 Train loss -0.9938 | Val loss -0.9972
03-04 08:23:29 -----Epoch 12/19-----
03-04 08:23:45 current lr: 0.00346146
03-04 08:23:45 Saved best checkpoint to ./checkpoint\SimSiamResNet_PU_0304-081401\best_pt (val_loss=-0.9974)
03-04 08:23:45 Epoch 012 Train loss -0.9957 | Val loss -0.9974
03-04 08:23:45 -----Epoch 13/19-----
03-04 08:24:01 current lr: 0.00273732
03-04 08:24:01 Saved best checkpoint to ./checkpoint\SimSiamResNet_PU_0304-081401\best_pt (val_loss=-0.9980)
03-04 08:24:01 Epoch 013 Train loss -0.9961 | Val loss -0.9980
03-04 08:24:01 -----Epoch 14/19-----
03-04 08:24:19 current lr: 0.00206901
03-04 08:24:19 Saved best checkpoint to ./checkpoint\SimSiamResNet_PU_0304-081401\best_pt (val_loss=-0.9982)
03-04 08:24:19 Epoch 014 Train loss -0.9966 | Val loss -0.9982
03-04 08:24:19 -----Epoch 15/19-----
03-04 08:24:35 current lr: 0.001473
03-04 08:24:35 Saved best checkpoint to ./checkpoint\SimSiamResNet_PU_0304-081401\best_pt (val_loss=-0.9983)
03-04 08:24:35 Epoch 015 Train loss -0.9967 | Val loss -0.9983
03-04 08:24:35 -----Epoch 16/19-----
03-04 08:24:50 current lr: 0.00096396
03-04 08:24:50 Saved best checkpoint to ./checkpoint\SimSiamResNet_PU_0304-081401\best_pt (val_loss=-0.9984)
03-04 08:24:50 Epoch 016 Train loss -0.9967 | Val loss -0.9984
03-04 08:24:50 -----Epoch 17/19-----
03-04 08:25:06 current lr: 0.000554422
03-04 08:25:06 Saved best checkpoint to ./checkpoint\SimSiamResNet_PU_0304-081401\best_pt (val_loss=-0.9984)
03-04 08:25:06 Epoch 017 Train loss -0.9970 | Val loss -0.9984
03-04 08:25:06 -----Epoch 18/19-----
03-04 08:25:22 current lr: 0.000254473
03-04 08:25:22 Saved best checkpoint to ./checkpoint\SimSiamResNet_PU_0304-081401\best_pt (val_loss=-0.9984)
03-04 08:25:22 Epoch 018 Train loss -0.9969 | Val loss -0.9984
03-04 08:25:22 -----Epoch 19/19-----
03-04 08:25:38 current lr: 7.14967e-05
03-04 08:25:38 Saved best checkpoint to ./checkpoint\SimSiamResNet_PU_0304-081401\best_pt (val_loss=-0.9984)
03-04 08:25:38 Epoch 019 Train loss -0.9968 | Val loss -0.9984
03-04 08:25:39 TEST (last): loss -0.9984
03-04 08:25:40 [LP epoch 00] train_loss=1.4836 train_acc=0.3398 | val_loss=1.4029 val_acc=0.2737 | 
03-04 08:25:41 [LP epoch 01] train_loss=1.3340 train_acc=0.4219 | val_loss=1.3591 val_acc=0.3154 | 
03-04 08:25:42 [LP epoch 02] train_loss=1.3055 train_acc=0.3789 | val_loss=1.3462 val_acc=0.3300 | 
03-04 08:25:43 [LP epoch 03] train_loss=1.2785 train_acc=0.4219 | val_loss=1.3264 val_acc=0.4025 | 
03-04 08:25:44 [LP epoch 04] train_loss=1.2466 train_acc=0.4492 | val_loss=1.3068 val_acc=0.4375 | 
03-04 08:25:45 [LP epoch 05] train_loss=1.2251 train_acc=0.4648 | val_loss=1.2862 val_acc=0.4392 | 
03-04 08:25:46 [LP epoch 06] train_loss=1.2069 train_acc=0.4570 | val_loss=1.2900 val_acc=0.4179 | 
03-04 08:25:47 [LP epoch 07] train_loss=1.1958 train_acc=0.4414 | val_loss=1.2685 val_acc=0.4425 | 
03-04 08:25:48 [LP epoch 08] train_loss=1.1847 train_acc=0.4688 | val_loss=1.2779 val_acc=0.4125 | 
03-04 08:25:49 [LP epoch 09] train_loss=1.1745 train_acc=0.4609 | val_loss=1.2729 val_acc=0.4254 | 
03-04 08:25:50 [LP epoch 10] train_loss=1.1587 train_acc=0.4609 | val_loss=1.2601 val_acc=0.4329 | 
03-04 08:25:51 [LP epoch 11] train_loss=1.1599 train_acc=0.4570 | val_loss=1.2697 val_acc=0.4150 | 
03-04 08:25:52 [LP epoch 12] train_loss=1.1494 train_acc=0.4570 | val_loss=1.2621 val_acc=0.4129 | 
03-04 08:25:53 [LP epoch 13] train_loss=1.1455 train_acc=0.4727 | val_loss=1.2438 val_acc=0.4375 | 
03-04 08:25:54 [LP epoch 14] train_loss=1.1495 train_acc=0.4609 | val_loss=1.2631 val_acc=0.4225 | 
03-04 08:25:55 [LP epoch 15] train_loss=1.1316 train_acc=0.4805 | val_loss=1.2438 val_acc=0.4346 | 
03-04 08:25:56 [LP epoch 16] train_loss=1.1199 train_acc=0.4961 | val_loss=1.2542 val_acc=0.4358 | 
03-04 08:25:57 [LP epoch 17] train_loss=1.1255 train_acc=0.5000 | val_loss=1.2545 val_acc=0.4229 | 
03-04 08:25:58 [LP epoch 18] train_loss=1.1105 train_acc=0.5117 | val_loss=1.2445 val_acc=0.4383 | 
03-04 08:25:59 [LP epoch 19] train_loss=1.1178 train_acc=0.4766 | val_loss=1.2480 val_acc=0.4317 | 
03-04 08:26:00 [LP epoch 20] train_loss=1.1093 train_acc=0.4727 | val_loss=1.2476 val_acc=0.4412 | 
03-04 08:26:01 [LP epoch 21] train_loss=1.1041 train_acc=0.4922 | val_loss=1.2483 val_acc=0.4254 | 
03-04 08:26:02 [LP epoch 22] train_loss=1.0924 train_acc=0.4883 | val_loss=1.2506 val_acc=0.4383 | 
03-04 08:26:03 [LP epoch 23] train_loss=1.1011 train_acc=0.5039 | val_loss=1.2354 val_acc=0.4450 | 
03-04 08:26:04 [LP epoch 24] train_loss=1.1000 train_acc=0.4844 | val_loss=1.2941 val_acc=0.4158 | 
03-04 08:26:06 [LP epoch 25] train_loss=1.0944 train_acc=0.4727 | val_loss=1.2584 val_acc=0.4367 | 
03-04 08:26:07 [LP epoch 26] train_loss=1.0895 train_acc=0.4961 | val_loss=1.2544 val_acc=0.4475 | 
03-04 08:26:08 [LP epoch 27] train_loss=1.0808 train_acc=0.5117 | val_loss=1.2480 val_acc=0.4400 | 
03-04 08:26:09 [LP epoch 28] train_loss=1.0800 train_acc=0.5234 | val_loss=1.2517 val_acc=0.4283 | 
03-04 08:26:10 [LP epoch 29] train_loss=1.0722 train_acc=0.5117 | val_loss=1.2605 val_acc=0.4371 | 
03-04 08:26:11 [LP epoch 30] train_loss=1.0755 train_acc=0.5156 | val_loss=1.2531 val_acc=0.4512 | 
03-04 08:26:12 [LP epoch 31] train_loss=1.0671 train_acc=0.5117 | val_loss=1.2802 val_acc=0.4442 | 
03-04 08:26:13 [LP epoch 32] train_loss=1.0649 train_acc=0.5234 | val_loss=1.2763 val_acc=0.4454 | 
03-04 08:26:14 [LP epoch 33] train_loss=1.0666 train_acc=0.5156 | val_loss=1.2553 val_acc=0.4371 | 
03-04 08:26:15 [LP epoch 34] train_loss=1.0611 train_acc=0.5312 | val_loss=1.2636 val_acc=0.4479 | 
03-04 08:26:17 [LP epoch 35] train_loss=1.0580 train_acc=0.5195 | val_loss=1.2454 val_acc=0.4496 | 
03-04 08:26:18 [LP epoch 36] train_loss=1.0487 train_acc=0.5430 | val_loss=1.2271 val_acc=0.4567 | 
03-04 08:26:19 [LP epoch 37] train_loss=1.0639 train_acc=0.5352 | val_loss=1.2745 val_acc=0.4342 | 
03-04 08:26:20 [LP epoch 38] train_loss=1.0529 train_acc=0.5273 | val_loss=1.2720 val_acc=0.4479 | 
03-04 08:26:21 [LP epoch 39] train_loss=1.0469 train_acc=0.5039 | val_loss=1.2715 val_acc=0.4483 | 
03-04 08:26:23 [LP epoch 40] train_loss=1.0454 train_acc=0.5352 | val_loss=1.2603 val_acc=0.4562 | 
03-04 08:26:24 [LP epoch 41] train_loss=1.0393 train_acc=0.5391 | val_loss=1.3029 val_acc=0.4475 | 
03-04 08:26:25 [LP epoch 42] train_loss=1.0340 train_acc=0.5312 | val_loss=1.2850 val_acc=0.4375 | 
03-04 08:26:26 [LP epoch 43] train_loss=1.0298 train_acc=0.5352 | val_loss=1.2857 val_acc=0.4425 | 
03-04 08:26:27 [LP epoch 44] train_loss=1.0259 train_acc=0.5312 | val_loss=1.2562 val_acc=0.4625 | 
03-04 08:26:28 [LP epoch 45] train_loss=1.0346 train_acc=0.5312 | val_loss=1.2795 val_acc=0.4433 | 
03-04 08:26:29 [LP epoch 46] train_loss=1.0128 train_acc=0.5312 | val_loss=1.2821 val_acc=0.4596 | 
03-04 08:26:30 [LP epoch 47] train_loss=1.0125 train_acc=0.5430 | val_loss=1.2540 val_acc=0.4579 | 
03-04 08:26:31 [LP epoch 48] train_loss=1.0138 train_acc=0.5547 | val_loss=1.2795 val_acc=0.4417 | 
03-04 08:26:33 [LP epoch 49] train_loss=1.0089 train_acc=0.5352 | val_loss=1.2679 val_acc=0.4579 | 
03-04 08:26:33 Saved linear-probe checkpoint: ./checkpoint\SimSiamResNet_PU_0304-081401\linear_probe_best.pt (best_val_acc=0.4625)
03-04 08:26:34 TEST linear-probe: loss=1.2908 acc=0.4741
03-04 08:26:34 model_name: SimSiamResNet
03-04 08:26:34 data_name: PU
03-04 08:26:34 aug_1: gaussian
03-04 08:26:34 aug_2: randomstrech
03-04 08:26:34 max_epoch: 20
03-04 08:26:34 classifier_epoch: 50
03-04 08:26:34 data_view: TwoViewDataset
03-04 08:26:34 cuda_device: 0
03-04 08:26:34 checkpoint_dir: ./checkpoint
03-04 08:26:34 batch_size: 32
03-04 08:26:34 data_dir: raw_data/PU
03-04 08:26:34 out_channel: 4
03-04 08:26:34 normlizetype: minus_one_one
03-04 08:26:34 processing_type: RA
03-04 08:26:34 opt: sgd
03-04 08:26:34 lr: 0.01
03-04 08:26:34 momentum: 0.9
03-04 08:26:34 weight_decay: 1e-05
03-04 08:26:34 lr_scheduler: cos
03-04 08:26:34 gamma: 0.1
03-04 08:26:34 eta_min: 1e-05
03-04 08:26:34 latent_space: 96
03-04 08:26:34 num_blocks_ssf: None
03-04 08:26:34 task: self_supervised
03-04 08:26:34 critetion: <class 'utils.loss_SSL.SimSiamLoss'>
03-04 08:26:34 using 1 gpus
03-04 08:26:34 Dataset class: <class 'data_utils.datasets.PU.PU'>
03-04 08:26:34 Split sizes: train=12607 val=2430 test=2702, classier=271
03-04 08:26:37 Label counts train: Counter({3: 3498, 1: 3493, 0: 3490, 2: 2095})
03-04 08:26:37 Label counts val:   Counter({3: 667, 0: 667, 1: 666, 2: 400})
03-04 08:26:37 Label counts test:  Counter({3: 751, 1: 750, 0: 750, 2: 451})
03-04 08:26:37 Label counts classifier:  Counter({1: 72, 0: 72, 3: 70, 2: 42})
03-04 08:26:37 -----Epoch 0/19-----
