02-24 12:13:53 model_name: SSF
02-24 12:13:53 data_name: PU
02-24 12:13:53 aug_1: normal
02-24 12:13:53 aug_2: randomcrop
02-24 12:13:53 max_epoch: 20
02-24 12:13:53 classifier_epoch: 50
02-24 12:13:53 data_view: TwoViewDataset
02-24 12:13:53 cuda_device: 0
02-24 12:13:53 checkpoint_dir: ./checkpoint
02-24 12:13:53 batch_size: 32
02-24 12:13:53 data_dir: raw_data/PU
02-24 12:13:53 out_channel: 3
02-24 12:13:53 normlizetype: minus_one_one
02-24 12:13:53 processing_type: RA
02-24 12:13:53 opt: sgd
02-24 12:13:53 lr: 0.01
02-24 12:13:53 momentum: 0.9
02-24 12:13:53 weight_decay: 1e-05
02-24 12:13:53 lr_scheduler: cos
02-24 12:13:53 gamma: 0.1
02-24 12:13:53 eta_min: 1e-05
02-24 12:13:53 latent_space: 256
02-24 12:13:53 task: self_supervised
02-24 12:13:53 critetion: <class 'utils.loss_SSL.SimSiamLoss'>
02-24 12:13:53 using 1 gpus
02-24 12:13:53 Dataset class: <class 'data_utils.datasets.PU.PU'>
02-24 12:13:53 Split sizes: train=10504 val=1125 test=2252, classier=1126
02-24 12:13:54 Label counts train: Counter({2: 3504, 1: 3500, 0: 3500})
02-24 12:13:54 Label counts val:   Counter({0: 375, 2: 375, 1: 375})
02-24 12:13:54 Label counts test:  Counter({2: 751, 0: 751, 1: 750})
02-24 12:13:54 Label counts classifier:  Counter({2: 376, 0: 375, 1: 375})
