03-04 10:14:31 model_name: SSF
03-04 10:14:31 data_name: CWRU
03-04 10:14:31 aug_1: randomcrop
03-04 10:14:31 aug_2: scale
03-04 10:14:31 max_epoch: 100
03-04 10:14:31 classifier_epoch: 50
03-04 10:14:31 data_view: TwoViewDataset
03-04 10:14:31 cuda_device: 0
03-04 10:14:31 checkpoint_dir: ./checkpoint
03-04 10:14:31 batch_size: 64
03-04 10:14:31 data_dir: raw_data/CWRU
03-04 10:14:31 out_channel: 4
03-04 10:14:31 normlizetype: minus_one_one
03-04 10:14:31 processing_type: RA
03-04 10:14:31 opt: sgd
03-04 10:14:31 lr: 0.05
03-04 10:14:31 momentum: 0.9
03-04 10:14:31 weight_decay: 1e-05
03-04 10:14:31 lr_scheduler: cos
03-04 10:14:31 gamma: 0.95
03-04 10:14:31 eta_min: 1e-05
03-04 10:14:31 latent_space: 128
03-04 10:14:31 num_blocks_ssf: 5
03-04 10:14:31 hidden_channel: 256
03-04 10:14:31 task: self_supervised
03-04 10:14:31 critetion: <class 'utils.loss_SSL.SimSiamLoss'>
03-04 10:14:31 using 1 gpus
03-04 10:14:31 Dataset class: <class 'data_utils.datasets.CWRU.CWRU'>
03-04 10:14:31 Split sizes: train=400 val=278 test=400, classier=40
03-04 10:14:31 Label counts train: Counter({2: 100, 0: 100, 1: 100, 3: 100})
03-04 10:14:31 Label counts val:   Counter({0: 100, 3: 60, 1: 59, 2: 59})
03-04 10:14:31 Label counts test:  Counter({0: 100, 3: 100, 1: 100, 2: 100})
03-04 10:14:31 Label counts classifier:  Counter({0: 10, 1: 10, 2: 10, 3: 10})
03-04 10:14:33 -----Epoch 0/99-----
03-04 10:14:34 current lr: 0.05
03-04 10:14:34 Saved best checkpoint to ./checkpoint\SSF_CWRU_0304-101431\best_pt (val_loss=-0.6193)
03-04 10:14:34 Epoch 000 Train loss -0.3590 | Val loss -0.6193
03-04 10:14:34 -----Epoch 1/99-----
03-04 10:14:34 current lr: 0.0499877
03-04 10:14:34 Saved best checkpoint to ./checkpoint\SSF_CWRU_0304-101431\best_pt (val_loss=-0.7745)
03-04 10:14:34 Epoch 001 Train loss -0.8627 | Val loss -0.7745
03-04 10:14:34 -----Epoch 2/99-----
03-04 10:14:34 current lr: 0.0499507
03-04 10:14:34 Saved best checkpoint to ./checkpoint\SSF_CWRU_0304-101431\best_pt (val_loss=-0.8351)
03-04 10:14:34 Epoch 002 Train loss -0.8989 | Val loss -0.8351
03-04 10:14:34 -----Epoch 3/99-----
03-04 10:14:35 current lr: 0.0498891
03-04 10:14:35 Saved best checkpoint to ./checkpoint\SSF_CWRU_0304-101431\best_pt (val_loss=-0.8632)
03-04 10:14:35 Epoch 003 Train loss -0.9193 | Val loss -0.8632
03-04 10:14:35 -----Epoch 4/99-----
03-04 10:14:35 current lr: 0.0498029
03-04 10:14:35 Saved best checkpoint to ./checkpoint\SSF_CWRU_0304-101431\best_pt (val_loss=-0.8854)
03-04 10:14:35 Epoch 004 Train loss -0.9366 | Val loss -0.8854
03-04 10:14:35 -----Epoch 5/99-----
03-04 10:14:35 current lr: 0.0496923
03-04 10:14:35 Saved best checkpoint to ./checkpoint\SSF_CWRU_0304-101431\best_pt (val_loss=-0.9022)
03-04 10:14:35 Epoch 005 Train loss -0.9502 | Val loss -0.9022
03-04 10:14:35 -----Epoch 6/99-----
03-04 10:14:36 current lr: 0.0495573
03-04 10:14:36 Saved best checkpoint to ./checkpoint\SSF_CWRU_0304-101431\best_pt (val_loss=-0.9138)
03-04 10:14:36 Epoch 006 Train loss -0.9601 | Val loss -0.9138
03-04 10:14:36 -----Epoch 7/99-----
03-04 10:14:36 current lr: 0.049398
03-04 10:14:36 Saved best checkpoint to ./checkpoint\SSF_CWRU_0304-101431\best_pt (val_loss=-0.9218)
03-04 10:14:36 Epoch 007 Train loss -0.9664 | Val loss -0.9218
03-04 10:14:36 -----Epoch 8/99-----
03-04 10:14:36 current lr: 0.0492147
03-04 10:14:36 Saved best checkpoint to ./checkpoint\SSF_CWRU_0304-101431\best_pt (val_loss=-0.9272)
03-04 10:14:36 Epoch 008 Train loss -0.9701 | Val loss -0.9272
03-04 10:14:36 -----Epoch 9/99-----
03-04 10:14:37 current lr: 0.0490075
03-04 10:14:37 Saved best checkpoint to ./checkpoint\SSF_CWRU_0304-101431\best_pt (val_loss=-0.9307)
03-04 10:14:37 Epoch 009 Train loss -0.9723 | Val loss -0.9307
03-04 10:14:37 -----Epoch 10/99-----
03-04 10:14:37 current lr: 0.0487767
03-04 10:14:37 Saved best checkpoint to ./checkpoint\SSF_CWRU_0304-101431\best_pt (val_loss=-0.9326)
03-04 10:14:37 Epoch 010 Train loss -0.9731 | Val loss -0.9326
03-04 10:14:37 -----Epoch 11/99-----
03-04 10:14:37 current lr: 0.0485223
03-04 10:14:37 Saved best checkpoint to ./checkpoint\SSF_CWRU_0304-101431\best_pt (val_loss=-0.9342)
03-04 10:14:37 Epoch 011 Train loss -0.9738 | Val loss -0.9342
03-04 10:14:37 -----Epoch 12/99-----
03-04 10:14:38 current lr: 0.0482448
03-04 10:14:38 Saved best checkpoint to ./checkpoint\SSF_CWRU_0304-101431\best_pt (val_loss=-0.9367)
03-04 10:14:38 Epoch 012 Train loss -0.9745 | Val loss -0.9367
03-04 10:14:38 -----Epoch 13/99-----
03-04 10:14:38 current lr: 0.0479443
03-04 10:14:38 Saved best checkpoint to ./checkpoint\SSF_CWRU_0304-101431\best_pt (val_loss=-0.9390)
03-04 10:14:38 Epoch 013 Train loss -0.9756 | Val loss -0.9390
03-04 10:14:38 -----Epoch 14/99-----
03-04 10:14:38 current lr: 0.0476212
03-04 10:14:38 Saved best checkpoint to ./checkpoint\SSF_CWRU_0304-101431\best_pt (val_loss=-0.9412)
03-04 10:14:38 Epoch 014 Train loss -0.9767 | Val loss -0.9412
03-04 10:14:38 -----Epoch 15/99-----
03-04 10:14:39 current lr: 0.0472757
03-04 10:14:39 Saved best checkpoint to ./checkpoint\SSF_CWRU_0304-101431\best_pt (val_loss=-0.9435)
03-04 10:14:39 Epoch 015 Train loss -0.9776 | Val loss -0.9435
03-04 10:14:39 -----Epoch 16/99-----
03-04 10:14:39 current lr: 0.0469083
03-04 10:14:39 Saved best checkpoint to ./checkpoint\SSF_CWRU_0304-101431\best_pt (val_loss=-0.9454)
03-04 10:14:39 Epoch 016 Train loss -0.9784 | Val loss -0.9454
03-04 10:14:39 -----Epoch 17/99-----
03-04 10:14:39 current lr: 0.0465192
03-04 10:14:39 Saved best checkpoint to ./checkpoint\SSF_CWRU_0304-101431\best_pt (val_loss=-0.9470)
03-04 10:14:39 Epoch 017 Train loss -0.9791 | Val loss -0.9470
03-04 10:14:39 -----Epoch 18/99-----
03-04 10:14:40 current lr: 0.046109
03-04 10:14:40 Saved best checkpoint to ./checkpoint\SSF_CWRU_0304-101431\best_pt (val_loss=-0.9485)
03-04 10:14:40 Epoch 018 Train loss -0.9800 | Val loss -0.9485
03-04 10:14:40 -----Epoch 19/99-----
03-04 10:14:40 current lr: 0.0456779
03-04 10:14:40 Saved best checkpoint to ./checkpoint\SSF_CWRU_0304-101431\best_pt (val_loss=-0.9502)
03-04 10:14:40 Epoch 019 Train loss -0.9806 | Val loss -0.9502
03-04 10:14:40 -----Epoch 20/99-----
03-04 10:14:40 current lr: 0.0452264
03-04 10:14:40 Saved best checkpoint to ./checkpoint\SSF_CWRU_0304-101431\best_pt (val_loss=-0.9521)
03-04 10:14:40 Epoch 020 Train loss -0.9814 | Val loss -0.9521
03-04 10:14:40 -----Epoch 21/99-----
03-04 10:14:41 current lr: 0.0447549
03-04 10:14:41 Saved best checkpoint to ./checkpoint\SSF_CWRU_0304-101431\best_pt (val_loss=-0.9541)
03-04 10:14:41 Epoch 021 Train loss -0.9821 | Val loss -0.9541
03-04 10:14:41 -----Epoch 22/99-----
03-04 10:14:41 current lr: 0.044264
03-04 10:14:41 Saved best checkpoint to ./checkpoint\SSF_CWRU_0304-101431\best_pt (val_loss=-0.9557)
03-04 10:14:41 Epoch 022 Train loss -0.9826 | Val loss -0.9557
03-04 10:14:41 -----Epoch 23/99-----
03-04 10:14:41 current lr: 0.043754
03-04 10:14:41 Saved best checkpoint to ./checkpoint\SSF_CWRU_0304-101431\best_pt (val_loss=-0.9570)
03-04 10:14:41 Epoch 023 Train loss -0.9832 | Val loss -0.9570
03-04 10:14:41 -----Epoch 24/99-----
03-04 10:14:42 current lr: 0.0432256
03-04 10:14:42 Saved best checkpoint to ./checkpoint\SSF_CWRU_0304-101431\best_pt (val_loss=-0.9578)
03-04 10:14:42 Epoch 024 Train loss -0.9837 | Val loss -0.9578
03-04 10:14:42 -----Epoch 25/99-----
03-04 10:14:42 current lr: 0.0426791
03-04 10:14:42 Saved best checkpoint to ./checkpoint\SSF_CWRU_0304-101431\best_pt (val_loss=-0.9586)
03-04 10:14:42 Epoch 025 Train loss -0.9842 | Val loss -0.9586
03-04 10:14:42 -----Epoch 26/99-----
03-04 10:14:42 current lr: 0.0421153
03-04 10:14:42 Saved best checkpoint to ./checkpoint\SSF_CWRU_0304-101431\best_pt (val_loss=-0.9591)
03-04 10:14:42 Epoch 026 Train loss -0.9845 | Val loss -0.9591
03-04 10:14:42 -----Epoch 27/99-----
03-04 10:14:43 current lr: 0.0415345
03-04 10:14:43 Saved best checkpoint to ./checkpoint\SSF_CWRU_0304-101431\best_pt (val_loss=-0.9596)
03-04 10:14:43 Epoch 027 Train loss -0.9849 | Val loss -0.9596
03-04 10:14:43 -----Epoch 28/99-----
03-04 10:14:43 current lr: 0.0409374
03-04 10:14:43 Saved best checkpoint to ./checkpoint\SSF_CWRU_0304-101431\best_pt (val_loss=-0.9604)
03-04 10:14:43 Epoch 028 Train loss -0.9852 | Val loss -0.9604
03-04 10:14:43 -----Epoch 29/99-----
03-04 10:14:43 current lr: 0.0403246
03-04 10:14:43 Saved best checkpoint to ./checkpoint\SSF_CWRU_0304-101431\best_pt (val_loss=-0.9613)
03-04 10:14:43 Epoch 029 Train loss -0.9854 | Val loss -0.9613
03-04 10:14:43 -----Epoch 30/99-----
03-04 10:14:44 current lr: 0.0396967
03-04 10:14:44 Saved best checkpoint to ./checkpoint\SSF_CWRU_0304-101431\best_pt (val_loss=-0.9622)
03-04 10:14:44 Epoch 030 Train loss -0.9858 | Val loss -0.9622
03-04 10:14:44 -----Epoch 31/99-----
03-04 10:14:44 current lr: 0.0390543
03-04 10:14:44 Saved best checkpoint to ./checkpoint\SSF_CWRU_0304-101431\best_pt (val_loss=-0.9629)
03-04 10:14:44 Epoch 031 Train loss -0.9860 | Val loss -0.9629
03-04 10:14:44 -----Epoch 32/99-----
03-04 10:14:44 current lr: 0.038398
03-04 10:14:44 Saved best checkpoint to ./checkpoint\SSF_CWRU_0304-101431\best_pt (val_loss=-0.9636)
03-04 10:14:44 Epoch 032 Train loss -0.9863 | Val loss -0.9636
03-04 10:14:44 -----Epoch 33/99-----
03-04 10:14:45 current lr: 0.0377285
03-04 10:14:45 Saved best checkpoint to ./checkpoint\SSF_CWRU_0304-101431\best_pt (val_loss=-0.9642)
03-04 10:14:45 Epoch 033 Train loss -0.9866 | Val loss -0.9642
03-04 10:14:45 -----Epoch 34/99-----
03-04 10:14:45 current lr: 0.0370464
03-04 10:14:45 Saved best checkpoint to ./checkpoint\SSF_CWRU_0304-101431\best_pt (val_loss=-0.9646)
03-04 10:14:45 Epoch 034 Train loss -0.9867 | Val loss -0.9646
03-04 10:14:45 -----Epoch 35/99-----
03-04 10:14:45 current lr: 0.0363525
03-04 10:14:45 Saved best checkpoint to ./checkpoint\SSF_CWRU_0304-101431\best_pt (val_loss=-0.9650)
03-04 10:14:45 Epoch 035 Train loss -0.9869 | Val loss -0.9650
03-04 10:14:45 -----Epoch 36/99-----
03-04 10:14:46 current lr: 0.0356474
03-04 10:14:46 Saved best checkpoint to ./checkpoint\SSF_CWRU_0304-101431\best_pt (val_loss=-0.9653)
03-04 10:14:46 Epoch 036 Train loss -0.9871 | Val loss -0.9653
03-04 10:14:46 -----Epoch 37/99-----
03-04 10:14:46 current lr: 0.0349317
03-04 10:14:46 Saved best checkpoint to ./checkpoint\SSF_CWRU_0304-101431\best_pt (val_loss=-0.9658)
03-04 10:14:46 Epoch 037 Train loss -0.9873 | Val loss -0.9658
03-04 10:14:46 -----Epoch 38/99-----
03-04 10:14:46 current lr: 0.0342063
03-04 10:14:46 Saved best checkpoint to ./checkpoint\SSF_CWRU_0304-101431\best_pt (val_loss=-0.9664)
03-04 10:14:46 Epoch 038 Train loss -0.9875 | Val loss -0.9664
03-04 10:14:46 -----Epoch 39/99-----
03-04 10:14:47 current lr: 0.0334718
03-04 10:14:47 Saved best checkpoint to ./checkpoint\SSF_CWRU_0304-101431\best_pt (val_loss=-0.9669)
03-04 10:14:47 Epoch 039 Train loss -0.9878 | Val loss -0.9669
03-04 10:14:47 -----Epoch 40/99-----
03-04 10:14:47 current lr: 0.0327289
03-04 10:14:47 Saved best checkpoint to ./checkpoint\SSF_CWRU_0304-101431\best_pt (val_loss=-0.9674)
03-04 10:14:47 Epoch 040 Train loss -0.9881 | Val loss -0.9674
03-04 10:14:47 -----Epoch 41/99-----
03-04 10:14:47 current lr: 0.0319784
03-04 10:14:47 Saved best checkpoint to ./checkpoint\SSF_CWRU_0304-101431\best_pt (val_loss=-0.9681)
03-04 10:14:47 Epoch 041 Train loss -0.9882 | Val loss -0.9681
03-04 10:14:47 -----Epoch 42/99-----
03-04 10:14:48 current lr: 0.031221
03-04 10:14:48 Saved best checkpoint to ./checkpoint\SSF_CWRU_0304-101431\best_pt (val_loss=-0.9686)
03-04 10:14:48 Epoch 042 Train loss -0.9885 | Val loss -0.9686
03-04 10:14:48 -----Epoch 43/99-----
03-04 10:14:48 current lr: 0.0304575
03-04 10:14:48 Saved best checkpoint to ./checkpoint\SSF_CWRU_0304-101431\best_pt (val_loss=-0.9691)
03-04 10:14:48 Epoch 043 Train loss -0.9887 | Val loss -0.9691
03-04 10:14:48 -----Epoch 44/99-----
03-04 10:14:48 current lr: 0.0296886
03-04 10:14:48 Saved best checkpoint to ./checkpoint\SSF_CWRU_0304-101431\best_pt (val_loss=-0.9696)
03-04 10:14:48 Epoch 044 Train loss -0.9889 | Val loss -0.9696
03-04 10:14:48 -----Epoch 45/99-----
03-04 10:14:49 current lr: 0.0289151
03-04 10:14:49 Saved best checkpoint to ./checkpoint\SSF_CWRU_0304-101431\best_pt (val_loss=-0.9701)
03-04 10:14:49 Epoch 045 Train loss -0.9890 | Val loss -0.9701
03-04 10:14:49 -----Epoch 46/99-----
03-04 10:14:49 current lr: 0.0281377
03-04 10:14:49 Saved best checkpoint to ./checkpoint\SSF_CWRU_0304-101431\best_pt (val_loss=-0.9705)
03-04 10:14:49 Epoch 046 Train loss -0.9892 | Val loss -0.9705
03-04 10:14:49 -----Epoch 47/99-----
03-04 10:14:50 current lr: 0.0273572
03-04 10:14:50 Saved best checkpoint to ./checkpoint\SSF_CWRU_0304-101431\best_pt (val_loss=-0.9710)
03-04 10:14:50 Epoch 047 Train loss -0.9893 | Val loss -0.9710
03-04 10:14:50 -----Epoch 48/99-----
03-04 10:14:50 current lr: 0.0265744
03-04 10:14:50 Saved best checkpoint to ./checkpoint\SSF_CWRU_0304-101431\best_pt (val_loss=-0.9714)
03-04 10:14:50 Epoch 048 Train loss -0.9895 | Val loss -0.9714
03-04 10:14:50 -----Epoch 49/99-----
03-04 10:14:50 current lr: 0.0257901
03-04 10:14:50 Saved best checkpoint to ./checkpoint\SSF_CWRU_0304-101431\best_pt (val_loss=-0.9717)
03-04 10:14:50 Epoch 049 Train loss -0.9896 | Val loss -0.9717
03-04 10:14:50 -----Epoch 50/99-----
03-04 10:14:51 current lr: 0.025005
03-04 10:14:51 Saved best checkpoint to ./checkpoint\SSF_CWRU_0304-101431\best_pt (val_loss=-0.9721)
03-04 10:14:51 Epoch 050 Train loss -0.9896 | Val loss -0.9721
03-04 10:14:51 -----Epoch 51/99-----
03-04 10:14:51 current lr: 0.0242199
03-04 10:14:51 Saved best checkpoint to ./checkpoint\SSF_CWRU_0304-101431\best_pt (val_loss=-0.9725)
03-04 10:14:51 Epoch 051 Train loss -0.9897 | Val loss -0.9725
03-04 10:14:51 -----Epoch 52/99-----
03-04 10:14:51 current lr: 0.0234356
03-04 10:14:51 Saved best checkpoint to ./checkpoint\SSF_CWRU_0304-101431\best_pt (val_loss=-0.9729)
03-04 10:14:51 Epoch 052 Train loss -0.9898 | Val loss -0.9729
03-04 10:14:51 -----Epoch 53/99-----
03-04 10:14:52 current lr: 0.0226528
03-04 10:14:52 Saved best checkpoint to ./checkpoint\SSF_CWRU_0304-101431\best_pt (val_loss=-0.9731)
03-04 10:14:52 Epoch 053 Train loss -0.9899 | Val loss -0.9731
03-04 10:14:52 -----Epoch 54/99-----
03-04 10:14:52 current lr: 0.0218723
03-04 10:14:52 Saved best checkpoint to ./checkpoint\SSF_CWRU_0304-101431\best_pt (val_loss=-0.9733)
03-04 10:14:52 Epoch 054 Train loss -0.9901 | Val loss -0.9733
03-04 10:14:52 -----Epoch 55/99-----
03-04 10:14:52 current lr: 0.0210949
03-04 10:14:52 Saved best checkpoint to ./checkpoint\SSF_CWRU_0304-101431\best_pt (val_loss=-0.9735)
03-04 10:14:52 Epoch 055 Train loss -0.9900 | Val loss -0.9735
03-04 10:14:52 -----Epoch 56/99-----
03-04 10:14:53 current lr: 0.0203214
03-04 10:14:53 Saved best checkpoint to ./checkpoint\SSF_CWRU_0304-101431\best_pt (val_loss=-0.9737)
03-04 10:14:53 Epoch 056 Train loss -0.9901 | Val loss -0.9737
03-04 10:14:53 -----Epoch 57/99-----
03-04 10:14:53 current lr: 0.0195525
03-04 10:14:53 Saved best checkpoint to ./checkpoint\SSF_CWRU_0304-101431\best_pt (val_loss=-0.9739)
03-04 10:14:53 Epoch 057 Train loss -0.9902 | Val loss -0.9739
03-04 10:14:53 -----Epoch 58/99-----
03-04 10:14:53 current lr: 0.018789
03-04 10:14:53 Saved best checkpoint to ./checkpoint\SSF_CWRU_0304-101431\best_pt (val_loss=-0.9741)
03-04 10:14:53 Epoch 058 Train loss -0.9903 | Val loss -0.9741
03-04 10:14:53 -----Epoch 59/99-----
03-04 10:14:54 current lr: 0.0180316
03-04 10:14:54 Saved best checkpoint to ./checkpoint\SSF_CWRU_0304-101431\best_pt (val_loss=-0.9743)
03-04 10:14:54 Epoch 059 Train loss -0.9903 | Val loss -0.9743
03-04 10:14:54 -----Epoch 60/99-----
03-04 10:14:54 current lr: 0.0172811
03-04 10:14:54 Saved best checkpoint to ./checkpoint\SSF_CWRU_0304-101431\best_pt (val_loss=-0.9744)
03-04 10:14:54 Epoch 060 Train loss -0.9903 | Val loss -0.9744
03-04 10:14:54 -----Epoch 61/99-----
03-04 10:14:54 current lr: 0.0165382
03-04 10:14:54 Saved best checkpoint to ./checkpoint\SSF_CWRU_0304-101431\best_pt (val_loss=-0.9745)
03-04 10:14:54 Epoch 061 Train loss -0.9904 | Val loss -0.9745
03-04 10:14:54 -----Epoch 62/99-----
03-04 10:14:55 current lr: 0.0158037
03-04 10:14:55 Saved best checkpoint to ./checkpoint\SSF_CWRU_0304-101431\best_pt (val_loss=-0.9746)
03-04 10:14:55 Epoch 062 Train loss -0.9904 | Val loss -0.9746
03-04 10:14:55 -----Epoch 63/99-----
03-04 10:14:55 current lr: 0.0150783
03-04 10:14:55 Saved best checkpoint to ./checkpoint\SSF_CWRU_0304-101431\best_pt (val_loss=-0.9747)
03-04 10:14:55 Epoch 063 Train loss -0.9904 | Val loss -0.9747
03-04 10:14:55 -----Epoch 64/99-----
03-04 10:14:55 current lr: 0.0143626
03-04 10:14:55 Saved best checkpoint to ./checkpoint\SSF_CWRU_0304-101431\best_pt (val_loss=-0.9748)
03-04 10:14:55 Epoch 064 Train loss -0.9905 | Val loss -0.9748
03-04 10:14:55 -----Epoch 65/99-----
03-04 10:14:56 current lr: 0.0136575
03-04 10:14:56 Saved best checkpoint to ./checkpoint\SSF_CWRU_0304-101431\best_pt (val_loss=-0.9749)
03-04 10:14:56 Epoch 065 Train loss -0.9905 | Val loss -0.9749
03-04 10:14:56 -----Epoch 66/99-----
03-04 10:14:56 current lr: 0.0129636
03-04 10:14:56 Saved best checkpoint to ./checkpoint\SSF_CWRU_0304-101431\best_pt (val_loss=-0.9750)
03-04 10:14:56 Epoch 066 Train loss -0.9905 | Val loss -0.9750
03-04 10:14:56 -----Epoch 67/99-----
03-04 10:14:56 current lr: 0.0122815
03-04 10:14:56 Saved best checkpoint to ./checkpoint\SSF_CWRU_0304-101431\best_pt (val_loss=-0.9751)
03-04 10:14:56 Epoch 067 Train loss -0.9906 | Val loss -0.9751
03-04 10:14:56 -----Epoch 68/99-----
03-04 10:14:57 current lr: 0.011612
03-04 10:14:57 Saved best checkpoint to ./checkpoint\SSF_CWRU_0304-101431\best_pt (val_loss=-0.9752)
03-04 10:14:57 Epoch 068 Train loss -0.9907 | Val loss -0.9752
03-04 10:14:57 -----Epoch 69/99-----
03-04 10:14:57 current lr: 0.0109557
03-04 10:14:57 Saved best checkpoint to ./checkpoint\SSF_CWRU_0304-101431\best_pt (val_loss=-0.9752)
03-04 10:14:57 Epoch 069 Train loss -0.9907 | Val loss -0.9752
03-04 10:14:57 -----Epoch 70/99-----
03-04 10:14:57 current lr: 0.0103133
03-04 10:14:57 Saved best checkpoint to ./checkpoint\SSF_CWRU_0304-101431\best_pt (val_loss=-0.9753)
03-04 10:14:57 Epoch 070 Train loss -0.9907 | Val loss -0.9753
03-04 10:14:57 -----Epoch 71/99-----
03-04 10:14:57 current lr: 0.00968539
03-04 10:14:58 Saved best checkpoint to ./checkpoint\SSF_CWRU_0304-101431\best_pt (val_loss=-0.9754)
03-04 10:14:58 Epoch 071 Train loss -0.9907 | Val loss -0.9754
03-04 10:14:58 -----Epoch 72/99-----
03-04 10:14:58 current lr: 0.00907259
03-04 10:14:58 Saved best checkpoint to ./checkpoint\SSF_CWRU_0304-101431\best_pt (val_loss=-0.9754)
03-04 10:14:58 Epoch 072 Train loss -0.9907 | Val loss -0.9754
03-04 10:14:58 -----Epoch 73/99-----
03-04 10:14:58 current lr: 0.00847551
03-04 10:14:58 Saved best checkpoint to ./checkpoint\SSF_CWRU_0304-101431\best_pt (val_loss=-0.9754)
03-04 10:14:58 Epoch 073 Train loss -0.9907 | Val loss -0.9754
03-04 10:14:58 -----Epoch 74/99-----
03-04 10:14:59 current lr: 0.00789475
03-04 10:14:59 Saved best checkpoint to ./checkpoint\SSF_CWRU_0304-101431\best_pt (val_loss=-0.9755)
03-04 10:14:59 Epoch 074 Train loss -0.9907 | Val loss -0.9755
03-04 10:14:59 -----Epoch 75/99-----
03-04 10:14:59 current lr: 0.00733087
03-04 10:14:59 Saved best checkpoint to ./checkpoint\SSF_CWRU_0304-101431\best_pt (val_loss=-0.9756)
03-04 10:14:59 Epoch 075 Train loss -0.9908 | Val loss -0.9756
03-04 10:14:59 -----Epoch 76/99-----
03-04 10:14:59 current lr: 0.00678443
03-04 10:14:59 Saved best checkpoint to ./checkpoint\SSF_CWRU_0304-101431\best_pt (val_loss=-0.9757)
03-04 10:14:59 Epoch 076 Train loss -0.9907 | Val loss -0.9757
03-04 10:14:59 -----Epoch 77/99-----
03-04 10:15:00 current lr: 0.00625597
03-04 10:15:00 Saved best checkpoint to ./checkpoint\SSF_CWRU_0304-101431\best_pt (val_loss=-0.9757)
03-04 10:15:00 Epoch 077 Train loss -0.9908 | Val loss -0.9757
03-04 10:15:00 -----Epoch 78/99-----
03-04 10:15:00 current lr: 0.00574602
03-04 10:15:00 Saved best checkpoint to ./checkpoint\SSF_CWRU_0304-101431\best_pt (val_loss=-0.9757)
03-04 10:15:00 Epoch 078 Train loss -0.9908 | Val loss -0.9757
03-04 10:15:00 -----Epoch 79/99-----
03-04 10:15:00 current lr: 0.00525508
03-04 10:15:00 Saved best checkpoint to ./checkpoint\SSF_CWRU_0304-101431\best_pt (val_loss=-0.9757)
03-04 10:15:00 Epoch 079 Train loss -0.9907 | Val loss -0.9757
03-04 10:15:00 -----Epoch 80/99-----
03-04 10:15:00 current lr: 0.00478362
03-04 10:15:00 No improvement in val_loss for 1/5 epochs.
03-04 10:15:00 Epoch 080 Train loss -0.9908 | Val loss -0.9757
03-04 10:15:00 -----Epoch 81/99-----
03-04 10:15:01 current lr: 0.00433212
03-04 10:15:01 Saved best checkpoint to ./checkpoint\SSF_CWRU_0304-101431\best_pt (val_loss=-0.9758)
03-04 10:15:01 Epoch 081 Train loss -0.9909 | Val loss -0.9758
03-04 10:15:01 -----Epoch 82/99-----
03-04 10:15:01 current lr: 0.00390102
03-04 10:15:01 Saved best checkpoint to ./checkpoint\SSF_CWRU_0304-101431\best_pt (val_loss=-0.9758)
03-04 10:15:01 Epoch 082 Train loss -0.9909 | Val loss -0.9758
03-04 10:15:01 -----Epoch 83/99-----
03-04 10:15:01 current lr: 0.00349075
03-04 10:15:01 Saved best checkpoint to ./checkpoint\SSF_CWRU_0304-101431\best_pt (val_loss=-0.9758)
03-04 10:15:01 Epoch 083 Train loss -0.9908 | Val loss -0.9758
03-04 10:15:01 -----Epoch 84/99-----
03-04 10:15:02 current lr: 0.00310171
03-04 10:15:02 Saved best checkpoint to ./checkpoint\SSF_CWRU_0304-101431\best_pt (val_loss=-0.9758)
03-04 10:15:02 Epoch 084 Train loss -0.9909 | Val loss -0.9758
03-04 10:15:02 -----Epoch 85/99-----
03-04 10:15:02 current lr: 0.00273429
03-04 10:15:02 Saved best checkpoint to ./checkpoint\SSF_CWRU_0304-101431\best_pt (val_loss=-0.9759)
03-04 10:15:02 Epoch 085 Train loss -0.9909 | Val loss -0.9759
03-04 10:15:02 -----Epoch 86/99-----
03-04 10:15:02 current lr: 0.00238885
03-04 10:15:02 No improvement in val_loss for 1/5 epochs.
03-04 10:15:02 Epoch 086 Train loss -0.9909 | Val loss -0.9758
03-04 10:15:02 -----Epoch 87/99-----
03-04 10:15:03 current lr: 0.00206572
03-04 10:15:03 No improvement in val_loss for 2/5 epochs.
03-04 10:15:03 Epoch 087 Train loss -0.9909 | Val loss -0.9759
03-04 10:15:03 -----Epoch 88/99-----
03-04 10:15:03 current lr: 0.00176524
03-04 10:15:03 Saved best checkpoint to ./checkpoint\SSF_CWRU_0304-101431\best_pt (val_loss=-0.9759)
03-04 10:15:03 Epoch 088 Train loss -0.9908 | Val loss -0.9759
03-04 10:15:03 -----Epoch 89/99-----
03-04 10:15:03 current lr: 0.00148769
03-04 10:15:03 Saved best checkpoint to ./checkpoint\SSF_CWRU_0304-101431\best_pt (val_loss=-0.9759)
03-04 10:15:03 Epoch 089 Train loss -0.9909 | Val loss -0.9759
03-04 10:15:03 -----Epoch 90/99-----
03-04 10:15:04 current lr: 0.00123334
03-04 10:15:04 Saved best checkpoint to ./checkpoint\SSF_CWRU_0304-101431\best_pt (val_loss=-0.9759)
03-04 10:15:04 Epoch 090 Train loss -0.9908 | Val loss -0.9759
03-04 10:15:04 -----Epoch 91/99-----
03-04 10:15:04 current lr: 0.00100246
03-04 10:15:04 No improvement in val_loss for 1/5 epochs.
03-04 10:15:04 Epoch 091 Train loss -0.9909 | Val loss -0.9759
03-04 10:15:04 -----Epoch 92/99-----
03-04 10:15:04 current lr: 0.000795264
03-04 10:15:04 No improvement in val_loss for 2/5 epochs.
03-04 10:15:04 Epoch 092 Train loss -0.9909 | Val loss -0.9759
03-04 10:15:04 -----Epoch 93/99-----
03-04 10:15:05 current lr: 0.000611961
03-04 10:15:05 Saved best checkpoint to ./checkpoint\SSF_CWRU_0304-101431\best_pt (val_loss=-0.9759)
03-04 10:15:05 Epoch 093 Train loss -0.9909 | Val loss -0.9759
03-04 10:15:05 -----Epoch 94/99-----
03-04 10:15:05 current lr: 0.00045273
03-04 10:15:05 No improvement in val_loss for 1/5 epochs.
03-04 10:15:05 Epoch 094 Train loss -0.9909 | Val loss -0.9759
03-04 10:15:05 -----Epoch 95/99-----
03-04 10:15:06 current lr: 0.00031773
03-04 10:15:06 No improvement in val_loss for 2/5 epochs.
03-04 10:15:06 Epoch 095 Train loss -0.9909 | Val loss -0.9759
03-04 10:15:06 -----Epoch 96/99-----
03-04 10:15:06 current lr: 0.000207093
03-04 10:15:06 No improvement in val_loss for 3/5 epochs.
03-04 10:15:06 Epoch 096 Train loss -0.9909 | Val loss -0.9759
03-04 10:15:06 -----Epoch 97/99-----
03-04 10:15:06 current lr: 0.000120929
03-04 10:15:06 No improvement in val_loss for 4/5 epochs.
03-04 10:15:06 Epoch 097 Train loss -0.9909 | Val loss -0.9759
03-04 10:15:06 -----Epoch 98/99-----
03-04 10:15:06 current lr: 5.93219e-05
03-04 10:15:06 No improvement in val_loss for 5/5 epochs.
03-04 10:15:06 Early stopping at epoch 98 (best val_loss=-0.9759).
03-04 10:15:06 Epoch 098 Train loss -0.9909 | Val loss -0.9759
03-04 10:15:06 -----Epoch 99/99-----
03-04 10:15:07 current lr: 2.23335e-05
03-04 10:15:07 No improvement in val_loss for 6/5 epochs.
03-04 10:15:07 Early stopping at epoch 99 (best val_loss=-0.9759).
03-04 10:15:07 Epoch 099 Train loss -0.9909 | Val loss -0.9759
03-04 10:15:07 TEST (last): loss -0.9773
03-04 10:15:07 [LP epoch 00] train_loss=1.3831 train_acc=0.2000 | val_loss=1.2507 val_acc=0.6475 | 
03-04 10:15:07 [LP epoch 01] train_loss=1.1903 train_acc=0.6500 | val_loss=1.1948 val_acc=0.7014 | 
03-04 10:15:07 [LP epoch 02] train_loss=1.0398 train_acc=0.8000 | val_loss=1.1391 val_acc=0.7050 | 
03-04 10:15:07 [LP epoch 03] train_loss=0.9153 train_acc=0.8750 | val_loss=1.0845 val_acc=0.7914 | 
03-04 10:15:07 [LP epoch 04] train_loss=0.8110 train_acc=0.9000 | val_loss=1.0308 val_acc=0.8561 | 
03-04 10:15:07 [LP epoch 05] train_loss=0.7270 train_acc=0.9000 | val_loss=0.9789 val_acc=0.8741 | 
03-04 10:15:08 [LP epoch 06] train_loss=0.6598 train_acc=0.9000 | val_loss=0.9288 val_acc=0.8741 | 
03-04 10:15:08 [LP epoch 07] train_loss=0.6063 train_acc=0.9000 | val_loss=0.8802 val_acc=0.8741 | 
03-04 10:15:08 [LP epoch 08] train_loss=0.5614 train_acc=0.9000 | val_loss=0.8334 val_acc=0.8813 | 
03-04 10:15:08 [LP epoch 09] train_loss=0.5219 train_acc=0.9000 | val_loss=0.7890 val_acc=0.8849 | 
03-04 10:15:08 [LP epoch 10] train_loss=0.4876 train_acc=0.9250 | val_loss=0.7479 val_acc=0.8885 | 
03-04 10:15:08 [LP epoch 11] train_loss=0.4585 train_acc=0.9250 | val_loss=0.7097 val_acc=0.8885 | 
03-04 10:15:08 [LP epoch 12] train_loss=0.4338 train_acc=0.9250 | val_loss=0.6742 val_acc=0.8921 | 
03-04 10:15:08 [LP epoch 13] train_loss=0.4125 train_acc=0.9500 | val_loss=0.6413 val_acc=0.8885 | 
03-04 10:15:08 [LP epoch 14] train_loss=0.3930 train_acc=0.9750 | val_loss=0.6109 val_acc=0.8921 | 
03-04 10:15:08 [LP epoch 15] train_loss=0.3749 train_acc=0.9750 | val_loss=0.5833 val_acc=0.8921 | 
03-04 10:15:09 [LP epoch 16] train_loss=0.3574 train_acc=1.0000 | val_loss=0.5582 val_acc=0.8921 | 
03-04 10:15:09 [LP epoch 17] train_loss=0.3401 train_acc=1.0000 | val_loss=0.5352 val_acc=0.8921 | 
03-04 10:15:09 [LP epoch 18] train_loss=0.3230 train_acc=1.0000 | val_loss=0.5141 val_acc=0.8921 | 
03-04 10:15:09 [LP epoch 19] train_loss=0.3065 train_acc=1.0000 | val_loss=0.4945 val_acc=0.8885 | 
03-04 10:15:09 [LP epoch 20] train_loss=0.2907 train_acc=1.0000 | val_loss=0.4760 val_acc=0.8885 | 
03-04 10:15:09 [LP epoch 21] train_loss=0.2761 train_acc=1.0000 | val_loss=0.4587 val_acc=0.8885 | 
03-04 10:15:09 [LP epoch 22] train_loss=0.2626 train_acc=1.0000 | val_loss=0.4424 val_acc=0.8885 | 
03-04 10:15:09 [LP epoch 23] train_loss=0.2502 train_acc=1.0000 | val_loss=0.4271 val_acc=0.8885 | 
03-04 10:15:09 [LP epoch 24] train_loss=0.2386 train_acc=1.0000 | val_loss=0.4124 val_acc=0.8921 | 
03-04 10:15:09 [LP epoch 25] train_loss=0.2277 train_acc=1.0000 | val_loss=0.3983 val_acc=0.8957 | 
03-04 10:15:09 [LP epoch 26] train_loss=0.2171 train_acc=1.0000 | val_loss=0.3846 val_acc=0.8993 | 
03-04 10:15:09 [LP epoch 27] train_loss=0.2064 train_acc=1.0000 | val_loss=0.3711 val_acc=0.9101 | 
03-04 10:15:10 [LP epoch 28] train_loss=0.1956 train_acc=1.0000 | val_loss=0.3580 val_acc=0.9101 | 
03-04 10:15:10 [LP epoch 29] train_loss=0.1850 train_acc=1.0000 | val_loss=0.3453 val_acc=0.9137 | 
03-04 10:15:10 [LP epoch 30] train_loss=0.1748 train_acc=1.0000 | val_loss=0.3330 val_acc=0.9173 | 
03-04 10:15:10 [LP epoch 31] train_loss=0.1654 train_acc=1.0000 | val_loss=0.3210 val_acc=0.9173 | 
03-04 10:15:10 [LP epoch 32] train_loss=0.1569 train_acc=1.0000 | val_loss=0.3094 val_acc=0.9281 | 
03-04 10:15:10 [LP epoch 33] train_loss=0.1491 train_acc=1.0000 | val_loss=0.2979 val_acc=0.9388 | 
03-04 10:15:10 [LP epoch 34] train_loss=0.1422 train_acc=1.0000 | val_loss=0.2866 val_acc=0.9496 | 
03-04 10:15:10 [LP epoch 35] train_loss=0.1361 train_acc=1.0000 | val_loss=0.2754 val_acc=0.9568 | 
03-04 10:15:10 [LP epoch 36] train_loss=0.1304 train_acc=1.0000 | val_loss=0.2643 val_acc=0.9676 | 
03-04 10:15:10 [LP epoch 37] train_loss=0.1250 train_acc=1.0000 | val_loss=0.2534 val_acc=0.9748 | 
03-04 10:15:10 [LP epoch 38] train_loss=0.1200 train_acc=1.0000 | val_loss=0.2428 val_acc=0.9892 | 
03-04 10:15:11 [LP epoch 39] train_loss=0.1154 train_acc=1.0000 | val_loss=0.2323 val_acc=0.9928 | 
03-04 10:15:11 [LP epoch 40] train_loss=0.1110 train_acc=1.0000 | val_loss=0.2220 val_acc=0.9928 | 
03-04 10:15:11 [LP epoch 41] train_loss=0.1068 train_acc=1.0000 | val_loss=0.2120 val_acc=0.9964 | 
03-04 10:15:11 [LP epoch 42] train_loss=0.1028 train_acc=1.0000 | val_loss=0.2022 val_acc=0.9964 | 
03-04 10:15:11 [LP epoch 43] train_loss=0.0989 train_acc=1.0000 | val_loss=0.1927 val_acc=1.0000 | 
03-04 10:15:11 [LP epoch 44] train_loss=0.0952 train_acc=1.0000 | val_loss=0.1835 val_acc=1.0000 | 
03-04 10:15:11 [LP epoch 45] train_loss=0.0917 train_acc=1.0000 | val_loss=0.1748 val_acc=1.0000 | 
03-04 10:15:11 [LP epoch 46] train_loss=0.0883 train_acc=1.0000 | val_loss=0.1665 val_acc=1.0000 | 
03-04 10:15:11 [LP epoch 47] train_loss=0.0851 train_acc=1.0000 | val_loss=0.1587 val_acc=1.0000 | 
03-04 10:15:11 [LP epoch 48] train_loss=0.0820 train_acc=1.0000 | val_loss=0.1515 val_acc=1.0000 | 
03-04 10:15:11 [LP epoch 49] train_loss=0.0792 train_acc=1.0000 | val_loss=0.1448 val_acc=1.0000 | 
03-04 10:15:11 Saved linear-probe checkpoint: ./checkpoint\SSF_CWRU_0304-101431\linear_probe_best.pt (best_val_acc=1.0000)
03-04 10:15:11 TEST linear-probe: loss=0.1486 acc=0.9925
03-04 10:15:11 model_name: SSF
03-04 10:15:11 data_name: CWRU
03-04 10:15:11 aug_1: randomcrop
03-04 10:15:11 aug_2: scale
03-04 10:15:11 max_epoch: 100
03-04 10:15:11 classifier_epoch: 50
03-04 10:15:11 data_view: TwoViewDataset
03-04 10:15:11 cuda_device: 0
03-04 10:15:11 checkpoint_dir: ./checkpoint
03-04 10:15:11 batch_size: 64
03-04 10:15:11 data_dir: raw_data/CWRU
03-04 10:15:11 out_channel: 4
03-04 10:15:11 normlizetype: minus_one_one
03-04 10:15:11 processing_type: RA
03-04 10:15:11 opt: sgd
03-04 10:15:11 lr: 0.05
03-04 10:15:11 momentum: 0.9
03-04 10:15:11 weight_decay: 1e-05
03-04 10:15:11 lr_scheduler: cos
03-04 10:15:11 gamma: 0.95
03-04 10:15:11 eta_min: 1e-05
03-04 10:15:11 latent_space: 128
03-04 10:15:11 num_blocks_ssf: 5
03-04 10:15:11 hidden_channel: 256
03-04 10:15:11 task: self_supervised
03-04 10:15:11 critetion: <class 'utils.loss_SSL.SimSiamLoss'>
03-04 10:15:11 using 1 gpus
03-04 10:15:11 Dataset class: <class 'data_utils.datasets.CWRU.CWRU'>
03-04 10:15:12 Split sizes: train=400 val=278 test=400, classier=40
03-04 10:15:12 Label counts train: Counter({2: 100, 0: 100, 1: 100, 3: 100})
03-04 10:15:12 Label counts val:   Counter({0: 100, 3: 60, 1: 59, 2: 59})
03-04 10:15:12 Label counts test:  Counter({0: 100, 3: 100, 1: 100, 2: 100})
03-04 10:15:12 Label counts classifier:  Counter({0: 10, 1: 10, 2: 10, 3: 10})
03-04 10:15:12 -----Epoch 0/99-----
03-04 10:15:12 current lr: 0.05
03-04 10:15:12 Saved best checkpoint to ./checkpoint\SSF_CWRU_0304-101431\best_pt (val_loss=-0.5969)
03-04 10:15:12 Epoch 000 Train loss -0.4342 | Val loss -0.5969
03-04 10:15:12 -----Epoch 1/99-----
03-04 10:15:12 current lr: 0.0499877
03-04 10:15:12 Saved best checkpoint to ./checkpoint\SSF_CWRU_0304-101431\best_pt (val_loss=-0.7769)
03-04 10:15:12 Epoch 001 Train loss -0.8853 | Val loss -0.7769
03-04 10:15:12 -----Epoch 2/99-----
03-04 10:15:13 current lr: 0.0499507
03-04 10:15:13 Saved best checkpoint to ./checkpoint\SSF_CWRU_0304-101431\best_pt (val_loss=-0.8589)
03-04 10:15:13 Epoch 002 Train loss -0.9120 | Val loss -0.8589
03-04 10:15:13 -----Epoch 3/99-----
03-04 10:15:13 current lr: 0.0498891
03-04 10:15:13 Saved best checkpoint to ./checkpoint\SSF_CWRU_0304-101431\best_pt (val_loss=-0.8877)
03-04 10:15:13 Epoch 003 Train loss -0.9296 | Val loss -0.8877
03-04 10:15:13 -----Epoch 4/99-----
03-04 10:15:13 current lr: 0.0498029
03-04 10:15:13 Saved best checkpoint to ./checkpoint\SSF_CWRU_0304-101431\best_pt (val_loss=-0.9059)
03-04 10:15:13 Epoch 004 Train loss -0.9450 | Val loss -0.9059
03-04 10:15:13 -----Epoch 5/99-----
03-04 10:15:14 current lr: 0.0496923
03-04 10:15:14 Saved best checkpoint to ./checkpoint\SSF_CWRU_0304-101431\best_pt (val_loss=-0.9213)
03-04 10:15:14 Epoch 005 Train loss -0.9567 | Val loss -0.9213
03-04 10:15:14 -----Epoch 6/99-----
03-04 10:15:14 current lr: 0.0495573
03-04 10:15:14 Saved best checkpoint to ./checkpoint\SSF_CWRU_0304-101431\best_pt (val_loss=-0.9329)
03-04 10:15:14 Epoch 006 Train loss -0.9646 | Val loss -0.9329
03-04 10:15:14 -----Epoch 7/99-----
03-04 10:15:14 current lr: 0.049398
03-04 10:15:14 Saved best checkpoint to ./checkpoint\SSF_CWRU_0304-101431\best_pt (val_loss=-0.9395)
03-04 10:15:14 Epoch 007 Train loss -0.9695 | Val loss -0.9395
03-04 10:15:14 -----Epoch 8/99-----
03-04 10:15:15 current lr: 0.0492147
03-04 10:15:15 Saved best checkpoint to ./checkpoint\SSF_CWRU_0304-101431\best_pt (val_loss=-0.9434)
03-04 10:15:15 Epoch 008 Train loss -0.9725 | Val loss -0.9434
03-04 10:15:15 -----Epoch 9/99-----
03-04 10:15:15 current lr: 0.0490075
03-04 10:15:15 Saved best checkpoint to ./checkpoint\SSF_CWRU_0304-101431\best_pt (val_loss=-0.9461)
03-04 10:15:15 Epoch 009 Train loss -0.9744 | Val loss -0.9461
03-04 10:15:15 -----Epoch 10/99-----
03-04 10:15:15 current lr: 0.0487767
03-04 10:15:15 Saved best checkpoint to ./checkpoint\SSF_CWRU_0304-101431\best_pt (val_loss=-0.9484)
03-04 10:15:15 Epoch 010 Train loss -0.9757 | Val loss -0.9484
03-04 10:15:15 -----Epoch 11/99-----
03-04 10:15:16 current lr: 0.0485223
03-04 10:15:16 Saved best checkpoint to ./checkpoint\SSF_CWRU_0304-101431\best_pt (val_loss=-0.9506)
03-04 10:15:16 Epoch 011 Train loss -0.9768 | Val loss -0.9506
03-04 10:15:16 -----Epoch 12/99-----
03-04 10:15:16 current lr: 0.0482448
03-04 10:15:16 Saved best checkpoint to ./checkpoint\SSF_CWRU_0304-101431\best_pt (val_loss=-0.9527)
03-04 10:15:16 Epoch 012 Train loss -0.9780 | Val loss -0.9527
03-04 10:15:16 -----Epoch 13/99-----
03-04 10:15:16 current lr: 0.0479443
03-04 10:15:16 Saved best checkpoint to ./checkpoint\SSF_CWRU_0304-101431\best_pt (val_loss=-0.9548)
03-04 10:15:16 Epoch 013 Train loss -0.9790 | Val loss -0.9548
03-04 10:15:16 -----Epoch 14/99-----
03-04 10:15:17 current lr: 0.0476212
03-04 10:15:17 Saved best checkpoint to ./checkpoint\SSF_CWRU_0304-101431\best_pt (val_loss=-0.9568)
03-04 10:15:17 Epoch 014 Train loss -0.9801 | Val loss -0.9568
03-04 10:15:17 -----Epoch 15/99-----
03-04 10:15:17 current lr: 0.0472757
03-04 10:15:17 Saved best checkpoint to ./checkpoint\SSF_CWRU_0304-101431\best_pt (val_loss=-0.9588)
03-04 10:15:17 Epoch 015 Train loss -0.9809 | Val loss -0.9588
03-04 10:15:17 -----Epoch 16/99-----
03-04 10:15:17 current lr: 0.0469083
03-04 10:15:17 Saved best checkpoint to ./checkpoint\SSF_CWRU_0304-101431\best_pt (val_loss=-0.9605)
03-04 10:15:17 Epoch 016 Train loss -0.9815 | Val loss -0.9605
03-04 10:15:17 -----Epoch 17/99-----
03-04 10:15:18 current lr: 0.0465192
03-04 10:15:18 Saved best checkpoint to ./checkpoint\SSF_CWRU_0304-101431\best_pt (val_loss=-0.9618)
03-04 10:15:18 Epoch 017 Train loss -0.9823 | Val loss -0.9618
03-04 10:15:18 -----Epoch 18/99-----
03-04 10:15:18 current lr: 0.046109
03-04 10:15:18 Saved best checkpoint to ./checkpoint\SSF_CWRU_0304-101431\best_pt (val_loss=-0.9627)
03-04 10:15:18 Epoch 018 Train loss -0.9827 | Val loss -0.9627
03-04 10:15:18 -----Epoch 19/99-----
03-04 10:15:18 current lr: 0.0456779
03-04 10:15:18 Saved best checkpoint to ./checkpoint\SSF_CWRU_0304-101431\best_pt (val_loss=-0.9634)
03-04 10:15:18 Epoch 019 Train loss -0.9831 | Val loss -0.9634
03-04 10:15:18 -----Epoch 20/99-----
03-04 10:15:19 current lr: 0.0452264
03-04 10:15:19 Saved best checkpoint to ./checkpoint\SSF_CWRU_0304-101431\best_pt (val_loss=-0.9640)
03-04 10:15:19 Epoch 020 Train loss -0.9834 | Val loss -0.9640
03-04 10:15:19 -----Epoch 21/99-----
03-04 10:15:19 current lr: 0.0447549
03-04 10:15:19 Saved best checkpoint to ./checkpoint\SSF_CWRU_0304-101431\best_pt (val_loss=-0.9647)
03-04 10:15:19 Epoch 021 Train loss -0.9836 | Val loss -0.9647
03-04 10:15:19 -----Epoch 22/99-----
03-04 10:15:19 current lr: 0.044264
03-04 10:15:19 Saved best checkpoint to ./checkpoint\SSF_CWRU_0304-101431\best_pt (val_loss=-0.9652)
03-04 10:15:19 Epoch 022 Train loss -0.9840 | Val loss -0.9652
03-04 10:15:19 -----Epoch 23/99-----
03-04 10:15:20 current lr: 0.043754
03-04 10:15:20 Saved best checkpoint to ./checkpoint\SSF_CWRU_0304-101431\best_pt (val_loss=-0.9654)
03-04 10:15:20 Epoch 023 Train loss -0.9846 | Val loss -0.9654
03-04 10:15:20 -----Epoch 24/99-----
03-04 10:15:20 current lr: 0.0432256
03-04 10:15:20 Saved best checkpoint to ./checkpoint\SSF_CWRU_0304-101431\best_pt (val_loss=-0.9656)
03-04 10:15:20 Epoch 024 Train loss -0.9851 | Val loss -0.9656
03-04 10:15:20 -----Epoch 25/99-----
03-04 10:15:20 current lr: 0.0426791
03-04 10:15:20 Saved best checkpoint to ./checkpoint\SSF_CWRU_0304-101431\best_pt (val_loss=-0.9664)
03-04 10:15:20 Epoch 025 Train loss -0.9856 | Val loss -0.9664
03-04 10:15:20 -----Epoch 26/99-----
03-04 10:15:21 current lr: 0.0421153
03-04 10:15:21 Saved best checkpoint to ./checkpoint\SSF_CWRU_0304-101431\best_pt (val_loss=-0.9676)
03-04 10:15:21 Epoch 026 Train loss -0.9863 | Val loss -0.9676
03-04 10:15:21 -----Epoch 27/99-----
03-04 10:15:21 current lr: 0.0415345
03-04 10:15:21 Saved best checkpoint to ./checkpoint\SSF_CWRU_0304-101431\best_pt (val_loss=-0.9689)
03-04 10:15:21 Epoch 027 Train loss -0.9868 | Val loss -0.9689
03-04 10:15:21 -----Epoch 28/99-----
03-04 10:15:21 current lr: 0.0409374
03-04 10:15:21 Saved best checkpoint to ./checkpoint\SSF_CWRU_0304-101431\best_pt (val_loss=-0.9700)
03-04 10:15:21 Epoch 028 Train loss -0.9874 | Val loss -0.9700
03-04 10:15:21 -----Epoch 29/99-----
03-04 10:15:22 current lr: 0.0403246
03-04 10:15:22 Saved best checkpoint to ./checkpoint\SSF_CWRU_0304-101431\best_pt (val_loss=-0.9709)
03-04 10:15:22 Epoch 029 Train loss -0.9877 | Val loss -0.9709
03-04 10:15:22 -----Epoch 30/99-----
03-04 10:15:22 current lr: 0.0396967
03-04 10:15:22 Saved best checkpoint to ./checkpoint\SSF_CWRU_0304-101431\best_pt (val_loss=-0.9715)
03-04 10:15:22 Epoch 030 Train loss -0.9881 | Val loss -0.9715
03-04 10:15:22 -----Epoch 31/99-----
03-04 10:15:22 current lr: 0.0390543
03-04 10:15:22 Saved best checkpoint to ./checkpoint\SSF_CWRU_0304-101431\best_pt (val_loss=-0.9719)
03-04 10:15:22 Epoch 031 Train loss -0.9884 | Val loss -0.9719
03-04 10:15:22 -----Epoch 32/99-----
03-04 10:15:23 current lr: 0.038398
03-04 10:15:23 Saved best checkpoint to ./checkpoint\SSF_CWRU_0304-101431\best_pt (val_loss=-0.9723)
03-04 10:15:23 Epoch 032 Train loss -0.9886 | Val loss -0.9723
03-04 10:15:23 -----Epoch 33/99-----
03-04 10:15:23 current lr: 0.0377285
03-04 10:15:23 Saved best checkpoint to ./checkpoint\SSF_CWRU_0304-101431\best_pt (val_loss=-0.9727)
03-04 10:15:23 Epoch 033 Train loss -0.9888 | Val loss -0.9727
03-04 10:15:23 -----Epoch 34/99-----
03-04 10:15:23 current lr: 0.0370464
03-04 10:15:23 Saved best checkpoint to ./checkpoint\SSF_CWRU_0304-101431\best_pt (val_loss=-0.9730)
03-04 10:15:23 Epoch 034 Train loss -0.9889 | Val loss -0.9730
03-04 10:15:23 -----Epoch 35/99-----
03-04 10:15:24 current lr: 0.0363525
03-04 10:15:24 Saved best checkpoint to ./checkpoint\SSF_CWRU_0304-101431\best_pt (val_loss=-0.9732)
03-04 10:15:24 Epoch 035 Train loss -0.9892 | Val loss -0.9732
03-04 10:15:24 -----Epoch 36/99-----
03-04 10:15:24 current lr: 0.0356474
03-04 10:15:24 Saved best checkpoint to ./checkpoint\SSF_CWRU_0304-101431\best_pt (val_loss=-0.9733)
03-04 10:15:24 Epoch 036 Train loss -0.9893 | Val loss -0.9733
03-04 10:15:24 -----Epoch 37/99-----
03-04 10:15:24 current lr: 0.0349317
03-04 10:15:24 Saved best checkpoint to ./checkpoint\SSF_CWRU_0304-101431\best_pt (val_loss=-0.9734)
03-04 10:15:24 Epoch 037 Train loss -0.9894 | Val loss -0.9734
03-04 10:15:24 -----Epoch 38/99-----
03-04 10:15:25 current lr: 0.0342063
03-04 10:15:25 Saved best checkpoint to ./checkpoint\SSF_CWRU_0304-101431\best_pt (val_loss=-0.9735)
03-04 10:15:25 Epoch 038 Train loss -0.9897 | Val loss -0.9735
03-04 10:15:25 -----Epoch 39/99-----
03-04 10:15:25 current lr: 0.0334718
03-04 10:15:25 Saved best checkpoint to ./checkpoint\SSF_CWRU_0304-101431\best_pt (val_loss=-0.9737)
03-04 10:15:25 Epoch 039 Train loss -0.9897 | Val loss -0.9737
03-04 10:15:25 -----Epoch 40/99-----
03-04 10:15:25 current lr: 0.0327289
03-04 10:15:25 Saved best checkpoint to ./checkpoint\SSF_CWRU_0304-101431\best_pt (val_loss=-0.9738)
03-04 10:15:25 Epoch 040 Train loss -0.9898 | Val loss -0.9738
03-04 10:15:25 -----Epoch 41/99-----
03-04 10:15:26 current lr: 0.0319784
03-04 10:15:26 Saved best checkpoint to ./checkpoint\SSF_CWRU_0304-101431\best_pt (val_loss=-0.9739)
03-04 10:15:26 Epoch 041 Train loss -0.9900 | Val loss -0.9739
03-04 10:15:26 -----Epoch 42/99-----
03-04 10:15:26 current lr: 0.031221
03-04 10:15:26 Saved best checkpoint to ./checkpoint\SSF_CWRU_0304-101431\best_pt (val_loss=-0.9739)
03-04 10:15:26 Epoch 042 Train loss -0.9901 | Val loss -0.9739
03-04 10:15:26 -----Epoch 43/99-----
03-04 10:15:26 current lr: 0.0304575
03-04 10:15:26 Saved best checkpoint to ./checkpoint\SSF_CWRU_0304-101431\best_pt (val_loss=-0.9741)
03-04 10:15:26 Epoch 043 Train loss -0.9902 | Val loss -0.9741
03-04 10:15:26 -----Epoch 44/99-----
03-04 10:15:27 current lr: 0.0296886
03-04 10:15:27 Saved best checkpoint to ./checkpoint\SSF_CWRU_0304-101431\best_pt (val_loss=-0.9742)
03-04 10:15:27 Epoch 044 Train loss -0.9903 | Val loss -0.9742
03-04 10:15:27 -----Epoch 45/99-----
03-04 10:15:27 current lr: 0.0289151
03-04 10:15:27 Saved best checkpoint to ./checkpoint\SSF_CWRU_0304-101431\best_pt (val_loss=-0.9742)
03-04 10:15:27 Epoch 045 Train loss -0.9904 | Val loss -0.9742
03-04 10:15:27 -----Epoch 46/99-----
03-04 10:15:27 current lr: 0.0281377
03-04 10:15:27 Saved best checkpoint to ./checkpoint\SSF_CWRU_0304-101431\best_pt (val_loss=-0.9744)
03-04 10:15:27 Epoch 046 Train loss -0.9905 | Val loss -0.9744
03-04 10:15:27 -----Epoch 47/99-----
03-04 10:15:28 current lr: 0.0273572
03-04 10:15:28 Saved best checkpoint to ./checkpoint\SSF_CWRU_0304-101431\best_pt (val_loss=-0.9745)
03-04 10:15:28 Epoch 047 Train loss -0.9906 | Val loss -0.9745
03-04 10:15:28 -----Epoch 48/99-----
03-04 10:15:28 current lr: 0.0265744
03-04 10:15:28 Saved best checkpoint to ./checkpoint\SSF_CWRU_0304-101431\best_pt (val_loss=-0.9747)
03-04 10:15:28 Epoch 048 Train loss -0.9906 | Val loss -0.9747
03-04 10:15:28 -----Epoch 49/99-----
03-04 10:15:28 current lr: 0.0257901
03-04 10:15:28 Saved best checkpoint to ./checkpoint\SSF_CWRU_0304-101431\best_pt (val_loss=-0.9747)
03-04 10:15:28 Epoch 049 Train loss -0.9907 | Val loss -0.9747
03-04 10:15:28 -----Epoch 50/99-----
03-04 10:15:29 current lr: 0.025005
03-04 10:15:29 Saved best checkpoint to ./checkpoint\SSF_CWRU_0304-101431\best_pt (val_loss=-0.9748)
03-04 10:15:29 Epoch 050 Train loss -0.9908 | Val loss -0.9748
03-04 10:15:29 -----Epoch 51/99-----
03-04 10:15:29 current lr: 0.0242199
03-04 10:15:29 Saved best checkpoint to ./checkpoint\SSF_CWRU_0304-101431\best_pt (val_loss=-0.9749)
03-04 10:15:29 Epoch 051 Train loss -0.9908 | Val loss -0.9749
03-04 10:15:29 -----Epoch 52/99-----
03-04 10:15:29 current lr: 0.0234356
03-04 10:15:29 Saved best checkpoint to ./checkpoint\SSF_CWRU_0304-101431\best_pt (val_loss=-0.9751)
03-04 10:15:29 Epoch 052 Train loss -0.9909 | Val loss -0.9751
03-04 10:15:29 -----Epoch 53/99-----
03-04 10:15:30 current lr: 0.0226528
03-04 10:15:30 Saved best checkpoint to ./checkpoint\SSF_CWRU_0304-101431\best_pt (val_loss=-0.9752)
03-04 10:15:30 Epoch 053 Train loss -0.9909 | Val loss -0.9752
03-04 10:15:30 -----Epoch 54/99-----
03-04 10:15:30 current lr: 0.0218723
03-04 10:15:30 Saved best checkpoint to ./checkpoint\SSF_CWRU_0304-101431\best_pt (val_loss=-0.9753)
03-04 10:15:30 Epoch 054 Train loss -0.9911 | Val loss -0.9753
03-04 10:15:30 -----Epoch 55/99-----
03-04 10:15:30 current lr: 0.0210949
03-04 10:15:30 Saved best checkpoint to ./checkpoint\SSF_CWRU_0304-101431\best_pt (val_loss=-0.9754)
03-04 10:15:30 Epoch 055 Train loss -0.9911 | Val loss -0.9754
03-04 10:15:30 -----Epoch 56/99-----
03-04 10:15:31 current lr: 0.0203214
03-04 10:15:31 Saved best checkpoint to ./checkpoint\SSF_CWRU_0304-101431\best_pt (val_loss=-0.9754)
03-04 10:15:31 Epoch 056 Train loss -0.9911 | Val loss -0.9754
03-04 10:15:31 -----Epoch 57/99-----
03-04 10:15:31 current lr: 0.0195525
03-04 10:15:31 Saved best checkpoint to ./checkpoint\SSF_CWRU_0304-101431\best_pt (val_loss=-0.9756)
03-04 10:15:31 Epoch 057 Train loss -0.9911 | Val loss -0.9756
03-04 10:15:31 -----Epoch 58/99-----
03-04 10:15:31 current lr: 0.018789
03-04 10:15:31 Saved best checkpoint to ./checkpoint\SSF_CWRU_0304-101431\best_pt (val_loss=-0.9757)
03-04 10:15:31 Epoch 058 Train loss -0.9913 | Val loss -0.9757
03-04 10:15:31 -----Epoch 59/99-----
03-04 10:15:32 current lr: 0.0180316
03-04 10:15:32 Saved best checkpoint to ./checkpoint\SSF_CWRU_0304-101431\best_pt (val_loss=-0.9757)
03-04 10:15:32 Epoch 059 Train loss -0.9913 | Val loss -0.9757
03-04 10:15:32 -----Epoch 60/99-----
03-04 10:15:32 current lr: 0.0172811
03-04 10:15:32 Saved best checkpoint to ./checkpoint\SSF_CWRU_0304-101431\best_pt (val_loss=-0.9758)
03-04 10:15:32 Epoch 060 Train loss -0.9913 | Val loss -0.9758
03-04 10:15:32 -----Epoch 61/99-----
03-04 10:15:32 current lr: 0.0165382
03-04 10:15:32 Saved best checkpoint to ./checkpoint\SSF_CWRU_0304-101431\best_pt (val_loss=-0.9759)
03-04 10:15:32 Epoch 061 Train loss -0.9914 | Val loss -0.9759
03-04 10:15:32 -----Epoch 62/99-----
03-04 10:15:33 current lr: 0.0158037
03-04 10:15:33 Saved best checkpoint to ./checkpoint\SSF_CWRU_0304-101431\best_pt (val_loss=-0.9760)
03-04 10:15:33 Epoch 062 Train loss -0.9914 | Val loss -0.9760
03-04 10:15:33 -----Epoch 63/99-----
03-04 10:15:33 current lr: 0.0150783
03-04 10:15:33 Saved best checkpoint to ./checkpoint\SSF_CWRU_0304-101431\best_pt (val_loss=-0.9761)
03-04 10:15:33 Epoch 063 Train loss -0.9914 | Val loss -0.9761
03-04 10:15:33 -----Epoch 64/99-----
03-04 10:15:33 current lr: 0.0143626
03-04 10:15:33 Saved best checkpoint to ./checkpoint\SSF_CWRU_0304-101431\best_pt (val_loss=-0.9762)
03-04 10:15:33 Epoch 064 Train loss -0.9915 | Val loss -0.9762
03-04 10:15:33 -----Epoch 65/99-----
03-04 10:15:34 current lr: 0.0136575
03-04 10:15:34 Saved best checkpoint to ./checkpoint\SSF_CWRU_0304-101431\best_pt (val_loss=-0.9763)
03-04 10:15:34 Epoch 065 Train loss -0.9915 | Val loss -0.9763
03-04 10:15:34 -----Epoch 66/99-----
03-04 10:15:34 current lr: 0.0129636
03-04 10:15:34 Saved best checkpoint to ./checkpoint\SSF_CWRU_0304-101431\best_pt (val_loss=-0.9764)
03-04 10:15:34 Epoch 066 Train loss -0.9916 | Val loss -0.9764
03-04 10:15:34 -----Epoch 67/99-----
03-04 10:15:34 current lr: 0.0122815
03-04 10:15:34 Saved best checkpoint to ./checkpoint\SSF_CWRU_0304-101431\best_pt (val_loss=-0.9764)
03-04 10:15:34 Epoch 067 Train loss -0.9917 | Val loss -0.9764
03-04 10:15:34 -----Epoch 68/99-----
03-04 10:15:35 current lr: 0.011612
03-04 10:15:35 Saved best checkpoint to ./checkpoint\SSF_CWRU_0304-101431\best_pt (val_loss=-0.9765)
03-04 10:15:35 Epoch 068 Train loss -0.9916 | Val loss -0.9765
03-04 10:15:35 -----Epoch 69/99-----
03-04 10:15:35 current lr: 0.0109557
03-04 10:15:35 Saved best checkpoint to ./checkpoint\SSF_CWRU_0304-101431\best_pt (val_loss=-0.9765)
03-04 10:15:35 Epoch 069 Train loss -0.9917 | Val loss -0.9765
03-04 10:15:35 -----Epoch 70/99-----
03-04 10:15:35 current lr: 0.0103133
03-04 10:15:35 Saved best checkpoint to ./checkpoint\SSF_CWRU_0304-101431\best_pt (val_loss=-0.9766)
03-04 10:15:35 Epoch 070 Train loss -0.9916 | Val loss -0.9766
03-04 10:15:35 -----Epoch 71/99-----
03-04 10:15:36 current lr: 0.00968539
03-04 10:15:36 Saved best checkpoint to ./checkpoint\SSF_CWRU_0304-101431\best_pt (val_loss=-0.9766)
03-04 10:15:36 Epoch 071 Train loss -0.9917 | Val loss -0.9766
03-04 10:15:36 -----Epoch 72/99-----
03-04 10:15:36 current lr: 0.00907259
03-04 10:15:36 Saved best checkpoint to ./checkpoint\SSF_CWRU_0304-101431\best_pt (val_loss=-0.9766)
03-04 10:15:36 Epoch 072 Train loss -0.9916 | Val loss -0.9766
03-04 10:15:36 -----Epoch 73/99-----
03-04 10:15:36 current lr: 0.00847551
03-04 10:15:36 Saved best checkpoint to ./checkpoint\SSF_CWRU_0304-101431\best_pt (val_loss=-0.9767)
03-04 10:15:36 Epoch 073 Train loss -0.9917 | Val loss -0.9767
03-04 10:15:36 -----Epoch 74/99-----
03-04 10:15:37 current lr: 0.00789475
03-04 10:15:37 Saved best checkpoint to ./checkpoint\SSF_CWRU_0304-101431\best_pt (val_loss=-0.9767)
03-04 10:15:37 Epoch 074 Train loss -0.9917 | Val loss -0.9767
03-04 10:15:37 -----Epoch 75/99-----
03-04 10:15:37 current lr: 0.00733087
03-04 10:15:37 Saved best checkpoint to ./checkpoint\SSF_CWRU_0304-101431\best_pt (val_loss=-0.9767)
03-04 10:15:37 Epoch 075 Train loss -0.9917 | Val loss -0.9767
03-04 10:15:37 -----Epoch 76/99-----
03-04 10:15:37 current lr: 0.00678443
03-04 10:15:37 Saved best checkpoint to ./checkpoint\SSF_CWRU_0304-101431\best_pt (val_loss=-0.9768)
03-04 10:15:37 Epoch 076 Train loss -0.9918 | Val loss -0.9768
03-04 10:15:37 -----Epoch 77/99-----
03-04 10:15:38 current lr: 0.00625597
03-04 10:15:38 Saved best checkpoint to ./checkpoint\SSF_CWRU_0304-101431\best_pt (val_loss=-0.9768)
03-04 10:15:38 Epoch 077 Train loss -0.9917 | Val loss -0.9768
03-04 10:15:38 -----Epoch 78/99-----
03-04 10:15:38 current lr: 0.00574602
03-04 10:15:38 Saved best checkpoint to ./checkpoint\SSF_CWRU_0304-101431\best_pt (val_loss=-0.9768)
03-04 10:15:38 Epoch 078 Train loss -0.9918 | Val loss -0.9768
03-04 10:15:38 -----Epoch 79/99-----
03-04 10:15:38 current lr: 0.00525508
03-04 10:15:38 Saved best checkpoint to ./checkpoint\SSF_CWRU_0304-101431\best_pt (val_loss=-0.9768)
03-04 10:15:38 Epoch 079 Train loss -0.9917 | Val loss -0.9768
03-04 10:15:38 -----Epoch 80/99-----
03-04 10:15:39 current lr: 0.00478362
03-04 10:15:39 Saved best checkpoint to ./checkpoint\SSF_CWRU_0304-101431\best_pt (val_loss=-0.9769)
03-04 10:15:39 Epoch 080 Train loss -0.9918 | Val loss -0.9769
03-04 10:15:39 -----Epoch 81/99-----
03-04 10:15:39 current lr: 0.00433212
03-04 10:15:39 Saved best checkpoint to ./checkpoint\SSF_CWRU_0304-101431\best_pt (val_loss=-0.9769)
03-04 10:15:39 Epoch 081 Train loss -0.9918 | Val loss -0.9769
03-04 10:15:39 -----Epoch 82/99-----
03-04 10:15:39 current lr: 0.00390102
03-04 10:15:39 Saved best checkpoint to ./checkpoint\SSF_CWRU_0304-101431\best_pt (val_loss=-0.9769)
03-04 10:15:39 Epoch 082 Train loss -0.9918 | Val loss -0.9769
03-04 10:15:39 -----Epoch 83/99-----
03-04 10:15:40 current lr: 0.00349075
03-04 10:15:40 Saved best checkpoint to ./checkpoint\SSF_CWRU_0304-101431\best_pt (val_loss=-0.9770)
03-04 10:15:40 Epoch 083 Train loss -0.9919 | Val loss -0.9770
03-04 10:15:40 -----Epoch 84/99-----
03-04 10:15:40 current lr: 0.00310171
03-04 10:15:40 No improvement in val_loss for 1/5 epochs.
03-04 10:15:40 Epoch 084 Train loss -0.9918 | Val loss -0.9769
03-04 10:15:40 -----Epoch 85/99-----
03-04 10:15:40 current lr: 0.00273429
03-04 10:15:40 Saved best checkpoint to ./checkpoint\SSF_CWRU_0304-101431\best_pt (val_loss=-0.9770)
03-04 10:15:40 Epoch 085 Train loss -0.9918 | Val loss -0.9770
03-04 10:15:40 -----Epoch 86/99-----
03-04 10:15:41 current lr: 0.00238885
03-04 10:15:41 Saved best checkpoint to ./checkpoint\SSF_CWRU_0304-101431\best_pt (val_loss=-0.9770)
03-04 10:15:41 Epoch 086 Train loss -0.9919 | Val loss -0.9770
03-04 10:15:41 -----Epoch 87/99-----
03-04 10:15:41 current lr: 0.00206572
03-04 10:15:41 Saved best checkpoint to ./checkpoint\SSF_CWRU_0304-101431\best_pt (val_loss=-0.9770)
03-04 10:15:41 Epoch 087 Train loss -0.9919 | Val loss -0.9770
03-04 10:15:41 -----Epoch 88/99-----
03-04 10:15:41 current lr: 0.00176524
03-04 10:15:41 Saved best checkpoint to ./checkpoint\SSF_CWRU_0304-101431\best_pt (val_loss=-0.9770)
03-04 10:15:41 Epoch 088 Train loss -0.9918 | Val loss -0.9770
03-04 10:15:41 -----Epoch 89/99-----
03-04 10:15:42 current lr: 0.00148769
03-04 10:15:42 Saved best checkpoint to ./checkpoint\SSF_CWRU_0304-101431\best_pt (val_loss=-0.9770)
03-04 10:15:42 Epoch 089 Train loss -0.9918 | Val loss -0.9770
03-04 10:15:42 -----Epoch 90/99-----
03-04 10:15:42 current lr: 0.00123334
03-04 10:15:42 No improvement in val_loss for 1/5 epochs.
03-04 10:15:42 Epoch 090 Train loss -0.9918 | Val loss -0.9770
03-04 10:15:42 -----Epoch 91/99-----
03-04 10:15:42 current lr: 0.00100246
03-04 10:15:42 No improvement in val_loss for 2/5 epochs.
03-04 10:15:42 Epoch 091 Train loss -0.9918 | Val loss -0.9770
03-04 10:15:42 -----Epoch 92/99-----
03-04 10:15:43 current lr: 0.000795264
03-04 10:15:43 Saved best checkpoint to ./checkpoint\SSF_CWRU_0304-101431\best_pt (val_loss=-0.9770)
03-04 10:15:43 Epoch 092 Train loss -0.9919 | Val loss -0.9770
03-04 10:15:43 -----Epoch 93/99-----
03-04 10:15:43 current lr: 0.000611961
03-04 10:15:43 No improvement in val_loss for 1/5 epochs.
03-04 10:15:43 Epoch 093 Train loss -0.9918 | Val loss -0.9770
03-04 10:15:43 -----Epoch 94/99-----
03-04 10:15:43 current lr: 0.00045273
03-04 10:15:43 Saved best checkpoint to ./checkpoint\SSF_CWRU_0304-101431\best_pt (val_loss=-0.9770)
03-04 10:15:43 Epoch 094 Train loss -0.9919 | Val loss -0.9770
03-04 10:15:43 -----Epoch 95/99-----
03-04 10:15:44 current lr: 0.00031773
03-04 10:15:44 No improvement in val_loss for 1/5 epochs.
03-04 10:15:44 Epoch 095 Train loss -0.9920 | Val loss -0.9770
03-04 10:15:44 -----Epoch 96/99-----
03-04 10:15:44 current lr: 0.000207093
03-04 10:15:44 No improvement in val_loss for 2/5 epochs.
03-04 10:15:44 Epoch 096 Train loss -0.9918 | Val loss -0.9770
03-04 10:15:44 -----Epoch 97/99-----
03-04 10:15:44 current lr: 0.000120929
03-04 10:15:44 No improvement in val_loss for 3/5 epochs.
03-04 10:15:44 Epoch 097 Train loss -0.9918 | Val loss -0.9770
03-04 10:15:44 -----Epoch 98/99-----
03-04 10:15:45 current lr: 5.93219e-05
03-04 10:15:45 No improvement in val_loss for 4/5 epochs.
03-04 10:15:45 Epoch 098 Train loss -0.9919 | Val loss -0.9770
03-04 10:15:45 -----Epoch 99/99-----
03-04 10:15:45 current lr: 2.23335e-05
03-04 10:15:45 No improvement in val_loss for 5/5 epochs.
03-04 10:15:45 Early stopping at epoch 99 (best val_loss=-0.9770).
03-04 10:15:45 Epoch 099 Train loss -0.9919 | Val loss -0.9770
03-04 10:15:45 TEST (last): loss -0.9781
03-04 10:15:45 [LP epoch 00] train_loss=1.6138 train_acc=0.0750 | val_loss=1.3342 val_acc=0.5468 | 
03-04 10:15:45 [LP epoch 01] train_loss=1.4025 train_acc=0.3750 | val_loss=1.2828 val_acc=0.6906 | 
03-04 10:15:45 [LP epoch 02] train_loss=1.2114 train_acc=0.5500 | val_loss=1.2321 val_acc=0.7158 | 
03-04 10:15:45 [LP epoch 03] train_loss=1.0517 train_acc=0.7250 | val_loss=1.1823 val_acc=0.7338 | 
03-04 10:15:45 [LP epoch 04] train_loss=0.9241 train_acc=0.8750 | val_loss=1.1331 val_acc=0.7446 | 
03-04 10:15:45 [LP epoch 05] train_loss=0.8250 train_acc=0.8750 | val_loss=1.0838 val_acc=0.7626 | 
03-04 10:15:46 [LP epoch 06] train_loss=0.7489 train_acc=0.9000 | val_loss=1.0359 val_acc=0.8058 | 
03-04 10:15:46 [LP epoch 07] train_loss=0.6885 train_acc=0.9000 | val_loss=0.9905 val_acc=0.8094 | 
03-04 10:15:46 [LP epoch 08] train_loss=0.6410 train_acc=0.8750 | val_loss=0.9473 val_acc=0.8237 | 
03-04 10:15:46 [LP epoch 09] train_loss=0.6025 train_acc=0.8750 | val_loss=0.9056 val_acc=0.8237 | 
03-04 10:15:46 [LP epoch 10] train_loss=0.5708 train_acc=0.8750 | val_loss=0.8654 val_acc=0.8237 | 
03-04 10:15:46 [LP epoch 11] train_loss=0.5426 train_acc=0.8750 | val_loss=0.8267 val_acc=0.8381 | 
03-04 10:15:46 [LP epoch 12] train_loss=0.5172 train_acc=0.8750 | val_loss=0.7894 val_acc=0.8525 | 
03-04 10:15:46 [LP epoch 13] train_loss=0.4943 train_acc=0.8750 | val_loss=0.7535 val_acc=0.8561 | 
03-04 10:15:46 [LP epoch 14] train_loss=0.4733 train_acc=0.8750 | val_loss=0.7191 val_acc=0.8633 | 
03-04 10:15:46 [LP epoch 15] train_loss=0.4539 train_acc=0.9000 | val_loss=0.6863 val_acc=0.8669 | 
03-04 10:15:46 [LP epoch 16] train_loss=0.4359 train_acc=0.9000 | val_loss=0.6549 val_acc=0.8705 | 
03-04 10:15:46 [LP epoch 17] train_loss=0.4191 train_acc=0.9000 | val_loss=0.6249 val_acc=0.8705 | 
03-04 10:15:47 [LP epoch 18] train_loss=0.4034 train_acc=0.9000 | val_loss=0.5962 val_acc=0.8777 | 
03-04 10:15:47 [LP epoch 19] train_loss=0.3888 train_acc=0.9250 | val_loss=0.5689 val_acc=0.8813 | 
03-04 10:15:47 [LP epoch 20] train_loss=0.3755 train_acc=0.9250 | val_loss=0.5429 val_acc=0.8885 | 
03-04 10:15:47 [LP epoch 21] train_loss=0.3628 train_acc=0.9250 | val_loss=0.5182 val_acc=0.8921 | 
03-04 10:15:47 [LP epoch 22] train_loss=0.3503 train_acc=0.9500 | val_loss=0.4949 val_acc=0.8993 | 
03-04 10:15:47 [LP epoch 23] train_loss=0.3379 train_acc=0.9500 | val_loss=0.4730 val_acc=0.8993 | 
03-04 10:15:47 [LP epoch 24] train_loss=0.3259 train_acc=0.9750 | val_loss=0.4526 val_acc=0.8957 | 
03-04 10:15:47 [LP epoch 25] train_loss=0.3141 train_acc=0.9750 | val_loss=0.4338 val_acc=0.8957 | 
03-04 10:15:47 [LP epoch 26] train_loss=0.3025 train_acc=0.9750 | val_loss=0.4164 val_acc=0.8993 | 
03-04 10:15:47 [LP epoch 27] train_loss=0.2911 train_acc=0.9750 | val_loss=0.4004 val_acc=0.8993 | 
03-04 10:15:47 [LP epoch 28] train_loss=0.2800 train_acc=0.9750 | val_loss=0.3855 val_acc=0.9029 | 
03-04 10:15:48 [LP epoch 29] train_loss=0.2692 train_acc=0.9750 | val_loss=0.3718 val_acc=0.9029 | 
03-04 10:15:48 [LP epoch 30] train_loss=0.2594 train_acc=1.0000 | val_loss=0.3589 val_acc=0.9029 | 
03-04 10:15:48 [LP epoch 31] train_loss=0.2503 train_acc=1.0000 | val_loss=0.3468 val_acc=0.8993 | 
03-04 10:15:48 [LP epoch 32] train_loss=0.2418 train_acc=1.0000 | val_loss=0.3355 val_acc=0.9029 | 
03-04 10:15:48 [LP epoch 33] train_loss=0.2334 train_acc=1.0000 | val_loss=0.3248 val_acc=0.9101 | 
03-04 10:15:48 [LP epoch 34] train_loss=0.2253 train_acc=1.0000 | val_loss=0.3147 val_acc=0.9137 | 
03-04 10:15:48 [LP epoch 35] train_loss=0.2175 train_acc=1.0000 | val_loss=0.3052 val_acc=0.9137 | 
03-04 10:15:48 [LP epoch 36] train_loss=0.2100 train_acc=1.0000 | val_loss=0.2962 val_acc=0.9137 | 
03-04 10:15:48 [LP epoch 37] train_loss=0.2026 train_acc=1.0000 | val_loss=0.2877 val_acc=0.9137 | 
03-04 10:15:48 [LP epoch 38] train_loss=0.1953 train_acc=1.0000 | val_loss=0.2797 val_acc=0.9209 | 
03-04 10:15:48 [LP epoch 39] train_loss=0.1882 train_acc=1.0000 | val_loss=0.2721 val_acc=0.9209 | 
03-04 10:15:48 [LP epoch 40] train_loss=0.1815 train_acc=1.0000 | val_loss=0.2651 val_acc=0.9245 | 
03-04 10:15:49 [LP epoch 41] train_loss=0.1752 train_acc=1.0000 | val_loss=0.2585 val_acc=0.9245 | 
03-04 10:15:49 [LP epoch 42] train_loss=0.1692 train_acc=1.0000 | val_loss=0.2524 val_acc=0.9245 | 
03-04 10:15:49 [LP epoch 43] train_loss=0.1633 train_acc=1.0000 | val_loss=0.2466 val_acc=0.9281 | 
03-04 10:15:49 [LP epoch 44] train_loss=0.1575 train_acc=1.0000 | val_loss=0.2410 val_acc=0.9281 | 
03-04 10:15:49 [LP epoch 45] train_loss=0.1518 train_acc=1.0000 | val_loss=0.2355 val_acc=0.9388 | 
03-04 10:15:49 [LP epoch 46] train_loss=0.1462 train_acc=1.0000 | val_loss=0.2302 val_acc=0.9388 | 
03-04 10:15:49 [LP epoch 47] train_loss=0.1409 train_acc=1.0000 | val_loss=0.2248 val_acc=0.9388 | 
03-04 10:15:49 [LP epoch 48] train_loss=0.1357 train_acc=1.0000 | val_loss=0.2193 val_acc=0.9460 | 
03-04 10:15:49 [LP epoch 49] train_loss=0.1308 train_acc=1.0000 | val_loss=0.2137 val_acc=0.9496 | 
03-04 10:15:49 Saved linear-probe checkpoint: ./checkpoint\SSF_CWRU_0304-101431\linear_probe_best.pt (best_val_acc=0.9496)
03-04 10:15:49 TEST linear-probe: loss=0.2198 acc=0.9625
03-04 10:15:49 model_name: SSF
03-04 10:15:49 data_name: CWRU
03-04 10:15:49 aug_1: normal
03-04 10:15:49 aug_2: randomcrop
03-04 10:15:49 max_epoch: 100
03-04 10:15:49 classifier_epoch: 50
03-04 10:15:49 data_view: TwoViewDataset
03-04 10:15:49 cuda_device: 0
03-04 10:15:49 checkpoint_dir: ./checkpoint
03-04 10:15:49 batch_size: 64
03-04 10:15:49 data_dir: raw_data/CWRU
03-04 10:15:49 out_channel: 4
03-04 10:15:49 normlizetype: minus_one_one
03-04 10:15:49 processing_type: RA
03-04 10:15:49 opt: sgd
03-04 10:15:49 lr: 0.05
03-04 10:15:49 momentum: 0.9
03-04 10:15:49 weight_decay: 1e-05
03-04 10:15:49 lr_scheduler: cos
03-04 10:15:49 gamma: 0.95
03-04 10:15:49 eta_min: 1e-05
03-04 10:15:49 latent_space: 128
03-04 10:15:49 num_blocks_ssf: 5
03-04 10:15:49 hidden_channel: 256
03-04 10:15:49 task: self_supervised
03-04 10:15:49 critetion: <class 'utils.loss_SSL.SimSiamLoss'>
03-04 10:15:49 using 1 gpus
03-04 10:15:49 Dataset class: <class 'data_utils.datasets.CWRU.CWRU'>
03-04 10:15:49 Split sizes: train=400 val=278 test=400, classier=40
03-04 10:15:49 Label counts train: Counter({2: 100, 0: 100, 1: 100, 3: 100})
03-04 10:15:49 Label counts val:   Counter({0: 100, 3: 60, 1: 59, 2: 59})
03-04 10:15:49 Label counts test:  Counter({0: 100, 3: 100, 1: 100, 2: 100})
03-04 10:15:49 Label counts classifier:  Counter({0: 10, 1: 10, 2: 10, 3: 10})
03-04 10:15:49 -----Epoch 0/99-----
03-04 10:15:50 current lr: 0.05
03-04 10:15:50 Saved best checkpoint to ./checkpoint\SSF_CWRU_0304-101431\best_pt (val_loss=-0.6828)
03-04 10:15:50 Epoch 000 Train loss -0.4066 | Val loss -0.6828
03-04 10:15:50 -----Epoch 1/99-----
03-04 10:15:50 current lr: 0.0499877
03-04 10:15:50 Saved best checkpoint to ./checkpoint\SSF_CWRU_0304-101431\best_pt (val_loss=-0.7634)
03-04 10:15:50 Epoch 001 Train loss -0.8802 | Val loss -0.7634
03-04 10:15:50 -----Epoch 2/99-----
03-04 10:15:50 current lr: 0.0499507
03-04 10:15:50 Saved best checkpoint to ./checkpoint\SSF_CWRU_0304-101431\best_pt (val_loss=-0.8344)
03-04 10:15:50 Epoch 002 Train loss -0.9095 | Val loss -0.8344
03-04 10:15:50 -----Epoch 3/99-----
03-04 10:15:51 current lr: 0.0498891
03-04 10:15:51 Saved best checkpoint to ./checkpoint\SSF_CWRU_0304-101431\best_pt (val_loss=-0.8680)
03-04 10:15:51 Epoch 003 Train loss -0.9258 | Val loss -0.8680
03-04 10:15:51 -----Epoch 4/99-----
03-04 10:15:51 current lr: 0.0498029
03-04 10:15:51 Saved best checkpoint to ./checkpoint\SSF_CWRU_0304-101431\best_pt (val_loss=-0.8879)
03-04 10:15:51 Epoch 004 Train loss -0.9418 | Val loss -0.8879
03-04 10:15:51 -----Epoch 5/99-----
03-04 10:15:51 current lr: 0.0496923
03-04 10:15:51 Saved best checkpoint to ./checkpoint\SSF_CWRU_0304-101431\best_pt (val_loss=-0.9032)
03-04 10:15:51 Epoch 005 Train loss -0.9537 | Val loss -0.9032
03-04 10:15:51 -----Epoch 6/99-----
03-04 10:15:52 current lr: 0.0495573
03-04 10:15:52 Saved best checkpoint to ./checkpoint\SSF_CWRU_0304-101431\best_pt (val_loss=-0.9147)
03-04 10:15:52 Epoch 006 Train loss -0.9614 | Val loss -0.9147
03-04 10:15:52 -----Epoch 7/99-----
03-04 10:15:52 current lr: 0.049398
03-04 10:15:52 Saved best checkpoint to ./checkpoint\SSF_CWRU_0304-101431\best_pt (val_loss=-0.9231)
03-04 10:15:52 Epoch 007 Train loss -0.9664 | Val loss -0.9231
03-04 10:15:52 -----Epoch 8/99-----
