03-04 08:43:31 model_name: SimSiam
03-04 08:43:31 data_name: PU
03-04 08:43:31 aug_1: randomcrop
03-04 08:43:31 aug_2: scale
03-04 08:43:31 max_epoch: 20
03-04 08:43:31 classifier_epoch: 50
03-04 08:43:31 data_view: TwoViewDataset
03-04 08:43:31 cuda_device: 0
03-04 08:43:31 checkpoint_dir: ./checkpoint
03-04 08:43:31 batch_size: 32
03-04 08:43:31 data_dir: raw_data/PU
03-04 08:43:31 out_channel: 4
03-04 08:43:31 normlizetype: minus_one_one
03-04 08:43:31 processing_type: RA
03-04 08:43:31 opt: sgd
03-04 08:43:31 lr: 0.01
03-04 08:43:31 momentum: 0.9
03-04 08:43:31 weight_decay: 1e-05
03-04 08:43:31 lr_scheduler: cos
03-04 08:43:31 gamma: 0.1
03-04 08:43:31 eta_min: 1e-05
03-04 08:43:31 latent_space: 96
03-04 08:43:31 num_blocks_ssf: None
03-04 08:43:31 task: self_supervised
03-04 08:43:31 critetion: <class 'utils.loss_SSL.SimSiamLoss'>
03-04 08:43:31 using 1 gpus
03-04 08:43:31 Dataset class: <class 'data_utils.datasets.PU.PU'>
03-04 08:43:32 Split sizes: train=12607 val=2430 test=2702, classier=271
03-04 08:43:33 Label counts train: Counter({3: 3498, 1: 3493, 0: 3490, 2: 2095})
03-04 08:43:33 Label counts val:   Counter({3: 667, 0: 667, 1: 666, 2: 400})
03-04 08:43:33 Label counts test:  Counter({3: 751, 1: 750, 0: 750, 2: 451})
03-04 08:43:33 Label counts classifier:  Counter({1: 72, 0: 72, 3: 70, 2: 42})
03-04 08:43:35 -----Epoch 0/19-----
03-04 08:43:47 current lr: 0.01
03-04 08:43:47 Saved best checkpoint to ./checkpoint\SimSiam_PU_0304-084331\best_pt (val_loss=-0.9794)
03-04 08:43:47 Epoch 000 Train loss -0.9087 | Val loss -0.9794
03-04 08:43:47 -----Epoch 1/19-----
03-04 08:43:58 current lr: 0.0099385
03-04 08:43:58 Saved best checkpoint to ./checkpoint\SimSiam_PU_0304-084331\best_pt (val_loss=-0.9796)
03-04 08:43:58 Epoch 001 Train loss -0.9763 | Val loss -0.9796
03-04 08:43:58 -----Epoch 2/19-----
03-04 08:44:09 current lr: 0.00975553
03-04 08:44:09 No improvement in val_loss for 1/5 epochs.
03-04 08:44:09 Epoch 002 Train loss -0.9747 | Val loss -0.9788
03-04 08:44:09 -----Epoch 3/19-----
03-04 08:44:21 current lr: 0.00945558
03-04 08:44:21 Saved best checkpoint to ./checkpoint\SimSiam_PU_0304-084331\best_pt (val_loss=-0.9797)
03-04 08:44:21 Epoch 003 Train loss -0.9748 | Val loss -0.9797
03-04 08:44:21 -----Epoch 4/19-----
03-04 08:44:32 current lr: 0.00904604
03-04 08:44:32 Saved best checkpoint to ./checkpoint\SimSiam_PU_0304-084331\best_pt (val_loss=-0.9838)
03-04 08:44:32 Epoch 004 Train loss -0.9790 | Val loss -0.9838
03-04 08:44:32 -----Epoch 5/19-----
03-04 08:44:43 current lr: 0.008537
03-04 08:44:43 Saved best checkpoint to ./checkpoint\SimSiam_PU_0304-084331\best_pt (val_loss=-0.9872)
03-04 08:44:43 Epoch 005 Train loss -0.9823 | Val loss -0.9872
03-04 08:44:43 -----Epoch 6/19-----
03-04 08:44:56 current lr: 0.00794099
03-04 08:44:56 Saved best checkpoint to ./checkpoint\SimSiam_PU_0304-084331\best_pt (val_loss=-0.9888)
03-04 08:44:56 Epoch 006 Train loss -0.9841 | Val loss -0.9888
03-04 08:44:56 -----Epoch 7/19-----
03-04 08:45:06 current lr: 0.00727268
03-04 08:45:07 Saved best checkpoint to ./checkpoint\SimSiam_PU_0304-084331\best_pt (val_loss=-0.9888)
03-04 08:45:07 Epoch 007 Train loss -0.9858 | Val loss -0.9888
03-04 08:45:07 -----Epoch 8/19-----
03-04 08:45:18 current lr: 0.00654854
03-04 08:45:18 Saved best checkpoint to ./checkpoint\SimSiam_PU_0304-084331\best_pt (val_loss=-0.9896)
03-04 08:45:18 Epoch 008 Train loss -0.9856 | Val loss -0.9896
03-04 08:45:18 -----Epoch 9/19-----
03-04 08:45:30 current lr: 0.00578639
03-04 08:45:30 Saved best checkpoint to ./checkpoint\SimSiam_PU_0304-084331\best_pt (val_loss=-0.9910)
03-04 08:45:30 Epoch 009 Train loss -0.9866 | Val loss -0.9910
03-04 08:45:30 -----Epoch 10/19-----
03-04 08:45:41 current lr: 0.005005
03-04 08:45:41 Saved best checkpoint to ./checkpoint\SimSiam_PU_0304-084331\best_pt (val_loss=-0.9923)
03-04 08:45:41 Epoch 010 Train loss -0.9879 | Val loss -0.9923
03-04 08:45:41 -----Epoch 11/19-----
03-04 08:45:53 current lr: 0.00422361
03-04 08:45:53 Saved best checkpoint to ./checkpoint\SimSiam_PU_0304-084331\best_pt (val_loss=-0.9926)
03-04 08:45:53 Epoch 011 Train loss -0.9887 | Val loss -0.9926
03-04 08:45:53 -----Epoch 12/19-----
03-04 08:46:05 current lr: 0.00346146
03-04 08:46:05 No improvement in val_loss for 1/5 epochs.
03-04 08:46:05 Epoch 012 Train loss -0.9895 | Val loss -0.9924
03-04 08:46:05 -----Epoch 13/19-----
03-04 08:46:16 current lr: 0.00273732
03-04 08:46:16 Saved best checkpoint to ./checkpoint\SimSiam_PU_0304-084331\best_pt (val_loss=-0.9931)
03-04 08:46:16 Epoch 013 Train loss -0.9887 | Val loss -0.9931
03-04 08:46:16 -----Epoch 14/19-----
03-04 08:46:28 current lr: 0.00206901
03-04 08:46:28 No improvement in val_loss for 1/5 epochs.
03-04 08:46:28 Epoch 014 Train loss -0.9895 | Val loss -0.9924
03-04 08:46:28 -----Epoch 15/19-----
03-04 08:46:40 current lr: 0.001473
03-04 08:46:40 No improvement in val_loss for 2/5 epochs.
03-04 08:46:40 Epoch 015 Train loss -0.9887 | Val loss -0.9916
03-04 08:46:40 -----Epoch 16/19-----
03-04 08:46:52 current lr: 0.00096396
03-04 08:46:52 No improvement in val_loss for 3/5 epochs.
03-04 08:46:52 Epoch 016 Train loss -0.9887 | Val loss -0.9926
03-04 08:46:52 -----Epoch 17/19-----
03-04 08:47:03 current lr: 0.000554422
03-04 08:47:03 No improvement in val_loss for 4/5 epochs.
03-04 08:47:03 Epoch 017 Train loss -0.9900 | Val loss -0.9926
03-04 08:47:03 -----Epoch 18/19-----
03-04 08:47:14 current lr: 0.000254473
03-04 08:47:14 No improvement in val_loss for 5/5 epochs.
03-04 08:47:14 Early stopping at epoch 18 (best val_loss=-0.9931).
03-04 08:47:14 Epoch 018 Train loss -0.9895 | Val loss -0.9921
03-04 08:47:14 -----Epoch 19/19-----
03-04 08:47:26 current lr: 7.14967e-05
03-04 08:47:26 No improvement in val_loss for 6/5 epochs.
03-04 08:47:26 Early stopping at epoch 19 (best val_loss=-0.9931).
03-04 08:47:26 Epoch 019 Train loss -0.9893 | Val loss -0.9921
03-04 08:47:27 TEST (last): loss -0.9919
03-04 08:47:28 [LP epoch 00] train_loss=1.3988 train_acc=0.3008 | val_loss=1.3548 val_acc=0.3079 | 
03-04 08:47:28 [LP epoch 01] train_loss=1.3073 train_acc=0.3281 | val_loss=1.3277 val_acc=0.3125 | 
03-04 08:47:29 [LP epoch 02] train_loss=1.2765 train_acc=0.3789 | val_loss=1.3123 val_acc=0.3196 | 
03-04 08:47:29 [LP epoch 03] train_loss=1.2536 train_acc=0.3906 | val_loss=1.3013 val_acc=0.3367 | 
03-04 08:47:30 [LP epoch 04] train_loss=1.2366 train_acc=0.4023 | val_loss=1.2962 val_acc=0.3504 | 
03-04 08:47:31 [LP epoch 05] train_loss=1.2206 train_acc=0.4219 | val_loss=1.2873 val_acc=0.3800 | 
03-04 08:47:31 [LP epoch 06] train_loss=1.2064 train_acc=0.4297 | val_loss=1.2781 val_acc=0.4054 | 
03-04 08:47:32 [LP epoch 07] train_loss=1.1926 train_acc=0.4648 | val_loss=1.2694 val_acc=0.4283 | 
03-04 08:47:33 [LP epoch 08] train_loss=1.1808 train_acc=0.4609 | val_loss=1.2632 val_acc=0.4346 | 
03-04 08:47:33 [LP epoch 09] train_loss=1.1702 train_acc=0.4727 | val_loss=1.2609 val_acc=0.4412 | 
03-04 08:47:34 [LP epoch 10] train_loss=1.1563 train_acc=0.4766 | val_loss=1.2533 val_acc=0.4500 | 
03-04 08:47:34 [LP epoch 11] train_loss=1.1463 train_acc=0.4883 | val_loss=1.2514 val_acc=0.4487 | 
03-04 08:47:35 [LP epoch 12] train_loss=1.1320 train_acc=0.4961 | val_loss=1.2398 val_acc=0.4567 | 
03-04 08:47:36 [LP epoch 13] train_loss=1.1219 train_acc=0.5391 | val_loss=1.2435 val_acc=0.4575 | 
03-04 08:47:36 [LP epoch 14] train_loss=1.1060 train_acc=0.5469 | val_loss=1.2299 val_acc=0.4612 | 
03-04 08:47:37 [LP epoch 15] train_loss=1.1024 train_acc=0.5625 | val_loss=1.2263 val_acc=0.4633 | 
03-04 08:47:38 [LP epoch 16] train_loss=1.0860 train_acc=0.5703 | val_loss=1.2237 val_acc=0.4642 | 
03-04 08:47:38 [LP epoch 17] train_loss=1.0757 train_acc=0.5703 | val_loss=1.2198 val_acc=0.4617 | 
03-04 08:47:39 [LP epoch 18] train_loss=1.0570 train_acc=0.5781 | val_loss=1.2131 val_acc=0.4688 | 
03-04 08:47:40 [LP epoch 19] train_loss=1.0410 train_acc=0.5820 | val_loss=1.2064 val_acc=0.4729 | 
03-04 08:47:40 [LP epoch 20] train_loss=1.0292 train_acc=0.6016 | val_loss=1.1996 val_acc=0.4754 | 
03-04 08:47:41 [LP epoch 21] train_loss=1.0180 train_acc=0.5898 | val_loss=1.1929 val_acc=0.4767 | 
03-04 08:47:41 [LP epoch 22] train_loss=1.0079 train_acc=0.5938 | val_loss=1.1865 val_acc=0.4892 | 
03-04 08:47:42 [LP epoch 23] train_loss=1.0027 train_acc=0.5977 | val_loss=1.1876 val_acc=0.4888 | 
03-04 08:47:43 [LP epoch 24] train_loss=0.9910 train_acc=0.6133 | val_loss=1.1819 val_acc=0.4850 | 
03-04 08:47:43 [LP epoch 25] train_loss=0.9750 train_acc=0.6172 | val_loss=1.1893 val_acc=0.4738 | 
03-04 08:47:44 [LP epoch 26] train_loss=0.9643 train_acc=0.6133 | val_loss=1.1824 val_acc=0.4817 | 
03-04 08:47:44 [LP epoch 27] train_loss=0.9530 train_acc=0.6289 | val_loss=1.1892 val_acc=0.4754 | 
03-04 08:47:45 [LP epoch 28] train_loss=0.9546 train_acc=0.6250 | val_loss=1.1816 val_acc=0.4850 | 
03-04 08:47:46 [LP epoch 29] train_loss=0.9310 train_acc=0.6367 | val_loss=1.1869 val_acc=0.4742 | 
03-04 08:47:46 [LP epoch 30] train_loss=0.9392 train_acc=0.6289 | val_loss=1.1929 val_acc=0.4800 | 
03-04 08:47:47 [LP epoch 31] train_loss=0.9308 train_acc=0.6445 | val_loss=1.1916 val_acc=0.4683 | 
03-04 08:47:47 [LP epoch 32] train_loss=0.9091 train_acc=0.6484 | val_loss=1.1774 val_acc=0.4846 | 
03-04 08:47:48 [LP epoch 33] train_loss=0.9073 train_acc=0.6445 | val_loss=1.1842 val_acc=0.4833 | 
03-04 08:47:49 [LP epoch 34] train_loss=0.8940 train_acc=0.6797 | val_loss=1.1855 val_acc=0.4754 | 
03-04 08:47:49 [LP epoch 35] train_loss=0.9021 train_acc=0.6602 | val_loss=1.1908 val_acc=0.4688 | 
03-04 08:47:50 [LP epoch 36] train_loss=0.8701 train_acc=0.6680 | val_loss=1.1917 val_acc=0.4733 | 
03-04 08:47:51 [LP epoch 37] train_loss=0.8724 train_acc=0.6719 | val_loss=1.1950 val_acc=0.4733 | 
03-04 08:47:51 [LP epoch 38] train_loss=0.8615 train_acc=0.6875 | val_loss=1.1923 val_acc=0.4833 | 
03-04 08:47:52 [LP epoch 39] train_loss=0.8642 train_acc=0.6641 | val_loss=1.2007 val_acc=0.4767 | 
03-04 08:47:52 [LP epoch 40] train_loss=0.8471 train_acc=0.6992 | val_loss=1.2116 val_acc=0.4650 | 
03-04 08:47:53 [LP epoch 41] train_loss=0.8568 train_acc=0.6992 | val_loss=1.1911 val_acc=0.4738 | 
03-04 08:47:54 [LP epoch 42] train_loss=0.8399 train_acc=0.6836 | val_loss=1.1974 val_acc=0.4813 | 
03-04 08:47:54 [LP epoch 43] train_loss=0.8303 train_acc=0.7070 | val_loss=1.2108 val_acc=0.4733 | 
03-04 08:47:55 [LP epoch 44] train_loss=0.8444 train_acc=0.6758 | val_loss=1.2068 val_acc=0.4829 | 
03-04 08:47:55 [LP epoch 45] train_loss=0.8268 train_acc=0.6797 | val_loss=1.2082 val_acc=0.4675 | 
03-04 08:47:56 [LP epoch 46] train_loss=0.8340 train_acc=0.6914 | val_loss=1.2145 val_acc=0.4717 | 
03-04 08:47:57 [LP epoch 47] train_loss=0.8157 train_acc=0.7070 | val_loss=1.1978 val_acc=0.4825 | 
03-04 08:47:57 [LP epoch 48] train_loss=0.8060 train_acc=0.7031 | val_loss=1.2075 val_acc=0.4783 | 
03-04 08:47:58 [LP epoch 49] train_loss=0.8093 train_acc=0.7148 | val_loss=1.2224 val_acc=0.4800 | 
03-04 08:47:58 Saved linear-probe checkpoint: ./checkpoint\SimSiam_PU_0304-084331\linear_probe_best.pt (best_val_acc=0.4892)
03-04 08:47:58 TEST linear-probe: loss=1.1899 acc=0.5141
03-04 08:47:58 model_name: SimSiam
03-04 08:47:58 data_name: PU
03-04 08:47:58 aug_1: randomcrop
03-04 08:47:58 aug_2: scale
03-04 08:47:58 max_epoch: 20
03-04 08:47:58 classifier_epoch: 50
03-04 08:47:58 data_view: TwoViewDataset
03-04 08:47:58 cuda_device: 0
03-04 08:47:58 checkpoint_dir: ./checkpoint
03-04 08:47:58 batch_size: 32
03-04 08:47:58 data_dir: raw_data/PU
03-04 08:47:58 out_channel: 4
03-04 08:47:58 normlizetype: minus_one_one
03-04 08:47:58 processing_type: RA
03-04 08:47:58 opt: sgd
03-04 08:47:58 lr: 0.01
03-04 08:47:58 momentum: 0.9
03-04 08:47:58 weight_decay: 1e-05
03-04 08:47:58 lr_scheduler: cos
03-04 08:47:58 gamma: 0.1
03-04 08:47:58 eta_min: 1e-05
03-04 08:47:58 latent_space: 96
03-04 08:47:58 num_blocks_ssf: None
03-04 08:47:58 task: self_supervised
03-04 08:47:58 critetion: <class 'utils.loss_SSL.SimSiamLoss'>
03-04 08:47:58 using 1 gpus
03-04 08:47:58 Dataset class: <class 'data_utils.datasets.PU.PU'>
03-04 08:47:59 Split sizes: train=12607 val=2430 test=2702, classier=271
03-04 08:48:00 Label counts train: Counter({3: 3498, 1: 3493, 0: 3490, 2: 2095})
03-04 08:48:00 Label counts val:   Counter({3: 667, 0: 667, 1: 666, 2: 400})
03-04 08:48:00 Label counts test:  Counter({3: 751, 1: 750, 0: 750, 2: 451})
03-04 08:48:00 Label counts classifier:  Counter({1: 72, 0: 72, 3: 70, 2: 42})
03-04 08:48:00 -----Epoch 0/19-----
03-04 08:48:13 current lr: 0.01
03-04 08:48:13 Saved best checkpoint to ./checkpoint\SimSiam_PU_0304-084331\best_pt (val_loss=-0.9774)
03-04 08:48:13 Epoch 000 Train loss -0.9084 | Val loss -0.9774
03-04 08:48:13 -----Epoch 1/19-----
03-04 08:48:24 current lr: 0.0099385
03-04 08:48:24 Saved best checkpoint to ./checkpoint\SimSiam_PU_0304-084331\best_pt (val_loss=-0.9814)
03-04 08:48:24 Epoch 001 Train loss -0.9742 | Val loss -0.9814
03-04 08:48:24 -----Epoch 2/19-----
03-04 08:48:36 current lr: 0.00975553
03-04 08:48:36 No improvement in val_loss for 1/5 epochs.
03-04 08:48:36 Epoch 002 Train loss -0.9769 | Val loss -0.9787
03-04 08:48:36 -----Epoch 3/19-----
03-04 08:48:48 current lr: 0.00945558
03-04 08:48:48 Saved best checkpoint to ./checkpoint\SimSiam_PU_0304-084331\best_pt (val_loss=-0.9838)
03-04 08:48:48 Epoch 003 Train loss -0.9766 | Val loss -0.9838
03-04 08:48:48 -----Epoch 4/19-----
03-04 08:49:00 current lr: 0.00904604
03-04 08:49:00 Saved best checkpoint to ./checkpoint\SimSiam_PU_0304-084331\best_pt (val_loss=-0.9839)
03-04 08:49:00 Epoch 004 Train loss -0.9806 | Val loss -0.9839
03-04 08:49:00 -----Epoch 5/19-----
03-04 08:49:10 current lr: 0.008537
03-04 08:49:10 Saved best checkpoint to ./checkpoint\SimSiam_PU_0304-084331\best_pt (val_loss=-0.9871)
03-04 08:49:10 Epoch 005 Train loss -0.9834 | Val loss -0.9871
03-04 08:49:10 -----Epoch 6/19-----
03-04 08:49:21 current lr: 0.00794099
03-04 08:49:21 Saved best checkpoint to ./checkpoint\SimSiam_PU_0304-084331\best_pt (val_loss=-0.9904)
03-04 08:49:21 Epoch 006 Train loss -0.9851 | Val loss -0.9904
03-04 08:49:21 -----Epoch 7/19-----
03-04 08:49:33 current lr: 0.00727268
03-04 08:49:33 Saved best checkpoint to ./checkpoint\SimSiam_PU_0304-084331\best_pt (val_loss=-0.9906)
03-04 08:49:33 Epoch 007 Train loss -0.9871 | Val loss -0.9906
03-04 08:49:33 -----Epoch 8/19-----
03-04 08:49:44 current lr: 0.00654854
03-04 08:49:44 Saved best checkpoint to ./checkpoint\SimSiam_PU_0304-084331\best_pt (val_loss=-0.9912)
03-04 08:49:44 Epoch 008 Train loss -0.9878 | Val loss -0.9912
03-04 08:49:44 -----Epoch 9/19-----
03-04 08:49:56 current lr: 0.00578639
03-04 08:49:56 Saved best checkpoint to ./checkpoint\SimSiam_PU_0304-084331\best_pt (val_loss=-0.9923)
03-04 08:49:56 Epoch 009 Train loss -0.9886 | Val loss -0.9923
03-04 08:49:56 -----Epoch 10/19-----
03-04 08:50:08 current lr: 0.005005
03-04 08:50:08 Saved best checkpoint to ./checkpoint\SimSiam_PU_0304-084331\best_pt (val_loss=-0.9932)
03-04 08:50:08 Epoch 010 Train loss -0.9903 | Val loss -0.9932
03-04 08:50:08 -----Epoch 11/19-----
03-04 08:50:19 current lr: 0.00422361
03-04 08:50:19 No improvement in val_loss for 1/5 epochs.
03-04 08:50:19 Epoch 011 Train loss -0.9890 | Val loss -0.9911
03-04 08:50:19 -----Epoch 12/19-----
03-04 08:50:30 current lr: 0.00346146
03-04 08:50:30 No improvement in val_loss for 2/5 epochs.
03-04 08:50:30 Epoch 012 Train loss -0.9889 | Val loss -0.9924
03-04 08:50:30 -----Epoch 13/19-----
03-04 08:50:41 current lr: 0.00273732
03-04 08:50:41 Saved best checkpoint to ./checkpoint\SimSiam_PU_0304-084331\best_pt (val_loss=-0.9936)
03-04 08:50:41 Epoch 013 Train loss -0.9903 | Val loss -0.9936
03-04 08:50:41 -----Epoch 14/19-----
03-04 08:50:54 current lr: 0.00206901
03-04 08:50:54 Saved best checkpoint to ./checkpoint\SimSiam_PU_0304-084331\best_pt (val_loss=-0.9939)
03-04 08:50:54 Epoch 014 Train loss -0.9909 | Val loss -0.9939
03-04 08:50:54 -----Epoch 15/19-----
03-04 08:51:04 current lr: 0.001473
03-04 08:51:04 Saved best checkpoint to ./checkpoint\SimSiam_PU_0304-084331\best_pt (val_loss=-0.9942)
03-04 08:51:04 Epoch 015 Train loss -0.9913 | Val loss -0.9942
03-04 08:51:04 -----Epoch 16/19-----
03-04 08:51:16 current lr: 0.00096396
03-04 08:51:16 Saved best checkpoint to ./checkpoint\SimSiam_PU_0304-084331\best_pt (val_loss=-0.9944)
03-04 08:51:16 Epoch 016 Train loss -0.9917 | Val loss -0.9944
03-04 08:51:16 -----Epoch 17/19-----
03-04 08:51:28 current lr: 0.000554422
03-04 08:51:28 Saved best checkpoint to ./checkpoint\SimSiam_PU_0304-084331\best_pt (val_loss=-0.9945)
03-04 08:51:28 Epoch 017 Train loss -0.9919 | Val loss -0.9945
03-04 08:51:28 -----Epoch 18/19-----
03-04 08:51:40 current lr: 0.000254473
03-04 08:51:40 Saved best checkpoint to ./checkpoint\SimSiam_PU_0304-084331\best_pt (val_loss=-0.9945)
03-04 08:51:40 Epoch 018 Train loss -0.9920 | Val loss -0.9945
03-04 08:51:40 -----Epoch 19/19-----
03-04 08:51:51 current lr: 7.14967e-05
03-04 08:51:51 No improvement in val_loss for 1/5 epochs.
03-04 08:51:51 Epoch 019 Train loss -0.9920 | Val loss -0.9945
03-04 08:51:51 TEST (last): loss -0.9945
03-04 08:51:52 [LP epoch 00] train_loss=1.3474 train_acc=0.3398 | val_loss=1.3374 val_acc=0.3354 | 
03-04 08:51:53 [LP epoch 01] train_loss=1.2801 train_acc=0.3828 | val_loss=1.3178 val_acc=0.3792 | 
03-04 08:51:53 [LP epoch 02] train_loss=1.2480 train_acc=0.4375 | val_loss=1.2911 val_acc=0.4150 | 
03-04 08:51:54 [LP epoch 03] train_loss=1.2178 train_acc=0.4727 | val_loss=1.2600 val_acc=0.4250 | 
03-04 08:51:54 [LP epoch 04] train_loss=1.1993 train_acc=0.4531 | val_loss=1.2457 val_acc=0.4329 | 
03-04 08:51:55 [LP epoch 05] train_loss=1.1769 train_acc=0.4883 | val_loss=1.2282 val_acc=0.4475 | 
03-04 08:51:56 [LP epoch 06] train_loss=1.1607 train_acc=0.4922 | val_loss=1.2149 val_acc=0.4467 | 
03-04 08:51:56 [LP epoch 07] train_loss=1.1485 train_acc=0.5078 | val_loss=1.2030 val_acc=0.4637 | 
03-04 08:51:57 [LP epoch 08] train_loss=1.1366 train_acc=0.5117 | val_loss=1.2000 val_acc=0.4437 | 
03-04 08:51:58 [LP epoch 09] train_loss=1.1255 train_acc=0.5352 | val_loss=1.1927 val_acc=0.4533 | 
03-04 08:51:58 [LP epoch 10] train_loss=1.1144 train_acc=0.5312 | val_loss=1.1831 val_acc=0.4612 | 
03-04 08:51:59 [LP epoch 11] train_loss=1.1066 train_acc=0.5430 | val_loss=1.1828 val_acc=0.4608 | 
03-04 08:51:59 [LP epoch 12] train_loss=1.0975 train_acc=0.5391 | val_loss=1.1753 val_acc=0.4813 | 
03-04 08:52:00 [LP epoch 13] train_loss=1.0904 train_acc=0.5312 | val_loss=1.1787 val_acc=0.4729 | 
03-04 08:52:01 [LP epoch 14] train_loss=1.0811 train_acc=0.5391 | val_loss=1.1689 val_acc=0.4842 | 
03-04 08:52:01 [LP epoch 15] train_loss=1.0793 train_acc=0.5586 | val_loss=1.1641 val_acc=0.4921 | 
03-04 08:52:02 [LP epoch 16] train_loss=1.0726 train_acc=0.5781 | val_loss=1.1647 val_acc=0.4925 | 
03-04 08:52:03 [LP epoch 17] train_loss=1.0580 train_acc=0.5625 | val_loss=1.1623 val_acc=0.4958 | 
03-04 08:52:03 [LP epoch 18] train_loss=1.0547 train_acc=0.5586 | val_loss=1.1637 val_acc=0.4863 | 
03-04 08:52:04 [LP epoch 19] train_loss=1.0473 train_acc=0.5508 | val_loss=1.1627 val_acc=0.4858 | 
03-04 08:52:05 [LP epoch 20] train_loss=1.0382 train_acc=0.5820 | val_loss=1.1522 val_acc=0.4963 | 
03-04 08:52:05 [LP epoch 21] train_loss=1.0279 train_acc=0.5664 | val_loss=1.1393 val_acc=0.5112 | 
03-04 08:52:06 [LP epoch 22] train_loss=1.0227 train_acc=0.5586 | val_loss=1.1536 val_acc=0.4925 | 
03-04 08:52:07 [LP epoch 23] train_loss=1.0101 train_acc=0.5859 | val_loss=1.1413 val_acc=0.5054 | 
03-04 08:52:07 [LP epoch 24] train_loss=1.0141 train_acc=0.5781 | val_loss=1.1492 val_acc=0.4896 | 
03-04 08:52:08 [LP epoch 25] train_loss=1.0031 train_acc=0.5977 | val_loss=1.1370 val_acc=0.5050 | 
03-04 08:52:08 [LP epoch 26] train_loss=1.0020 train_acc=0.5820 | val_loss=1.1411 val_acc=0.4950 | 
03-04 08:52:09 [LP epoch 27] train_loss=0.9925 train_acc=0.5898 | val_loss=1.1261 val_acc=0.5138 | 
03-04 08:52:10 [LP epoch 28] train_loss=0.9960 train_acc=0.5703 | val_loss=1.1563 val_acc=0.4846 | 
03-04 08:52:10 [LP epoch 29] train_loss=0.9875 train_acc=0.6172 | val_loss=1.1309 val_acc=0.5100 | 
03-04 08:52:11 [LP epoch 30] train_loss=0.9878 train_acc=0.6055 | val_loss=1.1415 val_acc=0.4975 | 
03-04 08:52:11 [LP epoch 31] train_loss=0.9737 train_acc=0.6016 | val_loss=1.1361 val_acc=0.5042 | 
03-04 08:52:12 [LP epoch 32] train_loss=0.9694 train_acc=0.5977 | val_loss=1.1397 val_acc=0.5046 | 
03-04 08:52:13 [LP epoch 33] train_loss=0.9552 train_acc=0.6172 | val_loss=1.1306 val_acc=0.5054 | 
03-04 08:52:13 [LP epoch 34] train_loss=0.9668 train_acc=0.6094 | val_loss=1.1483 val_acc=0.4958 | 
03-04 08:52:14 [LP epoch 35] train_loss=0.9431 train_acc=0.6484 | val_loss=1.1304 val_acc=0.5079 | 
03-04 08:52:15 [LP epoch 36] train_loss=0.9557 train_acc=0.6172 | val_loss=1.1483 val_acc=0.5004 | 
03-04 08:52:15 [LP epoch 37] train_loss=0.9383 train_acc=0.6289 | val_loss=1.1339 val_acc=0.5054 | 
03-04 08:52:16 [LP epoch 38] train_loss=0.9328 train_acc=0.6250 | val_loss=1.1299 val_acc=0.5129 | 
03-04 08:52:17 [LP epoch 39] train_loss=0.9286 train_acc=0.6172 | val_loss=1.1432 val_acc=0.5033 | 
03-04 08:52:17 [LP epoch 40] train_loss=0.9201 train_acc=0.6250 | val_loss=1.1277 val_acc=0.5179 | 
03-04 08:52:18 [LP epoch 41] train_loss=0.9225 train_acc=0.6172 | val_loss=1.1520 val_acc=0.5017 | 
03-04 08:52:18 [LP epoch 42] train_loss=0.9131 train_acc=0.6211 | val_loss=1.1387 val_acc=0.5079 | 
03-04 08:52:19 [LP epoch 43] train_loss=0.9191 train_acc=0.6133 | val_loss=1.1436 val_acc=0.5146 | 
03-04 08:52:20 [LP epoch 44] train_loss=0.9096 train_acc=0.6172 | val_loss=1.1355 val_acc=0.5042 | 
03-04 08:52:20 [LP epoch 45] train_loss=0.9054 train_acc=0.6289 | val_loss=1.1323 val_acc=0.5108 | 
03-04 08:52:21 [LP epoch 46] train_loss=0.8902 train_acc=0.6367 | val_loss=1.1472 val_acc=0.5079 | 
03-04 08:52:22 [LP epoch 47] train_loss=0.8977 train_acc=0.6406 | val_loss=1.1327 val_acc=0.5179 | 
03-04 08:52:22 [LP epoch 48] train_loss=0.8986 train_acc=0.6211 | val_loss=1.1517 val_acc=0.5021 | 
03-04 08:52:23 [LP epoch 49] train_loss=0.8747 train_acc=0.6406 | val_loss=1.1312 val_acc=0.5204 | 
03-04 08:52:23 Saved linear-probe checkpoint: ./checkpoint\SimSiam_PU_0304-084331\linear_probe_best.pt (best_val_acc=0.5204)
03-04 08:52:23 TEST linear-probe: loss=1.1278 acc=0.5455
03-04 08:52:23 model_name: SimSiam
03-04 08:52:23 data_name: PU
03-04 08:52:23 aug_1: randomcrop
03-04 08:52:23 aug_2: scale
03-04 08:52:23 max_epoch: 20
03-04 08:52:23 classifier_epoch: 50
03-04 08:52:23 data_view: TwoViewDataset
03-04 08:52:23 cuda_device: 0
03-04 08:52:23 checkpoint_dir: ./checkpoint
03-04 08:52:23 batch_size: 32
03-04 08:52:23 data_dir: raw_data/PU
03-04 08:52:23 out_channel: 4
03-04 08:52:23 normlizetype: minus_one_one
03-04 08:52:23 processing_type: RA
03-04 08:52:23 opt: sgd
03-04 08:52:23 lr: 0.01
03-04 08:52:23 momentum: 0.9
03-04 08:52:23 weight_decay: 1e-05
03-04 08:52:23 lr_scheduler: cos
03-04 08:52:23 gamma: 0.1
03-04 08:52:23 eta_min: 1e-05
03-04 08:52:23 latent_space: 96
03-04 08:52:23 num_blocks_ssf: None
03-04 08:52:23 task: self_supervised
03-04 08:52:23 critetion: <class 'utils.loss_SSL.SimSiamLoss'>
03-04 08:52:23 using 1 gpus
03-04 08:52:23 Dataset class: <class 'data_utils.datasets.PU.PU'>
03-04 08:52:24 Split sizes: train=12607 val=2430 test=2702, classier=271
03-04 08:52:25 Label counts train: Counter({3: 3498, 1: 3493, 0: 3490, 2: 2095})
03-04 08:52:25 Label counts val:   Counter({3: 667, 0: 667, 1: 666, 2: 400})
03-04 08:52:25 Label counts test:  Counter({3: 751, 1: 750, 0: 750, 2: 451})
03-04 08:52:25 Label counts classifier:  Counter({1: 72, 0: 72, 3: 70, 2: 42})
03-04 08:52:25 -----Epoch 0/19-----
03-04 08:52:36 current lr: 0.01
03-04 08:52:36 Saved best checkpoint to ./checkpoint\SimSiam_PU_0304-084331\best_pt (val_loss=-0.9812)
03-04 08:52:36 Epoch 000 Train loss -0.9165 | Val loss -0.9812
03-04 08:52:36 -----Epoch 1/19-----
03-04 08:52:48 current lr: 0.0099385
03-04 08:52:48 Saved best checkpoint to ./checkpoint\SimSiam_PU_0304-084331\best_pt (val_loss=-0.9838)
03-04 08:52:48 Epoch 001 Train loss -0.9809 | Val loss -0.9838
03-04 08:52:48 -----Epoch 2/19-----
03-04 08:53:00 current lr: 0.00975553
03-04 08:53:00 No improvement in val_loss for 1/5 epochs.
03-04 08:53:00 Epoch 002 Train loss -0.9796 | Val loss -0.9805
03-04 08:53:00 -----Epoch 3/19-----
03-04 08:53:11 current lr: 0.00945558
03-04 08:53:11 No improvement in val_loss for 2/5 epochs.
03-04 08:53:11 Epoch 003 Train loss -0.9778 | Val loss -0.9821
03-04 08:53:11 -----Epoch 4/19-----
03-04 08:53:23 current lr: 0.00904604
03-04 08:53:23 No improvement in val_loss for 3/5 epochs.
03-04 08:53:23 Epoch 004 Train loss -0.9783 | Val loss -0.9814
03-04 08:53:23 -----Epoch 5/19-----
03-04 08:53:35 current lr: 0.008537
03-04 08:53:35 Saved best checkpoint to ./checkpoint\SimSiam_PU_0304-084331\best_pt (val_loss=-0.9887)
03-04 08:53:35 Epoch 005 Train loss -0.9824 | Val loss -0.9887
03-04 08:53:35 -----Epoch 6/19-----
03-04 08:53:46 current lr: 0.00794099
03-04 08:53:46 No improvement in val_loss for 1/5 epochs.
03-04 08:53:46 Epoch 006 Train loss -0.9846 | Val loss -0.9864
03-04 08:53:46 -----Epoch 7/19-----
03-04 08:53:57 current lr: 0.00727268
03-04 08:53:57 Saved best checkpoint to ./checkpoint\SimSiam_PU_0304-084331\best_pt (val_loss=-0.9907)
03-04 08:53:57 Epoch 007 Train loss -0.9869 | Val loss -0.9907
03-04 08:53:57 -----Epoch 8/19-----
03-04 08:54:09 current lr: 0.00654854
03-04 08:54:09 Saved best checkpoint to ./checkpoint\SimSiam_PU_0304-084331\best_pt (val_loss=-0.9909)
03-04 08:54:09 Epoch 008 Train loss -0.9873 | Val loss -0.9909
03-04 08:54:09 -----Epoch 9/19-----
03-04 08:54:21 current lr: 0.00578639
03-04 08:54:21 No improvement in val_loss for 1/5 epochs.
03-04 08:54:21 Epoch 009 Train loss -0.9874 | Val loss -0.9887
03-04 08:54:21 -----Epoch 10/19-----
03-04 08:54:32 current lr: 0.005005
03-04 08:54:32 Saved best checkpoint to ./checkpoint\SimSiam_PU_0304-084331\best_pt (val_loss=-0.9911)
03-04 08:54:32 Epoch 010 Train loss -0.9878 | Val loss -0.9911
03-04 08:54:32 -----Epoch 11/19-----
03-04 08:54:44 current lr: 0.00422361
03-04 08:54:44 Saved best checkpoint to ./checkpoint\SimSiam_PU_0304-084331\best_pt (val_loss=-0.9937)
03-04 08:54:44 Epoch 011 Train loss -0.9903 | Val loss -0.9937
03-04 08:54:44 -----Epoch 12/19-----
03-04 08:54:56 current lr: 0.00346146
03-04 08:54:56 No improvement in val_loss for 1/5 epochs.
03-04 08:54:56 Epoch 012 Train loss -0.9903 | Val loss -0.9929
03-04 08:54:56 -----Epoch 13/19-----
03-04 08:55:07 current lr: 0.00273732
03-04 08:55:07 No improvement in val_loss for 2/5 epochs.
03-04 08:55:07 Epoch 013 Train loss -0.9897 | Val loss -0.9916
03-04 08:55:07 -----Epoch 14/19-----
03-04 08:55:18 current lr: 0.00206901
03-04 08:55:18 No improvement in val_loss for 3/5 epochs.
03-04 08:55:18 Epoch 014 Train loss -0.9889 | Val loss -0.9915
03-04 08:55:18 -----Epoch 15/19-----
03-04 08:55:30 current lr: 0.001473
03-04 08:55:30 No improvement in val_loss for 4/5 epochs.
03-04 08:55:30 Epoch 015 Train loss -0.9889 | Val loss -0.9930
03-04 08:55:30 -----Epoch 16/19-----
03-04 08:55:42 current lr: 0.00096396
03-04 08:55:42 No improvement in val_loss for 5/5 epochs.
03-04 08:55:42 Early stopping at epoch 16 (best val_loss=-0.9937).
03-04 08:55:42 Epoch 016 Train loss -0.9900 | Val loss -0.9934
03-04 08:55:42 -----Epoch 17/19-----
03-04 08:55:53 current lr: 0.000554422
03-04 08:55:53 No improvement in val_loss for 6/5 epochs.
03-04 08:55:53 Early stopping at epoch 17 (best val_loss=-0.9937).
03-04 08:55:53 Epoch 017 Train loss -0.9906 | Val loss -0.9935
03-04 08:55:53 -----Epoch 18/19-----
03-04 08:56:04 current lr: 0.000254473
03-04 08:56:04 No improvement in val_loss for 7/5 epochs.
03-04 08:56:04 Early stopping at epoch 18 (best val_loss=-0.9937).
03-04 08:56:04 Epoch 018 Train loss -0.9905 | Val loss -0.9935
03-04 08:56:04 -----Epoch 19/19-----
03-04 08:56:16 current lr: 7.14967e-05
03-04 08:56:16 No improvement in val_loss for 8/5 epochs.
03-04 08:56:16 Early stopping at epoch 19 (best val_loss=-0.9937).
03-04 08:56:16 Epoch 019 Train loss -0.9907 | Val loss -0.9935
03-04 08:56:17 TEST (last): loss -0.9934
03-04 08:56:17 [LP epoch 00] train_loss=1.4354 train_acc=0.3398 | val_loss=1.4010 val_acc=0.3400 | 
03-04 08:56:18 [LP epoch 01] train_loss=1.3602 train_acc=0.3945 | val_loss=1.3810 val_acc=0.3762 | 
03-04 08:56:19 [LP epoch 02] train_loss=1.3167 train_acc=0.4062 | val_loss=1.3614 val_acc=0.3792 | 
03-04 08:56:19 [LP epoch 03] train_loss=1.2897 train_acc=0.4023 | val_loss=1.3461 val_acc=0.3904 | 
03-04 08:56:20 [LP epoch 04] train_loss=1.2687 train_acc=0.4453 | val_loss=1.3290 val_acc=0.3904 | 
03-04 08:56:21 [LP epoch 05] train_loss=1.2517 train_acc=0.4453 | val_loss=1.3128 val_acc=0.3954 | 
03-04 08:56:21 [LP epoch 06] train_loss=1.2382 train_acc=0.4648 | val_loss=1.3065 val_acc=0.4079 | 
03-04 08:56:22 [LP epoch 07] train_loss=1.2224 train_acc=0.4805 | val_loss=1.2965 val_acc=0.4192 | 
03-04 08:56:23 [LP epoch 08] train_loss=1.2094 train_acc=0.4883 | val_loss=1.2802 val_acc=0.4313 | 
03-04 08:56:23 [LP epoch 09] train_loss=1.2027 train_acc=0.4844 | val_loss=1.2794 val_acc=0.4183 | 
03-04 08:56:24 [LP epoch 10] train_loss=1.1878 train_acc=0.5234 | val_loss=1.2701 val_acc=0.4333 | 
03-04 08:56:25 [LP epoch 11] train_loss=1.1771 train_acc=0.5078 | val_loss=1.2582 val_acc=0.4417 | 
03-04 08:56:25 [LP epoch 12] train_loss=1.1683 train_acc=0.5234 | val_loss=1.2565 val_acc=0.4379 | 
03-04 08:56:26 [LP epoch 13] train_loss=1.1566 train_acc=0.5195 | val_loss=1.2533 val_acc=0.4429 | 
03-04 08:56:26 [LP epoch 14] train_loss=1.1405 train_acc=0.5469 | val_loss=1.2478 val_acc=0.4558 | 
03-04 08:56:27 [LP epoch 15] train_loss=1.1374 train_acc=0.5195 | val_loss=1.2496 val_acc=0.4479 | 
03-04 08:56:28 [LP epoch 16] train_loss=1.1289 train_acc=0.5430 | val_loss=1.2421 val_acc=0.4592 | 
03-04 08:56:28 [LP epoch 17] train_loss=1.1128 train_acc=0.5430 | val_loss=1.2475 val_acc=0.4412 | 
03-04 08:56:29 [LP epoch 18] train_loss=1.1006 train_acc=0.5703 | val_loss=1.2323 val_acc=0.4492 | 
03-04 08:56:29 [LP epoch 19] train_loss=1.0937 train_acc=0.5586 | val_loss=1.2395 val_acc=0.4471 | 
03-04 08:56:30 [LP epoch 20] train_loss=1.0792 train_acc=0.5781 | val_loss=1.2211 val_acc=0.4629 | 
03-04 08:56:31 [LP epoch 21] train_loss=1.0742 train_acc=0.5703 | val_loss=1.2308 val_acc=0.4558 | 
03-04 08:56:31 [LP epoch 22] train_loss=1.0615 train_acc=0.5781 | val_loss=1.2299 val_acc=0.4471 | 
03-04 08:56:32 [LP epoch 23] train_loss=1.0526 train_acc=0.5977 | val_loss=1.2239 val_acc=0.4567 | 
03-04 08:56:33 [LP epoch 24] train_loss=1.0542 train_acc=0.5820 | val_loss=1.2277 val_acc=0.4600 | 
03-04 08:56:33 [LP epoch 25] train_loss=1.0369 train_acc=0.5938 | val_loss=1.2126 val_acc=0.4688 | 
03-04 08:56:34 [LP epoch 26] train_loss=1.0322 train_acc=0.5859 | val_loss=1.2322 val_acc=0.4546 | 
03-04 08:56:34 [LP epoch 27] train_loss=1.0189 train_acc=0.6094 | val_loss=1.2183 val_acc=0.4733 | 
03-04 08:56:35 [LP epoch 28] train_loss=1.0230 train_acc=0.5820 | val_loss=1.2232 val_acc=0.4608 | 
03-04 08:56:36 [LP epoch 29] train_loss=1.0055 train_acc=0.6172 | val_loss=1.2074 val_acc=0.4742 | 
03-04 08:56:36 [LP epoch 30] train_loss=1.0068 train_acc=0.6016 | val_loss=1.2230 val_acc=0.4629 | 
03-04 08:56:37 [LP epoch 31] train_loss=0.9943 train_acc=0.5977 | val_loss=1.2250 val_acc=0.4612 | 
03-04 08:56:38 [LP epoch 32] train_loss=0.9837 train_acc=0.6250 | val_loss=1.2099 val_acc=0.4721 | 
03-04 08:56:38 [LP epoch 33] train_loss=0.9827 train_acc=0.6172 | val_loss=1.2239 val_acc=0.4654 | 
03-04 08:56:39 [LP epoch 34] train_loss=0.9640 train_acc=0.6328 | val_loss=1.2095 val_acc=0.4708 | 
03-04 08:56:40 [LP epoch 35] train_loss=0.9639 train_acc=0.6211 | val_loss=1.2136 val_acc=0.4662 | 
03-04 08:56:40 [LP epoch 36] train_loss=0.9638 train_acc=0.6055 | val_loss=1.2265 val_acc=0.4667 | 
03-04 08:56:41 [LP epoch 37] train_loss=0.9456 train_acc=0.6328 | val_loss=1.2033 val_acc=0.4725 | 
03-04 08:56:41 [LP epoch 38] train_loss=0.9665 train_acc=0.6172 | val_loss=1.2311 val_acc=0.4621 | 
03-04 08:56:42 [LP epoch 39] train_loss=0.9485 train_acc=0.6328 | val_loss=1.2172 val_acc=0.4617 | 
03-04 08:56:43 [LP epoch 40] train_loss=0.9259 train_acc=0.6250 | val_loss=1.2180 val_acc=0.4717 | 
03-04 08:56:43 [LP epoch 41] train_loss=0.9367 train_acc=0.6172 | val_loss=1.2201 val_acc=0.4700 | 
03-04 08:56:44 [LP epoch 42] train_loss=0.9275 train_acc=0.6328 | val_loss=1.2088 val_acc=0.4683 | 
03-04 08:56:45 [LP epoch 43] train_loss=0.9298 train_acc=0.6211 | val_loss=1.2124 val_acc=0.4713 | 
03-04 08:56:45 [LP epoch 44] train_loss=0.9274 train_acc=0.6211 | val_loss=1.2237 val_acc=0.4633 | 
03-04 08:56:46 [LP epoch 45] train_loss=0.9111 train_acc=0.6641 | val_loss=1.2027 val_acc=0.4675 | 
03-04 08:56:46 [LP epoch 46] train_loss=0.9021 train_acc=0.6445 | val_loss=1.2277 val_acc=0.4629 | 
03-04 08:56:47 [LP epoch 47] train_loss=0.8971 train_acc=0.6562 | val_loss=1.2039 val_acc=0.4717 | 
03-04 08:56:48 [LP epoch 48] train_loss=0.9187 train_acc=0.6250 | val_loss=1.2357 val_acc=0.4612 | 
03-04 08:56:48 [LP epoch 49] train_loss=0.8956 train_acc=0.6719 | val_loss=1.2314 val_acc=0.4617 | 
03-04 08:56:48 Saved linear-probe checkpoint: ./checkpoint\SimSiam_PU_0304-084331\linear_probe_best.pt (best_val_acc=0.4742)
03-04 08:56:49 TEST linear-probe: loss=1.2222 acc=0.4763
03-04 08:56:49 model_name: SimSiam
03-04 08:56:49 data_name: PU
03-04 08:56:49 aug_1: randomcrop
03-04 08:56:49 aug_2: scale
03-04 08:56:49 max_epoch: 20
03-04 08:56:49 classifier_epoch: 50
03-04 08:56:49 data_view: TwoViewDataset
03-04 08:56:49 cuda_device: 0
03-04 08:56:49 checkpoint_dir: ./checkpoint
03-04 08:56:49 batch_size: 32
03-04 08:56:49 data_dir: raw_data/PU
03-04 08:56:49 out_channel: 4
03-04 08:56:49 normlizetype: minus_one_one
03-04 08:56:49 processing_type: RA
03-04 08:56:49 opt: sgd
03-04 08:56:49 lr: 0.01
03-04 08:56:49 momentum: 0.9
03-04 08:56:49 weight_decay: 1e-05
03-04 08:56:49 lr_scheduler: cos
03-04 08:56:49 gamma: 0.1
03-04 08:56:49 eta_min: 1e-05
03-04 08:56:49 latent_space: 96
03-04 08:56:49 num_blocks_ssf: None
03-04 08:56:49 task: self_supervised
03-04 08:56:49 critetion: <class 'utils.loss_SSL.SimSiamLoss'>
03-04 08:56:49 using 1 gpus
03-04 08:56:49 Dataset class: <class 'data_utils.datasets.PU.PU'>
03-04 08:56:49 Split sizes: train=12607 val=2430 test=2702, classier=271
03-04 08:56:50 Label counts train: Counter({3: 3498, 1: 3493, 0: 3490, 2: 2095})
03-04 08:56:50 Label counts val:   Counter({3: 667, 0: 667, 1: 666, 2: 400})
03-04 08:56:51 Label counts test:  Counter({3: 751, 1: 750, 0: 750, 2: 451})
03-04 08:56:51 Label counts classifier:  Counter({1: 72, 0: 72, 3: 70, 2: 42})
03-04 08:56:51 -----Epoch 0/19-----
