03-04 13:29:51 model_name: SSF
03-04 13:29:51 data_name: PU
03-04 13:29:51 aug_1: randomcrop
03-04 13:29:51 aug_2: scale
03-04 13:29:51 max_epoch: 50
03-04 13:29:51 classifier_epoch: 50
03-04 13:29:51 data_view: TwoViewDataset
03-04 13:29:51 cuda_device: 0
03-04 13:29:51 checkpoint_dir: ./checkpoint
03-04 13:29:51 batch_size: 64
03-04 13:29:51 data_dir: raw_data/PU
03-04 13:29:51 out_channel: 4
03-04 13:29:51 normlizetype: minus_one_one
03-04 13:29:51 processing_type: RA
03-04 13:29:51 opt: sgd
03-04 13:29:51 lr: 0.05
03-04 13:29:51 momentum: 0.9
03-04 13:29:51 weight_decay: 0.0001
03-04 13:29:51 lr_scheduler: cos
03-04 13:29:51 gamma: 0.95
03-04 13:29:51 eta_min: 1e-05
03-04 13:29:51 latent_space: 64
03-04 13:29:51 num_blocks_ssf: 7
03-04 13:29:51 hidden_channel: 256
03-04 13:29:51 task: self_supervised
03-04 13:29:51 critetion: <class 'utils.loss_SSL.SimSiamLoss'>
03-04 13:29:51 using 1 gpus
03-04 13:29:51 Dataset class: <class 'data_utils.datasets.PU.PU'>
03-04 13:29:52 Split sizes: train=400 val=400 test=400, classier=80
03-04 13:29:52 Label counts train: Counter({0: 100, 1: 100, 2: 100, 3: 100})
03-04 13:29:52 Label counts val:   Counter({0: 100, 1: 100, 2: 100, 3: 100})
03-04 13:29:52 Label counts test:  Counter({0: 100, 1: 100, 2: 100, 3: 100})
03-04 13:29:52 Label counts classifier:  Counter({0: 20, 1: 20, 2: 20, 3: 20})
03-04 13:29:54 -----Epoch 0/49-----
03-04 13:29:54 current lr: 0.05
03-04 13:29:54 Saved best checkpoint to ./checkpoint\SSF_PU_0304-132951\best_pt (val_loss=-0.6660)
03-04 13:29:54 Epoch 000 Train loss -0.4020 zstd=0.3103 | Val loss -0.6660
03-04 13:29:54 -----Epoch 1/49-----
03-04 13:29:55 current lr: 0.0499507
03-04 13:29:55 Saved best checkpoint to ./checkpoint\SSF_PU_0304-132951\best_pt (val_loss=-0.8175)
03-04 13:29:55 Epoch 001 Train loss -0.8540 zstd=0.4428 | Val loss -0.8175
03-04 13:29:55 -----Epoch 2/49-----
03-04 13:29:55 current lr: 0.0498029
03-04 13:29:55 Saved best checkpoint to ./checkpoint\SSF_PU_0304-132951\best_pt (val_loss=-0.9004)
03-04 13:29:55 Epoch 002 Train loss -0.8996 zstd=0.4669 | Val loss -0.9004
03-04 13:29:55 -----Epoch 3/49-----
03-04 13:29:56 current lr: 0.0495573
03-04 13:29:56 Saved best checkpoint to ./checkpoint\SSF_PU_0304-132951\best_pt (val_loss=-0.9360)
03-04 13:29:56 Epoch 003 Train loss -0.9273 zstd=0.4751 | Val loss -0.9360
03-04 13:29:56 -----Epoch 4/49-----
03-04 13:29:56 current lr: 0.0492147
03-04 13:29:56 Saved best checkpoint to ./checkpoint\SSF_PU_0304-132951\best_pt (val_loss=-0.9533)
03-04 13:29:56 Epoch 004 Train loss -0.9473 zstd=0.4710 | Val loss -0.9533
03-04 13:29:56 -----Epoch 5/49-----
03-04 13:29:56 current lr: 0.0487767
03-04 13:29:56 Saved best checkpoint to ./checkpoint\SSF_PU_0304-132951\best_pt (val_loss=-0.9618)
03-04 13:29:56 Epoch 005 Train loss -0.9613 zstd=0.4616 | Val loss -0.9618
03-04 13:29:56 -----Epoch 6/49-----
03-04 13:29:57 current lr: 0.0482448
03-04 13:29:57 Saved best checkpoint to ./checkpoint\SSF_PU_0304-132951\best_pt (val_loss=-0.9667)
03-04 13:29:57 Epoch 006 Train loss -0.9685 zstd=0.4521 | Val loss -0.9667
03-04 13:29:57 -----Epoch 7/49-----
03-04 13:29:57 current lr: 0.0476212
03-04 13:29:57 Saved best checkpoint to ./checkpoint\SSF_PU_0304-132951\best_pt (val_loss=-0.9704)
03-04 13:29:57 Epoch 007 Train loss -0.9734 zstd=0.4449 | Val loss -0.9704
03-04 13:29:57 -----Epoch 8/49-----
03-04 13:29:58 current lr: 0.0469083
03-04 13:29:58 Saved best checkpoint to ./checkpoint\SSF_PU_0304-132951\best_pt (val_loss=-0.9719)
03-04 13:29:58 Epoch 008 Train loss -0.9763 zstd=0.4425 | Val loss -0.9719
03-04 13:29:58 -----Epoch 9/49-----
03-04 13:29:58 current lr: 0.046109
03-04 13:29:58 Saved best checkpoint to ./checkpoint\SSF_PU_0304-132951\best_pt (val_loss=-0.9724)
03-04 13:29:58 Epoch 009 Train loss -0.9773 zstd=0.4405 | Val loss -0.9724
03-04 13:29:58 -----Epoch 10/49-----
03-04 13:29:58 current lr: 0.0452264
03-04 13:29:58 No improvement in val_loss for 1/10 epochs.
03-04 13:29:58 Epoch 010 Train loss -0.9774 zstd=0.4376 | Val loss -0.9723
03-04 13:29:58 -----Epoch 11/49-----
03-04 13:29:59 current lr: 0.044264
03-04 13:29:59 Saved best checkpoint to ./checkpoint\SSF_PU_0304-132951\best_pt (val_loss=-0.9725)
03-04 13:29:59 Epoch 011 Train loss -0.9766 zstd=0.4349 | Val loss -0.9725
03-04 13:29:59 -----Epoch 12/49-----
03-04 13:29:59 current lr: 0.0432256
03-04 13:29:59 Saved best checkpoint to ./checkpoint\SSF_PU_0304-132951\best_pt (val_loss=-0.9742)
03-04 13:29:59 Epoch 012 Train loss -0.9763 zstd=0.4340 | Val loss -0.9742
03-04 13:29:59 -----Epoch 13/49-----
03-04 13:30:00 current lr: 0.0421153
03-04 13:30:00 Saved best checkpoint to ./checkpoint\SSF_PU_0304-132951\best_pt (val_loss=-0.9767)
03-04 13:30:00 Epoch 013 Train loss -0.9780 zstd=0.4351 | Val loss -0.9767
03-04 13:30:00 -----Epoch 14/49-----
03-04 13:30:00 current lr: 0.0409374
03-04 13:30:00 Saved best checkpoint to ./checkpoint\SSF_PU_0304-132951\best_pt (val_loss=-0.9784)
03-04 13:30:00 Epoch 014 Train loss -0.9799 zstd=0.4379 | Val loss -0.9784
03-04 13:30:00 -----Epoch 15/49-----
03-04 13:30:00 current lr: 0.0396967
03-04 13:30:00 Saved best checkpoint to ./checkpoint\SSF_PU_0304-132951\best_pt (val_loss=-0.9796)
03-04 13:30:00 Epoch 015 Train loss -0.9814 zstd=0.4413 | Val loss -0.9796
03-04 13:30:00 -----Epoch 16/49-----
03-04 13:30:01 current lr: 0.038398
03-04 13:30:01 No improvement in val_loss for 1/10 epochs.
03-04 13:30:01 Epoch 016 Train loss -0.9817 zstd=0.4448 | Val loss -0.9787
03-04 13:30:01 -----Epoch 17/49-----
03-04 13:30:01 current lr: 0.0370464
03-04 13:30:01 No improvement in val_loss for 2/10 epochs.
03-04 13:30:01 Epoch 017 Train loss -0.9805 zstd=0.4456 | Val loss -0.9764
03-04 13:30:01 -----Epoch 18/49-----
03-04 13:30:01 current lr: 0.0356474
03-04 13:30:01 No improvement in val_loss for 3/10 epochs.
03-04 13:30:01 Epoch 018 Train loss -0.9788 zstd=0.4440 | Val loss -0.9740
03-04 13:30:01 -----Epoch 19/49-----
03-04 13:30:02 current lr: 0.0342063
03-04 13:30:02 No improvement in val_loss for 4/10 epochs.
03-04 13:30:02 Epoch 019 Train loss -0.9772 zstd=0.4406 | Val loss -0.9721
03-04 13:30:02 -----Epoch 20/49-----
03-04 13:30:02 current lr: 0.0327289
03-04 13:30:02 No improvement in val_loss for 5/10 epochs.
03-04 13:30:02 Epoch 020 Train loss -0.9759 zstd=0.4356 | Val loss -0.9722
03-04 13:30:02 -----Epoch 21/49-----
03-04 13:30:03 current lr: 0.031221
03-04 13:30:03 No improvement in val_loss for 6/10 epochs.
03-04 13:30:03 Epoch 021 Train loss -0.9759 zstd=0.4302 | Val loss -0.9733
03-04 13:30:03 -----Epoch 22/49-----
03-04 13:30:03 current lr: 0.0296886
03-04 13:30:03 No improvement in val_loss for 7/10 epochs.
03-04 13:30:03 Epoch 022 Train loss -0.9763 zstd=0.4255 | Val loss -0.9740
03-04 13:30:03 -----Epoch 23/49-----
03-04 13:30:03 current lr: 0.0281377
03-04 13:30:03 No improvement in val_loss for 8/10 epochs.
03-04 13:30:03 Epoch 023 Train loss -0.9774 zstd=0.4213 | Val loss -0.9748
03-04 13:30:03 -----Epoch 24/49-----
03-04 13:30:04 current lr: 0.0265744
03-04 13:30:04 No improvement in val_loss for 9/10 epochs.
03-04 13:30:04 Epoch 024 Train loss -0.9784 zstd=0.4195 | Val loss -0.9759
03-04 13:30:04 -----Epoch 25/49-----
03-04 13:30:04 current lr: 0.025005
03-04 13:30:04 No improvement in val_loss for 10/10 epochs.
03-04 13:30:04 Early stopping at epoch 25 (best val_loss=-0.9796).
03-04 13:30:04 TEST (last): loss -0.9777
03-04 13:30:04 Loaded best checkpoint from ./checkpoint\SSF_PU_0304-132951\best_pt (val_loss=-0.9795956182479858)
03-04 13:30:04 TEST (best): loss -0.9806
03-04 13:30:04 [LP epoch 00] train_loss=1.4284 train_acc=0.2625 | val_loss=1.3738 val_acc=0.3475 | 
03-04 13:30:05 [LP epoch 01] train_loss=1.4029 train_acc=0.3125 | val_loss=1.3738 val_acc=0.3475 | 
03-04 13:30:05 [LP epoch 02] train_loss=1.3881 train_acc=0.3000 | val_loss=1.3742 val_acc=0.3400 | 
03-04 13:30:05 [LP epoch 03] train_loss=1.3746 train_acc=0.2875 | val_loss=1.3741 val_acc=0.3475 | 
03-04 13:30:05 [LP epoch 04] train_loss=1.3646 train_acc=0.3125 | val_loss=1.3725 val_acc=0.3350 | 
03-04 13:30:05 [LP epoch 05] train_loss=1.3604 train_acc=0.2875 | val_loss=1.3706 val_acc=0.3350 | 
03-04 13:30:06 [LP epoch 06] train_loss=1.3559 train_acc=0.2875 | val_loss=1.3682 val_acc=0.3350 | 
03-04 13:30:06 [LP epoch 07] train_loss=1.3507 train_acc=0.3250 | val_loss=1.3675 val_acc=0.3350 | 
03-04 13:30:06 [LP epoch 08] train_loss=1.3466 train_acc=0.3375 | val_loss=1.3670 val_acc=0.3350 | 
03-04 13:30:06 [LP epoch 09] train_loss=1.3417 train_acc=0.3250 | val_loss=1.3664 val_acc=0.3325 | 
03-04 13:30:06 [LP epoch 10] train_loss=1.3361 train_acc=0.3500 | val_loss=1.3664 val_acc=0.3275 | 
03-04 13:30:06 [LP epoch 11] train_loss=1.3312 train_acc=0.3750 | val_loss=1.3694 val_acc=0.3200 | 
03-04 13:30:07 [LP epoch 12] train_loss=1.3276 train_acc=0.4000 | val_loss=1.3694 val_acc=0.3400 | 
03-04 13:30:07 [LP epoch 13] train_loss=1.3252 train_acc=0.4000 | val_loss=1.3664 val_acc=0.3300 | 
03-04 13:30:07 [LP epoch 14] train_loss=1.3215 train_acc=0.3875 | val_loss=1.3662 val_acc=0.3350 | 
03-04 13:30:07 [LP epoch 15] train_loss=1.3184 train_acc=0.4000 | val_loss=1.3657 val_acc=0.3500 | 
03-04 13:30:07 [LP epoch 16] train_loss=1.3164 train_acc=0.4375 | val_loss=1.3668 val_acc=0.3525 | 
03-04 13:30:08 [LP epoch 17] train_loss=1.3136 train_acc=0.4375 | val_loss=1.3675 val_acc=0.3500 | 
03-04 13:30:08 [LP epoch 18] train_loss=1.3111 train_acc=0.4500 | val_loss=1.3633 val_acc=0.3450 | 
03-04 13:30:08 [LP epoch 19] train_loss=1.3090 train_acc=0.4250 | val_loss=1.3612 val_acc=0.3525 | 
03-04 13:30:08 [LP epoch 20] train_loss=1.3055 train_acc=0.4375 | val_loss=1.3636 val_acc=0.3425 | 
03-04 13:30:08 [LP epoch 21] train_loss=1.3030 train_acc=0.4625 | val_loss=1.3633 val_acc=0.3450 | 
03-04 13:30:08 [LP epoch 22] train_loss=1.3008 train_acc=0.4500 | val_loss=1.3620 val_acc=0.3575 | 
03-04 13:30:09 [LP epoch 23] train_loss=1.2982 train_acc=0.4750 | val_loss=1.3613 val_acc=0.3400 | 
03-04 13:30:09 [LP epoch 24] train_loss=1.2960 train_acc=0.4625 | val_loss=1.3580 val_acc=0.3575 | 
03-04 13:30:09 [LP epoch 25] train_loss=1.2928 train_acc=0.4625 | val_loss=1.3576 val_acc=0.3500 | 
03-04 13:30:09 [LP epoch 26] train_loss=1.2886 train_acc=0.4625 | val_loss=1.3573 val_acc=0.3475 | 
03-04 13:30:09 [LP epoch 27] train_loss=1.2867 train_acc=0.4625 | val_loss=1.3580 val_acc=0.3575 | 
03-04 13:30:10 [LP epoch 28] train_loss=1.2842 train_acc=0.4750 | val_loss=1.3576 val_acc=0.3575 | 
03-04 13:30:10 [LP epoch 29] train_loss=1.2812 train_acc=0.5000 | val_loss=1.3527 val_acc=0.3550 | 
03-04 13:30:10 [LP epoch 30] train_loss=1.2777 train_acc=0.4750 | val_loss=1.3545 val_acc=0.3575 | 
03-04 13:30:10 [LP epoch 31] train_loss=1.2754 train_acc=0.5000 | val_loss=1.3566 val_acc=0.3525 | 
03-04 13:30:10 [LP epoch 32] train_loss=1.2736 train_acc=0.5000 | val_loss=1.3511 val_acc=0.3575 | 
03-04 13:30:10 [LP epoch 33] train_loss=1.2704 train_acc=0.4750 | val_loss=1.3520 val_acc=0.3700 | 
03-04 13:30:11 [LP epoch 34] train_loss=1.2681 train_acc=0.5000 | val_loss=1.3528 val_acc=0.3600 | 
03-04 13:30:11 [LP epoch 35] train_loss=1.2660 train_acc=0.5250 | val_loss=1.3493 val_acc=0.3675 | 
03-04 13:30:11 [LP epoch 36] train_loss=1.2625 train_acc=0.5125 | val_loss=1.3507 val_acc=0.3750 | 
03-04 13:30:11 [LP epoch 37] train_loss=1.2608 train_acc=0.5250 | val_loss=1.3523 val_acc=0.3600 | 
03-04 13:30:11 [LP epoch 38] train_loss=1.2576 train_acc=0.5000 | val_loss=1.3491 val_acc=0.3800 | 
03-04 13:30:12 [LP epoch 39] train_loss=1.2549 train_acc=0.5250 | val_loss=1.3492 val_acc=0.3725 | 
03-04 13:30:12 [LP epoch 40] train_loss=1.2527 train_acc=0.5375 | val_loss=1.3466 val_acc=0.3875 | 
03-04 13:30:12 [LP epoch 41] train_loss=1.2488 train_acc=0.5375 | val_loss=1.3485 val_acc=0.3825 | 
03-04 13:30:12 [LP epoch 42] train_loss=1.2459 train_acc=0.5500 | val_loss=1.3480 val_acc=0.3800 | 
03-04 13:30:12 [LP epoch 43] train_loss=1.2432 train_acc=0.5500 | val_loss=1.3440 val_acc=0.3875 | 
03-04 13:30:12 [LP epoch 44] train_loss=1.2412 train_acc=0.5375 | val_loss=1.3442 val_acc=0.3900 | 
03-04 13:30:13 [LP epoch 45] train_loss=1.2404 train_acc=0.5750 | val_loss=1.3456 val_acc=0.3750 | 
03-04 13:30:13 [LP epoch 46] train_loss=1.2362 train_acc=0.5625 | val_loss=1.3435 val_acc=0.3825 | 
03-04 13:30:13 [LP epoch 47] train_loss=1.2338 train_acc=0.5750 | val_loss=1.3424 val_acc=0.4000 | 
03-04 13:30:13 [LP epoch 48] train_loss=1.2326 train_acc=0.5750 | val_loss=1.3412 val_acc=0.3950 | 
03-04 13:30:13 [LP epoch 49] train_loss=1.2288 train_acc=0.5625 | val_loss=1.3400 val_acc=0.4025 | 
03-04 13:30:13 Saved linear-probe checkpoint: ./checkpoint\SSF_PU_0304-132951\linear_probe_best.pt (best_val_acc=0.4025)
03-04 13:30:13 TEST linear-probe: loss=1.3652 acc=0.3950
03-04 13:30:13 model_name: SSF
03-04 13:30:13 data_name: PU
03-04 13:30:13 aug_1: randomcrop
03-04 13:30:13 aug_2: scale
03-04 13:30:13 max_epoch: 50
03-04 13:30:13 classifier_epoch: 50
03-04 13:30:13 data_view: TwoViewDataset
03-04 13:30:13 cuda_device: 0
03-04 13:30:13 checkpoint_dir: ./checkpoint
03-04 13:30:13 batch_size: 64
03-04 13:30:13 data_dir: raw_data/PU
03-04 13:30:13 out_channel: 4
03-04 13:30:13 normlizetype: minus_one_one
03-04 13:30:13 processing_type: RA
03-04 13:30:13 opt: sgd
03-04 13:30:13 lr: 0.05
03-04 13:30:13 momentum: 0.9
03-04 13:30:13 weight_decay: 0.0001
03-04 13:30:13 lr_scheduler: cos
03-04 13:30:13 gamma: 0.95
03-04 13:30:13 eta_min: 1e-05
03-04 13:30:13 latent_space: 64
03-04 13:30:13 num_blocks_ssf: 5
03-04 13:30:13 hidden_channel: 256
03-04 13:30:13 task: self_supervised
03-04 13:30:13 critetion: <class 'utils.loss_SSL.SimSiamLoss'>
03-04 13:30:13 using 1 gpus
03-04 13:30:13 Dataset class: <class 'data_utils.datasets.PU.PU'>
03-04 13:30:14 Split sizes: train=400 val=400 test=400, classier=80
03-04 13:30:14 Label counts train: Counter({0: 100, 1: 100, 2: 100, 3: 100})
03-04 13:30:14 Label counts val:   Counter({0: 100, 1: 100, 2: 100, 3: 100})
03-04 13:30:14 Label counts test:  Counter({0: 100, 1: 100, 2: 100, 3: 100})
03-04 13:30:14 Label counts classifier:  Counter({0: 20, 1: 20, 2: 20, 3: 20})
03-04 13:30:14 -----Epoch 0/49-----
03-04 13:30:15 current lr: 0.05
03-04 13:30:15 Saved best checkpoint to ./checkpoint\SSF_PU_0304-132951\best_pt (val_loss=-0.6458)
03-04 13:30:15 Epoch 000 Train loss -0.4790 zstd=0.2785 | Val loss -0.6458
03-04 13:30:15 -----Epoch 1/49-----
03-04 13:30:15 current lr: 0.0499507
03-04 13:30:15 Saved best checkpoint to ./checkpoint\SSF_PU_0304-132951\best_pt (val_loss=-0.8009)
03-04 13:30:15 Epoch 001 Train loss -0.8879 zstd=0.3849 | Val loss -0.8009
03-04 13:30:15 -----Epoch 2/49-----
03-04 13:30:16 current lr: 0.0498029
03-04 13:30:16 Saved best checkpoint to ./checkpoint\SSF_PU_0304-132951\best_pt (val_loss=-0.9034)
03-04 13:30:16 Epoch 002 Train loss -0.9185 zstd=0.4096 | Val loss -0.9034
03-04 13:30:16 -----Epoch 3/49-----
03-04 13:30:16 current lr: 0.0495573
03-04 13:30:16 Saved best checkpoint to ./checkpoint\SSF_PU_0304-132951\best_pt (val_loss=-0.9376)
03-04 13:30:16 Epoch 003 Train loss -0.9367 zstd=0.4163 | Val loss -0.9376
03-04 13:30:16 -----Epoch 4/49-----
03-04 13:30:16 current lr: 0.0492147
03-04 13:30:16 Saved best checkpoint to ./checkpoint\SSF_PU_0304-132951\best_pt (val_loss=-0.9514)
03-04 13:30:16 Epoch 004 Train loss -0.9514 zstd=0.4140 | Val loss -0.9514
03-04 13:30:16 -----Epoch 5/49-----
03-04 13:30:17 current lr: 0.0487767
03-04 13:30:17 Saved best checkpoint to ./checkpoint\SSF_PU_0304-132951\best_pt (val_loss=-0.9572)
03-04 13:30:17 Epoch 005 Train loss -0.9593 zstd=0.4085 | Val loss -0.9572
03-04 13:30:17 -----Epoch 6/49-----
03-04 13:30:17 current lr: 0.0482448
03-04 13:30:17 Saved best checkpoint to ./checkpoint\SSF_PU_0304-132951\best_pt (val_loss=-0.9602)
03-04 13:30:17 Epoch 006 Train loss -0.9629 zstd=0.4067 | Val loss -0.9602
03-04 13:30:17 -----Epoch 7/49-----
03-04 13:30:17 current lr: 0.0476212
03-04 13:30:17 Saved best checkpoint to ./checkpoint\SSF_PU_0304-132951\best_pt (val_loss=-0.9638)
03-04 13:30:17 Epoch 007 Train loss -0.9659 zstd=0.4064 | Val loss -0.9638
03-04 13:30:17 -----Epoch 8/49-----
03-04 13:30:18 current lr: 0.0469083
03-04 13:30:18 Saved best checkpoint to ./checkpoint\SSF_PU_0304-132951\best_pt (val_loss=-0.9683)
03-04 13:30:18 Epoch 008 Train loss -0.9698 zstd=0.4045 | Val loss -0.9683
03-04 13:30:18 -----Epoch 9/49-----
03-04 13:30:18 current lr: 0.046109
03-04 13:30:18 Saved best checkpoint to ./checkpoint\SSF_PU_0304-132951\best_pt (val_loss=-0.9725)
03-04 13:30:18 Epoch 009 Train loss -0.9734 zstd=0.4038 | Val loss -0.9725
03-04 13:30:18 -----Epoch 10/49-----
03-04 13:30:18 current lr: 0.0452264
03-04 13:30:18 Saved best checkpoint to ./checkpoint\SSF_PU_0304-132951\best_pt (val_loss=-0.9752)
03-04 13:30:18 Epoch 010 Train loss -0.9762 zstd=0.4058 | Val loss -0.9752
03-04 13:30:18 -----Epoch 11/49-----
03-04 13:30:19 current lr: 0.044264
03-04 13:30:19 Saved best checkpoint to ./checkpoint\SSF_PU_0304-132951\best_pt (val_loss=-0.9771)
03-04 13:30:19 Epoch 011 Train loss -0.9781 zstd=0.4065 | Val loss -0.9771
03-04 13:30:19 -----Epoch 12/49-----
03-04 13:30:19 current lr: 0.0432256
03-04 13:30:19 Saved best checkpoint to ./checkpoint\SSF_PU_0304-132951\best_pt (val_loss=-0.9788)
03-04 13:30:19 Epoch 012 Train loss -0.9797 zstd=0.4063 | Val loss -0.9788
03-04 13:30:19 -----Epoch 13/49-----
03-04 13:30:20 current lr: 0.0421153
03-04 13:30:20 Saved best checkpoint to ./checkpoint\SSF_PU_0304-132951\best_pt (val_loss=-0.9808)
03-04 13:30:20 Epoch 013 Train loss -0.9815 zstd=0.4059 | Val loss -0.9808
03-04 13:30:20 -----Epoch 14/49-----
03-04 13:30:20 current lr: 0.0409374
03-04 13:30:20 Saved best checkpoint to ./checkpoint\SSF_PU_0304-132951\best_pt (val_loss=-0.9825)
03-04 13:30:20 Epoch 014 Train loss -0.9833 zstd=0.4057 | Val loss -0.9825
03-04 13:30:20 -----Epoch 15/49-----
03-04 13:30:20 current lr: 0.0396967
03-04 13:30:20 Saved best checkpoint to ./checkpoint\SSF_PU_0304-132951\best_pt (val_loss=-0.9838)
03-04 13:30:20 Epoch 015 Train loss -0.9847 zstd=0.4043 | Val loss -0.9838
03-04 13:30:20 -----Epoch 16/49-----
03-04 13:30:21 current lr: 0.038398
03-04 13:30:21 Saved best checkpoint to ./checkpoint\SSF_PU_0304-132951\best_pt (val_loss=-0.9846)
03-04 13:30:21 Epoch 016 Train loss -0.9858 zstd=0.4042 | Val loss -0.9846
03-04 13:30:21 -----Epoch 17/49-----
03-04 13:30:21 current lr: 0.0370464
03-04 13:30:21 Saved best checkpoint to ./checkpoint\SSF_PU_0304-132951\best_pt (val_loss=-0.9850)
03-04 13:30:21 Epoch 017 Train loss -0.9863 zstd=0.4033 | Val loss -0.9850
03-04 13:30:21 -----Epoch 18/49-----
03-04 13:30:21 current lr: 0.0356474
03-04 13:30:21 Saved best checkpoint to ./checkpoint\SSF_PU_0304-132951\best_pt (val_loss=-0.9853)
03-04 13:30:21 Epoch 018 Train loss -0.9865 zstd=0.4023 | Val loss -0.9853
03-04 13:30:21 -----Epoch 19/49-----
03-04 13:30:22 current lr: 0.0342063
03-04 13:30:22 Saved best checkpoint to ./checkpoint\SSF_PU_0304-132951\best_pt (val_loss=-0.9856)
03-04 13:30:22 Epoch 019 Train loss -0.9868 zstd=0.4002 | Val loss -0.9856
03-04 13:30:22 -----Epoch 20/49-----
03-04 13:30:22 current lr: 0.0327289
03-04 13:30:22 Saved best checkpoint to ./checkpoint\SSF_PU_0304-132951\best_pt (val_loss=-0.9862)
03-04 13:30:22 Epoch 020 Train loss -0.9871 zstd=0.3988 | Val loss -0.9862
03-04 13:30:22 -----Epoch 21/49-----
03-04 13:30:22 current lr: 0.031221
03-04 13:30:22 Saved best checkpoint to ./checkpoint\SSF_PU_0304-132951\best_pt (val_loss=-0.9867)
03-04 13:30:22 Epoch 021 Train loss -0.9875 zstd=0.3979 | Val loss -0.9867
03-04 13:30:22 -----Epoch 22/49-----
03-04 13:30:23 current lr: 0.0296886
03-04 13:30:23 Saved best checkpoint to ./checkpoint\SSF_PU_0304-132951\best_pt (val_loss=-0.9872)
03-04 13:30:23 Epoch 022 Train loss -0.9880 zstd=0.3968 | Val loss -0.9872
03-04 13:30:23 -----Epoch 23/49-----
03-04 13:30:23 current lr: 0.0281377
03-04 13:30:23 Saved best checkpoint to ./checkpoint\SSF_PU_0304-132951\best_pt (val_loss=-0.9875)
03-04 13:30:23 Epoch 023 Train loss -0.9884 zstd=0.3971 | Val loss -0.9875
03-04 13:30:23 -----Epoch 24/49-----
03-04 13:30:23 current lr: 0.0265744
03-04 13:30:23 Saved best checkpoint to ./checkpoint\SSF_PU_0304-132951\best_pt (val_loss=-0.9877)
03-04 13:30:23 Epoch 024 Train loss -0.9887 zstd=0.3974 | Val loss -0.9877
03-04 13:30:23 -----Epoch 25/49-----
03-04 13:30:24 current lr: 0.025005
03-04 13:30:24 Saved best checkpoint to ./checkpoint\SSF_PU_0304-132951\best_pt (val_loss=-0.9878)
03-04 13:30:24 Epoch 025 Train loss -0.9888 zstd=0.3970 | Val loss -0.9878
03-04 13:30:24 -----Epoch 26/49-----
03-04 13:30:24 current lr: 0.0234356
03-04 13:30:24 Saved best checkpoint to ./checkpoint\SSF_PU_0304-132951\best_pt (val_loss=-0.9880)
03-04 13:30:24 Epoch 026 Train loss -0.9890 zstd=0.3971 | Val loss -0.9880
03-04 13:30:24 -----Epoch 27/49-----
03-04 13:30:25 current lr: 0.0218723
03-04 13:30:25 Saved best checkpoint to ./checkpoint\SSF_PU_0304-132951\best_pt (val_loss=-0.9881)
03-04 13:30:25 Epoch 027 Train loss -0.9891 zstd=0.3964 | Val loss -0.9881
03-04 13:30:25 -----Epoch 28/49-----
03-04 13:30:25 current lr: 0.0203214
03-04 13:30:25 Saved best checkpoint to ./checkpoint\SSF_PU_0304-132951\best_pt (val_loss=-0.9882)
03-04 13:30:25 Epoch 028 Train loss -0.9894 zstd=0.3959 | Val loss -0.9882
03-04 13:30:25 -----Epoch 29/49-----
03-04 13:30:25 current lr: 0.018789
03-04 13:30:25 Saved best checkpoint to ./checkpoint\SSF_PU_0304-132951\best_pt (val_loss=-0.9883)
03-04 13:30:25 Epoch 029 Train loss -0.9894 zstd=0.3958 | Val loss -0.9883
03-04 13:30:25 -----Epoch 30/49-----
03-04 13:30:26 current lr: 0.0172811
03-04 13:30:26 Saved best checkpoint to ./checkpoint\SSF_PU_0304-132951\best_pt (val_loss=-0.9884)
03-04 13:30:26 Epoch 030 Train loss -0.9896 zstd=0.3947 | Val loss -0.9884
03-04 13:30:26 -----Epoch 31/49-----
03-04 13:30:26 current lr: 0.0158037
03-04 13:30:26 Saved best checkpoint to ./checkpoint\SSF_PU_0304-132951\best_pt (val_loss=-0.9885)
03-04 13:30:26 Epoch 031 Train loss -0.9896 zstd=0.3945 | Val loss -0.9885
03-04 13:30:26 -----Epoch 32/49-----
03-04 13:30:26 current lr: 0.0143626
03-04 13:30:26 Saved best checkpoint to ./checkpoint\SSF_PU_0304-132951\best_pt (val_loss=-0.9886)
03-04 13:30:26 Epoch 032 Train loss -0.9897 zstd=0.3949 | Val loss -0.9886
03-04 13:30:26 -----Epoch 33/49-----
03-04 13:30:27 current lr: 0.0129636
03-04 13:30:27 Saved best checkpoint to ./checkpoint\SSF_PU_0304-132951\best_pt (val_loss=-0.9887)
03-04 13:30:27 Epoch 033 Train loss -0.9898 zstd=0.3937 | Val loss -0.9887
03-04 13:30:27 -----Epoch 34/49-----
03-04 13:30:27 current lr: 0.011612
03-04 13:30:27 Saved best checkpoint to ./checkpoint\SSF_PU_0304-132951\best_pt (val_loss=-0.9888)
03-04 13:30:27 Epoch 034 Train loss -0.9899 zstd=0.3935 | Val loss -0.9888
03-04 13:30:27 -----Epoch 35/49-----
03-04 13:30:27 current lr: 0.0103133
03-04 13:30:27 Saved best checkpoint to ./checkpoint\SSF_PU_0304-132951\best_pt (val_loss=-0.9889)
03-04 13:30:27 Epoch 035 Train loss -0.9900 zstd=0.3933 | Val loss -0.9889
03-04 13:30:27 -----Epoch 36/49-----
03-04 13:30:28 current lr: 0.00907259
03-04 13:30:28 Saved best checkpoint to ./checkpoint\SSF_PU_0304-132951\best_pt (val_loss=-0.9889)
03-04 13:30:28 Epoch 036 Train loss -0.9901 zstd=0.3934 | Val loss -0.9889
03-04 13:30:28 -----Epoch 37/49-----
03-04 13:30:28 current lr: 0.00789475
03-04 13:30:28 Saved best checkpoint to ./checkpoint\SSF_PU_0304-132951\best_pt (val_loss=-0.9890)
03-04 13:30:28 Epoch 037 Train loss -0.9901 zstd=0.3927 | Val loss -0.9890
03-04 13:30:28 -----Epoch 38/49-----
03-04 13:30:28 current lr: 0.00678443
03-04 13:30:28 Saved best checkpoint to ./checkpoint\SSF_PU_0304-132951\best_pt (val_loss=-0.9890)
03-04 13:30:28 Epoch 038 Train loss -0.9901 zstd=0.3925 | Val loss -0.9890
03-04 13:30:28 -----Epoch 39/49-----
03-04 13:30:29 current lr: 0.00574602
03-04 13:30:29 Saved best checkpoint to ./checkpoint\SSF_PU_0304-132951\best_pt (val_loss=-0.9891)
03-04 13:30:29 Epoch 039 Train loss -0.9902 zstd=0.3927 | Val loss -0.9891
03-04 13:30:29 -----Epoch 40/49-----
03-04 13:30:29 current lr: 0.00478362
03-04 13:30:29 Saved best checkpoint to ./checkpoint\SSF_PU_0304-132951\best_pt (val_loss=-0.9891)
03-04 13:30:29 Epoch 040 Train loss -0.9902 zstd=0.3923 | Val loss -0.9891
03-04 13:30:29 -----Epoch 41/49-----
03-04 13:30:30 current lr: 0.00390102
03-04 13:30:30 Saved best checkpoint to ./checkpoint\SSF_PU_0304-132951\best_pt (val_loss=-0.9891)
03-04 13:30:30 Epoch 041 Train loss -0.9903 zstd=0.3923 | Val loss -0.9891
03-04 13:30:30 -----Epoch 42/49-----
03-04 13:30:30 current lr: 0.00310171
03-04 13:30:30 Saved best checkpoint to ./checkpoint\SSF_PU_0304-132951\best_pt (val_loss=-0.9892)
03-04 13:30:30 Epoch 042 Train loss -0.9903 zstd=0.3920 | Val loss -0.9892
03-04 13:30:30 -----Epoch 43/49-----
03-04 13:30:30 current lr: 0.00238885
03-04 13:30:30 Saved best checkpoint to ./checkpoint\SSF_PU_0304-132951\best_pt (val_loss=-0.9892)
03-04 13:30:30 Epoch 043 Train loss -0.9903 zstd=0.3920 | Val loss -0.9892
03-04 13:30:30 -----Epoch 44/49-----
03-04 13:30:31 current lr: 0.00176524
03-04 13:30:31 Saved best checkpoint to ./checkpoint\SSF_PU_0304-132951\best_pt (val_loss=-0.9892)
03-04 13:30:31 Epoch 044 Train loss -0.9903 zstd=0.3918 | Val loss -0.9892
03-04 13:30:31 -----Epoch 45/49-----
03-04 13:30:31 current lr: 0.00123334
03-04 13:30:31 Saved best checkpoint to ./checkpoint\SSF_PU_0304-132951\best_pt (val_loss=-0.9892)
03-04 13:30:31 Epoch 045 Train loss -0.9902 zstd=0.3920 | Val loss -0.9892
03-04 13:30:31 -----Epoch 46/49-----
03-04 13:30:31 current lr: 0.000795264
03-04 13:30:31 Saved best checkpoint to ./checkpoint\SSF_PU_0304-132951\best_pt (val_loss=-0.9892)
03-04 13:30:31 Epoch 046 Train loss -0.9903 zstd=0.3917 | Val loss -0.9892
03-04 13:30:31 -----Epoch 47/49-----
03-04 13:30:32 current lr: 0.00045273
03-04 13:30:32 Saved best checkpoint to ./checkpoint\SSF_PU_0304-132951\best_pt (val_loss=-0.9892)
03-04 13:30:32 Epoch 047 Train loss -0.9903 zstd=0.3919 | Val loss -0.9892
03-04 13:30:32 -----Epoch 48/49-----
03-04 13:30:32 current lr: 0.000207093
03-04 13:30:32 Saved best checkpoint to ./checkpoint\SSF_PU_0304-132951\best_pt (val_loss=-0.9892)
03-04 13:30:32 Epoch 048 Train loss -0.9903 zstd=0.3916 | Val loss -0.9892
03-04 13:30:32 -----Epoch 49/49-----
03-04 13:30:32 current lr: 5.93219e-05
03-04 13:30:32 No improvement in val_loss for 1/10 epochs.
03-04 13:30:32 Epoch 049 Train loss -0.9903 zstd=0.3916 | Val loss -0.9892
03-04 13:30:33 TEST (last): loss -0.9890
03-04 13:30:33 Loaded best checkpoint from ./checkpoint\SSF_PU_0304-132951\best_pt (val_loss=-0.9892074179649353)
03-04 13:30:33 TEST (best): loss -0.9890
03-04 13:30:33 [LP epoch 00] train_loss=1.4728 train_acc=0.2375 | val_loss=1.4019 val_acc=0.2525 | 
03-04 13:30:33 [LP epoch 01] train_loss=1.4264 train_acc=0.2875 | val_loss=1.3932 val_acc=0.2775 | 
03-04 13:30:33 [LP epoch 02] train_loss=1.3985 train_acc=0.3250 | val_loss=1.3843 val_acc=0.2825 | 
03-04 13:30:33 [LP epoch 03] train_loss=1.3807 train_acc=0.3875 | val_loss=1.3766 val_acc=0.3425 | 
03-04 13:30:34 [LP epoch 04] train_loss=1.3707 train_acc=0.3500 | val_loss=1.3696 val_acc=0.3825 | 
03-04 13:30:34 [LP epoch 05] train_loss=1.3610 train_acc=0.3625 | val_loss=1.3612 val_acc=0.4025 | 
03-04 13:30:34 [LP epoch 06] train_loss=1.3501 train_acc=0.3750 | val_loss=1.3526 val_acc=0.4025 | 
03-04 13:30:34 [LP epoch 07] train_loss=1.3407 train_acc=0.4500 | val_loss=1.3487 val_acc=0.4025 | 
03-04 13:30:34 [LP epoch 08] train_loss=1.3347 train_acc=0.4375 | val_loss=1.3441 val_acc=0.4000 | 
03-04 13:30:34 [LP epoch 09] train_loss=1.3276 train_acc=0.4625 | val_loss=1.3396 val_acc=0.3900 | 
03-04 13:30:35 [LP epoch 10] train_loss=1.3232 train_acc=0.4875 | val_loss=1.3373 val_acc=0.3800 | 
03-04 13:30:35 [LP epoch 11] train_loss=1.3183 train_acc=0.4750 | val_loss=1.3343 val_acc=0.3750 | 
03-04 13:30:35 [LP epoch 12] train_loss=1.3138 train_acc=0.4625 | val_loss=1.3316 val_acc=0.3725 | 
03-04 13:30:35 [LP epoch 13] train_loss=1.3092 train_acc=0.4875 | val_loss=1.3305 val_acc=0.3725 | 
03-04 13:30:35 [LP epoch 14] train_loss=1.3055 train_acc=0.4875 | val_loss=1.3284 val_acc=0.3800 | 
03-04 13:30:35 [LP epoch 15] train_loss=1.3017 train_acc=0.4625 | val_loss=1.3256 val_acc=0.3875 | 
03-04 13:30:36 [LP epoch 16] train_loss=1.2983 train_acc=0.4750 | val_loss=1.3247 val_acc=0.3800 | 
03-04 13:30:36 [LP epoch 17] train_loss=1.2948 train_acc=0.4625 | val_loss=1.3248 val_acc=0.3825 | 
03-04 13:30:36 [LP epoch 18] train_loss=1.2913 train_acc=0.4750 | val_loss=1.3252 val_acc=0.3825 | 
03-04 13:30:36 [LP epoch 19] train_loss=1.2887 train_acc=0.4750 | val_loss=1.3238 val_acc=0.3850 | 
03-04 13:30:36 [LP epoch 20] train_loss=1.2869 train_acc=0.4750 | val_loss=1.3224 val_acc=0.3900 | 
03-04 13:30:37 [LP epoch 21] train_loss=1.2842 train_acc=0.4750 | val_loss=1.3196 val_acc=0.3975 | 
03-04 13:30:37 [LP epoch 22] train_loss=1.2801 train_acc=0.4750 | val_loss=1.3177 val_acc=0.3875 | 
03-04 13:30:37 [LP epoch 23] train_loss=1.2772 train_acc=0.4625 | val_loss=1.3171 val_acc=0.3900 | 
03-04 13:30:37 [LP epoch 24] train_loss=1.2739 train_acc=0.4625 | val_loss=1.3154 val_acc=0.4025 | 
03-04 13:30:37 [LP epoch 25] train_loss=1.2708 train_acc=0.4750 | val_loss=1.3130 val_acc=0.4025 | 
03-04 13:30:37 [LP epoch 26] train_loss=1.2666 train_acc=0.4750 | val_loss=1.3125 val_acc=0.3950 | 
03-04 13:30:38 [LP epoch 27] train_loss=1.2638 train_acc=0.4625 | val_loss=1.3124 val_acc=0.4000 | 
03-04 13:30:38 [LP epoch 28] train_loss=1.2604 train_acc=0.4500 | val_loss=1.3117 val_acc=0.4075 | 
03-04 13:30:38 [LP epoch 29] train_loss=1.2577 train_acc=0.4500 | val_loss=1.3084 val_acc=0.4075 | 
03-04 13:30:38 [LP epoch 30] train_loss=1.2551 train_acc=0.4500 | val_loss=1.3068 val_acc=0.4100 | 
03-04 13:30:38 [LP epoch 31] train_loss=1.2531 train_acc=0.4625 | val_loss=1.3066 val_acc=0.4075 | 
03-04 13:30:39 [LP epoch 32] train_loss=1.2511 train_acc=0.4750 | val_loss=1.3058 val_acc=0.4275 | 
03-04 13:30:39 [LP epoch 33] train_loss=1.2473 train_acc=0.4625 | val_loss=1.3076 val_acc=0.4150 | 
03-04 13:30:39 [LP epoch 34] train_loss=1.2472 train_acc=0.4750 | val_loss=1.3110 val_acc=0.4125 | 
03-04 13:30:39 [LP epoch 35] train_loss=1.2445 train_acc=0.4750 | val_loss=1.3112 val_acc=0.4175 | 
03-04 13:30:39 [LP epoch 36] train_loss=1.2421 train_acc=0.4750 | val_loss=1.3094 val_acc=0.4150 | 
03-04 13:30:39 [LP epoch 37] train_loss=1.2385 train_acc=0.4875 | val_loss=1.3089 val_acc=0.3925 | 
03-04 13:30:40 [LP epoch 38] train_loss=1.2361 train_acc=0.4750 | val_loss=1.3093 val_acc=0.4150 | 
03-04 13:30:40 [LP epoch 39] train_loss=1.2357 train_acc=0.5000 | val_loss=1.3080 val_acc=0.4125 | 
03-04 13:30:40 [LP epoch 40] train_loss=1.2341 train_acc=0.4875 | val_loss=1.3070 val_acc=0.4150 | 
03-04 13:30:40 [LP epoch 41] train_loss=1.2319 train_acc=0.5125 | val_loss=1.3093 val_acc=0.4025 | 
03-04 13:30:40 [LP epoch 42] train_loss=1.2294 train_acc=0.5250 | val_loss=1.3117 val_acc=0.4075 | 
03-04 13:30:40 [LP epoch 43] train_loss=1.2279 train_acc=0.5125 | val_loss=1.3126 val_acc=0.4100 | 
03-04 13:30:41 [LP epoch 44] train_loss=1.2255 train_acc=0.5500 | val_loss=1.3128 val_acc=0.4075 | 
03-04 13:30:41 [LP epoch 45] train_loss=1.2219 train_acc=0.5375 | val_loss=1.3103 val_acc=0.4150 | 
03-04 13:30:41 [LP epoch 46] train_loss=1.2228 train_acc=0.5500 | val_loss=1.3098 val_acc=0.4075 | 
03-04 13:30:41 [LP epoch 47] train_loss=1.2202 train_acc=0.5500 | val_loss=1.3116 val_acc=0.4000 | 
03-04 13:30:41 [LP epoch 48] train_loss=1.2182 train_acc=0.5750 | val_loss=1.3084 val_acc=0.4200 | 
03-04 13:30:41 [LP epoch 49] train_loss=1.2175 train_acc=0.5375 | val_loss=1.3079 val_acc=0.4075 | 
03-04 13:30:41 Saved linear-probe checkpoint: ./checkpoint\SSF_PU_0304-132951\linear_probe_best.pt (best_val_acc=0.4275)
03-04 13:30:42 TEST linear-probe: loss=1.3243 acc=0.3925
03-04 13:30:42 model_name: SSF
03-04 13:30:42 data_name: PU
03-04 13:30:42 aug_1: randomcrop
03-04 13:30:42 aug_2: scale
03-04 13:30:42 max_epoch: 50
03-04 13:30:42 classifier_epoch: 50
03-04 13:30:42 data_view: TwoViewDataset
03-04 13:30:42 cuda_device: 0
03-04 13:30:42 checkpoint_dir: ./checkpoint
03-04 13:30:42 batch_size: 64
03-04 13:30:42 data_dir: raw_data/PU
03-04 13:30:42 out_channel: 4
03-04 13:30:42 normlizetype: minus_one_one
03-04 13:30:42 processing_type: RA
03-04 13:30:42 opt: sgd
03-04 13:30:42 lr: 0.05
03-04 13:30:42 momentum: 0.9
03-04 13:30:42 weight_decay: 0.0001
03-04 13:30:42 lr_scheduler: cos
03-04 13:30:42 gamma: 0.95
03-04 13:30:42 eta_min: 1e-05
03-04 13:30:42 latent_space: 64
03-04 13:30:42 num_blocks_ssf: 3
03-04 13:30:42 hidden_channel: 256
03-04 13:30:42 task: self_supervised
03-04 13:30:42 critetion: <class 'utils.loss_SSL.SimSiamLoss'>
03-04 13:30:42 using 1 gpus
03-04 13:30:42 Dataset class: <class 'data_utils.datasets.PU.PU'>
03-04 13:30:42 Split sizes: train=400 val=400 test=400, classier=80
03-04 13:30:42 Label counts train: Counter({0: 100, 1: 100, 2: 100, 3: 100})
03-04 13:30:42 Label counts val:   Counter({0: 100, 1: 100, 2: 100, 3: 100})
03-04 13:30:42 Label counts test:  Counter({0: 100, 1: 100, 2: 100, 3: 100})
03-04 13:30:43 Label counts classifier:  Counter({0: 20, 1: 20, 2: 20, 3: 20})
03-04 13:30:43 -----Epoch 0/49-----
03-04 13:30:43 current lr: 0.05
03-04 13:30:43 Saved best checkpoint to ./checkpoint\SSF_PU_0304-132951\best_pt (val_loss=-0.6949)
03-04 13:30:43 Epoch 000 Train loss -0.4118 zstd=0.2556 | Val loss -0.6949
03-04 13:30:43 -----Epoch 1/49-----
03-04 13:30:43 current lr: 0.0499507
03-04 13:30:43 Saved best checkpoint to ./checkpoint\SSF_PU_0304-132951\best_pt (val_loss=-0.8460)
03-04 13:30:43 Epoch 001 Train loss -0.9184 zstd=0.3443 | Val loss -0.8460
03-04 13:30:43 -----Epoch 2/49-----
03-04 13:30:43 current lr: 0.0498029
03-04 13:30:43 Saved best checkpoint to ./checkpoint\SSF_PU_0304-132951\best_pt (val_loss=-0.9265)
03-04 13:30:43 Epoch 002 Train loss -0.9492 zstd=0.3523 | Val loss -0.9265
03-04 13:30:43 -----Epoch 3/49-----
03-04 13:30:44 current lr: 0.0495573
03-04 13:30:44 Saved best checkpoint to ./checkpoint\SSF_PU_0304-132951\best_pt (val_loss=-0.9556)
03-04 13:30:44 Epoch 003 Train loss -0.9602 zstd=0.3541 | Val loss -0.9556
03-04 13:30:44 -----Epoch 4/49-----
03-04 13:30:44 current lr: 0.0492147
03-04 13:30:44 Saved best checkpoint to ./checkpoint\SSF_PU_0304-132951\best_pt (val_loss=-0.9670)
03-04 13:30:44 Epoch 004 Train loss -0.9688 zstd=0.3515 | Val loss -0.9670
03-04 13:30:44 -----Epoch 5/49-----
03-04 13:30:44 current lr: 0.0487767
03-04 13:30:44 Saved best checkpoint to ./checkpoint\SSF_PU_0304-132951\best_pt (val_loss=-0.9727)
03-04 13:30:44 Epoch 005 Train loss -0.9750 zstd=0.3479 | Val loss -0.9727
03-04 13:30:44 -----Epoch 6/49-----
03-04 13:30:45 current lr: 0.0482448
03-04 13:30:45 Saved best checkpoint to ./checkpoint\SSF_PU_0304-132951\best_pt (val_loss=-0.9762)
03-04 13:30:45 Epoch 006 Train loss -0.9789 zstd=0.3449 | Val loss -0.9762
03-04 13:30:45 -----Epoch 7/49-----
03-04 13:30:45 current lr: 0.0476212
03-04 13:30:45 Saved best checkpoint to ./checkpoint\SSF_PU_0304-132951\best_pt (val_loss=-0.9788)
03-04 13:30:45 Epoch 007 Train loss -0.9813 zstd=0.3427 | Val loss -0.9788
03-04 13:30:45 -----Epoch 8/49-----
03-04 13:30:45 current lr: 0.0469083
03-04 13:30:45 Saved best checkpoint to ./checkpoint\SSF_PU_0304-132951\best_pt (val_loss=-0.9808)
03-04 13:30:45 Epoch 008 Train loss -0.9832 zstd=0.3424 | Val loss -0.9808
03-04 13:30:45 -----Epoch 9/49-----
03-04 13:30:46 current lr: 0.046109
03-04 13:30:46 Saved best checkpoint to ./checkpoint\SSF_PU_0304-132951\best_pt (val_loss=-0.9824)
03-04 13:30:46 Epoch 009 Train loss -0.9846 zstd=0.3411 | Val loss -0.9824
03-04 13:30:46 -----Epoch 10/49-----
03-04 13:30:46 current lr: 0.0452264
03-04 13:30:46 Saved best checkpoint to ./checkpoint\SSF_PU_0304-132951\best_pt (val_loss=-0.9838)
03-04 13:30:46 Epoch 010 Train loss -0.9858 zstd=0.3407 | Val loss -0.9838
03-04 13:30:46 -----Epoch 11/49-----
03-04 13:30:46 current lr: 0.044264
03-04 13:30:46 Saved best checkpoint to ./checkpoint\SSF_PU_0304-132951\best_pt (val_loss=-0.9849)
03-04 13:30:46 Epoch 011 Train loss -0.9868 zstd=0.3399 | Val loss -0.9849
03-04 13:30:46 -----Epoch 12/49-----
03-04 13:30:46 current lr: 0.0432256
03-04 13:30:46 Saved best checkpoint to ./checkpoint\SSF_PU_0304-132951\best_pt (val_loss=-0.9857)
03-04 13:30:46 Epoch 012 Train loss -0.9875 zstd=0.3395 | Val loss -0.9857
03-04 13:30:46 -----Epoch 13/49-----
03-04 13:30:47 current lr: 0.0421153
03-04 13:30:47 Saved best checkpoint to ./checkpoint\SSF_PU_0304-132951\best_pt (val_loss=-0.9863)
03-04 13:30:47 Epoch 013 Train loss -0.9881 zstd=0.3382 | Val loss -0.9863
03-04 13:30:47 -----Epoch 14/49-----
