02-24 11:28:35 model_name: SSF
02-24 11:28:35 data_name: PU
02-24 11:28:35 aug_1: normal
02-24 11:28:35 aug_2: randomcrop
02-24 11:28:35 max_epoch: 20
02-24 11:28:35 classifier_epoch: 50
02-24 11:28:35 data_view: TwoViewDataset
02-24 11:28:35 cuda_device: 0
02-24 11:28:35 checkpoint_dir: ./checkpoint
02-24 11:28:35 batch_size: 32
02-24 11:28:35 data_dir: raw_data/PU
02-24 11:28:35 out_channel: 4
02-24 11:28:35 normlizetype: minus_one_one
02-24 11:28:35 processing_type: RA
02-24 11:28:35 opt: sgd
02-24 11:28:35 lr: 0.01
02-24 11:28:35 momentum: 0.9
02-24 11:28:35 weight_decay: 1e-05
02-24 11:28:35 lr_scheduler: cos
02-24 11:28:35 gamma: 0.1
02-24 11:28:35 eta_min: 1e-05
02-24 11:28:35 latent_space: 256
02-24 11:28:35 task: self_supervised
02-24 11:28:35 critetion: <class 'utils.loss_SSL.SimSiamLoss'>
02-24 11:28:35 using 1 gpus
02-24 11:28:35 Dataset class: <class 'data_utils.datasets.PU.PU'>
02-24 11:28:36 Split sizes: train=22502 val=2411 test=4823, classier=2411
02-24 11:28:37 Label counts train: Counter({1: 8481, 3: 7718, 0: 4201, 2: 2102})
02-24 11:28:38 Label counts val:   Counter({1: 908, 3: 827, 0: 450, 2: 226})
02-24 11:28:38 Label counts test:  Counter({1: 1818, 3: 1654, 0: 901, 2: 450})
02-24 11:28:38 Label counts classifier:  Counter({1: 909, 3: 827, 0: 450, 2: 225})
02-24 11:28:40 Loaded best checkpoint from ./checkpoint/SSF_PU_0224-112038/best_pt (val_loss=-0.9765873131589838)
02-24 11:28:42 [LP epoch 00] train_loss=1.1729 train_acc=0.4616 | val_loss=2609.9548 val_acc=0.5326 | 
02-24 11:28:43 [LP epoch 01] train_loss=1.0752 train_acc=0.5077 | val_loss=2518.1540 val_acc=0.5380 | 
02-24 11:28:44 [LP epoch 02] train_loss=1.0432 train_acc=0.5189 | val_loss=2458.8891 val_acc=0.5483 | 
02-24 11:28:46 [LP epoch 03] train_loss=1.0155 train_acc=0.5342 | val_loss=2382.9129 val_acc=0.5732 | 
02-24 11:28:47 [LP epoch 04] train_loss=1.0030 train_acc=0.5504 | val_loss=2355.2673 val_acc=0.5599 | 
02-24 11:28:49 [LP epoch 05] train_loss=0.9772 train_acc=0.5616 | val_loss=2341.9943 val_acc=0.5666 | 
02-24 11:28:50 [LP epoch 06] train_loss=0.9654 train_acc=0.5786 | val_loss=2298.9690 val_acc=0.5840 | 
02-24 11:28:51 [LP epoch 07] train_loss=0.9519 train_acc=0.5832 | val_loss=2277.8381 val_acc=0.5848 | 
02-24 11:28:53 [LP epoch 08] train_loss=0.9391 train_acc=0.5819 | val_loss=2248.3000 val_acc=0.5952 | 
02-24 11:28:54 [LP epoch 09] train_loss=0.9306 train_acc=0.5865 | val_loss=2229.6057 val_acc=0.5948 | 
02-24 11:28:56 [LP epoch 10] train_loss=0.9232 train_acc=0.5915 | val_loss=2200.4783 val_acc=0.5923 | 
02-24 11:28:57 [LP epoch 11] train_loss=0.9051 train_acc=0.5968 | val_loss=2180.4570 val_acc=0.5960 | 
02-24 11:28:59 [LP epoch 12] train_loss=0.9001 train_acc=0.6002 | val_loss=2168.1514 val_acc=0.6155 | 
02-24 11:29:00 [LP epoch 13] train_loss=0.8857 train_acc=0.6056 | val_loss=2150.2716 val_acc=0.6064 | 
02-24 11:29:02 [LP epoch 14] train_loss=0.8870 train_acc=0.6080 | val_loss=2091.6047 val_acc=0.6284 | 
02-24 11:29:03 [LP epoch 15] train_loss=0.8705 train_acc=0.6134 | val_loss=2127.4747 val_acc=0.6130 | 
02-24 11:29:05 [LP epoch 16] train_loss=0.8684 train_acc=0.6172 | val_loss=2105.8775 val_acc=0.6159 | 
02-24 11:29:06 [LP epoch 17] train_loss=0.8583 train_acc=0.6197 | val_loss=2075.0611 val_acc=0.6217 | 
02-24 11:29:08 [LP epoch 18] train_loss=0.8552 train_acc=0.6230 | val_loss=2047.1839 val_acc=0.6300 | 
02-24 11:29:09 [LP epoch 19] train_loss=0.8490 train_acc=0.6263 | val_loss=2041.9775 val_acc=0.6325 | 
02-24 11:29:11 [LP epoch 20] train_loss=0.8421 train_acc=0.6296 | val_loss=2072.7369 val_acc=0.6296 | 
02-24 11:29:12 [LP epoch 21] train_loss=0.8324 train_acc=0.6346 | val_loss=2014.6358 val_acc=0.6354 | 
02-24 11:29:14 [LP epoch 22] train_loss=0.8230 train_acc=0.6421 | val_loss=2015.7952 val_acc=0.6375 | 
02-24 11:29:15 [LP epoch 23] train_loss=0.8213 train_acc=0.6416 | val_loss=1987.3706 val_acc=0.6404 | 
02-24 11:29:17 [LP epoch 24] train_loss=0.8121 train_acc=0.6371 | val_loss=1988.2444 val_acc=0.6437 | 
02-24 11:29:18 [LP epoch 25] train_loss=0.8103 train_acc=0.6470 | val_loss=2021.4782 val_acc=0.6333 | 
02-24 11:29:20 [LP epoch 26] train_loss=0.8028 train_acc=0.6458 | val_loss=1933.4974 val_acc=0.6570 | 
02-24 11:29:21 [LP epoch 27] train_loss=0.7918 train_acc=0.6533 | val_loss=1970.0174 val_acc=0.6421 | 
02-24 11:29:23 [LP epoch 28] train_loss=0.7902 train_acc=0.6545 | val_loss=1939.1122 val_acc=0.6541 | 
02-24 11:29:24 [LP epoch 29] train_loss=0.7839 train_acc=0.6624 | val_loss=1928.9553 val_acc=0.6603 | 
02-24 11:29:26 [LP epoch 30] train_loss=0.7863 train_acc=0.6582 | val_loss=1933.1245 val_acc=0.6545 | 
02-24 11:29:27 [LP epoch 31] train_loss=0.7823 train_acc=0.6599 | val_loss=1939.2202 val_acc=0.6520 | 
02-24 11:29:28 [LP epoch 32] train_loss=0.7703 train_acc=0.6719 | val_loss=1908.1299 val_acc=0.6570 | 
02-24 11:29:30 [LP epoch 33] train_loss=0.7661 train_acc=0.6723 | val_loss=1902.3773 val_acc=0.6628 | 
02-24 11:29:32 [LP epoch 34] train_loss=0.7625 train_acc=0.6740 | val_loss=1881.8502 val_acc=0.6719 | 
02-24 11:29:33 [LP epoch 35] train_loss=0.7550 train_acc=0.6727 | val_loss=1881.5098 val_acc=0.6690 | 
02-24 11:29:34 [LP epoch 36] train_loss=0.7494 train_acc=0.6815 | val_loss=1880.7215 val_acc=0.6657 | 
02-24 11:29:36 [LP epoch 37] train_loss=0.7421 train_acc=0.6864 | val_loss=1887.1691 val_acc=0.6674 | 
02-24 11:29:38 [LP epoch 38] train_loss=0.7459 train_acc=0.6682 | val_loss=1899.3361 val_acc=0.6632 | 
02-24 11:29:39 [LP epoch 39] train_loss=0.7456 train_acc=0.6802 | val_loss=1885.3267 val_acc=0.6674 | 
02-24 11:29:41 [LP epoch 40] train_loss=0.7421 train_acc=0.6819 | val_loss=1851.2991 val_acc=0.6723 | 
02-24 11:29:43 [LP epoch 41] train_loss=0.7381 train_acc=0.6819 | val_loss=1853.8386 val_acc=0.6711 | 
02-24 11:29:44 [LP epoch 42] train_loss=0.7337 train_acc=0.6831 | val_loss=1840.6555 val_acc=0.6748 | 
02-24 11:29:46 [LP epoch 43] train_loss=0.7270 train_acc=0.6831 | val_loss=1862.0729 val_acc=0.6732 | 
02-24 11:29:47 [LP epoch 44] train_loss=0.7286 train_acc=0.6873 | val_loss=1841.4855 val_acc=0.6727 | 
02-24 11:29:49 [LP epoch 45] train_loss=0.7232 train_acc=0.6823 | val_loss=1862.4386 val_acc=0.6715 | 
02-24 11:29:50 [LP epoch 46] train_loss=0.7268 train_acc=0.6927 | val_loss=1827.9916 val_acc=0.6665 | 
02-24 11:29:52 [LP epoch 47] train_loss=0.7150 train_acc=0.6844 | val_loss=1860.6848 val_acc=0.6703 | 
02-24 11:29:53 [LP epoch 48] train_loss=0.7131 train_acc=0.6910 | val_loss=1842.0741 val_acc=0.6698 | 
02-24 11:29:54 [LP epoch 49] train_loss=0.7123 train_acc=0.6960 | val_loss=1850.1016 val_acc=0.6707 | 
02-24 11:29:54 Saved linear-probe checkpoint: ./checkpoint\SSF_PU_0224-112835\linear_probe_best.pt (best_val_acc=0.6748)
02-24 11:29:55 TEST linear-probe: loss=0.7793 acc=0.6593
02-24 11:29:55 using 1 gpus
02-24 11:29:55 Dataset class: <class 'data_utils.datasets.PU.PU'>
02-24 11:29:56 Split sizes: train=22502 val=2411 test=4823, classier=2411
