02-24 10:43:27 model_name: SSF
02-24 10:43:27 data_name: CWRU
02-24 10:43:27 aug_1: normal
02-24 10:43:27 aug_2: randomcrop
02-24 10:43:27 max_epoch: 5
02-24 10:43:27 classifier_epoch: 50
02-24 10:43:27 data_view: TwoViewDataset
02-24 10:43:27 cuda_device: 0
02-24 10:43:27 checkpoint_dir: ./checkpoint
02-24 10:43:27 batch_size: 32
02-24 10:43:27 data_dir: raw_data/CWRU
02-24 10:43:27 out_channel: 4
02-24 10:43:27 normlizetype: minus_one_one
02-24 10:43:27 processing_type: RA
02-24 10:43:27 opt: sgd
02-24 10:43:27 lr: 0.01
02-24 10:43:27 momentum: 0.9
02-24 10:43:27 weight_decay: 1e-05
02-24 10:43:27 lr_scheduler: cos
02-24 10:43:27 gamma: 0.1
02-24 10:43:27 eta_min: 1e-05
02-24 10:43:27 latent_space: 256
02-24 10:43:27 task: self_supervised
02-24 10:43:27 critetion: <class 'utils.loss_SSL.SimSiamLoss'>
02-24 10:43:27 using 1 gpus
02-24 10:43:27 Dataset class: <class 'data_utils.datasets.CWRU.CWRU'>
02-24 10:43:27 Split sizes: train=2156 val=231 test=462, classier=231
02-24 10:43:27 Label counts train: Counter({0: 1159, 1: 333, 3: 333, 2: 331})
02-24 10:43:27 Label counts val:   Counter({0: 124, 1: 36, 3: 36, 2: 35})
02-24 10:43:27 Label counts test:  Counter({0: 249, 2: 71, 3: 71, 1: 71})
02-24 10:43:27 Label counts classifier:  Counter({0: 124, 2: 36, 1: 36, 3: 35})
02-24 10:43:29 -----Epoch 0/4-----
02-24 10:43:31 current lr: 0.01
02-24 10:43:31 Saved best checkpoint to ./checkpoint\SSF_CWRU_0224-104327\best_pt (val_loss=-0.3010)
02-24 10:43:31 Epoch 000 Train loss -0.1499 | Val loss -0.3010
02-24 10:43:31 -----Epoch 1/4-----
02-24 10:43:33 current lr: 0.00904604
02-24 10:43:33 Saved best checkpoint to ./checkpoint\SSF_CWRU_0224-104327\best_pt (val_loss=-0.5563)
02-24 10:43:33 Epoch 001 Train loss -0.4412 | Val loss -0.5563
02-24 10:43:33 -----Epoch 2/4-----
02-24 10:43:34 current lr: 0.00654854
02-24 10:43:34 Saved best checkpoint to ./checkpoint\SSF_CWRU_0224-104327\best_pt (val_loss=-0.6672)
02-24 10:43:34 Epoch 002 Train loss -0.6119 | Val loss -0.6672
02-24 10:43:34 -----Epoch 3/4-----
02-24 10:43:36 current lr: 0.00346146
02-24 10:43:36 Saved best checkpoint to ./checkpoint\SSF_CWRU_0224-104327\best_pt (val_loss=-0.7104)
02-24 10:43:36 Epoch 003 Train loss -0.6879 | Val loss -0.7104
02-24 10:43:36 -----Epoch 4/4-----
02-24 10:43:38 current lr: 0.00096396
02-24 10:43:38 Saved best checkpoint to ./checkpoint\SSF_CWRU_0224-104327\best_pt (val_loss=-0.7225)
02-24 10:43:38 Epoch 004 Train loss -0.7153 | Val loss -0.7225
02-24 10:43:38 TEST (last): loss -0.7255
02-24 10:43:38 [LP epoch 00] train_loss=0.7362 train_acc=0.8182 | val_loss=200.0695 val_acc=0.8658 | 
02-24 10:43:38 [LP epoch 01] train_loss=0.3014 train_acc=0.9610 | val_loss=111.5766 val_acc=0.9048 | 
02-24 10:43:38 [LP epoch 02] train_loss=0.2142 train_acc=0.9697 | val_loss=68.5141 val_acc=0.9091 | 
02-24 10:43:38 [LP epoch 03] train_loss=0.1634 train_acc=0.9827 | val_loss=47.3353 val_acc=0.9177 | 
02-24 10:43:39 [LP epoch 04] train_loss=0.1270 train_acc=0.9957 | val_loss=32.2320 val_acc=0.9524 | 
02-24 10:43:39 [LP epoch 05] train_loss=0.1008 train_acc=1.0000 | val_loss=20.1046 val_acc=0.9913 | 
02-24 10:43:39 [LP epoch 06] train_loss=0.0803 train_acc=1.0000 | val_loss=12.4384 val_acc=0.9957 | 
02-24 10:43:39 [LP epoch 07] train_loss=0.0655 train_acc=1.0000 | val_loss=9.1197 val_acc=0.9957 | 
02-24 10:43:39 [LP epoch 08] train_loss=0.0536 train_acc=1.0000 | val_loss=7.6126 val_acc=0.9957 | 
02-24 10:43:39 [LP epoch 09] train_loss=0.0456 train_acc=1.0000 | val_loss=6.2819 val_acc=0.9957 | 
02-24 10:43:39 [LP epoch 10] train_loss=0.0384 train_acc=1.0000 | val_loss=5.4246 val_acc=0.9957 | 
02-24 10:43:39 [LP epoch 11] train_loss=0.0330 train_acc=1.0000 | val_loss=4.6640 val_acc=0.9957 | 
02-24 10:43:40 [LP epoch 12] train_loss=0.0285 train_acc=1.0000 | val_loss=4.0915 val_acc=0.9957 | 
02-24 10:43:40 [LP epoch 13] train_loss=0.0252 train_acc=1.0000 | val_loss=3.4675 val_acc=0.9957 | 
02-24 10:43:40 [LP epoch 14] train_loss=0.0223 train_acc=1.0000 | val_loss=3.0131 val_acc=0.9957 | 
02-24 10:43:40 [LP epoch 15] train_loss=0.0201 train_acc=1.0000 | val_loss=2.5896 val_acc=0.9957 | 
02-24 10:43:40 [LP epoch 16] train_loss=0.0181 train_acc=1.0000 | val_loss=2.2717 val_acc=0.9957 | 
02-24 10:43:40 [LP epoch 17] train_loss=0.0165 train_acc=1.0000 | val_loss=2.0127 val_acc=0.9957 | 
02-24 10:43:40 [LP epoch 18] train_loss=0.0151 train_acc=1.0000 | val_loss=1.9108 val_acc=0.9957 | 
02-24 10:43:40 [LP epoch 19] train_loss=0.0139 train_acc=1.0000 | val_loss=1.6608 val_acc=0.9957 | 
02-24 10:43:41 [LP epoch 20] train_loss=0.0129 train_acc=1.0000 | val_loss=1.5428 val_acc=0.9957 | 
02-24 10:43:41 [LP epoch 21] train_loss=0.0119 train_acc=1.0000 | val_loss=1.4742 val_acc=0.9957 | 
02-24 10:43:41 [LP epoch 22] train_loss=0.0110 train_acc=1.0000 | val_loss=1.4198 val_acc=0.9957 | 
02-24 10:43:41 [LP epoch 23] train_loss=0.0103 train_acc=1.0000 | val_loss=1.3083 val_acc=0.9957 | 
02-24 10:43:41 [LP epoch 24] train_loss=0.0097 train_acc=1.0000 | val_loss=1.2305 val_acc=1.0000 | 
02-24 10:43:41 [LP epoch 25] train_loss=0.0091 train_acc=1.0000 | val_loss=1.1467 val_acc=1.0000 | 
02-24 10:43:41 [LP epoch 26] train_loss=0.0085 train_acc=1.0000 | val_loss=1.1047 val_acc=1.0000 | 
02-24 10:43:41 [LP epoch 27] train_loss=0.0080 train_acc=1.0000 | val_loss=1.0063 val_acc=1.0000 | 
02-24 10:43:42 [LP epoch 28] train_loss=0.0075 train_acc=1.0000 | val_loss=0.9585 val_acc=1.0000 | 
02-24 10:43:42 [LP epoch 29] train_loss=0.0071 train_acc=1.0000 | val_loss=0.8670 val_acc=1.0000 | 
02-24 10:43:42 [LP epoch 30] train_loss=0.0068 train_acc=1.0000 | val_loss=0.8427 val_acc=1.0000 | 
02-24 10:43:42 [LP epoch 31] train_loss=0.0064 train_acc=1.0000 | val_loss=0.7953 val_acc=1.0000 | 
02-24 10:43:42 [LP epoch 32] train_loss=0.0061 train_acc=1.0000 | val_loss=0.7751 val_acc=1.0000 | 
02-24 10:43:42 [LP epoch 33] train_loss=0.0058 train_acc=1.0000 | val_loss=0.7058 val_acc=1.0000 | 
02-24 10:43:42 [LP epoch 34] train_loss=0.0055 train_acc=1.0000 | val_loss=0.7004 val_acc=1.0000 | 
02-24 10:43:42 [LP epoch 35] train_loss=0.0053 train_acc=1.0000 | val_loss=0.6604 val_acc=1.0000 | 
02-24 10:43:43 [LP epoch 36] train_loss=0.0050 train_acc=1.0000 | val_loss=0.6455 val_acc=1.0000 | 
02-24 10:43:43 [LP epoch 37] train_loss=0.0048 train_acc=1.0000 | val_loss=0.6205 val_acc=1.0000 | 
02-24 10:43:43 [LP epoch 38] train_loss=0.0046 train_acc=1.0000 | val_loss=0.6060 val_acc=1.0000 | 
02-24 10:43:43 [LP epoch 39] train_loss=0.0044 train_acc=1.0000 | val_loss=0.5678 val_acc=1.0000 | 
02-24 10:43:43 [LP epoch 40] train_loss=0.0042 train_acc=1.0000 | val_loss=0.5584 val_acc=1.0000 | 
02-24 10:43:43 [LP epoch 41] train_loss=0.0041 train_acc=1.0000 | val_loss=0.5201 val_acc=1.0000 | 
02-24 10:43:43 [LP epoch 42] train_loss=0.0039 train_acc=1.0000 | val_loss=0.4973 val_acc=1.0000 | 
02-24 10:43:43 [LP epoch 43] train_loss=0.0038 train_acc=1.0000 | val_loss=0.4702 val_acc=1.0000 | 
02-24 10:43:44 [LP epoch 44] train_loss=0.0036 train_acc=1.0000 | val_loss=0.4707 val_acc=1.0000 | 
02-24 10:43:44 [LP epoch 45] train_loss=0.0035 train_acc=1.0000 | val_loss=0.4568 val_acc=1.0000 | 
02-24 10:43:44 [LP epoch 46] train_loss=0.0034 train_acc=1.0000 | val_loss=0.4480 val_acc=1.0000 | 
02-24 10:43:44 [LP epoch 47] train_loss=0.0033 train_acc=1.0000 | val_loss=0.4141 val_acc=1.0000 | 
02-24 10:43:44 [LP epoch 48] train_loss=0.0031 train_acc=1.0000 | val_loss=0.4129 val_acc=1.0000 | 
02-24 10:43:44 [LP epoch 49] train_loss=0.0030 train_acc=1.0000 | val_loss=0.3972 val_acc=1.0000 | 
02-24 10:43:44 Saved linear-probe checkpoint: ./checkpoint\SSF_CWRU_0224-104327\linear_probe_best.pt (best_val_acc=1.0000)
02-24 10:43:44 TEST linear-probe: loss=0.0050 acc=0.9957
02-24 10:43:44 using 1 gpus
02-24 10:43:44 Dataset class: <class 'data_utils.datasets.CWRU.CWRU'>
02-24 10:43:44 Split sizes: train=2156 val=231 test=462, classier=231
02-24 10:43:44 Label counts train: Counter({0: 1159, 1: 333, 3: 333, 2: 331})
02-24 10:43:44 Label counts val:   Counter({0: 124, 1: 36, 3: 36, 2: 35})
02-24 10:43:44 Label counts test:  Counter({0: 249, 2: 71, 3: 71, 1: 71})
02-24 10:43:44 Label counts classifier:  Counter({0: 124, 2: 36, 1: 36, 3: 35})
02-24 10:43:44 -----Epoch 0/4-----
02-24 10:43:46 current lr: 0.01
02-24 10:43:46 Saved best checkpoint to ./checkpoint\SSF_CWRU_0224-104327\best_pt (val_loss=-0.3934)
02-24 10:43:46 Epoch 000 Train loss -0.2500 | Val loss -0.3934
02-24 10:43:46 -----Epoch 1/4-----
02-24 10:43:48 current lr: 0.00904604
02-24 10:43:48 Saved best checkpoint to ./checkpoint\SSF_CWRU_0224-104327\best_pt (val_loss=-0.5815)
02-24 10:43:48 Epoch 001 Train loss -0.4872 | Val loss -0.5815
02-24 10:43:48 -----Epoch 2/4-----
02-24 10:43:50 current lr: 0.00654854
02-24 10:43:50 Saved best checkpoint to ./checkpoint\SSF_CWRU_0224-104327\best_pt (val_loss=-0.6766)
02-24 10:43:50 Epoch 002 Train loss -0.6284 | Val loss -0.6766
02-24 10:43:50 -----Epoch 3/4-----
02-24 10:43:51 current lr: 0.00346146
02-24 10:43:51 Saved best checkpoint to ./checkpoint\SSF_CWRU_0224-104327\best_pt (val_loss=-0.7160)
02-24 10:43:51 Epoch 003 Train loss -0.6975 | Val loss -0.7160
02-24 10:43:51 -----Epoch 4/4-----
02-24 10:43:53 current lr: 0.00096396
02-24 10:43:53 Saved best checkpoint to ./checkpoint\SSF_CWRU_0224-104327\best_pt (val_loss=-0.7260)
02-24 10:43:53 Epoch 004 Train loss -0.7228 | Val loss -0.7260
02-24 10:43:53 TEST (last): loss -0.7308
02-24 10:43:53 [LP epoch 00] train_loss=0.7251 train_acc=0.8139 | val_loss=216.0983 val_acc=0.8745 | 
02-24 10:43:54 [LP epoch 01] train_loss=0.2971 train_acc=0.9524 | val_loss=122.4100 val_acc=0.8831 | 
02-24 10:43:54 [LP epoch 02] train_loss=0.2203 train_acc=0.9610 | val_loss=71.3484 val_acc=0.9134 | 
02-24 10:43:54 [LP epoch 03] train_loss=0.1746 train_acc=0.9784 | val_loss=48.9359 val_acc=0.9177 | 
02-24 10:43:54 [LP epoch 04] train_loss=0.1365 train_acc=0.9870 | val_loss=35.5965 val_acc=0.9351 | 
02-24 10:43:54 [LP epoch 05] train_loss=0.1074 train_acc=0.9913 | val_loss=24.6961 val_acc=0.9827 | 
02-24 10:43:54 [LP epoch 06] train_loss=0.0860 train_acc=1.0000 | val_loss=15.7019 val_acc=0.9957 | 
02-24 10:43:54 [LP epoch 07] train_loss=0.0703 train_acc=1.0000 | val_loss=10.7966 val_acc=0.9957 | 
02-24 10:43:54 [LP epoch 08] train_loss=0.0613 train_acc=1.0000 | val_loss=8.3002 val_acc=0.9957 | 
02-24 10:43:55 [LP epoch 09] train_loss=0.0504 train_acc=1.0000 | val_loss=7.1171 val_acc=0.9957 | 
02-24 10:43:55 [LP epoch 10] train_loss=0.0432 train_acc=1.0000 | val_loss=6.6623 val_acc=0.9957 | 
02-24 10:43:55 [LP epoch 11] train_loss=0.0365 train_acc=1.0000 | val_loss=6.0251 val_acc=0.9957 | 
02-24 10:43:55 [LP epoch 12] train_loss=0.0317 train_acc=1.0000 | val_loss=5.2895 val_acc=0.9957 | 
02-24 10:43:55 [LP epoch 13] train_loss=0.0277 train_acc=1.0000 | val_loss=4.6938 val_acc=0.9957 | 
02-24 10:43:55 [LP epoch 14] train_loss=0.0246 train_acc=1.0000 | val_loss=4.2227 val_acc=0.9957 | 
02-24 10:43:55 [LP epoch 15] train_loss=0.0217 train_acc=1.0000 | val_loss=4.1165 val_acc=0.9957 | 
02-24 10:43:55 [LP epoch 16] train_loss=0.0196 train_acc=1.0000 | val_loss=3.4781 val_acc=0.9957 | 
02-24 10:43:56 [LP epoch 17] train_loss=0.0179 train_acc=1.0000 | val_loss=3.4375 val_acc=0.9957 | 
02-24 10:43:56 [LP epoch 18] train_loss=0.0166 train_acc=1.0000 | val_loss=3.2603 val_acc=0.9957 | 
02-24 10:43:56 [LP epoch 19] train_loss=0.0153 train_acc=1.0000 | val_loss=2.9216 val_acc=0.9957 | 
02-24 10:43:56 [LP epoch 20] train_loss=0.0140 train_acc=1.0000 | val_loss=2.7863 val_acc=0.9957 | 
02-24 10:43:56 [LP epoch 21] train_loss=0.0127 train_acc=1.0000 | val_loss=2.6261 val_acc=0.9957 | 
02-24 10:43:56 [LP epoch 22] train_loss=0.0118 train_acc=1.0000 | val_loss=2.3679 val_acc=0.9957 | 
02-24 10:43:56 [LP epoch 23] train_loss=0.0111 train_acc=1.0000 | val_loss=2.2537 val_acc=0.9957 | 
02-24 10:43:56 [LP epoch 24] train_loss=0.0104 train_acc=1.0000 | val_loss=2.2294 val_acc=0.9957 | 
02-24 10:43:57 [LP epoch 25] train_loss=0.0097 train_acc=1.0000 | val_loss=1.9515 val_acc=0.9957 | 
02-24 10:43:57 [LP epoch 26] train_loss=0.0091 train_acc=1.0000 | val_loss=1.9423 val_acc=0.9957 | 
02-24 10:43:57 [LP epoch 27] train_loss=0.0087 train_acc=1.0000 | val_loss=1.8537 val_acc=0.9957 | 
02-24 10:43:57 [LP epoch 28] train_loss=0.0082 train_acc=1.0000 | val_loss=1.7454 val_acc=0.9957 | 
02-24 10:43:57 [LP epoch 29] train_loss=0.0077 train_acc=1.0000 | val_loss=1.6756 val_acc=0.9957 | 
02-24 10:43:57 [LP epoch 30] train_loss=0.0074 train_acc=1.0000 | val_loss=1.7418 val_acc=0.9957 | 
02-24 10:43:57 [LP epoch 31] train_loss=0.0070 train_acc=1.0000 | val_loss=1.6185 val_acc=0.9957 | 
02-24 10:43:57 [LP epoch 32] train_loss=0.0066 train_acc=1.0000 | val_loss=1.5406 val_acc=0.9957 | 
02-24 10:43:58 [LP epoch 33] train_loss=0.0065 train_acc=1.0000 | val_loss=1.4269 val_acc=0.9957 | 
02-24 10:43:58 [LP epoch 34] train_loss=0.0063 train_acc=1.0000 | val_loss=1.4429 val_acc=0.9957 | 
02-24 10:43:58 [LP epoch 35] train_loss=0.0060 train_acc=1.0000 | val_loss=1.3279 val_acc=0.9957 | 
02-24 10:43:58 [LP epoch 36] train_loss=0.0056 train_acc=1.0000 | val_loss=1.2862 val_acc=0.9957 | 
02-24 10:43:58 [LP epoch 37] train_loss=0.0053 train_acc=1.0000 | val_loss=1.2283 val_acc=0.9957 | 
02-24 10:43:58 [LP epoch 38] train_loss=0.0051 train_acc=1.0000 | val_loss=1.2037 val_acc=0.9957 | 
02-24 10:43:58 [LP epoch 39] train_loss=0.0048 train_acc=1.0000 | val_loss=1.1409 val_acc=0.9957 | 
02-24 10:43:58 [LP epoch 40] train_loss=0.0046 train_acc=1.0000 | val_loss=1.1129 val_acc=0.9957 | 
02-24 10:43:58 [LP epoch 41] train_loss=0.0044 train_acc=1.0000 | val_loss=1.0643 val_acc=0.9957 | 
02-24 10:43:59 [LP epoch 42] train_loss=0.0042 train_acc=1.0000 | val_loss=1.0543 val_acc=0.9957 | 
02-24 10:43:59 [LP epoch 43] train_loss=0.0041 train_acc=1.0000 | val_loss=1.0341 val_acc=0.9957 | 
02-24 10:43:59 [LP epoch 44] train_loss=0.0040 train_acc=1.0000 | val_loss=1.0294 val_acc=0.9957 | 
02-24 10:43:59 [LP epoch 45] train_loss=0.0038 train_acc=1.0000 | val_loss=0.9600 val_acc=0.9957 | 
02-24 10:43:59 [LP epoch 46] train_loss=0.0036 train_acc=1.0000 | val_loss=0.9433 val_acc=0.9957 | 
02-24 10:43:59 [LP epoch 47] train_loss=0.0035 train_acc=1.0000 | val_loss=0.9072 val_acc=0.9957 | 
02-24 10:43:59 [LP epoch 48] train_loss=0.0034 train_acc=1.0000 | val_loss=0.8925 val_acc=0.9957 | 
02-24 10:43:59 [LP epoch 49] train_loss=0.0033 train_acc=1.0000 | val_loss=0.8900 val_acc=0.9957 | 
02-24 10:43:59 Saved linear-probe checkpoint: ./checkpoint\SSF_CWRU_0224-104327\linear_probe_best.pt (best_val_acc=0.9957)
02-24 10:44:00 TEST linear-probe: loss=0.0047 acc=0.9978
