03-10 14:51:59 model_name: SSF
03-10 14:51:59 data_name: XJTU
03-10 14:51:59 aug_1: randomcrop
03-10 14:51:59 aug_2: scale
03-10 14:51:59 max_epoch: 20
03-10 14:51:59 classifier_epoch: 50
03-10 14:51:59 data_view: TwoViewDataset
03-10 14:51:59 cuda_device: 0
03-10 14:51:59 checkpoint_dir: ./anomaly_detection
03-10 14:51:59 batch_size: 64
03-10 14:51:59 data_dir: raw_data/XJTU/XJTU-SY_Bearing_Datasets/XJTU-SY_Bearing_Datasets
03-10 14:51:59 out_channel: 4
03-10 14:51:59 normlizetype: minus_one_one
03-10 14:51:59 processing_type: O_N
03-10 14:51:59 opt: sgd
03-10 14:51:59 lr: 0.05
03-10 14:51:59 momentum: 0.9
03-10 14:51:59 weight_decay: 0.0001
03-10 14:51:59 lr_scheduler: cos
03-10 14:51:59 gamma: 0.95
03-10 14:51:59 eta_min: 1e-05
03-10 14:51:59 latent_space: 192
03-10 14:51:59 num_blocks_ssf: 5
03-10 14:51:59 hidden_channel: 128
03-10 14:51:59 task: self_supervised
03-10 14:51:59 critetion: <class 'utils.loss_SSL.SimSiamLoss'>
03-10 14:51:59 using 1 gpus
03-10 14:51:59 Dataset class: <class 'data_utils.datasets.XJTU.XJTU'>
03-10 14:52:01 Split sizes: train=1152 val=384 test=1152, classier=1152
03-10 14:52:01 Label counts train: Counter({0: 1152})
03-10 14:52:01 Label counts val:   Counter({0: 384})
03-10 14:52:01 Label counts test:  Counter({2: 512, 1: 320, 0: 192, 3: 128})
03-10 14:52:01 Label counts classifier:  Counter({2: 512, 1: 320, 0: 192, 3: 128})
03-10 14:52:03 -----Epoch 0/19-----
03-10 14:52:04 current lr: 0.05
03-10 14:52:04 Saved best checkpoint to ./anomaly_detection\SSF_XJTU_0310-145159\best_pt (val_loss=-0.9055)
03-10 14:52:04 Epoch 000 Train loss -0.7481 | Val loss -0.9055
03-10 14:52:04 -----Epoch 1/19-----
03-10 14:52:05 current lr: 0.0496923
03-10 14:52:05 Saved best checkpoint to ./anomaly_detection\SSF_XJTU_0310-145159\best_pt (val_loss=-0.9702)
03-10 14:52:05 Epoch 001 Train loss -0.9623 | Val loss -0.9702
03-10 14:52:05 -----Epoch 2/19-----
03-10 14:52:06 current lr: 0.0487767
03-10 14:52:06 Saved best checkpoint to ./anomaly_detection\SSF_XJTU_0310-145159\best_pt (val_loss=-0.9810)
03-10 14:52:06 Epoch 002 Train loss -0.9774 | Val loss -0.9810
03-10 14:52:06 -----Epoch 3/19-----
03-10 14:52:07 current lr: 0.0472757
03-10 14:52:07 Saved best checkpoint to ./anomaly_detection\SSF_XJTU_0310-145159\best_pt (val_loss=-0.9842)
03-10 14:52:07 Epoch 003 Train loss -0.9836 | Val loss -0.9842
03-10 14:52:07 -----Epoch 4/19-----
03-10 14:52:08 current lr: 0.0452264
03-10 14:52:08 Saved best checkpoint to ./anomaly_detection\SSF_XJTU_0310-145159\best_pt (val_loss=-0.9861)
03-10 14:52:08 Epoch 004 Train loss -0.9857 | Val loss -0.9861
03-10 14:52:08 -----Epoch 5/19-----
03-10 14:52:09 current lr: 0.0426791
03-10 14:52:09 Saved best checkpoint to ./anomaly_detection\SSF_XJTU_0310-145159\best_pt (val_loss=-0.9877)
03-10 14:52:09 Epoch 005 Train loss -0.9871 | Val loss -0.9877
03-10 14:52:09 -----Epoch 6/19-----
03-10 14:52:10 current lr: 0.0396967
03-10 14:52:10 Saved best checkpoint to ./anomaly_detection\SSF_XJTU_0310-145159\best_pt (val_loss=-0.9889)
03-10 14:52:10 Epoch 006 Train loss -0.9883 | Val loss -0.9889
03-10 14:52:10 -----Epoch 7/19-----
03-10 14:52:11 current lr: 0.0363525
03-10 14:52:11 Saved best checkpoint to ./anomaly_detection\SSF_XJTU_0310-145159\best_pt (val_loss=-0.9899)
03-10 14:52:11 Epoch 007 Train loss -0.9894 | Val loss -0.9899
03-10 14:52:11 -----Epoch 8/19-----
03-10 14:52:12 current lr: 0.0327289
03-10 14:52:12 Saved best checkpoint to ./anomaly_detection\SSF_XJTU_0310-145159\best_pt (val_loss=-0.9905)
03-10 14:52:12 Epoch 008 Train loss -0.9902 | Val loss -0.9905
03-10 14:52:12 -----Epoch 9/19-----
03-10 14:52:13 current lr: 0.0289151
03-10 14:52:13 Saved best checkpoint to ./anomaly_detection\SSF_XJTU_0310-145159\best_pt (val_loss=-0.9909)
03-10 14:52:13 Epoch 009 Train loss -0.9907 | Val loss -0.9909
03-10 14:52:13 -----Epoch 10/19-----
03-10 14:52:14 current lr: 0.025005
03-10 14:52:14 Saved best checkpoint to ./anomaly_detection\SSF_XJTU_0310-145159\best_pt (val_loss=-0.9912)
03-10 14:52:14 Epoch 010 Train loss -0.9910 | Val loss -0.9912
03-10 14:52:14 -----Epoch 11/19-----
03-10 14:52:15 current lr: 0.0210949
03-10 14:52:15 Saved best checkpoint to ./anomaly_detection\SSF_XJTU_0310-145159\best_pt (val_loss=-0.9914)
03-10 14:52:15 Epoch 011 Train loss -0.9913 | Val loss -0.9914
03-10 14:52:15 -----Epoch 12/19-----
03-10 14:52:16 current lr: 0.0172811
03-10 14:52:16 Saved best checkpoint to ./anomaly_detection\SSF_XJTU_0310-145159\best_pt (val_loss=-0.9916)
03-10 14:52:16 Epoch 012 Train loss -0.9915 | Val loss -0.9916
03-10 14:52:16 -----Epoch 13/19-----
03-10 14:52:17 current lr: 0.0136575
03-10 14:52:17 Saved best checkpoint to ./anomaly_detection\SSF_XJTU_0310-145159\best_pt (val_loss=-0.9917)
03-10 14:52:17 Epoch 013 Train loss -0.9916 | Val loss -0.9917
03-10 14:52:17 -----Epoch 14/19-----
03-10 14:52:18 current lr: 0.0103133
03-10 14:52:18 Saved best checkpoint to ./anomaly_detection\SSF_XJTU_0310-145159\best_pt (val_loss=-0.9918)
03-10 14:52:18 Epoch 014 Train loss -0.9917 | Val loss -0.9918
03-10 14:52:18 -----Epoch 15/19-----
03-10 14:52:19 current lr: 0.00733087
03-10 14:52:19 Saved best checkpoint to ./anomaly_detection\SSF_XJTU_0310-145159\best_pt (val_loss=-0.9918)
03-10 14:52:19 Epoch 015 Train loss -0.9918 | Val loss -0.9918
03-10 14:52:19 -----Epoch 16/19-----
03-10 14:52:20 current lr: 0.00478362
03-10 14:52:20 Saved best checkpoint to ./anomaly_detection\SSF_XJTU_0310-145159\best_pt (val_loss=-0.9918)
03-10 14:52:20 Epoch 016 Train loss -0.9918 | Val loss -0.9918
03-10 14:52:20 -----Epoch 17/19-----
03-10 14:52:21 current lr: 0.00273429
03-10 14:52:21 Saved best checkpoint to ./anomaly_detection\SSF_XJTU_0310-145159\best_pt (val_loss=-0.9919)
03-10 14:52:21 Epoch 017 Train loss -0.9919 | Val loss -0.9919
03-10 14:52:21 -----Epoch 18/19-----
03-10 14:52:22 current lr: 0.00123334
03-10 14:52:22 Saved best checkpoint to ./anomaly_detection\SSF_XJTU_0310-145159\best_pt (val_loss=-0.9919)
03-10 14:52:22 Epoch 018 Train loss -0.9919 | Val loss -0.9919
03-10 14:52:22 -----Epoch 19/19-----
03-10 14:52:23 current lr: 0.00031773
03-10 14:52:23 Saved best checkpoint to ./anomaly_detection\SSF_XJTU_0310-145159\best_pt (val_loss=-0.9919)
03-10 14:52:23 Epoch 019 Train loss -0.9919 | Val loss -0.9919
03-10 14:52:24 TEST (last): loss -0.9912
03-10 14:52:24 Loaded best checkpoint from ./anomaly_detection\SSF_XJTU_0310-145159\best_pt (val_loss=-0.9918790956338247)
03-10 14:52:24 TEST (best): loss -0.9912
03-10 14:52:25 [LP epoch 00] train_loss=1.0733 train_acc=0.6302 | val_loss=1.5598 val_acc=0.0573 | 
03-10 14:52:26 [LP epoch 01] train_loss=0.9181 train_acc=0.7049 | val_loss=1.7650 val_acc=0.0339 | 
03-10 14:52:26 [LP epoch 02] train_loss=0.8575 train_acc=0.7335 | val_loss=1.8597 val_acc=0.0339 | 
03-10 14:52:27 [LP epoch 03] train_loss=0.8421 train_acc=0.7465 | val_loss=1.7619 val_acc=0.0599 | 
03-10 14:52:27 [LP epoch 04] train_loss=0.8279 train_acc=0.7500 | val_loss=1.6875 val_acc=0.1068 | 
03-10 14:52:28 [LP epoch 05] train_loss=0.8114 train_acc=0.7743 | val_loss=1.7096 val_acc=0.0833 | 
03-10 14:52:29 [LP epoch 06] train_loss=0.8042 train_acc=0.7708 | val_loss=1.6535 val_acc=0.1224 | 
03-10 14:52:29 [LP epoch 07] train_loss=0.8004 train_acc=0.7795 | val_loss=1.8782 val_acc=0.0859 | 
03-10 14:52:30 [LP epoch 08] train_loss=0.7922 train_acc=0.7752 | val_loss=1.7449 val_acc=0.0885 | 
03-10 14:52:31 [LP epoch 09] train_loss=0.7902 train_acc=0.7908 | val_loss=1.6162 val_acc=0.1328 | 
03-10 14:52:32 [LP epoch 10] train_loss=0.7933 train_acc=0.7726 | val_loss=1.9116 val_acc=0.0703 | 
03-10 14:52:32 [LP epoch 11] train_loss=0.7900 train_acc=0.7839 | val_loss=1.8224 val_acc=0.0729 | 
03-10 14:52:33 [LP epoch 12] train_loss=0.7824 train_acc=0.7804 | val_loss=1.7743 val_acc=0.1068 | 
03-10 14:52:34 [LP epoch 13] train_loss=0.7761 train_acc=0.7934 | val_loss=1.7027 val_acc=0.1380 | 
03-10 14:52:34 [LP epoch 14] train_loss=0.7826 train_acc=0.7812 | val_loss=1.6174 val_acc=0.1406 | 
03-10 14:52:35 [LP epoch 15] train_loss=0.7716 train_acc=0.7986 | val_loss=1.7927 val_acc=0.0990 | 
03-10 14:52:35 [LP epoch 16] train_loss=0.7649 train_acc=0.7891 | val_loss=1.7463 val_acc=0.0938 | 
03-10 14:52:36 [LP epoch 17] train_loss=0.7785 train_acc=0.7865 | val_loss=1.7948 val_acc=0.1016 | 
03-10 14:52:37 [LP epoch 18] train_loss=0.7616 train_acc=0.7960 | val_loss=1.9311 val_acc=0.0859 | 
03-10 14:52:38 [LP epoch 19] train_loss=0.7704 train_acc=0.7839 | val_loss=1.7029 val_acc=0.1146 | 
03-10 14:52:38 [LP epoch 20] train_loss=0.7572 train_acc=0.8108 | val_loss=1.7121 val_acc=0.1406 | 
03-10 14:52:39 [LP epoch 21] train_loss=0.7555 train_acc=0.8047 | val_loss=1.8049 val_acc=0.0885 | 
03-10 14:52:39 [LP epoch 22] train_loss=0.7666 train_acc=0.7943 | val_loss=1.7491 val_acc=0.1198 | 
03-10 14:52:40 [LP epoch 23] train_loss=0.7566 train_acc=0.8099 | val_loss=1.8012 val_acc=0.0990 | 
03-10 14:52:41 [LP epoch 24] train_loss=0.7564 train_acc=0.8073 | val_loss=1.7719 val_acc=0.1016 | 
03-10 14:52:41 [LP epoch 25] train_loss=0.7461 train_acc=0.8064 | val_loss=1.7152 val_acc=0.1146 | 
03-10 14:52:42 [LP epoch 26] train_loss=0.7350 train_acc=0.8160 | val_loss=1.8461 val_acc=0.0885 | 
03-10 14:52:43 [LP epoch 27] train_loss=0.7549 train_acc=0.7986 | val_loss=1.9222 val_acc=0.1016 | 
03-10 14:52:43 [LP epoch 28] train_loss=0.7537 train_acc=0.8047 | val_loss=1.8515 val_acc=0.0938 | 
03-10 14:52:44 [LP epoch 29] train_loss=0.7445 train_acc=0.8064 | val_loss=1.7818 val_acc=0.1120 | 
03-10 14:52:45 [LP epoch 30] train_loss=0.7412 train_acc=0.8134 | val_loss=1.7818 val_acc=0.1094 | 
03-10 14:52:45 [LP epoch 31] train_loss=0.7405 train_acc=0.8125 | val_loss=1.9038 val_acc=0.0885 | 
03-10 14:52:46 [LP epoch 32] train_loss=0.7399 train_acc=0.8160 | val_loss=1.6914 val_acc=0.1562 | 
03-10 14:52:47 [LP epoch 33] train_loss=0.7397 train_acc=0.8194 | val_loss=1.7396 val_acc=0.1172 | 
03-10 14:52:47 [LP epoch 34] train_loss=0.7295 train_acc=0.8186 | val_loss=1.6958 val_acc=0.1380 | 
03-10 14:52:48 [LP epoch 35] train_loss=0.7277 train_acc=0.8203 | val_loss=1.8618 val_acc=0.1042 | 
03-10 14:52:48 [LP epoch 36] train_loss=0.7365 train_acc=0.8194 | val_loss=1.7513 val_acc=0.1536 | 
03-10 14:52:49 [LP epoch 37] train_loss=0.7267 train_acc=0.8238 | val_loss=1.6899 val_acc=0.1536 | 
03-10 14:52:50 [LP epoch 38] train_loss=0.7233 train_acc=0.8186 | val_loss=1.8752 val_acc=0.1120 | 
03-10 14:52:50 [LP epoch 39] train_loss=0.7252 train_acc=0.8177 | val_loss=1.7608 val_acc=0.1224 | 
03-10 14:52:51 [LP epoch 40] train_loss=0.7174 train_acc=0.8220 | val_loss=1.9022 val_acc=0.0885 | 
03-10 14:52:52 [LP epoch 41] train_loss=0.7248 train_acc=0.8203 | val_loss=1.8138 val_acc=0.1172 | 
03-10 14:52:52 [LP epoch 42] train_loss=0.7291 train_acc=0.8142 | val_loss=1.7280 val_acc=0.1094 | 
03-10 14:52:53 [LP epoch 43] train_loss=0.7206 train_acc=0.8299 | val_loss=1.9138 val_acc=0.1042 | 
03-10 14:52:54 [LP epoch 44] train_loss=0.7213 train_acc=0.8255 | val_loss=1.7974 val_acc=0.1120 | 
03-10 14:52:54 [LP epoch 45] train_loss=0.7096 train_acc=0.8299 | val_loss=1.6225 val_acc=0.1693 | 
03-10 14:52:55 [LP epoch 46] train_loss=0.7324 train_acc=0.8177 | val_loss=1.7001 val_acc=0.1719 | 
03-10 14:52:56 [LP epoch 47] train_loss=0.7369 train_acc=0.8090 | val_loss=1.6246 val_acc=0.1562 | 
03-10 14:52:56 [LP epoch 48] train_loss=0.7133 train_acc=0.8438 | val_loss=1.7161 val_acc=0.1510 | 
03-10 14:52:57 [LP epoch 49] train_loss=0.7179 train_acc=0.8325 | val_loss=1.8527 val_acc=0.0755 | 
03-10 14:52:57 Saved linear-probe checkpoint: ./anomaly_detection\SSF_XJTU_0310-145159\linear_probe_best.pt (best_val_acc=0.1719)
03-10 14:52:57 TEST linear-probe: loss=0.7833 acc=0.7986
