02-24 14:05:55 model_name: SSF
02-24 14:05:55 data_name: SEU
02-24 14:05:55 aug_1: normal
02-24 14:05:55 aug_2: randomcrop
02-24 14:05:55 max_epoch: 20
02-24 14:05:55 classifier_epoch: 50
02-24 14:05:55 data_view: TwoViewDataset
02-24 14:05:55 cuda_device: 0
02-24 14:05:55 checkpoint_dir: ./checkpoint
02-24 14:05:55 batch_size: 32
02-24 14:05:55 data_dir: raw_data/SEU/gearbox
02-24 14:05:55 out_channel: 10
02-24 14:05:55 normlizetype: minus_one_one
02-24 14:05:55 processing_type: RA
02-24 14:05:55 opt: sgd
02-24 14:05:55 lr: 0.01
02-24 14:05:55 momentum: 0.9
02-24 14:05:55 weight_decay: 1e-05
02-24 14:05:55 lr_scheduler: cos
02-24 14:05:55 gamma: 0.1
02-24 14:05:55 eta_min: 1e-05
02-24 14:05:55 latent_space: 16
02-24 14:05:55 task: self_supervised
02-24 14:05:55 critetion: <class 'utils.loss_SSL.SimSiamLoss'>
02-24 14:05:55 using 1 cpu
02-24 14:05:55 Dataset class: <class 'data_utils.datasets.SEU.SEU'>
02-24 14:06:54 Split sizes: train=714 val=76 test=153, classier=77
02-24 14:06:55 Label counts train: Counter({4: 143, 1: 143, 2: 143, 0: 143, 3: 142})
02-24 14:06:55 Label counts val:   Counter({3: 16, 1: 15, 0: 15, 4: 15, 2: 15})
02-24 14:06:55 Label counts test:  Counter({3: 31, 2: 31, 0: 31, 4: 30, 1: 30})
02-24 14:06:55 Label counts classifier:  Counter({4: 16, 1: 16, 3: 15, 0: 15, 2: 15})
02-24 14:06:56 -----Epoch 0/19-----
02-24 14:07:05 current lr: 0.01
02-24 14:07:05 Saved best checkpoint to ./checkpoint\SSF_SEU_0224-140555\best_pt (val_loss=-0.8998)
02-24 14:07:05 Epoch 000 Train loss -0.5345 | Val loss -0.8998
02-24 14:07:05 -----Epoch 1/19-----
