03-04 12:56:30 model_name: SSF
03-04 12:56:30 data_name: PU
03-04 12:56:30 aug_1: randomcrop
03-04 12:56:30 aug_2: scale
03-04 12:56:30 max_epoch: 100
03-04 12:56:30 classifier_epoch: 50
03-04 12:56:30 data_view: TwoViewDataset
03-04 12:56:30 cuda_device: 0
03-04 12:56:30 checkpoint_dir: ./checkpoint
03-04 12:56:30 batch_size: 64
03-04 12:56:30 data_dir: raw_data/PU
03-04 12:56:30 out_channel: 4
03-04 12:56:30 normlizetype: minus_one_one
03-04 12:56:30 processing_type: RA
03-04 12:56:30 opt: sgd
03-04 12:56:30 lr: 0.05
03-04 12:56:30 momentum: 0.9
03-04 12:56:30 weight_decay: 0.0001
03-04 12:56:30 lr_scheduler: cos
03-04 12:56:30 gamma: 0.95
03-04 12:56:30 eta_min: 1e-05
03-04 12:56:30 latent_space: 64
03-04 12:56:30 num_blocks_ssf: 9
03-04 12:56:30 hidden_channel: 256
03-04 12:56:30 task: self_supervised
03-04 12:56:30 critetion: <class 'utils.loss_SSL.SimSiamLoss'>
03-04 12:56:31 using 1 gpus
03-04 12:56:31 Dataset class: <class 'data_utils.datasets.PU.PU'>
03-04 12:56:31 Split sizes: train=400 val=400 test=400, classier=40
03-04 12:56:31 Label counts train: Counter({0: 100, 1: 100, 2: 100, 3: 100})
03-04 12:56:31 Label counts val:   Counter({0: 100, 1: 100, 2: 100, 3: 100})
03-04 12:56:31 Label counts test:  Counter({0: 100, 1: 100, 2: 100, 3: 100})
03-04 12:56:31 Label counts classifier:  Counter({0: 10, 1: 10, 2: 10, 3: 10})
03-04 12:56:33 -----Epoch 0/99-----
03-04 12:56:34 current lr: 0.05
03-04 12:56:34 Saved best checkpoint to ./checkpoint\SSF_PU_0304-125630\best_pt (val_loss=-0.6742)
03-04 12:56:34 Epoch 000 Train loss -0.3164 | Val loss -0.6742
03-04 12:56:34 -----Epoch 1/99-----
03-04 12:56:34 current lr: 0.0499877
03-04 12:56:34 Saved best checkpoint to ./checkpoint\SSF_PU_0304-125630\best_pt (val_loss=-0.7799)
03-04 12:56:34 Epoch 001 Train loss -0.8030 | Val loss -0.7799
03-04 12:56:34 -----Epoch 2/99-----
03-04 12:56:35 current lr: 0.0499507
03-04 12:56:35 Saved best checkpoint to ./checkpoint\SSF_PU_0304-125630\best_pt (val_loss=-0.8554)
03-04 12:56:35 Epoch 002 Train loss -0.8531 | Val loss -0.8554
03-04 12:56:35 -----Epoch 3/99-----
03-04 12:56:35 current lr: 0.0498891
03-04 12:56:35 Saved best checkpoint to ./checkpoint\SSF_PU_0304-125630\best_pt (val_loss=-0.9053)
03-04 12:56:35 Epoch 003 Train loss -0.8887 | Val loss -0.9053
03-04 12:56:35 -----Epoch 4/99-----
03-04 12:56:36 current lr: 0.0498029
03-04 12:56:36 Saved best checkpoint to ./checkpoint\SSF_PU_0304-125630\best_pt (val_loss=-0.9274)
03-04 12:56:36 Epoch 004 Train loss -0.9189 | Val loss -0.9274
03-04 12:56:36 -----Epoch 5/99-----
03-04 12:56:36 current lr: 0.0496923
03-04 12:56:36 Saved best checkpoint to ./checkpoint\SSF_PU_0304-125630\best_pt (val_loss=-0.9413)
03-04 12:56:36 Epoch 005 Train loss -0.9395 | Val loss -0.9413
03-04 12:56:36 -----Epoch 6/99-----
03-04 12:56:37 current lr: 0.0495573
03-04 12:56:37 Saved best checkpoint to ./checkpoint\SSF_PU_0304-125630\best_pt (val_loss=-0.9481)
03-04 12:56:37 Epoch 006 Train loss -0.9502 | Val loss -0.9481
03-04 12:56:37 -----Epoch 7/99-----
03-04 12:56:37 current lr: 0.049398
03-04 12:56:37 Saved best checkpoint to ./checkpoint\SSF_PU_0304-125630\best_pt (val_loss=-0.9484)
03-04 12:56:37 Epoch 007 Train loss -0.9534 | Val loss -0.9484
03-04 12:56:37 -----Epoch 8/99-----
03-04 12:56:38 current lr: 0.0492147
03-04 12:56:38 No improvement in val_loss for 1/10 epochs.
03-04 12:56:38 Epoch 008 Train loss -0.9513 | Val loss -0.9427
03-04 12:56:38 -----Epoch 9/99-----
03-04 12:56:38 current lr: 0.0490075
03-04 12:56:38 No improvement in val_loss for 2/10 epochs.
03-04 12:56:38 Epoch 009 Train loss -0.9429 | Val loss -0.9357
03-04 12:56:38 -----Epoch 10/99-----
03-04 12:56:38 current lr: 0.0487767
03-04 12:56:38 No improvement in val_loss for 3/10 epochs.
03-04 12:56:38 Epoch 010 Train loss -0.9359 | Val loss -0.9337
03-04 12:56:38 -----Epoch 11/99-----
03-04 12:56:39 current lr: 0.0485223
03-04 12:56:39 No improvement in val_loss for 4/10 epochs.
03-04 12:56:39 Epoch 011 Train loss -0.9355 | Val loss -0.9385
03-04 12:56:39 -----Epoch 12/99-----
03-04 12:56:39 current lr: 0.0482448
03-04 12:56:39 No improvement in val_loss for 5/10 epochs.
03-04 12:56:39 Epoch 012 Train loss -0.9439 | Val loss -0.9482
03-04 12:56:39 -----Epoch 13/99-----
03-04 12:56:40 current lr: 0.0479443
03-04 12:56:40 Saved best checkpoint to ./checkpoint\SSF_PU_0304-125630\best_pt (val_loss=-0.9566)
03-04 12:56:40 Epoch 013 Train loss -0.9526 | Val loss -0.9566
03-04 12:56:40 -----Epoch 14/99-----
03-04 12:56:40 current lr: 0.0476212
03-04 12:56:40 Saved best checkpoint to ./checkpoint\SSF_PU_0304-125630\best_pt (val_loss=-0.9598)
03-04 12:56:40 Epoch 014 Train loss -0.9587 | Val loss -0.9598
03-04 12:56:40 -----Epoch 15/99-----
03-04 12:56:41 current lr: 0.0472757
03-04 12:56:41 Saved best checkpoint to ./checkpoint\SSF_PU_0304-125630\best_pt (val_loss=-0.9608)
03-04 12:56:41 Epoch 015 Train loss -0.9614 | Val loss -0.9608
03-04 12:56:41 -----Epoch 16/99-----
03-04 12:56:41 current lr: 0.0469083
03-04 12:56:41 Saved best checkpoint to ./checkpoint\SSF_PU_0304-125630\best_pt (val_loss=-0.9617)
03-04 12:56:41 Epoch 016 Train loss -0.9620 | Val loss -0.9617
03-04 12:56:41 -----Epoch 17/99-----
03-04 12:56:42 current lr: 0.0465192
03-04 12:56:42 Saved best checkpoint to ./checkpoint\SSF_PU_0304-125630\best_pt (val_loss=-0.9630)
03-04 12:56:42 Epoch 017 Train loss -0.9633 | Val loss -0.9630
03-04 12:56:42 -----Epoch 18/99-----
03-04 12:56:42 current lr: 0.046109
03-04 12:56:42 Saved best checkpoint to ./checkpoint\SSF_PU_0304-125630\best_pt (val_loss=-0.9649)
03-04 12:56:42 Epoch 018 Train loss -0.9649 | Val loss -0.9649
03-04 12:56:42 -----Epoch 19/99-----
03-04 12:56:43 current lr: 0.0456779
03-04 12:56:43 Saved best checkpoint to ./checkpoint\SSF_PU_0304-125630\best_pt (val_loss=-0.9659)
03-04 12:56:43 Epoch 019 Train loss -0.9672 | Val loss -0.9659
03-04 12:56:43 -----Epoch 20/99-----
03-04 12:56:43 current lr: 0.0452264
03-04 12:56:43 Saved best checkpoint to ./checkpoint\SSF_PU_0304-125630\best_pt (val_loss=-0.9659)
03-04 12:56:43 Epoch 020 Train loss -0.9683 | Val loss -0.9659
03-04 12:56:43 -----Epoch 21/99-----
03-04 12:56:44 current lr: 0.0447549
03-04 12:56:44 Saved best checkpoint to ./checkpoint\SSF_PU_0304-125630\best_pt (val_loss=-0.9670)
03-04 12:56:44 Epoch 021 Train loss -0.9688 | Val loss -0.9670
03-04 12:56:44 -----Epoch 22/99-----
03-04 12:56:44 current lr: 0.044264
03-04 12:56:44 Saved best checkpoint to ./checkpoint\SSF_PU_0304-125630\best_pt (val_loss=-0.9689)
03-04 12:56:44 Epoch 022 Train loss -0.9699 | Val loss -0.9689
03-04 12:56:44 -----Epoch 23/99-----
03-04 12:56:44 current lr: 0.043754
03-04 12:56:45 Saved best checkpoint to ./checkpoint\SSF_PU_0304-125630\best_pt (val_loss=-0.9699)
03-04 12:56:45 Epoch 023 Train loss -0.9711 | Val loss -0.9699
03-04 12:56:45 -----Epoch 24/99-----
03-04 12:56:45 current lr: 0.0432256
03-04 12:56:45 Saved best checkpoint to ./checkpoint\SSF_PU_0304-125630\best_pt (val_loss=-0.9708)
03-04 12:56:45 Epoch 024 Train loss -0.9722 | Val loss -0.9708
03-04 12:56:45 -----Epoch 25/99-----
03-04 12:56:45 current lr: 0.0426791
03-04 12:56:45 Saved best checkpoint to ./checkpoint\SSF_PU_0304-125630\best_pt (val_loss=-0.9711)
03-04 12:56:45 Epoch 025 Train loss -0.9730 | Val loss -0.9711
03-04 12:56:45 -----Epoch 26/99-----
03-04 12:56:46 current lr: 0.0421153
03-04 12:56:46 No improvement in val_loss for 1/10 epochs.
03-04 12:56:46 Epoch 026 Train loss -0.9729 | Val loss -0.9710
03-04 12:56:46 -----Epoch 27/99-----
03-04 12:56:46 current lr: 0.0415345
03-04 12:56:46 Saved best checkpoint to ./checkpoint\SSF_PU_0304-125630\best_pt (val_loss=-0.9718)
03-04 12:56:46 Epoch 027 Train loss -0.9729 | Val loss -0.9718
03-04 12:56:46 -----Epoch 28/99-----
03-04 12:56:47 current lr: 0.0409374
03-04 12:56:47 Saved best checkpoint to ./checkpoint\SSF_PU_0304-125630\best_pt (val_loss=-0.9732)
03-04 12:56:47 Epoch 028 Train loss -0.9739 | Val loss -0.9732
03-04 12:56:47 -----Epoch 29/99-----
03-04 12:56:47 current lr: 0.0403246
03-04 12:56:47 Saved best checkpoint to ./checkpoint\SSF_PU_0304-125630\best_pt (val_loss=-0.9739)
03-04 12:56:47 Epoch 029 Train loss -0.9748 | Val loss -0.9739
03-04 12:56:47 -----Epoch 30/99-----
03-04 12:56:48 current lr: 0.0396967
03-04 12:56:48 Saved best checkpoint to ./checkpoint\SSF_PU_0304-125630\best_pt (val_loss=-0.9742)
03-04 12:56:48 Epoch 030 Train loss -0.9755 | Val loss -0.9742
03-04 12:56:48 -----Epoch 31/99-----
03-04 12:56:48 current lr: 0.0390543
03-04 12:56:48 Saved best checkpoint to ./checkpoint\SSF_PU_0304-125630\best_pt (val_loss=-0.9748)
03-04 12:56:48 Epoch 031 Train loss -0.9764 | Val loss -0.9748
03-04 12:56:48 -----Epoch 32/99-----
03-04 12:56:49 current lr: 0.038398
03-04 12:56:49 Saved best checkpoint to ./checkpoint\SSF_PU_0304-125630\best_pt (val_loss=-0.9758)
03-04 12:56:49 Epoch 032 Train loss -0.9777 | Val loss -0.9758
03-04 12:56:49 -----Epoch 33/99-----
03-04 12:56:49 current lr: 0.0377285
03-04 12:56:49 Saved best checkpoint to ./checkpoint\SSF_PU_0304-125630\best_pt (val_loss=-0.9766)
03-04 12:56:49 Epoch 033 Train loss -0.9788 | Val loss -0.9766
03-04 12:56:49 -----Epoch 34/99-----
03-04 12:56:49 current lr: 0.0370464
03-04 12:56:50 Saved best checkpoint to ./checkpoint\SSF_PU_0304-125630\best_pt (val_loss=-0.9770)
03-04 12:56:50 Epoch 034 Train loss -0.9791 | Val loss -0.9770
03-04 12:56:50 -----Epoch 35/99-----
03-04 12:56:50 current lr: 0.0363525
03-04 12:56:50 Saved best checkpoint to ./checkpoint\SSF_PU_0304-125630\best_pt (val_loss=-0.9772)
03-04 12:56:50 Epoch 035 Train loss -0.9794 | Val loss -0.9772
03-04 12:56:50 -----Epoch 36/99-----
03-04 12:56:50 current lr: 0.0356474
03-04 12:56:50 Saved best checkpoint to ./checkpoint\SSF_PU_0304-125630\best_pt (val_loss=-0.9775)
03-04 12:56:50 Epoch 036 Train loss -0.9800 | Val loss -0.9775
03-04 12:56:50 -----Epoch 37/99-----
03-04 12:56:51 current lr: 0.0349317
03-04 12:56:51 Saved best checkpoint to ./checkpoint\SSF_PU_0304-125630\best_pt (val_loss=-0.9777)
03-04 12:56:51 Epoch 037 Train loss -0.9805 | Val loss -0.9777
03-04 12:56:51 -----Epoch 38/99-----
03-04 12:56:51 current lr: 0.0342063
03-04 12:56:51 Saved best checkpoint to ./checkpoint\SSF_PU_0304-125630\best_pt (val_loss=-0.9780)
03-04 12:56:51 Epoch 038 Train loss -0.9808 | Val loss -0.9780
03-04 12:56:51 -----Epoch 39/99-----
03-04 12:56:52 current lr: 0.0334718
03-04 12:56:52 Saved best checkpoint to ./checkpoint\SSF_PU_0304-125630\best_pt (val_loss=-0.9783)
03-04 12:56:52 Epoch 039 Train loss -0.9809 | Val loss -0.9783
03-04 12:56:52 -----Epoch 40/99-----
03-04 12:56:52 current lr: 0.0327289
03-04 12:56:52 No improvement in val_loss for 1/10 epochs.
03-04 12:56:52 Epoch 040 Train loss -0.9809 | Val loss -0.9782
03-04 12:56:52 -----Epoch 41/99-----
03-04 12:56:53 current lr: 0.0319784
03-04 12:56:53 No improvement in val_loss for 2/10 epochs.
03-04 12:56:53 Epoch 041 Train loss -0.9806 | Val loss -0.9779
03-04 12:56:53 -----Epoch 42/99-----
03-04 12:56:53 current lr: 0.031221
03-04 12:56:53 No improvement in val_loss for 3/10 epochs.
03-04 12:56:53 Epoch 042 Train loss -0.9810 | Val loss -0.9777
03-04 12:56:53 -----Epoch 43/99-----
03-04 12:56:53 current lr: 0.0304575
03-04 12:56:53 No improvement in val_loss for 4/10 epochs.
03-04 12:56:53 Epoch 043 Train loss -0.9810 | Val loss -0.9776
03-04 12:56:53 -----Epoch 44/99-----
03-04 12:56:54 current lr: 0.0296886
03-04 12:56:54 No improvement in val_loss for 5/10 epochs.
03-04 12:56:54 Epoch 044 Train loss -0.9809 | Val loss -0.9775
03-04 12:56:54 -----Epoch 45/99-----
03-04 12:56:54 current lr: 0.0289151
03-04 12:56:54 No improvement in val_loss for 6/10 epochs.
03-04 12:56:54 Epoch 045 Train loss -0.9809 | Val loss -0.9774
03-04 12:56:54 -----Epoch 46/99-----
03-04 12:56:55 current lr: 0.0281377
03-04 12:56:55 No improvement in val_loss for 7/10 epochs.
03-04 12:56:55 Epoch 046 Train loss -0.9812 | Val loss -0.9771
03-04 12:56:55 -----Epoch 47/99-----
03-04 12:56:55 current lr: 0.0273572
03-04 12:56:55 No improvement in val_loss for 8/10 epochs.
03-04 12:56:55 Epoch 047 Train loss -0.9809 | Val loss -0.9769
03-04 12:56:55 -----Epoch 48/99-----
03-04 12:56:55 current lr: 0.0265744
03-04 12:56:55 No improvement in val_loss for 9/10 epochs.
03-04 12:56:55 Epoch 048 Train loss -0.9812 | Val loss -0.9768
03-04 12:56:55 -----Epoch 49/99-----
03-04 12:56:56 current lr: 0.0257901
03-04 12:56:56 No improvement in val_loss for 10/10 epochs.
03-04 12:56:56 Early stopping at epoch 49 (best val_loss=-0.9783).
03-04 12:56:56 TEST (last): loss -0.9773
03-04 12:56:56 Loaded best checkpoint from ./checkpoint\SSF_PU_0304-125630\best_pt (val_loss=-0.9783141422271728)
03-04 12:56:56 TEST (best): loss -0.9790
03-04 12:56:57 [LP epoch 00] train_loss=1.3747 train_acc=0.3750 | val_loss=1.3898 val_acc=0.2325 | 
03-04 12:56:57 [LP epoch 01] train_loss=1.3599 train_acc=0.3500 | val_loss=1.3895 val_acc=0.2475 | 
03-04 12:56:57 [LP epoch 02] train_loss=1.4108 train_acc=0.2000 | val_loss=1.3892 val_acc=0.2575 | 
03-04 12:56:57 [LP epoch 03] train_loss=1.4001 train_acc=0.2250 | val_loss=1.3888 val_acc=0.2650 | 
03-04 12:56:57 [LP epoch 04] train_loss=1.3720 train_acc=0.3250 | val_loss=1.3884 val_acc=0.2550 | 
03-04 12:56:57 [LP epoch 05] train_loss=1.3719 train_acc=0.2250 | val_loss=1.3881 val_acc=0.2650 | 
03-04 12:56:57 [LP epoch 06] train_loss=1.3969 train_acc=0.1500 | val_loss=1.3878 val_acc=0.2575 | 
03-04 12:56:58 [LP epoch 07] train_loss=1.3662 train_acc=0.3250 | val_loss=1.3876 val_acc=0.2725 | 
03-04 12:56:58 [LP epoch 08] train_loss=1.3434 train_acc=0.3750 | val_loss=1.3875 val_acc=0.2625 | 
03-04 12:56:58 [LP epoch 09] train_loss=1.3575 train_acc=0.3500 | val_loss=1.3874 val_acc=0.2575 | 
03-04 12:56:58 [LP epoch 10] train_loss=1.3773 train_acc=0.3250 | val_loss=1.3872 val_acc=0.2450 | 
03-04 12:56:58 [LP epoch 11] train_loss=1.3421 train_acc=0.3750 | val_loss=1.3871 val_acc=0.2450 | 
03-04 12:56:58 [LP epoch 12] train_loss=1.3405 train_acc=0.3000 | val_loss=1.3870 val_acc=0.2400 | 
03-04 12:56:59 [LP epoch 13] train_loss=1.3430 train_acc=0.3500 | val_loss=1.3870 val_acc=0.2475 | 
03-04 12:56:59 [LP epoch 14] train_loss=1.3440 train_acc=0.3750 | val_loss=1.3871 val_acc=0.2400 | 
03-04 12:56:59 [LP epoch 15] train_loss=1.3455 train_acc=0.3750 | val_loss=1.3871 val_acc=0.2425 | 
03-04 12:56:59 [LP epoch 16] train_loss=1.3588 train_acc=0.3500 | val_loss=1.3872 val_acc=0.2400 | 
03-04 12:56:59 [LP epoch 17] train_loss=1.3289 train_acc=0.4750 | val_loss=1.3872 val_acc=0.2350 | 
03-04 12:56:59 [LP epoch 18] train_loss=1.3508 train_acc=0.3500 | val_loss=1.3872 val_acc=0.2350 | 
03-04 12:56:59 [LP epoch 19] train_loss=1.3425 train_acc=0.4250 | val_loss=1.3872 val_acc=0.2375 | 
03-04 12:57:00 [LP epoch 20] train_loss=1.3312 train_acc=0.4000 | val_loss=1.3873 val_acc=0.2350 | 
03-04 12:57:00 [LP epoch 21] train_loss=1.3393 train_acc=0.4250 | val_loss=1.3873 val_acc=0.2300 | 
03-04 12:57:00 [LP epoch 22] train_loss=1.3325 train_acc=0.3500 | val_loss=1.3874 val_acc=0.2350 | 
03-04 12:57:00 [LP epoch 23] train_loss=1.3383 train_acc=0.3500 | val_loss=1.3874 val_acc=0.2325 | 
03-04 12:57:00 [LP epoch 24] train_loss=1.3188 train_acc=0.4250 | val_loss=1.3875 val_acc=0.2350 | 
03-04 12:57:00 [LP epoch 25] train_loss=1.3171 train_acc=0.4250 | val_loss=1.3875 val_acc=0.2350 | 
03-04 12:57:00 [LP epoch 26] train_loss=1.3328 train_acc=0.3750 | val_loss=1.3876 val_acc=0.2350 | 
03-04 12:57:01 [LP epoch 27] train_loss=1.3470 train_acc=0.3500 | val_loss=1.3877 val_acc=0.2325 | 
03-04 12:57:01 [LP epoch 28] train_loss=1.3267 train_acc=0.3500 | val_loss=1.3877 val_acc=0.2350 | 
03-04 12:57:01 [LP epoch 29] train_loss=1.3200 train_acc=0.3750 | val_loss=1.3878 val_acc=0.2350 | 
03-04 12:57:01 [LP epoch 30] train_loss=1.3019 train_acc=0.4250 | val_loss=1.3878 val_acc=0.2375 | 
03-04 12:57:01 [LP epoch 31] train_loss=1.3234 train_acc=0.4500 | val_loss=1.3880 val_acc=0.2400 | 
03-04 12:57:01 [LP epoch 32] train_loss=1.3091 train_acc=0.3250 | val_loss=1.3881 val_acc=0.2375 | 
03-04 12:57:02 [LP epoch 33] train_loss=1.3220 train_acc=0.3250 | val_loss=1.3882 val_acc=0.2375 | 
03-04 12:57:02 [LP epoch 34] train_loss=1.3082 train_acc=0.4500 | val_loss=1.3882 val_acc=0.2400 | 
03-04 12:57:02 [LP epoch 35] train_loss=1.3036 train_acc=0.4000 | val_loss=1.3883 val_acc=0.2475 | 
03-04 12:57:02 [LP epoch 36] train_loss=1.3060 train_acc=0.3250 | val_loss=1.3884 val_acc=0.2475 | 
03-04 12:57:02 [LP epoch 37] train_loss=1.3107 train_acc=0.3500 | val_loss=1.3884 val_acc=0.2450 | 
03-04 12:57:02 [LP epoch 38] train_loss=1.2933 train_acc=0.5250 | val_loss=1.3885 val_acc=0.2550 | 
03-04 12:57:02 [LP epoch 39] train_loss=1.3104 train_acc=0.4000 | val_loss=1.3885 val_acc=0.2550 | 
03-04 12:57:02 [LP epoch 40] train_loss=1.2987 train_acc=0.4250 | val_loss=1.3886 val_acc=0.2550 | 
03-04 12:57:03 [LP epoch 41] train_loss=1.2671 train_acc=0.4500 | val_loss=1.3888 val_acc=0.2600 | 
03-04 12:57:03 [LP epoch 42] train_loss=1.3013 train_acc=0.4750 | val_loss=1.3889 val_acc=0.2650 | 
03-04 12:57:03 [LP epoch 43] train_loss=1.2944 train_acc=0.5000 | val_loss=1.3891 val_acc=0.2650 | 
03-04 12:57:03 [LP epoch 44] train_loss=1.2644 train_acc=0.4250 | val_loss=1.3892 val_acc=0.2625 | 
03-04 12:57:03 [LP epoch 45] train_loss=1.2810 train_acc=0.5000 | val_loss=1.3894 val_acc=0.2650 | 
03-04 12:57:03 [LP epoch 46] train_loss=1.2779 train_acc=0.4250 | val_loss=1.3896 val_acc=0.2675 | 
03-04 12:57:04 [LP epoch 47] train_loss=1.2553 train_acc=0.4750 | val_loss=1.3899 val_acc=0.2675 | 
03-04 12:57:04 [LP epoch 48] train_loss=1.2716 train_acc=0.5000 | val_loss=1.3903 val_acc=0.2675 | 
03-04 12:57:04 [LP epoch 49] train_loss=1.2857 train_acc=0.4500 | val_loss=1.3906 val_acc=0.2700 | 
03-04 12:57:04 Saved linear-probe checkpoint: ./checkpoint\SSF_PU_0304-125630\linear_probe_best.pt (best_val_acc=0.2725)
03-04 12:57:04 TEST linear-probe: loss=1.4121 acc=0.2500
03-04 12:57:04 model_name: SSF
03-04 12:57:04 data_name: PU
03-04 12:57:04 aug_1: randomcrop
03-04 12:57:04 aug_2: scale
03-04 12:57:04 max_epoch: 100
03-04 12:57:04 classifier_epoch: 50
03-04 12:57:04 data_view: TwoViewDataset
03-04 12:57:04 cuda_device: 0
03-04 12:57:04 checkpoint_dir: ./checkpoint
03-04 12:57:04 batch_size: 64
03-04 12:57:04 data_dir: raw_data/PU
03-04 12:57:04 out_channel: 4
03-04 12:57:04 normlizetype: minus_one_one
03-04 12:57:04 processing_type: RA
03-04 12:57:04 opt: sgd
03-04 12:57:04 lr: 0.05
03-04 12:57:04 momentum: 0.9
03-04 12:57:04 weight_decay: 0.0001
03-04 12:57:04 lr_scheduler: cos
03-04 12:57:04 gamma: 0.95
03-04 12:57:04 eta_min: 1e-05
03-04 12:57:04 latent_space: 64
03-04 12:57:04 num_blocks_ssf: 9
03-04 12:57:04 hidden_channel: 256
03-04 12:57:04 task: self_supervised
03-04 12:57:04 critetion: <class 'utils.loss_SSL.SimSiamLoss'>
03-04 12:57:04 using 1 gpus
03-04 12:57:04 Dataset class: <class 'data_utils.datasets.PU.PU'>
03-04 12:57:05 Split sizes: train=400 val=400 test=400, classier=40
03-04 12:57:05 Label counts train: Counter({0: 100, 1: 100, 2: 100, 3: 100})
03-04 12:57:05 Label counts val:   Counter({0: 100, 1: 100, 2: 100, 3: 100})
03-04 12:57:05 Label counts test:  Counter({0: 100, 1: 100, 2: 100, 3: 100})
03-04 12:57:05 Label counts classifier:  Counter({0: 10, 1: 10, 2: 10, 3: 10})
03-04 12:57:05 -----Epoch 0/99-----
03-04 12:57:06 current lr: 0.05
03-04 12:57:06 Saved best checkpoint to ./checkpoint\SSF_PU_0304-125630\best_pt (val_loss=-0.7064)
03-04 12:57:06 Epoch 000 Train loss -0.3020 | Val loss -0.7064
03-04 12:57:06 -----Epoch 1/99-----
03-04 12:57:06 current lr: 0.0499877
03-04 12:57:06 Saved best checkpoint to ./checkpoint\SSF_PU_0304-125630\best_pt (val_loss=-0.8268)
03-04 12:57:06 Epoch 001 Train loss -0.8230 | Val loss -0.8268
03-04 12:57:06 -----Epoch 2/99-----
03-04 12:57:06 current lr: 0.0499507
03-04 12:57:07 Saved best checkpoint to ./checkpoint\SSF_PU_0304-125630\best_pt (val_loss=-0.8781)
03-04 12:57:07 Epoch 002 Train loss -0.8642 | Val loss -0.8781
03-04 12:57:07 -----Epoch 3/99-----
03-04 12:57:07 current lr: 0.0498891
03-04 12:57:07 Saved best checkpoint to ./checkpoint\SSF_PU_0304-125630\best_pt (val_loss=-0.9075)
03-04 12:57:07 Epoch 003 Train loss -0.8962 | Val loss -0.9075
03-04 12:57:07 -----Epoch 4/99-----
03-04 12:57:07 current lr: 0.0498029
03-04 12:57:07 Saved best checkpoint to ./checkpoint\SSF_PU_0304-125630\best_pt (val_loss=-0.9320)
03-04 12:57:07 Epoch 004 Train loss -0.9263 | Val loss -0.9320
03-04 12:57:07 -----Epoch 5/99-----
03-04 12:57:08 current lr: 0.0496923
03-04 12:57:08 Saved best checkpoint to ./checkpoint\SSF_PU_0304-125630\best_pt (val_loss=-0.9486)
03-04 12:57:08 Epoch 005 Train loss -0.9458 | Val loss -0.9486
03-04 12:57:08 -----Epoch 6/99-----
03-04 12:57:08 current lr: 0.0495573
03-04 12:57:08 Saved best checkpoint to ./checkpoint\SSF_PU_0304-125630\best_pt (val_loss=-0.9529)
03-04 12:57:08 Epoch 006 Train loss -0.9542 | Val loss -0.9529
03-04 12:57:08 -----Epoch 7/99-----
03-04 12:57:09 current lr: 0.049398
03-04 12:57:09 No improvement in val_loss for 1/10 epochs.
03-04 12:57:09 Epoch 007 Train loss -0.9534 | Val loss -0.9493
03-04 12:57:09 -----Epoch 8/99-----
