02-24 10:05:30 model_name: SSF
02-24 10:05:30 data_name: XJTU
02-24 10:05:30 aug_1: normal
02-24 10:05:30 aug_2: randomcrop
02-24 10:05:30 max_epoch: 20
02-24 10:05:30 classifier_epoch: 50
02-24 10:05:30 data_view: TwoViewDataset
02-24 10:05:30 cuda_device: 0
02-24 10:05:30 checkpoint_dir: ./checkpoint
02-24 10:05:30 batch_size: 32
02-24 10:05:30 data_dir: raw_data/XJTU/XJTU-SY_Bearing_Datasets/XJTU-SY_Bearing_Datasets
02-24 10:05:30 out_channel: 15
02-24 10:05:30 normlizetype: minus_one_one
02-24 10:05:30 processing_type: RA
02-24 10:05:30 opt: sgd
02-24 10:05:30 lr: 0.01
02-24 10:05:30 momentum: 0.9
02-24 10:05:30 weight_decay: 1e-05
02-24 10:05:30 lr_scheduler: cos
02-24 10:05:30 gamma: 0.1
02-24 10:05:30 eta_min: 1e-05
02-24 10:05:30 latent_space: 256
02-24 10:05:30 task: self_supervised
02-24 10:05:30 critetion: <class 'utils.loss_SSL.SimSiamLoss'>
02-24 10:05:30 using 1 gpus
02-24 10:05:30 Dataset class: <class 'data_utils.datasets.XJTU.XJTU'>
02-24 10:05:31 Split sizes: train=1344 val=144 test=288, classier=144
02-24 10:05:31 Label counts train: Counter({5: 90, 14: 90, 13: 90, 9: 90, 11: 90, 0: 90, 1: 90, 2: 90, 8: 90, 3: 89, 6: 89, 7: 89, 10: 89, 4: 89, 12: 89})
02-24 10:05:31 Label counts val:   Counter({4: 10, 0: 10, 7: 10, 13: 10, 12: 10, 3: 10, 10: 10, 11: 10, 2: 10, 5: 9, 14: 9, 9: 9, 8: 9, 1: 9, 6: 9})
02-24 10:05:31 Label counts test:  Counter({7: 20, 10: 20, 6: 20, 11: 19, 5: 19, 9: 19, 14: 19, 8: 19, 0: 19, 12: 19, 2: 19, 13: 19, 4: 19, 3: 19, 1: 19})
02-24 10:05:31 Label counts classifier:  Counter({9: 10, 8: 10, 1: 10, 6: 10, 5: 10, 3: 10, 4: 10, 12: 10, 14: 10, 2: 9, 0: 9, 11: 9, 10: 9, 7: 9, 13: 9})
02-24 10:05:33 -----Epoch 0/19-----
02-24 10:05:34 current lr: 0.01
02-24 10:05:34 Saved best checkpoint to ./checkpoint\SSF_XJTU_0224-100530\best_pt (val_loss=-0.2027)
02-24 10:05:34 Epoch 000 Train loss -0.1089 | Val loss -0.2027
02-24 10:05:34 -----Epoch 1/19-----
02-24 10:05:36 current lr: 0.0099385
02-24 10:05:36 Saved best checkpoint to ./checkpoint\SSF_XJTU_0224-100530\best_pt (val_loss=-0.3614)
02-24 10:05:36 Epoch 001 Train loss -0.2848 | Val loss -0.3614
02-24 10:05:36 -----Epoch 2/19-----
02-24 10:05:37 current lr: 0.00975553
02-24 10:05:37 Saved best checkpoint to ./checkpoint\SSF_XJTU_0224-100530\best_pt (val_loss=-0.5054)
02-24 10:05:37 Epoch 002 Train loss -0.4425 | Val loss -0.5054
02-24 10:05:37 -----Epoch 3/19-----
02-24 10:05:38 current lr: 0.00945558
02-24 10:05:38 Saved best checkpoint to ./checkpoint\SSF_XJTU_0224-100530\best_pt (val_loss=-0.6124)
02-24 10:05:38 Epoch 003 Train loss -0.5664 | Val loss -0.6124
02-24 10:05:38 -----Epoch 4/19-----
02-24 10:05:39 current lr: 0.00904604
02-24 10:05:39 Saved best checkpoint to ./checkpoint\SSF_XJTU_0224-100530\best_pt (val_loss=-0.6922)
02-24 10:05:39 Epoch 004 Train loss -0.6576 | Val loss -0.6922
02-24 10:05:39 -----Epoch 5/19-----
02-24 10:05:40 current lr: 0.008537
02-24 10:05:40 Saved best checkpoint to ./checkpoint\SSF_XJTU_0224-100530\best_pt (val_loss=-0.7472)
02-24 10:05:40 Epoch 005 Train loss -0.7230 | Val loss -0.7472
02-24 10:05:40 -----Epoch 6/19-----
02-24 10:05:41 current lr: 0.00794099
02-24 10:05:41 Saved best checkpoint to ./checkpoint\SSF_XJTU_0224-100530\best_pt (val_loss=-0.7837)
02-24 10:05:41 Epoch 006 Train loss -0.7689 | Val loss -0.7837
02-24 10:05:41 -----Epoch 7/19-----
02-24 10:05:42 current lr: 0.00727268
02-24 10:05:42 Saved best checkpoint to ./checkpoint\SSF_XJTU_0224-100530\best_pt (val_loss=-0.8123)
02-24 10:05:42 Epoch 007 Train loss -0.8008 | Val loss -0.8123
02-24 10:05:42 -----Epoch 8/19-----
02-24 10:05:43 current lr: 0.00654854
02-24 10:05:43 Saved best checkpoint to ./checkpoint\SSF_XJTU_0224-100530\best_pt (val_loss=-0.8306)
02-24 10:05:43 Epoch 008 Train loss -0.8226 | Val loss -0.8306
02-24 10:05:43 -----Epoch 9/19-----
02-24 10:05:44 current lr: 0.00578639
02-24 10:05:44 Saved best checkpoint to ./checkpoint\SSF_XJTU_0224-100530\best_pt (val_loss=-0.8441)
02-24 10:05:44 Epoch 009 Train loss -0.8381 | Val loss -0.8441
02-24 10:05:44 -----Epoch 10/19-----
02-24 10:05:45 current lr: 0.005005
02-24 10:05:45 Saved best checkpoint to ./checkpoint\SSF_XJTU_0224-100530\best_pt (val_loss=-0.8546)
02-24 10:05:45 Epoch 010 Train loss -0.8497 | Val loss -0.8546
02-24 10:05:45 -----Epoch 11/19-----
02-24 10:05:46 current lr: 0.00422361
02-24 10:05:46 Saved best checkpoint to ./checkpoint\SSF_XJTU_0224-100530\best_pt (val_loss=-0.8614)
02-24 10:05:46 Epoch 011 Train loss -0.8585 | Val loss -0.8614
02-24 10:05:46 -----Epoch 12/19-----
02-24 10:05:47 current lr: 0.00346146
02-24 10:05:47 Saved best checkpoint to ./checkpoint\SSF_XJTU_0224-100530\best_pt (val_loss=-0.8665)
02-24 10:05:47 Epoch 012 Train loss -0.8648 | Val loss -0.8665
02-24 10:05:47 -----Epoch 13/19-----
02-24 10:05:48 current lr: 0.00273732
02-24 10:05:48 Saved best checkpoint to ./checkpoint\SSF_XJTU_0224-100530\best_pt (val_loss=-0.8713)
02-24 10:05:48 Epoch 013 Train loss -0.8697 | Val loss -0.8713
02-24 10:05:48 -----Epoch 14/19-----
02-24 10:05:49 current lr: 0.00206901
02-24 10:05:49 Saved best checkpoint to ./checkpoint\SSF_XJTU_0224-100530\best_pt (val_loss=-0.8747)
02-24 10:05:49 Epoch 014 Train loss -0.8734 | Val loss -0.8747
02-24 10:05:49 -----Epoch 15/19-----
02-24 10:05:50 current lr: 0.001473
02-24 10:05:50 Saved best checkpoint to ./checkpoint\SSF_XJTU_0224-100530\best_pt (val_loss=-0.8769)
02-24 10:05:50 Epoch 015 Train loss -0.8759 | Val loss -0.8769
02-24 10:05:50 -----Epoch 16/19-----
02-24 10:05:51 current lr: 0.00096396
02-24 10:05:51 Saved best checkpoint to ./checkpoint\SSF_XJTU_0224-100530\best_pt (val_loss=-0.8779)
02-24 10:05:51 Epoch 016 Train loss -0.8777 | Val loss -0.8779
02-24 10:05:51 -----Epoch 17/19-----
02-24 10:05:52 current lr: 0.000554422
02-24 10:05:52 Saved best checkpoint to ./checkpoint\SSF_XJTU_0224-100530\best_pt (val_loss=-0.8785)
02-24 10:05:52 Epoch 017 Train loss -0.8787 | Val loss -0.8785
02-24 10:05:52 -----Epoch 18/19-----
02-24 10:05:53 current lr: 0.000254473
02-24 10:05:53 Saved best checkpoint to ./checkpoint\SSF_XJTU_0224-100530\best_pt (val_loss=-0.8787)
02-24 10:05:53 Epoch 018 Train loss -0.8793 | Val loss -0.8787
02-24 10:05:53 -----Epoch 19/19-----
02-24 10:05:54 current lr: 7.14967e-05
02-24 10:05:54 Saved best checkpoint to ./checkpoint\SSF_XJTU_0224-100530\best_pt (val_loss=-0.8788)
02-24 10:05:54 Epoch 019 Train loss -0.8795 | Val loss -0.8788
02-24 10:05:54 TEST (last): loss -0.8753
02-24 10:05:54 [LP epoch 00] train_loss=2.7025 train_acc=0.0694 | val_loss=386.6286 val_acc=0.1111 | 
02-24 10:05:54 [LP epoch 01] train_loss=2.5425 train_acc=0.0625 | val_loss=379.9802 val_acc=0.0694 | 
02-24 10:05:54 [LP epoch 02] train_loss=2.4717 train_acc=0.0903 | val_loss=374.3125 val_acc=0.0833 | 
02-24 10:05:54 [LP epoch 03] train_loss=2.4451 train_acc=0.1111 | val_loss=367.9566 val_acc=0.0903 | 
02-24 10:05:54 [LP epoch 04] train_loss=2.4192 train_acc=0.1181 | val_loss=361.2995 val_acc=0.0972 | 
02-24 10:05:55 [LP epoch 05] train_loss=2.3968 train_acc=0.1111 | val_loss=355.9282 val_acc=0.1111 | 
02-24 10:05:55 [LP epoch 06] train_loss=2.3757 train_acc=0.1250 | val_loss=351.5626 val_acc=0.1319 | 
02-24 10:05:55 [LP epoch 07] train_loss=2.3526 train_acc=0.1528 | val_loss=348.0290 val_acc=0.1389 | 
02-24 10:05:55 [LP epoch 08] train_loss=2.3264 train_acc=0.1528 | val_loss=345.2578 val_acc=0.1597 | 
02-24 10:05:55 [LP epoch 09] train_loss=2.2962 train_acc=0.1875 | val_loss=343.6596 val_acc=0.1736 | 
02-24 10:05:55 [LP epoch 10] train_loss=2.2688 train_acc=0.2083 | val_loss=341.6727 val_acc=0.1389 | 
02-24 10:05:55 [LP epoch 11] train_loss=2.2404 train_acc=0.2639 | val_loss=338.5382 val_acc=0.1319 | 
02-24 10:05:55 [LP epoch 12] train_loss=2.2045 train_acc=0.2986 | val_loss=335.5962 val_acc=0.1597 | 
02-24 10:05:55 [LP epoch 13] train_loss=2.1759 train_acc=0.3889 | val_loss=330.5106 val_acc=0.2361 | 
02-24 10:05:55 [LP epoch 14] train_loss=2.1533 train_acc=0.4097 | val_loss=324.5320 val_acc=0.2778 | 
02-24 10:05:56 [LP epoch 15] train_loss=2.1297 train_acc=0.4306 | val_loss=320.2876 val_acc=0.2917 | 
02-24 10:05:56 [LP epoch 16] train_loss=2.1084 train_acc=0.4375 | val_loss=316.7784 val_acc=0.3194 | 
02-24 10:05:56 [LP epoch 17] train_loss=2.0873 train_acc=0.4444 | val_loss=312.8439 val_acc=0.3681 | 
02-24 10:05:56 [LP epoch 18] train_loss=2.0639 train_acc=0.4861 | val_loss=309.9540 val_acc=0.3889 | 
02-24 10:05:56 [LP epoch 19] train_loss=2.0423 train_acc=0.5000 | val_loss=308.6170 val_acc=0.4097 | 
02-24 10:05:56 [LP epoch 20] train_loss=2.0203 train_acc=0.5139 | val_loss=307.9468 val_acc=0.4167 | 
02-24 10:05:56 [LP epoch 21] train_loss=1.9983 train_acc=0.5486 | val_loss=306.9081 val_acc=0.4167 | 
02-24 10:05:56 [LP epoch 22] train_loss=1.9786 train_acc=0.5486 | val_loss=304.1693 val_acc=0.4306 | 
02-24 10:05:56 [LP epoch 23] train_loss=1.9573 train_acc=0.5625 | val_loss=299.5935 val_acc=0.4653 | 
02-24 10:05:56 [LP epoch 24] train_loss=1.9358 train_acc=0.5694 | val_loss=296.7955 val_acc=0.4375 | 
02-24 10:05:57 [LP epoch 25] train_loss=1.9150 train_acc=0.5694 | val_loss=292.2738 val_acc=0.4583 | 
02-24 10:05:57 [LP epoch 26] train_loss=1.8928 train_acc=0.5764 | val_loss=291.1610 val_acc=0.4792 | 
02-24 10:05:57 [LP epoch 27] train_loss=1.8731 train_acc=0.5694 | val_loss=285.9128 val_acc=0.4722 | 
02-24 10:05:57 [LP epoch 28] train_loss=1.8556 train_acc=0.5764 | val_loss=283.7354 val_acc=0.5208 | 
02-24 10:05:57 [LP epoch 29] train_loss=1.8334 train_acc=0.5833 | val_loss=280.4008 val_acc=0.4931 | 
02-24 10:05:57 [LP epoch 30] train_loss=1.8158 train_acc=0.5903 | val_loss=278.4268 val_acc=0.5347 | 
02-24 10:05:57 [LP epoch 31] train_loss=1.7963 train_acc=0.6250 | val_loss=271.8034 val_acc=0.5069 | 
02-24 10:05:57 [LP epoch 32] train_loss=1.7763 train_acc=0.5972 | val_loss=271.6077 val_acc=0.5208 | 
02-24 10:05:57 [LP epoch 33] train_loss=1.7532 train_acc=0.6250 | val_loss=267.1071 val_acc=0.5069 | 
02-24 10:05:57 [LP epoch 34] train_loss=1.7366 train_acc=0.6042 | val_loss=269.2949 val_acc=0.5278 | 
02-24 10:05:57 [LP epoch 35] train_loss=1.7167 train_acc=0.6319 | val_loss=262.1560 val_acc=0.5069 | 
02-24 10:05:58 [LP epoch 36] train_loss=1.7030 train_acc=0.6111 | val_loss=258.3458 val_acc=0.4722 | 
02-24 10:05:58 [LP epoch 37] train_loss=1.6830 train_acc=0.6458 | val_loss=258.6108 val_acc=0.5625 | 
02-24 10:05:58 [LP epoch 38] train_loss=1.6492 train_acc=0.6736 | val_loss=253.9814 val_acc=0.5417 | 
02-24 10:05:58 [LP epoch 39] train_loss=1.6551 train_acc=0.6389 | val_loss=254.6007 val_acc=0.5139 | 
02-24 10:05:58 [LP epoch 40] train_loss=1.6416 train_acc=0.6667 | val_loss=249.6776 val_acc=0.5208 | 
02-24 10:05:58 [LP epoch 41] train_loss=1.6162 train_acc=0.6667 | val_loss=256.0063 val_acc=0.5278 | 
02-24 10:05:58 [LP epoch 42] train_loss=1.5907 train_acc=0.6806 | val_loss=251.8943 val_acc=0.5625 | 
02-24 10:05:58 [LP epoch 43] train_loss=1.5595 train_acc=0.7361 | val_loss=248.6087 val_acc=0.5694 | 
02-24 10:05:58 [LP epoch 44] train_loss=1.5398 train_acc=0.7083 | val_loss=245.3834 val_acc=0.5903 | 
02-24 10:05:58 [LP epoch 45] train_loss=1.5210 train_acc=0.7292 | val_loss=244.4073 val_acc=0.6042 | 
02-24 10:05:58 [LP epoch 46] train_loss=1.4974 train_acc=0.7222 | val_loss=240.2998 val_acc=0.5972 | 
02-24 10:05:59 [LP epoch 47] train_loss=1.4798 train_acc=0.7222 | val_loss=237.2975 val_acc=0.6111 | 
02-24 10:05:59 [LP epoch 48] train_loss=1.4612 train_acc=0.7292 | val_loss=232.2003 val_acc=0.5486 | 
02-24 10:05:59 [LP epoch 49] train_loss=1.4603 train_acc=0.6944 | val_loss=231.5719 val_acc=0.5556 | 
02-24 10:05:59 Saved linear-probe checkpoint: ./checkpoint\SSF_XJTU_0224-100530\linear_probe_best.pt (best_val_acc=0.6111)
02-24 10:05:59 TEST linear-probe: loss=1.6178 acc=0.5868
02-24 10:05:59 using 1 gpus
02-24 10:05:59 Dataset class: <class 'data_utils.datasets.XJTU.XJTU'>
02-24 10:06:00 Split sizes: train=1344 val=144 test=288, classier=144
02-24 10:06:00 Label counts train: Counter({5: 90, 14: 90, 13: 90, 9: 90, 11: 90, 0: 90, 1: 90, 2: 90, 8: 90, 3: 89, 6: 89, 7: 89, 10: 89, 4: 89, 12: 89})
02-24 10:06:00 Label counts val:   Counter({4: 10, 0: 10, 7: 10, 13: 10, 12: 10, 3: 10, 10: 10, 11: 10, 2: 10, 5: 9, 14: 9, 9: 9, 8: 9, 1: 9, 6: 9})
02-24 10:06:00 Label counts test:  Counter({7: 20, 10: 20, 6: 20, 11: 19, 5: 19, 9: 19, 14: 19, 8: 19, 0: 19, 12: 19, 2: 19, 13: 19, 4: 19, 3: 19, 1: 19})
02-24 10:06:00 Label counts classifier:  Counter({9: 10, 8: 10, 1: 10, 6: 10, 5: 10, 3: 10, 4: 10, 12: 10, 14: 10, 2: 9, 0: 9, 11: 9, 10: 9, 7: 9, 13: 9})
02-24 10:06:00 -----Epoch 0/19-----
02-24 10:06:01 current lr: 0.01
02-24 10:06:01 Saved best checkpoint to ./checkpoint\SSF_XJTU_0224-100530\best_pt (val_loss=-0.2178)
02-24 10:06:01 Epoch 000 Train loss -0.1285 | Val loss -0.2178
02-24 10:06:01 -----Epoch 1/19-----
02-24 10:06:02 current lr: 0.0099385
02-24 10:06:02 Saved best checkpoint to ./checkpoint\SSF_XJTU_0224-100530\best_pt (val_loss=-0.4085)
02-24 10:06:02 Epoch 001 Train loss -0.3129 | Val loss -0.4085
02-24 10:06:02 -----Epoch 2/19-----
02-24 10:06:03 current lr: 0.00975553
02-24 10:06:03 Saved best checkpoint to ./checkpoint\SSF_XJTU_0224-100530\best_pt (val_loss=-0.5574)
02-24 10:06:03 Epoch 002 Train loss -0.4823 | Val loss -0.5574
02-24 10:06:03 -----Epoch 3/19-----
02-24 10:06:04 current lr: 0.00945558
02-24 10:06:04 Saved best checkpoint to ./checkpoint\SSF_XJTU_0224-100530\best_pt (val_loss=-0.6561)
02-24 10:06:04 Epoch 003 Train loss -0.6111 | Val loss -0.6561
02-24 10:06:04 -----Epoch 4/19-----
02-24 10:06:05 current lr: 0.00904604
02-24 10:06:05 Saved best checkpoint to ./checkpoint\SSF_XJTU_0224-100530\best_pt (val_loss=-0.7276)
02-24 10:06:05 Epoch 004 Train loss -0.7008 | Val loss -0.7276
02-24 10:06:05 -----Epoch 5/19-----
02-24 10:06:06 current lr: 0.008537
02-24 10:06:06 Saved best checkpoint to ./checkpoint\SSF_XJTU_0224-100530\best_pt (val_loss=-0.7766)
02-24 10:06:06 Epoch 005 Train loss -0.7616 | Val loss -0.7766
02-24 10:06:06 -----Epoch 6/19-----
02-24 10:06:07 current lr: 0.00794099
02-24 10:06:07 Saved best checkpoint to ./checkpoint\SSF_XJTU_0224-100530\best_pt (val_loss=-0.8104)
02-24 10:06:07 Epoch 006 Train loss -0.8019 | Val loss -0.8104
02-24 10:06:07 -----Epoch 7/19-----
02-24 10:06:08 current lr: 0.00727268
02-24 10:06:08 Saved best checkpoint to ./checkpoint\SSF_XJTU_0224-100530\best_pt (val_loss=-0.8344)
02-24 10:06:08 Epoch 007 Train loss -0.8296 | Val loss -0.8344
02-24 10:06:08 -----Epoch 8/19-----
02-24 10:06:09 current lr: 0.00654854
02-24 10:06:09 Saved best checkpoint to ./checkpoint\SSF_XJTU_0224-100530\best_pt (val_loss=-0.8503)
02-24 10:06:09 Epoch 008 Train loss -0.8489 | Val loss -0.8503
02-24 10:06:09 -----Epoch 9/19-----
02-24 10:06:10 current lr: 0.00578639
02-24 10:06:10 Saved best checkpoint to ./checkpoint\SSF_XJTU_0224-100530\best_pt (val_loss=-0.8618)
02-24 10:06:10 Epoch 009 Train loss -0.8623 | Val loss -0.8618
02-24 10:06:10 -----Epoch 10/19-----
02-24 10:06:11 current lr: 0.005005
02-24 10:06:11 Saved best checkpoint to ./checkpoint\SSF_XJTU_0224-100530\best_pt (val_loss=-0.8696)
02-24 10:06:11 Epoch 010 Train loss -0.8716 | Val loss -0.8696
02-24 10:06:11 -----Epoch 11/19-----
02-24 10:06:12 current lr: 0.00422361
02-24 10:06:12 Saved best checkpoint to ./checkpoint\SSF_XJTU_0224-100530\best_pt (val_loss=-0.8758)
02-24 10:06:12 Epoch 011 Train loss -0.8784 | Val loss -0.8758
02-24 10:06:12 -----Epoch 12/19-----
02-24 10:06:13 current lr: 0.00346146
02-24 10:06:13 Saved best checkpoint to ./checkpoint\SSF_XJTU_0224-100530\best_pt (val_loss=-0.8784)
02-24 10:06:13 Epoch 012 Train loss -0.8831 | Val loss -0.8784
02-24 10:06:13 -----Epoch 13/19-----
02-24 10:06:14 current lr: 0.00273732
02-24 10:06:14 Saved best checkpoint to ./checkpoint\SSF_XJTU_0224-100530\best_pt (val_loss=-0.8821)
02-24 10:06:14 Epoch 013 Train loss -0.8868 | Val loss -0.8821
02-24 10:06:14 -----Epoch 14/19-----
02-24 10:06:15 current lr: 0.00206901
02-24 10:06:15 Saved best checkpoint to ./checkpoint\SSF_XJTU_0224-100530\best_pt (val_loss=-0.8846)
02-24 10:06:15 Epoch 014 Train loss -0.8894 | Val loss -0.8846
02-24 10:06:15 -----Epoch 15/19-----
02-24 10:06:17 current lr: 0.001473
02-24 10:06:17 Saved best checkpoint to ./checkpoint\SSF_XJTU_0224-100530\best_pt (val_loss=-0.8864)
02-24 10:06:17 Epoch 015 Train loss -0.8911 | Val loss -0.8864
02-24 10:06:17 -----Epoch 16/19-----
02-24 10:06:18 current lr: 0.00096396
02-24 10:06:18 Saved best checkpoint to ./checkpoint\SSF_XJTU_0224-100530\best_pt (val_loss=-0.8873)
02-24 10:06:18 Epoch 016 Train loss -0.8924 | Val loss -0.8873
02-24 10:06:18 -----Epoch 17/19-----
02-24 10:06:19 current lr: 0.000554422
02-24 10:06:19 Saved best checkpoint to ./checkpoint\SSF_XJTU_0224-100530\best_pt (val_loss=-0.8878)
02-24 10:06:19 Epoch 017 Train loss -0.8931 | Val loss -0.8878
02-24 10:06:19 -----Epoch 18/19-----
02-24 10:06:20 current lr: 0.000254473
02-24 10:06:20 Saved best checkpoint to ./checkpoint\SSF_XJTU_0224-100530\best_pt (val_loss=-0.8882)
02-24 10:06:20 Epoch 018 Train loss -0.8936 | Val loss -0.8882
02-24 10:06:20 -----Epoch 19/19-----
02-24 10:06:21 current lr: 7.14967e-05
02-24 10:06:21 Saved best checkpoint to ./checkpoint\SSF_XJTU_0224-100530\best_pt (val_loss=-0.8883)
02-24 10:06:21 Epoch 019 Train loss -0.8938 | Val loss -0.8883
02-24 10:06:21 TEST (last): loss -0.8885
02-24 10:06:21 [LP epoch 00] train_loss=2.8014 train_acc=0.0278 | val_loss=393.1934 val_acc=0.0833 | 
02-24 10:06:21 [LP epoch 01] train_loss=2.6880 train_acc=0.0694 | val_loss=391.5764 val_acc=0.1111 | 
02-24 10:06:21 [LP epoch 02] train_loss=2.6371 train_acc=0.0764 | val_loss=389.7753 val_acc=0.1181 | 
02-24 10:06:21 [LP epoch 03] train_loss=2.5922 train_acc=0.1042 | val_loss=387.4002 val_acc=0.1042 | 
02-24 10:06:21 [LP epoch 04] train_loss=2.5543 train_acc=0.1111 | val_loss=384.4101 val_acc=0.0972 | 
02-24 10:06:21 [LP epoch 05] train_loss=2.5177 train_acc=0.1944 | val_loss=380.3312 val_acc=0.0833 | 
02-24 10:06:21 [LP epoch 06] train_loss=2.4894 train_acc=0.2292 | val_loss=377.1284 val_acc=0.1667 | 
02-24 10:06:21 [LP epoch 07] train_loss=2.4583 train_acc=0.2431 | val_loss=375.0348 val_acc=0.1667 | 
02-24 10:06:21 [LP epoch 08] train_loss=2.4280 train_acc=0.2986 | val_loss=370.6152 val_acc=0.1736 | 
02-24 10:06:22 [LP epoch 09] train_loss=2.3945 train_acc=0.3056 | val_loss=368.9133 val_acc=0.1806 | 
02-24 10:06:22 [LP epoch 10] train_loss=2.3644 train_acc=0.2986 | val_loss=367.6817 val_acc=0.1944 | 
02-24 10:06:22 [LP epoch 11] train_loss=2.3407 train_acc=0.3125 | val_loss=361.6882 val_acc=0.2500 | 
02-24 10:06:22 [LP epoch 12] train_loss=2.3114 train_acc=0.3333 | val_loss=363.1852 val_acc=0.2222 | 
02-24 10:06:22 [LP epoch 13] train_loss=2.2956 train_acc=0.3403 | val_loss=360.1491 val_acc=0.2361 | 
02-24 10:06:22 [LP epoch 14] train_loss=2.2647 train_acc=0.3819 | val_loss=358.1348 val_acc=0.2222 | 
02-24 10:06:22 [LP epoch 15] train_loss=2.2486 train_acc=0.3542 | val_loss=350.7724 val_acc=0.2500 | 
02-24 10:06:22 [LP epoch 16] train_loss=2.2281 train_acc=0.3750 | val_loss=347.1184 val_acc=0.2847 | 
02-24 10:06:22 [LP epoch 17] train_loss=2.2083 train_acc=0.3681 | val_loss=345.6187 val_acc=0.2431 | 
02-24 10:06:23 [LP epoch 18] train_loss=2.1829 train_acc=0.3889 | val_loss=345.3632 val_acc=0.2500 | 
02-24 10:06:23 [LP epoch 19] train_loss=2.1513 train_acc=0.4375 | val_loss=338.8958 val_acc=0.2986 | 
02-24 10:06:23 [LP epoch 20] train_loss=2.1318 train_acc=0.4097 | val_loss=332.7703 val_acc=0.3264 | 
02-24 10:06:23 [LP epoch 21] train_loss=2.1171 train_acc=0.4444 | val_loss=325.7134 val_acc=0.3264 | 
02-24 10:06:23 [LP epoch 22] train_loss=2.0944 train_acc=0.4514 | val_loss=321.4460 val_acc=0.3403 | 
02-24 10:06:23 [LP epoch 23] train_loss=2.0816 train_acc=0.4097 | val_loss=323.2500 val_acc=0.3333 | 
02-24 10:06:23 [LP epoch 24] train_loss=2.0512 train_acc=0.4444 | val_loss=318.1597 val_acc=0.3819 | 
02-24 10:06:23 [LP epoch 25] train_loss=2.0268 train_acc=0.4931 | val_loss=315.2307 val_acc=0.3889 | 
02-24 10:06:23 [LP epoch 26] train_loss=2.0136 train_acc=0.4792 | val_loss=312.1746 val_acc=0.4167 | 
02-24 10:06:23 [LP epoch 27] train_loss=1.9965 train_acc=0.4861 | val_loss=310.4405 val_acc=0.4236 | 
02-24 10:06:24 [LP epoch 28] train_loss=1.9733 train_acc=0.5069 | val_loss=310.1593 val_acc=0.4236 | 
02-24 10:06:24 [LP epoch 29] train_loss=1.9542 train_acc=0.4861 | val_loss=305.8903 val_acc=0.4444 | 
02-24 10:06:24 [LP epoch 30] train_loss=1.9365 train_acc=0.5278 | val_loss=303.5246 val_acc=0.4167 | 
02-24 10:06:24 [LP epoch 31] train_loss=1.9174 train_acc=0.5000 | val_loss=301.6244 val_acc=0.4028 | 
02-24 10:06:24 [LP epoch 32] train_loss=1.8948 train_acc=0.5486 | val_loss=297.8897 val_acc=0.4028 | 
02-24 10:06:24 [LP epoch 33] train_loss=1.8825 train_acc=0.5139 | val_loss=297.5937 val_acc=0.4236 | 
02-24 10:06:24 [LP epoch 34] train_loss=1.8645 train_acc=0.5486 | val_loss=290.9146 val_acc=0.4514 | 
02-24 10:06:24 [LP epoch 35] train_loss=1.8423 train_acc=0.5278 | val_loss=294.4625 val_acc=0.4653 | 
02-24 10:06:24 [LP epoch 36] train_loss=1.8131 train_acc=0.5347 | val_loss=290.3425 val_acc=0.4722 | 
02-24 10:06:24 [LP epoch 37] train_loss=1.7970 train_acc=0.5486 | val_loss=288.3348 val_acc=0.4375 | 
02-24 10:06:25 [LP epoch 38] train_loss=1.7782 train_acc=0.5764 | val_loss=283.6418 val_acc=0.4861 | 
02-24 10:06:25 [LP epoch 39] train_loss=1.7650 train_acc=0.5625 | val_loss=284.2235 val_acc=0.4583 | 
02-24 10:06:25 [LP epoch 40] train_loss=1.7425 train_acc=0.5764 | val_loss=282.6684 val_acc=0.4792 | 
02-24 10:06:25 [LP epoch 41] train_loss=1.7277 train_acc=0.5903 | val_loss=279.1234 val_acc=0.4861 | 
02-24 10:06:25 [LP epoch 42] train_loss=1.7073 train_acc=0.5972 | val_loss=281.1708 val_acc=0.4792 | 
02-24 10:06:25 [LP epoch 43] train_loss=1.6966 train_acc=0.6250 | val_loss=277.4627 val_acc=0.4861 | 
02-24 10:06:25 [LP epoch 44] train_loss=1.6791 train_acc=0.6111 | val_loss=278.2707 val_acc=0.4931 | 
02-24 10:06:25 [LP epoch 45] train_loss=1.6588 train_acc=0.6458 | val_loss=272.0551 val_acc=0.5208 | 
02-24 10:06:25 [LP epoch 46] train_loss=1.6500 train_acc=0.6319 | val_loss=272.7574 val_acc=0.4792 | 
02-24 10:06:26 [LP epoch 47] train_loss=1.6187 train_acc=0.6458 | val_loss=261.4794 val_acc=0.5000 | 
02-24 10:06:26 [LP epoch 48] train_loss=1.5991 train_acc=0.6458 | val_loss=265.2832 val_acc=0.4861 | 
02-24 10:06:26 [LP epoch 49] train_loss=1.5917 train_acc=0.6667 | val_loss=263.2505 val_acc=0.4861 | 
02-24 10:06:26 Saved linear-probe checkpoint: ./checkpoint\SSF_XJTU_0224-100530\linear_probe_best.pt (best_val_acc=0.5208)
02-24 10:06:26 TEST linear-probe: loss=1.8058 acc=0.5000
