02-24 09:58:06 model_name: SSF
02-24 09:58:06 data_name: XJTU
02-24 09:58:06 aug_1: normal
02-24 09:58:06 aug_2: randomcrop
02-24 09:58:06 max_epoch: 20
02-24 09:58:06 classifier_epoch: 50
02-24 09:58:06 data_view: TwoViewDataset
02-24 09:58:06 cuda_device: 0
02-24 09:58:06 checkpoint_dir: ./checkpoint
02-24 09:58:06 batch_size: 32
02-24 09:58:06 data_dir: raw_data/XJTU
02-24 09:58:06 out_channel: 10
02-24 09:58:06 normlizetype: minus_one_one
02-24 09:58:06 processing_type: RA
02-24 09:58:06 opt: sgd
02-24 09:58:06 lr: 0.01
02-24 09:58:06 momentum: 0.9
02-24 09:58:06 weight_decay: 1e-05
02-24 09:58:06 lr_scheduler: cos
02-24 09:58:06 gamma: 0.1
02-24 09:58:06 eta_min: 1e-05
02-24 09:58:06 latent_space: 256
02-24 09:58:06 task: self_supervised
02-24 09:58:06 critetion: <class 'utils.loss_SSL.SimSiamLoss'>
02-24 09:58:06 using 1 gpus
02-24 09:58:06 Dataset class: <class 'data_utils.datasets.XJTU.XJTU'>
