04-27 14:43:02 ================================================================================
04-27 14:43:02 RUN: aug=('gaussian', 'gaussian') hidden=128 latent=160 blocks=7 seed=0
04-27 14:43:02 model_name: SSF
04-27 14:43:02 data_name: PU
04-27 14:43:02 aug_1: gaussian
04-27 14:43:02 aug_2: gaussian
04-27 14:43:02 data_view: TwoViewDataset
04-27 14:43:02 data_dir: raw_data/PU
04-27 14:43:02 out_channel: 6
04-27 14:43:02 normlizetype: None
04-27 14:43:02 processing_type: O_N
04-27 14:43:02 max_epoch: 50
04-27 14:43:02 classifier_epoch: 50
04-27 14:43:02 batch_size: 64
04-27 14:43:02 cuda_device: 0
04-27 14:43:02 checkpoint_dir: ./checkpoint
04-27 14:43:02 opt: sgd
04-27 14:43:02 lr: 0.05
04-27 14:43:02 momentum: 0.9
04-27 14:43:02 weight_decay: 0.0001
04-27 14:43:02 lr_scheduler: cos
04-27 14:43:02 gamma: 0.95
04-27 14:43:02 eta_min: 1e-05
04-27 14:43:02 latent_space: 160
04-27 14:43:02 num_blocks_ssf: 7
04-27 14:43:02 hidden_channel: 128
04-27 14:43:02 per_class_samples: 1000
04-27 14:43:02 classifier_samples: 100
04-27 14:43:02 task: self_supervised
04-27 14:43:02 critetion: <class 'utils.loss_SSL.SimSiamLoss'>
04-27 14:43:02 using 1 gpus
04-27 14:43:02 Dataset class: <class 'data_utils.datasets.PU.PU'>
04-27 14:43:03 Split sizes: train=1000 val=1000 test=6000, classier=600
04-27 14:43:03 Label counts train: Counter({0: 1000})
04-27 14:43:03 Label counts val:   Counter({0: 1000})
04-27 14:43:03 Label counts test:  Counter({0: 1000, 2: 1000, 5: 1000, 1: 1000, 3: 1000, 4: 1000})
04-27 14:43:03 Label counts classifier:  Counter({4: 100, 1: 100, 2: 100, 5: 100, 0: 100, 3: 100})
04-27 14:43:03 Label counts classifier validation:  Counter({3: 100, 4: 100, 0: 100, 1: 100, 5: 100, 2: 100})
04-27 14:43:05 -----Epoch 0/49-----
04-27 14:43:07 current lr: 0.05
04-27 14:43:07 Saved best checkpoint to ./checkpoint\SSF_PU_0427-144302\best_pt (val_loss=-0.9153)
04-27 14:43:07 Epoch 000 Train loss -0.7552 | Val loss -0.9153
04-27 14:43:07 -----Epoch 1/49-----
04-27 14:43:09 current lr: 0.0499507
04-27 14:43:09 Saved best checkpoint to ./checkpoint\SSF_PU_0427-144302\best_pt (val_loss=-0.9765)
04-27 14:43:09 Epoch 001 Train loss -0.9690 | Val loss -0.9765
04-27 14:43:09 -----Epoch 2/49-----
04-27 14:43:11 current lr: 0.0498029
04-27 14:43:11 Saved best checkpoint to ./checkpoint\SSF_PU_0427-144302\best_pt (val_loss=-0.9846)
04-27 14:43:11 Epoch 002 Train loss -0.9835 | Val loss -0.9846
04-27 14:43:11 -----Epoch 3/49-----
04-27 14:43:12 current lr: 0.0495573
04-27 14:43:12 Saved best checkpoint to ./checkpoint\SSF_PU_0427-144302\best_pt (val_loss=-0.9875)
04-27 14:43:12 Epoch 003 Train loss -0.9882 | Val loss -0.9875
04-27 14:43:12 -----Epoch 4/49-----
04-27 14:43:14 current lr: 0.0492147
04-27 14:43:14 Saved best checkpoint to ./checkpoint\SSF_PU_0427-144302\best_pt (val_loss=-0.9882)
04-27 14:43:14 Epoch 004 Train loss -0.9882 | Val loss -0.9882
04-27 14:43:14 -----Epoch 5/49-----
04-27 14:43:15 current lr: 0.0487767
04-27 14:43:15 Saved best checkpoint to ./checkpoint\SSF_PU_0427-144302\best_pt (val_loss=-0.9896)
04-27 14:43:15 Epoch 005 Train loss -0.9891 | Val loss -0.9896
04-27 14:43:15 -----Epoch 6/49-----
04-27 14:43:17 current lr: 0.0482448
04-27 14:43:17 Saved best checkpoint to ./checkpoint\SSF_PU_0427-144302\best_pt (val_loss=-0.9906)
04-27 14:43:17 Epoch 006 Train loss -0.9908 | Val loss -0.9906
04-27 14:43:17 -----Epoch 7/49-----
04-27 14:43:19 current lr: 0.0476212
04-27 14:43:19 Saved best checkpoint to ./checkpoint\SSF_PU_0427-144302\best_pt (val_loss=-0.9914)
04-27 14:43:19 Epoch 007 Train loss -0.9918 | Val loss -0.9914
04-27 14:43:19 -----Epoch 8/49-----
04-27 14:43:20 current lr: 0.0469083
04-27 14:43:20 Saved best checkpoint to ./checkpoint\SSF_PU_0427-144302\best_pt (val_loss=-0.9923)
04-27 14:43:20 Epoch 008 Train loss -0.9925 | Val loss -0.9923
04-27 14:43:20 -----Epoch 9/49-----
04-27 14:43:22 current lr: 0.046109
04-27 14:43:22 Saved best checkpoint to ./checkpoint\SSF_PU_0427-144302\best_pt (val_loss=-0.9927)
04-27 14:43:22 Epoch 009 Train loss -0.9933 | Val loss -0.9927
04-27 14:43:22 -----Epoch 10/49-----
04-27 14:43:23 current lr: 0.0452264
04-27 14:43:23 Saved best checkpoint to ./checkpoint\SSF_PU_0427-144302\best_pt (val_loss=-0.9930)
04-27 14:43:23 Epoch 010 Train loss -0.9938 | Val loss -0.9930
04-27 14:43:23 -----Epoch 11/49-----
04-27 14:43:25 current lr: 0.044264
04-27 14:43:25 Saved best checkpoint to ./checkpoint\SSF_PU_0427-144302\best_pt (val_loss=-0.9934)
04-27 14:43:25 Epoch 011 Train loss -0.9942 | Val loss -0.9934
04-27 14:43:25 -----Epoch 12/49-----
04-27 14:43:27 current lr: 0.0432256
04-27 14:43:27 Saved best checkpoint to ./checkpoint\SSF_PU_0427-144302\best_pt (val_loss=-0.9938)
04-27 14:43:27 Epoch 012 Train loss -0.9945 | Val loss -0.9938
04-27 14:43:27 -----Epoch 13/49-----
04-27 14:43:28 current lr: 0.0421153
04-27 14:43:28 Saved best checkpoint to ./checkpoint\SSF_PU_0427-144302\best_pt (val_loss=-0.9938)
04-27 14:43:28 Epoch 013 Train loss -0.9948 | Val loss -0.9938
04-27 14:43:28 -----Epoch 14/49-----
04-27 14:43:30 current lr: 0.0409374
04-27 14:43:30 Saved best checkpoint to ./checkpoint\SSF_PU_0427-144302\best_pt (val_loss=-0.9940)
04-27 14:43:30 Epoch 014 Train loss -0.9950 | Val loss -0.9940
04-27 14:43:30 -----Epoch 15/49-----
04-27 14:43:31 current lr: 0.0396967
04-27 14:43:31 Saved best checkpoint to ./checkpoint\SSF_PU_0427-144302\best_pt (val_loss=-0.9942)
04-27 14:43:31 Epoch 015 Train loss -0.9952 | Val loss -0.9942
04-27 14:43:31 -----Epoch 16/49-----
04-27 14:43:33 current lr: 0.038398
04-27 14:43:33 Saved best checkpoint to ./checkpoint\SSF_PU_0427-144302\best_pt (val_loss=-0.9945)
04-27 14:43:33 Epoch 016 Train loss -0.9953 | Val loss -0.9945
04-27 14:43:33 -----Epoch 17/49-----
04-27 14:43:34 current lr: 0.0370464
04-27 14:43:34 Saved best checkpoint to ./checkpoint\SSF_PU_0427-144302\best_pt (val_loss=-0.9946)
04-27 14:43:34 Epoch 017 Train loss -0.9955 | Val loss -0.9946
04-27 14:43:34 -----Epoch 18/49-----
04-27 14:43:36 current lr: 0.0356474
04-27 14:43:36 Saved best checkpoint to ./checkpoint\SSF_PU_0427-144302\best_pt (val_loss=-0.9947)
04-27 14:43:36 Epoch 018 Train loss -0.9956 | Val loss -0.9947
04-27 14:43:36 -----Epoch 19/49-----
04-27 14:43:38 current lr: 0.0342063
04-27 14:43:38 Saved best checkpoint to ./checkpoint\SSF_PU_0427-144302\best_pt (val_loss=-0.9947)
04-27 14:43:38 Epoch 019 Train loss -0.9956 | Val loss -0.9947
04-27 14:43:38 -----Epoch 20/49-----
04-27 14:43:39 current lr: 0.0327289
04-27 14:43:39 Saved best checkpoint to ./checkpoint\SSF_PU_0427-144302\best_pt (val_loss=-0.9947)
04-27 14:43:39 Epoch 020 Train loss -0.9957 | Val loss -0.9947
04-27 14:43:39 -----Epoch 21/49-----
04-27 14:43:41 current lr: 0.031221
04-27 14:43:41 No improvement in val_loss for 1/10 epochs.
04-27 14:43:41 Epoch 021 Train loss -0.9958 | Val loss -0.9947
04-27 14:43:41 -----Epoch 22/49-----
04-27 14:43:42 current lr: 0.0296886
04-27 14:43:42 Saved best checkpoint to ./checkpoint\SSF_PU_0427-144302\best_pt (val_loss=-0.9948)
04-27 14:43:42 Epoch 022 Train loss -0.9958 | Val loss -0.9948
04-27 14:43:42 -----Epoch 23/49-----
04-27 14:43:44 current lr: 0.0281377
04-27 14:43:44 Saved best checkpoint to ./checkpoint\SSF_PU_0427-144302\best_pt (val_loss=-0.9948)
04-27 14:43:44 Epoch 023 Train loss -0.9959 | Val loss -0.9948
04-27 14:43:44 -----Epoch 24/49-----
04-27 14:43:45 current lr: 0.0265744
04-27 14:43:45 No improvement in val_loss for 1/10 epochs.
04-27 14:43:45 Epoch 024 Train loss -0.9959 | Val loss -0.9948
04-27 14:43:45 -----Epoch 25/49-----
04-27 14:43:47 current lr: 0.025005
04-27 14:43:47 No improvement in val_loss for 2/10 epochs.
04-27 14:43:47 Epoch 025 Train loss -0.9960 | Val loss -0.9948
04-27 14:43:47 -----Epoch 26/49-----
04-27 14:43:49 current lr: 0.0234356
04-27 14:43:49 No improvement in val_loss for 3/10 epochs.
04-27 14:43:49 Epoch 026 Train loss -0.9960 | Val loss -0.9948
04-27 14:43:49 -----Epoch 27/49-----
04-27 14:43:50 current lr: 0.0218723
04-27 14:43:50 Saved best checkpoint to ./checkpoint\SSF_PU_0427-144302\best_pt (val_loss=-0.9949)
04-27 14:43:50 Epoch 027 Train loss -0.9960 | Val loss -0.9949
04-27 14:43:50 -----Epoch 28/49-----
04-27 14:43:52 current lr: 0.0203214
04-27 14:43:52 No improvement in val_loss for 1/10 epochs.
04-27 14:43:52 Epoch 028 Train loss -0.9960 | Val loss -0.9948
04-27 14:43:52 -----Epoch 29/49-----
04-27 14:43:53 current lr: 0.018789
04-27 14:43:53 Saved best checkpoint to ./checkpoint\SSF_PU_0427-144302\best_pt (val_loss=-0.9949)
04-27 14:43:53 Epoch 029 Train loss -0.9960 | Val loss -0.9949
04-27 14:43:53 -----Epoch 30/49-----
04-27 14:43:55 current lr: 0.0172811
04-27 14:43:55 Saved best checkpoint to ./checkpoint\SSF_PU_0427-144302\best_pt (val_loss=-0.9949)
04-27 14:43:55 Epoch 030 Train loss -0.9960 | Val loss -0.9949
04-27 14:43:55 -----Epoch 31/49-----
04-27 14:43:57 current lr: 0.0158037
04-27 14:43:57 Saved best checkpoint to ./checkpoint\SSF_PU_0427-144302\best_pt (val_loss=-0.9950)
04-27 14:43:57 Epoch 031 Train loss -0.9961 | Val loss -0.9950
04-27 14:43:57 -----Epoch 32/49-----
04-27 14:43:58 current lr: 0.0143626
04-27 14:43:58 Saved best checkpoint to ./checkpoint\SSF_PU_0427-144302\best_pt (val_loss=-0.9950)
04-27 14:43:58 Epoch 032 Train loss -0.9960 | Val loss -0.9950
04-27 14:43:58 -----Epoch 33/49-----
04-27 14:44:00 current lr: 0.0129636
04-27 14:44:00 No improvement in val_loss for 1/10 epochs.
04-27 14:44:00 Epoch 033 Train loss -0.9961 | Val loss -0.9950
04-27 14:44:00 -----Epoch 34/49-----
04-27 14:44:01 current lr: 0.011612
04-27 14:44:01 Saved best checkpoint to ./checkpoint\SSF_PU_0427-144302\best_pt (val_loss=-0.9950)
04-27 14:44:01 Epoch 034 Train loss -0.9961 | Val loss -0.9950
04-27 14:44:01 -----Epoch 35/49-----
04-27 14:44:03 current lr: 0.0103133
04-27 14:44:03 Saved best checkpoint to ./checkpoint\SSF_PU_0427-144302\best_pt (val_loss=-0.9950)
04-27 14:44:03 Epoch 035 Train loss -0.9961 | Val loss -0.9950
04-27 14:44:03 -----Epoch 36/49-----
04-27 14:44:05 current lr: 0.00907259
04-27 14:44:05 No improvement in val_loss for 1/10 epochs.
04-27 14:44:05 Epoch 036 Train loss -0.9961 | Val loss -0.9950
04-27 14:44:05 -----Epoch 37/49-----
04-27 14:44:06 current lr: 0.00789475
04-27 14:44:06 No improvement in val_loss for 2/10 epochs.
04-27 14:44:06 Epoch 037 Train loss -0.9961 | Val loss -0.9950
04-27 14:44:06 -----Epoch 38/49-----
04-27 14:44:08 current lr: 0.00678443
04-27 14:44:08 No improvement in val_loss for 3/10 epochs.
04-27 14:44:08 Epoch 038 Train loss -0.9961 | Val loss -0.9950
04-27 14:44:08 -----Epoch 39/49-----
04-27 14:44:09 current lr: 0.00574602
04-27 14:44:09 No improvement in val_loss for 4/10 epochs.
04-27 14:44:09 Epoch 039 Train loss -0.9961 | Val loss -0.9950
04-27 14:44:09 -----Epoch 40/49-----
04-27 14:44:11 current lr: 0.00478362
04-27 14:44:11 No improvement in val_loss for 5/10 epochs.
04-27 14:44:11 Epoch 040 Train loss -0.9961 | Val loss -0.9950
04-27 14:44:11 -----Epoch 41/49-----
04-27 14:44:13 current lr: 0.00390102
04-27 14:44:13 No improvement in val_loss for 6/10 epochs.
04-27 14:44:13 Epoch 041 Train loss -0.9961 | Val loss -0.9950
04-27 14:44:13 -----Epoch 42/49-----
04-27 14:44:14 current lr: 0.00310171
04-27 14:44:14 No improvement in val_loss for 7/10 epochs.
04-27 14:44:14 Epoch 042 Train loss -0.9961 | Val loss -0.9950
04-27 14:44:14 -----Epoch 43/49-----
04-27 14:44:16 current lr: 0.00238885
04-27 14:44:16 No improvement in val_loss for 8/10 epochs.
04-27 14:44:16 Epoch 043 Train loss -0.9961 | Val loss -0.9950
04-27 14:44:16 -----Epoch 44/49-----
04-27 14:44:17 current lr: 0.00176524
04-27 14:44:17 Saved best checkpoint to ./checkpoint\SSF_PU_0427-144302\best_pt (val_loss=-0.9950)
04-27 14:44:17 Epoch 044 Train loss -0.9961 | Val loss -0.9950
04-27 14:44:17 -----Epoch 45/49-----
04-27 14:44:19 current lr: 0.00123334
04-27 14:44:19 No improvement in val_loss for 1/10 epochs.
04-27 14:44:19 Epoch 045 Train loss -0.9961 | Val loss -0.9950
04-27 14:44:19 -----Epoch 46/49-----
04-27 14:44:20 current lr: 0.000795264
04-27 14:44:20 No improvement in val_loss for 2/10 epochs.
04-27 14:44:20 Epoch 046 Train loss -0.9961 | Val loss -0.9950
04-27 14:44:20 -----Epoch 47/49-----
04-27 14:44:22 current lr: 0.00045273
04-27 14:44:22 No improvement in val_loss for 3/10 epochs.
04-27 14:44:22 Epoch 047 Train loss -0.9961 | Val loss -0.9950
04-27 14:44:22 -----Epoch 48/49-----
04-27 14:44:24 current lr: 0.000207093
04-27 14:44:24 No improvement in val_loss for 4/10 epochs.
04-27 14:44:24 Epoch 048 Train loss -0.9961 | Val loss -0.9950
04-27 14:44:24 -----Epoch 49/49-----
04-27 14:44:25 current lr: 5.93219e-05
04-27 14:44:25 No improvement in val_loss for 5/10 epochs.
04-27 14:44:25 Epoch 049 Train loss -0.9961 | Val loss -0.9950
04-27 14:44:28 TEST (last): loss -0.9694
04-27 14:44:28 Loaded best checkpoint from ./checkpoint\SSF_PU_0427-144302\best_pt (val_loss=-0.9950072150230408)
04-27 14:44:30 TEST (best): loss -0.9694
04-27 14:44:37 Threshold: 0.4692354922164327
04-27 14:44:37 Binary accuracy: 0.873333
04-27 14:44:37 Confusion matrix:
[[ 962   38]
 [ 722 4278]]
04-27 14:44:37 Report:
              precision    recall  f1-score   support

      normal       0.57      0.96      0.72      1000
     anomaly       0.99      0.86      0.92      5000

    accuracy                           0.87      6000
   macro avg       0.78      0.91      0.82      6000
weighted avg       0.92      0.87      0.88      6000

04-27 14:44:37 Rates: {1: 0.805, 2: 0.473, 3: 1.0, 4: 1.0, 5: 1.0}
04-27 14:44:38 [LP epoch 00] train_loss=1.4615 train_acc=0.4667 | val_loss=1.4989 val_acc=0.4883 | 
04-27 14:44:38 [LP epoch 01] train_loss=1.2153 train_acc=0.6700 | val_loss=1.2981 val_acc=0.6800 | 
04-27 14:44:39 [LP epoch 02] train_loss=1.0804 train_acc=0.7417 | val_loss=1.0858 val_acc=0.8167 | 
04-27 14:44:40 [LP epoch 03] train_loss=0.9915 train_acc=0.7933 | val_loss=0.9550 val_acc=0.8467 | 
04-27 14:44:40 [LP epoch 04] train_loss=0.9218 train_acc=0.8033 | val_loss=0.8748 val_acc=0.8233 | 
04-27 14:44:41 [LP epoch 05] train_loss=0.8784 train_acc=0.8183 | val_loss=0.8595 val_acc=0.8650 | 
04-27 14:44:42 [LP epoch 06] train_loss=0.8319 train_acc=0.8400 | val_loss=0.7939 val_acc=0.8633 | 
04-27 14:44:42 [LP epoch 07] train_loss=0.8036 train_acc=0.8400 | val_loss=0.7940 val_acc=0.8433 | 
04-27 14:44:43 [LP epoch 08] train_loss=0.7794 train_acc=0.8383 | val_loss=0.7698 val_acc=0.8533 | 
04-27 14:44:44 [LP epoch 09] train_loss=0.7674 train_acc=0.8417 | val_loss=0.7519 val_acc=0.8533 | 
04-27 14:44:44 [LP epoch 10] train_loss=0.7532 train_acc=0.8617 | val_loss=0.7542 val_acc=0.8467 | 
04-27 14:44:45 [LP epoch 11] train_loss=0.7491 train_acc=0.8517 | val_loss=0.7197 val_acc=0.8650 | 
04-27 14:44:46 [LP epoch 12] train_loss=0.7335 train_acc=0.8767 | val_loss=0.7042 val_acc=0.8767 | 
04-27 14:44:46 [LP epoch 13] train_loss=0.7381 train_acc=0.8450 | val_loss=0.7218 val_acc=0.8650 | 
04-27 14:44:47 [LP epoch 14] train_loss=0.7289 train_acc=0.8600 | val_loss=0.7032 val_acc=0.8767 | 
04-27 14:44:47 [LP epoch 15] train_loss=0.7203 train_acc=0.8800 | val_loss=0.6898 val_acc=0.9067 | 
04-27 14:44:48 [LP epoch 16] train_loss=0.7143 train_acc=0.8567 | val_loss=0.7100 val_acc=0.8917 | 
04-27 14:44:49 [LP epoch 17] train_loss=0.7186 train_acc=0.8700 | val_loss=0.6920 val_acc=0.8967 | 
04-27 14:44:49 [LP epoch 18] train_loss=0.7041 train_acc=0.8767 | val_loss=0.6880 val_acc=0.8800 | 
04-27 14:44:50 [LP epoch 19] train_loss=0.7044 train_acc=0.8583 | val_loss=0.6933 val_acc=0.8883 | 
04-27 14:44:51 [LP epoch 20] train_loss=0.6886 train_acc=0.8933 | val_loss=0.6889 val_acc=0.8883 | 
04-27 14:44:51 [LP epoch 21] train_loss=0.6822 train_acc=0.8767 | val_loss=0.6626 val_acc=0.8983 | 
04-27 14:44:52 [LP epoch 22] train_loss=0.6693 train_acc=0.8967 | val_loss=0.6601 val_acc=0.8883 | 
04-27 14:44:52 [LP epoch 23] train_loss=0.6686 train_acc=0.8950 | val_loss=0.6662 val_acc=0.9167 | 
04-27 14:44:53 [LP epoch 24] train_loss=0.6832 train_acc=0.9033 | val_loss=0.6635 val_acc=0.9233 | 
04-27 14:44:54 [LP epoch 25] train_loss=0.6854 train_acc=0.8683 | val_loss=0.6607 val_acc=0.9017 | 
04-27 14:44:54 [LP epoch 26] train_loss=0.6775 train_acc=0.8883 | val_loss=0.6455 val_acc=0.9200 | 
04-27 14:44:55 [LP epoch 27] train_loss=0.6623 train_acc=0.8983 | val_loss=0.6467 val_acc=0.9267 | 
04-27 14:44:56 [LP epoch 28] train_loss=0.6716 train_acc=0.8933 | val_loss=0.6896 val_acc=0.8917 | 
04-27 14:44:56 [LP epoch 29] train_loss=0.6864 train_acc=0.8917 | val_loss=0.6728 val_acc=0.9217 | 
04-27 14:44:57 [LP epoch 30] train_loss=0.6708 train_acc=0.9017 | val_loss=0.6606 val_acc=0.9200 | 
04-27 14:44:57 [LP epoch 31] train_loss=0.6565 train_acc=0.9100 | val_loss=0.6567 val_acc=0.9133 | 
04-27 14:44:58 [LP epoch 32] train_loss=0.6575 train_acc=0.9050 | val_loss=0.6475 val_acc=0.9267 | 
04-27 14:44:59 [LP epoch 33] train_loss=0.6624 train_acc=0.9083 | val_loss=0.6429 val_acc=0.9283 | 
04-27 14:44:59 [LP epoch 34] train_loss=0.6515 train_acc=0.9050 | val_loss=0.6323 val_acc=0.9317 | 
04-27 14:45:00 [LP epoch 35] train_loss=0.6707 train_acc=0.8950 | val_loss=0.6590 val_acc=0.9250 | 
04-27 14:45:00 [LP epoch 36] train_loss=0.6791 train_acc=0.8983 | val_loss=0.6414 val_acc=0.9167 | 
04-27 14:45:01 [LP epoch 37] train_loss=0.6452 train_acc=0.9083 | val_loss=0.6417 val_acc=0.9150 | 
04-27 14:45:02 [LP epoch 38] train_loss=0.6400 train_acc=0.9117 | val_loss=0.6361 val_acc=0.9383 | 
04-27 14:45:02 [LP epoch 39] train_loss=0.6596 train_acc=0.8933 | val_loss=0.6452 val_acc=0.9250 | 
04-27 14:45:03 [LP epoch 40] train_loss=0.6381 train_acc=0.9150 | val_loss=0.6408 val_acc=0.9267 | 
04-27 14:45:03 [LP epoch 41] train_loss=0.6398 train_acc=0.9133 | val_loss=0.6217 val_acc=0.9250 | 
04-27 14:45:04 [LP epoch 42] train_loss=0.6435 train_acc=0.9200 | val_loss=0.6809 val_acc=0.8967 | 
04-27 14:45:05 [LP epoch 43] train_loss=0.6485 train_acc=0.9050 | val_loss=0.6228 val_acc=0.9217 | 
04-27 14:45:05 [LP epoch 44] train_loss=0.6685 train_acc=0.9050 | val_loss=0.6491 val_acc=0.9217 | 
04-27 14:45:06 [LP epoch 45] train_loss=0.6600 train_acc=0.9067 | val_loss=0.6292 val_acc=0.9350 | 
04-27 14:45:06 [LP epoch 46] train_loss=0.6436 train_acc=0.9150 | val_loss=0.6205 val_acc=0.9300 | 
04-27 14:45:07 [LP epoch 47] train_loss=0.6198 train_acc=0.9233 | val_loss=0.6311 val_acc=0.9317 | 
04-27 14:45:08 [LP epoch 48] train_loss=0.6183 train_acc=0.9250 | val_loss=0.6197 val_acc=0.9350 | 
04-27 14:45:08 [LP epoch 49] train_loss=0.6286 train_acc=0.9217 | val_loss=0.6398 val_acc=0.9167 | 
04-27 14:45:08 Saved linear-probe checkpoint: ./checkpoint\SSF_PU_0427-144302\linear_probe_best.pt (best_val_acc=0.9383)
04-27 14:45:10 TEST linear-probe: loss=0.6561 acc=0.9068
04-27 14:45:10 ================================================================================
04-27 14:45:10 RUN: aug=('gaussian', 'gaussian') hidden=128 latent=160 blocks=7 seed=1
04-27 14:45:10 model_name: SSF
04-27 14:45:10 data_name: PU
04-27 14:45:10 aug_1: gaussian
04-27 14:45:10 aug_2: gaussian
04-27 14:45:10 data_view: TwoViewDataset
04-27 14:45:10 data_dir: raw_data/PU
04-27 14:45:10 out_channel: 6
04-27 14:45:10 normlizetype: None
04-27 14:45:10 processing_type: O_N
04-27 14:45:10 max_epoch: 50
04-27 14:45:10 classifier_epoch: 50
04-27 14:45:10 batch_size: 64
04-27 14:45:10 cuda_device: 0
04-27 14:45:10 checkpoint_dir: ./checkpoint
04-27 14:45:10 opt: sgd
04-27 14:45:10 lr: 0.05
04-27 14:45:10 momentum: 0.9
04-27 14:45:10 weight_decay: 0.0001
04-27 14:45:10 lr_scheduler: cos
04-27 14:45:10 gamma: 0.95
04-27 14:45:10 eta_min: 1e-05
04-27 14:45:10 latent_space: 160
04-27 14:45:10 num_blocks_ssf: 7
04-27 14:45:10 hidden_channel: 128
04-27 14:45:10 per_class_samples: 1000
04-27 14:45:10 classifier_samples: 100
04-27 14:45:10 task: self_supervised
04-27 14:45:10 critetion: <class 'utils.loss_SSL.SimSiamLoss'>
04-27 14:45:11 using 1 gpus
04-27 14:45:11 Dataset class: <class 'data_utils.datasets.PU.PU'>
04-27 14:45:12 Split sizes: train=1000 val=1000 test=6000, classier=600
04-27 14:45:12 Label counts train: Counter({0: 1000})
04-27 14:45:12 Label counts val:   Counter({0: 1000})
04-27 14:45:12 Label counts test:  Counter({0: 1000, 2: 1000, 5: 1000, 1: 1000, 3: 1000, 4: 1000})
04-27 14:45:12 Label counts classifier:  Counter({0: 100, 3: 100, 2: 100, 5: 100, 1: 100, 4: 100})
04-27 14:45:12 Label counts classifier validation:  Counter({5: 100, 4: 100, 0: 100, 1: 100, 2: 100, 3: 100})
04-27 14:45:12 -----Epoch 0/49-----
04-27 14:45:14 current lr: 0.05
04-27 14:45:14 Saved best checkpoint to ./checkpoint\SSF_PU_0427-144302\best_pt (val_loss=-0.9221)
04-27 14:45:14 Epoch 000 Train loss -0.8020 | Val loss -0.9221
04-27 14:45:14 -----Epoch 1/49-----
04-27 14:45:15 current lr: 0.0499507
04-27 14:45:15 Saved best checkpoint to ./checkpoint\SSF_PU_0427-144302\best_pt (val_loss=-0.9812)
04-27 14:45:15 Epoch 001 Train loss -0.9712 | Val loss -0.9812
04-27 14:45:15 -----Epoch 2/49-----
04-27 14:45:17 current lr: 0.0498029
04-27 14:45:17 Saved best checkpoint to ./checkpoint\SSF_PU_0427-144302\best_pt (val_loss=-0.9859)
04-27 14:45:17 Epoch 002 Train loss -0.9857 | Val loss -0.9859
04-27 14:45:17 -----Epoch 3/49-----
04-27 14:45:18 current lr: 0.0495573
04-27 14:45:18 No improvement in val_loss for 1/10 epochs.
04-27 14:45:18 Epoch 003 Train loss -0.9847 | Val loss -0.9843
04-27 14:45:18 -----Epoch 4/49-----
04-27 14:45:20 current lr: 0.0492147
04-27 14:45:20 Saved best checkpoint to ./checkpoint\SSF_PU_0427-144302\best_pt (val_loss=-0.9877)
04-27 14:45:20 Epoch 004 Train loss -0.9873 | Val loss -0.9877
04-27 14:45:20 -----Epoch 5/49-----
04-27 14:45:21 current lr: 0.0487767
04-27 14:45:21 Saved best checkpoint to ./checkpoint\SSF_PU_0427-144302\best_pt (val_loss=-0.9902)
04-27 14:45:21 Epoch 005 Train loss -0.9907 | Val loss -0.9902
04-27 14:45:21 -----Epoch 6/49-----
04-27 14:45:23 current lr: 0.0482448
04-27 14:45:23 Saved best checkpoint to ./checkpoint\SSF_PU_0427-144302\best_pt (val_loss=-0.9911)
04-27 14:45:23 Epoch 006 Train loss -0.9923 | Val loss -0.9911
04-27 14:45:23 -----Epoch 7/49-----
04-27 14:45:24 current lr: 0.0476212
04-27 14:45:24 Saved best checkpoint to ./checkpoint\SSF_PU_0427-144302\best_pt (val_loss=-0.9921)
04-27 14:45:24 Epoch 007 Train loss -0.9933 | Val loss -0.9921
04-27 14:45:24 -----Epoch 8/49-----
04-27 14:45:26 current lr: 0.0469083
04-27 14:45:26 Saved best checkpoint to ./checkpoint\SSF_PU_0427-144302\best_pt (val_loss=-0.9927)
04-27 14:45:26 Epoch 008 Train loss -0.9941 | Val loss -0.9927
04-27 14:45:26 -----Epoch 9/49-----
04-27 14:45:27 current lr: 0.046109
04-27 14:45:27 Saved best checkpoint to ./checkpoint\SSF_PU_0427-144302\best_pt (val_loss=-0.9933)
04-27 14:45:27 Epoch 009 Train loss -0.9946 | Val loss -0.9933
04-27 14:45:27 -----Epoch 10/49-----
04-27 14:45:29 current lr: 0.0452264
04-27 14:45:29 Saved best checkpoint to ./checkpoint\SSF_PU_0427-144302\best_pt (val_loss=-0.9935)
04-27 14:45:29 Epoch 010 Train loss -0.9950 | Val loss -0.9935
04-27 14:45:29 -----Epoch 11/49-----
04-27 14:45:31 current lr: 0.044264
04-27 14:45:31 Saved best checkpoint to ./checkpoint\SSF_PU_0427-144302\best_pt (val_loss=-0.9939)
04-27 14:45:31 Epoch 011 Train loss -0.9952 | Val loss -0.9939
04-27 14:45:31 -----Epoch 12/49-----
04-27 14:45:32 current lr: 0.0432256
04-27 14:45:32 Saved best checkpoint to ./checkpoint\SSF_PU_0427-144302\best_pt (val_loss=-0.9944)
04-27 14:45:32 Epoch 012 Train loss -0.9955 | Val loss -0.9944
04-27 14:45:32 -----Epoch 13/49-----
04-27 14:45:34 current lr: 0.0421153
04-27 14:45:34 Saved best checkpoint to ./checkpoint\SSF_PU_0427-144302\best_pt (val_loss=-0.9945)
04-27 14:45:34 Epoch 013 Train loss -0.9956 | Val loss -0.9945
04-27 14:45:34 -----Epoch 14/49-----
04-27 14:45:35 current lr: 0.0409374
04-27 14:45:35 Saved best checkpoint to ./checkpoint\SSF_PU_0427-144302\best_pt (val_loss=-0.9946)
04-27 14:45:35 Epoch 014 Train loss -0.9957 | Val loss -0.9946
04-27 14:45:35 -----Epoch 15/49-----
04-27 14:45:37 current lr: 0.0396967
04-27 14:45:37 Saved best checkpoint to ./checkpoint\SSF_PU_0427-144302\best_pt (val_loss=-0.9949)
04-27 14:45:37 Epoch 015 Train loss -0.9959 | Val loss -0.9949
04-27 14:45:37 -----Epoch 16/49-----
04-27 14:45:38 current lr: 0.038398
04-27 14:45:38 Saved best checkpoint to ./checkpoint\SSF_PU_0427-144302\best_pt (val_loss=-0.9949)
04-27 14:45:38 Epoch 016 Train loss -0.9960 | Val loss -0.9949
04-27 14:45:38 -----Epoch 17/49-----
04-27 14:45:40 current lr: 0.0370464
04-27 14:45:40 Saved best checkpoint to ./checkpoint\SSF_PU_0427-144302\best_pt (val_loss=-0.9950)
04-27 14:45:40 Epoch 017 Train loss -0.9961 | Val loss -0.9950
04-27 14:45:40 -----Epoch 18/49-----
04-27 14:45:41 current lr: 0.0356474
04-27 14:45:41 Saved best checkpoint to ./checkpoint\SSF_PU_0427-144302\best_pt (val_loss=-0.9951)
04-27 14:45:41 Epoch 018 Train loss -0.9961 | Val loss -0.9951
04-27 14:45:41 -----Epoch 19/49-----
04-27 14:45:43 current lr: 0.0342063
04-27 14:45:43 Saved best checkpoint to ./checkpoint\SSF_PU_0427-144302\best_pt (val_loss=-0.9952)
04-27 14:45:43 Epoch 019 Train loss -0.9962 | Val loss -0.9952
04-27 14:45:43 -----Epoch 20/49-----
04-27 14:45:44 current lr: 0.0327289
04-27 14:45:44 Saved best checkpoint to ./checkpoint\SSF_PU_0427-144302\best_pt (val_loss=-0.9952)
04-27 14:45:44 Epoch 020 Train loss -0.9963 | Val loss -0.9952
04-27 14:45:44 -----Epoch 21/49-----
04-27 14:45:46 current lr: 0.031221
04-27 14:45:46 No improvement in val_loss for 1/10 epochs.
04-27 14:45:46 Epoch 021 Train loss -0.9963 | Val loss -0.9952
04-27 14:45:46 -----Epoch 22/49-----
04-27 14:45:47 current lr: 0.0296886
04-27 14:45:47 Saved best checkpoint to ./checkpoint\SSF_PU_0427-144302\best_pt (val_loss=-0.9953)
04-27 14:45:47 Epoch 022 Train loss -0.9964 | Val loss -0.9953
04-27 14:45:47 -----Epoch 23/49-----
04-27 14:45:49 current lr: 0.0281377
04-27 14:45:49 Saved best checkpoint to ./checkpoint\SSF_PU_0427-144302\best_pt (val_loss=-0.9954)
04-27 14:45:49 Epoch 023 Train loss -0.9965 | Val loss -0.9954
04-27 14:45:49 -----Epoch 24/49-----
04-27 14:45:50 current lr: 0.0265744
04-27 14:45:50 Saved best checkpoint to ./checkpoint\SSF_PU_0427-144302\best_pt (val_loss=-0.9954)
04-27 14:45:50 Epoch 024 Train loss -0.9965 | Val loss -0.9954
04-27 14:45:50 -----Epoch 25/49-----
04-27 14:45:52 current lr: 0.025005
04-27 14:45:52 Saved best checkpoint to ./checkpoint\SSF_PU_0427-144302\best_pt (val_loss=-0.9954)
04-27 14:45:52 Epoch 025 Train loss -0.9966 | Val loss -0.9954
04-27 14:45:52 -----Epoch 26/49-----
04-27 14:45:53 current lr: 0.0234356
04-27 14:45:53 Saved best checkpoint to ./checkpoint\SSF_PU_0427-144302\best_pt (val_loss=-0.9955)
04-27 14:45:53 Epoch 026 Train loss -0.9966 | Val loss -0.9955
04-27 14:45:53 -----Epoch 27/49-----
04-27 14:45:55 current lr: 0.0218723
04-27 14:45:55 Saved best checkpoint to ./checkpoint\SSF_PU_0427-144302\best_pt (val_loss=-0.9956)
04-27 14:45:55 Epoch 027 Train loss -0.9966 | Val loss -0.9956
04-27 14:45:55 -----Epoch 28/49-----
04-27 14:45:56 current lr: 0.0203214
04-27 14:45:56 No improvement in val_loss for 1/10 epochs.
04-27 14:45:56 Epoch 028 Train loss -0.9966 | Val loss -0.9955
04-27 14:45:56 -----Epoch 29/49-----
04-27 14:45:58 current lr: 0.018789
04-27 14:45:58 No improvement in val_loss for 2/10 epochs.
04-27 14:45:58 Epoch 029 Train loss -0.9967 | Val loss -0.9956
04-27 14:45:58 -----Epoch 30/49-----
04-27 14:45:59 current lr: 0.0172811
04-27 14:45:59 Saved best checkpoint to ./checkpoint\SSF_PU_0427-144302\best_pt (val_loss=-0.9956)
04-27 14:45:59 Epoch 030 Train loss -0.9967 | Val loss -0.9956
04-27 14:45:59 -----Epoch 31/49-----
04-27 14:46:01 current lr: 0.0158037
04-27 14:46:01 Saved best checkpoint to ./checkpoint\SSF_PU_0427-144302\best_pt (val_loss=-0.9956)
04-27 14:46:01 Epoch 031 Train loss -0.9967 | Val loss -0.9956
04-27 14:46:01 -----Epoch 32/49-----
04-27 14:46:02 current lr: 0.0143626
04-27 14:46:02 No improvement in val_loss for 1/10 epochs.
04-27 14:46:02 Epoch 032 Train loss -0.9967 | Val loss -0.9956
04-27 14:46:02 -----Epoch 33/49-----
04-27 14:46:04 current lr: 0.0129636
04-27 14:46:04 Saved best checkpoint to ./checkpoint\SSF_PU_0427-144302\best_pt (val_loss=-0.9956)
04-27 14:46:04 Epoch 033 Train loss -0.9968 | Val loss -0.9956
04-27 14:46:04 -----Epoch 34/49-----
04-27 14:46:05 current lr: 0.011612
04-27 14:46:05 No improvement in val_loss for 1/10 epochs.
04-27 14:46:05 Epoch 034 Train loss -0.9968 | Val loss -0.9956
04-27 14:46:05 -----Epoch 35/49-----
04-27 14:46:07 current lr: 0.0103133
04-27 14:46:07 No improvement in val_loss for 2/10 epochs.
04-27 14:46:07 Epoch 035 Train loss -0.9968 | Val loss -0.9956
04-27 14:46:07 -----Epoch 36/49-----
04-27 14:46:08 current lr: 0.00907259
04-27 14:46:08 Saved best checkpoint to ./checkpoint\SSF_PU_0427-144302\best_pt (val_loss=-0.9957)
04-27 14:46:08 Epoch 036 Train loss -0.9968 | Val loss -0.9957
04-27 14:46:08 -----Epoch 37/49-----
04-27 14:46:10 current lr: 0.00789475
04-27 14:46:10 No improvement in val_loss for 1/10 epochs.
04-27 14:46:10 Epoch 037 Train loss -0.9968 | Val loss -0.9957
04-27 14:46:10 -----Epoch 38/49-----
04-27 14:46:11 current lr: 0.00678443
04-27 14:46:11 No improvement in val_loss for 2/10 epochs.
04-27 14:46:11 Epoch 038 Train loss -0.9968 | Val loss -0.9956
04-27 14:46:11 -----Epoch 39/49-----
04-27 14:46:13 current lr: 0.00574602
04-27 14:46:13 Saved best checkpoint to ./checkpoint\SSF_PU_0427-144302\best_pt (val_loss=-0.9957)
04-27 14:46:13 Epoch 039 Train loss -0.9968 | Val loss -0.9957
04-27 14:46:13 -----Epoch 40/49-----
04-27 14:46:14 current lr: 0.00478362
04-27 14:46:14 No improvement in val_loss for 1/10 epochs.
04-27 14:46:14 Epoch 040 Train loss -0.9968 | Val loss -0.9957
04-27 14:46:14 -----Epoch 41/49-----
04-27 14:46:16 current lr: 0.00390102
04-27 14:46:16 No improvement in val_loss for 2/10 epochs.
04-27 14:46:16 Epoch 041 Train loss -0.9969 | Val loss -0.9957
04-27 14:46:16 -----Epoch 42/49-----
04-27 14:46:17 current lr: 0.00310171
04-27 14:46:17 Saved best checkpoint to ./checkpoint\SSF_PU_0427-144302\best_pt (val_loss=-0.9957)
04-27 14:46:17 Epoch 042 Train loss -0.9968 | Val loss -0.9957
04-27 14:46:17 -----Epoch 43/49-----
04-27 14:46:19 current lr: 0.00238885
04-27 14:46:19 Saved best checkpoint to ./checkpoint\SSF_PU_0427-144302\best_pt (val_loss=-0.9957)
04-27 14:46:19 Epoch 043 Train loss -0.9968 | Val loss -0.9957
04-27 14:46:19 -----Epoch 44/49-----
04-27 14:46:20 current lr: 0.00176524
04-27 14:46:20 No improvement in val_loss for 1/10 epochs.
04-27 14:46:20 Epoch 044 Train loss -0.9969 | Val loss -0.9957
04-27 14:46:20 -----Epoch 45/49-----
04-27 14:46:21 current lr: 0.00123334
04-27 14:46:21 No improvement in val_loss for 2/10 epochs.
04-27 14:46:21 Epoch 045 Train loss -0.9968 | Val loss -0.9957
04-27 14:46:21 -----Epoch 46/49-----
04-27 14:46:23 current lr: 0.000795264
04-27 14:46:23 Saved best checkpoint to ./checkpoint\SSF_PU_0427-144302\best_pt (val_loss=-0.9957)
04-27 14:46:23 Epoch 046 Train loss -0.9969 | Val loss -0.9957
04-27 14:46:23 -----Epoch 47/49-----
04-27 14:46:25 current lr: 0.00045273
04-27 14:46:25 No improvement in val_loss for 1/10 epochs.
04-27 14:46:25 Epoch 047 Train loss -0.9968 | Val loss -0.9957
04-27 14:46:25 -----Epoch 48/49-----
04-27 14:46:26 current lr: 0.000207093
04-27 14:46:26 No improvement in val_loss for 2/10 epochs.
04-27 14:46:26 Epoch 048 Train loss -0.9968 | Val loss -0.9957
04-27 14:46:26 -----Epoch 49/49-----
04-27 14:46:28 current lr: 5.93219e-05
04-27 14:46:28 No improvement in val_loss for 3/10 epochs.
04-27 14:46:28 Epoch 049 Train loss -0.9968 | Val loss -0.9957
04-27 14:46:30 TEST (last): loss -0.9494
04-27 14:46:30 Loaded best checkpoint from ./checkpoint\SSF_PU_0427-144302\best_pt (val_loss=-0.9957164306640625)
04-27 14:46:32 TEST (best): loss -0.9493
04-27 14:46:37 Threshold: 0.4188326102899057
04-27 14:46:37 Binary accuracy: 0.850167
04-27 14:46:37 Confusion matrix:
[[ 963   37]
 [ 862 4138]]
04-27 14:46:37 Report:
              precision    recall  f1-score   support

      normal       0.53      0.96      0.68      1000
     anomaly       0.99      0.83      0.90      5000

    accuracy                           0.85      6000
   macro avg       0.76      0.90      0.79      6000
weighted avg       0.91      0.85      0.87      6000

04-27 14:46:37 Rates: {1: 0.696, 2: 0.442, 3: 1.0, 4: 1.0, 5: 1.0}
04-27 14:46:38 [LP epoch 00] train_loss=1.4374 train_acc=0.5267 | val_loss=1.4902 val_acc=0.5800 | 
04-27 14:46:38 [LP epoch 01] train_loss=1.2151 train_acc=0.6717 | val_loss=1.2467 val_acc=0.6700 | 
04-27 14:46:39 [LP epoch 02] train_loss=1.1110 train_acc=0.7083 | val_loss=1.0984 val_acc=0.7433 | 
04-27 14:46:39 [LP epoch 03] train_loss=1.0512 train_acc=0.7333 | val_loss=0.9936 val_acc=0.7850 | 
04-27 14:46:40 [LP epoch 04] train_loss=0.9736 train_acc=0.7667 | val_loss=0.9725 val_acc=0.8017 | 
04-27 14:46:40 [LP epoch 05] train_loss=0.9244 train_acc=0.8067 | val_loss=0.8781 val_acc=0.8367 | 
04-27 14:46:41 [LP epoch 06] train_loss=0.9071 train_acc=0.8000 | val_loss=0.8477 val_acc=0.8533 | 
04-27 14:46:41 [LP epoch 07] train_loss=0.8671 train_acc=0.8217 | val_loss=0.8558 val_acc=0.8300 | 
04-27 14:46:42 [LP epoch 08] train_loss=0.8681 train_acc=0.8133 | val_loss=0.9060 val_acc=0.7600 | 
04-27 14:46:42 [LP epoch 09] train_loss=0.8492 train_acc=0.8183 | val_loss=0.8189 val_acc=0.8717 | 
04-27 14:46:43 [LP epoch 10] train_loss=0.8103 train_acc=0.8333 | val_loss=0.7997 val_acc=0.8467 | 
04-27 14:46:43 [LP epoch 11] train_loss=0.8121 train_acc=0.8367 | val_loss=0.7742 val_acc=0.8583 | 
04-27 14:46:44 [LP epoch 12] train_loss=0.7775 train_acc=0.8533 | val_loss=0.7539 val_acc=0.8750 | 
04-27 14:46:44 [LP epoch 13] train_loss=0.7807 train_acc=0.8400 | val_loss=0.7623 val_acc=0.8683 | 
04-27 14:46:45 [LP epoch 14] train_loss=0.7653 train_acc=0.8500 | val_loss=0.7507 val_acc=0.8750 | 
04-27 14:46:45 [LP epoch 15] train_loss=0.7446 train_acc=0.8517 | val_loss=0.7312 val_acc=0.8867 | 
04-27 14:46:46 [LP epoch 16] train_loss=0.7485 train_acc=0.8600 | val_loss=0.7465 val_acc=0.8983 | 
04-27 14:46:46 [LP epoch 17] train_loss=0.7449 train_acc=0.8517 | val_loss=0.7107 val_acc=0.8950 | 
04-27 14:46:47 [LP epoch 18] train_loss=0.7480 train_acc=0.8617 | val_loss=0.7214 val_acc=0.9000 | 
04-27 14:46:48 [LP epoch 19] train_loss=0.7414 train_acc=0.8667 | val_loss=0.7335 val_acc=0.8700 | 
04-27 14:46:48 [LP epoch 20] train_loss=0.7554 train_acc=0.8533 | val_loss=0.7313 val_acc=0.8933 | 
04-27 14:46:49 [LP epoch 21] train_loss=0.7379 train_acc=0.8667 | val_loss=0.7273 val_acc=0.8900 | 
04-27 14:46:49 [LP epoch 22] train_loss=0.7296 train_acc=0.8617 | val_loss=0.6966 val_acc=0.9083 | 
04-27 14:46:50 [LP epoch 23] train_loss=0.7023 train_acc=0.8883 | val_loss=0.6876 val_acc=0.8900 | 
04-27 14:46:50 [LP epoch 24] train_loss=0.6905 train_acc=0.8900 | val_loss=0.6661 val_acc=0.9083 | 
04-27 14:46:51 [LP epoch 25] train_loss=0.6905 train_acc=0.8817 | val_loss=0.6879 val_acc=0.8900 | 
04-27 14:46:51 [LP epoch 26] train_loss=0.6998 train_acc=0.8817 | val_loss=0.6859 val_acc=0.9117 | 
04-27 14:46:52 [LP epoch 27] train_loss=0.6936 train_acc=0.8850 | val_loss=0.6868 val_acc=0.9067 | 
04-27 14:46:52 [LP epoch 28] train_loss=0.7052 train_acc=0.8833 | val_loss=0.6984 val_acc=0.9017 | 
04-27 14:46:53 [LP epoch 29] train_loss=0.7130 train_acc=0.8633 | val_loss=0.7093 val_acc=0.8950 | 
04-27 14:46:54 [LP epoch 30] train_loss=0.6919 train_acc=0.8883 | val_loss=0.6742 val_acc=0.9100 | 
04-27 14:46:54 [LP epoch 31] train_loss=0.6856 train_acc=0.9033 | val_loss=0.6860 val_acc=0.9100 | 
04-27 14:46:55 [LP epoch 32] train_loss=0.6889 train_acc=0.8983 | val_loss=0.6697 val_acc=0.9117 | 
04-27 14:46:55 [LP epoch 33] train_loss=0.7003 train_acc=0.8783 | val_loss=0.6970 val_acc=0.8950 | 
04-27 14:46:56 [LP epoch 34] train_loss=0.7054 train_acc=0.8883 | val_loss=0.6654 val_acc=0.9167 | 
04-27 14:46:56 [LP epoch 35] train_loss=0.6802 train_acc=0.8883 | val_loss=0.6705 val_acc=0.9133 | 
04-27 14:46:57 [LP epoch 36] train_loss=0.6695 train_acc=0.8983 | val_loss=0.6437 val_acc=0.9183 | 
04-27 14:46:57 [LP epoch 37] train_loss=0.6651 train_acc=0.9050 | val_loss=0.6469 val_acc=0.9167 | 
04-27 14:46:58 [LP epoch 38] train_loss=0.7007 train_acc=0.8950 | val_loss=0.6697 val_acc=0.9050 | 
04-27 14:46:58 [LP epoch 39] train_loss=0.7034 train_acc=0.8917 | val_loss=0.6458 val_acc=0.9200 | 
04-27 14:46:59 [LP epoch 40] train_loss=0.6687 train_acc=0.8917 | val_loss=0.6683 val_acc=0.9133 | 
04-27 14:47:00 [LP epoch 41] train_loss=0.6792 train_acc=0.9000 | val_loss=0.6820 val_acc=0.9083 | 
04-27 14:47:00 [LP epoch 42] train_loss=0.6781 train_acc=0.8933 | val_loss=0.6450 val_acc=0.9267 | 
04-27 14:47:01 [LP epoch 43] train_loss=0.6725 train_acc=0.8883 | val_loss=0.6422 val_acc=0.9250 | 
04-27 14:47:01 [LP epoch 44] train_loss=0.6655 train_acc=0.9000 | val_loss=0.6586 val_acc=0.9183 | 
04-27 14:47:02 [LP epoch 45] train_loss=0.6654 train_acc=0.9000 | val_loss=0.6588 val_acc=0.9167 | 
04-27 14:47:02 [LP epoch 46] train_loss=0.6757 train_acc=0.8833 | val_loss=0.6430 val_acc=0.9200 | 
04-27 14:47:03 [LP epoch 47] train_loss=0.6555 train_acc=0.9017 | val_loss=0.6452 val_acc=0.9250 | 
04-27 14:47:03 [LP epoch 48] train_loss=0.6523 train_acc=0.9100 | val_loss=0.6683 val_acc=0.9150 | 
04-27 14:47:04 [LP epoch 49] train_loss=0.6745 train_acc=0.9017 | val_loss=0.6514 val_acc=0.9250 | 
04-27 14:47:04 Saved linear-probe checkpoint: ./checkpoint\SSF_PU_0427-144302\linear_probe_best.pt (best_val_acc=0.9267)
04-27 14:47:06 TEST linear-probe: loss=0.6567 acc=0.9135
04-27 14:47:06 ================================================================================
04-27 14:47:06 RUN: aug=('gaussian', 'gaussian') hidden=128 latent=160 blocks=7 seed=2
04-27 14:47:06 model_name: SSF
04-27 14:47:06 data_name: PU
04-27 14:47:06 aug_1: gaussian
04-27 14:47:06 aug_2: gaussian
04-27 14:47:06 data_view: TwoViewDataset
04-27 14:47:06 data_dir: raw_data/PU
04-27 14:47:06 out_channel: 6
04-27 14:47:06 normlizetype: None
04-27 14:47:06 processing_type: O_N
04-27 14:47:06 max_epoch: 50
04-27 14:47:06 classifier_epoch: 50
04-27 14:47:06 batch_size: 64
04-27 14:47:06 cuda_device: 0
04-27 14:47:06 checkpoint_dir: ./checkpoint
04-27 14:47:06 opt: sgd
04-27 14:47:06 lr: 0.05
04-27 14:47:06 momentum: 0.9
04-27 14:47:06 weight_decay: 0.0001
04-27 14:47:06 lr_scheduler: cos
04-27 14:47:06 gamma: 0.95
04-27 14:47:06 eta_min: 1e-05
04-27 14:47:06 latent_space: 160
04-27 14:47:06 num_blocks_ssf: 7
04-27 14:47:06 hidden_channel: 128
04-27 14:47:06 per_class_samples: 1000
04-27 14:47:06 classifier_samples: 100
04-27 14:47:06 task: self_supervised
04-27 14:47:06 critetion: <class 'utils.loss_SSL.SimSiamLoss'>
04-27 14:47:06 using 1 gpus
04-27 14:47:06 Dataset class: <class 'data_utils.datasets.PU.PU'>
04-27 14:47:07 Split sizes: train=1000 val=1000 test=6000, classier=600
04-27 14:47:07 Label counts train: Counter({0: 1000})
04-27 14:47:07 Label counts val:   Counter({0: 1000})
04-27 14:47:07 Label counts test:  Counter({0: 1000, 2: 1000, 5: 1000, 1: 1000, 3: 1000, 4: 1000})
04-27 14:47:07 Label counts classifier:  Counter({1: 100, 2: 100, 3: 100, 4: 100, 5: 100, 0: 100})
04-27 14:47:07 Label counts classifier validation:  Counter({3: 100, 5: 100, 4: 100, 1: 100, 0: 100, 2: 100})
04-27 14:47:07 -----Epoch 0/49-----
04-27 14:47:09 current lr: 0.05
04-27 14:47:09 Saved best checkpoint to ./checkpoint\SSF_PU_0427-144302\best_pt (val_loss=-0.9159)
04-27 14:47:09 Epoch 000 Train loss -0.7624 | Val loss -0.9159
04-27 14:47:09 -----Epoch 1/49-----
04-27 14:47:10 current lr: 0.0499507
04-27 14:47:10 Saved best checkpoint to ./checkpoint\SSF_PU_0427-144302\best_pt (val_loss=-0.9796)
04-27 14:47:10 Epoch 001 Train loss -0.9714 | Val loss -0.9796
04-27 14:47:10 -----Epoch 2/49-----
04-27 14:47:12 current lr: 0.0498029
04-27 14:47:12 Saved best checkpoint to ./checkpoint\SSF_PU_0427-144302\best_pt (val_loss=-0.9844)
04-27 14:47:12 Epoch 002 Train loss -0.9838 | Val loss -0.9844
04-27 14:47:12 -----Epoch 3/49-----
04-27 14:47:13 current lr: 0.0495573
04-27 14:47:13 Saved best checkpoint to ./checkpoint\SSF_PU_0427-144302\best_pt (val_loss=-0.9845)
04-27 14:47:13 Epoch 003 Train loss -0.9838 | Val loss -0.9845
04-27 14:47:13 -----Epoch 4/49-----
04-27 14:47:14 current lr: 0.0492147
04-27 14:47:15 Saved best checkpoint to ./checkpoint\SSF_PU_0427-144302\best_pt (val_loss=-0.9869)
04-27 14:47:15 Epoch 004 Train loss -0.9857 | Val loss -0.9869
04-27 14:47:15 -----Epoch 5/49-----
04-27 14:47:16 current lr: 0.0487767
04-27 14:47:16 Saved best checkpoint to ./checkpoint\SSF_PU_0427-144302\best_pt (val_loss=-0.9899)
04-27 14:47:16 Epoch 005 Train loss -0.9887 | Val loss -0.9899
04-27 14:47:16 -----Epoch 6/49-----
04-27 14:47:18 current lr: 0.0482448
04-27 14:47:18 Saved best checkpoint to ./checkpoint\SSF_PU_0427-144302\best_pt (val_loss=-0.9913)
04-27 14:47:18 Epoch 006 Train loss -0.9913 | Val loss -0.9913
04-27 14:47:18 -----Epoch 7/49-----
04-27 14:47:19 current lr: 0.0476212
04-27 14:47:19 Saved best checkpoint to ./checkpoint\SSF_PU_0427-144302\best_pt (val_loss=-0.9920)
04-27 14:47:19 Epoch 007 Train loss -0.9923 | Val loss -0.9920
04-27 14:47:19 -----Epoch 8/49-----
04-27 14:47:21 current lr: 0.0469083
04-27 14:47:21 Saved best checkpoint to ./checkpoint\SSF_PU_0427-144302\best_pt (val_loss=-0.9923)
04-27 14:47:21 Epoch 008 Train loss -0.9928 | Val loss -0.9923
04-27 14:47:21 -----Epoch 9/49-----
04-27 14:47:22 current lr: 0.046109
04-27 14:47:22 Saved best checkpoint to ./checkpoint\SSF_PU_0427-144302\best_pt (val_loss=-0.9927)
04-27 14:47:22 Epoch 009 Train loss -0.9933 | Val loss -0.9927
04-27 14:47:22 -----Epoch 10/49-----
