04-29 11:29:09 ================================================================================
04-29 11:29:09 RUN: aug=('normal', 'scale') hidden=64 latent=256 blocks=8 seed=0
04-29 11:29:09 model_name: SSF
04-29 11:29:09 data_name: PU
04-29 11:29:09 aug_1: normal
04-29 11:29:09 aug_2: scale
04-29 11:29:09 data_view: TwoViewDataset
04-29 11:29:09 data_dir: raw_data/PU
04-29 11:29:09 out_channel: 6
04-29 11:29:09 normlizetype: None
04-29 11:29:09 processing_type: O_N
04-29 11:29:09 max_epoch: 50
04-29 11:29:09 classifier_epoch: 50
04-29 11:29:09 batch_size: 64
04-29 11:29:09 cuda_device: 0
04-29 11:29:09 checkpoint_dir: ./checkpoint
04-29 11:29:09 opt: sgd
04-29 11:29:09 lr: 0.05
04-29 11:29:09 momentum: 0.9
04-29 11:29:09 weight_decay: 0.0001
04-29 11:29:09 lr_scheduler: cos
04-29 11:29:09 gamma: 0.95
04-29 11:29:09 eta_min: 1e-05
04-29 11:29:09 latent_space: 256
04-29 11:29:09 num_blocks_ssf: 8
04-29 11:29:09 hidden_channel: 64
04-29 11:29:09 per_class_samples: 1000
04-29 11:29:09 classifier_samples: 100
04-29 11:29:09 task: self_supervised
04-29 11:29:09 critetion: <class 'utils.loss_SSL.SimSiamLoss'>
04-29 11:29:09 using 1 gpus
04-29 11:29:09 Dataset class: <class 'data_utils.datasets.PU.PU'>
04-29 11:29:10 Split sizes: train=1000 val=1000 test=6000, classier=600
04-29 11:29:10 Label counts train: Counter({0: 1000})
04-29 11:29:10 Label counts val:   Counter({0: 1000})
04-29 11:29:11 Label counts test:  Counter({0: 1000, 2: 1000, 5: 1000, 1: 1000, 3: 1000, 4: 1000})
04-29 11:29:11 Label counts classifier:  Counter({2: 100, 0: 100, 5: 100, 3: 100, 1: 100, 4: 100})
04-29 11:29:11 Label counts classifier validation:  Counter({2: 100, 1: 100, 4: 100, 3: 100, 0: 100, 5: 100})
04-29 11:29:13 -----Epoch 0/49-----
04-29 11:29:14 current lr: 0.05
04-29 11:29:14 Saved best checkpoint to ./checkpoint\SSF_PU_0429-112909\best_pt (val_loss=-0.9078)
04-29 11:29:14 Epoch 000 Train loss -0.7791 | Val loss -0.9078
04-29 11:29:14 -----Epoch 1/49-----
04-29 11:29:15 current lr: 0.0499507
04-29 11:29:15 Saved best checkpoint to ./checkpoint\SSF_PU_0429-112909\best_pt (val_loss=-0.9772)
04-29 11:29:15 Epoch 001 Train loss -0.9678 | Val loss -0.9772
04-29 11:29:15 -----Epoch 2/49-----
04-29 11:29:16 current lr: 0.0498029
04-29 11:29:16 Saved best checkpoint to ./checkpoint\SSF_PU_0429-112909\best_pt (val_loss=-0.9852)
04-29 11:29:16 Epoch 002 Train loss -0.9819 | Val loss -0.9852
04-29 11:29:16 -----Epoch 3/49-----
04-29 11:29:17 current lr: 0.0495573
04-29 11:29:17 Saved best checkpoint to ./checkpoint\SSF_PU_0429-112909\best_pt (val_loss=-0.9873)
04-29 11:29:17 Epoch 003 Train loss -0.9852 | Val loss -0.9873
04-29 11:29:17 -----Epoch 4/49-----
04-29 11:29:18 current lr: 0.0492147
04-29 11:29:19 Saved best checkpoint to ./checkpoint\SSF_PU_0429-112909\best_pt (val_loss=-0.9873)
04-29 11:29:19 Epoch 004 Train loss -0.9859 | Val loss -0.9873
04-29 11:29:19 -----Epoch 5/49-----
04-29 11:29:20 current lr: 0.0487767
04-29 11:29:20 Saved best checkpoint to ./checkpoint\SSF_PU_0429-112909\best_pt (val_loss=-0.9893)
04-29 11:29:20 Epoch 005 Train loss -0.9866 | Val loss -0.9893
04-29 11:29:20 -----Epoch 6/49-----
04-29 11:29:21 current lr: 0.0482448
04-29 11:29:21 Saved best checkpoint to ./checkpoint\SSF_PU_0429-112909\best_pt (val_loss=-0.9904)
04-29 11:29:21 Epoch 006 Train loss -0.9880 | Val loss -0.9904
04-29 11:29:21 -----Epoch 7/49-----
04-29 11:29:22 current lr: 0.0476212
04-29 11:29:22 Saved best checkpoint to ./checkpoint\SSF_PU_0429-112909\best_pt (val_loss=-0.9919)
04-29 11:29:22 Epoch 007 Train loss -0.9895 | Val loss -0.9919
04-29 11:29:22 -----Epoch 8/49-----
04-29 11:29:23 current lr: 0.0469083
04-29 11:29:23 Saved best checkpoint to ./checkpoint\SSF_PU_0429-112909\best_pt (val_loss=-0.9923)
04-29 11:29:23 Epoch 008 Train loss -0.9900 | Val loss -0.9923
04-29 11:29:23 -----Epoch 9/49-----
04-29 11:29:24 current lr: 0.046109
04-29 11:29:24 Saved best checkpoint to ./checkpoint\SSF_PU_0429-112909\best_pt (val_loss=-0.9933)
04-29 11:29:24 Epoch 009 Train loss -0.9909 | Val loss -0.9933
04-29 11:29:24 -----Epoch 10/49-----
04-29 11:29:25 current lr: 0.0452264
04-29 11:29:25 Saved best checkpoint to ./checkpoint\SSF_PU_0429-112909\best_pt (val_loss=-0.9933)
04-29 11:29:25 Epoch 010 Train loss -0.9916 | Val loss -0.9933
04-29 11:29:25 -----Epoch 11/49-----
04-29 11:29:27 current lr: 0.044264
04-29 11:29:27 Saved best checkpoint to ./checkpoint\SSF_PU_0429-112909\best_pt (val_loss=-0.9938)
04-29 11:29:27 Epoch 011 Train loss -0.9921 | Val loss -0.9938
04-29 11:29:27 -----Epoch 12/49-----
04-29 11:29:28 current lr: 0.0432256
04-29 11:29:28 Saved best checkpoint to ./checkpoint\SSF_PU_0429-112909\best_pt (val_loss=-0.9941)
04-29 11:29:28 Epoch 012 Train loss -0.9924 | Val loss -0.9941
04-29 11:29:28 -----Epoch 13/49-----
04-29 11:29:29 current lr: 0.0421153
04-29 11:29:29 Saved best checkpoint to ./checkpoint\SSF_PU_0429-112909\best_pt (val_loss=-0.9944)
04-29 11:29:29 Epoch 013 Train loss -0.9927 | Val loss -0.9944
04-29 11:29:29 -----Epoch 14/49-----
04-29 11:29:30 current lr: 0.0409374
04-29 11:29:30 Saved best checkpoint to ./checkpoint\SSF_PU_0429-112909\best_pt (val_loss=-0.9946)
04-29 11:29:30 Epoch 014 Train loss -0.9927 | Val loss -0.9946
04-29 11:29:30 -----Epoch 15/49-----
04-29 11:29:31 current lr: 0.0396967
04-29 11:29:31 Saved best checkpoint to ./checkpoint\SSF_PU_0429-112909\best_pt (val_loss=-0.9947)
04-29 11:29:31 Epoch 015 Train loss -0.9931 | Val loss -0.9947
04-29 11:29:31 -----Epoch 16/49-----
04-29 11:29:32 current lr: 0.038398
04-29 11:29:32 Saved best checkpoint to ./checkpoint\SSF_PU_0429-112909\best_pt (val_loss=-0.9950)
04-29 11:29:32 Epoch 016 Train loss -0.9933 | Val loss -0.9950
04-29 11:29:32 -----Epoch 17/49-----
04-29 11:29:33 current lr: 0.0370464
04-29 11:29:33 Saved best checkpoint to ./checkpoint\SSF_PU_0429-112909\best_pt (val_loss=-0.9951)
04-29 11:29:33 Epoch 017 Train loss -0.9935 | Val loss -0.9951
04-29 11:29:33 -----Epoch 18/49-----
04-29 11:29:35 current lr: 0.0356474
04-29 11:29:35 Saved best checkpoint to ./checkpoint\SSF_PU_0429-112909\best_pt (val_loss=-0.9954)
04-29 11:29:35 Epoch 018 Train loss -0.9938 | Val loss -0.9954
04-29 11:29:35 -----Epoch 19/49-----
04-29 11:29:36 current lr: 0.0342063
04-29 11:29:36 No improvement in val_loss for 1/10 epochs.
04-29 11:29:36 Epoch 019 Train loss -0.9939 | Val loss -0.9952
04-29 11:29:36 -----Epoch 20/49-----
04-29 11:29:37 current lr: 0.0327289
04-29 11:29:37 Saved best checkpoint to ./checkpoint\SSF_PU_0429-112909\best_pt (val_loss=-0.9956)
04-29 11:29:37 Epoch 020 Train loss -0.9942 | Val loss -0.9956
04-29 11:29:37 -----Epoch 21/49-----
04-29 11:29:38 current lr: 0.031221
04-29 11:29:38 Saved best checkpoint to ./checkpoint\SSF_PU_0429-112909\best_pt (val_loss=-0.9956)
04-29 11:29:38 Epoch 021 Train loss -0.9940 | Val loss -0.9956
04-29 11:29:38 -----Epoch 22/49-----
04-29 11:29:39 current lr: 0.0296886
04-29 11:29:39 Saved best checkpoint to ./checkpoint\SSF_PU_0429-112909\best_pt (val_loss=-0.9957)
04-29 11:29:39 Epoch 022 Train loss -0.9942 | Val loss -0.9957
04-29 11:29:39 -----Epoch 23/49-----
04-29 11:29:40 current lr: 0.0281377
04-29 11:29:40 Saved best checkpoint to ./checkpoint\SSF_PU_0429-112909\best_pt (val_loss=-0.9958)
04-29 11:29:40 Epoch 023 Train loss -0.9943 | Val loss -0.9958
04-29 11:29:40 -----Epoch 24/49-----
04-29 11:29:41 current lr: 0.0265744
04-29 11:29:41 No improvement in val_loss for 1/10 epochs.
04-29 11:29:41 Epoch 024 Train loss -0.9944 | Val loss -0.9958
04-29 11:29:41 -----Epoch 25/49-----
04-29 11:29:43 current lr: 0.025005
04-29 11:29:43 Saved best checkpoint to ./checkpoint\SSF_PU_0429-112909\best_pt (val_loss=-0.9959)
04-29 11:29:43 Epoch 025 Train loss -0.9943 | Val loss -0.9959
04-29 11:29:43 -----Epoch 26/49-----
04-29 11:29:44 current lr: 0.0234356
04-29 11:29:44 Saved best checkpoint to ./checkpoint\SSF_PU_0429-112909\best_pt (val_loss=-0.9959)
04-29 11:29:44 Epoch 026 Train loss -0.9946 | Val loss -0.9959
04-29 11:29:44 -----Epoch 27/49-----
04-29 11:29:45 current lr: 0.0218723
04-29 11:29:45 No improvement in val_loss for 1/10 epochs.
04-29 11:29:45 Epoch 027 Train loss -0.9943 | Val loss -0.9958
04-29 11:29:45 -----Epoch 28/49-----
04-29 11:29:46 current lr: 0.0203214
04-29 11:29:46 Saved best checkpoint to ./checkpoint\SSF_PU_0429-112909\best_pt (val_loss=-0.9960)
04-29 11:29:46 Epoch 028 Train loss -0.9944 | Val loss -0.9960
04-29 11:29:46 -----Epoch 29/49-----
04-29 11:29:47 current lr: 0.018789
04-29 11:29:47 No improvement in val_loss for 1/10 epochs.
04-29 11:29:47 Epoch 029 Train loss -0.9945 | Val loss -0.9960
04-29 11:29:47 -----Epoch 30/49-----
04-29 11:29:48 current lr: 0.0172811
04-29 11:29:48 Saved best checkpoint to ./checkpoint\SSF_PU_0429-112909\best_pt (val_loss=-0.9960)
04-29 11:29:48 Epoch 030 Train loss -0.9943 | Val loss -0.9960
04-29 11:29:48 -----Epoch 31/49-----
04-29 11:29:49 current lr: 0.0158037
04-29 11:29:50 Saved best checkpoint to ./checkpoint\SSF_PU_0429-112909\best_pt (val_loss=-0.9961)
04-29 11:29:50 Epoch 031 Train loss -0.9945 | Val loss -0.9961
04-29 11:29:50 -----Epoch 32/49-----
04-29 11:29:51 current lr: 0.0143626
04-29 11:29:51 No improvement in val_loss for 1/10 epochs.
04-29 11:29:51 Epoch 032 Train loss -0.9948 | Val loss -0.9960
04-29 11:29:51 -----Epoch 33/49-----
04-29 11:29:52 current lr: 0.0129636
04-29 11:29:52 Saved best checkpoint to ./checkpoint\SSF_PU_0429-112909\best_pt (val_loss=-0.9962)
04-29 11:29:52 Epoch 033 Train loss -0.9945 | Val loss -0.9962
04-29 11:29:52 -----Epoch 34/49-----
04-29 11:29:53 current lr: 0.011612
04-29 11:29:53 No improvement in val_loss for 1/10 epochs.
04-29 11:29:53 Epoch 034 Train loss -0.9947 | Val loss -0.9961
04-29 11:29:53 -----Epoch 35/49-----
