03-10 11:15:29 model_name: SSF
03-10 11:15:29 data_name: CWRU
03-10 11:15:29 aug_1: randomcrop
03-10 11:15:29 aug_2: scale
03-10 11:15:29 max_epoch: 20
03-10 11:15:29 classifier_epoch: 50
03-10 11:15:29 data_view: TwoViewDataset
03-10 11:15:29 cuda_device: 0
03-10 11:15:29 checkpoint_dir: ./anomaly_detection
03-10 11:15:29 batch_size: 64
03-10 11:15:29 data_dir: raw_data/CWRU
03-10 11:15:29 out_channel: 4
03-10 11:15:29 normlizetype: minus_one_one
03-10 11:15:29 processing_type: RA
03-10 11:15:29 opt: sgd
03-10 11:15:29 lr: 0.05
03-10 11:15:29 momentum: 0.9
03-10 11:15:29 weight_decay: 0.0001
03-10 11:15:29 lr_scheduler: cos
03-10 11:15:29 gamma: 0.95
03-10 11:15:29 eta_min: 1e-05
03-10 11:15:29 latent_space: 192
03-10 11:15:29 num_blocks_ssf: 5
03-10 11:15:29 hidden_channel: 128
03-10 11:15:29 task: self_supervised
03-10 11:15:29 critetion: <class 'utils.loss_SSL.SimSiamLoss'>
03-10 11:15:29 using 1 gpus
03-10 11:15:29 Dataset class: <class 'data_utils.datasets.CWRU.CWRU'>
03-10 11:15:29 Split sizes: train=400 val=400 test=400, classier=40
03-10 11:15:29 Label counts train: Counter({0: 100, 1: 100, 3: 100, 2: 100})
03-10 11:15:29 Label counts val:   Counter({0: 100, 1: 100, 2: 100, 3: 100})
03-10 11:15:29 Label counts test:  Counter({3: 100, 0: 100, 1: 100, 2: 100})
03-10 11:15:29 Label counts classifier:  Counter({3: 10, 0: 10, 1: 10, 2: 10})
03-10 11:15:31 Loaded best checkpoint from ./anomaly_detection/SSF_CWRU_0310-110729/best_pt (val_loss=-0.9506997346878052)
03-10 11:15:31 Loaded best checkpoint from ./anomaly_detection/SSF_CWRU_0310-110729/best_pt (val_loss=-0.9506997346878052)
03-10 11:15:31 TEST (best): loss -0.9529
03-10 11:15:32 [LP epoch 00] train_loss=1.3567 train_acc=0.4000 | val_loss=1.2983 val_acc=0.4900 | 
03-10 11:15:32 [LP epoch 01] train_loss=1.0387 train_acc=0.8000 | val_loss=1.2443 val_acc=0.4875 | 
03-10 11:15:32 [LP epoch 02] train_loss=0.9374 train_acc=0.8250 | val_loss=1.1939 val_acc=0.4850 | 
03-10 11:15:32 [LP epoch 03] train_loss=0.8824 train_acc=0.8000 | val_loss=1.1444 val_acc=0.6000 | 
03-10 11:15:32 [LP epoch 04] train_loss=0.8429 train_acc=0.8500 | val_loss=1.0927 val_acc=0.6975 | 
03-10 11:15:33 [LP epoch 05] train_loss=0.8088 train_acc=0.8750 | val_loss=1.0423 val_acc=0.8100 | 
03-10 11:15:33 [LP epoch 06] train_loss=0.7638 train_acc=0.8750 | val_loss=0.9967 val_acc=0.8475 | 
03-10 11:15:33 [LP epoch 07] train_loss=0.7359 train_acc=0.8500 | val_loss=0.9516 val_acc=0.8625 | 
03-10 11:15:33 [LP epoch 08] train_loss=0.7044 train_acc=0.8750 | val_loss=0.9095 val_acc=0.8600 | 
03-10 11:15:33 [LP epoch 09] train_loss=0.6822 train_acc=0.8750 | val_loss=0.8690 val_acc=0.8700 | 
03-10 11:15:34 [LP epoch 10] train_loss=0.6648 train_acc=0.8750 | val_loss=0.8340 val_acc=0.8750 | 
03-10 11:15:34 [LP epoch 11] train_loss=0.6722 train_acc=0.8750 | val_loss=0.8007 val_acc=0.8750 | 
03-10 11:15:34 [LP epoch 12] train_loss=0.6385 train_acc=0.8750 | val_loss=0.7681 val_acc=0.8850 | 
03-10 11:15:34 [LP epoch 13] train_loss=0.6517 train_acc=0.9000 | val_loss=0.7336 val_acc=0.8875 | 
03-10 11:15:34 [LP epoch 14] train_loss=0.6187 train_acc=0.9000 | val_loss=0.7126 val_acc=0.8925 | 
03-10 11:15:34 [LP epoch 15] train_loss=0.6283 train_acc=0.9500 | val_loss=0.6912 val_acc=0.8925 | 
03-10 11:15:35 [LP epoch 16] train_loss=0.6097 train_acc=0.9500 | val_loss=0.6721 val_acc=0.8925 | 
03-10 11:15:35 [LP epoch 17] train_loss=0.5721 train_acc=0.9750 | val_loss=0.6543 val_acc=0.8925 | 
03-10 11:15:35 [LP epoch 18] train_loss=0.5594 train_acc=0.9750 | val_loss=0.6327 val_acc=0.9000 | 
03-10 11:15:35 [LP epoch 19] train_loss=0.5574 train_acc=0.9750 | val_loss=0.6129 val_acc=0.9000 | 
03-10 11:15:35 [LP epoch 20] train_loss=0.5375 train_acc=1.0000 | val_loss=0.5951 val_acc=0.9000 | 
03-10 11:15:36 [LP epoch 21] train_loss=0.5731 train_acc=0.9500 | val_loss=0.5817 val_acc=0.9075 | 
03-10 11:15:36 [LP epoch 22] train_loss=0.5317 train_acc=0.9750 | val_loss=0.5585 val_acc=0.9075 | 
03-10 11:15:36 [LP epoch 23] train_loss=0.5654 train_acc=0.9250 | val_loss=0.5451 val_acc=0.9100 | 
03-10 11:15:36 [LP epoch 24] train_loss=0.5534 train_acc=0.9250 | val_loss=0.5437 val_acc=0.9050 | 
03-10 11:15:36 [LP epoch 25] train_loss=0.5458 train_acc=0.9500 | val_loss=0.5433 val_acc=0.9050 | 
03-10 11:15:36 [LP epoch 26] train_loss=0.4961 train_acc=0.9750 | val_loss=0.5429 val_acc=0.9100 | 
03-10 11:15:37 [LP epoch 27] train_loss=0.4787 train_acc=0.9750 | val_loss=0.5460 val_acc=0.9100 | 
03-10 11:15:37 [LP epoch 28] train_loss=0.4660 train_acc=1.0000 | val_loss=0.5446 val_acc=0.9100 | 
03-10 11:15:37 [LP epoch 29] train_loss=0.5283 train_acc=0.9750 | val_loss=0.5301 val_acc=0.9225 | 
03-10 11:15:37 [LP epoch 30] train_loss=0.5203 train_acc=0.9500 | val_loss=0.5202 val_acc=0.9175 | 
03-10 11:15:37 [LP epoch 31] train_loss=0.4621 train_acc=1.0000 | val_loss=0.5122 val_acc=0.9400 | 
03-10 11:15:38 [LP epoch 32] train_loss=0.4626 train_acc=1.0000 | val_loss=0.5007 val_acc=0.9625 | 
03-10 11:15:38 [LP epoch 33] train_loss=0.4560 train_acc=1.0000 | val_loss=0.4909 val_acc=0.9750 | 
03-10 11:15:38 [LP epoch 34] train_loss=0.4552 train_acc=0.9750 | val_loss=0.4783 val_acc=0.9825 | 
03-10 11:15:38 [LP epoch 35] train_loss=0.4254 train_acc=1.0000 | val_loss=0.4731 val_acc=0.9850 | 
03-10 11:15:38 [LP epoch 36] train_loss=0.4719 train_acc=0.9500 | val_loss=0.4780 val_acc=0.9775 | 
03-10 11:15:38 [LP epoch 37] train_loss=0.4497 train_acc=0.9750 | val_loss=0.4890 val_acc=0.9725 | 
03-10 11:15:39 [LP epoch 38] train_loss=0.4362 train_acc=1.0000 | val_loss=0.4922 val_acc=0.9750 | 
03-10 11:15:39 [LP epoch 39] train_loss=0.4288 train_acc=1.0000 | val_loss=0.4827 val_acc=0.9825 | 
03-10 11:15:39 [LP epoch 40] train_loss=0.4230 train_acc=1.0000 | val_loss=0.4697 val_acc=0.9825 | 
03-10 11:15:39 [LP epoch 41] train_loss=0.4145 train_acc=1.0000 | val_loss=0.4512 val_acc=0.9850 | 
03-10 11:15:39 [LP epoch 42] train_loss=0.4191 train_acc=1.0000 | val_loss=0.4379 val_acc=0.9825 | 
03-10 11:15:40 [LP epoch 43] train_loss=0.3996 train_acc=1.0000 | val_loss=0.4319 val_acc=0.9850 | 
03-10 11:15:40 [LP epoch 44] train_loss=0.4462 train_acc=1.0000 | val_loss=0.4275 val_acc=0.9850 | 
03-10 11:15:40 [LP epoch 45] train_loss=0.4061 train_acc=1.0000 | val_loss=0.4303 val_acc=0.9850 | 
03-10 11:15:40 [LP epoch 46] train_loss=0.4407 train_acc=0.9750 | val_loss=0.4405 val_acc=0.9850 | 
03-10 11:15:40 [LP epoch 47] train_loss=0.3974 train_acc=1.0000 | val_loss=0.4553 val_acc=0.9825 | 
03-10 11:15:40 [LP epoch 48] train_loss=0.4706 train_acc=0.9750 | val_loss=0.4577 val_acc=0.9825 | 
03-10 11:15:41 [LP epoch 49] train_loss=0.4004 train_acc=1.0000 | val_loss=0.4485 val_acc=0.9825 | 
03-10 11:15:41 Saved linear-probe checkpoint: ./anomaly_detection\SSF_CWRU_0310-111529\linear_probe_best.pt (best_val_acc=0.9850)
03-10 11:15:41 TEST linear-probe: loss=0.4366 acc=0.9900
