02-24 10:02:32 model_name: SSF
02-24 10:02:32 data_name: XJTU
02-24 10:02:32 aug_1: normal
02-24 10:02:32 aug_2: randomcrop
02-24 10:02:32 max_epoch: 20
02-24 10:02:32 classifier_epoch: 50
02-24 10:02:32 data_view: TwoViewDataset
02-24 10:02:32 cuda_device: 0
02-24 10:02:32 checkpoint_dir: ./checkpoint
02-24 10:02:32 batch_size: 32
02-24 10:02:32 data_dir: raw_data/XJTU/XJTU-SY_Bearing_Datasets/XJTU-SY_Bearing_Datasets
02-24 10:02:32 out_channel: 10
02-24 10:02:32 normlizetype: minus_one_one
02-24 10:02:32 processing_type: RA
02-24 10:02:32 opt: sgd
02-24 10:02:32 lr: 0.01
02-24 10:02:32 momentum: 0.9
02-24 10:02:32 weight_decay: 1e-05
02-24 10:02:32 lr_scheduler: cos
02-24 10:02:32 gamma: 0.1
02-24 10:02:32 eta_min: 1e-05
02-24 10:02:32 latent_space: 256
02-24 10:02:32 task: self_supervised
02-24 10:02:32 critetion: <class 'utils.loss_SSL.SimSiamLoss'>
02-24 10:02:32 using 1 gpus
02-24 10:02:32 Dataset class: <class 'data_utils.datasets.XJTU.XJTU'>
