03-04 09:46:08 model_name: SSF
03-04 09:46:08 data_name: PU
03-04 09:46:08 aug_1: randomcrop
03-04 09:46:08 aug_2: scale
03-04 09:46:08 max_epoch: 50
03-04 09:46:08 classifier_epoch: 50
03-04 09:46:08 data_view: TwoViewDataset
03-04 09:46:08 cuda_device: 0
03-04 09:46:08 checkpoint_dir: ./checkpoint
03-04 09:46:08 batch_size: 64
03-04 09:46:08 data_dir: raw_data/PU
03-04 09:46:08 out_channel: 4
03-04 09:46:08 normlizetype: minus_one_one
03-04 09:46:08 processing_type: RA
03-04 09:46:08 opt: sgd
03-04 09:46:08 lr: 0.01
03-04 09:46:08 momentum: 0.9
03-04 09:46:08 weight_decay: 1e-05
03-04 09:46:08 lr_scheduler: cos
03-04 09:46:08 gamma: 0.1
03-04 09:46:08 eta_min: 1e-05
03-04 09:46:08 latent_space: 128
03-04 09:46:08 num_blocks_ssf: 5
03-04 09:46:08 task: self_supervised
03-04 09:46:08 critetion: <class 'utils.loss_SSL.SimSiamLoss'>
03-04 09:46:08 using 1 gpus
03-04 09:46:08 Dataset class: <class 'data_utils.datasets.PU.PU'>
03-04 09:46:09 Split sizes: train=400 val=400 test=400, classier=40
03-04 09:46:09 Label counts train: Counter({0: 100, 1: 100, 2: 100, 3: 84})
03-04 09:46:09 Label counts val:   Counter({0: 100, 1: 100, 2: 100, 3: 84})
03-04 09:46:09 Label counts test:  Counter({0: 100, 1: 100, 2: 100, 3: 100})
03-04 09:46:09 Label counts classifier:  Counter()
03-04 09:46:10 -----Epoch 0/49-----
03-04 09:46:11 current lr: 0.01
03-04 09:46:11 Saved best checkpoint to ./checkpoint\SSF_PU_0304-094608\best_pt (val_loss=-0.2231)
03-04 09:46:11 Epoch 000 Train loss -0.1552 | Val loss -0.2231
03-04 09:46:11 -----Epoch 1/49-----
03-04 09:46:11 current lr: 0.00999014
03-04 09:46:11 Saved best checkpoint to ./checkpoint\SSF_PU_0304-094608\best_pt (val_loss=-0.6128)
03-04 09:46:11 Epoch 001 Train loss -0.5795 | Val loss -0.6128
03-04 09:46:11 -----Epoch 2/49-----
03-04 09:46:12 current lr: 0.00996061
03-04 09:46:12 Saved best checkpoint to ./checkpoint\SSF_PU_0304-094608\best_pt (val_loss=-0.8005)
03-04 09:46:12 Epoch 002 Train loss -0.8223 | Val loss -0.8005
03-04 09:46:12 -----Epoch 3/49-----
03-04 09:46:12 current lr: 0.00991152
03-04 09:46:12 Saved best checkpoint to ./checkpoint\SSF_PU_0304-094608\best_pt (val_loss=-0.8850)
03-04 09:46:12 Epoch 003 Train loss -0.8983 | Val loss -0.8850
03-04 09:46:12 -----Epoch 4/49-----
03-04 09:46:12 current lr: 0.00984307
03-04 09:46:12 Saved best checkpoint to ./checkpoint\SSF_PU_0304-094608\best_pt (val_loss=-0.9206)
03-04 09:46:12 Epoch 004 Train loss -0.9256 | Val loss -0.9206
03-04 09:46:12 -----Epoch 5/49-----
