03-10 14:39:13 model_name: SSF
03-10 14:39:13 data_name: XJTU
03-10 14:39:13 aug_1: randomcrop
03-10 14:39:13 aug_2: scale
03-10 14:39:13 max_epoch: 20
03-10 14:39:13 classifier_epoch: 50
03-10 14:39:13 data_view: TwoViewDataset
03-10 14:39:13 cuda_device: 0
03-10 14:39:13 checkpoint_dir: ./anomaly_detection
03-10 14:39:13 batch_size: 64
03-10 14:39:13 data_dir: raw_data/XJTU/XJTU-SY_Bearing_Datasets/XJTU-SY_Bearing_Datasets
03-10 14:39:13 out_channel: 4
03-10 14:39:13 normlizetype: minus_one_one
03-10 14:39:13 processing_type: O_N
03-10 14:39:13 opt: sgd
03-10 14:39:13 lr: 0.05
03-10 14:39:13 momentum: 0.9
03-10 14:39:13 weight_decay: 0.0001
03-10 14:39:13 lr_scheduler: cos
03-10 14:39:13 gamma: 0.95
03-10 14:39:13 eta_min: 1e-05
03-10 14:39:13 latent_space: 192
03-10 14:39:13 num_blocks_ssf: 5
03-10 14:39:13 hidden_channel: 128
03-10 14:39:13 task: self_supervised
03-10 14:39:13 critetion: <class 'utils.loss_SSL.SimSiamLoss'>
03-10 14:39:13 using 1 gpus
03-10 14:39:13 Dataset class: <class 'data_utils.datasets.XJTU.XJTU'>
03-10 14:39:15 Split sizes: train=864 val=288 test=1104, classier=1104
03-10 14:39:16 Label counts train: Counter({0: 864})
03-10 14:39:16 Label counts val:   Counter({0: 288})
03-10 14:39:16 Label counts test:  Counter({2: 512, 1: 320, 0: 144, 3: 128})
03-10 14:39:16 Label counts classifier:  Counter({2: 512, 1: 320, 0: 144, 3: 128})
03-10 14:39:17 -----Epoch 0/19-----
03-10 14:39:19 current lr: 0.05
03-10 14:39:19 Saved best checkpoint to ./anomaly_detection\SSF_XJTU_0310-143913\best_pt (val_loss=-0.8449)
03-10 14:39:19 Epoch 000 Train loss -0.7033 | Val loss -0.8449
03-10 14:39:19 -----Epoch 1/19-----
03-10 14:39:20 current lr: 0.0496923
03-10 14:39:20 Saved best checkpoint to ./anomaly_detection\SSF_XJTU_0310-143913\best_pt (val_loss=-0.9666)
03-10 14:39:20 Epoch 001 Train loss -0.9596 | Val loss -0.9666
03-10 14:39:20 -----Epoch 2/19-----
03-10 14:39:20 current lr: 0.0487767
03-10 14:39:20 Saved best checkpoint to ./anomaly_detection\SSF_XJTU_0310-143913\best_pt (val_loss=-0.9780)
03-10 14:39:20 Epoch 002 Train loss -0.9718 | Val loss -0.9780
03-10 14:39:20 -----Epoch 3/19-----
03-10 14:39:21 current lr: 0.0472757
03-10 14:39:21 Saved best checkpoint to ./anomaly_detection\SSF_XJTU_0310-143913\best_pt (val_loss=-0.9822)
03-10 14:39:21 Epoch 003 Train loss -0.9789 | Val loss -0.9822
03-10 14:39:21 -----Epoch 4/19-----
03-10 14:39:22 current lr: 0.0452264
03-10 14:39:22 Saved best checkpoint to ./anomaly_detection\SSF_XJTU_0310-143913\best_pt (val_loss=-0.9843)
03-10 14:39:22 Epoch 004 Train loss -0.9822 | Val loss -0.9843
03-10 14:39:22 -----Epoch 5/19-----
03-10 14:39:23 current lr: 0.0426791
03-10 14:39:23 Saved best checkpoint to ./anomaly_detection\SSF_XJTU_0310-143913\best_pt (val_loss=-0.9859)
03-10 14:39:23 Epoch 005 Train loss -0.9842 | Val loss -0.9859
03-10 14:39:23 -----Epoch 6/19-----
03-10 14:39:23 current lr: 0.0396967
03-10 14:39:23 Saved best checkpoint to ./anomaly_detection\SSF_XJTU_0310-143913\best_pt (val_loss=-0.9872)
03-10 14:39:23 Epoch 006 Train loss -0.9857 | Val loss -0.9872
03-10 14:39:23 -----Epoch 7/19-----
03-10 14:39:24 current lr: 0.0363525
03-10 14:39:24 Saved best checkpoint to ./anomaly_detection\SSF_XJTU_0310-143913\best_pt (val_loss=-0.9883)
03-10 14:39:24 Epoch 007 Train loss -0.9868 | Val loss -0.9883
03-10 14:39:24 -----Epoch 8/19-----
03-10 14:39:25 current lr: 0.0327289
03-10 14:39:25 Saved best checkpoint to ./anomaly_detection\SSF_XJTU_0310-143913\best_pt (val_loss=-0.9893)
03-10 14:39:25 Epoch 008 Train loss -0.9878 | Val loss -0.9893
03-10 14:39:25 -----Epoch 9/19-----
03-10 14:39:26 current lr: 0.0289151
03-10 14:39:26 Saved best checkpoint to ./anomaly_detection\SSF_XJTU_0310-143913\best_pt (val_loss=-0.9900)
03-10 14:39:26 Epoch 009 Train loss -0.9886 | Val loss -0.9900
03-10 14:39:26 -----Epoch 10/19-----
03-10 14:39:26 current lr: 0.025005
03-10 14:39:26 Saved best checkpoint to ./anomaly_detection\SSF_XJTU_0310-143913\best_pt (val_loss=-0.9905)
03-10 14:39:26 Epoch 010 Train loss -0.9891 | Val loss -0.9905
03-10 14:39:26 -----Epoch 11/19-----
03-10 14:39:27 current lr: 0.0210949
03-10 14:39:27 Saved best checkpoint to ./anomaly_detection\SSF_XJTU_0310-143913\best_pt (val_loss=-0.9908)
03-10 14:39:27 Epoch 011 Train loss -0.9896 | Val loss -0.9908
03-10 14:39:27 -----Epoch 12/19-----
03-10 14:39:28 current lr: 0.0172811
03-10 14:39:28 Saved best checkpoint to ./anomaly_detection\SSF_XJTU_0310-143913\best_pt (val_loss=-0.9912)
03-10 14:39:28 Epoch 012 Train loss -0.9899 | Val loss -0.9912
03-10 14:39:28 -----Epoch 13/19-----
03-10 14:39:29 current lr: 0.0136575
03-10 14:39:29 Saved best checkpoint to ./anomaly_detection\SSF_XJTU_0310-143913\best_pt (val_loss=-0.9914)
03-10 14:39:29 Epoch 013 Train loss -0.9902 | Val loss -0.9914
03-10 14:39:29 -----Epoch 14/19-----
03-10 14:39:29 current lr: 0.0103133
03-10 14:39:29 Saved best checkpoint to ./anomaly_detection\SSF_XJTU_0310-143913\best_pt (val_loss=-0.9915)
03-10 14:39:29 Epoch 014 Train loss -0.9904 | Val loss -0.9915
03-10 14:39:29 -----Epoch 15/19-----
03-10 14:39:30 current lr: 0.00733087
03-10 14:39:30 Saved best checkpoint to ./anomaly_detection\SSF_XJTU_0310-143913\best_pt (val_loss=-0.9916)
03-10 14:39:30 Epoch 015 Train loss -0.9905 | Val loss -0.9916
03-10 14:39:30 -----Epoch 16/19-----
03-10 14:39:31 current lr: 0.00478362
03-10 14:39:31 Saved best checkpoint to ./anomaly_detection\SSF_XJTU_0310-143913\best_pt (val_loss=-0.9917)
03-10 14:39:31 Epoch 016 Train loss -0.9906 | Val loss -0.9917
03-10 14:39:31 -----Epoch 17/19-----
03-10 14:39:32 current lr: 0.00273429
03-10 14:39:32 Saved best checkpoint to ./anomaly_detection\SSF_XJTU_0310-143913\best_pt (val_loss=-0.9917)
03-10 14:39:32 Epoch 017 Train loss -0.9907 | Val loss -0.9917
03-10 14:39:32 -----Epoch 18/19-----
03-10 14:39:33 current lr: 0.00123334
03-10 14:39:33 Saved best checkpoint to ./anomaly_detection\SSF_XJTU_0310-143913\best_pt (val_loss=-0.9918)
03-10 14:39:33 Epoch 018 Train loss -0.9907 | Val loss -0.9918
03-10 14:39:33 -----Epoch 19/19-----
03-10 14:39:33 current lr: 0.00031773
03-10 14:39:33 Saved best checkpoint to ./anomaly_detection\SSF_XJTU_0310-143913\best_pt (val_loss=-0.9918)
03-10 14:39:33 Epoch 019 Train loss -0.9907 | Val loss -0.9918
03-10 14:39:34 TEST (last): loss -0.9903
03-10 14:39:34 Loaded best checkpoint from ./anomaly_detection\SSF_XJTU_0310-143913\best_pt (val_loss=-0.9917659295929803)
03-10 14:39:34 TEST (best): loss -0.9903
03-10 14:39:35 [LP epoch 00] train_loss=1.1623 train_acc=0.5625 | val_loss=1.6601 val_acc=0.0035 | 
03-10 14:39:35 [LP epoch 01] train_loss=0.9576 train_acc=0.6957 | val_loss=1.8827 val_acc=0.0035 | 
03-10 14:39:36 [LP epoch 02] train_loss=0.8859 train_acc=0.7382 | val_loss=1.7792 val_acc=0.0139 | 
03-10 14:39:36 [LP epoch 03] train_loss=0.8434 train_acc=0.7563 | val_loss=1.8000 val_acc=0.0278 | 
03-10 14:39:37 [LP epoch 04] train_loss=0.8103 train_acc=0.7754 | val_loss=1.7411 val_acc=0.0625 | 
03-10 14:39:37 [LP epoch 05] train_loss=0.7910 train_acc=0.7835 | val_loss=1.7678 val_acc=0.0312 | 
03-10 14:39:38 [LP epoch 06] train_loss=0.7811 train_acc=0.7772 | val_loss=1.8328 val_acc=0.0347 | 
03-10 14:39:39 [LP epoch 07] train_loss=0.7641 train_acc=0.7998 | val_loss=1.7062 val_acc=0.0972 | 
03-10 14:39:39 [LP epoch 08] train_loss=0.7590 train_acc=0.8125 | val_loss=1.7543 val_acc=0.0347 | 
03-10 14:39:40 [LP epoch 09] train_loss=0.7500 train_acc=0.8107 | val_loss=1.8941 val_acc=0.0833 | 
03-10 14:39:40 [LP epoch 10] train_loss=0.7619 train_acc=0.7917 | val_loss=1.6859 val_acc=0.1250 | 
03-10 14:39:41 [LP epoch 11] train_loss=0.7360 train_acc=0.8080 | val_loss=1.8274 val_acc=0.0833 | 
03-10 14:39:41 [LP epoch 12] train_loss=0.7337 train_acc=0.8152 | val_loss=1.8249 val_acc=0.0729 | 
03-10 14:39:42 [LP epoch 13] train_loss=0.7337 train_acc=0.8252 | val_loss=1.7518 val_acc=0.1111 | 
03-10 14:39:43 [LP epoch 14] train_loss=0.7274 train_acc=0.8188 | val_loss=1.9783 val_acc=0.0417 | 
03-10 14:39:43 [LP epoch 15] train_loss=0.7373 train_acc=0.8098 | val_loss=1.7799 val_acc=0.0972 | 
03-10 14:39:44 [LP epoch 16] train_loss=0.7313 train_acc=0.8216 | val_loss=1.7980 val_acc=0.1146 | 
03-10 14:39:44 [LP epoch 17] train_loss=0.7197 train_acc=0.8170 | val_loss=1.8307 val_acc=0.0799 | 
03-10 14:39:45 [LP epoch 18] train_loss=0.7320 train_acc=0.8125 | val_loss=1.7850 val_acc=0.1076 | 
03-10 14:39:46 [LP epoch 19] train_loss=0.7212 train_acc=0.8261 | val_loss=1.8077 val_acc=0.0764 | 
03-10 14:39:46 [LP epoch 20] train_loss=0.7101 train_acc=0.8451 | val_loss=1.6972 val_acc=0.1875 | 
03-10 14:39:47 [LP epoch 21] train_loss=0.7075 train_acc=0.8324 | val_loss=1.7002 val_acc=0.1319 | 
03-10 14:39:47 [LP epoch 22] train_loss=0.7154 train_acc=0.8252 | val_loss=1.7295 val_acc=0.1319 | 
03-10 14:39:48 [LP epoch 23] train_loss=0.7008 train_acc=0.8342 | val_loss=1.7642 val_acc=0.1111 | 
03-10 14:39:48 [LP epoch 24] train_loss=0.7083 train_acc=0.8297 | val_loss=1.7620 val_acc=0.1319 | 
03-10 14:39:49 [LP epoch 25] train_loss=0.7054 train_acc=0.8342 | val_loss=1.9711 val_acc=0.1007 | 
03-10 14:39:50 [LP epoch 26] train_loss=0.6915 train_acc=0.8424 | val_loss=1.8080 val_acc=0.1076 | 
03-10 14:39:50 [LP epoch 27] train_loss=0.7031 train_acc=0.8315 | val_loss=1.7462 val_acc=0.1771 | 
03-10 14:39:51 [LP epoch 28] train_loss=0.7058 train_acc=0.8288 | val_loss=1.6205 val_acc=0.1701 | 
03-10 14:39:51 [LP epoch 29] train_loss=0.7080 train_acc=0.8379 | val_loss=1.5554 val_acc=0.2014 | 
03-10 14:39:52 [LP epoch 30] train_loss=0.6912 train_acc=0.8451 | val_loss=1.8570 val_acc=0.1111 | 
03-10 14:39:52 [LP epoch 31] train_loss=0.7029 train_acc=0.8342 | val_loss=1.8904 val_acc=0.1181 | 
03-10 14:39:53 [LP epoch 32] train_loss=0.7029 train_acc=0.8370 | val_loss=1.6450 val_acc=0.1806 | 
03-10 14:39:54 [LP epoch 33] train_loss=0.6850 train_acc=0.8505 | val_loss=1.7641 val_acc=0.1701 | 
03-10 14:39:54 [LP epoch 34] train_loss=0.7009 train_acc=0.8351 | val_loss=1.4867 val_acc=0.2118 | 
03-10 14:39:55 [LP epoch 35] train_loss=0.7025 train_acc=0.8315 | val_loss=1.9235 val_acc=0.1319 | 
03-10 14:39:55 [LP epoch 36] train_loss=0.6927 train_acc=0.8424 | val_loss=1.6847 val_acc=0.1736 | 
03-10 14:39:56 [LP epoch 37] train_loss=0.6875 train_acc=0.8433 | val_loss=1.7020 val_acc=0.1667 | 
03-10 14:39:57 [LP epoch 38] train_loss=0.6783 train_acc=0.8469 | val_loss=1.6070 val_acc=0.1910 | 
03-10 14:39:57 [LP epoch 39] train_loss=0.6818 train_acc=0.8524 | val_loss=1.8483 val_acc=0.1493 | 
03-10 14:39:58 [LP epoch 40] train_loss=0.6795 train_acc=0.8469 | val_loss=1.7742 val_acc=0.1458 | 
03-10 14:39:59 [LP epoch 41] train_loss=0.6826 train_acc=0.8533 | val_loss=1.8339 val_acc=0.1354 | 
03-10 14:39:59 [LP epoch 42] train_loss=0.6731 train_acc=0.8587 | val_loss=1.8307 val_acc=0.1528 | 
03-10 14:40:00 [LP epoch 43] train_loss=0.6773 train_acc=0.8560 | val_loss=1.8415 val_acc=0.1667 | 
03-10 14:40:00 [LP epoch 44] train_loss=0.6706 train_acc=0.8587 | val_loss=1.7587 val_acc=0.1701 | 
03-10 14:40:01 [LP epoch 45] train_loss=0.6773 train_acc=0.8524 | val_loss=1.7069 val_acc=0.1910 | 
03-10 14:40:02 [LP epoch 46] train_loss=0.6770 train_acc=0.8469 | val_loss=1.6855 val_acc=0.1875 | 
03-10 14:40:02 [LP epoch 47] train_loss=0.6905 train_acc=0.8451 | val_loss=1.6859 val_acc=0.2014 | 
03-10 14:40:03 [LP epoch 48] train_loss=0.6608 train_acc=0.8587 | val_loss=1.6791 val_acc=0.2083 | 
03-10 14:40:04 [LP epoch 49] train_loss=0.6510 train_acc=0.8741 | val_loss=1.7773 val_acc=0.2049 | 
03-10 14:40:04 Saved linear-probe checkpoint: ./anomaly_detection\SSF_XJTU_0310-143913\linear_probe_best.pt (best_val_acc=0.2118)
03-10 14:40:04 TEST linear-probe: loss=0.7175 acc=0.8370
