02-24 09:56:04 model_name: SSF
02-24 09:56:04 data_name: XJTU
02-24 09:56:04 aug_1: normal
02-24 09:56:04 aug_2: randomcrop
02-24 09:56:04 max_epoch: 20
02-24 09:56:04 classifier_epoch: 50
02-24 09:56:04 data_view: TwoViewDataset
02-24 09:56:04 cuda_device: 0
02-24 09:56:04 checkpoint_dir: ./checkpoint
02-24 09:56:04 batch_size: 32
02-24 09:56:04 data_dir: raw_data/XJTU
02-24 09:56:04 out_channel: 10
02-24 09:56:04 normlizetype: minus_one_one
02-24 09:56:04 processing_type: RA
02-24 09:56:04 opt: sgd
02-24 09:56:04 lr: 0.01
02-24 09:56:04 momentum: 0.9
02-24 09:56:04 weight_decay: 1e-05
02-24 09:56:04 lr_scheduler: cos
02-24 09:56:04 gamma: 0.1
02-24 09:56:04 eta_min: 1e-05
02-24 09:56:04 latent_space: 256
02-24 09:56:04 task: self_supervised
02-24 09:56:04 critetion: <class 'utils.loss_SSL.SimSiamLoss'>
02-24 09:56:04 using 1 gpus
02-24 09:56:04 Dataset class: <class 'data_utils.datasets.XJTU.XJTU'>
