02-24 11:13:55 model_name: SSF
02-24 11:13:55 data_name: JNU
02-24 11:13:55 aug_1: normal
02-24 11:13:55 aug_2: randomcrop
02-24 11:13:55 max_epoch: 20
02-24 11:13:55 classifier_epoch: 50
02-24 11:13:55 data_view: TwoViewDataset
02-24 11:13:55 cuda_device: 0
02-24 11:13:55 checkpoint_dir: ./checkpoint
02-24 11:13:55 batch_size: 32
02-24 11:13:55 data_dir: raw_data/JNU/JNU-Bearing-Dataset-main
02-24 11:13:55 out_channel: 12
02-24 11:13:55 normlizetype: minus_one_one
02-24 11:13:55 processing_type: RA
02-24 11:13:55 opt: sgd
02-24 11:13:55 lr: 0.01
02-24 11:13:55 momentum: 0.9
02-24 11:13:55 weight_decay: 1e-05
02-24 11:13:55 lr_scheduler: cos
02-24 11:13:55 gamma: 0.1
02-24 11:13:55 eta_min: 1e-05
02-24 11:13:55 latent_space: 256
02-24 11:13:55 task: self_supervised
02-24 11:13:55 critetion: <class 'utils.loss_SSL.SimSiamLoss'>
02-24 11:13:55 using 1 gpus
02-24 11:13:55 Dataset class: <class 'data_utils.datasets.JNU.JNU'>
02-24 11:13:56 Split sizes: train=6153 val=659 test=1319, classier=659
02-24 11:13:57 Label counts train: Counter({1: 1026, 5: 1026, 9: 1026, 10: 342, 7: 342, 2: 342, 11: 342, 3: 342, 0: 342, 6: 341, 8: 341, 4: 341})
02-24 11:13:57 Label counts val:   Counter({1: 110, 5: 110, 9: 110, 8: 37, 11: 37, 0: 37, 4: 37, 2: 37, 7: 36, 10: 36, 3: 36, 6: 36})
02-24 11:13:57 Label counts test:  Counter({1: 220, 9: 220, 5: 220, 8: 74, 6: 74, 3: 73, 0: 73, 2: 73, 11: 73, 10: 73, 4: 73, 7: 73})
02-24 11:13:57 Label counts classifier:  Counter({9: 110, 1: 110, 5: 110, 4: 37, 3: 37, 6: 37, 7: 37, 10: 37, 11: 36, 0: 36, 2: 36, 8: 36})
02-24 11:13:58 -----Epoch 0/19-----
02-24 11:14:04 current lr: 0.01
02-24 11:14:04 Saved best checkpoint to ./checkpoint\SSF_JNU_0224-111355\best_pt (val_loss=-0.6257)
02-24 11:14:04 Epoch 000 Train loss -0.3582 | Val loss -0.6257
02-24 11:14:04 -----Epoch 1/19-----
02-24 11:14:08 current lr: 0.0099385
02-24 11:14:08 Saved best checkpoint to ./checkpoint\SSF_JNU_0224-111355\best_pt (val_loss=-0.7947)
02-24 11:14:08 Epoch 001 Train loss -0.7416 | Val loss -0.7947
02-24 11:14:08 -----Epoch 2/19-----
02-24 11:14:13 current lr: 0.00975553
02-24 11:14:13 Saved best checkpoint to ./checkpoint\SSF_JNU_0224-111355\best_pt (val_loss=-0.8425)
02-24 11:14:13 Epoch 002 Train loss -0.8291 | Val loss -0.8425
02-24 11:14:13 -----Epoch 3/19-----
02-24 11:14:17 current lr: 0.00945558
02-24 11:14:17 Saved best checkpoint to ./checkpoint\SSF_JNU_0224-111355\best_pt (val_loss=-0.8690)
02-24 11:14:17 Epoch 003 Train loss -0.8647 | Val loss -0.8690
02-24 11:14:17 -----Epoch 4/19-----
02-24 11:14:22 current lr: 0.00904604
02-24 11:14:22 Saved best checkpoint to ./checkpoint\SSF_JNU_0224-111355\best_pt (val_loss=-0.8863)
02-24 11:14:22 Epoch 004 Train loss -0.8864 | Val loss -0.8863
02-24 11:14:22 -----Epoch 5/19-----
02-24 11:14:27 current lr: 0.008537
02-24 11:14:27 Saved best checkpoint to ./checkpoint\SSF_JNU_0224-111355\best_pt (val_loss=-0.8977)
02-24 11:14:27 Epoch 005 Train loss -0.9000 | Val loss -0.8977
02-24 11:14:27 -----Epoch 6/19-----
02-24 11:14:32 current lr: 0.00794099
02-24 11:14:32 Saved best checkpoint to ./checkpoint\SSF_JNU_0224-111355\best_pt (val_loss=-0.9056)
02-24 11:14:32 Epoch 006 Train loss -0.9090 | Val loss -0.9056
02-24 11:14:32 -----Epoch 7/19-----
02-24 11:14:36 current lr: 0.00727268
02-24 11:14:36 Saved best checkpoint to ./checkpoint\SSF_JNU_0224-111355\best_pt (val_loss=-0.9112)
02-24 11:14:36 Epoch 007 Train loss -0.9150 | Val loss -0.9112
02-24 11:14:36 -----Epoch 8/19-----
02-24 11:14:40 current lr: 0.00654854
02-24 11:14:40 Saved best checkpoint to ./checkpoint\SSF_JNU_0224-111355\best_pt (val_loss=-0.9155)
02-24 11:14:40 Epoch 008 Train loss -0.9195 | Val loss -0.9155
02-24 11:14:40 -----Epoch 9/19-----
02-24 11:14:45 current lr: 0.00578639
02-24 11:14:45 Saved best checkpoint to ./checkpoint\SSF_JNU_0224-111355\best_pt (val_loss=-0.9189)
02-24 11:14:45 Epoch 009 Train loss -0.9230 | Val loss -0.9189
02-24 11:14:45 -----Epoch 10/19-----
02-24 11:14:49 current lr: 0.005005
02-24 11:14:49 Saved best checkpoint to ./checkpoint\SSF_JNU_0224-111355\best_pt (val_loss=-0.9215)
02-24 11:14:49 Epoch 010 Train loss -0.9258 | Val loss -0.9215
02-24 11:14:49 -----Epoch 11/19-----
02-24 11:14:54 current lr: 0.00422361
02-24 11:14:54 Saved best checkpoint to ./checkpoint\SSF_JNU_0224-111355\best_pt (val_loss=-0.9236)
02-24 11:14:54 Epoch 011 Train loss -0.9279 | Val loss -0.9236
02-24 11:14:54 -----Epoch 12/19-----
02-24 11:14:59 current lr: 0.00346146
02-24 11:14:59 Saved best checkpoint to ./checkpoint\SSF_JNU_0224-111355\best_pt (val_loss=-0.9251)
02-24 11:14:59 Epoch 012 Train loss -0.9296 | Val loss -0.9251
02-24 11:14:59 -----Epoch 13/19-----
02-24 11:15:04 current lr: 0.00273732
02-24 11:15:04 Saved best checkpoint to ./checkpoint\SSF_JNU_0224-111355\best_pt (val_loss=-0.9262)
02-24 11:15:04 Epoch 013 Train loss -0.9308 | Val loss -0.9262
02-24 11:15:04 -----Epoch 14/19-----
02-24 11:15:08 current lr: 0.00206901
02-24 11:15:08 Saved best checkpoint to ./checkpoint\SSF_JNU_0224-111355\best_pt (val_loss=-0.9272)
02-24 11:15:08 Epoch 014 Train loss -0.9318 | Val loss -0.9272
02-24 11:15:08 -----Epoch 15/19-----
02-24 11:15:12 current lr: 0.001473
02-24 11:15:12 Saved best checkpoint to ./checkpoint\SSF_JNU_0224-111355\best_pt (val_loss=-0.9278)
02-24 11:15:12 Epoch 015 Train loss -0.9325 | Val loss -0.9278
02-24 11:15:12 -----Epoch 16/19-----
02-24 11:15:17 current lr: 0.00096396
02-24 11:15:17 Saved best checkpoint to ./checkpoint\SSF_JNU_0224-111355\best_pt (val_loss=-0.9283)
02-24 11:15:17 Epoch 016 Train loss -0.9330 | Val loss -0.9283
02-24 11:15:17 -----Epoch 17/19-----
02-24 11:15:22 current lr: 0.000554422
02-24 11:15:22 Saved best checkpoint to ./checkpoint\SSF_JNU_0224-111355\best_pt (val_loss=-0.9285)
02-24 11:15:22 Epoch 017 Train loss -0.9333 | Val loss -0.9285
02-24 11:15:22 -----Epoch 18/19-----
02-24 11:15:27 current lr: 0.000254473
02-24 11:15:27 Saved best checkpoint to ./checkpoint\SSF_JNU_0224-111355\best_pt (val_loss=-0.9286)
02-24 11:15:27 Epoch 018 Train loss -0.9334 | Val loss -0.9286
02-24 11:15:27 -----Epoch 19/19-----
02-24 11:15:32 current lr: 7.14967e-05
02-24 11:15:32 Saved best checkpoint to ./checkpoint\SSF_JNU_0224-111355\best_pt (val_loss=-0.9287)
02-24 11:15:32 Epoch 019 Train loss -0.9335 | Val loss -0.9287
02-24 11:15:32 TEST (last): loss -0.9297
02-24 11:15:33 [LP epoch 00] train_loss=2.1926 train_acc=0.2671 | val_loss=1514.8782 val_acc=0.1897 | 
02-24 11:15:33 [LP epoch 01] train_loss=1.7808 train_acc=0.3505 | val_loss=1140.2748 val_acc=0.3596 | 
02-24 11:15:33 [LP epoch 02] train_loss=1.6408 train_acc=0.3854 | val_loss=1101.3143 val_acc=0.3839 | 
02-24 11:15:34 [LP epoch 03] train_loss=1.5281 train_acc=0.4385 | val_loss=1055.7141 val_acc=0.4143 | 
02-24 11:15:35 [LP epoch 04] train_loss=1.4037 train_acc=0.4841 | val_loss=964.8369 val_acc=0.4249 | 
02-24 11:15:35 [LP epoch 05] train_loss=1.3123 train_acc=0.5144 | val_loss=984.7143 val_acc=0.4370 | 
02-24 11:15:35 [LP epoch 06] train_loss=1.3010 train_acc=0.4977 | val_loss=1182.8947 val_acc=0.3627 | 
02-24 11:15:36 [LP epoch 07] train_loss=1.3311 train_acc=0.4962 | val_loss=1046.0907 val_acc=0.4173 | 
02-24 11:15:36 [LP epoch 08] train_loss=1.2174 train_acc=0.5372 | val_loss=1039.4898 val_acc=0.4036 | 
02-24 11:15:37 [LP epoch 09] train_loss=1.1309 train_acc=0.5660 | val_loss=1209.8704 val_acc=0.3096 | 
02-24 11:15:37 [LP epoch 10] train_loss=1.0813 train_acc=0.5842 | val_loss=1346.4745 val_acc=0.2580 | 
02-24 11:15:38 [LP epoch 11] train_loss=1.0487 train_acc=0.5903 | val_loss=969.2771 val_acc=0.4203 | 
02-24 11:15:39 [LP epoch 12] train_loss=1.0014 train_acc=0.6085 | val_loss=1052.1059 val_acc=0.4112 | 
02-24 11:15:39 [LP epoch 13] train_loss=0.9375 train_acc=0.6373 | val_loss=1143.3842 val_acc=0.4006 | 
02-24 11:15:40 [LP epoch 14] train_loss=0.8631 train_acc=0.6646 | val_loss=997.1739 val_acc=0.4355 | 
02-24 11:15:40 [LP epoch 15] train_loss=0.8196 train_acc=0.6965 | val_loss=994.2154 val_acc=0.4719 | 
02-24 11:15:41 [LP epoch 16] train_loss=0.8251 train_acc=0.6768 | val_loss=1057.6850 val_acc=0.4537 | 
02-24 11:15:41 [LP epoch 17] train_loss=0.9136 train_acc=0.6161 | val_loss=1101.7589 val_acc=0.4006 | 
02-24 11:15:42 [LP epoch 18] train_loss=0.9740 train_acc=0.6191 | val_loss=982.9953 val_acc=0.4507 | 
02-24 11:15:42 [LP epoch 19] train_loss=0.8497 train_acc=0.6646 | val_loss=1024.8250 val_acc=0.4552 | 
02-24 11:15:43 [LP epoch 20] train_loss=0.7237 train_acc=0.7375 | val_loss=979.7385 val_acc=0.4552 | 
02-24 11:15:43 [LP epoch 21] train_loss=0.5897 train_acc=0.7936 | val_loss=1062.5101 val_acc=0.4158 | 
02-24 11:15:44 [LP epoch 22] train_loss=0.5282 train_acc=0.8164 | val_loss=1117.5432 val_acc=0.4052 | 
02-24 11:15:44 [LP epoch 23] train_loss=0.5107 train_acc=0.8164 | val_loss=1192.5115 val_acc=0.3915 | 
02-24 11:15:45 [LP epoch 24] train_loss=0.4544 train_acc=0.8498 | val_loss=1093.6593 val_acc=0.4355 | 
02-24 11:15:46 [LP epoch 25] train_loss=0.4566 train_acc=0.8422 | val_loss=1247.5090 val_acc=0.4112 | 
02-24 11:15:46 [LP epoch 26] train_loss=0.4546 train_acc=0.8437 | val_loss=1365.2723 val_acc=0.4082 | 
02-24 11:15:47 [LP epoch 27] train_loss=0.5125 train_acc=0.8073 | val_loss=1295.6973 val_acc=0.4234 | 
02-24 11:15:47 [LP epoch 28] train_loss=0.5220 train_acc=0.8012 | val_loss=1376.5324 val_acc=0.4052 | 
02-24 11:15:48 [LP epoch 29] train_loss=0.5080 train_acc=0.8134 | val_loss=1272.2484 val_acc=0.4006 | 
02-24 11:15:49 [LP epoch 30] train_loss=0.4746 train_acc=0.8285 | val_loss=1329.3616 val_acc=0.4279 | 
02-24 11:15:49 [LP epoch 31] train_loss=0.4544 train_acc=0.8346 | val_loss=1320.0711 val_acc=0.4446 | 
02-24 11:15:50 [LP epoch 32] train_loss=0.3793 train_acc=0.8467 | val_loss=1173.8850 val_acc=0.4583 | 
02-24 11:15:50 [LP epoch 33] train_loss=0.3795 train_acc=0.8528 | val_loss=1276.2648 val_acc=0.4340 | 
02-24 11:15:51 [LP epoch 34] train_loss=0.3846 train_acc=0.8665 | val_loss=1156.1620 val_acc=0.4901 | 
02-24 11:15:51 [LP epoch 35] train_loss=0.3810 train_acc=0.8725 | val_loss=1229.7423 val_acc=0.4385 | 
02-24 11:15:52 [LP epoch 36] train_loss=0.3665 train_acc=0.8665 | val_loss=1192.7262 val_acc=0.4734 | 
02-24 11:15:52 [LP epoch 37] train_loss=0.3628 train_acc=0.8771 | val_loss=1313.8062 val_acc=0.4127 | 
02-24 11:15:53 [LP epoch 38] train_loss=0.4670 train_acc=0.8346 | val_loss=1471.1382 val_acc=0.4219 | 
02-24 11:15:53 [LP epoch 39] train_loss=0.4352 train_acc=0.8543 | val_loss=1430.7276 val_acc=0.4006 | 
02-24 11:15:54 [LP epoch 40] train_loss=0.3068 train_acc=0.8953 | val_loss=1285.7535 val_acc=0.4613 | 
02-24 11:15:55 [LP epoch 41] train_loss=0.2099 train_acc=0.9439 | val_loss=1304.5022 val_acc=0.4810 | 
02-24 11:15:55 [LP epoch 42] train_loss=0.1634 train_acc=0.9605 | val_loss=1232.1033 val_acc=0.4977 | 
02-24 11:15:56 [LP epoch 43] train_loss=0.1376 train_acc=0.9712 | val_loss=1301.7380 val_acc=0.4871 | 
02-24 11:15:56 [LP epoch 44] train_loss=0.1210 train_acc=0.9666 | val_loss=1407.4873 val_acc=0.4264 | 
02-24 11:15:57 [LP epoch 45] train_loss=0.1156 train_acc=0.9697 | val_loss=1472.3249 val_acc=0.4613 | 
02-24 11:15:57 [LP epoch 46] train_loss=0.0990 train_acc=0.9727 | val_loss=1409.0531 val_acc=0.4856 | 
02-24 11:15:58 [LP epoch 47] train_loss=0.0838 train_acc=0.9742 | val_loss=1528.0446 val_acc=0.4689 | 
02-24 11:15:59 [LP epoch 48] train_loss=0.1071 train_acc=0.9697 | val_loss=1507.4757 val_acc=0.4628 | 
02-24 11:15:59 [LP epoch 49] train_loss=0.1073 train_acc=0.9697 | val_loss=1447.3496 val_acc=0.4977 | 
02-24 11:15:59 Saved linear-probe checkpoint: ./checkpoint\SSF_JNU_0224-111355\linear_probe_best.pt (best_val_acc=0.4977)
02-24 11:15:59 TEST linear-probe: loss=2.0756 acc=0.5011
02-24 11:15:59 using 1 gpus
02-24 11:15:59 Dataset class: <class 'data_utils.datasets.JNU.JNU'>
02-24 11:16:01 Split sizes: train=6153 val=659 test=1319, classier=659
02-24 11:16:01 Label counts train: Counter({1: 1026, 5: 1026, 9: 1026, 10: 342, 7: 342, 2: 342, 11: 342, 3: 342, 0: 342, 6: 341, 8: 341, 4: 341})
02-24 11:16:01 Label counts val:   Counter({1: 110, 5: 110, 9: 110, 8: 37, 11: 37, 0: 37, 4: 37, 2: 37, 7: 36, 10: 36, 3: 36, 6: 36})
02-24 11:16:01 Label counts test:  Counter({1: 220, 9: 220, 5: 220, 8: 74, 6: 74, 3: 73, 0: 73, 2: 73, 11: 73, 10: 73, 4: 73, 7: 73})
02-24 11:16:01 Label counts classifier:  Counter({9: 110, 1: 110, 5: 110, 4: 37, 3: 37, 6: 37, 7: 37, 10: 37, 11: 36, 0: 36, 2: 36, 8: 36})
02-24 11:16:01 -----Epoch 0/19-----
02-24 11:16:06 current lr: 0.01
02-24 11:16:06 Saved best checkpoint to ./checkpoint\SSF_JNU_0224-111355\best_pt (val_loss=-0.6512)
02-24 11:16:06 Epoch 000 Train loss -0.3829 | Val loss -0.6512
02-24 11:16:06 -----Epoch 1/19-----
