03-04 10:04:02 model_name: SSF
03-04 10:04:02 data_name: PU
03-04 10:04:02 aug_1: randomcrop
03-04 10:04:02 aug_2: scale
03-04 10:04:02 max_epoch: 100
03-04 10:04:02 classifier_epoch: 50
03-04 10:04:02 data_view: TwoViewDataset
03-04 10:04:02 cuda_device: 0
03-04 10:04:02 checkpoint_dir: ./checkpoint
03-04 10:04:02 batch_size: 64
03-04 10:04:02 data_dir: raw_data/PU
03-04 10:04:02 out_channel: 4
03-04 10:04:02 normlizetype: minus_one_one
03-04 10:04:02 processing_type: RA
03-04 10:04:02 opt: sgd
03-04 10:04:02 lr: 0.05
03-04 10:04:02 momentum: 0.9
03-04 10:04:02 weight_decay: 1e-05
03-04 10:04:02 lr_scheduler: cos
03-04 10:04:02 gamma: 0.95
03-04 10:04:02 eta_min: 1e-05
03-04 10:04:02 latent_space: 128
03-04 10:04:02 num_blocks_ssf: 5
03-04 10:04:02 hidden_channel: 256
03-04 10:04:02 task: self_supervised
03-04 10:04:02 critetion: <class 'utils.loss_SSL.SimSiamLoss'>
03-04 10:04:02 using 1 gpus
03-04 10:04:02 Dataset class: <class 'data_utils.datasets.PU.PU'>
03-04 10:04:03 Split sizes: train=400 val=400 test=400, classier=40
03-04 10:04:03 Label counts train: Counter({0: 100, 1: 100, 2: 100, 3: 100})
03-04 10:04:03 Label counts val:   Counter({0: 100, 1: 100, 2: 100, 3: 100})
03-04 10:04:03 Label counts test:  Counter({0: 100, 1: 100, 2: 100, 3: 100})
03-04 10:04:03 Label counts classifier:  Counter({0: 10, 1: 10, 2: 10, 3: 10})
03-04 10:04:04 -----Epoch 0/99-----
03-04 10:04:05 current lr: 0.05
03-04 10:04:05 Saved best checkpoint to ./checkpoint\SSF_PU_0304-100402\best_pt (val_loss=-0.6633)
03-04 10:04:05 Epoch 000 Train loss -0.3844 | Val loss -0.6633
03-04 10:04:05 -----Epoch 1/99-----
03-04 10:04:05 current lr: 0.0499877
03-04 10:04:05 Saved best checkpoint to ./checkpoint\SSF_PU_0304-100402\best_pt (val_loss=-0.7784)
03-04 10:04:05 Epoch 001 Train loss -0.8816 | Val loss -0.7784
03-04 10:04:05 -----Epoch 2/99-----
03-04 10:04:06 current lr: 0.0499507
03-04 10:04:06 Saved best checkpoint to ./checkpoint\SSF_PU_0304-100402\best_pt (val_loss=-0.8913)
03-04 10:04:06 Epoch 002 Train loss -0.9141 | Val loss -0.8913
03-04 10:04:06 -----Epoch 3/99-----
03-04 10:04:06 current lr: 0.0498891
03-04 10:04:06 Saved best checkpoint to ./checkpoint\SSF_PU_0304-100402\best_pt (val_loss=-0.9307)
03-04 10:04:06 Epoch 003 Train loss -0.9315 | Val loss -0.9307
03-04 10:04:06 -----Epoch 4/99-----
03-04 10:04:06 current lr: 0.0498029
03-04 10:04:06 Saved best checkpoint to ./checkpoint\SSF_PU_0304-100402\best_pt (val_loss=-0.9462)
03-04 10:04:06 Epoch 004 Train loss -0.9461 | Val loss -0.9462
03-04 10:04:06 -----Epoch 5/99-----
03-04 10:04:07 current lr: 0.0496923
03-04 10:04:07 Saved best checkpoint to ./checkpoint\SSF_PU_0304-100402\best_pt (val_loss=-0.9557)
03-04 10:04:07 Epoch 005 Train loss -0.9571 | Val loss -0.9557
03-04 10:04:07 -----Epoch 6/99-----
03-04 10:04:07 current lr: 0.0495573
03-04 10:04:07 Saved best checkpoint to ./checkpoint\SSF_PU_0304-100402\best_pt (val_loss=-0.9617)
03-04 10:04:07 Epoch 006 Train loss -0.9637 | Val loss -0.9617
03-04 10:04:07 -----Epoch 7/99-----
03-04 10:04:07 current lr: 0.049398
03-04 10:04:07 Saved best checkpoint to ./checkpoint\SSF_PU_0304-100402\best_pt (val_loss=-0.9656)
03-04 10:04:07 Epoch 007 Train loss -0.9678 | Val loss -0.9656
03-04 10:04:07 -----Epoch 8/99-----
03-04 10:04:08 current lr: 0.0492147
03-04 10:04:08 Saved best checkpoint to ./checkpoint\SSF_PU_0304-100402\best_pt (val_loss=-0.9687)
03-04 10:04:08 Epoch 008 Train loss -0.9705 | Val loss -0.9687
03-04 10:04:08 -----Epoch 9/99-----
03-04 10:04:08 current lr: 0.0490075
03-04 10:04:08 Saved best checkpoint to ./checkpoint\SSF_PU_0304-100402\best_pt (val_loss=-0.9716)
03-04 10:04:08 Epoch 009 Train loss -0.9730 | Val loss -0.9716
03-04 10:04:08 -----Epoch 10/99-----
03-04 10:04:09 current lr: 0.0487767
03-04 10:04:09 Saved best checkpoint to ./checkpoint\SSF_PU_0304-100402\best_pt (val_loss=-0.9738)
03-04 10:04:09 Epoch 010 Train loss -0.9755 | Val loss -0.9738
03-04 10:04:09 -----Epoch 11/99-----
03-04 10:04:09 current lr: 0.0485223
03-04 10:04:09 Saved best checkpoint to ./checkpoint\SSF_PU_0304-100402\best_pt (val_loss=-0.9756)
03-04 10:04:09 Epoch 011 Train loss -0.9773 | Val loss -0.9756
03-04 10:04:09 -----Epoch 12/99-----
03-04 10:04:09 current lr: 0.0482448
03-04 10:04:09 Saved best checkpoint to ./checkpoint\SSF_PU_0304-100402\best_pt (val_loss=-0.9770)
03-04 10:04:09 Epoch 012 Train loss -0.9787 | Val loss -0.9770
03-04 10:04:09 -----Epoch 13/99-----
03-04 10:04:10 current lr: 0.0479443
03-04 10:04:10 Saved best checkpoint to ./checkpoint\SSF_PU_0304-100402\best_pt (val_loss=-0.9781)
03-04 10:04:10 Epoch 013 Train loss -0.9799 | Val loss -0.9781
03-04 10:04:10 -----Epoch 14/99-----
03-04 10:04:10 current lr: 0.0476212
03-04 10:04:10 Saved best checkpoint to ./checkpoint\SSF_PU_0304-100402\best_pt (val_loss=-0.9789)
03-04 10:04:10 Epoch 014 Train loss -0.9807 | Val loss -0.9789
03-04 10:04:10 -----Epoch 15/99-----
03-04 10:04:10 current lr: 0.0472757
03-04 10:04:10 Saved best checkpoint to ./checkpoint\SSF_PU_0304-100402\best_pt (val_loss=-0.9796)
03-04 10:04:10 Epoch 015 Train loss -0.9815 | Val loss -0.9796
03-04 10:04:10 -----Epoch 16/99-----
03-04 10:04:11 current lr: 0.0469083
03-04 10:04:11 Saved best checkpoint to ./checkpoint\SSF_PU_0304-100402\best_pt (val_loss=-0.9806)
03-04 10:04:11 Epoch 016 Train loss -0.9823 | Val loss -0.9806
03-04 10:04:11 -----Epoch 17/99-----
03-04 10:04:11 current lr: 0.0465192
03-04 10:04:11 Saved best checkpoint to ./checkpoint\SSF_PU_0304-100402\best_pt (val_loss=-0.9817)
03-04 10:04:11 Epoch 017 Train loss -0.9833 | Val loss -0.9817
03-04 10:04:11 -----Epoch 18/99-----
03-04 10:04:11 current lr: 0.046109
03-04 10:04:11 Saved best checkpoint to ./checkpoint\SSF_PU_0304-100402\best_pt (val_loss=-0.9829)
03-04 10:04:11 Epoch 018 Train loss -0.9844 | Val loss -0.9829
03-04 10:04:11 -----Epoch 19/99-----
03-04 10:04:12 current lr: 0.0456779
03-04 10:04:12 Saved best checkpoint to ./checkpoint\SSF_PU_0304-100402\best_pt (val_loss=-0.9839)
03-04 10:04:12 Epoch 019 Train loss -0.9853 | Val loss -0.9839
03-04 10:04:12 -----Epoch 20/99-----
03-04 10:04:12 current lr: 0.0452264
03-04 10:04:12 Saved best checkpoint to ./checkpoint\SSF_PU_0304-100402\best_pt (val_loss=-0.9846)
03-04 10:04:12 Epoch 020 Train loss -0.9859 | Val loss -0.9846
03-04 10:04:12 -----Epoch 21/99-----
03-04 10:04:13 current lr: 0.0447549
03-04 10:04:13 Saved best checkpoint to ./checkpoint\SSF_PU_0304-100402\best_pt (val_loss=-0.9852)
03-04 10:04:13 Epoch 021 Train loss -0.9864 | Val loss -0.9852
03-04 10:04:13 -----Epoch 22/99-----
03-04 10:04:13 current lr: 0.044264
03-04 10:04:13 Saved best checkpoint to ./checkpoint\SSF_PU_0304-100402\best_pt (val_loss=-0.9855)
03-04 10:04:13 Epoch 022 Train loss -0.9867 | Val loss -0.9855
03-04 10:04:13 -----Epoch 23/99-----
03-04 10:04:13 current lr: 0.043754
03-04 10:04:13 Saved best checkpoint to ./checkpoint\SSF_PU_0304-100402\best_pt (val_loss=-0.9858)
03-04 10:04:13 Epoch 023 Train loss -0.9870 | Val loss -0.9858
03-04 10:04:13 -----Epoch 24/99-----
03-04 10:04:14 current lr: 0.0432256
03-04 10:04:14 Saved best checkpoint to ./checkpoint\SSF_PU_0304-100402\best_pt (val_loss=-0.9860)
03-04 10:04:14 Epoch 024 Train loss -0.9872 | Val loss -0.9860
03-04 10:04:14 -----Epoch 25/99-----
03-04 10:04:14 current lr: 0.0426791
03-04 10:04:14 Saved best checkpoint to ./checkpoint\SSF_PU_0304-100402\best_pt (val_loss=-0.9861)
03-04 10:04:14 Epoch 025 Train loss -0.9874 | Val loss -0.9861
03-04 10:04:14 -----Epoch 26/99-----
03-04 10:04:14 current lr: 0.0421153
03-04 10:04:14 Saved best checkpoint to ./checkpoint\SSF_PU_0304-100402\best_pt (val_loss=-0.9863)
03-04 10:04:14 Epoch 026 Train loss -0.9876 | Val loss -0.9863
03-04 10:04:14 -----Epoch 27/99-----
03-04 10:04:15 current lr: 0.0415345
03-04 10:04:15 Saved best checkpoint to ./checkpoint\SSF_PU_0304-100402\best_pt (val_loss=-0.9866)
03-04 10:04:15 Epoch 027 Train loss -0.9879 | Val loss -0.9866
03-04 10:04:15 -----Epoch 28/99-----
03-04 10:04:15 current lr: 0.0409374
03-04 10:04:15 Saved best checkpoint to ./checkpoint\SSF_PU_0304-100402\best_pt (val_loss=-0.9870)
03-04 10:04:15 Epoch 028 Train loss -0.9882 | Val loss -0.9870
03-04 10:04:15 -----Epoch 29/99-----
03-04 10:04:15 current lr: 0.0403246
03-04 10:04:16 Saved best checkpoint to ./checkpoint\SSF_PU_0304-100402\best_pt (val_loss=-0.9873)
03-04 10:04:16 Epoch 029 Train loss -0.9886 | Val loss -0.9873
03-04 10:04:16 -----Epoch 30/99-----
03-04 10:04:16 current lr: 0.0396967
03-04 10:04:16 Saved best checkpoint to ./checkpoint\SSF_PU_0304-100402\best_pt (val_loss=-0.9875)
03-04 10:04:16 Epoch 030 Train loss -0.9889 | Val loss -0.9875
03-04 10:04:16 -----Epoch 31/99-----
03-04 10:04:16 current lr: 0.0390543
03-04 10:04:16 Saved best checkpoint to ./checkpoint\SSF_PU_0304-100402\best_pt (val_loss=-0.9878)
03-04 10:04:16 Epoch 031 Train loss -0.9891 | Val loss -0.9878
03-04 10:04:16 -----Epoch 32/99-----
03-04 10:04:17 current lr: 0.038398
03-04 10:04:17 Saved best checkpoint to ./checkpoint\SSF_PU_0304-100402\best_pt (val_loss=-0.9881)
03-04 10:04:17 Epoch 032 Train loss -0.9894 | Val loss -0.9881
03-04 10:04:17 -----Epoch 33/99-----
03-04 10:04:17 current lr: 0.0377285
03-04 10:04:17 Saved best checkpoint to ./checkpoint\SSF_PU_0304-100402\best_pt (val_loss=-0.9883)
03-04 10:04:17 Epoch 033 Train loss -0.9896 | Val loss -0.9883
03-04 10:04:17 -----Epoch 34/99-----
03-04 10:04:17 current lr: 0.0370464
03-04 10:04:17 Saved best checkpoint to ./checkpoint\SSF_PU_0304-100402\best_pt (val_loss=-0.9885)
03-04 10:04:17 Epoch 034 Train loss -0.9897 | Val loss -0.9885
03-04 10:04:17 -----Epoch 35/99-----
03-04 10:04:18 current lr: 0.0363525
03-04 10:04:18 Saved best checkpoint to ./checkpoint\SSF_PU_0304-100402\best_pt (val_loss=-0.9887)
03-04 10:04:18 Epoch 035 Train loss -0.9900 | Val loss -0.9887
03-04 10:04:18 -----Epoch 36/99-----
03-04 10:04:18 current lr: 0.0356474
03-04 10:04:18 Saved best checkpoint to ./checkpoint\SSF_PU_0304-100402\best_pt (val_loss=-0.9889)
03-04 10:04:18 Epoch 036 Train loss -0.9902 | Val loss -0.9889
03-04 10:04:18 -----Epoch 37/99-----
03-04 10:04:18 current lr: 0.0349317
03-04 10:04:18 Saved best checkpoint to ./checkpoint\SSF_PU_0304-100402\best_pt (val_loss=-0.9891)
03-04 10:04:18 Epoch 037 Train loss -0.9903 | Val loss -0.9891
03-04 10:04:18 -----Epoch 38/99-----
03-04 10:04:19 current lr: 0.0342063
03-04 10:04:19 Saved best checkpoint to ./checkpoint\SSF_PU_0304-100402\best_pt (val_loss=-0.9892)
03-04 10:04:19 Epoch 038 Train loss -0.9906 | Val loss -0.9892
03-04 10:04:19 -----Epoch 39/99-----
03-04 10:04:19 current lr: 0.0334718
03-04 10:04:19 Saved best checkpoint to ./checkpoint\SSF_PU_0304-100402\best_pt (val_loss=-0.9894)
03-04 10:04:19 Epoch 039 Train loss -0.9907 | Val loss -0.9894
03-04 10:04:19 -----Epoch 40/99-----
03-04 10:04:20 current lr: 0.0327289
03-04 10:04:20 Saved best checkpoint to ./checkpoint\SSF_PU_0304-100402\best_pt (val_loss=-0.9896)
03-04 10:04:20 Epoch 040 Train loss -0.9908 | Val loss -0.9896
03-04 10:04:20 -----Epoch 41/99-----
03-04 10:04:20 current lr: 0.0319784
03-04 10:04:20 Saved best checkpoint to ./checkpoint\SSF_PU_0304-100402\best_pt (val_loss=-0.9898)
03-04 10:04:20 Epoch 041 Train loss -0.9911 | Val loss -0.9898
03-04 10:04:20 -----Epoch 42/99-----
03-04 10:04:20 current lr: 0.031221
03-04 10:04:20 Saved best checkpoint to ./checkpoint\SSF_PU_0304-100402\best_pt (val_loss=-0.9900)
03-04 10:04:20 Epoch 042 Train loss -0.9912 | Val loss -0.9900
03-04 10:04:20 -----Epoch 43/99-----
03-04 10:04:21 current lr: 0.0304575
03-04 10:04:21 Saved best checkpoint to ./checkpoint\SSF_PU_0304-100402\best_pt (val_loss=-0.9902)
03-04 10:04:21 Epoch 043 Train loss -0.9914 | Val loss -0.9902
03-04 10:04:21 -----Epoch 44/99-----
03-04 10:04:21 current lr: 0.0296886
03-04 10:04:21 Saved best checkpoint to ./checkpoint\SSF_PU_0304-100402\best_pt (val_loss=-0.9903)
03-04 10:04:21 Epoch 044 Train loss -0.9915 | Val loss -0.9903
03-04 10:04:21 -----Epoch 45/99-----
03-04 10:04:21 current lr: 0.0289151
03-04 10:04:21 Saved best checkpoint to ./checkpoint\SSF_PU_0304-100402\best_pt (val_loss=-0.9904)
03-04 10:04:21 Epoch 045 Train loss -0.9916 | Val loss -0.9904
03-04 10:04:21 -----Epoch 46/99-----
03-04 10:04:22 current lr: 0.0281377
03-04 10:04:22 Saved best checkpoint to ./checkpoint\SSF_PU_0304-100402\best_pt (val_loss=-0.9905)
03-04 10:04:22 Epoch 046 Train loss -0.9917 | Val loss -0.9905
03-04 10:04:22 -----Epoch 47/99-----
03-04 10:04:22 current lr: 0.0273572
03-04 10:04:22 Saved best checkpoint to ./checkpoint\SSF_PU_0304-100402\best_pt (val_loss=-0.9906)
03-04 10:04:22 Epoch 047 Train loss -0.9918 | Val loss -0.9906
03-04 10:04:22 -----Epoch 48/99-----
03-04 10:04:22 current lr: 0.0265744
03-04 10:04:22 Saved best checkpoint to ./checkpoint\SSF_PU_0304-100402\best_pt (val_loss=-0.9907)
03-04 10:04:22 Epoch 048 Train loss -0.9919 | Val loss -0.9907
03-04 10:04:22 -----Epoch 49/99-----
03-04 10:04:23 current lr: 0.0257901
03-04 10:04:23 Saved best checkpoint to ./checkpoint\SSF_PU_0304-100402\best_pt (val_loss=-0.9908)
03-04 10:04:23 Epoch 049 Train loss -0.9920 | Val loss -0.9908
03-04 10:04:23 -----Epoch 50/99-----
03-04 10:04:23 current lr: 0.025005
03-04 10:04:23 Saved best checkpoint to ./checkpoint\SSF_PU_0304-100402\best_pt (val_loss=-0.9908)
03-04 10:04:23 Epoch 050 Train loss -0.9920 | Val loss -0.9908
03-04 10:04:23 -----Epoch 51/99-----
03-04 10:04:23 current lr: 0.0242199
03-04 10:04:23 Saved best checkpoint to ./checkpoint\SSF_PU_0304-100402\best_pt (val_loss=-0.9909)
03-04 10:04:23 Epoch 051 Train loss -0.9921 | Val loss -0.9909
03-04 10:04:23 -----Epoch 52/99-----
03-04 10:04:24 current lr: 0.0234356
03-04 10:04:24 Saved best checkpoint to ./checkpoint\SSF_PU_0304-100402\best_pt (val_loss=-0.9910)
03-04 10:04:24 Epoch 052 Train loss -0.9921 | Val loss -0.9910
03-04 10:04:24 -----Epoch 53/99-----
03-04 10:04:24 current lr: 0.0226528
03-04 10:04:24 Saved best checkpoint to ./checkpoint\SSF_PU_0304-100402\best_pt (val_loss=-0.9910)
03-04 10:04:24 Epoch 053 Train loss -0.9923 | Val loss -0.9910
03-04 10:04:24 -----Epoch 54/99-----
03-04 10:04:25 current lr: 0.0218723
03-04 10:04:25 Saved best checkpoint to ./checkpoint\SSF_PU_0304-100402\best_pt (val_loss=-0.9911)
03-04 10:04:25 Epoch 054 Train loss -0.9922 | Val loss -0.9911
03-04 10:04:25 -----Epoch 55/99-----
03-04 10:04:25 current lr: 0.0210949
03-04 10:04:25 Saved best checkpoint to ./checkpoint\SSF_PU_0304-100402\best_pt (val_loss=-0.9911)
03-04 10:04:25 Epoch 055 Train loss -0.9922 | Val loss -0.9911
03-04 10:04:25 -----Epoch 56/99-----
03-04 10:04:25 current lr: 0.0203214
03-04 10:04:25 Saved best checkpoint to ./checkpoint\SSF_PU_0304-100402\best_pt (val_loss=-0.9912)
03-04 10:04:25 Epoch 056 Train loss -0.9923 | Val loss -0.9912
03-04 10:04:25 -----Epoch 57/99-----
03-04 10:04:26 current lr: 0.0195525
03-04 10:04:26 Saved best checkpoint to ./checkpoint\SSF_PU_0304-100402\best_pt (val_loss=-0.9912)
03-04 10:04:26 Epoch 057 Train loss -0.9924 | Val loss -0.9912
03-04 10:04:26 -----Epoch 58/99-----
03-04 10:04:26 current lr: 0.018789
03-04 10:04:26 Saved best checkpoint to ./checkpoint\SSF_PU_0304-100402\best_pt (val_loss=-0.9912)
03-04 10:04:26 Epoch 058 Train loss -0.9924 | Val loss -0.9912
03-04 10:04:26 -----Epoch 59/99-----
03-04 10:04:26 current lr: 0.0180316
03-04 10:04:26 Saved best checkpoint to ./checkpoint\SSF_PU_0304-100402\best_pt (val_loss=-0.9913)
03-04 10:04:26 Epoch 059 Train loss -0.9925 | Val loss -0.9913
03-04 10:04:26 -----Epoch 60/99-----
03-04 10:04:27 current lr: 0.0172811
03-04 10:04:27 Saved best checkpoint to ./checkpoint\SSF_PU_0304-100402\best_pt (val_loss=-0.9913)
03-04 10:04:27 Epoch 060 Train loss -0.9925 | Val loss -0.9913
03-04 10:04:27 -----Epoch 61/99-----
03-04 10:04:27 current lr: 0.0165382
03-04 10:04:27 Saved best checkpoint to ./checkpoint\SSF_PU_0304-100402\best_pt (val_loss=-0.9913)
03-04 10:04:27 Epoch 061 Train loss -0.9926 | Val loss -0.9913
03-04 10:04:27 -----Epoch 62/99-----
03-04 10:04:27 current lr: 0.0158037
03-04 10:04:27 Saved best checkpoint to ./checkpoint\SSF_PU_0304-100402\best_pt (val_loss=-0.9914)
03-04 10:04:27 Epoch 062 Train loss -0.9926 | Val loss -0.9914
03-04 10:04:27 -----Epoch 63/99-----
03-04 10:04:28 current lr: 0.0150783
03-04 10:04:28 Saved best checkpoint to ./checkpoint\SSF_PU_0304-100402\best_pt (val_loss=-0.9914)
03-04 10:04:28 Epoch 063 Train loss -0.9926 | Val loss -0.9914
03-04 10:04:28 -----Epoch 64/99-----
03-04 10:04:28 current lr: 0.0143626
03-04 10:04:28 Saved best checkpoint to ./checkpoint\SSF_PU_0304-100402\best_pt (val_loss=-0.9914)
03-04 10:04:28 Epoch 064 Train loss -0.9927 | Val loss -0.9914
03-04 10:04:28 -----Epoch 65/99-----
03-04 10:04:29 current lr: 0.0136575
03-04 10:04:29 Saved best checkpoint to ./checkpoint\SSF_PU_0304-100402\best_pt (val_loss=-0.9915)
03-04 10:04:29 Epoch 065 Train loss -0.9927 | Val loss -0.9915
03-04 10:04:29 -----Epoch 66/99-----
03-04 10:04:29 current lr: 0.0129636
03-04 10:04:29 Saved best checkpoint to ./checkpoint\SSF_PU_0304-100402\best_pt (val_loss=-0.9915)
03-04 10:04:29 Epoch 066 Train loss -0.9927 | Val loss -0.9915
03-04 10:04:29 -----Epoch 67/99-----
03-04 10:04:29 current lr: 0.0122815
03-04 10:04:29 Saved best checkpoint to ./checkpoint\SSF_PU_0304-100402\best_pt (val_loss=-0.9915)
03-04 10:04:29 Epoch 067 Train loss -0.9927 | Val loss -0.9915
03-04 10:04:29 -----Epoch 68/99-----
03-04 10:04:30 current lr: 0.011612
03-04 10:04:30 Saved best checkpoint to ./checkpoint\SSF_PU_0304-100402\best_pt (val_loss=-0.9915)
03-04 10:04:30 Epoch 068 Train loss -0.9928 | Val loss -0.9915
03-04 10:04:30 -----Epoch 69/99-----
03-04 10:04:30 current lr: 0.0109557
03-04 10:04:30 Saved best checkpoint to ./checkpoint\SSF_PU_0304-100402\best_pt (val_loss=-0.9916)
03-04 10:04:30 Epoch 069 Train loss -0.9928 | Val loss -0.9916
03-04 10:04:30 -----Epoch 70/99-----
03-04 10:04:30 current lr: 0.0103133
03-04 10:04:30 Saved best checkpoint to ./checkpoint\SSF_PU_0304-100402\best_pt (val_loss=-0.9916)
03-04 10:04:30 Epoch 070 Train loss -0.9928 | Val loss -0.9916
03-04 10:04:30 -----Epoch 71/99-----
03-04 10:04:31 current lr: 0.00968539
03-04 10:04:31 Saved best checkpoint to ./checkpoint\SSF_PU_0304-100402\best_pt (val_loss=-0.9916)
03-04 10:04:31 Epoch 071 Train loss -0.9928 | Val loss -0.9916
03-04 10:04:31 -----Epoch 72/99-----
03-04 10:04:31 current lr: 0.00907259
03-04 10:04:31 Saved best checkpoint to ./checkpoint\SSF_PU_0304-100402\best_pt (val_loss=-0.9916)
03-04 10:04:31 Epoch 072 Train loss -0.9929 | Val loss -0.9916
03-04 10:04:31 -----Epoch 73/99-----
03-04 10:04:31 current lr: 0.00847551
03-04 10:04:31 Saved best checkpoint to ./checkpoint\SSF_PU_0304-100402\best_pt (val_loss=-0.9916)
03-04 10:04:31 Epoch 073 Train loss -0.9929 | Val loss -0.9916
03-04 10:04:31 -----Epoch 74/99-----
03-04 10:04:32 current lr: 0.00789475
03-04 10:04:32 Saved best checkpoint to ./checkpoint\SSF_PU_0304-100402\best_pt (val_loss=-0.9916)
03-04 10:04:32 Epoch 074 Train loss -0.9929 | Val loss -0.9916
03-04 10:04:32 -----Epoch 75/99-----
03-04 10:04:32 current lr: 0.00733087
03-04 10:04:32 Saved best checkpoint to ./checkpoint\SSF_PU_0304-100402\best_pt (val_loss=-0.9917)
03-04 10:04:32 Epoch 075 Train loss -0.9929 | Val loss -0.9917
03-04 10:04:32 -----Epoch 76/99-----
03-04 10:04:32 current lr: 0.00678443
03-04 10:04:33 Saved best checkpoint to ./checkpoint\SSF_PU_0304-100402\best_pt (val_loss=-0.9917)
03-04 10:04:33 Epoch 076 Train loss -0.9929 | Val loss -0.9917
03-04 10:04:33 -----Epoch 77/99-----
03-04 10:04:33 current lr: 0.00625597
03-04 10:04:33 Saved best checkpoint to ./checkpoint\SSF_PU_0304-100402\best_pt (val_loss=-0.9917)
03-04 10:04:33 Epoch 077 Train loss -0.9929 | Val loss -0.9917
03-04 10:04:33 -----Epoch 78/99-----
03-04 10:04:33 current lr: 0.00574602
03-04 10:04:33 Saved best checkpoint to ./checkpoint\SSF_PU_0304-100402\best_pt (val_loss=-0.9917)
03-04 10:04:33 Epoch 078 Train loss -0.9929 | Val loss -0.9917
03-04 10:04:33 -----Epoch 79/99-----
03-04 10:04:34 current lr: 0.00525508
03-04 10:04:34 Saved best checkpoint to ./checkpoint\SSF_PU_0304-100402\best_pt (val_loss=-0.9917)
03-04 10:04:34 Epoch 079 Train loss -0.9929 | Val loss -0.9917
03-04 10:04:34 -----Epoch 80/99-----
03-04 10:04:34 current lr: 0.00478362
03-04 10:04:34 Saved best checkpoint to ./checkpoint\SSF_PU_0304-100402\best_pt (val_loss=-0.9917)
03-04 10:04:34 Epoch 080 Train loss -0.9930 | Val loss -0.9917
03-04 10:04:34 -----Epoch 81/99-----
03-04 10:04:34 current lr: 0.00433212
03-04 10:04:34 Saved best checkpoint to ./checkpoint\SSF_PU_0304-100402\best_pt (val_loss=-0.9917)
03-04 10:04:34 Epoch 081 Train loss -0.9929 | Val loss -0.9917
03-04 10:04:34 -----Epoch 82/99-----
03-04 10:04:35 current lr: 0.00390102
03-04 10:04:35 Saved best checkpoint to ./checkpoint\SSF_PU_0304-100402\best_pt (val_loss=-0.9917)
03-04 10:04:35 Epoch 082 Train loss -0.9930 | Val loss -0.9917
03-04 10:04:35 -----Epoch 83/99-----
03-04 10:04:35 current lr: 0.00349075
03-04 10:04:35 Saved best checkpoint to ./checkpoint\SSF_PU_0304-100402\best_pt (val_loss=-0.9917)
03-04 10:04:35 Epoch 083 Train loss -0.9930 | Val loss -0.9917
03-04 10:04:35 -----Epoch 84/99-----
03-04 10:04:35 current lr: 0.00310171
03-04 10:04:35 Saved best checkpoint to ./checkpoint\SSF_PU_0304-100402\best_pt (val_loss=-0.9917)
03-04 10:04:35 Epoch 084 Train loss -0.9929 | Val loss -0.9917
03-04 10:04:35 -----Epoch 85/99-----
03-04 10:04:36 current lr: 0.00273429
03-04 10:04:36 No improvement in val_loss for 1/5 epochs.
03-04 10:04:36 Epoch 085 Train loss -0.9930 | Val loss -0.9917
03-04 10:04:36 -----Epoch 86/99-----
03-04 10:04:36 current lr: 0.00238885
03-04 10:04:36 Saved best checkpoint to ./checkpoint\SSF_PU_0304-100402\best_pt (val_loss=-0.9917)
03-04 10:04:36 Epoch 086 Train loss -0.9930 | Val loss -0.9917
03-04 10:04:36 -----Epoch 87/99-----
03-04 10:04:36 current lr: 0.00206572
03-04 10:04:36 Saved best checkpoint to ./checkpoint\SSF_PU_0304-100402\best_pt (val_loss=-0.9917)
03-04 10:04:36 Epoch 087 Train loss -0.9930 | Val loss -0.9917
03-04 10:04:36 -----Epoch 88/99-----
03-04 10:04:37 current lr: 0.00176524
03-04 10:04:37 Saved best checkpoint to ./checkpoint\SSF_PU_0304-100402\best_pt (val_loss=-0.9917)
03-04 10:04:37 Epoch 088 Train loss -0.9930 | Val loss -0.9917
03-04 10:04:37 -----Epoch 89/99-----
03-04 10:04:37 current lr: 0.00148769
03-04 10:04:37 Saved best checkpoint to ./checkpoint\SSF_PU_0304-100402\best_pt (val_loss=-0.9918)
03-04 10:04:37 Epoch 089 Train loss -0.9929 | Val loss -0.9918
03-04 10:04:37 -----Epoch 90/99-----
03-04 10:04:38 current lr: 0.00123334
03-04 10:04:38 Saved best checkpoint to ./checkpoint\SSF_PU_0304-100402\best_pt (val_loss=-0.9918)
03-04 10:04:38 Epoch 090 Train loss -0.9930 | Val loss -0.9918
03-04 10:04:38 -----Epoch 91/99-----
03-04 10:04:38 current lr: 0.00100246
03-04 10:04:38 Saved best checkpoint to ./checkpoint\SSF_PU_0304-100402\best_pt (val_loss=-0.9918)
03-04 10:04:38 Epoch 091 Train loss -0.9930 | Val loss -0.9918
03-04 10:04:38 -----Epoch 92/99-----
03-04 10:04:38 current lr: 0.000795264
03-04 10:04:38 No improvement in val_loss for 1/5 epochs.
03-04 10:04:38 Epoch 092 Train loss -0.9930 | Val loss -0.9918
03-04 10:04:38 -----Epoch 93/99-----
03-04 10:04:39 current lr: 0.000611961
03-04 10:04:39 Saved best checkpoint to ./checkpoint\SSF_PU_0304-100402\best_pt (val_loss=-0.9918)
03-04 10:04:39 Epoch 093 Train loss -0.9930 | Val loss -0.9918
03-04 10:04:39 -----Epoch 94/99-----
03-04 10:04:39 current lr: 0.00045273
03-04 10:04:39 No improvement in val_loss for 1/5 epochs.
03-04 10:04:39 Epoch 094 Train loss -0.9930 | Val loss -0.9918
03-04 10:04:39 -----Epoch 95/99-----
03-04 10:04:39 current lr: 0.00031773
03-04 10:04:39 Saved best checkpoint to ./checkpoint\SSF_PU_0304-100402\best_pt (val_loss=-0.9918)
03-04 10:04:39 Epoch 095 Train loss -0.9930 | Val loss -0.9918
03-04 10:04:39 -----Epoch 96/99-----
03-04 10:04:40 current lr: 0.000207093
03-04 10:04:40 No improvement in val_loss for 1/5 epochs.
03-04 10:04:40 Epoch 096 Train loss -0.9930 | Val loss -0.9918
03-04 10:04:40 -----Epoch 97/99-----
03-04 10:04:40 current lr: 0.000120929
03-04 10:04:40 No improvement in val_loss for 2/5 epochs.
03-04 10:04:40 Epoch 097 Train loss -0.9930 | Val loss -0.9918
03-04 10:04:40 -----Epoch 98/99-----
03-04 10:04:40 current lr: 5.93219e-05
03-04 10:04:40 No improvement in val_loss for 3/5 epochs.
03-04 10:04:40 Epoch 098 Train loss -0.9930 | Val loss -0.9918
03-04 10:04:40 -----Epoch 99/99-----
03-04 10:04:41 current lr: 2.23335e-05
03-04 10:04:41 Saved best checkpoint to ./checkpoint\SSF_PU_0304-100402\best_pt (val_loss=-0.9918)
03-04 10:04:41 Epoch 099 Train loss -0.9930 | Val loss -0.9918
03-04 10:04:41 TEST (last): loss -0.9917
03-04 10:04:41 [LP epoch 00] train_loss=1.3950 train_acc=0.2500 | val_loss=1.3811 val_acc=0.2675 | 
03-04 10:04:41 [LP epoch 01] train_loss=1.3358 train_acc=0.3000 | val_loss=1.3803 val_acc=0.2700 | 
03-04 10:04:41 [LP epoch 02] train_loss=1.2883 train_acc=0.3500 | val_loss=1.3800 val_acc=0.3025 | 
03-04 10:04:41 [LP epoch 03] train_loss=1.2457 train_acc=0.4000 | val_loss=1.3797 val_acc=0.2975 | 
03-04 10:04:41 [LP epoch 04] train_loss=1.2076 train_acc=0.4500 | val_loss=1.3791 val_acc=0.3200 | 
03-04 10:04:42 [LP epoch 05] train_loss=1.1730 train_acc=0.5500 | val_loss=1.3776 val_acc=0.3200 | 
03-04 10:04:42 [LP epoch 06] train_loss=1.1431 train_acc=0.5750 | val_loss=1.3753 val_acc=0.3300 | 
03-04 10:04:42 [LP epoch 07] train_loss=1.1158 train_acc=0.6000 | val_loss=1.3725 val_acc=0.3300 | 
03-04 10:04:42 [LP epoch 08] train_loss=1.0899 train_acc=0.6500 | val_loss=1.3687 val_acc=0.3375 | 
03-04 10:04:42 [LP epoch 09] train_loss=1.0653 train_acc=0.6500 | val_loss=1.3641 val_acc=0.3375 | 
03-04 10:04:42 [LP epoch 10] train_loss=1.0424 train_acc=0.7000 | val_loss=1.3588 val_acc=0.3650 | 
03-04 10:04:42 [LP epoch 11] train_loss=1.0204 train_acc=0.7000 | val_loss=1.3529 val_acc=0.3875 | 
03-04 10:04:42 [LP epoch 12] train_loss=1.0011 train_acc=0.7000 | val_loss=1.3467 val_acc=0.3950 | 
03-04 10:04:42 [LP epoch 13] train_loss=0.9844 train_acc=0.7250 | val_loss=1.3404 val_acc=0.4025 | 
03-04 10:04:43 [LP epoch 14] train_loss=0.9669 train_acc=0.7250 | val_loss=1.3338 val_acc=0.4075 | 
03-04 10:04:43 [LP epoch 15] train_loss=0.9467 train_acc=0.7250 | val_loss=1.3272 val_acc=0.4250 | 
03-04 10:04:43 [LP epoch 16] train_loss=0.9270 train_acc=0.7500 | val_loss=1.3205 val_acc=0.4375 | 
03-04 10:04:43 [LP epoch 17] train_loss=0.9097 train_acc=0.7500 | val_loss=1.3135 val_acc=0.4425 | 
03-04 10:04:43 [LP epoch 18] train_loss=0.8928 train_acc=0.7500 | val_loss=1.3061 val_acc=0.4500 | 
03-04 10:04:43 [LP epoch 19] train_loss=0.8759 train_acc=0.7750 | val_loss=1.2981 val_acc=0.4550 | 
03-04 10:04:43 [LP epoch 20] train_loss=0.8592 train_acc=0.7750 | val_loss=1.2893 val_acc=0.4650 | 
03-04 10:04:44 [LP epoch 21] train_loss=0.8425 train_acc=0.7750 | val_loss=1.2799 val_acc=0.4600 | 
03-04 10:04:44 [LP epoch 22] train_loss=0.8259 train_acc=0.8000 | val_loss=1.2702 val_acc=0.4650 | 
03-04 10:04:44 [LP epoch 23] train_loss=0.8104 train_acc=0.8000 | val_loss=1.2600 val_acc=0.4675 | 
03-04 10:04:44 [LP epoch 24] train_loss=0.7949 train_acc=0.8000 | val_loss=1.2492 val_acc=0.4700 | 
03-04 10:04:44 [LP epoch 25] train_loss=0.7813 train_acc=0.8000 | val_loss=1.2383 val_acc=0.4700 | 
03-04 10:04:44 [LP epoch 26] train_loss=0.7697 train_acc=0.8500 | val_loss=1.2284 val_acc=0.4775 | 
03-04 10:04:44 [LP epoch 27] train_loss=0.7563 train_acc=0.8500 | val_loss=1.2196 val_acc=0.4700 | 
03-04 10:04:44 [LP epoch 28] train_loss=0.7424 train_acc=0.8500 | val_loss=1.2111 val_acc=0.4725 | 
03-04 10:04:44 [LP epoch 29] train_loss=0.7285 train_acc=0.8500 | val_loss=1.2031 val_acc=0.4775 | 
03-04 10:04:45 [LP epoch 30] train_loss=0.7152 train_acc=0.8750 | val_loss=1.1953 val_acc=0.4825 | 
03-04 10:04:45 [LP epoch 31] train_loss=0.7027 train_acc=0.8750 | val_loss=1.1871 val_acc=0.4875 | 
03-04 10:04:45 [LP epoch 32] train_loss=0.6895 train_acc=0.8750 | val_loss=1.1798 val_acc=0.5000 | 
03-04 10:04:45 [LP epoch 33] train_loss=0.6760 train_acc=0.9000 | val_loss=1.1735 val_acc=0.4900 | 
03-04 10:04:45 [LP epoch 34] train_loss=0.6636 train_acc=0.9000 | val_loss=1.1676 val_acc=0.4975 | 
03-04 10:04:45 [LP epoch 35] train_loss=0.6511 train_acc=0.9000 | val_loss=1.1625 val_acc=0.5050 | 
03-04 10:04:45 [LP epoch 36] train_loss=0.6379 train_acc=0.9000 | val_loss=1.1577 val_acc=0.5025 | 
03-04 10:04:45 [LP epoch 37] train_loss=0.6255 train_acc=0.9000 | val_loss=1.1528 val_acc=0.5100 | 
03-04 10:04:45 [LP epoch 38] train_loss=0.6129 train_acc=0.9000 | val_loss=1.1474 val_acc=0.5225 | 
03-04 10:04:46 [LP epoch 39] train_loss=0.6006 train_acc=0.9000 | val_loss=1.1416 val_acc=0.5200 | 
03-04 10:04:46 [LP epoch 40] train_loss=0.5876 train_acc=0.9000 | val_loss=1.1358 val_acc=0.5275 | 
03-04 10:04:46 [LP epoch 41] train_loss=0.5733 train_acc=0.9250 | val_loss=1.1304 val_acc=0.5275 | 
03-04 10:04:46 [LP epoch 42] train_loss=0.5604 train_acc=0.9250 | val_loss=1.1255 val_acc=0.5225 | 
03-04 10:04:46 [LP epoch 43] train_loss=0.5477 train_acc=0.9250 | val_loss=1.1219 val_acc=0.5225 | 
03-04 10:04:46 [LP epoch 44] train_loss=0.5357 train_acc=0.9250 | val_loss=1.1193 val_acc=0.5225 | 
03-04 10:04:46 [LP epoch 45] train_loss=0.5229 train_acc=0.9500 | val_loss=1.1173 val_acc=0.5200 | 
03-04 10:04:46 [LP epoch 46] train_loss=0.5107 train_acc=0.9500 | val_loss=1.1139 val_acc=0.5225 | 
03-04 10:04:47 [LP epoch 47] train_loss=0.4989 train_acc=0.9500 | val_loss=1.1092 val_acc=0.5300 | 
03-04 10:04:47 [LP epoch 48] train_loss=0.4860 train_acc=0.9500 | val_loss=1.1060 val_acc=0.5300 | 
03-04 10:04:47 [LP epoch 49] train_loss=0.4737 train_acc=0.9750 | val_loss=1.1039 val_acc=0.5300 | 
03-04 10:04:47 Saved linear-probe checkpoint: ./checkpoint\SSF_PU_0304-100402\linear_probe_best.pt (best_val_acc=0.5300)
03-04 10:04:47 TEST linear-probe: loss=1.2106 acc=0.4800
03-04 10:04:47 model_name: SSF
03-04 10:04:47 data_name: PU
03-04 10:04:47 aug_1: randomcrop
03-04 10:04:47 aug_2: scale
03-04 10:04:47 max_epoch: 100
03-04 10:04:47 classifier_epoch: 50
03-04 10:04:47 data_view: TwoViewDataset
03-04 10:04:47 cuda_device: 0
03-04 10:04:47 checkpoint_dir: ./checkpoint
03-04 10:04:47 batch_size: 64
03-04 10:04:47 data_dir: raw_data/PU
03-04 10:04:47 out_channel: 4
03-04 10:04:47 normlizetype: minus_one_one
03-04 10:04:47 processing_type: RA
03-04 10:04:47 opt: sgd
03-04 10:04:47 lr: 0.05
03-04 10:04:47 momentum: 0.9
03-04 10:04:47 weight_decay: 1e-05
03-04 10:04:47 lr_scheduler: cos
03-04 10:04:47 gamma: 0.95
03-04 10:04:47 eta_min: 1e-05
03-04 10:04:47 latent_space: 128
03-04 10:04:47 num_blocks_ssf: 5
03-04 10:04:47 hidden_channel: 256
03-04 10:04:47 task: self_supervised
03-04 10:04:47 critetion: <class 'utils.loss_SSL.SimSiamLoss'>
03-04 10:04:47 using 1 gpus
03-04 10:04:47 Dataset class: <class 'data_utils.datasets.PU.PU'>
03-04 10:04:48 Split sizes: train=400 val=400 test=400, classier=40
03-04 10:04:48 Label counts train: Counter({0: 100, 1: 100, 2: 100, 3: 100})
03-04 10:04:48 Label counts val:   Counter({0: 100, 1: 100, 2: 100, 3: 100})
03-04 10:04:48 Label counts test:  Counter({0: 100, 1: 100, 2: 100, 3: 100})
03-04 10:04:48 Label counts classifier:  Counter({0: 10, 1: 10, 2: 10, 3: 10})
03-04 10:04:48 -----Epoch 0/99-----
03-04 10:04:48 current lr: 0.05
03-04 10:04:48 Saved best checkpoint to ./checkpoint\SSF_PU_0304-100402\best_pt (val_loss=-0.6827)
03-04 10:04:48 Epoch 000 Train loss -0.4730 | Val loss -0.6827
03-04 10:04:48 -----Epoch 1/99-----
03-04 10:04:49 current lr: 0.0499877
03-04 10:04:49 Saved best checkpoint to ./checkpoint\SSF_PU_0304-100402\best_pt (val_loss=-0.8203)
03-04 10:04:49 Epoch 001 Train loss -0.8900 | Val loss -0.8203
03-04 10:04:49 -----Epoch 2/99-----
03-04 10:04:49 current lr: 0.0499507
03-04 10:04:49 Saved best checkpoint to ./checkpoint\SSF_PU_0304-100402\best_pt (val_loss=-0.9040)
03-04 10:04:49 Epoch 002 Train loss -0.9179 | Val loss -0.9040
03-04 10:04:49 -----Epoch 3/99-----
03-04 10:04:49 current lr: 0.0498891
03-04 10:04:49 Saved best checkpoint to ./checkpoint\SSF_PU_0304-100402\best_pt (val_loss=-0.9354)
03-04 10:04:49 Epoch 003 Train loss -0.9341 | Val loss -0.9354
03-04 10:04:49 -----Epoch 4/99-----
03-04 10:04:50 current lr: 0.0498029
03-04 10:04:50 Saved best checkpoint to ./checkpoint\SSF_PU_0304-100402\best_pt (val_loss=-0.9518)
03-04 10:04:50 Epoch 004 Train loss -0.9503 | Val loss -0.9518
03-04 10:04:50 -----Epoch 5/99-----
03-04 10:04:50 current lr: 0.0496923
03-04 10:04:50 Saved best checkpoint to ./checkpoint\SSF_PU_0304-100402\best_pt (val_loss=-0.9607)
03-04 10:04:50 Epoch 005 Train loss -0.9613 | Val loss -0.9607
03-04 10:04:50 -----Epoch 6/99-----
03-04 10:04:50 current lr: 0.0495573
03-04 10:04:50 Saved best checkpoint to ./checkpoint\SSF_PU_0304-100402\best_pt (val_loss=-0.9653)
03-04 10:04:50 Epoch 006 Train loss -0.9674 | Val loss -0.9653
03-04 10:04:50 -----Epoch 7/99-----
03-04 10:04:51 current lr: 0.049398
03-04 10:04:51 Saved best checkpoint to ./checkpoint\SSF_PU_0304-100402\best_pt (val_loss=-0.9686)
03-04 10:04:51 Epoch 007 Train loss -0.9708 | Val loss -0.9686
03-04 10:04:51 -----Epoch 8/99-----
03-04 10:04:51 current lr: 0.0492147
03-04 10:04:51 Saved best checkpoint to ./checkpoint\SSF_PU_0304-100402\best_pt (val_loss=-0.9717)
03-04 10:04:51 Epoch 008 Train loss -0.9733 | Val loss -0.9717
03-04 10:04:51 -----Epoch 9/99-----
03-04 10:04:51 current lr: 0.0490075
03-04 10:04:51 Saved best checkpoint to ./checkpoint\SSF_PU_0304-100402\best_pt (val_loss=-0.9745)
03-04 10:04:51 Epoch 009 Train loss -0.9758 | Val loss -0.9745
03-04 10:04:51 -----Epoch 10/99-----
03-04 10:04:52 current lr: 0.0487767
03-04 10:04:52 Saved best checkpoint to ./checkpoint\SSF_PU_0304-100402\best_pt (val_loss=-0.9770)
03-04 10:04:52 Epoch 010 Train loss -0.9781 | Val loss -0.9770
03-04 10:04:52 -----Epoch 11/99-----
03-04 10:04:52 current lr: 0.0485223
03-04 10:04:52 Saved best checkpoint to ./checkpoint\SSF_PU_0304-100402\best_pt (val_loss=-0.9790)
03-04 10:04:52 Epoch 011 Train loss -0.9802 | Val loss -0.9790
03-04 10:04:52 -----Epoch 12/99-----
03-04 10:04:52 current lr: 0.0482448
03-04 10:04:52 Saved best checkpoint to ./checkpoint\SSF_PU_0304-100402\best_pt (val_loss=-0.9802)
03-04 10:04:52 Epoch 012 Train loss -0.9817 | Val loss -0.9802
03-04 10:04:52 -----Epoch 13/99-----
03-04 10:04:53 current lr: 0.0479443
03-04 10:04:53 Saved best checkpoint to ./checkpoint\SSF_PU_0304-100402\best_pt (val_loss=-0.9811)
03-04 10:04:53 Epoch 013 Train loss -0.9826 | Val loss -0.9811
03-04 10:04:53 -----Epoch 14/99-----
03-04 10:04:53 current lr: 0.0476212
03-04 10:04:53 Saved best checkpoint to ./checkpoint\SSF_PU_0304-100402\best_pt (val_loss=-0.9817)
03-04 10:04:53 Epoch 014 Train loss -0.9833 | Val loss -0.9817
03-04 10:04:53 -----Epoch 15/99-----
03-04 10:04:54 current lr: 0.0472757
03-04 10:04:54 Saved best checkpoint to ./checkpoint\SSF_PU_0304-100402\best_pt (val_loss=-0.9824)
03-04 10:04:54 Epoch 015 Train loss -0.9837 | Val loss -0.9824
03-04 10:04:54 -----Epoch 16/99-----
03-04 10:04:54 current lr: 0.0469083
03-04 10:04:54 Saved best checkpoint to ./checkpoint\SSF_PU_0304-100402\best_pt (val_loss=-0.9831)
03-04 10:04:54 Epoch 016 Train loss -0.9842 | Val loss -0.9831
03-04 10:04:54 -----Epoch 17/99-----
03-04 10:04:54 current lr: 0.0465192
03-04 10:04:54 Saved best checkpoint to ./checkpoint\SSF_PU_0304-100402\best_pt (val_loss=-0.9838)
03-04 10:04:54 Epoch 017 Train loss -0.9848 | Val loss -0.9838
03-04 10:04:54 -----Epoch 18/99-----
03-04 10:04:55 current lr: 0.046109
03-04 10:04:55 Saved best checkpoint to ./checkpoint\SSF_PU_0304-100402\best_pt (val_loss=-0.9844)
03-04 10:04:55 Epoch 018 Train loss -0.9853 | Val loss -0.9844
03-04 10:04:55 -----Epoch 19/99-----
03-04 10:04:55 current lr: 0.0456779
03-04 10:04:55 Saved best checkpoint to ./checkpoint\SSF_PU_0304-100402\best_pt (val_loss=-0.9850)
03-04 10:04:55 Epoch 019 Train loss -0.9859 | Val loss -0.9850
03-04 10:04:55 -----Epoch 20/99-----
03-04 10:04:55 current lr: 0.0452264
03-04 10:04:55 Saved best checkpoint to ./checkpoint\SSF_PU_0304-100402\best_pt (val_loss=-0.9855)
03-04 10:04:55 Epoch 020 Train loss -0.9864 | Val loss -0.9855
03-04 10:04:55 -----Epoch 21/99-----
03-04 10:04:56 current lr: 0.0447549
03-04 10:04:56 Saved best checkpoint to ./checkpoint\SSF_PU_0304-100402\best_pt (val_loss=-0.9861)
03-04 10:04:56 Epoch 021 Train loss -0.9871 | Val loss -0.9861
03-04 10:04:56 -----Epoch 22/99-----
03-04 10:04:56 current lr: 0.044264
03-04 10:04:56 Saved best checkpoint to ./checkpoint\SSF_PU_0304-100402\best_pt (val_loss=-0.9866)
03-04 10:04:56 Epoch 022 Train loss -0.9875 | Val loss -0.9866
03-04 10:04:56 -----Epoch 23/99-----
03-04 10:04:56 current lr: 0.043754
03-04 10:04:56 Saved best checkpoint to ./checkpoint\SSF_PU_0304-100402\best_pt (val_loss=-0.9869)
03-04 10:04:56 Epoch 023 Train loss -0.9880 | Val loss -0.9869
03-04 10:04:56 -----Epoch 24/99-----
03-04 10:04:57 current lr: 0.0432256
03-04 10:04:57 Saved best checkpoint to ./checkpoint\SSF_PU_0304-100402\best_pt (val_loss=-0.9870)
03-04 10:04:57 Epoch 024 Train loss -0.9881 | Val loss -0.9870
03-04 10:04:57 -----Epoch 25/99-----
03-04 10:04:57 current lr: 0.0426791
03-04 10:04:57 Saved best checkpoint to ./checkpoint\SSF_PU_0304-100402\best_pt (val_loss=-0.9872)
03-04 10:04:57 Epoch 025 Train loss -0.9884 | Val loss -0.9872
03-04 10:04:57 -----Epoch 26/99-----
03-04 10:04:57 current lr: 0.0421153
03-04 10:04:57 Saved best checkpoint to ./checkpoint\SSF_PU_0304-100402\best_pt (val_loss=-0.9875)
03-04 10:04:57 Epoch 026 Train loss -0.9886 | Val loss -0.9875
03-04 10:04:57 -----Epoch 27/99-----
03-04 10:04:58 current lr: 0.0415345
03-04 10:04:58 Saved best checkpoint to ./checkpoint\SSF_PU_0304-100402\best_pt (val_loss=-0.9878)
03-04 10:04:58 Epoch 027 Train loss -0.9889 | Val loss -0.9878
03-04 10:04:58 -----Epoch 28/99-----
03-04 10:04:58 current lr: 0.0409374
03-04 10:04:58 Saved best checkpoint to ./checkpoint\SSF_PU_0304-100402\best_pt (val_loss=-0.9880)
03-04 10:04:58 Epoch 028 Train loss -0.9892 | Val loss -0.9880
03-04 10:04:58 -----Epoch 29/99-----
03-04 10:04:58 current lr: 0.0403246
03-04 10:04:58 Saved best checkpoint to ./checkpoint\SSF_PU_0304-100402\best_pt (val_loss=-0.9883)
03-04 10:04:58 Epoch 029 Train loss -0.9893 | Val loss -0.9883
03-04 10:04:58 -----Epoch 30/99-----
03-04 10:04:59 current lr: 0.0396967
03-04 10:04:59 Saved best checkpoint to ./checkpoint\SSF_PU_0304-100402\best_pt (val_loss=-0.9886)
03-04 10:04:59 Epoch 030 Train loss -0.9896 | Val loss -0.9886
03-04 10:04:59 -----Epoch 31/99-----
03-04 10:04:59 current lr: 0.0390543
03-04 10:04:59 Saved best checkpoint to ./checkpoint\SSF_PU_0304-100402\best_pt (val_loss=-0.9889)
03-04 10:04:59 Epoch 031 Train loss -0.9898 | Val loss -0.9889
03-04 10:04:59 -----Epoch 32/99-----
03-04 10:04:59 current lr: 0.038398
03-04 10:05:00 Saved best checkpoint to ./checkpoint\SSF_PU_0304-100402\best_pt (val_loss=-0.9891)
03-04 10:05:00 Epoch 032 Train loss -0.9900 | Val loss -0.9891
03-04 10:05:00 -----Epoch 33/99-----
03-04 10:05:00 current lr: 0.0377285
03-04 10:05:00 Saved best checkpoint to ./checkpoint\SSF_PU_0304-100402\best_pt (val_loss=-0.9892)
03-04 10:05:00 Epoch 033 Train loss -0.9902 | Val loss -0.9892
03-04 10:05:00 -----Epoch 34/99-----
03-04 10:05:00 current lr: 0.0370464
03-04 10:05:00 Saved best checkpoint to ./checkpoint\SSF_PU_0304-100402\best_pt (val_loss=-0.9893)
03-04 10:05:00 Epoch 034 Train loss -0.9903 | Val loss -0.9893
03-04 10:05:00 -----Epoch 35/99-----
03-04 10:05:01 current lr: 0.0363525
03-04 10:05:01 Saved best checkpoint to ./checkpoint\SSF_PU_0304-100402\best_pt (val_loss=-0.9894)
03-04 10:05:01 Epoch 035 Train loss -0.9904 | Val loss -0.9894
03-04 10:05:01 -----Epoch 36/99-----
03-04 10:05:01 current lr: 0.0356474
03-04 10:05:01 Saved best checkpoint to ./checkpoint\SSF_PU_0304-100402\best_pt (val_loss=-0.9896)
03-04 10:05:01 Epoch 036 Train loss -0.9905 | Val loss -0.9896
03-04 10:05:01 -----Epoch 37/99-----
03-04 10:05:01 current lr: 0.0349317
03-04 10:05:01 Saved best checkpoint to ./checkpoint\SSF_PU_0304-100402\best_pt (val_loss=-0.9897)
03-04 10:05:01 Epoch 037 Train loss -0.9906 | Val loss -0.9897
03-04 10:05:01 -----Epoch 38/99-----
03-04 10:05:02 current lr: 0.0342063
03-04 10:05:02 Saved best checkpoint to ./checkpoint\SSF_PU_0304-100402\best_pt (val_loss=-0.9898)
03-04 10:05:02 Epoch 038 Train loss -0.9908 | Val loss -0.9898
03-04 10:05:02 -----Epoch 39/99-----
03-04 10:05:02 current lr: 0.0334718
03-04 10:05:02 Saved best checkpoint to ./checkpoint\SSF_PU_0304-100402\best_pt (val_loss=-0.9899)
03-04 10:05:02 Epoch 039 Train loss -0.9908 | Val loss -0.9899
03-04 10:05:02 -----Epoch 40/99-----
03-04 10:05:02 current lr: 0.0327289
03-04 10:05:02 Saved best checkpoint to ./checkpoint\SSF_PU_0304-100402\best_pt (val_loss=-0.9900)
03-04 10:05:02 Epoch 040 Train loss -0.9908 | Val loss -0.9900
03-04 10:05:02 -----Epoch 41/99-----
03-04 10:05:03 current lr: 0.0319784
03-04 10:05:03 Saved best checkpoint to ./checkpoint\SSF_PU_0304-100402\best_pt (val_loss=-0.9900)
03-04 10:05:03 Epoch 041 Train loss -0.9909 | Val loss -0.9900
03-04 10:05:03 -----Epoch 42/99-----
03-04 10:05:03 current lr: 0.031221
03-04 10:05:03 Saved best checkpoint to ./checkpoint\SSF_PU_0304-100402\best_pt (val_loss=-0.9901)
03-04 10:05:03 Epoch 042 Train loss -0.9909 | Val loss -0.9901
03-04 10:05:03 -----Epoch 43/99-----
03-04 10:05:04 current lr: 0.0304575
03-04 10:05:04 Saved best checkpoint to ./checkpoint\SSF_PU_0304-100402\best_pt (val_loss=-0.9902)
03-04 10:05:04 Epoch 043 Train loss -0.9911 | Val loss -0.9902
03-04 10:05:04 -----Epoch 44/99-----
03-04 10:05:04 current lr: 0.0296886
03-04 10:05:04 Saved best checkpoint to ./checkpoint\SSF_PU_0304-100402\best_pt (val_loss=-0.9903)
03-04 10:05:04 Epoch 044 Train loss -0.9911 | Val loss -0.9903
03-04 10:05:04 -----Epoch 45/99-----
03-04 10:05:04 current lr: 0.0289151
03-04 10:05:04 Saved best checkpoint to ./checkpoint\SSF_PU_0304-100402\best_pt (val_loss=-0.9904)
03-04 10:05:04 Epoch 045 Train loss -0.9913 | Val loss -0.9904
03-04 10:05:04 -----Epoch 46/99-----
03-04 10:05:05 current lr: 0.0281377
03-04 10:05:05 Saved best checkpoint to ./checkpoint\SSF_PU_0304-100402\best_pt (val_loss=-0.9904)
03-04 10:05:05 Epoch 046 Train loss -0.9914 | Val loss -0.9904
03-04 10:05:05 -----Epoch 47/99-----
03-04 10:05:05 current lr: 0.0273572
03-04 10:05:05 Saved best checkpoint to ./checkpoint\SSF_PU_0304-100402\best_pt (val_loss=-0.9904)
03-04 10:05:05 Epoch 047 Train loss -0.9914 | Val loss -0.9904
03-04 10:05:05 -----Epoch 48/99-----
03-04 10:05:05 current lr: 0.0265744
03-04 10:05:05 Saved best checkpoint to ./checkpoint\SSF_PU_0304-100402\best_pt (val_loss=-0.9905)
03-04 10:05:05 Epoch 048 Train loss -0.9915 | Val loss -0.9905
03-04 10:05:05 -----Epoch 49/99-----
03-04 10:05:06 current lr: 0.0257901
03-04 10:05:06 Saved best checkpoint to ./checkpoint\SSF_PU_0304-100402\best_pt (val_loss=-0.9905)
03-04 10:05:06 Epoch 049 Train loss -0.9914 | Val loss -0.9905
03-04 10:05:06 -----Epoch 50/99-----
03-04 10:05:06 current lr: 0.025005
03-04 10:05:06 Saved best checkpoint to ./checkpoint\SSF_PU_0304-100402\best_pt (val_loss=-0.9905)
03-04 10:05:06 Epoch 050 Train loss -0.9915 | Val loss -0.9905
03-04 10:05:06 -----Epoch 51/99-----
03-04 10:05:07 current lr: 0.0242199
03-04 10:05:07 Saved best checkpoint to ./checkpoint\SSF_PU_0304-100402\best_pt (val_loss=-0.9906)
03-04 10:05:07 Epoch 051 Train loss -0.9915 | Val loss -0.9906
03-04 10:05:07 -----Epoch 52/99-----
03-04 10:05:07 current lr: 0.0234356
03-04 10:05:07 Saved best checkpoint to ./checkpoint\SSF_PU_0304-100402\best_pt (val_loss=-0.9906)
03-04 10:05:07 Epoch 052 Train loss -0.9916 | Val loss -0.9906
03-04 10:05:07 -----Epoch 53/99-----
03-04 10:05:07 current lr: 0.0226528
03-04 10:05:07 Saved best checkpoint to ./checkpoint\SSF_PU_0304-100402\best_pt (val_loss=-0.9907)
03-04 10:05:07 Epoch 053 Train loss -0.9917 | Val loss -0.9907
03-04 10:05:07 -----Epoch 54/99-----
03-04 10:05:08 current lr: 0.0218723
03-04 10:05:08 Saved best checkpoint to ./checkpoint\SSF_PU_0304-100402\best_pt (val_loss=-0.9907)
03-04 10:05:08 Epoch 054 Train loss -0.9917 | Val loss -0.9907
03-04 10:05:08 -----Epoch 55/99-----
03-04 10:05:08 current lr: 0.0210949
03-04 10:05:08 Saved best checkpoint to ./checkpoint\SSF_PU_0304-100402\best_pt (val_loss=-0.9908)
03-04 10:05:08 Epoch 055 Train loss -0.9918 | Val loss -0.9908
03-04 10:05:08 -----Epoch 56/99-----
03-04 10:05:08 current lr: 0.0203214
03-04 10:05:08 Saved best checkpoint to ./checkpoint\SSF_PU_0304-100402\best_pt (val_loss=-0.9908)
03-04 10:05:08 Epoch 056 Train loss -0.9918 | Val loss -0.9908
03-04 10:05:08 -----Epoch 57/99-----
03-04 10:05:09 current lr: 0.0195525
03-04 10:05:09 Saved best checkpoint to ./checkpoint\SSF_PU_0304-100402\best_pt (val_loss=-0.9909)
03-04 10:05:09 Epoch 057 Train loss -0.9919 | Val loss -0.9909
03-04 10:05:09 -----Epoch 58/99-----
03-04 10:05:09 current lr: 0.018789
03-04 10:05:09 Saved best checkpoint to ./checkpoint\SSF_PU_0304-100402\best_pt (val_loss=-0.9909)
03-04 10:05:09 Epoch 058 Train loss -0.9919 | Val loss -0.9909
03-04 10:05:09 -----Epoch 59/99-----
03-04 10:05:09 current lr: 0.0180316
03-04 10:05:09 Saved best checkpoint to ./checkpoint\SSF_PU_0304-100402\best_pt (val_loss=-0.9909)
03-04 10:05:09 Epoch 059 Train loss -0.9920 | Val loss -0.9909
03-04 10:05:09 -----Epoch 60/99-----
03-04 10:05:10 current lr: 0.0172811
03-04 10:05:10 Saved best checkpoint to ./checkpoint\SSF_PU_0304-100402\best_pt (val_loss=-0.9910)
03-04 10:05:10 Epoch 060 Train loss -0.9920 | Val loss -0.9910
03-04 10:05:10 -----Epoch 61/99-----
03-04 10:05:10 current lr: 0.0165382
03-04 10:05:10 Saved best checkpoint to ./checkpoint\SSF_PU_0304-100402\best_pt (val_loss=-0.9910)
03-04 10:05:10 Epoch 061 Train loss -0.9920 | Val loss -0.9910
03-04 10:05:10 -----Epoch 62/99-----
03-04 10:05:10 current lr: 0.0158037
03-04 10:05:10 Saved best checkpoint to ./checkpoint\SSF_PU_0304-100402\best_pt (val_loss=-0.9910)
03-04 10:05:10 Epoch 062 Train loss -0.9920 | Val loss -0.9910
03-04 10:05:10 -----Epoch 63/99-----
03-04 10:05:11 current lr: 0.0150783
03-04 10:05:11 Saved best checkpoint to ./checkpoint\SSF_PU_0304-100402\best_pt (val_loss=-0.9911)
03-04 10:05:11 Epoch 063 Train loss -0.9921 | Val loss -0.9911
03-04 10:05:11 -----Epoch 64/99-----
03-04 10:05:11 current lr: 0.0143626
03-04 10:05:11 Saved best checkpoint to ./checkpoint\SSF_PU_0304-100402\best_pt (val_loss=-0.9911)
03-04 10:05:11 Epoch 064 Train loss -0.9921 | Val loss -0.9911
03-04 10:05:11 -----Epoch 65/99-----
03-04 10:05:12 current lr: 0.0136575
03-04 10:05:12 Saved best checkpoint to ./checkpoint\SSF_PU_0304-100402\best_pt (val_loss=-0.9911)
03-04 10:05:12 Epoch 065 Train loss -0.9921 | Val loss -0.9911
03-04 10:05:12 -----Epoch 66/99-----
03-04 10:05:12 current lr: 0.0129636
03-04 10:05:12 Saved best checkpoint to ./checkpoint\SSF_PU_0304-100402\best_pt (val_loss=-0.9912)
03-04 10:05:12 Epoch 066 Train loss -0.9922 | Val loss -0.9912
03-04 10:05:12 -----Epoch 67/99-----
03-04 10:05:12 current lr: 0.0122815
03-04 10:05:12 Saved best checkpoint to ./checkpoint\SSF_PU_0304-100402\best_pt (val_loss=-0.9912)
03-04 10:05:12 Epoch 067 Train loss -0.9922 | Val loss -0.9912
03-04 10:05:12 -----Epoch 68/99-----
03-04 10:05:13 current lr: 0.011612
03-04 10:05:13 Saved best checkpoint to ./checkpoint\SSF_PU_0304-100402\best_pt (val_loss=-0.9912)
03-04 10:05:13 Epoch 068 Train loss -0.9922 | Val loss -0.9912
03-04 10:05:13 -----Epoch 69/99-----
03-04 10:05:13 current lr: 0.0109557
03-04 10:05:13 Saved best checkpoint to ./checkpoint\SSF_PU_0304-100402\best_pt (val_loss=-0.9912)
03-04 10:05:13 Epoch 069 Train loss -0.9923 | Val loss -0.9912
03-04 10:05:13 -----Epoch 70/99-----
03-04 10:05:13 current lr: 0.0103133
03-04 10:05:13 Saved best checkpoint to ./checkpoint\SSF_PU_0304-100402\best_pt (val_loss=-0.9913)
03-04 10:05:13 Epoch 070 Train loss -0.9922 | Val loss -0.9913
03-04 10:05:13 -----Epoch 71/99-----
03-04 10:05:14 current lr: 0.00968539
03-04 10:05:14 Saved best checkpoint to ./checkpoint\SSF_PU_0304-100402\best_pt (val_loss=-0.9913)
03-04 10:05:14 Epoch 071 Train loss -0.9923 | Val loss -0.9913
03-04 10:05:14 -----Epoch 72/99-----
03-04 10:05:14 current lr: 0.00907259
03-04 10:05:14 Saved best checkpoint to ./checkpoint\SSF_PU_0304-100402\best_pt (val_loss=-0.9913)
03-04 10:05:14 Epoch 072 Train loss -0.9923 | Val loss -0.9913
03-04 10:05:14 -----Epoch 73/99-----
03-04 10:05:14 current lr: 0.00847551
03-04 10:05:14 Saved best checkpoint to ./checkpoint\SSF_PU_0304-100402\best_pt (val_loss=-0.9913)
03-04 10:05:14 Epoch 073 Train loss -0.9923 | Val loss -0.9913
03-04 10:05:14 -----Epoch 74/99-----
03-04 10:05:15 current lr: 0.00789475
03-04 10:05:15 Saved best checkpoint to ./checkpoint\SSF_PU_0304-100402\best_pt (val_loss=-0.9914)
03-04 10:05:15 Epoch 074 Train loss -0.9923 | Val loss -0.9914
03-04 10:05:15 -----Epoch 75/99-----
03-04 10:05:15 current lr: 0.00733087
03-04 10:05:15 Saved best checkpoint to ./checkpoint\SSF_PU_0304-100402\best_pt (val_loss=-0.9914)
03-04 10:05:15 Epoch 075 Train loss -0.9924 | Val loss -0.9914
03-04 10:05:15 -----Epoch 76/99-----
03-04 10:05:15 current lr: 0.00678443
03-04 10:05:16 Saved best checkpoint to ./checkpoint\SSF_PU_0304-100402\best_pt (val_loss=-0.9914)
03-04 10:05:16 Epoch 076 Train loss -0.9923 | Val loss -0.9914
03-04 10:05:16 -----Epoch 77/99-----
03-04 10:05:16 current lr: 0.00625597
03-04 10:05:16 Saved best checkpoint to ./checkpoint\SSF_PU_0304-100402\best_pt (val_loss=-0.9914)
03-04 10:05:16 Epoch 077 Train loss -0.9923 | Val loss -0.9914
03-04 10:05:16 -----Epoch 78/99-----
03-04 10:05:16 current lr: 0.00574602
03-04 10:05:16 Saved best checkpoint to ./checkpoint\SSF_PU_0304-100402\best_pt (val_loss=-0.9914)
03-04 10:05:16 Epoch 078 Train loss -0.9924 | Val loss -0.9914
03-04 10:05:16 -----Epoch 79/99-----
03-04 10:05:17 current lr: 0.00525508
03-04 10:05:17 Saved best checkpoint to ./checkpoint\SSF_PU_0304-100402\best_pt (val_loss=-0.9914)
03-04 10:05:17 Epoch 079 Train loss -0.9924 | Val loss -0.9914
03-04 10:05:17 -----Epoch 80/99-----
03-04 10:05:17 current lr: 0.00478362
03-04 10:05:17 Saved best checkpoint to ./checkpoint\SSF_PU_0304-100402\best_pt (val_loss=-0.9914)
03-04 10:05:17 Epoch 080 Train loss -0.9924 | Val loss -0.9914
03-04 10:05:17 -----Epoch 81/99-----
03-04 10:05:17 current lr: 0.00433212
03-04 10:05:17 Saved best checkpoint to ./checkpoint\SSF_PU_0304-100402\best_pt (val_loss=-0.9914)
03-04 10:05:17 Epoch 081 Train loss -0.9924 | Val loss -0.9914
03-04 10:05:17 -----Epoch 82/99-----
03-04 10:05:18 current lr: 0.00390102
03-04 10:05:18 Saved best checkpoint to ./checkpoint\SSF_PU_0304-100402\best_pt (val_loss=-0.9915)
03-04 10:05:18 Epoch 082 Train loss -0.9924 | Val loss -0.9915
03-04 10:05:18 -----Epoch 83/99-----
03-04 10:05:18 current lr: 0.00349075
03-04 10:05:18 Saved best checkpoint to ./checkpoint\SSF_PU_0304-100402\best_pt (val_loss=-0.9915)
03-04 10:05:18 Epoch 083 Train loss -0.9924 | Val loss -0.9915
03-04 10:05:18 -----Epoch 84/99-----
03-04 10:05:18 current lr: 0.00310171
03-04 10:05:18 Saved best checkpoint to ./checkpoint\SSF_PU_0304-100402\best_pt (val_loss=-0.9915)
03-04 10:05:18 Epoch 084 Train loss -0.9925 | Val loss -0.9915
03-04 10:05:18 -----Epoch 85/99-----
03-04 10:05:19 current lr: 0.00273429
03-04 10:05:19 No improvement in val_loss for 1/5 epochs.
03-04 10:05:19 Epoch 085 Train loss -0.9924 | Val loss -0.9915
03-04 10:05:19 -----Epoch 86/99-----
03-04 10:05:19 current lr: 0.00238885
03-04 10:05:19 Saved best checkpoint to ./checkpoint\SSF_PU_0304-100402\best_pt (val_loss=-0.9915)
03-04 10:05:19 Epoch 086 Train loss -0.9924 | Val loss -0.9915
03-04 10:05:19 -----Epoch 87/99-----
03-04 10:05:19 current lr: 0.00206572
03-04 10:05:19 Saved best checkpoint to ./checkpoint\SSF_PU_0304-100402\best_pt (val_loss=-0.9915)
03-04 10:05:19 Epoch 087 Train loss -0.9925 | Val loss -0.9915
03-04 10:05:19 -----Epoch 88/99-----
03-04 10:05:20 current lr: 0.00176524
03-04 10:05:20 No improvement in val_loss for 1/5 epochs.
03-04 10:05:20 Epoch 088 Train loss -0.9924 | Val loss -0.9915
03-04 10:05:20 -----Epoch 89/99-----
03-04 10:05:20 current lr: 0.00148769
03-04 10:05:20 No improvement in val_loss for 2/5 epochs.
03-04 10:05:20 Epoch 089 Train loss -0.9924 | Val loss -0.9915
03-04 10:05:20 -----Epoch 90/99-----
03-04 10:05:21 current lr: 0.00123334
03-04 10:05:21 Saved best checkpoint to ./checkpoint\SSF_PU_0304-100402\best_pt (val_loss=-0.9915)
03-04 10:05:21 Epoch 090 Train loss -0.9924 | Val loss -0.9915
03-04 10:05:21 -----Epoch 91/99-----
03-04 10:05:21 current lr: 0.00100246
03-04 10:05:21 Saved best checkpoint to ./checkpoint\SSF_PU_0304-100402\best_pt (val_loss=-0.9915)
03-04 10:05:21 Epoch 091 Train loss -0.9925 | Val loss -0.9915
03-04 10:05:21 -----Epoch 92/99-----
03-04 10:05:21 current lr: 0.000795264
03-04 10:05:21 Saved best checkpoint to ./checkpoint\SSF_PU_0304-100402\best_pt (val_loss=-0.9915)
03-04 10:05:21 Epoch 092 Train loss -0.9924 | Val loss -0.9915
03-04 10:05:21 -----Epoch 93/99-----
03-04 10:05:22 current lr: 0.000611961
03-04 10:05:22 No improvement in val_loss for 1/5 epochs.
03-04 10:05:22 Epoch 093 Train loss -0.9925 | Val loss -0.9915
03-04 10:05:22 -----Epoch 94/99-----
03-04 10:05:22 current lr: 0.00045273
03-04 10:05:22 Saved best checkpoint to ./checkpoint\SSF_PU_0304-100402\best_pt (val_loss=-0.9915)
03-04 10:05:22 Epoch 094 Train loss -0.9925 | Val loss -0.9915
03-04 10:05:22 -----Epoch 95/99-----
03-04 10:05:22 current lr: 0.00031773
03-04 10:05:22 Saved best checkpoint to ./checkpoint\SSF_PU_0304-100402\best_pt (val_loss=-0.9915)
03-04 10:05:22 Epoch 095 Train loss -0.9925 | Val loss -0.9915
03-04 10:05:22 -----Epoch 96/99-----
03-04 10:05:23 current lr: 0.000207093
03-04 10:05:23 No improvement in val_loss for 1/5 epochs.
03-04 10:05:23 Epoch 096 Train loss -0.9924 | Val loss -0.9915
03-04 10:05:23 -----Epoch 97/99-----
03-04 10:05:23 current lr: 0.000120929
03-04 10:05:23 Saved best checkpoint to ./checkpoint\SSF_PU_0304-100402\best_pt (val_loss=-0.9915)
03-04 10:05:23 Epoch 097 Train loss -0.9924 | Val loss -0.9915
03-04 10:05:23 -----Epoch 98/99-----
03-04 10:05:23 current lr: 5.93219e-05
03-04 10:05:23 No improvement in val_loss for 1/5 epochs.
03-04 10:05:23 Epoch 098 Train loss -0.9925 | Val loss -0.9915
03-04 10:05:23 -----Epoch 99/99-----
03-04 10:05:24 current lr: 2.23335e-05
03-04 10:05:24 Saved best checkpoint to ./checkpoint\SSF_PU_0304-100402\best_pt (val_loss=-0.9915)
03-04 10:05:24 Epoch 099 Train loss -0.9925 | Val loss -0.9915
03-04 10:05:24 TEST (last): loss -0.9914
03-04 10:05:24 [LP epoch 00] train_loss=1.4051 train_acc=0.2000 | val_loss=1.3755 val_acc=0.3300 | 
03-04 10:05:24 [LP epoch 01] train_loss=1.3222 train_acc=0.3000 | val_loss=1.3715 val_acc=0.3325 | 
03-04 10:05:24 [LP epoch 02] train_loss=1.2557 train_acc=0.4000 | val_loss=1.3675 val_acc=0.2975 | 
03-04 10:05:24 [LP epoch 03] train_loss=1.2032 train_acc=0.4750 | val_loss=1.3634 val_acc=0.2925 | 
03-04 10:05:24 [LP epoch 04] train_loss=1.1601 train_acc=0.4750 | val_loss=1.3591 val_acc=0.2975 | 
03-04 10:05:24 [LP epoch 05] train_loss=1.1229 train_acc=0.5500 | val_loss=1.3548 val_acc=0.3125 | 
03-04 10:05:25 [LP epoch 06] train_loss=1.0911 train_acc=0.5500 | val_loss=1.3505 val_acc=0.3225 | 
03-04 10:05:25 [LP epoch 07] train_loss=1.0625 train_acc=0.6000 | val_loss=1.3464 val_acc=0.3250 | 
03-04 10:05:25 [LP epoch 08] train_loss=1.0381 train_acc=0.5750 | val_loss=1.3426 val_acc=0.3375 | 
03-04 10:05:25 [LP epoch 09] train_loss=1.0151 train_acc=0.6000 | val_loss=1.3389 val_acc=0.3300 | 
03-04 10:05:25 [LP epoch 10] train_loss=0.9935 train_acc=0.6000 | val_loss=1.3351 val_acc=0.3400 | 
03-04 10:05:25 [LP epoch 11] train_loss=0.9726 train_acc=0.6500 | val_loss=1.3312 val_acc=0.3450 | 
03-04 10:05:25 [LP epoch 12] train_loss=0.9537 train_acc=0.7000 | val_loss=1.3273 val_acc=0.3525 | 
03-04 10:05:25 [LP epoch 13] train_loss=0.9371 train_acc=0.7000 | val_loss=1.3230 val_acc=0.3575 | 
03-04 10:05:25 [LP epoch 14] train_loss=0.9219 train_acc=0.7000 | val_loss=1.3184 val_acc=0.3575 | 
03-04 10:05:26 [LP epoch 15] train_loss=0.9057 train_acc=0.7000 | val_loss=1.3136 val_acc=0.3600 | 
03-04 10:05:26 [LP epoch 16] train_loss=0.8910 train_acc=0.7000 | val_loss=1.3086 val_acc=0.3650 | 
03-04 10:05:26 [LP epoch 17] train_loss=0.8775 train_acc=0.7000 | val_loss=1.3035 val_acc=0.3650 | 
03-04 10:05:26 [LP epoch 18] train_loss=0.8638 train_acc=0.7000 | val_loss=1.2983 val_acc=0.3800 | 
03-04 10:05:26 [LP epoch 19] train_loss=0.8508 train_acc=0.7000 | val_loss=1.2928 val_acc=0.3875 | 
03-04 10:05:26 [LP epoch 20] train_loss=0.8384 train_acc=0.7500 | val_loss=1.2871 val_acc=0.3850 | 
03-04 10:05:26 [LP epoch 21] train_loss=0.8256 train_acc=0.7750 | val_loss=1.2815 val_acc=0.3975 | 
03-04 10:05:26 [LP epoch 22] train_loss=0.8129 train_acc=0.7750 | val_loss=1.2759 val_acc=0.4075 | 
03-04 10:05:27 [LP epoch 23] train_loss=0.8011 train_acc=0.8000 | val_loss=1.2697 val_acc=0.4125 | 
03-04 10:05:27 [LP epoch 24] train_loss=0.7900 train_acc=0.8000 | val_loss=1.2629 val_acc=0.4225 | 
03-04 10:05:27 [LP epoch 25] train_loss=0.7791 train_acc=0.8000 | val_loss=1.2560 val_acc=0.4325 | 
03-04 10:05:27 [LP epoch 26] train_loss=0.7685 train_acc=0.8000 | val_loss=1.2493 val_acc=0.4400 | 
03-04 10:05:27 [LP epoch 27] train_loss=0.7571 train_acc=0.8000 | val_loss=1.2433 val_acc=0.4400 | 
03-04 10:05:27 [LP epoch 28] train_loss=0.7458 train_acc=0.8000 | val_loss=1.2381 val_acc=0.4425 | 
03-04 10:05:27 [LP epoch 29] train_loss=0.7353 train_acc=0.8000 | val_loss=1.2334 val_acc=0.4450 | 
03-04 10:05:27 [LP epoch 30] train_loss=0.7238 train_acc=0.8250 | val_loss=1.2291 val_acc=0.4425 | 
03-04 10:05:27 [LP epoch 31] train_loss=0.7118 train_acc=0.8250 | val_loss=1.2247 val_acc=0.4450 | 
03-04 10:05:27 [LP epoch 32] train_loss=0.6996 train_acc=0.8250 | val_loss=1.2203 val_acc=0.4375 | 
03-04 10:05:28 [LP epoch 33] train_loss=0.6867 train_acc=0.8250 | val_loss=1.2154 val_acc=0.4425 | 
03-04 10:05:28 [LP epoch 34] train_loss=0.6745 train_acc=0.8250 | val_loss=1.2099 val_acc=0.4525 | 
03-04 10:05:28 [LP epoch 35] train_loss=0.6624 train_acc=0.8500 | val_loss=1.2042 val_acc=0.4650 | 
03-04 10:05:28 [LP epoch 36] train_loss=0.6498 train_acc=0.8750 | val_loss=1.2002 val_acc=0.4675 | 
03-04 10:05:28 [LP epoch 37] train_loss=0.6373 train_acc=0.8750 | val_loss=1.1973 val_acc=0.4800 | 
03-04 10:05:28 [LP epoch 38] train_loss=0.6258 train_acc=0.9000 | val_loss=1.1934 val_acc=0.4875 | 
03-04 10:05:28 [LP epoch 39] train_loss=0.6151 train_acc=0.9250 | val_loss=1.1876 val_acc=0.4975 | 
03-04 10:05:28 [LP epoch 40] train_loss=0.6046 train_acc=0.9250 | val_loss=1.1795 val_acc=0.5075 | 
03-04 10:05:28 [LP epoch 41] train_loss=0.5933 train_acc=0.9500 | val_loss=1.1707 val_acc=0.5150 | 
03-04 10:05:29 [LP epoch 42] train_loss=0.5824 train_acc=0.9500 | val_loss=1.1635 val_acc=0.5200 | 
03-04 10:05:29 [LP epoch 43] train_loss=0.5705 train_acc=0.9500 | val_loss=1.1574 val_acc=0.5150 | 
03-04 10:05:29 [LP epoch 44] train_loss=0.5576 train_acc=0.9500 | val_loss=1.1519 val_acc=0.5075 | 
03-04 10:05:29 [LP epoch 45] train_loss=0.5453 train_acc=0.9500 | val_loss=1.1477 val_acc=0.5125 | 
03-04 10:05:29 [LP epoch 46] train_loss=0.5326 train_acc=0.9500 | val_loss=1.1447 val_acc=0.5150 | 
03-04 10:05:29 [LP epoch 47] train_loss=0.5203 train_acc=0.9500 | val_loss=1.1424 val_acc=0.5175 | 
03-04 10:05:29 [LP epoch 48] train_loss=0.5072 train_acc=0.9500 | val_loss=1.1393 val_acc=0.5150 | 
03-04 10:05:29 [LP epoch 49] train_loss=0.4940 train_acc=0.9500 | val_loss=1.1358 val_acc=0.5050 | 
03-04 10:05:29 Saved linear-probe checkpoint: ./checkpoint\SSF_PU_0304-100402\linear_probe_best.pt (best_val_acc=0.5200)
03-04 10:05:29 TEST linear-probe: loss=1.2303 acc=0.4800
03-04 10:05:29 model_name: SSF
03-04 10:05:29 data_name: PU
03-04 10:05:29 aug_1: normal
03-04 10:05:29 aug_2: randomcrop
03-04 10:05:29 max_epoch: 100
03-04 10:05:29 classifier_epoch: 50
03-04 10:05:29 data_view: TwoViewDataset
03-04 10:05:29 cuda_device: 0
03-04 10:05:29 checkpoint_dir: ./checkpoint
03-04 10:05:29 batch_size: 64
03-04 10:05:29 data_dir: raw_data/PU
03-04 10:05:29 out_channel: 4
03-04 10:05:29 normlizetype: minus_one_one
03-04 10:05:29 processing_type: RA
03-04 10:05:29 opt: sgd
03-04 10:05:29 lr: 0.05
03-04 10:05:29 momentum: 0.9
03-04 10:05:29 weight_decay: 1e-05
03-04 10:05:29 lr_scheduler: cos
03-04 10:05:29 gamma: 0.95
03-04 10:05:29 eta_min: 1e-05
03-04 10:05:29 latent_space: 128
03-04 10:05:29 num_blocks_ssf: 5
03-04 10:05:29 hidden_channel: 256
03-04 10:05:29 task: self_supervised
03-04 10:05:29 critetion: <class 'utils.loss_SSL.SimSiamLoss'>
03-04 10:05:29 using 1 gpus
03-04 10:05:29 Dataset class: <class 'data_utils.datasets.PU.PU'>
03-04 10:05:30 Split sizes: train=400 val=400 test=400, classier=40
03-04 10:05:30 Label counts train: Counter({0: 100, 1: 100, 2: 100, 3: 100})
03-04 10:05:30 Label counts val:   Counter({0: 100, 1: 100, 2: 100, 3: 100})
03-04 10:05:30 Label counts test:  Counter({0: 100, 1: 100, 2: 100, 3: 100})
03-04 10:05:30 Label counts classifier:  Counter({0: 10, 1: 10, 2: 10, 3: 10})
03-04 10:05:30 -----Epoch 0/99-----
03-04 10:05:31 current lr: 0.05
03-04 10:05:31 Saved best checkpoint to ./checkpoint\SSF_PU_0304-100402\best_pt (val_loss=-0.6546)
03-04 10:05:31 Epoch 000 Train loss -0.4608 | Val loss -0.6546
03-04 10:05:31 -----Epoch 1/99-----
03-04 10:05:31 current lr: 0.0499877
03-04 10:05:31 Saved best checkpoint to ./checkpoint\SSF_PU_0304-100402\best_pt (val_loss=-0.8304)
03-04 10:05:31 Epoch 001 Train loss -0.8945 | Val loss -0.8304
03-04 10:05:31 -----Epoch 2/99-----
03-04 10:05:31 current lr: 0.0499507
03-04 10:05:31 Saved best checkpoint to ./checkpoint\SSF_PU_0304-100402\best_pt (val_loss=-0.9121)
03-04 10:05:31 Epoch 002 Train loss -0.9230 | Val loss -0.9121
03-04 10:05:31 -----Epoch 3/99-----
03-04 10:05:32 current lr: 0.0498891
03-04 10:05:32 Saved best checkpoint to ./checkpoint\SSF_PU_0304-100402\best_pt (val_loss=-0.9397)
03-04 10:05:32 Epoch 003 Train loss -0.9387 | Val loss -0.9397
03-04 10:05:32 -----Epoch 4/99-----
03-04 10:05:32 current lr: 0.0498029
03-04 10:05:32 Saved best checkpoint to ./checkpoint\SSF_PU_0304-100402\best_pt (val_loss=-0.9537)
03-04 10:05:32 Epoch 004 Train loss -0.9522 | Val loss -0.9537
03-04 10:05:32 -----Epoch 5/99-----
03-04 10:05:33 current lr: 0.0496923
03-04 10:05:33 Saved best checkpoint to ./checkpoint\SSF_PU_0304-100402\best_pt (val_loss=-0.9617)
03-04 10:05:33 Epoch 005 Train loss -0.9617 | Val loss -0.9617
03-04 10:05:33 -----Epoch 6/99-----
03-04 10:05:33 current lr: 0.0495573
03-04 10:05:33 Saved best checkpoint to ./checkpoint\SSF_PU_0304-100402\best_pt (val_loss=-0.9673)
03-04 10:05:33 Epoch 006 Train loss -0.9678 | Val loss -0.9673
03-04 10:05:33 -----Epoch 7/99-----
03-04 10:05:33 current lr: 0.049398
03-04 10:05:33 Saved best checkpoint to ./checkpoint\SSF_PU_0304-100402\best_pt (val_loss=-0.9716)
03-04 10:05:33 Epoch 007 Train loss -0.9722 | Val loss -0.9716
03-04 10:05:33 -----Epoch 8/99-----
03-04 10:05:34 current lr: 0.0492147
03-04 10:05:34 Saved best checkpoint to ./checkpoint\SSF_PU_0304-100402\best_pt (val_loss=-0.9752)
03-04 10:05:34 Epoch 008 Train loss -0.9758 | Val loss -0.9752
03-04 10:05:34 -----Epoch 9/99-----
03-04 10:05:34 current lr: 0.0490075
03-04 10:05:34 Saved best checkpoint to ./checkpoint\SSF_PU_0304-100402\best_pt (val_loss=-0.9781)
03-04 10:05:34 Epoch 009 Train loss -0.9789 | Val loss -0.9781
03-04 10:05:34 -----Epoch 10/99-----
03-04 10:05:34 current lr: 0.0487767
03-04 10:05:34 Saved best checkpoint to ./checkpoint\SSF_PU_0304-100402\best_pt (val_loss=-0.9800)
03-04 10:05:34 Epoch 010 Train loss -0.9814 | Val loss -0.9800
03-04 10:05:34 -----Epoch 11/99-----
03-04 10:05:35 current lr: 0.0485223
03-04 10:05:35 Saved best checkpoint to ./checkpoint\SSF_PU_0304-100402\best_pt (val_loss=-0.9815)
03-04 10:05:35 Epoch 011 Train loss -0.9829 | Val loss -0.9815
03-04 10:05:35 -----Epoch 12/99-----
03-04 10:05:35 current lr: 0.0482448
03-04 10:05:35 Saved best checkpoint to ./checkpoint\SSF_PU_0304-100402\best_pt (val_loss=-0.9828)
03-04 10:05:35 Epoch 012 Train loss -0.9840 | Val loss -0.9828
03-04 10:05:35 -----Epoch 13/99-----
03-04 10:05:35 current lr: 0.0479443
03-04 10:05:35 Saved best checkpoint to ./checkpoint\SSF_PU_0304-100402\best_pt (val_loss=-0.9837)
03-04 10:05:35 Epoch 013 Train loss -0.9850 | Val loss -0.9837
03-04 10:05:35 -----Epoch 14/99-----
03-04 10:05:36 current lr: 0.0476212
03-04 10:05:36 Saved best checkpoint to ./checkpoint\SSF_PU_0304-100402\best_pt (val_loss=-0.9842)
03-04 10:05:36 Epoch 014 Train loss -0.9856 | Val loss -0.9842
03-04 10:05:36 -----Epoch 15/99-----
03-04 10:05:36 current lr: 0.0472757
03-04 10:05:36 Saved best checkpoint to ./checkpoint\SSF_PU_0304-100402\best_pt (val_loss=-0.9847)
03-04 10:05:36 Epoch 015 Train loss -0.9861 | Val loss -0.9847
03-04 10:05:36 -----Epoch 16/99-----
03-04 10:05:36 current lr: 0.0469083
03-04 10:05:36 Saved best checkpoint to ./checkpoint\SSF_PU_0304-100402\best_pt (val_loss=-0.9851)
03-04 10:05:36 Epoch 016 Train loss -0.9865 | Val loss -0.9851
03-04 10:05:36 -----Epoch 17/99-----
03-04 10:05:37 current lr: 0.0465192
03-04 10:05:37 Saved best checkpoint to ./checkpoint\SSF_PU_0304-100402\best_pt (val_loss=-0.9856)
03-04 10:05:37 Epoch 017 Train loss -0.9870 | Val loss -0.9856
03-04 10:05:37 -----Epoch 18/99-----
03-04 10:05:37 current lr: 0.046109
03-04 10:05:37 Saved best checkpoint to ./checkpoint\SSF_PU_0304-100402\best_pt (val_loss=-0.9859)
03-04 10:05:37 Epoch 018 Train loss -0.9874 | Val loss -0.9859
03-04 10:05:37 -----Epoch 19/99-----
03-04 10:05:37 current lr: 0.0456779
03-04 10:05:37 Saved best checkpoint to ./checkpoint\SSF_PU_0304-100402\best_pt (val_loss=-0.9861)
03-04 10:05:37 Epoch 019 Train loss -0.9876 | Val loss -0.9861
03-04 10:05:37 -----Epoch 20/99-----
03-04 10:05:38 current lr: 0.0452264
03-04 10:05:38 Saved best checkpoint to ./checkpoint\SSF_PU_0304-100402\best_pt (val_loss=-0.9863)
03-04 10:05:38 Epoch 020 Train loss -0.9878 | Val loss -0.9863
03-04 10:05:38 -----Epoch 21/99-----
03-04 10:05:38 current lr: 0.0447549
03-04 10:05:38 Saved best checkpoint to ./checkpoint\SSF_PU_0304-100402\best_pt (val_loss=-0.9865)
03-04 10:05:38 Epoch 021 Train loss -0.9879 | Val loss -0.9865
03-04 10:05:38 -----Epoch 22/99-----
03-04 10:05:39 current lr: 0.044264
03-04 10:05:39 Saved best checkpoint to ./checkpoint\SSF_PU_0304-100402\best_pt (val_loss=-0.9867)
03-04 10:05:39 Epoch 022 Train loss -0.9880 | Val loss -0.9867
03-04 10:05:39 -----Epoch 23/99-----
03-04 10:05:39 current lr: 0.043754
03-04 10:05:39 Saved best checkpoint to ./checkpoint\SSF_PU_0304-100402\best_pt (val_loss=-0.9869)
03-04 10:05:39 Epoch 023 Train loss -0.9883 | Val loss -0.9869
03-04 10:05:39 -----Epoch 24/99-----
03-04 10:05:39 current lr: 0.0432256
03-04 10:05:39 Saved best checkpoint to ./checkpoint\SSF_PU_0304-100402\best_pt (val_loss=-0.9871)
03-04 10:05:39 Epoch 024 Train loss -0.9885 | Val loss -0.9871
03-04 10:05:39 -----Epoch 25/99-----
03-04 10:05:40 current lr: 0.0426791
03-04 10:05:40 Saved best checkpoint to ./checkpoint\SSF_PU_0304-100402\best_pt (val_loss=-0.9874)
03-04 10:05:40 Epoch 025 Train loss -0.9887 | Val loss -0.9874
03-04 10:05:40 -----Epoch 26/99-----
03-04 10:05:40 current lr: 0.0421153
03-04 10:05:40 Saved best checkpoint to ./checkpoint\SSF_PU_0304-100402\best_pt (val_loss=-0.9876)
03-04 10:05:40 Epoch 026 Train loss -0.9888 | Val loss -0.9876
03-04 10:05:40 -----Epoch 27/99-----
03-04 10:05:41 current lr: 0.0415345
03-04 10:05:41 Saved best checkpoint to ./checkpoint\SSF_PU_0304-100402\best_pt (val_loss=-0.9878)
03-04 10:05:41 Epoch 027 Train loss -0.9890 | Val loss -0.9878
03-04 10:05:41 -----Epoch 28/99-----
03-04 10:05:41 current lr: 0.0409374
03-04 10:05:41 Saved best checkpoint to ./checkpoint\SSF_PU_0304-100402\best_pt (val_loss=-0.9879)
03-04 10:05:41 Epoch 028 Train loss -0.9892 | Val loss -0.9879
03-04 10:05:41 -----Epoch 29/99-----
03-04 10:05:41 current lr: 0.0403246
03-04 10:05:41 Saved best checkpoint to ./checkpoint\SSF_PU_0304-100402\best_pt (val_loss=-0.9881)
03-04 10:05:41 Epoch 029 Train loss -0.9894 | Val loss -0.9881
03-04 10:05:41 -----Epoch 30/99-----
03-04 10:05:42 current lr: 0.0396967
03-04 10:05:42 Saved best checkpoint to ./checkpoint\SSF_PU_0304-100402\best_pt (val_loss=-0.9884)
03-04 10:05:42 Epoch 030 Train loss -0.9896 | Val loss -0.9884
03-04 10:05:42 -----Epoch 31/99-----
03-04 10:05:42 current lr: 0.0390543
03-04 10:05:42 Saved best checkpoint to ./checkpoint\SSF_PU_0304-100402\best_pt (val_loss=-0.9886)
03-04 10:05:42 Epoch 031 Train loss -0.9898 | Val loss -0.9886
03-04 10:05:42 -----Epoch 32/99-----
03-04 10:05:43 current lr: 0.038398
03-04 10:05:43 Saved best checkpoint to ./checkpoint\SSF_PU_0304-100402\best_pt (val_loss=-0.9888)
03-04 10:05:43 Epoch 032 Train loss -0.9900 | Val loss -0.9888
03-04 10:05:43 -----Epoch 33/99-----
03-04 10:05:43 current lr: 0.0377285
03-04 10:05:43 Saved best checkpoint to ./checkpoint\SSF_PU_0304-100402\best_pt (val_loss=-0.9890)
03-04 10:05:43 Epoch 033 Train loss -0.9902 | Val loss -0.9890
03-04 10:05:43 -----Epoch 34/99-----
03-04 10:05:43 current lr: 0.0370464
03-04 10:05:43 Saved best checkpoint to ./checkpoint\SSF_PU_0304-100402\best_pt (val_loss=-0.9893)
03-04 10:05:43 Epoch 034 Train loss -0.9905 | Val loss -0.9893
03-04 10:05:43 -----Epoch 35/99-----
03-04 10:05:44 current lr: 0.0363525
03-04 10:05:44 Saved best checkpoint to ./checkpoint\SSF_PU_0304-100402\best_pt (val_loss=-0.9895)
03-04 10:05:44 Epoch 035 Train loss -0.9907 | Val loss -0.9895
03-04 10:05:44 -----Epoch 36/99-----
03-04 10:05:44 current lr: 0.0356474
03-04 10:05:44 Saved best checkpoint to ./checkpoint\SSF_PU_0304-100402\best_pt (val_loss=-0.9896)
03-04 10:05:44 Epoch 036 Train loss -0.9909 | Val loss -0.9896
03-04 10:05:44 -----Epoch 37/99-----
03-04 10:05:44 current lr: 0.0349317
03-04 10:05:44 Saved best checkpoint to ./checkpoint\SSF_PU_0304-100402\best_pt (val_loss=-0.9898)
03-04 10:05:44 Epoch 037 Train loss -0.9910 | Val loss -0.9898
03-04 10:05:44 -----Epoch 38/99-----
03-04 10:05:45 current lr: 0.0342063
03-04 10:05:45 Saved best checkpoint to ./checkpoint\SSF_PU_0304-100402\best_pt (val_loss=-0.9900)
03-04 10:05:45 Epoch 038 Train loss -0.9912 | Val loss -0.9900
03-04 10:05:45 -----Epoch 39/99-----
03-04 10:05:45 current lr: 0.0334718
03-04 10:05:45 Saved best checkpoint to ./checkpoint\SSF_PU_0304-100402\best_pt (val_loss=-0.9901)
03-04 10:05:45 Epoch 039 Train loss -0.9913 | Val loss -0.9901
03-04 10:05:45 -----Epoch 40/99-----
03-04 10:05:46 current lr: 0.0327289
03-04 10:05:46 Saved best checkpoint to ./checkpoint\SSF_PU_0304-100402\best_pt (val_loss=-0.9903)
03-04 10:05:46 Epoch 040 Train loss -0.9914 | Val loss -0.9903
03-04 10:05:46 -----Epoch 41/99-----
03-04 10:05:46 current lr: 0.0319784
03-04 10:05:46 Saved best checkpoint to ./checkpoint\SSF_PU_0304-100402\best_pt (val_loss=-0.9904)
03-04 10:05:46 Epoch 041 Train loss -0.9916 | Val loss -0.9904
03-04 10:05:46 -----Epoch 42/99-----
03-04 10:05:46 current lr: 0.031221
03-04 10:05:46 Saved best checkpoint to ./checkpoint\SSF_PU_0304-100402\best_pt (val_loss=-0.9905)
03-04 10:05:46 Epoch 042 Train loss -0.9917 | Val loss -0.9905
03-04 10:05:46 -----Epoch 43/99-----
03-04 10:05:47 current lr: 0.0304575
03-04 10:05:47 Saved best checkpoint to ./checkpoint\SSF_PU_0304-100402\best_pt (val_loss=-0.9906)
03-04 10:05:47 Epoch 043 Train loss -0.9918 | Val loss -0.9906
03-04 10:05:47 -----Epoch 44/99-----
03-04 10:05:47 current lr: 0.0296886
03-04 10:05:47 Saved best checkpoint to ./checkpoint\SSF_PU_0304-100402\best_pt (val_loss=-0.9906)
03-04 10:05:47 Epoch 044 Train loss -0.9919 | Val loss -0.9906
03-04 10:05:47 -----Epoch 45/99-----
03-04 10:05:48 current lr: 0.0289151
03-04 10:05:48 Saved best checkpoint to ./checkpoint\SSF_PU_0304-100402\best_pt (val_loss=-0.9907)
03-04 10:05:48 Epoch 045 Train loss -0.9919 | Val loss -0.9907
03-04 10:05:48 -----Epoch 46/99-----
03-04 10:05:48 current lr: 0.0281377
03-04 10:05:48 Saved best checkpoint to ./checkpoint\SSF_PU_0304-100402\best_pt (val_loss=-0.9907)
03-04 10:05:48 Epoch 046 Train loss -0.9920 | Val loss -0.9907
03-04 10:05:48 -----Epoch 47/99-----
03-04 10:05:48 current lr: 0.0273572
03-04 10:05:48 Saved best checkpoint to ./checkpoint\SSF_PU_0304-100402\best_pt (val_loss=-0.9908)
03-04 10:05:48 Epoch 047 Train loss -0.9920 | Val loss -0.9908
03-04 10:05:48 -----Epoch 48/99-----
03-04 10:05:49 current lr: 0.0265744
03-04 10:05:49 Saved best checkpoint to ./checkpoint\SSF_PU_0304-100402\best_pt (val_loss=-0.9909)
03-04 10:05:49 Epoch 048 Train loss -0.9921 | Val loss -0.9909
03-04 10:05:49 -----Epoch 49/99-----
03-04 10:05:49 current lr: 0.0257901
03-04 10:05:49 Saved best checkpoint to ./checkpoint\SSF_PU_0304-100402\best_pt (val_loss=-0.9909)
03-04 10:05:49 Epoch 049 Train loss -0.9921 | Val loss -0.9909
03-04 10:05:49 -----Epoch 50/99-----
03-04 10:05:50 current lr: 0.025005
03-04 10:05:50 Saved best checkpoint to ./checkpoint\SSF_PU_0304-100402\best_pt (val_loss=-0.9910)
03-04 10:05:50 Epoch 050 Train loss -0.9923 | Val loss -0.9910
03-04 10:05:50 -----Epoch 51/99-----
03-04 10:05:50 current lr: 0.0242199
03-04 10:05:50 Saved best checkpoint to ./checkpoint\SSF_PU_0304-100402\best_pt (val_loss=-0.9910)
03-04 10:05:50 Epoch 051 Train loss -0.9923 | Val loss -0.9910
03-04 10:05:50 -----Epoch 52/99-----
03-04 10:05:50 current lr: 0.0234356
03-04 10:05:50 Saved best checkpoint to ./checkpoint\SSF_PU_0304-100402\best_pt (val_loss=-0.9911)
03-04 10:05:50 Epoch 052 Train loss -0.9924 | Val loss -0.9911
03-04 10:05:50 -----Epoch 53/99-----
03-04 10:05:51 current lr: 0.0226528
03-04 10:05:51 Saved best checkpoint to ./checkpoint\SSF_PU_0304-100402\best_pt (val_loss=-0.9911)
03-04 10:05:51 Epoch 053 Train loss -0.9924 | Val loss -0.9911
03-04 10:05:51 -----Epoch 54/99-----
03-04 10:05:51 current lr: 0.0218723
03-04 10:05:51 Saved best checkpoint to ./checkpoint\SSF_PU_0304-100402\best_pt (val_loss=-0.9912)
03-04 10:05:51 Epoch 054 Train loss -0.9925 | Val loss -0.9912
03-04 10:05:51 -----Epoch 55/99-----
03-04 10:05:52 current lr: 0.0210949
03-04 10:05:52 Saved best checkpoint to ./checkpoint\SSF_PU_0304-100402\best_pt (val_loss=-0.9912)
03-04 10:05:52 Epoch 055 Train loss -0.9925 | Val loss -0.9912
03-04 10:05:52 -----Epoch 56/99-----
03-04 10:05:52 current lr: 0.0203214
03-04 10:05:52 Saved best checkpoint to ./checkpoint\SSF_PU_0304-100402\best_pt (val_loss=-0.9913)
03-04 10:05:52 Epoch 056 Train loss -0.9926 | Val loss -0.9913
03-04 10:05:52 -----Epoch 57/99-----
03-04 10:05:52 current lr: 0.0195525
03-04 10:05:52 Saved best checkpoint to ./checkpoint\SSF_PU_0304-100402\best_pt (val_loss=-0.9913)
03-04 10:05:52 Epoch 057 Train loss -0.9927 | Val loss -0.9913
03-04 10:05:52 -----Epoch 58/99-----
03-04 10:05:53 current lr: 0.018789
03-04 10:05:53 Saved best checkpoint to ./checkpoint\SSF_PU_0304-100402\best_pt (val_loss=-0.9914)
03-04 10:05:53 Epoch 058 Train loss -0.9927 | Val loss -0.9914
03-04 10:05:53 -----Epoch 59/99-----
03-04 10:05:53 current lr: 0.0180316
03-04 10:05:53 Saved best checkpoint to ./checkpoint\SSF_PU_0304-100402\best_pt (val_loss=-0.9914)
03-04 10:05:53 Epoch 059 Train loss -0.9927 | Val loss -0.9914
03-04 10:05:53 -----Epoch 60/99-----
03-04 10:05:54 current lr: 0.0172811
03-04 10:05:54 Saved best checkpoint to ./checkpoint\SSF_PU_0304-100402\best_pt (val_loss=-0.9915)
03-04 10:05:54 Epoch 060 Train loss -0.9928 | Val loss -0.9915
03-04 10:05:54 -----Epoch 61/99-----
03-04 10:05:54 current lr: 0.0165382
03-04 10:05:54 Saved best checkpoint to ./checkpoint\SSF_PU_0304-100402\best_pt (val_loss=-0.9915)
03-04 10:05:54 Epoch 061 Train loss -0.9928 | Val loss -0.9915
03-04 10:05:54 -----Epoch 62/99-----
03-04 10:05:54 current lr: 0.0158037
03-04 10:05:54 Saved best checkpoint to ./checkpoint\SSF_PU_0304-100402\best_pt (val_loss=-0.9916)
03-04 10:05:54 Epoch 062 Train loss -0.9928 | Val loss -0.9916
03-04 10:05:54 -----Epoch 63/99-----
03-04 10:05:55 current lr: 0.0150783
03-04 10:05:55 Saved best checkpoint to ./checkpoint\SSF_PU_0304-100402\best_pt (val_loss=-0.9916)
03-04 10:05:55 Epoch 063 Train loss -0.9929 | Val loss -0.9916
03-04 10:05:55 -----Epoch 64/99-----
03-04 10:05:55 current lr: 0.0143626
03-04 10:05:55 Saved best checkpoint to ./checkpoint\SSF_PU_0304-100402\best_pt (val_loss=-0.9916)
03-04 10:05:55 Epoch 064 Train loss -0.9929 | Val loss -0.9916
03-04 10:05:55 -----Epoch 65/99-----
03-04 10:05:55 current lr: 0.0136575
03-04 10:05:55 Saved best checkpoint to ./checkpoint\SSF_PU_0304-100402\best_pt (val_loss=-0.9916)
03-04 10:05:55 Epoch 065 Train loss -0.9930 | Val loss -0.9916
03-04 10:05:55 -----Epoch 66/99-----
03-04 10:05:56 current lr: 0.0129636
03-04 10:05:56 Saved best checkpoint to ./checkpoint\SSF_PU_0304-100402\best_pt (val_loss=-0.9916)
03-04 10:05:56 Epoch 066 Train loss -0.9930 | Val loss -0.9916
03-04 10:05:56 -----Epoch 67/99-----
03-04 10:05:56 current lr: 0.0122815
03-04 10:05:56 Saved best checkpoint to ./checkpoint\SSF_PU_0304-100402\best_pt (val_loss=-0.9917)
03-04 10:05:56 Epoch 067 Train loss -0.9930 | Val loss -0.9917
03-04 10:05:56 -----Epoch 68/99-----
03-04 10:05:57 current lr: 0.011612
03-04 10:05:57 Saved best checkpoint to ./checkpoint\SSF_PU_0304-100402\best_pt (val_loss=-0.9917)
03-04 10:05:57 Epoch 068 Train loss -0.9930 | Val loss -0.9917
03-04 10:05:57 -----Epoch 69/99-----
03-04 10:05:57 current lr: 0.0109557
03-04 10:05:57 Saved best checkpoint to ./checkpoint\SSF_PU_0304-100402\best_pt (val_loss=-0.9917)
03-04 10:05:57 Epoch 069 Train loss -0.9931 | Val loss -0.9917
03-04 10:05:57 -----Epoch 70/99-----
03-04 10:05:57 current lr: 0.0103133
03-04 10:05:57 Saved best checkpoint to ./checkpoint\SSF_PU_0304-100402\best_pt (val_loss=-0.9917)
03-04 10:05:57 Epoch 070 Train loss -0.9931 | Val loss -0.9917
03-04 10:05:57 -----Epoch 71/99-----
03-04 10:05:58 current lr: 0.00968539
03-04 10:05:58 Saved best checkpoint to ./checkpoint\SSF_PU_0304-100402\best_pt (val_loss=-0.9917)
03-04 10:05:58 Epoch 071 Train loss -0.9931 | Val loss -0.9917
03-04 10:05:58 -----Epoch 72/99-----
03-04 10:05:58 current lr: 0.00907259
03-04 10:05:58 Saved best checkpoint to ./checkpoint\SSF_PU_0304-100402\best_pt (val_loss=-0.9918)
03-04 10:05:58 Epoch 072 Train loss -0.9931 | Val loss -0.9918
03-04 10:05:58 -----Epoch 73/99-----
03-04 10:05:58 current lr: 0.00847551
03-04 10:05:59 Saved best checkpoint to ./checkpoint\SSF_PU_0304-100402\best_pt (val_loss=-0.9918)
03-04 10:05:59 Epoch 073 Train loss -0.9931 | Val loss -0.9918
03-04 10:05:59 -----Epoch 74/99-----
03-04 10:05:59 current lr: 0.00789475
03-04 10:05:59 Saved best checkpoint to ./checkpoint\SSF_PU_0304-100402\best_pt (val_loss=-0.9918)
03-04 10:05:59 Epoch 074 Train loss -0.9931 | Val loss -0.9918
03-04 10:05:59 -----Epoch 75/99-----
03-04 10:05:59 current lr: 0.00733087
03-04 10:05:59 Saved best checkpoint to ./checkpoint\SSF_PU_0304-100402\best_pt (val_loss=-0.9918)
03-04 10:05:59 Epoch 075 Train loss -0.9931 | Val loss -0.9918
03-04 10:05:59 -----Epoch 76/99-----
03-04 10:06:00 current lr: 0.00678443
03-04 10:06:00 Saved best checkpoint to ./checkpoint\SSF_PU_0304-100402\best_pt (val_loss=-0.9918)
03-04 10:06:00 Epoch 076 Train loss -0.9932 | Val loss -0.9918
03-04 10:06:00 -----Epoch 77/99-----
03-04 10:06:00 current lr: 0.00625597
03-04 10:06:00 Saved best checkpoint to ./checkpoint\SSF_PU_0304-100402\best_pt (val_loss=-0.9918)
03-04 10:06:00 Epoch 077 Train loss -0.9932 | Val loss -0.9918
03-04 10:06:00 -----Epoch 78/99-----
03-04 10:06:00 current lr: 0.00574602
03-04 10:06:00 Saved best checkpoint to ./checkpoint\SSF_PU_0304-100402\best_pt (val_loss=-0.9918)
03-04 10:06:00 Epoch 078 Train loss -0.9932 | Val loss -0.9918
03-04 10:06:00 -----Epoch 79/99-----
03-04 10:06:01 current lr: 0.00525508
03-04 10:06:01 Saved best checkpoint to ./checkpoint\SSF_PU_0304-100402\best_pt (val_loss=-0.9918)
03-04 10:06:01 Epoch 079 Train loss -0.9932 | Val loss -0.9918
03-04 10:06:01 -----Epoch 80/99-----
03-04 10:06:01 current lr: 0.00478362
03-04 10:06:01 Saved best checkpoint to ./checkpoint\SSF_PU_0304-100402\best_pt (val_loss=-0.9919)
03-04 10:06:01 Epoch 080 Train loss -0.9932 | Val loss -0.9919
03-04 10:06:01 -----Epoch 81/99-----
03-04 10:06:02 current lr: 0.00433212
03-04 10:06:02 Saved best checkpoint to ./checkpoint\SSF_PU_0304-100402\best_pt (val_loss=-0.9919)
03-04 10:06:02 Epoch 081 Train loss -0.9932 | Val loss -0.9919
03-04 10:06:02 -----Epoch 82/99-----
03-04 10:06:02 current lr: 0.00390102
03-04 10:06:02 Saved best checkpoint to ./checkpoint\SSF_PU_0304-100402\best_pt (val_loss=-0.9919)
03-04 10:06:02 Epoch 082 Train loss -0.9932 | Val loss -0.9919
03-04 10:06:02 -----Epoch 83/99-----
03-04 10:06:03 current lr: 0.00349075
03-04 10:06:03 Saved best checkpoint to ./checkpoint\SSF_PU_0304-100402\best_pt (val_loss=-0.9919)
03-04 10:06:03 Epoch 083 Train loss -0.9932 | Val loss -0.9919
03-04 10:06:03 -----Epoch 84/99-----
03-04 10:06:03 current lr: 0.00310171
03-04 10:06:03 Saved best checkpoint to ./checkpoint\SSF_PU_0304-100402\best_pt (val_loss=-0.9919)
03-04 10:06:03 Epoch 084 Train loss -0.9932 | Val loss -0.9919
03-04 10:06:03 -----Epoch 85/99-----
03-04 10:06:03 current lr: 0.00273429
03-04 10:06:03 Saved best checkpoint to ./checkpoint\SSF_PU_0304-100402\best_pt (val_loss=-0.9919)
03-04 10:06:03 Epoch 085 Train loss -0.9933 | Val loss -0.9919
03-04 10:06:03 -----Epoch 86/99-----
03-04 10:06:04 current lr: 0.00238885
03-04 10:06:04 Saved best checkpoint to ./checkpoint\SSF_PU_0304-100402\best_pt (val_loss=-0.9919)
03-04 10:06:04 Epoch 086 Train loss -0.9933 | Val loss -0.9919
03-04 10:06:04 -----Epoch 87/99-----
03-04 10:06:04 current lr: 0.00206572
03-04 10:06:04 Saved best checkpoint to ./checkpoint\SSF_PU_0304-100402\best_pt (val_loss=-0.9919)
03-04 10:06:04 Epoch 087 Train loss -0.9933 | Val loss -0.9919
03-04 10:06:04 -----Epoch 88/99-----
03-04 10:06:04 current lr: 0.00176524
03-04 10:06:04 Saved best checkpoint to ./checkpoint\SSF_PU_0304-100402\best_pt (val_loss=-0.9919)
03-04 10:06:04 Epoch 088 Train loss -0.9933 | Val loss -0.9919
03-04 10:06:04 -----Epoch 89/99-----
03-04 10:06:05 current lr: 0.00148769
03-04 10:06:05 Saved best checkpoint to ./checkpoint\SSF_PU_0304-100402\best_pt (val_loss=-0.9919)
03-04 10:06:05 Epoch 089 Train loss -0.9933 | Val loss -0.9919
03-04 10:06:05 -----Epoch 90/99-----
03-04 10:06:05 current lr: 0.00123334
03-04 10:06:05 Saved best checkpoint to ./checkpoint\SSF_PU_0304-100402\best_pt (val_loss=-0.9919)
03-04 10:06:05 Epoch 090 Train loss -0.9933 | Val loss -0.9919
03-04 10:06:05 -----Epoch 91/99-----
03-04 10:06:06 current lr: 0.00100246
03-04 10:06:06 Saved best checkpoint to ./checkpoint\SSF_PU_0304-100402\best_pt (val_loss=-0.9919)
03-04 10:06:06 Epoch 091 Train loss -0.9933 | Val loss -0.9919
03-04 10:06:06 -----Epoch 92/99-----
03-04 10:06:06 current lr: 0.000795264
03-04 10:06:06 Saved best checkpoint to ./checkpoint\SSF_PU_0304-100402\best_pt (val_loss=-0.9919)
03-04 10:06:06 Epoch 092 Train loss -0.9933 | Val loss -0.9919
03-04 10:06:06 -----Epoch 93/99-----
03-04 10:06:06 current lr: 0.000611961
03-04 10:06:06 Saved best checkpoint to ./checkpoint\SSF_PU_0304-100402\best_pt (val_loss=-0.9919)
03-04 10:06:06 Epoch 093 Train loss -0.9933 | Val loss -0.9919
03-04 10:06:06 -----Epoch 94/99-----
03-04 10:06:07 current lr: 0.00045273
03-04 10:06:07 Saved best checkpoint to ./checkpoint\SSF_PU_0304-100402\best_pt (val_loss=-0.9919)
03-04 10:06:07 Epoch 094 Train loss -0.9933 | Val loss -0.9919
03-04 10:06:07 -----Epoch 95/99-----
03-04 10:06:07 current lr: 0.00031773
03-04 10:06:07 No improvement in val_loss for 1/5 epochs.
03-04 10:06:07 Epoch 095 Train loss -0.9933 | Val loss -0.9919
03-04 10:06:07 -----Epoch 96/99-----
03-04 10:06:07 current lr: 0.000207093
03-04 10:06:07 No improvement in val_loss for 2/5 epochs.
03-04 10:06:07 Epoch 096 Train loss -0.9933 | Val loss -0.9919
03-04 10:06:07 -----Epoch 97/99-----
03-04 10:06:08 current lr: 0.000120929
03-04 10:06:08 No improvement in val_loss for 3/5 epochs.
03-04 10:06:08 Epoch 097 Train loss -0.9933 | Val loss -0.9919
03-04 10:06:08 -----Epoch 98/99-----
03-04 10:06:08 current lr: 5.93219e-05
03-04 10:06:08 No improvement in val_loss for 4/5 epochs.
03-04 10:06:08 Epoch 098 Train loss -0.9933 | Val loss -0.9919
03-04 10:06:08 -----Epoch 99/99-----
03-04 10:06:09 current lr: 2.23335e-05
03-04 10:06:09 No improvement in val_loss for 5/5 epochs.
03-04 10:06:09 Early stopping at epoch 99 (best val_loss=-0.9919).
03-04 10:06:09 Epoch 099 Train loss -0.9932 | Val loss -0.9919
03-04 10:06:09 TEST (last): loss -0.9919
03-04 10:06:09 [LP epoch 00] train_loss=1.4631 train_acc=0.1500 | val_loss=1.4102 val_acc=0.2350 | 
03-04 10:06:09 [LP epoch 01] train_loss=1.3861 train_acc=0.1750 | val_loss=1.4043 val_acc=0.2500 | 
03-04 10:06:09 [LP epoch 02] train_loss=1.3280 train_acc=0.2500 | val_loss=1.3984 val_acc=0.2775 | 
03-04 10:06:09 [LP epoch 03] train_loss=1.2789 train_acc=0.3250 | val_loss=1.3925 val_acc=0.2900 | 
03-04 10:06:09 [LP epoch 04] train_loss=1.2362 train_acc=0.4500 | val_loss=1.3864 val_acc=0.3025 | 
03-04 10:06:09 [LP epoch 05] train_loss=1.2007 train_acc=0.4750 | val_loss=1.3806 val_acc=0.2925 | 
03-04 10:06:10 [LP epoch 06] train_loss=1.1693 train_acc=0.5500 | val_loss=1.3748 val_acc=0.3075 | 
03-04 10:06:10 [LP epoch 07] train_loss=1.1415 train_acc=0.5750 | val_loss=1.3693 val_acc=0.3175 | 
03-04 10:06:10 [LP epoch 08] train_loss=1.1163 train_acc=0.6750 | val_loss=1.3639 val_acc=0.3250 | 
03-04 10:06:10 [LP epoch 09] train_loss=1.0944 train_acc=0.6750 | val_loss=1.3588 val_acc=0.3550 | 
03-04 10:06:10 [LP epoch 10] train_loss=1.0738 train_acc=0.6750 | val_loss=1.3541 val_acc=0.3700 | 
03-04 10:06:10 [LP epoch 11] train_loss=1.0548 train_acc=0.6750 | val_loss=1.3496 val_acc=0.3575 | 
03-04 10:06:10 [LP epoch 12] train_loss=1.0370 train_acc=0.7000 | val_loss=1.3452 val_acc=0.3650 | 
03-04 10:06:10 [LP epoch 13] train_loss=1.0210 train_acc=0.7000 | val_loss=1.3410 val_acc=0.3700 | 
03-04 10:06:10 [LP epoch 14] train_loss=1.0060 train_acc=0.7000 | val_loss=1.3366 val_acc=0.3775 | 
03-04 10:06:10 [LP epoch 15] train_loss=0.9912 train_acc=0.7000 | val_loss=1.3323 val_acc=0.3825 | 
03-04 10:06:11 [LP epoch 16] train_loss=0.9763 train_acc=0.7000 | val_loss=1.3287 val_acc=0.3925 | 
03-04 10:06:11 [LP epoch 17] train_loss=0.9625 train_acc=0.7250 | val_loss=1.3256 val_acc=0.4150 | 
03-04 10:06:11 [LP epoch 18] train_loss=0.9484 train_acc=0.7750 | val_loss=1.3226 val_acc=0.4175 | 
03-04 10:06:11 [LP epoch 19] train_loss=0.9349 train_acc=0.7750 | val_loss=1.3194 val_acc=0.4150 | 
03-04 10:06:11 [LP epoch 20] train_loss=0.9210 train_acc=0.7750 | val_loss=1.3157 val_acc=0.4200 | 
03-04 10:06:11 [LP epoch 21] train_loss=0.9075 train_acc=0.7750 | val_loss=1.3118 val_acc=0.4300 | 
03-04 10:06:11 [LP epoch 22] train_loss=0.8943 train_acc=0.8000 | val_loss=1.3078 val_acc=0.4325 | 
03-04 10:06:12 [LP epoch 23] train_loss=0.8815 train_acc=0.7750 | val_loss=1.3040 val_acc=0.4300 | 
03-04 10:06:12 [LP epoch 24] train_loss=0.8706 train_acc=0.7500 | val_loss=1.3001 val_acc=0.4250 | 
03-04 10:06:12 [LP epoch 25] train_loss=0.8588 train_acc=0.7500 | val_loss=1.2963 val_acc=0.4225 | 
03-04 10:06:12 [LP epoch 26] train_loss=0.8465 train_acc=0.7500 | val_loss=1.2925 val_acc=0.4275 | 
03-04 10:06:12 [LP epoch 27] train_loss=0.8351 train_acc=0.8000 | val_loss=1.2890 val_acc=0.4325 | 
03-04 10:06:12 [LP epoch 28] train_loss=0.8246 train_acc=0.8000 | val_loss=1.2864 val_acc=0.4325 | 
03-04 10:06:12 [LP epoch 29] train_loss=0.8132 train_acc=0.8000 | val_loss=1.2844 val_acc=0.4425 | 
03-04 10:06:12 [LP epoch 30] train_loss=0.8014 train_acc=0.8000 | val_loss=1.2826 val_acc=0.4400 | 
03-04 10:06:13 [LP epoch 31] train_loss=0.7898 train_acc=0.8000 | val_loss=1.2802 val_acc=0.4450 | 
03-04 10:06:13 [LP epoch 32] train_loss=0.7789 train_acc=0.8000 | val_loss=1.2766 val_acc=0.4400 | 
03-04 10:06:13 [LP epoch 33] train_loss=0.7677 train_acc=0.8000 | val_loss=1.2718 val_acc=0.4400 | 
03-04 10:06:13 [LP epoch 34] train_loss=0.7554 train_acc=0.8000 | val_loss=1.2662 val_acc=0.4450 | 
03-04 10:06:13 [LP epoch 35] train_loss=0.7425 train_acc=0.8250 | val_loss=1.2603 val_acc=0.4475 | 
03-04 10:06:13 [LP epoch 36] train_loss=0.7301 train_acc=0.8750 | val_loss=1.2547 val_acc=0.4525 | 
03-04 10:06:13 [LP epoch 37] train_loss=0.7180 train_acc=0.8750 | val_loss=1.2493 val_acc=0.4525 | 
03-04 10:06:13 [LP epoch 38] train_loss=0.7056 train_acc=0.8750 | val_loss=1.2450 val_acc=0.4600 | 
03-04 10:06:14 [LP epoch 39] train_loss=0.6930 train_acc=0.8750 | val_loss=1.2418 val_acc=0.4675 | 
03-04 10:06:14 [LP epoch 40] train_loss=0.6810 train_acc=0.8750 | val_loss=1.2382 val_acc=0.4650 | 
03-04 10:06:14 [LP epoch 41] train_loss=0.6688 train_acc=0.8750 | val_loss=1.2335 val_acc=0.4625 | 
03-04 10:06:14 [LP epoch 42] train_loss=0.6565 train_acc=0.8750 | val_loss=1.2274 val_acc=0.4675 | 
03-04 10:06:14 [LP epoch 43] train_loss=0.6440 train_acc=0.8750 | val_loss=1.2223 val_acc=0.4750 | 
03-04 10:06:14 [LP epoch 44] train_loss=0.6325 train_acc=0.9250 | val_loss=1.2172 val_acc=0.4750 | 
03-04 10:06:14 [LP epoch 45] train_loss=0.6205 train_acc=0.9250 | val_loss=1.2127 val_acc=0.4750 | 
03-04 10:06:14 [LP epoch 46] train_loss=0.6076 train_acc=0.9250 | val_loss=1.2087 val_acc=0.4725 | 
03-04 10:06:14 [LP epoch 47] train_loss=0.5949 train_acc=0.9500 | val_loss=1.2058 val_acc=0.4825 | 
03-04 10:06:15 [LP epoch 48] train_loss=0.5826 train_acc=0.9500 | val_loss=1.2034 val_acc=0.4850 | 
03-04 10:06:15 [LP epoch 49] train_loss=0.5703 train_acc=0.9500 | val_loss=1.2018 val_acc=0.4825 | 
03-04 10:06:15 Saved linear-probe checkpoint: ./checkpoint\SSF_PU_0304-100402\linear_probe_best.pt (best_val_acc=0.4850)
03-04 10:06:15 TEST linear-probe: loss=1.2939 acc=0.4575
03-04 10:06:15 model_name: SSF
03-04 10:06:15 data_name: PU
03-04 10:06:15 aug_1: normal
03-04 10:06:15 aug_2: randomcrop
03-04 10:06:15 max_epoch: 100
03-04 10:06:15 classifier_epoch: 50
03-04 10:06:15 data_view: TwoViewDataset
03-04 10:06:15 cuda_device: 0
03-04 10:06:15 checkpoint_dir: ./checkpoint
03-04 10:06:15 batch_size: 64
03-04 10:06:15 data_dir: raw_data/PU
03-04 10:06:15 out_channel: 4
03-04 10:06:15 normlizetype: minus_one_one
03-04 10:06:15 processing_type: RA
03-04 10:06:15 opt: sgd
03-04 10:06:15 lr: 0.05
03-04 10:06:15 momentum: 0.9
03-04 10:06:15 weight_decay: 1e-05
03-04 10:06:15 lr_scheduler: cos
03-04 10:06:15 gamma: 0.95
03-04 10:06:15 eta_min: 1e-05
03-04 10:06:15 latent_space: 128
03-04 10:06:15 num_blocks_ssf: 5
03-04 10:06:15 hidden_channel: 256
03-04 10:06:15 task: self_supervised
03-04 10:06:15 critetion: <class 'utils.loss_SSL.SimSiamLoss'>
03-04 10:06:15 using 1 gpus
03-04 10:06:15 Dataset class: <class 'data_utils.datasets.PU.PU'>
03-04 10:06:16 Split sizes: train=400 val=400 test=400, classier=40
03-04 10:06:16 Label counts train: Counter({0: 100, 1: 100, 2: 100, 3: 100})
03-04 10:06:16 Label counts val:   Counter({0: 100, 1: 100, 2: 100, 3: 100})
03-04 10:06:16 Label counts test:  Counter({0: 100, 1: 100, 2: 100, 3: 100})
03-04 10:06:16 Label counts classifier:  Counter({0: 10, 1: 10, 2: 10, 3: 10})
03-04 10:06:16 -----Epoch 0/99-----
03-04 10:06:16 current lr: 0.05
03-04 10:06:17 Saved best checkpoint to ./checkpoint\SSF_PU_0304-100402\best_pt (val_loss=-0.6222)
03-04 10:06:17 Epoch 000 Train loss -0.4306 | Val loss -0.6222
03-04 10:06:17 -----Epoch 1/99-----
03-04 10:06:17 current lr: 0.0499877
03-04 10:06:17 Saved best checkpoint to ./checkpoint\SSF_PU_0304-100402\best_pt (val_loss=-0.8104)
03-04 10:06:17 Epoch 001 Train loss -0.8863 | Val loss -0.8104
03-04 10:06:17 -----Epoch 2/99-----
03-04 10:06:17 current lr: 0.0499507
03-04 10:06:17 Saved best checkpoint to ./checkpoint\SSF_PU_0304-100402\best_pt (val_loss=-0.9030)
03-04 10:06:17 Epoch 002 Train loss -0.9150 | Val loss -0.9030
03-04 10:06:17 -----Epoch 3/99-----
03-04 10:06:18 current lr: 0.0498891
03-04 10:06:18 Saved best checkpoint to ./checkpoint\SSF_PU_0304-100402\best_pt (val_loss=-0.9351)
03-04 10:06:18 Epoch 003 Train loss -0.9329 | Val loss -0.9351
03-04 10:06:18 -----Epoch 4/99-----
03-04 10:06:18 current lr: 0.0498029
03-04 10:06:18 Saved best checkpoint to ./checkpoint\SSF_PU_0304-100402\best_pt (val_loss=-0.9511)
03-04 10:06:18 Epoch 004 Train loss -0.9488 | Val loss -0.9511
03-04 10:06:18 -----Epoch 5/99-----
03-04 10:06:18 current lr: 0.0496923
03-04 10:06:18 Saved best checkpoint to ./checkpoint\SSF_PU_0304-100402\best_pt (val_loss=-0.9596)
03-04 10:06:18 Epoch 005 Train loss -0.9596 | Val loss -0.9596
03-04 10:06:18 -----Epoch 6/99-----
03-04 10:06:19 current lr: 0.0495573
03-04 10:06:19 Saved best checkpoint to ./checkpoint\SSF_PU_0304-100402\best_pt (val_loss=-0.9652)
03-04 10:06:19 Epoch 006 Train loss -0.9664 | Val loss -0.9652
03-04 10:06:19 -----Epoch 7/99-----
03-04 10:06:19 current lr: 0.049398
03-04 10:06:19 Saved best checkpoint to ./checkpoint\SSF_PU_0304-100402\best_pt (val_loss=-0.9696)
03-04 10:06:19 Epoch 007 Train loss -0.9713 | Val loss -0.9696
03-04 10:06:19 -----Epoch 8/99-----
03-04 10:06:20 current lr: 0.0492147
03-04 10:06:20 Saved best checkpoint to ./checkpoint\SSF_PU_0304-100402\best_pt (val_loss=-0.9730)
03-04 10:06:20 Epoch 008 Train loss -0.9753 | Val loss -0.9730
03-04 10:06:20 -----Epoch 9/99-----
03-04 10:06:20 current lr: 0.0490075
03-04 10:06:20 Saved best checkpoint to ./checkpoint\SSF_PU_0304-100402\best_pt (val_loss=-0.9756)
03-04 10:06:20 Epoch 009 Train loss -0.9781 | Val loss -0.9756
03-04 10:06:20 -----Epoch 10/99-----
03-04 10:06:20 current lr: 0.0487767
03-04 10:06:20 Saved best checkpoint to ./checkpoint\SSF_PU_0304-100402\best_pt (val_loss=-0.9774)
03-04 10:06:20 Epoch 010 Train loss -0.9799 | Val loss -0.9774
03-04 10:06:20 -----Epoch 11/99-----
03-04 10:06:21 current lr: 0.0485223
03-04 10:06:21 Saved best checkpoint to ./checkpoint\SSF_PU_0304-100402\best_pt (val_loss=-0.9786)
03-04 10:06:21 Epoch 011 Train loss -0.9810 | Val loss -0.9786
03-04 10:06:21 -----Epoch 12/99-----
03-04 10:06:21 current lr: 0.0482448
03-04 10:06:21 Saved best checkpoint to ./checkpoint\SSF_PU_0304-100402\best_pt (val_loss=-0.9794)
03-04 10:06:21 Epoch 012 Train loss -0.9818 | Val loss -0.9794
03-04 10:06:21 -----Epoch 13/99-----
03-04 10:06:22 current lr: 0.0479443
03-04 10:06:22 Saved best checkpoint to ./checkpoint\SSF_PU_0304-100402\best_pt (val_loss=-0.9800)
03-04 10:06:22 Epoch 013 Train loss -0.9823 | Val loss -0.9800
03-04 10:06:22 -----Epoch 14/99-----
03-04 10:06:22 current lr: 0.0476212
03-04 10:06:22 Saved best checkpoint to ./checkpoint\SSF_PU_0304-100402\best_pt (val_loss=-0.9808)
03-04 10:06:22 Epoch 014 Train loss -0.9828 | Val loss -0.9808
03-04 10:06:22 -----Epoch 15/99-----
03-04 10:06:22 current lr: 0.0472757
03-04 10:06:22 Saved best checkpoint to ./checkpoint\SSF_PU_0304-100402\best_pt (val_loss=-0.9818)
03-04 10:06:22 Epoch 015 Train loss -0.9837 | Val loss -0.9818
03-04 10:06:22 -----Epoch 16/99-----
03-04 10:06:23 current lr: 0.0469083
03-04 10:06:23 Saved best checkpoint to ./checkpoint\SSF_PU_0304-100402\best_pt (val_loss=-0.9825)
03-04 10:06:23 Epoch 016 Train loss -0.9845 | Val loss -0.9825
03-04 10:06:23 -----Epoch 17/99-----
03-04 10:06:23 current lr: 0.0465192
03-04 10:06:23 Saved best checkpoint to ./checkpoint\SSF_PU_0304-100402\best_pt (val_loss=-0.9831)
03-04 10:06:23 Epoch 017 Train loss -0.9851 | Val loss -0.9831
03-04 10:06:23 -----Epoch 18/99-----
03-04 10:06:23 current lr: 0.046109
03-04 10:06:23 Saved best checkpoint to ./checkpoint\SSF_PU_0304-100402\best_pt (val_loss=-0.9836)
03-04 10:06:23 Epoch 018 Train loss -0.9855 | Val loss -0.9836
03-04 10:06:23 -----Epoch 19/99-----
03-04 10:06:24 current lr: 0.0456779
03-04 10:06:24 Saved best checkpoint to ./checkpoint\SSF_PU_0304-100402\best_pt (val_loss=-0.9842)
03-04 10:06:24 Epoch 019 Train loss -0.9859 | Val loss -0.9842
03-04 10:06:24 -----Epoch 20/99-----
03-04 10:06:24 current lr: 0.0452264
03-04 10:06:24 Saved best checkpoint to ./checkpoint\SSF_PU_0304-100402\best_pt (val_loss=-0.9848)
03-04 10:06:24 Epoch 020 Train loss -0.9864 | Val loss -0.9848
03-04 10:06:24 -----Epoch 21/99-----
03-04 10:06:24 current lr: 0.0447549
03-04 10:06:25 Saved best checkpoint to ./checkpoint\SSF_PU_0304-100402\best_pt (val_loss=-0.9853)
03-04 10:06:25 Epoch 021 Train loss -0.9869 | Val loss -0.9853
03-04 10:06:25 -----Epoch 22/99-----
03-04 10:06:25 current lr: 0.044264
03-04 10:06:25 Saved best checkpoint to ./checkpoint\SSF_PU_0304-100402\best_pt (val_loss=-0.9857)
03-04 10:06:25 Epoch 022 Train loss -0.9874 | Val loss -0.9857
03-04 10:06:25 -----Epoch 23/99-----
03-04 10:06:25 current lr: 0.043754
03-04 10:06:25 Saved best checkpoint to ./checkpoint\SSF_PU_0304-100402\best_pt (val_loss=-0.9860)
03-04 10:06:25 Epoch 023 Train loss -0.9877 | Val loss -0.9860
03-04 10:06:25 -----Epoch 24/99-----
03-04 10:06:26 current lr: 0.0432256
03-04 10:06:26 Saved best checkpoint to ./checkpoint\SSF_PU_0304-100402\best_pt (val_loss=-0.9863)
03-04 10:06:26 Epoch 024 Train loss -0.9881 | Val loss -0.9863
03-04 10:06:26 -----Epoch 25/99-----
03-04 10:06:26 current lr: 0.0426791
03-04 10:06:26 Saved best checkpoint to ./checkpoint\SSF_PU_0304-100402\best_pt (val_loss=-0.9867)
03-04 10:06:26 Epoch 025 Train loss -0.9885 | Val loss -0.9867
03-04 10:06:26 -----Epoch 26/99-----
03-04 10:06:26 current lr: 0.0421153
03-04 10:06:26 Saved best checkpoint to ./checkpoint\SSF_PU_0304-100402\best_pt (val_loss=-0.9871)
03-04 10:06:26 Epoch 026 Train loss -0.9888 | Val loss -0.9871
03-04 10:06:26 -----Epoch 27/99-----
03-04 10:06:27 current lr: 0.0415345
03-04 10:06:27 Saved best checkpoint to ./checkpoint\SSF_PU_0304-100402\best_pt (val_loss=-0.9874)
03-04 10:06:27 Epoch 027 Train loss -0.9892 | Val loss -0.9874
03-04 10:06:27 -----Epoch 28/99-----
03-04 10:06:27 current lr: 0.0409374
03-04 10:06:27 Saved best checkpoint to ./checkpoint\SSF_PU_0304-100402\best_pt (val_loss=-0.9877)
03-04 10:06:27 Epoch 028 Train loss -0.9894 | Val loss -0.9877
03-04 10:06:27 -----Epoch 29/99-----
03-04 10:06:27 current lr: 0.0403246
03-04 10:06:27 Saved best checkpoint to ./checkpoint\SSF_PU_0304-100402\best_pt (val_loss=-0.9879)
03-04 10:06:27 Epoch 029 Train loss -0.9896 | Val loss -0.9879
03-04 10:06:27 -----Epoch 30/99-----
03-04 10:06:28 current lr: 0.0396967
03-04 10:06:28 Saved best checkpoint to ./checkpoint\SSF_PU_0304-100402\best_pt (val_loss=-0.9881)
03-04 10:06:28 Epoch 030 Train loss -0.9899 | Val loss -0.9881
03-04 10:06:28 -----Epoch 31/99-----
03-04 10:06:28 current lr: 0.0390543
03-04 10:06:28 Saved best checkpoint to ./checkpoint\SSF_PU_0304-100402\best_pt (val_loss=-0.9883)
03-04 10:06:28 Epoch 031 Train loss -0.9901 | Val loss -0.9883
03-04 10:06:28 -----Epoch 32/99-----
03-04 10:06:28 current lr: 0.038398
03-04 10:06:28 Saved best checkpoint to ./checkpoint\SSF_PU_0304-100402\best_pt (val_loss=-0.9885)
03-04 10:06:28 Epoch 032 Train loss -0.9903 | Val loss -0.9885
03-04 10:06:28 -----Epoch 33/99-----
03-04 10:06:29 current lr: 0.0377285
03-04 10:06:29 Saved best checkpoint to ./checkpoint\SSF_PU_0304-100402\best_pt (val_loss=-0.9887)
03-04 10:06:29 Epoch 033 Train loss -0.9904 | Val loss -0.9887
03-04 10:06:29 -----Epoch 34/99-----
03-04 10:06:29 current lr: 0.0370464
03-04 10:06:29 Saved best checkpoint to ./checkpoint\SSF_PU_0304-100402\best_pt (val_loss=-0.9889)
03-04 10:06:29 Epoch 034 Train loss -0.9906 | Val loss -0.9889
03-04 10:06:29 -----Epoch 35/99-----
03-04 10:06:29 current lr: 0.0363525
03-04 10:06:29 Saved best checkpoint to ./checkpoint\SSF_PU_0304-100402\best_pt (val_loss=-0.9891)
03-04 10:06:29 Epoch 035 Train loss -0.9907 | Val loss -0.9891
03-04 10:06:29 -----Epoch 36/99-----
