03-04 14:24:31 model_name: SSF
03-04 14:24:31 data_name: SEU
03-04 14:24:31 aug_1: randomcrop
03-04 14:24:31 aug_2: scale
03-04 14:24:31 max_epoch: 50
03-04 14:24:31 classifier_epoch: 50
03-04 14:24:31 data_view: TwoViewDataset
03-04 14:24:31 cuda_device: 0
03-04 14:24:31 checkpoint_dir: ./checkpoint
03-04 14:24:31 batch_size: 64
03-04 14:24:31 data_dir: raw_data/SEU/gearbox
03-04 14:24:31 out_channel: 5
03-04 14:24:31 normlizetype: minus_one_one
03-04 14:24:31 processing_type: RA
03-04 14:24:31 opt: sgd
03-04 14:24:31 lr: 0.05
03-04 14:24:31 momentum: 0.9
03-04 14:24:31 weight_decay: 0.0001
03-04 14:24:31 lr_scheduler: cos
03-04 14:24:31 gamma: 0.95
03-04 14:24:31 eta_min: 1e-05
03-04 14:24:31 latent_space: 64
03-04 14:24:31 num_blocks_ssf: 7
03-04 14:24:31 hidden_channel: 256
03-04 14:24:31 task: self_supervised
03-04 14:24:31 critetion: <class 'utils.loss_SSL.SimSiamLoss'>
03-04 14:24:31 using 1 gpus
03-04 14:24:31 Dataset class: <class 'data_utils.datasets.SEU.SEU'>
