02-24 13:02:53 model_name: SSF
02-24 13:02:53 data_name: PU
02-24 13:02:53 aug_1: normal
02-24 13:02:53 aug_2: randomcrop
02-24 13:02:53 max_epoch: 20
02-24 13:02:53 classifier_epoch: 50
02-24 13:02:53 data_view: TwoViewDataset
02-24 13:02:53 cuda_device: 0
02-24 13:02:53 checkpoint_dir: ./checkpoint
02-24 13:02:53 batch_size: 32
02-24 13:02:53 data_dir: raw_data/PU
02-24 13:02:53 out_channel: 4
02-24 13:02:53 normlizetype: minus_one_one
02-24 13:02:53 processing_type: RA
02-24 13:02:53 opt: sgd
02-24 13:02:53 lr: 0.01
02-24 13:02:53 momentum: 0.9
02-24 13:02:53 weight_decay: 1e-05
02-24 13:02:53 lr_scheduler: cos
02-24 13:02:53 gamma: 0.1
02-24 13:02:53 eta_min: 1e-05
02-24 13:02:53 latent_space: 128
02-24 13:02:53 task: self_supervised
02-24 13:02:53 critetion: <class 'utils.loss_SSL.SimSiamLoss'>
02-24 13:02:53 using 1 gpus
02-24 13:02:53 Dataset class: <class 'data_utils.datasets.PU.PU'>
02-24 13:02:54 Split sizes: train=21802 val=2336 test=4672, classier=2336
02-24 13:02:55 Label counts train: Counter({3: 8481, 1: 7718, 0: 3501, 2: 2102})
02-24 13:02:55 Label counts val:   Counter({3: 909, 1: 827, 0: 375, 2: 225})
02-24 13:02:56 Label counts test:  Counter({3: 1817, 1: 1654, 0: 750, 2: 451})
02-24 13:02:56 Label counts classifier:  Counter({3: 909, 1: 827, 0: 375, 2: 225})
02-24 13:02:57 -----Epoch 0/19-----
02-24 13:03:14 current lr: 0.01
02-24 13:03:14 Saved best checkpoint to ./checkpoint\SSF_PU_0224-130253\best_pt (val_loss=-0.9948)
02-24 13:03:14 Epoch 000 Train loss -0.9756 | Val loss -0.9948
02-24 13:03:14 -----Epoch 1/19-----
02-24 13:03:31 current lr: 0.0099385
02-24 13:03:31 Saved best checkpoint to ./checkpoint\SSF_PU_0224-130253\best_pt (val_loss=-0.9962)
02-24 13:03:31 Epoch 001 Train loss -0.9949 | Val loss -0.9962
02-24 13:03:31 -----Epoch 2/19-----
02-24 13:03:46 current lr: 0.00975553
02-24 13:03:46 Saved best checkpoint to ./checkpoint\SSF_PU_0224-130253\best_pt (val_loss=-0.9969)
02-24 13:03:46 Epoch 002 Train loss -0.9959 | Val loss -0.9969
02-24 13:03:46 -----Epoch 3/19-----
02-24 13:04:02 current lr: 0.00945558
02-24 13:04:03 Saved best checkpoint to ./checkpoint\SSF_PU_0224-130253\best_pt (val_loss=-0.9973)
02-24 13:04:03 Epoch 003 Train loss -0.9964 | Val loss -0.9973
02-24 13:04:03 -----Epoch 4/19-----
02-24 13:04:19 current lr: 0.00904604
02-24 13:04:19 Saved best checkpoint to ./checkpoint\SSF_PU_0224-130253\best_pt (val_loss=-0.9976)
02-24 13:04:19 Epoch 004 Train loss -0.9968 | Val loss -0.9976
02-24 13:04:19 -----Epoch 5/19-----
02-24 13:04:35 current lr: 0.008537
02-24 13:04:35 Saved best checkpoint to ./checkpoint\SSF_PU_0224-130253\best_pt (val_loss=-0.9978)
02-24 13:04:35 Epoch 005 Train loss -0.9971 | Val loss -0.9978
02-24 13:04:35 -----Epoch 6/19-----
02-24 13:04:50 current lr: 0.00794099
02-24 13:04:50 Saved best checkpoint to ./checkpoint\SSF_PU_0224-130253\best_pt (val_loss=-0.9980)
02-24 13:04:50 Epoch 006 Train loss -0.9973 | Val loss -0.9980
02-24 13:04:50 -----Epoch 7/19-----
02-24 13:05:06 current lr: 0.00727268
02-24 13:05:06 Saved best checkpoint to ./checkpoint\SSF_PU_0224-130253\best_pt (val_loss=-0.9981)
02-24 13:05:06 Epoch 007 Train loss -0.9974 | Val loss -0.9981
02-24 13:05:06 -----Epoch 8/19-----
02-24 13:05:22 current lr: 0.00654854
02-24 13:05:22 Saved best checkpoint to ./checkpoint\SSF_PU_0224-130253\best_pt (val_loss=-0.9982)
02-24 13:05:22 Epoch 008 Train loss -0.9975 | Val loss -0.9982
02-24 13:05:22 -----Epoch 9/19-----
02-24 13:05:39 current lr: 0.00578639
02-24 13:05:39 Saved best checkpoint to ./checkpoint\SSF_PU_0224-130253\best_pt (val_loss=-0.9982)
02-24 13:05:39 Epoch 009 Train loss -0.9976 | Val loss -0.9982
02-24 13:05:39 -----Epoch 10/19-----
02-24 13:05:54 current lr: 0.005005
02-24 13:05:55 Saved best checkpoint to ./checkpoint\SSF_PU_0224-130253\best_pt (val_loss=-0.9983)
02-24 13:05:55 Epoch 010 Train loss -0.9977 | Val loss -0.9983
02-24 13:05:55 -----Epoch 11/19-----
02-24 13:06:11 current lr: 0.00422361
02-24 13:06:11 Saved best checkpoint to ./checkpoint\SSF_PU_0224-130253\best_pt (val_loss=-0.9983)
02-24 13:06:11 Epoch 011 Train loss -0.9977 | Val loss -0.9983
02-24 13:06:11 -----Epoch 12/19-----
02-24 13:06:27 current lr: 0.00346146
02-24 13:06:27 Saved best checkpoint to ./checkpoint\SSF_PU_0224-130253\best_pt (val_loss=-0.9984)
02-24 13:06:27 Epoch 012 Train loss -0.9978 | Val loss -0.9984
02-24 13:06:27 -----Epoch 13/19-----
02-24 13:06:44 current lr: 0.00273732
02-24 13:06:44 Saved best checkpoint to ./checkpoint\SSF_PU_0224-130253\best_pt (val_loss=-0.9984)
02-24 13:06:44 Epoch 013 Train loss -0.9978 | Val loss -0.9984
02-24 13:06:44 -----Epoch 14/19-----
02-24 13:07:00 current lr: 0.00206901
02-24 13:07:00 Saved best checkpoint to ./checkpoint\SSF_PU_0224-130253\best_pt (val_loss=-0.9984)
02-24 13:07:00 Epoch 014 Train loss -0.9978 | Val loss -0.9984
02-24 13:07:00 -----Epoch 15/19-----
02-24 13:07:16 current lr: 0.001473
02-24 13:07:16 Saved best checkpoint to ./checkpoint\SSF_PU_0224-130253\best_pt (val_loss=-0.9984)
02-24 13:07:16 Epoch 015 Train loss -0.9978 | Val loss -0.9984
02-24 13:07:16 -----Epoch 16/19-----
02-24 13:07:33 current lr: 0.00096396
02-24 13:07:33 Saved best checkpoint to ./checkpoint\SSF_PU_0224-130253\best_pt (val_loss=-0.9984)
02-24 13:07:33 Epoch 016 Train loss -0.9979 | Val loss -0.9984
02-24 13:07:33 -----Epoch 17/19-----
02-24 13:07:48 current lr: 0.000554422
02-24 13:07:48 Saved best checkpoint to ./checkpoint\SSF_PU_0224-130253\best_pt (val_loss=-0.9984)
02-24 13:07:48 Epoch 017 Train loss -0.9979 | Val loss -0.9984
02-24 13:07:48 -----Epoch 18/19-----
02-24 13:08:04 current lr: 0.000254473
02-24 13:08:04 Saved best checkpoint to ./checkpoint\SSF_PU_0224-130253\best_pt (val_loss=-0.9984)
02-24 13:08:04 Epoch 018 Train loss -0.9979 | Val loss -0.9984
02-24 13:08:04 -----Epoch 19/19-----
02-24 13:08:19 current lr: 7.14967e-05
02-24 13:08:19 Saved best checkpoint to ./checkpoint\SSF_PU_0224-130253\best_pt (val_loss=-0.9984)
02-24 13:08:19 Epoch 019 Train loss -0.9979 | Val loss -0.9984
02-24 13:08:20 TEST (last): loss -0.9985
02-24 13:08:21 [LP epoch 00] train_loss=1.2185 train_acc=0.4324 | val_loss=1.2185 val_acc=0.4782 | 
02-24 13:08:23 [LP epoch 01] train_loss=1.1045 train_acc=0.4961 | val_loss=1.1045 val_acc=0.4675 | 
02-24 13:08:24 [LP epoch 02] train_loss=1.0642 train_acc=0.5017 | val_loss=1.0642 val_acc=0.5068 | 
02-24 13:08:25 [LP epoch 03] train_loss=1.0268 train_acc=0.5197 | val_loss=1.0268 val_acc=0.5180 | 
02-24 13:08:26 [LP epoch 04] train_loss=1.0056 train_acc=0.5308 | val_loss=1.0056 val_acc=0.5321 | 
02-24 13:08:28 [LP epoch 05] train_loss=0.9881 train_acc=0.5441 | val_loss=0.9881 val_acc=0.5390 | 
02-24 13:08:29 [LP epoch 06] train_loss=0.9749 train_acc=0.5518 | val_loss=0.9749 val_acc=0.5467 | 
02-24 13:08:30 [LP epoch 07] train_loss=0.9608 train_acc=0.5599 | val_loss=0.9608 val_acc=0.5385 | 
02-24 13:08:31 [LP epoch 08] train_loss=0.9520 train_acc=0.5642 | val_loss=0.9520 val_acc=0.5467 | 
02-24 13:08:32 [LP epoch 09] train_loss=0.9389 train_acc=0.5659 | val_loss=0.9389 val_acc=0.5638 | 
02-24 13:08:33 [LP epoch 10] train_loss=0.9311 train_acc=0.5689 | val_loss=0.9311 val_acc=0.5574 | 
02-24 13:08:35 [LP epoch 11] train_loss=0.9223 train_acc=0.5753 | val_loss=0.9223 val_acc=0.5646 | 
02-24 13:08:36 [LP epoch 12] train_loss=0.9136 train_acc=0.5839 | val_loss=0.9136 val_acc=0.5629 | 
02-24 13:08:37 [LP epoch 13] train_loss=0.9096 train_acc=0.5839 | val_loss=0.9096 val_acc=0.5698 | 
02-24 13:08:38 [LP epoch 14] train_loss=0.9040 train_acc=0.5805 | val_loss=0.9040 val_acc=0.5646 | 
02-24 13:08:40 [LP epoch 15] train_loss=0.8934 train_acc=0.5972 | val_loss=0.8934 val_acc=0.5659 | 
02-24 13:08:41 [LP epoch 16] train_loss=0.8899 train_acc=0.5895 | val_loss=0.8899 val_acc=0.5723 | 
02-24 13:08:42 [LP epoch 17] train_loss=0.8898 train_acc=0.5946 | val_loss=0.8898 val_acc=0.5758 | 
02-24 13:08:43 [LP epoch 18] train_loss=0.8777 train_acc=0.6066 | val_loss=0.8777 val_acc=0.5715 | 
02-24 13:08:44 [LP epoch 19] train_loss=0.8734 train_acc=0.6027 | val_loss=0.8734 val_acc=0.5689 | 
02-24 13:08:45 [LP epoch 20] train_loss=0.8671 train_acc=0.6053 | val_loss=0.8671 val_acc=0.5809 | 
02-24 13:08:46 [LP epoch 21] train_loss=0.8686 train_acc=0.6040 | val_loss=0.8686 val_acc=0.5788 | 
02-24 13:08:47 [LP epoch 22] train_loss=0.8655 train_acc=0.5985 | val_loss=0.8655 val_acc=0.5950 | 
02-24 13:08:49 [LP epoch 23] train_loss=0.8543 train_acc=0.6143 | val_loss=0.8543 val_acc=0.5929 | 
02-24 13:08:50 [LP epoch 24] train_loss=0.8510 train_acc=0.6066 | val_loss=0.8510 val_acc=0.5826 | 
02-24 13:08:51 [LP epoch 25] train_loss=0.8476 train_acc=0.6079 | val_loss=0.8476 val_acc=0.5848 | 
02-24 13:08:52 [LP epoch 26] train_loss=0.8464 train_acc=0.6126 | val_loss=0.8464 val_acc=0.5933 | 
02-24 13:08:53 [LP epoch 27] train_loss=0.8361 train_acc=0.6216 | val_loss=0.8361 val_acc=0.5993 | 
02-24 13:08:54 [LP epoch 28] train_loss=0.8334 train_acc=0.6207 | val_loss=0.8334 val_acc=0.5903 | 
02-24 13:08:56 [LP epoch 29] train_loss=0.8354 train_acc=0.6194 | val_loss=0.8354 val_acc=0.5942 | 
02-24 13:08:57 [LP epoch 30] train_loss=0.8305 train_acc=0.6280 | val_loss=0.8305 val_acc=0.5882 | 
02-24 13:08:58 [LP epoch 31] train_loss=0.8337 train_acc=0.6186 | val_loss=0.8337 val_acc=0.6036 | 
02-24 13:08:59 [LP epoch 32] train_loss=0.8194 train_acc=0.6314 | val_loss=0.8194 val_acc=0.6049 | 
02-24 13:09:00 [LP epoch 33] train_loss=0.8216 train_acc=0.6263 | val_loss=0.8216 val_acc=0.5929 | 
02-24 13:09:01 [LP epoch 34] train_loss=0.8176 train_acc=0.6301 | val_loss=0.8176 val_acc=0.6015 | 
02-24 13:09:02 [LP epoch 35] train_loss=0.8072 train_acc=0.6348 | val_loss=0.8072 val_acc=0.6006 | 
02-24 13:09:03 [LP epoch 36] train_loss=0.8122 train_acc=0.6327 | val_loss=0.8122 val_acc=0.5955 | 
02-24 13:09:04 [LP epoch 37] train_loss=0.8006 train_acc=0.6378 | val_loss=0.8006 val_acc=0.6087 | 
02-24 13:09:05 [LP epoch 38] train_loss=0.7994 train_acc=0.6443 | val_loss=0.7994 val_acc=0.6079 | 
02-24 13:09:06 [LP epoch 39] train_loss=0.7915 train_acc=0.6455 | val_loss=0.7915 val_acc=0.6100 | 
02-24 13:09:07 [LP epoch 40] train_loss=0.7884 train_acc=0.6541 | val_loss=0.7884 val_acc=0.6117 | 
02-24 13:09:08 [LP epoch 41] train_loss=0.7870 train_acc=0.6451 | val_loss=0.7870 val_acc=0.6134 | 
02-24 13:09:09 [LP epoch 42] train_loss=0.7869 train_acc=0.6438 | val_loss=0.7869 val_acc=0.6250 | 
02-24 13:09:10 [LP epoch 43] train_loss=0.7783 train_acc=0.6481 | val_loss=0.7783 val_acc=0.6074 | 
02-24 13:09:11 [LP epoch 44] train_loss=0.7787 train_acc=0.6507 | val_loss=0.7787 val_acc=0.6096 | 
02-24 13:09:12 [LP epoch 45] train_loss=0.7763 train_acc=0.6520 | val_loss=0.7763 val_acc=0.6169 | 
02-24 13:09:14 [LP epoch 46] train_loss=0.7733 train_acc=0.6528 | val_loss=0.7733 val_acc=0.6160 | 
02-24 13:09:15 [LP epoch 47] train_loss=0.7666 train_acc=0.6580 | val_loss=0.7666 val_acc=0.6194 | 
02-24 13:09:16 [LP epoch 48] train_loss=0.7706 train_acc=0.6610 | val_loss=0.7706 val_acc=0.6190 | 
02-24 13:09:17 [LP epoch 49] train_loss=0.7675 train_acc=0.6592 | val_loss=0.7675 val_acc=0.6241 | 
02-24 13:09:17 Saved linear-probe checkpoint: ./checkpoint\SSF_PU_0224-130253\linear_probe_best.pt (best_val_acc=0.6250)
02-24 13:09:18 TEST linear-probe: loss=0.8282 acc=0.6357
