03-10 11:28:31 model_name: SSF
03-10 11:28:31 data_name: PU
03-10 11:28:31 aug_1: randomcrop
03-10 11:28:31 aug_2: scale
03-10 11:28:31 max_epoch: 20
03-10 11:28:31 classifier_epoch: 50
03-10 11:28:31 data_view: TwoViewDataset
03-10 11:28:31 cuda_device: 0
03-10 11:28:31 checkpoint_dir: ./anomaly_detection
03-10 11:28:31 batch_size: 64
03-10 11:28:31 data_dir: raw_data/PU
03-10 11:28:31 out_channel: 4
03-10 11:28:31 normlizetype: minus_one_one
03-10 11:28:31 processing_type: RA
03-10 11:28:31 opt: sgd
03-10 11:28:31 lr: 0.05
03-10 11:28:31 momentum: 0.9
03-10 11:28:31 weight_decay: 0.0001
03-10 11:28:31 lr_scheduler: cos
03-10 11:28:31 gamma: 0.95
03-10 11:28:31 eta_min: 1e-05
03-10 11:28:31 latent_space: 192
03-10 11:28:31 num_blocks_ssf: 5
03-10 11:28:31 hidden_channel: 128
03-10 11:28:31 task: self_supervised
03-10 11:28:31 critetion: <class 'utils.loss_SSL.SimSiamLoss'>
03-10 11:28:31 using 1 gpus
03-10 11:28:31 Dataset class: <class 'data_utils.datasets.PU.PU'>
03-10 11:28:32 Split sizes: train=1600 val=1600 test=1600, classier=2000
03-10 11:28:32 Label counts train: Counter({1: 400, 0: 400, 3: 400, 2: 400})
03-10 11:28:32 Label counts val:   Counter({0: 400, 3: 400, 1: 400, 2: 400})
03-10 11:28:33 Label counts test:  Counter({2: 400, 0: 400, 3: 400, 1: 400})
03-10 11:28:33 Label counts classifier:  Counter({2: 500, 0: 500, 1: 500, 3: 500})
03-10 11:28:34 Loaded best checkpoint from ./anomaly_detection/SSF_CWRU_0310-110729/best_pt (val_loss=-0.9506997346878052)
03-10 11:28:34 Loaded best checkpoint from ./anomaly_detection/SSF_CWRU_0310-110729/best_pt (val_loss=-0.9506997346878052)
03-10 11:28:35 TEST (best): loss -0.9356
03-10 11:28:37 [LP epoch 00] train_loss=1.3126 train_acc=0.3920 | val_loss=1.3110 val_acc=0.3944 | 
03-10 11:28:38 [LP epoch 01] train_loss=1.2447 train_acc=0.4710 | val_loss=1.2313 val_acc=0.5112 | 
03-10 11:28:40 [LP epoch 02] train_loss=1.2142 train_acc=0.4945 | val_loss=1.2190 val_acc=0.5112 | 
03-10 11:28:41 [LP epoch 03] train_loss=1.1936 train_acc=0.5140 | val_loss=1.2137 val_acc=0.4925 | 
03-10 11:28:43 [LP epoch 04] train_loss=1.1787 train_acc=0.5180 | val_loss=1.1864 val_acc=0.5100 | 
03-10 11:28:45 [LP epoch 05] train_loss=1.1621 train_acc=0.5415 | val_loss=1.1769 val_acc=0.5494 | 
03-10 11:28:46 [LP epoch 06] train_loss=1.1621 train_acc=0.5350 | val_loss=1.1440 val_acc=0.5706 | 
03-10 11:28:48 [LP epoch 07] train_loss=1.1442 train_acc=0.5515 | val_loss=1.1373 val_acc=0.5663 | 
03-10 11:28:49 [LP epoch 08] train_loss=1.1418 train_acc=0.5465 | val_loss=1.1273 val_acc=0.5613 | 
03-10 11:28:51 [LP epoch 09] train_loss=1.1236 train_acc=0.5660 | val_loss=1.1546 val_acc=0.5431 | 
03-10 11:28:52 [LP epoch 10] train_loss=1.1282 train_acc=0.5695 | val_loss=1.1313 val_acc=0.5900 | 
03-10 11:28:54 [LP epoch 11] train_loss=1.1114 train_acc=0.5790 | val_loss=1.1231 val_acc=0.5744 | 
03-10 11:28:55 [LP epoch 12] train_loss=1.1072 train_acc=0.5735 | val_loss=1.1389 val_acc=0.5675 | 
03-10 11:28:57 [LP epoch 13] train_loss=1.1021 train_acc=0.5765 | val_loss=1.1041 val_acc=0.5725 | 
03-10 11:28:59 [LP epoch 14] train_loss=1.0972 train_acc=0.5760 | val_loss=1.0954 val_acc=0.6075 | 
03-10 11:29:00 [LP epoch 15] train_loss=1.0940 train_acc=0.5860 | val_loss=1.1382 val_acc=0.5475 | 
03-10 11:29:02 [LP epoch 16] train_loss=1.0911 train_acc=0.5770 | val_loss=1.0781 val_acc=0.6100 | 
03-10 11:29:03 [LP epoch 17] train_loss=1.0697 train_acc=0.5985 | val_loss=1.0789 val_acc=0.5913 | 
03-10 11:29:05 [LP epoch 18] train_loss=1.0730 train_acc=0.6020 | val_loss=1.0855 val_acc=0.5925 | 
03-10 11:29:06 [LP epoch 19] train_loss=1.0641 train_acc=0.5990 | val_loss=1.1384 val_acc=0.5981 | 
03-10 11:29:08 [LP epoch 20] train_loss=1.0674 train_acc=0.6070 | val_loss=1.0703 val_acc=0.6119 | 
03-10 11:29:09 [LP epoch 21] train_loss=1.0644 train_acc=0.6120 | val_loss=1.0806 val_acc=0.6175 | 
03-10 11:29:11 [LP epoch 22] train_loss=1.0541 train_acc=0.6085 | val_loss=1.0734 val_acc=0.6162 | 
03-10 11:29:12 [LP epoch 23] train_loss=1.0616 train_acc=0.6010 | val_loss=1.0605 val_acc=0.6256 | 
03-10 11:29:13 [LP epoch 24] train_loss=1.0441 train_acc=0.6125 | val_loss=1.0835 val_acc=0.6038 | 
03-10 11:29:15 [LP epoch 25] train_loss=1.0396 train_acc=0.6210 | val_loss=1.0739 val_acc=0.6119 | 
03-10 11:29:16 [LP epoch 26] train_loss=1.0480 train_acc=0.6230 | val_loss=1.0624 val_acc=0.6312 | 
03-10 11:29:18 [LP epoch 27] train_loss=1.0411 train_acc=0.6160 | val_loss=1.0433 val_acc=0.6369 | 
03-10 11:29:19 [LP epoch 28] train_loss=1.0496 train_acc=0.6005 | val_loss=1.1386 val_acc=0.6150 | 
03-10 11:29:21 [LP epoch 29] train_loss=1.0451 train_acc=0.6200 | val_loss=1.0505 val_acc=0.6088 | 
03-10 11:29:22 [LP epoch 30] train_loss=1.0274 train_acc=0.6235 | val_loss=1.0596 val_acc=0.5887 | 
03-10 11:29:23 [LP epoch 31] train_loss=1.0478 train_acc=0.6115 | val_loss=1.0997 val_acc=0.6062 | 
03-10 11:29:25 [LP epoch 32] train_loss=1.0540 train_acc=0.6055 | val_loss=1.0943 val_acc=0.5869 | 
03-10 11:29:26 [LP epoch 33] train_loss=1.0363 train_acc=0.6120 | val_loss=1.0324 val_acc=0.6238 | 
03-10 11:29:28 [LP epoch 34] train_loss=1.0281 train_acc=0.6245 | val_loss=1.0353 val_acc=0.6044 | 
03-10 11:29:29 [LP epoch 35] train_loss=1.0308 train_acc=0.6110 | val_loss=1.1058 val_acc=0.5869 | 
03-10 11:29:30 [LP epoch 36] train_loss=1.0428 train_acc=0.6085 | val_loss=1.0556 val_acc=0.5906 | 
03-10 11:29:32 [LP epoch 37] train_loss=1.0189 train_acc=0.6205 | val_loss=1.0458 val_acc=0.6188 | 
03-10 11:29:33 [LP epoch 38] train_loss=1.0136 train_acc=0.6330 | val_loss=1.0484 val_acc=0.6081 | 
03-10 11:29:35 [LP epoch 39] train_loss=1.0269 train_acc=0.6250 | val_loss=1.0227 val_acc=0.6269 | 
03-10 11:29:36 [LP epoch 40] train_loss=1.0320 train_acc=0.6230 | val_loss=1.0366 val_acc=0.6275 | 
03-10 11:29:37 [LP epoch 41] train_loss=1.0154 train_acc=0.6275 | val_loss=1.0634 val_acc=0.5881 | 
03-10 11:29:39 [LP epoch 42] train_loss=1.0144 train_acc=0.6375 | val_loss=1.0547 val_acc=0.6025 | 
03-10 11:29:40 [LP epoch 43] train_loss=1.0271 train_acc=0.6125 | val_loss=1.0326 val_acc=0.6206 | 
03-10 11:29:42 [LP epoch 44] train_loss=0.9982 train_acc=0.6410 | val_loss=1.0686 val_acc=0.5906 | 
03-10 11:29:43 [LP epoch 45] train_loss=1.0010 train_acc=0.6405 | val_loss=1.0608 val_acc=0.6006 | 
03-10 11:29:45 [LP epoch 46] train_loss=1.0186 train_acc=0.6265 | val_loss=1.0303 val_acc=0.6200 | 
03-10 11:29:46 [LP epoch 47] train_loss=1.0131 train_acc=0.6340 | val_loss=1.0313 val_acc=0.6156 | 
03-10 11:29:47 [LP epoch 48] train_loss=0.9960 train_acc=0.6450 | val_loss=1.0809 val_acc=0.5769 | 
03-10 11:29:49 [LP epoch 49] train_loss=1.0032 train_acc=0.6265 | val_loss=1.0440 val_acc=0.5856 | 
03-10 11:29:49 Saved linear-probe checkpoint: ./anomaly_detection\SSF_PU_0310-112831\linear_probe_best.pt (best_val_acc=0.6369)
03-10 11:29:49 TEST linear-probe: loss=1.0413 acc=0.5775
