02-24 09:41:29 model_name: SSF
02-24 09:41:29 data_name: CWRU
02-24 09:41:29 aug_1: normal
02-24 09:41:29 aug_2: randomcrop
02-24 09:41:29 max_epoch: 20
02-24 09:41:29 classifier_epoch: 50
02-24 09:41:29 data_view: TwoViewDataset
02-24 09:41:29 cuda_device: 0
02-24 09:41:29 checkpoint_dir: ./checkpoint
02-24 09:41:29 batch_size: 32
02-24 09:41:29 data_dir: raw_data/CWRU
02-24 09:41:29 out_channel: 4
02-24 09:41:29 normlizetype: minus_one_one
02-24 09:41:29 processing_type: RA
02-24 09:41:29 opt: sgd
02-24 09:41:29 lr: 0.01
02-24 09:41:29 momentum: 0.9
02-24 09:41:29 weight_decay: 1e-05
02-24 09:41:29 lr_scheduler: cos
02-24 09:41:29 gamma: 0.1
02-24 09:41:29 eta_min: 1e-05
02-24 09:41:29 latent_space: 256
02-24 09:41:29 task: self_supervised
02-24 09:41:29 critetion: <class 'utils.loss_SSL.SimSiamLoss'>
02-24 09:41:29 using 1 gpus
02-24 09:41:29 Dataset class: <class 'data_utils.datasets.CWRU.CWRU'>
