05-06 10:18:07 ================================================================================
05-06 10:18:07 RUN: aug=('scale', 'gaussian') hidden=128 latent=160 blocks=7 seed=0
05-06 10:18:07 model_name: SSF
05-06 10:18:07 data_name: PU
05-06 10:18:07 aug_1: scale
05-06 10:18:07 aug_2: gaussian
05-06 10:18:07 data_view: TwoViewDataset
05-06 10:18:07 data_dir: raw_data/PU
05-06 10:18:07 out_channel: 6
05-06 10:18:07 normlizetype: None
05-06 10:18:07 processing_type: O_N
05-06 10:18:07 max_epoch: 50
05-06 10:18:07 classifier_epoch: 50
05-06 10:18:07 batch_size: 64
05-06 10:18:07 cuda_device: 0
05-06 10:18:07 checkpoint_dir: ./checkpoint
05-06 10:18:07 opt: sgd
05-06 10:18:07 lr: 0.05
05-06 10:18:07 momentum: 0.9
05-06 10:18:07 weight_decay: 0.0001
05-06 10:18:07 lr_scheduler: cos
05-06 10:18:07 gamma: 0.95
05-06 10:18:07 eta_min: 1e-05
05-06 10:18:07 latent_space: 160
05-06 10:18:07 num_blocks_ssf: 7
05-06 10:18:07 hidden_channel: 128
05-06 10:18:07 per_class_samples: 1000
05-06 10:18:07 classifier_samples: 100
05-06 10:18:07 task: self_supervised
05-06 10:18:07 critetion: <class 'utils.loss_SSL.SimSiamLoss'>
05-06 10:18:07 using 1 gpus
05-06 10:18:07 Dataset class: <class 'data_utils.datasets.PU.PU'>
05-06 10:18:09 Split sizes: train=1000 val=1000 test=6000, classier=600
05-06 10:18:09 Label counts train: Counter({0: 1000})
05-06 10:18:09 Label counts val:   Counter({0: 1000})
05-06 10:18:09 Label counts test:  Counter({1: 1000, 4: 1000, 3: 1000, 5: 1000, 2: 1000, 0: 1000})
05-06 10:18:09 Label counts classifier:  Counter({1: 100, 0: 100, 5: 100, 3: 100, 2: 100, 4: 100})
05-06 10:18:09 Label counts classifier validation:  Counter({2: 100, 0: 100, 1: 100, 5: 100, 4: 100, 3: 100})
05-06 10:18:11 -----Epoch 0/49-----
05-06 10:18:13 current lr: 0.05
05-06 10:18:13 Saved best checkpoint to ./checkpoint\SSF_PU_0506-101807\best_pt (val_loss=-0.9041)
05-06 10:18:13 Epoch 000 Train loss -0.7341 | Val loss -0.9041
05-06 10:18:13 -----Epoch 1/49-----
05-06 10:18:14 current lr: 0.0499507
05-06 10:18:14 Saved best checkpoint to ./checkpoint\SSF_PU_0506-101807\best_pt (val_loss=-0.9730)
05-06 10:18:14 Epoch 001 Train loss -0.9668 | Val loss -0.9730
05-06 10:18:14 -----Epoch 2/49-----
05-06 10:18:16 current lr: 0.0498029
05-06 10:18:16 Saved best checkpoint to ./checkpoint\SSF_PU_0506-101807\best_pt (val_loss=-0.9796)
05-06 10:18:16 Epoch 002 Train loss -0.9765 | Val loss -0.9796
05-06 10:18:16 -----Epoch 3/49-----
05-06 10:18:17 current lr: 0.0495573
05-06 10:18:17 Saved best checkpoint to ./checkpoint\SSF_PU_0506-101807\best_pt (val_loss=-0.9850)
05-06 10:18:17 Epoch 003 Train loss -0.9816 | Val loss -0.9850
05-06 10:18:17 -----Epoch 4/49-----
05-06 10:18:18 current lr: 0.0492147
05-06 10:18:18 Saved best checkpoint to ./checkpoint\SSF_PU_0506-101807\best_pt (val_loss=-0.9885)
05-06 10:18:18 Epoch 004 Train loss -0.9851 | Val loss -0.9885
05-06 10:18:18 -----Epoch 5/49-----
05-06 10:18:20 current lr: 0.0487767
05-06 10:18:20 Saved best checkpoint to ./checkpoint\SSF_PU_0506-101807\best_pt (val_loss=-0.9889)
05-06 10:18:20 Epoch 005 Train loss -0.9871 | Val loss -0.9889
05-06 10:18:20 -----Epoch 6/49-----
05-06 10:18:21 current lr: 0.0482448
05-06 10:18:21 Saved best checkpoint to ./checkpoint\SSF_PU_0506-101807\best_pt (val_loss=-0.9895)
05-06 10:18:21 Epoch 006 Train loss -0.9879 | Val loss -0.9895
05-06 10:18:21 -----Epoch 7/49-----
05-06 10:18:22 current lr: 0.0476212
05-06 10:18:23 Saved best checkpoint to ./checkpoint\SSF_PU_0506-101807\best_pt (val_loss=-0.9915)
05-06 10:18:23 Epoch 007 Train loss -0.9891 | Val loss -0.9915
05-06 10:18:23 -----Epoch 8/49-----
05-06 10:18:24 current lr: 0.0469083
05-06 10:18:24 Saved best checkpoint to ./checkpoint\SSF_PU_0506-101807\best_pt (val_loss=-0.9921)
05-06 10:18:24 Epoch 008 Train loss -0.9897 | Val loss -0.9921
05-06 10:18:24 -----Epoch 9/49-----
05-06 10:18:25 current lr: 0.046109
05-06 10:18:25 No improvement in val_loss for 1/10 epochs.
05-06 10:18:25 Epoch 009 Train loss -0.9903 | Val loss -0.9921
05-06 10:18:25 -----Epoch 10/49-----
05-06 10:18:27 current lr: 0.0452264
05-06 10:18:27 Saved best checkpoint to ./checkpoint\SSF_PU_0506-101807\best_pt (val_loss=-0.9930)
05-06 10:18:27 Epoch 010 Train loss -0.9906 | Val loss -0.9930
05-06 10:18:27 -----Epoch 11/49-----
05-06 10:18:28 current lr: 0.044264
05-06 10:18:28 Saved best checkpoint to ./checkpoint\SSF_PU_0506-101807\best_pt (val_loss=-0.9933)
05-06 10:18:28 Epoch 011 Train loss -0.9914 | Val loss -0.9933
05-06 10:18:28 -----Epoch 12/49-----
05-06 10:18:29 current lr: 0.0432256
05-06 10:18:29 Saved best checkpoint to ./checkpoint\SSF_PU_0506-101807\best_pt (val_loss=-0.9937)
05-06 10:18:29 Epoch 012 Train loss -0.9920 | Val loss -0.9937
05-06 10:18:29 -----Epoch 13/49-----
05-06 10:18:31 current lr: 0.0421153
05-06 10:18:31 No improvement in val_loss for 1/10 epochs.
05-06 10:18:31 Epoch 013 Train loss -0.9919 | Val loss -0.9933
05-06 10:18:31 -----Epoch 14/49-----
05-06 10:18:32 current lr: 0.0409374
05-06 10:18:32 Saved best checkpoint to ./checkpoint\SSF_PU_0506-101807\best_pt (val_loss=-0.9944)
05-06 10:18:32 Epoch 014 Train loss -0.9927 | Val loss -0.9944
05-06 10:18:32 -----Epoch 15/49-----
05-06 10:18:34 current lr: 0.0396967
05-06 10:18:34 Saved best checkpoint to ./checkpoint\SSF_PU_0506-101807\best_pt (val_loss=-0.9945)
05-06 10:18:34 Epoch 015 Train loss -0.9926 | Val loss -0.9945
05-06 10:18:34 -----Epoch 16/49-----
05-06 10:18:35 current lr: 0.038398
05-06 10:18:35 Saved best checkpoint to ./checkpoint\SSF_PU_0506-101807\best_pt (val_loss=-0.9948)
05-06 10:18:35 Epoch 016 Train loss -0.9925 | Val loss -0.9948
05-06 10:18:35 -----Epoch 17/49-----
05-06 10:18:37 current lr: 0.0370464
05-06 10:18:37 Saved best checkpoint to ./checkpoint\SSF_PU_0506-101807\best_pt (val_loss=-0.9950)
05-06 10:18:37 Epoch 017 Train loss -0.9929 | Val loss -0.9950
05-06 10:18:37 -----Epoch 18/49-----
05-06 10:18:38 current lr: 0.0356474
05-06 10:18:38 No improvement in val_loss for 1/10 epochs.
05-06 10:18:38 Epoch 018 Train loss -0.9931 | Val loss -0.9949
05-06 10:18:38 -----Epoch 19/49-----
05-06 10:18:39 current lr: 0.0342063
05-06 10:18:39 Saved best checkpoint to ./checkpoint\SSF_PU_0506-101807\best_pt (val_loss=-0.9952)
05-06 10:18:39 Epoch 019 Train loss -0.9930 | Val loss -0.9952
05-06 10:18:39 -----Epoch 20/49-----
05-06 10:18:41 current lr: 0.0327289
05-06 10:18:41 Saved best checkpoint to ./checkpoint\SSF_PU_0506-101807\best_pt (val_loss=-0.9953)
05-06 10:18:41 Epoch 020 Train loss -0.9932 | Val loss -0.9953
05-06 10:18:41 -----Epoch 21/49-----
05-06 10:18:42 current lr: 0.031221
05-06 10:18:42 Saved best checkpoint to ./checkpoint\SSF_PU_0506-101807\best_pt (val_loss=-0.9954)
05-06 10:18:42 Epoch 021 Train loss -0.9934 | Val loss -0.9954
05-06 10:18:42 -----Epoch 22/49-----
05-06 10:18:44 current lr: 0.0296886
05-06 10:18:44 Saved best checkpoint to ./checkpoint\SSF_PU_0506-101807\best_pt (val_loss=-0.9956)
05-06 10:18:44 Epoch 022 Train loss -0.9936 | Val loss -0.9956
05-06 10:18:44 -----Epoch 23/49-----
05-06 10:18:45 current lr: 0.0281377
05-06 10:18:45 Saved best checkpoint to ./checkpoint\SSF_PU_0506-101807\best_pt (val_loss=-0.9957)
05-06 10:18:45 Epoch 023 Train loss -0.9938 | Val loss -0.9957
05-06 10:18:45 -----Epoch 24/49-----
05-06 10:18:47 current lr: 0.0265744
05-06 10:18:47 Saved best checkpoint to ./checkpoint\SSF_PU_0506-101807\best_pt (val_loss=-0.9957)
05-06 10:18:47 Epoch 024 Train loss -0.9938 | Val loss -0.9957
05-06 10:18:47 -----Epoch 25/49-----
05-06 10:18:48 current lr: 0.025005
05-06 10:18:48 No improvement in val_loss for 1/10 epochs.
05-06 10:18:48 Epoch 025 Train loss -0.9939 | Val loss -0.9957
05-06 10:18:48 -----Epoch 26/49-----
05-06 10:18:49 current lr: 0.0234356
05-06 10:18:49 Saved best checkpoint to ./checkpoint\SSF_PU_0506-101807\best_pt (val_loss=-0.9958)
05-06 10:18:49 Epoch 026 Train loss -0.9938 | Val loss -0.9958
05-06 10:18:49 -----Epoch 27/49-----
05-06 10:18:51 current lr: 0.0218723
05-06 10:18:51 Saved best checkpoint to ./checkpoint\SSF_PU_0506-101807\best_pt (val_loss=-0.9958)
05-06 10:18:51 Epoch 027 Train loss -0.9938 | Val loss -0.9958
05-06 10:18:51 -----Epoch 28/49-----
05-06 10:18:52 current lr: 0.0203214
05-06 10:18:52 Saved best checkpoint to ./checkpoint\SSF_PU_0506-101807\best_pt (val_loss=-0.9960)
05-06 10:18:52 Epoch 028 Train loss -0.9939 | Val loss -0.9960
05-06 10:18:52 -----Epoch 29/49-----
05-06 10:18:53 current lr: 0.018789
05-06 10:18:53 No improvement in val_loss for 1/10 epochs.
05-06 10:18:53 Epoch 029 Train loss -0.9939 | Val loss -0.9959
05-06 10:18:53 -----Epoch 30/49-----
05-06 10:18:55 current lr: 0.0172811
05-06 10:18:55 No improvement in val_loss for 2/10 epochs.
05-06 10:18:55 Epoch 030 Train loss -0.9939 | Val loss -0.9959
05-06 10:18:55 -----Epoch 31/49-----
05-06 10:18:56 current lr: 0.0158037
05-06 10:18:56 Saved best checkpoint to ./checkpoint\SSF_PU_0506-101807\best_pt (val_loss=-0.9960)
05-06 10:18:56 Epoch 031 Train loss -0.9940 | Val loss -0.9960
05-06 10:18:56 -----Epoch 32/49-----
05-06 10:18:58 current lr: 0.0143626
05-06 10:18:58 Saved best checkpoint to ./checkpoint\SSF_PU_0506-101807\best_pt (val_loss=-0.9960)
05-06 10:18:58 Epoch 032 Train loss -0.9941 | Val loss -0.9960
05-06 10:18:58 -----Epoch 33/49-----
05-06 10:18:59 current lr: 0.0129636
05-06 10:18:59 Saved best checkpoint to ./checkpoint\SSF_PU_0506-101807\best_pt (val_loss=-0.9961)
05-06 10:18:59 Epoch 033 Train loss -0.9941 | Val loss -0.9961
05-06 10:18:59 -----Epoch 34/49-----
05-06 10:19:00 current lr: 0.011612
05-06 10:19:00 Saved best checkpoint to ./checkpoint\SSF_PU_0506-101807\best_pt (val_loss=-0.9961)
05-06 10:19:00 Epoch 034 Train loss -0.9944 | Val loss -0.9961
05-06 10:19:00 -----Epoch 35/49-----
05-06 10:19:02 current lr: 0.0103133
05-06 10:19:02 No improvement in val_loss for 1/10 epochs.
05-06 10:19:02 Epoch 035 Train loss -0.9941 | Val loss -0.9961
05-06 10:19:02 -----Epoch 36/49-----
05-06 10:19:03 current lr: 0.00907259
05-06 10:19:03 Saved best checkpoint to ./checkpoint\SSF_PU_0506-101807\best_pt (val_loss=-0.9961)
05-06 10:19:03 Epoch 036 Train loss -0.9942 | Val loss -0.9961
05-06 10:19:03 -----Epoch 37/49-----
05-06 10:19:05 current lr: 0.00789475
05-06 10:19:05 Saved best checkpoint to ./checkpoint\SSF_PU_0506-101807\best_pt (val_loss=-0.9962)
05-06 10:19:05 Epoch 037 Train loss -0.9943 | Val loss -0.9962
05-06 10:19:05 -----Epoch 38/49-----
05-06 10:19:06 current lr: 0.00678443
05-06 10:19:06 No improvement in val_loss for 1/10 epochs.
05-06 10:19:06 Epoch 038 Train loss -0.9942 | Val loss -0.9962
05-06 10:19:06 -----Epoch 39/49-----
05-06 10:19:07 current lr: 0.00574602
05-06 10:19:07 Saved best checkpoint to ./checkpoint\SSF_PU_0506-101807\best_pt (val_loss=-0.9962)
05-06 10:19:07 Epoch 039 Train loss -0.9943 | Val loss -0.9962
05-06 10:19:07 -----Epoch 40/49-----
05-06 10:19:09 current lr: 0.00478362
05-06 10:19:09 No improvement in val_loss for 1/10 epochs.
05-06 10:19:09 Epoch 040 Train loss -0.9942 | Val loss -0.9962
05-06 10:19:09 -----Epoch 41/49-----
05-06 10:19:10 current lr: 0.00390102
05-06 10:19:10 No improvement in val_loss for 2/10 epochs.
05-06 10:19:10 Epoch 041 Train loss -0.9941 | Val loss -0.9962
05-06 10:19:10 -----Epoch 42/49-----
05-06 10:19:12 current lr: 0.00310171
05-06 10:19:12 No improvement in val_loss for 3/10 epochs.
05-06 10:19:12 Epoch 042 Train loss -0.9940 | Val loss -0.9962
05-06 10:19:12 -----Epoch 43/49-----
05-06 10:19:13 current lr: 0.00238885
05-06 10:19:13 Saved best checkpoint to ./checkpoint\SSF_PU_0506-101807\best_pt (val_loss=-0.9962)
05-06 10:19:13 Epoch 043 Train loss -0.9942 | Val loss -0.9962
05-06 10:19:13 -----Epoch 44/49-----
05-06 10:19:15 current lr: 0.00176524
05-06 10:19:15 No improvement in val_loss for 1/10 epochs.
05-06 10:19:15 Epoch 044 Train loss -0.9944 | Val loss -0.9962
05-06 10:19:15 -----Epoch 45/49-----
05-06 10:19:16 current lr: 0.00123334
05-06 10:19:16 No improvement in val_loss for 2/10 epochs.
05-06 10:19:16 Epoch 045 Train loss -0.9942 | Val loss -0.9962
05-06 10:19:16 -----Epoch 46/49-----
05-06 10:19:18 current lr: 0.000795264
05-06 10:19:18 Saved best checkpoint to ./checkpoint\SSF_PU_0506-101807\best_pt (val_loss=-0.9962)
05-06 10:19:18 Epoch 046 Train loss -0.9942 | Val loss -0.9962
05-06 10:19:18 -----Epoch 47/49-----
05-06 10:19:19 current lr: 0.00045273
05-06 10:19:19 Saved best checkpoint to ./checkpoint\SSF_PU_0506-101807\best_pt (val_loss=-0.9962)
05-06 10:19:19 Epoch 047 Train loss -0.9943 | Val loss -0.9962
05-06 10:19:19 -----Epoch 48/49-----
05-06 10:19:20 current lr: 0.000207093
05-06 10:19:20 No improvement in val_loss for 1/10 epochs.
05-06 10:19:20 Epoch 048 Train loss -0.9940 | Val loss -0.9962
05-06 10:19:20 -----Epoch 49/49-----
05-06 10:19:22 current lr: 5.93219e-05
05-06 10:19:22 No improvement in val_loss for 2/10 epochs.
05-06 10:19:22 Epoch 049 Train loss -0.9944 | Val loss -0.9962
05-06 10:19:24 TEST (last): loss -0.9581
05-06 10:19:24 Loaded best checkpoint from ./checkpoint\SSF_PU_0506-101807\best_pt (val_loss=-0.9962430243492126)
05-06 10:19:26 TEST (best): loss -0.9580
05-06 10:19:33 Threshold: 0.5442609787290391
05-06 10:19:33 Binary accuracy: 0.805833
05-06 10:19:33 Confusion matrix:
[[ 991    9]
 [1156 3844]]
05-06 10:19:33 Report:
              precision    recall  f1-score   support

      normal       0.46      0.99      0.63      1000
     anomaly       1.00      0.77      0.87      5000

    accuracy                           0.81      6000
   macro avg       0.73      0.88      0.75      6000
weighted avg       0.91      0.81      0.83      6000

05-06 10:19:33 Rates: {1: 0.483, 2: 0.361, 3: 1.0, 4: 1.0, 5: 1.0}
05-06 10:19:34 [LP epoch 00] train_loss=1.5365 train_acc=0.4667 | val_loss=1.5808 val_acc=0.5200 | 
05-06 10:19:34 [LP epoch 01] train_loss=1.2477 train_acc=0.6867 | val_loss=1.3506 val_acc=0.6800 | 
05-06 10:19:35 [LP epoch 02] train_loss=1.0972 train_acc=0.7567 | val_loss=1.1155 val_acc=0.7783 | 
05-06 10:19:35 [LP epoch 03] train_loss=0.9971 train_acc=0.7917 | val_loss=0.9804 val_acc=0.8133 | 
05-06 10:19:36 [LP epoch 04] train_loss=0.9273 train_acc=0.8017 | val_loss=0.8758 val_acc=0.8250 | 
05-06 10:19:36 [LP epoch 05] train_loss=0.8678 train_acc=0.8117 | val_loss=0.8346 val_acc=0.8383 | 
05-06 10:19:37 [LP epoch 06] train_loss=0.8422 train_acc=0.8317 | val_loss=0.8215 val_acc=0.8633 | 
05-06 10:19:37 [LP epoch 07] train_loss=0.8017 train_acc=0.8467 | val_loss=0.8085 val_acc=0.8450 | 
05-06 10:19:38 [LP epoch 08] train_loss=0.7715 train_acc=0.8500 | val_loss=0.7602 val_acc=0.8567 | 
05-06 10:19:38 [LP epoch 09] train_loss=0.7609 train_acc=0.8617 | val_loss=0.7488 val_acc=0.8750 | 
05-06 10:19:39 [LP epoch 10] train_loss=0.7549 train_acc=0.8583 | val_loss=0.7379 val_acc=0.8633 | 
05-06 10:19:39 [LP epoch 11] train_loss=0.7270 train_acc=0.8700 | val_loss=0.7240 val_acc=0.8717 | 
05-06 10:19:40 [LP epoch 12] train_loss=0.7153 train_acc=0.8900 | val_loss=0.7000 val_acc=0.8833 | 
05-06 10:19:40 [LP epoch 13] train_loss=0.7094 train_acc=0.8800 | val_loss=0.7148 val_acc=0.8567 | 
05-06 10:19:41 [LP epoch 14] train_loss=0.7047 train_acc=0.8783 | val_loss=0.6915 val_acc=0.8800 | 
05-06 10:19:42 [LP epoch 15] train_loss=0.6736 train_acc=0.8967 | val_loss=0.7000 val_acc=0.8800 | 
05-06 10:19:42 [LP epoch 16] train_loss=0.6745 train_acc=0.9033 | val_loss=0.6757 val_acc=0.8900 | 
05-06 10:19:43 [LP epoch 17] train_loss=0.6611 train_acc=0.9267 | val_loss=0.7024 val_acc=0.8783 | 
05-06 10:19:43 [LP epoch 18] train_loss=0.6576 train_acc=0.9117 | val_loss=0.6667 val_acc=0.8983 | 
05-06 10:19:44 [LP epoch 19] train_loss=0.6587 train_acc=0.9217 | val_loss=0.6728 val_acc=0.8833 | 
05-06 10:19:44 [LP epoch 20] train_loss=0.6558 train_acc=0.9200 | val_loss=0.6718 val_acc=0.8900 | 
05-06 10:19:45 [LP epoch 21] train_loss=0.6452 train_acc=0.9183 | val_loss=0.6567 val_acc=0.8983 | 
05-06 10:19:45 [LP epoch 22] train_loss=0.6653 train_acc=0.9083 | val_loss=0.6848 val_acc=0.8900 | 
05-06 10:19:46 [LP epoch 23] train_loss=0.6615 train_acc=0.9183 | val_loss=0.6590 val_acc=0.9083 | 
05-06 10:19:46 [LP epoch 24] train_loss=0.6483 train_acc=0.9133 | val_loss=0.6505 val_acc=0.9017 | 
05-06 10:19:47 [LP epoch 25] train_loss=0.6424 train_acc=0.9300 | val_loss=0.6410 val_acc=0.9100 | 
05-06 10:19:47 [LP epoch 26] train_loss=0.6318 train_acc=0.9233 | val_loss=0.6583 val_acc=0.8950 | 
05-06 10:19:48 [LP epoch 27] train_loss=0.6379 train_acc=0.9267 | val_loss=0.6445 val_acc=0.9067 | 
05-06 10:19:48 [LP epoch 28] train_loss=0.6194 train_acc=0.9317 | val_loss=0.6328 val_acc=0.9167 | 
05-06 10:19:48 [LP epoch 29] train_loss=0.6204 train_acc=0.9383 | val_loss=0.6460 val_acc=0.9167 | 
05-06 10:19:49 [LP epoch 30] train_loss=0.6266 train_acc=0.9300 | val_loss=0.6186 val_acc=0.9300 | 
05-06 10:19:49 [LP epoch 31] train_loss=0.6285 train_acc=0.9350 | val_loss=0.6551 val_acc=0.8983 | 
05-06 10:19:50 [LP epoch 32] train_loss=0.6324 train_acc=0.9233 | val_loss=0.6278 val_acc=0.9183 | 
05-06 10:19:50 [LP epoch 33] train_loss=0.6153 train_acc=0.9450 | val_loss=0.6210 val_acc=0.9233 | 
05-06 10:19:51 [LP epoch 34] train_loss=0.6156 train_acc=0.9250 | val_loss=0.6342 val_acc=0.9117 | 
05-06 10:19:51 [LP epoch 35] train_loss=0.5992 train_acc=0.9417 | val_loss=0.6304 val_acc=0.9133 | 
05-06 10:19:52 [LP epoch 36] train_loss=0.6031 train_acc=0.9433 | val_loss=0.6214 val_acc=0.9100 | 
05-06 10:19:53 [LP epoch 37] train_loss=0.6071 train_acc=0.9333 | val_loss=0.6232 val_acc=0.9233 | 
05-06 10:19:53 [LP epoch 38] train_loss=0.6249 train_acc=0.9350 | val_loss=0.6265 val_acc=0.9183 | 
05-06 10:19:53 [LP epoch 39] train_loss=0.6055 train_acc=0.9450 | val_loss=0.6351 val_acc=0.9117 | 
05-06 10:19:54 [LP epoch 40] train_loss=0.6176 train_acc=0.9383 | val_loss=0.6228 val_acc=0.9083 | 
05-06 10:19:55 [LP epoch 41] train_loss=0.6150 train_acc=0.9350 | val_loss=0.6262 val_acc=0.9167 | 
05-06 10:19:55 [LP epoch 42] train_loss=0.6157 train_acc=0.9433 | val_loss=0.6246 val_acc=0.9167 | 
05-06 10:19:56 [LP epoch 43] train_loss=0.6055 train_acc=0.9383 | val_loss=0.6312 val_acc=0.9167 | 
05-06 10:19:56 [LP epoch 44] train_loss=0.6156 train_acc=0.9300 | val_loss=0.6322 val_acc=0.9083 | 
05-06 10:19:57 [LP epoch 45] train_loss=0.6087 train_acc=0.9467 | val_loss=0.6218 val_acc=0.9383 | 
05-06 10:19:57 [LP epoch 46] train_loss=0.6213 train_acc=0.9300 | val_loss=0.6235 val_acc=0.9200 | 
05-06 10:19:58 [LP epoch 47] train_loss=0.6167 train_acc=0.9283 | val_loss=0.6292 val_acc=0.9217 | 
05-06 10:19:58 [LP epoch 48] train_loss=0.5939 train_acc=0.9500 | val_loss=0.6130 val_acc=0.9233 | 
05-06 10:19:59 [LP epoch 49] train_loss=0.5834 train_acc=0.9417 | val_loss=0.6080 val_acc=0.9267 | 
05-06 10:19:59 Saved linear-probe checkpoint: ./checkpoint\SSF_PU_0506-101807\linear_probe_best.pt (best_val_acc=0.9383)
05-06 10:20:01 TEST linear-probe: loss=0.6082 acc=0.9277
