02-24 10:13:02 model_name: SSF
02-24 10:13:02 data_name: JNU
02-24 10:13:02 aug_1: normal
02-24 10:13:02 aug_2: randomcrop
02-24 10:13:02 max_epoch: 20
02-24 10:13:02 classifier_epoch: 50
02-24 10:13:02 data_view: TwoViewDataset
02-24 10:13:02 cuda_device: 0
02-24 10:13:02 checkpoint_dir: ./checkpoint
02-24 10:13:02 batch_size: 32
02-24 10:13:02 data_dir: raw_data/JNU/JNU-Bearing-Dataset-main
02-24 10:13:02 out_channel: 12
02-24 10:13:02 normlizetype: minus_one_one
02-24 10:13:02 processing_type: RA
02-24 10:13:02 opt: sgd
02-24 10:13:02 lr: 0.01
02-24 10:13:02 momentum: 0.9
02-24 10:13:02 weight_decay: 1e-05
02-24 10:13:02 lr_scheduler: cos
02-24 10:13:02 gamma: 0.1
02-24 10:13:02 eta_min: 1e-05
02-24 10:13:02 latent_space: 256
02-24 10:13:02 task: self_supervised
02-24 10:13:02 critetion: <class 'utils.loss_SSL.SimSiamLoss'>
02-24 10:13:02 using 1 gpus
02-24 10:13:02 Dataset class: <class 'data_utils.datasets.JNU.JNU'>
02-24 10:13:03 Split sizes: train=6153 val=659 test=1319, classier=659
02-24 10:13:03 Label counts train: Counter({1: 1026, 5: 1026, 9: 1026, 10: 342, 7: 342, 2: 342, 11: 342, 3: 342, 0: 342, 6: 341, 8: 341, 4: 341})
02-24 10:13:03 Label counts val:   Counter({1: 110, 5: 110, 9: 110, 8: 37, 11: 37, 0: 37, 4: 37, 2: 37, 7: 36, 10: 36, 3: 36, 6: 36})
02-24 10:13:03 Label counts test:  Counter({1: 220, 9: 220, 5: 220, 8: 74, 6: 74, 3: 73, 0: 73, 2: 73, 11: 73, 10: 73, 4: 73, 7: 73})
02-24 10:13:03 Label counts classifier:  Counter({9: 110, 1: 110, 5: 110, 4: 37, 3: 37, 6: 37, 7: 37, 10: 37, 11: 36, 0: 36, 2: 36, 8: 36})
02-24 10:13:05 -----Epoch 0/19-----
02-24 10:13:11 current lr: 0.01
02-24 10:13:11 Saved best checkpoint to ./checkpoint\SSF_JNU_0224-101302\best_pt (val_loss=-0.6296)
02-24 10:13:11 Epoch 000 Train loss -0.3628 | Val loss -0.6296
02-24 10:13:11 -----Epoch 1/19-----
02-24 10:13:15 current lr: 0.0099385
02-24 10:13:15 Saved best checkpoint to ./checkpoint\SSF_JNU_0224-101302\best_pt (val_loss=-0.8156)
02-24 10:13:15 Epoch 001 Train loss -0.7518 | Val loss -0.8156
02-24 10:13:15 -----Epoch 2/19-----
02-24 10:13:20 current lr: 0.00975553
02-24 10:13:20 Saved best checkpoint to ./checkpoint\SSF_JNU_0224-101302\best_pt (val_loss=-0.8675)
02-24 10:13:20 Epoch 002 Train loss -0.8504 | Val loss -0.8675
02-24 10:13:20 -----Epoch 3/19-----
02-24 10:13:24 current lr: 0.00945558
02-24 10:13:24 Saved best checkpoint to ./checkpoint\SSF_JNU_0224-101302\best_pt (val_loss=-0.8934)
02-24 10:13:24 Epoch 003 Train loss -0.8862 | Val loss -0.8934
02-24 10:13:24 -----Epoch 4/19-----
02-24 10:13:29 current lr: 0.00904604
02-24 10:13:29 Saved best checkpoint to ./checkpoint\SSF_JNU_0224-101302\best_pt (val_loss=-0.9071)
02-24 10:13:29 Epoch 004 Train loss -0.9046 | Val loss -0.9071
02-24 10:13:29 -----Epoch 5/19-----
02-24 10:13:34 current lr: 0.008537
02-24 10:13:34 Saved best checkpoint to ./checkpoint\SSF_JNU_0224-101302\best_pt (val_loss=-0.9147)
02-24 10:13:34 Epoch 005 Train loss -0.9149 | Val loss -0.9147
02-24 10:13:34 -----Epoch 6/19-----
02-24 10:13:39 current lr: 0.00794099
02-24 10:13:39 Saved best checkpoint to ./checkpoint\SSF_JNU_0224-101302\best_pt (val_loss=-0.9201)
02-24 10:13:39 Epoch 006 Train loss -0.9210 | Val loss -0.9201
02-24 10:13:39 -----Epoch 7/19-----
02-24 10:13:43 current lr: 0.00727268
02-24 10:13:43 Saved best checkpoint to ./checkpoint\SSF_JNU_0224-101302\best_pt (val_loss=-0.9237)
02-24 10:13:43 Epoch 007 Train loss -0.9253 | Val loss -0.9237
02-24 10:13:43 -----Epoch 8/19-----
02-24 10:13:47 current lr: 0.00654854
02-24 10:13:47 Saved best checkpoint to ./checkpoint\SSF_JNU_0224-101302\best_pt (val_loss=-0.9260)
02-24 10:13:47 Epoch 008 Train loss -0.9282 | Val loss -0.9260
02-24 10:13:47 -----Epoch 9/19-----
02-24 10:13:51 current lr: 0.00578639
02-24 10:13:51 Saved best checkpoint to ./checkpoint\SSF_JNU_0224-101302\best_pt (val_loss=-0.9283)
02-24 10:13:51 Epoch 009 Train loss -0.9305 | Val loss -0.9283
02-24 10:13:51 -----Epoch 10/19-----
02-24 10:13:56 current lr: 0.005005
02-24 10:13:56 Saved best checkpoint to ./checkpoint\SSF_JNU_0224-101302\best_pt (val_loss=-0.9302)
02-24 10:13:56 Epoch 010 Train loss -0.9327 | Val loss -0.9302
02-24 10:13:56 -----Epoch 11/19-----
02-24 10:14:01 current lr: 0.00422361
02-24 10:14:01 Saved best checkpoint to ./checkpoint\SSF_JNU_0224-101302\best_pt (val_loss=-0.9317)
02-24 10:14:01 Epoch 011 Train loss -0.9344 | Val loss -0.9317
02-24 10:14:01 -----Epoch 12/19-----
02-24 10:14:06 current lr: 0.00346146
02-24 10:14:06 Saved best checkpoint to ./checkpoint\SSF_JNU_0224-101302\best_pt (val_loss=-0.9329)
02-24 10:14:06 Epoch 012 Train loss -0.9359 | Val loss -0.9329
02-24 10:14:06 -----Epoch 13/19-----
02-24 10:14:10 current lr: 0.00273732
02-24 10:14:10 Saved best checkpoint to ./checkpoint\SSF_JNU_0224-101302\best_pt (val_loss=-0.9340)
02-24 10:14:10 Epoch 013 Train loss -0.9371 | Val loss -0.9340
02-24 10:14:10 -----Epoch 14/19-----
02-24 10:14:15 current lr: 0.00206901
02-24 10:14:15 Saved best checkpoint to ./checkpoint\SSF_JNU_0224-101302\best_pt (val_loss=-0.9348)
02-24 10:14:15 Epoch 014 Train loss -0.9380 | Val loss -0.9348
02-24 10:14:15 -----Epoch 15/19-----
02-24 10:14:19 current lr: 0.001473
02-24 10:14:19 Saved best checkpoint to ./checkpoint\SSF_JNU_0224-101302\best_pt (val_loss=-0.9352)
02-24 10:14:19 Epoch 015 Train loss -0.9386 | Val loss -0.9352
02-24 10:14:19 -----Epoch 16/19-----
02-24 10:14:24 current lr: 0.00096396
02-24 10:14:24 Saved best checkpoint to ./checkpoint\SSF_JNU_0224-101302\best_pt (val_loss=-0.9356)
02-24 10:14:24 Epoch 016 Train loss -0.9391 | Val loss -0.9356
02-24 10:14:24 -----Epoch 17/19-----
02-24 10:14:29 current lr: 0.000554422
02-24 10:14:29 Saved best checkpoint to ./checkpoint\SSF_JNU_0224-101302\best_pt (val_loss=-0.9358)
02-24 10:14:29 Epoch 017 Train loss -0.9393 | Val loss -0.9358
02-24 10:14:29 -----Epoch 18/19-----
02-24 10:14:34 current lr: 0.000254473
02-24 10:14:34 Saved best checkpoint to ./checkpoint\SSF_JNU_0224-101302\best_pt (val_loss=-0.9359)
02-24 10:14:34 Epoch 018 Train loss -0.9395 | Val loss -0.9359
02-24 10:14:34 -----Epoch 19/19-----
02-24 10:14:38 current lr: 7.14967e-05
02-24 10:14:38 Saved best checkpoint to ./checkpoint\SSF_JNU_0224-101302\best_pt (val_loss=-0.9360)
02-24 10:14:38 Epoch 019 Train loss -0.9396 | Val loss -0.9360
02-24 10:14:38 TEST (last): loss -0.9373
02-24 10:14:39 [LP epoch 00] train_loss=2.1422 train_acc=0.2428 | val_loss=1334.0801 val_acc=0.3323 | 
02-24 10:14:39 [LP epoch 01] train_loss=1.8944 train_acc=0.3338 | val_loss=1260.1536 val_acc=0.3687 | 
02-24 10:14:40 [LP epoch 02] train_loss=1.7708 train_acc=0.3809 | val_loss=1185.5366 val_acc=0.3596 | 
02-24 10:14:40 [LP epoch 03] train_loss=1.6959 train_acc=0.3945 | val_loss=1133.0812 val_acc=0.3854 | 
02-24 10:14:41 [LP epoch 04] train_loss=1.6293 train_acc=0.4067 | val_loss=1081.0840 val_acc=0.4036 | 
02-24 10:14:41 [LP epoch 05] train_loss=1.5741 train_acc=0.4279 | val_loss=1061.2618 val_acc=0.4082 | 
02-24 10:14:41 [LP epoch 06] train_loss=1.5145 train_acc=0.4416 | val_loss=1022.1244 val_acc=0.4036 | 
02-24 10:14:42 [LP epoch 07] train_loss=1.4863 train_acc=0.4507 | val_loss=1026.0131 val_acc=0.3976 | 
02-24 10:14:42 [LP epoch 08] train_loss=1.4612 train_acc=0.4492 | val_loss=1035.2997 val_acc=0.3976 | 
02-24 10:14:43 [LP epoch 09] train_loss=1.4235 train_acc=0.4613 | val_loss=991.9102 val_acc=0.4052 | 
02-24 10:14:43 [LP epoch 10] train_loss=1.3973 train_acc=0.4674 | val_loss=969.6864 val_acc=0.4234 | 
02-24 10:14:43 [LP epoch 11] train_loss=1.3667 train_acc=0.4780 | val_loss=963.7507 val_acc=0.4188 | 
02-24 10:14:44 [LP epoch 12] train_loss=1.3298 train_acc=0.4795 | val_loss=937.4493 val_acc=0.4370 | 
02-24 10:14:44 [LP epoch 13] train_loss=1.3261 train_acc=0.4886 | val_loss=938.7531 val_acc=0.4203 | 
02-24 10:14:44 [LP epoch 14] train_loss=1.3095 train_acc=0.4780 | val_loss=957.0632 val_acc=0.4188 | 
02-24 10:14:45 [LP epoch 15] train_loss=1.2795 train_acc=0.5129 | val_loss=916.7553 val_acc=0.4310 | 
02-24 10:14:45 [LP epoch 16] train_loss=1.2460 train_acc=0.5129 | val_loss=942.3419 val_acc=0.4234 | 
02-24 10:14:46 [LP epoch 17] train_loss=1.2394 train_acc=0.5159 | val_loss=907.0651 val_acc=0.4461 | 
02-24 10:14:46 [LP epoch 18] train_loss=1.2206 train_acc=0.5220 | val_loss=900.0423 val_acc=0.4522 | 
02-24 10:14:46 [LP epoch 19] train_loss=1.2104 train_acc=0.5372 | val_loss=914.8698 val_acc=0.4385 | 
02-24 10:14:47 [LP epoch 20] train_loss=1.2063 train_acc=0.5296 | val_loss=890.3377 val_acc=0.4598 | 
02-24 10:14:47 [LP epoch 21] train_loss=1.1896 train_acc=0.5341 | val_loss=885.6074 val_acc=0.4613 | 
02-24 10:14:47 [LP epoch 22] train_loss=1.1672 train_acc=0.5599 | val_loss=869.5556 val_acc=0.4628 | 
02-24 10:14:48 [LP epoch 23] train_loss=1.1529 train_acc=0.5630 | val_loss=917.4693 val_acc=0.4401 | 
02-24 10:14:48 [LP epoch 24] train_loss=1.1577 train_acc=0.5660 | val_loss=879.2520 val_acc=0.4628 | 
02-24 10:14:49 [LP epoch 25] train_loss=1.1356 train_acc=0.5706 | val_loss=855.0594 val_acc=0.4886 | 
02-24 10:14:49 [LP epoch 26] train_loss=1.1185 train_acc=0.5690 | val_loss=869.3745 val_acc=0.4932 | 
02-24 10:14:49 [LP epoch 27] train_loss=1.1184 train_acc=0.5690 | val_loss=852.1954 val_acc=0.4886 | 
02-24 10:14:50 [LP epoch 28] train_loss=1.1055 train_acc=0.5918 | val_loss=847.7777 val_acc=0.5099 | 
02-24 10:14:50 [LP epoch 29] train_loss=1.0893 train_acc=0.5797 | val_loss=855.8187 val_acc=0.4810 | 
02-24 10:14:51 [LP epoch 30] train_loss=1.0853 train_acc=0.5873 | val_loss=842.8486 val_acc=0.5068 | 
02-24 10:14:51 [LP epoch 31] train_loss=1.0703 train_acc=0.5857 | val_loss=842.6466 val_acc=0.4901 | 
02-24 10:14:51 [LP epoch 32] train_loss=1.0633 train_acc=0.5933 | val_loss=831.1163 val_acc=0.5053 | 
02-24 10:14:52 [LP epoch 33] train_loss=1.0451 train_acc=0.5933 | val_loss=850.0396 val_acc=0.5159 | 
02-24 10:14:52 [LP epoch 34] train_loss=1.0497 train_acc=0.5842 | val_loss=827.1695 val_acc=0.5250 | 
02-24 10:14:52 [LP epoch 35] train_loss=1.0367 train_acc=0.6131 | val_loss=841.7606 val_acc=0.5038 | 
02-24 10:14:53 [LP epoch 36] train_loss=1.0409 train_acc=0.6100 | val_loss=856.2098 val_acc=0.4765 | 
02-24 10:14:53 [LP epoch 37] train_loss=1.0478 train_acc=0.5964 | val_loss=846.7627 val_acc=0.5099 | 
02-24 10:14:54 [LP epoch 38] train_loss=1.0259 train_acc=0.6161 | val_loss=838.7306 val_acc=0.4947 | 
02-24 10:14:54 [LP epoch 39] train_loss=1.0179 train_acc=0.6146 | val_loss=842.5351 val_acc=0.5144 | 
02-24 10:14:54 [LP epoch 40] train_loss=1.0061 train_acc=0.6115 | val_loss=836.2081 val_acc=0.5175 | 
02-24 10:14:55 [LP epoch 41] train_loss=0.9802 train_acc=0.6267 | val_loss=836.4597 val_acc=0.5250 | 
02-24 10:14:55 [LP epoch 42] train_loss=0.9591 train_acc=0.6480 | val_loss=823.5556 val_acc=0.5235 | 
02-24 10:14:55 [LP epoch 43] train_loss=0.9537 train_acc=0.6297 | val_loss=818.6576 val_acc=0.5266 | 
02-24 10:14:56 [LP epoch 44] train_loss=0.9396 train_acc=0.6464 | val_loss=819.2986 val_acc=0.5220 | 
02-24 10:14:56 [LP epoch 45] train_loss=0.9393 train_acc=0.6510 | val_loss=812.6433 val_acc=0.5220 | 
02-24 10:14:57 [LP epoch 46] train_loss=0.9290 train_acc=0.6586 | val_loss=792.4717 val_acc=0.5357 | 
02-24 10:14:57 [LP epoch 47] train_loss=0.9238 train_acc=0.6555 | val_loss=821.7627 val_acc=0.5190 | 
02-24 10:14:57 [LP epoch 48] train_loss=0.9335 train_acc=0.6601 | val_loss=828.3865 val_acc=0.5205 | 
02-24 10:14:58 [LP epoch 49] train_loss=0.9180 train_acc=0.6480 | val_loss=818.7165 val_acc=0.5205 | 
02-24 10:14:58 Saved linear-probe checkpoint: ./checkpoint\SSF_JNU_0224-101302\linear_probe_best.pt (best_val_acc=0.5357)
02-24 10:14:58 TEST linear-probe: loss=1.1999 acc=0.5444
02-24 10:14:58 using 1 gpus
02-24 10:14:58 Dataset class: <class 'data_utils.datasets.JNU.JNU'>
02-24 10:14:59 Split sizes: train=6153 val=659 test=1319, classier=659
02-24 10:15:00 Label counts train: Counter({1: 1026, 5: 1026, 9: 1026, 10: 342, 7: 342, 2: 342, 11: 342, 3: 342, 0: 342, 6: 341, 8: 341, 4: 341})
02-24 10:15:00 Label counts val:   Counter({1: 110, 5: 110, 9: 110, 8: 37, 11: 37, 0: 37, 4: 37, 2: 37, 7: 36, 10: 36, 3: 36, 6: 36})
02-24 10:15:00 Label counts test:  Counter({1: 220, 9: 220, 5: 220, 8: 74, 6: 74, 3: 73, 0: 73, 2: 73, 11: 73, 10: 73, 4: 73, 7: 73})
02-24 10:15:00 Label counts classifier:  Counter({9: 110, 1: 110, 5: 110, 4: 37, 3: 37, 6: 37, 7: 37, 10: 37, 11: 36, 0: 36, 2: 36, 8: 36})
02-24 10:15:00 -----Epoch 0/19-----
02-24 10:15:05 current lr: 0.01
02-24 10:15:05 Saved best checkpoint to ./checkpoint\SSF_JNU_0224-101302\best_pt (val_loss=-0.6358)
02-24 10:15:05 Epoch 000 Train loss -0.3630 | Val loss -0.6358
02-24 10:15:05 -----Epoch 1/19-----
02-24 10:15:09 current lr: 0.0099385
02-24 10:15:09 Saved best checkpoint to ./checkpoint\SSF_JNU_0224-101302\best_pt (val_loss=-0.8009)
02-24 10:15:09 Epoch 001 Train loss -0.7382 | Val loss -0.8009
02-24 10:15:09 -----Epoch 2/19-----
02-24 10:15:14 current lr: 0.00975553
02-24 10:15:14 Saved best checkpoint to ./checkpoint\SSF_JNU_0224-101302\best_pt (val_loss=-0.8456)
02-24 10:15:14 Epoch 002 Train loss -0.8305 | Val loss -0.8456
02-24 10:15:14 -----Epoch 3/19-----
02-24 10:15:18 current lr: 0.00945558
02-24 10:15:18 Saved best checkpoint to ./checkpoint\SSF_JNU_0224-101302\best_pt (val_loss=-0.8712)
02-24 10:15:18 Epoch 003 Train loss -0.8646 | Val loss -0.8712
02-24 10:15:18 -----Epoch 4/19-----
02-24 10:15:23 current lr: 0.00904604
02-24 10:15:23 Saved best checkpoint to ./checkpoint\SSF_JNU_0224-101302\best_pt (val_loss=-0.8892)
02-24 10:15:23 Epoch 004 Train loss -0.8861 | Val loss -0.8892
02-24 10:15:23 -----Epoch 5/19-----
02-24 10:15:27 current lr: 0.008537
02-24 10:15:28 Saved best checkpoint to ./checkpoint\SSF_JNU_0224-101302\best_pt (val_loss=-0.9024)
02-24 10:15:28 Epoch 005 Train loss -0.9013 | Val loss -0.9024
02-24 10:15:28 -----Epoch 6/19-----
02-24 10:15:32 current lr: 0.00794099
02-24 10:15:32 Saved best checkpoint to ./checkpoint\SSF_JNU_0224-101302\best_pt (val_loss=-0.9119)
02-24 10:15:32 Epoch 006 Train loss -0.9124 | Val loss -0.9119
02-24 10:15:32 -----Epoch 7/19-----
02-24 10:15:36 current lr: 0.00727268
02-24 10:15:36 Saved best checkpoint to ./checkpoint\SSF_JNU_0224-101302\best_pt (val_loss=-0.9190)
02-24 10:15:36 Epoch 007 Train loss -0.9203 | Val loss -0.9190
02-24 10:15:36 -----Epoch 8/19-----
02-24 10:15:41 current lr: 0.00654854
02-24 10:15:41 Saved best checkpoint to ./checkpoint\SSF_JNU_0224-101302\best_pt (val_loss=-0.9242)
02-24 10:15:41 Epoch 008 Train loss -0.9262 | Val loss -0.9242
02-24 10:15:41 -----Epoch 9/19-----
02-24 10:15:46 current lr: 0.00578639
02-24 10:15:46 Saved best checkpoint to ./checkpoint\SSF_JNU_0224-101302\best_pt (val_loss=-0.9281)
02-24 10:15:46 Epoch 009 Train loss -0.9307 | Val loss -0.9281
02-24 10:15:46 -----Epoch 10/19-----
02-24 10:15:51 current lr: 0.005005
02-24 10:15:51 Saved best checkpoint to ./checkpoint\SSF_JNU_0224-101302\best_pt (val_loss=-0.9312)
02-24 10:15:51 Epoch 010 Train loss -0.9342 | Val loss -0.9312
02-24 10:15:51 -----Epoch 11/19-----
02-24 10:15:55 current lr: 0.00422361
02-24 10:15:55 Saved best checkpoint to ./checkpoint\SSF_JNU_0224-101302\best_pt (val_loss=-0.9336)
02-24 10:15:55 Epoch 011 Train loss -0.9369 | Val loss -0.9336
02-24 10:15:55 -----Epoch 12/19-----
02-24 10:16:00 current lr: 0.00346146
02-24 10:16:00 Saved best checkpoint to ./checkpoint\SSF_JNU_0224-101302\best_pt (val_loss=-0.9353)
02-24 10:16:00 Epoch 012 Train loss -0.9390 | Val loss -0.9353
02-24 10:16:00 -----Epoch 13/19-----
02-24 10:16:04 current lr: 0.00273732
02-24 10:16:04 Saved best checkpoint to ./checkpoint\SSF_JNU_0224-101302\best_pt (val_loss=-0.9364)
02-24 10:16:04 Epoch 013 Train loss -0.9404 | Val loss -0.9364
02-24 10:16:04 -----Epoch 14/19-----
02-24 10:16:09 current lr: 0.00206901
02-24 10:16:09 Saved best checkpoint to ./checkpoint\SSF_JNU_0224-101302\best_pt (val_loss=-0.9374)
02-24 10:16:09 Epoch 014 Train loss -0.9414 | Val loss -0.9374
02-24 10:16:09 -----Epoch 15/19-----
02-24 10:16:14 current lr: 0.001473
02-24 10:16:14 Saved best checkpoint to ./checkpoint\SSF_JNU_0224-101302\best_pt (val_loss=-0.9380)
02-24 10:16:14 Epoch 015 Train loss -0.9421 | Val loss -0.9380
02-24 10:16:14 -----Epoch 16/19-----
02-24 10:16:19 current lr: 0.00096396
02-24 10:16:19 Saved best checkpoint to ./checkpoint\SSF_JNU_0224-101302\best_pt (val_loss=-0.9383)
02-24 10:16:19 Epoch 016 Train loss -0.9426 | Val loss -0.9383
02-24 10:16:19 -----Epoch 17/19-----
02-24 10:16:23 current lr: 0.000554422
02-24 10:16:23 Saved best checkpoint to ./checkpoint\SSF_JNU_0224-101302\best_pt (val_loss=-0.9386)
02-24 10:16:23 Epoch 017 Train loss -0.9429 | Val loss -0.9386
02-24 10:16:23 -----Epoch 18/19-----
02-24 10:16:28 current lr: 0.000254473
02-24 10:16:28 Saved best checkpoint to ./checkpoint\SSF_JNU_0224-101302\best_pt (val_loss=-0.9386)
02-24 10:16:28 Epoch 018 Train loss -0.9431 | Val loss -0.9386
02-24 10:16:28 -----Epoch 19/19-----
02-24 10:16:32 current lr: 7.14967e-05
02-24 10:16:32 Epoch 019 Train loss -0.9431 | Val loss -0.9386
02-24 10:16:32 TEST (last): loss -0.9395
02-24 10:16:33 [LP epoch 00] train_loss=2.1196 train_acc=0.2504 | val_loss=1333.0716 val_acc=0.3399 | 
02-24 10:16:33 [LP epoch 01] train_loss=1.8493 train_acc=0.3520 | val_loss=1230.2303 val_acc=0.3642 | 
02-24 10:16:33 [LP epoch 02] train_loss=1.7326 train_acc=0.3945 | val_loss=1149.3351 val_acc=0.3505 | 
02-24 10:16:34 [LP epoch 03] train_loss=1.6572 train_acc=0.4219 | val_loss=1109.3526 val_acc=0.3657 | 
02-24 10:16:34 [LP epoch 04] train_loss=1.6019 train_acc=0.4097 | val_loss=1075.8837 val_acc=0.3809 | 
02-24 10:16:35 [LP epoch 05] train_loss=1.5489 train_acc=0.4158 | val_loss=1047.1402 val_acc=0.3839 | 
02-24 10:16:35 [LP epoch 06] train_loss=1.5081 train_acc=0.4416 | val_loss=1026.5687 val_acc=0.3961 | 
02-24 10:16:35 [LP epoch 07] train_loss=1.4685 train_acc=0.4476 | val_loss=1005.1043 val_acc=0.3824 | 
02-24 10:16:36 [LP epoch 08] train_loss=1.4356 train_acc=0.4568 | val_loss=978.2741 val_acc=0.4021 | 
02-24 10:16:36 [LP epoch 09] train_loss=1.3932 train_acc=0.4795 | val_loss=961.5990 val_acc=0.4279 | 
02-24 10:16:37 [LP epoch 10] train_loss=1.3683 train_acc=0.4825 | val_loss=939.0910 val_acc=0.4264 | 
02-24 10:16:37 [LP epoch 11] train_loss=1.3236 train_acc=0.4901 | val_loss=927.7467 val_acc=0.4279 | 
02-24 10:16:38 [LP epoch 12] train_loss=1.3113 train_acc=0.5083 | val_loss=940.9071 val_acc=0.4127 | 
02-24 10:16:38 [LP epoch 13] train_loss=1.2940 train_acc=0.4992 | val_loss=929.5030 val_acc=0.4431 | 
02-24 10:16:39 [LP epoch 14] train_loss=1.2580 train_acc=0.5099 | val_loss=904.0660 val_acc=0.4507 | 
02-24 10:16:39 [LP epoch 15] train_loss=1.2389 train_acc=0.5083 | val_loss=902.7731 val_acc=0.4431 | 
02-24 10:16:39 [LP epoch 16] train_loss=1.2428 train_acc=0.5311 | val_loss=898.5131 val_acc=0.4507 | 
02-24 10:16:40 [LP epoch 17] train_loss=1.2043 train_acc=0.5417 | val_loss=890.2637 val_acc=0.4492 | 
02-24 10:16:40 [LP epoch 18] train_loss=1.2055 train_acc=0.5235 | val_loss=870.5241 val_acc=0.4750 | 
02-24 10:16:41 [LP epoch 19] train_loss=1.2007 train_acc=0.5281 | val_loss=859.9355 val_acc=0.4962 | 
02-24 10:16:41 [LP epoch 20] train_loss=1.1589 train_acc=0.5448 | val_loss=861.4211 val_acc=0.4750 | 
02-24 10:16:41 [LP epoch 21] train_loss=1.1785 train_acc=0.5372 | val_loss=840.6754 val_acc=0.5068 | 
02-24 10:16:42 [LP epoch 22] train_loss=1.1450 train_acc=0.5463 | val_loss=838.4594 val_acc=0.5023 | 
02-24 10:16:42 [LP epoch 23] train_loss=1.1226 train_acc=0.5690 | val_loss=838.0102 val_acc=0.4977 | 
02-24 10:16:42 [LP epoch 24] train_loss=1.1494 train_acc=0.5524 | val_loss=823.1320 val_acc=0.5205 | 
02-24 10:16:43 [LP epoch 25] train_loss=1.1165 train_acc=0.5706 | val_loss=845.8795 val_acc=0.5159 | 
02-24 10:16:43 [LP epoch 26] train_loss=1.1112 train_acc=0.5630 | val_loss=826.6165 val_acc=0.5266 | 
02-24 10:16:44 [LP epoch 27] train_loss=1.0943 train_acc=0.5766 | val_loss=819.7444 val_acc=0.5250 | 
02-24 10:16:44 [LP epoch 28] train_loss=1.0890 train_acc=0.5751 | val_loss=814.2113 val_acc=0.5372 | 
02-24 10:16:44 [LP epoch 29] train_loss=1.0671 train_acc=0.5857 | val_loss=815.9096 val_acc=0.5432 | 
02-24 10:16:45 [LP epoch 30] train_loss=1.0541 train_acc=0.5933 | val_loss=805.1649 val_acc=0.5387 | 
02-24 10:16:45 [LP epoch 31] train_loss=1.0505 train_acc=0.5812 | val_loss=815.4965 val_acc=0.5372 | 
02-24 10:16:46 [LP epoch 32] train_loss=1.0311 train_acc=0.6009 | val_loss=810.9499 val_acc=0.5311 | 
02-24 10:16:46 [LP epoch 33] train_loss=1.0240 train_acc=0.6070 | val_loss=798.1910 val_acc=0.5463 | 
02-24 10:16:47 [LP epoch 34] train_loss=1.0201 train_acc=0.6039 | val_loss=801.7867 val_acc=0.5311 | 
02-24 10:16:47 [LP epoch 35] train_loss=1.0146 train_acc=0.6070 | val_loss=789.3353 val_acc=0.5463 | 
02-24 10:16:47 [LP epoch 36] train_loss=1.0145 train_acc=0.6085 | val_loss=797.5279 val_acc=0.5311 | 
02-24 10:16:48 [LP epoch 37] train_loss=1.0071 train_acc=0.5873 | val_loss=786.5543 val_acc=0.5357 | 
02-24 10:16:48 [LP epoch 38] train_loss=0.9916 train_acc=0.6191 | val_loss=777.3188 val_acc=0.5508 | 
02-24 10:16:49 [LP epoch 39] train_loss=0.9662 train_acc=0.6313 | val_loss=775.5497 val_acc=0.5615 | 
02-24 10:16:49 [LP epoch 40] train_loss=0.9688 train_acc=0.6252 | val_loss=786.6988 val_acc=0.5417 | 
02-24 10:16:49 [LP epoch 41] train_loss=0.9466 train_acc=0.6434 | val_loss=775.3689 val_acc=0.5372 | 
02-24 10:16:50 [LP epoch 42] train_loss=0.9339 train_acc=0.6388 | val_loss=756.1175 val_acc=0.5660 | 
02-24 10:16:50 [LP epoch 43] train_loss=0.9301 train_acc=0.6434 | val_loss=775.9450 val_acc=0.5615 | 
02-24 10:16:51 [LP epoch 44] train_loss=0.9192 train_acc=0.6434 | val_loss=763.7756 val_acc=0.5721 | 
02-24 10:16:51 [LP epoch 45] train_loss=0.9072 train_acc=0.6495 | val_loss=762.6942 val_acc=0.5493 | 
02-24 10:16:51 [LP epoch 46] train_loss=0.9023 train_acc=0.6449 | val_loss=769.3968 val_acc=0.5645 | 
02-24 10:16:52 [LP epoch 47] train_loss=0.8960 train_acc=0.6586 | val_loss=763.9171 val_acc=0.5539 | 
02-24 10:16:52 [LP epoch 48] train_loss=0.8804 train_acc=0.6722 | val_loss=767.9411 val_acc=0.5615 | 
02-24 10:16:53 [LP epoch 49] train_loss=0.8667 train_acc=0.6783 | val_loss=749.4661 val_acc=0.5357 | 
02-24 10:16:53 Saved linear-probe checkpoint: ./checkpoint\SSF_JNU_0224-101302\linear_probe_best.pt (best_val_acc=0.5721)
02-24 10:16:53 TEST linear-probe: loss=1.1364 acc=0.5770
