04-21 12:09:16 ================================================================================
04-21 12:09:16 RUN: aug=('normal', 'scale') hidden=256 latent=256 blocks=1 seed=0
04-21 12:09:16 model_name: SSF
04-21 12:09:16 data_name: PU
04-21 12:09:16 aug_1: normal
04-21 12:09:16 aug_2: scale
04-21 12:09:16 data_view: TwoViewDataset
04-21 12:09:16 data_dir: raw_data/PU
04-21 12:09:16 out_channel: 6
04-21 12:09:16 normlizetype: mean_std
04-21 12:09:16 processing_type: O_N
04-21 12:09:16 max_epoch: 50
04-21 12:09:16 classifier_epoch: 50
04-21 12:09:16 batch_size: 64
04-21 12:09:16 cuda_device: 0
04-21 12:09:16 checkpoint_dir: ./checkpoint
04-21 12:09:16 opt: sgd
04-21 12:09:16 lr: 0.05
04-21 12:09:16 momentum: 0.9
04-21 12:09:16 weight_decay: 0.0001
04-21 12:09:16 lr_scheduler: cos
04-21 12:09:16 gamma: 0.95
04-21 12:09:16 eta_min: 1e-05
04-21 12:09:16 latent_space: 256
04-21 12:09:16 num_blocks_ssf: 1
04-21 12:09:16 hidden_channel: 256
04-21 12:09:16 per_class_samples: 1000
04-21 12:09:16 classifier_samples: 100
04-21 12:09:16 task: self_supervised
04-21 12:09:16 critetion: <class 'utils.loss_SSL.SimSiamLoss'>
04-21 12:09:16 using 1 cpu
04-21 12:09:16 Dataset class: <class 'data_utils.datasets.PU.PU'>
04-21 12:09:17 Split sizes: train=1000 val=1000 test=6000, classier=600
04-21 12:09:17 Label counts train: Counter({0: 1000})
04-21 12:09:17 Label counts val:   Counter({0: 1000})
04-21 12:09:18 Label counts test:  Counter({1: 1000, 2: 1000, 3: 1000, 5: 1000, 0: 1000, 4: 1000})
04-21 12:09:18 Label counts classifier:  Counter({0: 100, 2: 100, 4: 100, 1: 100, 3: 100, 5: 100})
04-21 12:09:18 Label counts classifier validation:  Counter({5: 100, 0: 100, 3: 100, 2: 100, 1: 100, 4: 100})
04-21 12:09:20 -----Epoch 0/49-----
04-21 12:09:26 current lr: 0.05
04-21 12:09:26 Saved best checkpoint to ./checkpoint\SSF_PU_0421-120916\best_pt (val_loss=-0.9564)
04-21 12:09:26 Epoch 000 Train loss -0.7474 | Val loss -0.9564
04-21 12:09:26 -----Epoch 1/49-----
