02-24 12:50:22 model_name: SSF
02-24 12:50:22 data_name: PU
02-24 12:50:22 aug_1: normal
02-24 12:50:22 aug_2: randomcrop
02-24 12:50:22 max_epoch: 20
02-24 12:50:22 classifier_epoch: 50
02-24 12:50:22 data_view: TwoViewDataset
02-24 12:50:22 cuda_device: 0
02-24 12:50:22 checkpoint_dir: ./checkpoint
02-24 12:50:22 batch_size: 32
02-24 12:50:22 data_dir: raw_data/PU
02-24 12:50:22 out_channel: 3
02-24 12:50:22 normlizetype: minus_one_one
02-24 12:50:22 processing_type: RA
02-24 12:50:22 opt: sgd
02-24 12:50:22 lr: 0.01
02-24 12:50:22 momentum: 0.9
02-24 12:50:22 weight_decay: 1e-05
02-24 12:50:22 lr_scheduler: cos
02-24 12:50:22 gamma: 0.1
02-24 12:50:22 eta_min: 1e-05
02-24 12:50:22 latent_space: 256
02-24 12:50:22 task: self_supervised
02-24 12:50:22 critetion: <class 'utils.loss_SSL.SimSiamLoss'>
02-24 12:50:23 using 1 gpus
02-24 12:50:23 Dataset class: <class 'data_utils.datasets.PU.PU'>
02-24 12:50:23 Split sizes: train=10504 val=1125 test=2252, classier=1126
02-24 12:50:24 Label counts train: Counter({2: 3504, 1: 3500, 0: 3500})
02-24 12:50:24 Label counts val:   Counter({0: 375, 2: 375, 1: 375})
02-24 12:50:24 Label counts test:  Counter({2: 751, 0: 751, 1: 750})
02-24 12:50:24 Label counts classifier:  Counter({2: 376, 0: 375, 1: 375})
02-24 12:50:25 Loaded best checkpoint from ./checkpoint/SSF_PU_0224-122003/best_pt (val_loss=-0.9973374103969997)
02-24 12:50:27 [LP epoch 00] train_loss=0.8290 train_acc=0.6359 | val_loss=0.8297 val_acc=0.6880 | 
02-24 12:50:27 [LP epoch 01] train_loss=0.7072 train_acc=0.6892 | val_loss=0.7078 val_acc=0.7298 | 
02-24 12:50:28 [LP epoch 02] train_loss=0.6705 train_acc=0.6963 | val_loss=0.6711 val_acc=0.7413 | 
02-24 12:50:29 [LP epoch 03] train_loss=0.6399 train_acc=0.7123 | val_loss=0.6405 val_acc=0.7440 | 
02-24 12:50:29 [LP epoch 04] train_loss=0.6284 train_acc=0.7211 | val_loss=0.6289 val_acc=0.7458 | 
02-24 12:50:30 [LP epoch 05] train_loss=0.6157 train_acc=0.7274 | val_loss=0.6162 val_acc=0.7538 | 
02-24 12:50:31 [LP epoch 06] train_loss=0.5936 train_acc=0.7451 | val_loss=0.5941 val_acc=0.7573 | 
02-24 12:50:31 [LP epoch 07] train_loss=0.5852 train_acc=0.7496 | val_loss=0.5858 val_acc=0.7662 | 
02-24 12:50:32 [LP epoch 08] train_loss=0.5771 train_acc=0.7487 | val_loss=0.5776 val_acc=0.7609 | 
02-24 12:50:33 [LP epoch 09] train_loss=0.5625 train_acc=0.7487 | val_loss=0.5630 val_acc=0.7742 | 
02-24 12:50:33 [LP epoch 10] train_loss=0.5530 train_acc=0.7620 | val_loss=0.5535 val_acc=0.7644 | 
02-24 12:50:34 [LP epoch 11] train_loss=0.5513 train_acc=0.7629 | val_loss=0.5518 val_acc=0.7822 | 
02-24 12:50:35 [LP epoch 12] train_loss=0.5378 train_acc=0.7726 | val_loss=0.5383 val_acc=0.7822 | 
02-24 12:50:35 [LP epoch 13] train_loss=0.5259 train_acc=0.7726 | val_loss=0.5264 val_acc=0.7724 | 
02-24 12:50:36 [LP epoch 14] train_loss=0.5218 train_acc=0.7815 | val_loss=0.5222 val_acc=0.7769 | 
02-24 12:50:37 [LP epoch 15] train_loss=0.5146 train_acc=0.7771 | val_loss=0.5151 val_acc=0.7698 | 
02-24 12:50:37 [LP epoch 16] train_loss=0.5175 train_acc=0.7691 | val_loss=0.5180 val_acc=0.7929 | 
02-24 12:50:38 [LP epoch 17] train_loss=0.5059 train_acc=0.7806 | val_loss=0.5064 val_acc=0.7822 | 
02-24 12:50:39 [LP epoch 18] train_loss=0.4907 train_acc=0.7922 | val_loss=0.4912 val_acc=0.8009 | 
02-24 12:50:39 [LP epoch 19] train_loss=0.4902 train_acc=0.7895 | val_loss=0.4907 val_acc=0.7724 | 
02-24 12:50:40 [LP epoch 20] train_loss=0.4947 train_acc=0.8002 | val_loss=0.4951 val_acc=0.7947 | 
02-24 12:50:41 [LP epoch 21] train_loss=0.4829 train_acc=0.7966 | val_loss=0.4833 val_acc=0.7751 | 
02-24 12:50:42 [LP epoch 22] train_loss=0.4761 train_acc=0.8144 | val_loss=0.4765 val_acc=0.7982 | 
02-24 12:50:43 [LP epoch 23] train_loss=0.4601 train_acc=0.8108 | val_loss=0.4605 val_acc=0.7964 | 
02-24 12:50:44 [LP epoch 24] train_loss=0.4705 train_acc=0.7984 | val_loss=0.4709 val_acc=0.7973 | 
02-24 12:50:45 [LP epoch 25] train_loss=0.4725 train_acc=0.8082 | val_loss=0.4730 val_acc=0.7982 | 
02-24 12:50:45 [LP epoch 26] train_loss=0.4547 train_acc=0.8082 | val_loss=0.4551 val_acc=0.8124 | 
02-24 12:50:46 [LP epoch 27] train_loss=0.4513 train_acc=0.8188 | val_loss=0.4517 val_acc=0.8000 | 
02-24 12:50:47 [LP epoch 28] train_loss=0.4497 train_acc=0.8171 | val_loss=0.4501 val_acc=0.8107 | 
02-24 12:50:48 [LP epoch 29] train_loss=0.4490 train_acc=0.8171 | val_loss=0.4494 val_acc=0.7991 | 
02-24 12:50:49 [LP epoch 30] train_loss=0.4529 train_acc=0.8153 | val_loss=0.4533 val_acc=0.8071 | 
02-24 12:50:50 [LP epoch 31] train_loss=0.4642 train_acc=0.8002 | val_loss=0.4646 val_acc=0.7991 | 
02-24 12:50:51 [LP epoch 32] train_loss=0.4321 train_acc=0.8259 | val_loss=0.4324 val_acc=0.7689 | 
02-24 12:50:52 [LP epoch 33] train_loss=0.4357 train_acc=0.8162 | val_loss=0.4361 val_acc=0.8044 | 
02-24 12:50:53 [LP epoch 34] train_loss=0.4310 train_acc=0.8197 | val_loss=0.4313 val_acc=0.7831 | 
02-24 12:50:53 [LP epoch 35] train_loss=0.4347 train_acc=0.8135 | val_loss=0.4350 val_acc=0.8062 | 
02-24 12:50:54 [LP epoch 36] train_loss=0.4221 train_acc=0.8357 | val_loss=0.4225 val_acc=0.7902 | 
02-24 12:50:55 [LP epoch 37] train_loss=0.4180 train_acc=0.8348 | val_loss=0.4183 val_acc=0.8107 | 
02-24 12:50:56 [LP epoch 38] train_loss=0.4322 train_acc=0.8099 | val_loss=0.4326 val_acc=0.8053 | 
02-24 12:50:57 [LP epoch 39] train_loss=0.4218 train_acc=0.8321 | val_loss=0.4221 val_acc=0.8133 | 
02-24 12:50:58 [LP epoch 40] train_loss=0.4061 train_acc=0.8357 | val_loss=0.4065 val_acc=0.8027 | 
02-24 12:50:58 [LP epoch 41] train_loss=0.4148 train_acc=0.8321 | val_loss=0.4151 val_acc=0.8400 | 
02-24 12:50:59 [LP epoch 42] train_loss=0.4196 train_acc=0.8304 | val_loss=0.4200 val_acc=0.8107 | 
02-24 12:51:00 [LP epoch 43] train_loss=0.4033 train_acc=0.8330 | val_loss=0.4037 val_acc=0.8133 | 
02-24 12:51:01 [LP epoch 44] train_loss=0.4114 train_acc=0.8393 | val_loss=0.4118 val_acc=0.8044 | 
02-24 12:51:02 [LP epoch 45] train_loss=0.3971 train_acc=0.8410 | val_loss=0.3974 val_acc=0.8018 | 
02-24 12:51:03 [LP epoch 46] train_loss=0.3990 train_acc=0.8472 | val_loss=0.3994 val_acc=0.8071 | 
02-24 12:51:04 [LP epoch 47] train_loss=0.3829 train_acc=0.8615 | val_loss=0.3832 val_acc=0.8133 | 
02-24 12:51:04 [LP epoch 48] train_loss=0.3828 train_acc=0.8428 | val_loss=0.3832 val_acc=0.8151 | 
02-24 12:51:05 [LP epoch 49] train_loss=0.3698 train_acc=0.8606 | val_loss=0.3701 val_acc=0.8187 | 
02-24 12:51:05 Saved linear-probe checkpoint: ./checkpoint\SSF_PU_0224-125022\linear_probe_best.pt (best_val_acc=0.8400)
02-24 12:51:06 TEST linear-probe: loss=0.4252 acc=0.8210
