02-24 09:52:24 model_name: SSF
02-24 09:52:24 data_name: PU
02-24 09:52:24 aug_1: normal
02-24 09:52:24 aug_2: randomcrop
02-24 09:52:24 max_epoch: 20
02-24 09:52:24 classifier_epoch: 50
02-24 09:52:24 data_view: TwoViewDataset
02-24 09:52:24 cuda_device: 0
02-24 09:52:24 checkpoint_dir: ./checkpoint
02-24 09:52:24 batch_size: 32
02-24 09:52:24 data_dir: raw_data/PU
02-24 09:52:24 out_channel: 4
02-24 09:52:24 normlizetype: minus_one_one
02-24 09:52:24 processing_type: RA
02-24 09:52:24 opt: sgd
02-24 09:52:24 lr: 0.01
02-24 09:52:24 momentum: 0.9
02-24 09:52:24 weight_decay: 1e-05
02-24 09:52:24 lr_scheduler: cos
02-24 09:52:24 gamma: 0.1
02-24 09:52:24 eta_min: 1e-05
02-24 09:52:24 latent_space: 256
02-24 09:52:24 task: self_supervised
02-24 09:52:24 critetion: <class 'utils.loss_SSL.SimSiamLoss'>
02-24 09:52:24 using 1 gpus
02-24 09:52:24 Dataset class: <class 'data_utils.datasets.PU.PU'>
02-24 09:52:24 Split sizes: train=22502 val=2411 test=4823, classier=2411
02-24 09:52:26 Label counts train: Counter({1: 8481, 3: 7718, 0: 4201, 2: 2102})
02-24 09:52:26 Label counts val:   Counter({1: 908, 3: 827, 0: 450, 2: 226})
02-24 09:52:26 Label counts test:  Counter({1: 1818, 3: 1654, 0: 901, 2: 450})
02-24 09:52:26 Label counts classifier:  Counter({1: 909, 3: 827, 0: 450, 2: 225})
02-24 09:52:28 -----Epoch 0/19-----
02-24 09:52:44 current lr: 0.01
02-24 09:52:44 Saved best checkpoint to ./checkpoint\SSF_PU_0224-095223\best_pt (val_loss=-0.8753)
02-24 09:52:44 Epoch 000 Train loss -0.7013 | Val loss -0.8753
02-24 09:52:44 -----Epoch 1/19-----
02-24 09:53:01 current lr: 0.0099385
02-24 09:53:01 Saved best checkpoint to ./checkpoint\SSF_PU_0224-095223\best_pt (val_loss=-0.9233)
02-24 09:53:01 Epoch 001 Train loss -0.9024 | Val loss -0.9233
02-24 09:53:01 -----Epoch 2/19-----
02-24 09:53:18 current lr: 0.00975553
02-24 09:53:18 Saved best checkpoint to ./checkpoint\SSF_PU_0224-095223\best_pt (val_loss=-0.9499)
02-24 09:53:18 Epoch 002 Train loss -0.9400 | Val loss -0.9499
02-24 09:53:18 -----Epoch 3/19-----
