02-24 09:20:59 model_name: SSF
02-24 09:20:59 data_name: PU
02-24 09:20:59 aug_1: normal
02-24 09:20:59 aug_2: randomcrop
02-24 09:20:59 max_epoch: 50
02-24 09:20:59 classifier_epoch: 50
02-24 09:20:59 data_view: TwoViewDataset
02-24 09:20:59 cuda_device: 0
02-24 09:20:59 checkpoint_dir: ./checkpoint
02-24 09:20:59 batch_size: 32
02-24 09:20:59 data_dir: raw_data/PU
02-24 09:20:59 out_channel: 4
02-24 09:20:59 normlizetype: minus_one_one
02-24 09:20:59 processing_type: RA
02-24 09:20:59 opt: sgd
02-24 09:20:59 lr: 0.01
02-24 09:20:59 momentum: 0.9
02-24 09:20:59 weight_decay: 1e-05
02-24 09:20:59 lr_scheduler: cos
02-24 09:20:59 gamma: 0.1
02-24 09:20:59 eta_min: 1e-05
02-24 09:20:59 latent_space: 16
02-24 09:20:59 task: self_supervised
02-24 09:20:59 critetion: <class 'utils.loss_SSL.SimSiamLoss'>
02-24 09:20:59 using 1 gpus
02-24 09:20:59 Dataset class: <class 'data_utils.datasets.PU.PU'>
02-24 09:20:59 Split sizes: train=22502 val=4822 test=4823
02-24 09:21:01 Label counts train: Counter({1: 8481, 3: 7718, 0: 4201, 2: 2102})
02-24 09:21:01 Label counts val:   Counter({1: 1817, 3: 1654, 0: 900, 2: 451})
02-24 09:21:01 Label counts test:  Counter({1: 1818, 3: 1654, 0: 901, 2: 450})
02-24 09:21:03 -----Epoch 0/49-----
02-24 09:21:20 current lr: 0.01
02-24 09:21:20 Saved best checkpoint to ./checkpoint\SSF_PU_0224-092059\best_pt (val_loss=-0.9908)
02-24 09:21:20 Epoch 000 Train loss -0.9603 | Val loss -0.9908
02-24 09:21:20 -----Epoch 1/49-----
02-24 09:21:38 current lr: 0.00999014
02-24 09:21:38 Saved best checkpoint to ./checkpoint\SSF_PU_0224-092059\best_pt (val_loss=-0.9940)
02-24 09:21:38 Epoch 001 Train loss -0.9921 | Val loss -0.9940
02-24 09:21:38 -----Epoch 2/49-----
