02-24 12:55:03 model_name: SSF
02-24 12:55:03 data_name: PU
02-24 12:55:03 aug_1: normal
02-24 12:55:03 aug_2: randomcrop
02-24 12:55:03 max_epoch: 20
02-24 12:55:03 classifier_epoch: 50
02-24 12:55:03 data_view: TwoViewDataset
02-24 12:55:03 cuda_device: 0
02-24 12:55:03 checkpoint_dir: ./checkpoint
02-24 12:55:03 batch_size: 32
02-24 12:55:03 data_dir: raw_data/PU
02-24 12:55:03 out_channel: 4
02-24 12:55:03 normlizetype: minus_one_one
02-24 12:55:03 processing_type: RA
02-24 12:55:03 opt: sgd
02-24 12:55:03 lr: 0.01
02-24 12:55:03 momentum: 0.9
02-24 12:55:03 weight_decay: 1e-05
02-24 12:55:03 lr_scheduler: cos
02-24 12:55:03 gamma: 0.1
02-24 12:55:03 eta_min: 1e-05
02-24 12:55:03 latent_space: 256
02-24 12:55:03 task: self_supervised
02-24 12:55:03 critetion: <class 'utils.loss_SSL.SimSiamLoss'>
02-24 12:55:03 using 1 gpus
02-24 12:55:03 Dataset class: <class 'data_utils.datasets.PU.PU'>
02-24 12:55:04 Split sizes: train=21802 val=2336 test=4672, classier=2336
02-24 12:55:05 Label counts train: Counter({3: 8481, 1: 7718, 0: 3501, 2: 2102})
02-24 12:55:05 Label counts val:   Counter({3: 909, 1: 827, 0: 375, 2: 225})
02-24 12:55:06 Label counts test:  Counter({3: 1817, 1: 1654, 0: 750, 2: 451})
02-24 12:55:06 Label counts classifier:  Counter({3: 909, 1: 827, 0: 375, 2: 225})
02-24 12:55:07 -----Epoch 0/19-----
02-24 12:55:24 current lr: 0.01
02-24 12:55:24 Saved best checkpoint to ./checkpoint\SSF_PU_0224-125503\best_pt (val_loss=-0.9941)
02-24 12:55:24 Epoch 000 Train loss -0.9752 | Val loss -0.9941
02-24 12:55:24 -----Epoch 1/19-----
02-24 12:55:41 current lr: 0.0099385
02-24 12:55:41 Saved best checkpoint to ./checkpoint\SSF_PU_0224-125503\best_pt (val_loss=-0.9957)
02-24 12:55:41 Epoch 001 Train loss -0.9945 | Val loss -0.9957
02-24 12:55:41 -----Epoch 2/19-----
02-24 12:55:57 current lr: 0.00975553
02-24 12:55:57 Saved best checkpoint to ./checkpoint\SSF_PU_0224-125503\best_pt (val_loss=-0.9965)
02-24 12:55:57 Epoch 002 Train loss -0.9956 | Val loss -0.9965
02-24 12:55:57 -----Epoch 3/19-----
02-24 12:56:13 current lr: 0.00945558
02-24 12:56:13 Saved best checkpoint to ./checkpoint\SSF_PU_0224-125503\best_pt (val_loss=-0.9970)
02-24 12:56:13 Epoch 003 Train loss -0.9962 | Val loss -0.9970
02-24 12:56:13 -----Epoch 4/19-----
02-24 12:56:30 current lr: 0.00904604
02-24 12:56:30 Saved best checkpoint to ./checkpoint\SSF_PU_0224-125503\best_pt (val_loss=-0.9973)
02-24 12:56:30 Epoch 004 Train loss -0.9966 | Val loss -0.9973
02-24 12:56:30 -----Epoch 5/19-----
02-24 12:56:47 current lr: 0.008537
02-24 12:56:47 Saved best checkpoint to ./checkpoint\SSF_PU_0224-125503\best_pt (val_loss=-0.9975)
02-24 12:56:47 Epoch 005 Train loss -0.9969 | Val loss -0.9975
02-24 12:56:47 -----Epoch 6/19-----
02-24 12:57:04 current lr: 0.00794099
02-24 12:57:04 Saved best checkpoint to ./checkpoint\SSF_PU_0224-125503\best_pt (val_loss=-0.9977)
02-24 12:57:04 Epoch 006 Train loss -0.9971 | Val loss -0.9977
02-24 12:57:04 -----Epoch 7/19-----
02-24 12:57:20 current lr: 0.00727268
02-24 12:57:20 Saved best checkpoint to ./checkpoint\SSF_PU_0224-125503\best_pt (val_loss=-0.9978)
02-24 12:57:20 Epoch 007 Train loss -0.9972 | Val loss -0.9978
02-24 12:57:20 -----Epoch 8/19-----
02-24 12:57:37 current lr: 0.00654854
02-24 12:57:37 Saved best checkpoint to ./checkpoint\SSF_PU_0224-125503\best_pt (val_loss=-0.9979)
02-24 12:57:37 Epoch 008 Train loss -0.9973 | Val loss -0.9979
02-24 12:57:37 -----Epoch 9/19-----
02-24 12:57:52 current lr: 0.00578639
02-24 12:57:52 Saved best checkpoint to ./checkpoint\SSF_PU_0224-125503\best_pt (val_loss=-0.9980)
02-24 12:57:52 Epoch 009 Train loss -0.9974 | Val loss -0.9980
02-24 12:57:52 -----Epoch 10/19-----
02-24 12:58:09 current lr: 0.005005
02-24 12:58:09 Saved best checkpoint to ./checkpoint\SSF_PU_0224-125503\best_pt (val_loss=-0.9980)
02-24 12:58:09 Epoch 010 Train loss -0.9975 | Val loss -0.9980
02-24 12:58:09 -----Epoch 11/19-----
02-24 12:58:26 current lr: 0.00422361
02-24 12:58:26 Saved best checkpoint to ./checkpoint\SSF_PU_0224-125503\best_pt (val_loss=-0.9981)
02-24 12:58:26 Epoch 011 Train loss -0.9975 | Val loss -0.9981
02-24 12:58:26 -----Epoch 12/19-----
02-24 12:58:42 current lr: 0.00346146
02-24 12:58:42 Saved best checkpoint to ./checkpoint\SSF_PU_0224-125503\best_pt (val_loss=-0.9981)
02-24 12:58:42 Epoch 012 Train loss -0.9976 | Val loss -0.9981
02-24 12:58:42 -----Epoch 13/19-----
02-24 12:58:59 current lr: 0.00273732
02-24 12:58:59 Saved best checkpoint to ./checkpoint\SSF_PU_0224-125503\best_pt (val_loss=-0.9981)
02-24 12:58:59 Epoch 013 Train loss -0.9976 | Val loss -0.9981
02-24 12:58:59 -----Epoch 14/19-----
02-24 12:59:15 current lr: 0.00206901
02-24 12:59:15 Saved best checkpoint to ./checkpoint\SSF_PU_0224-125503\best_pt (val_loss=-0.9982)
02-24 12:59:15 Epoch 014 Train loss -0.9976 | Val loss -0.9982
02-24 12:59:15 -----Epoch 15/19-----
02-24 12:59:32 current lr: 0.001473
02-24 12:59:32 Saved best checkpoint to ./checkpoint\SSF_PU_0224-125503\best_pt (val_loss=-0.9982)
02-24 12:59:32 Epoch 015 Train loss -0.9976 | Val loss -0.9982
02-24 12:59:32 -----Epoch 16/19-----
02-24 12:59:48 current lr: 0.00096396
02-24 12:59:48 Saved best checkpoint to ./checkpoint\SSF_PU_0224-125503\best_pt (val_loss=-0.9982)
02-24 12:59:48 Epoch 016 Train loss -0.9977 | Val loss -0.9982
02-24 12:59:48 -----Epoch 17/19-----
02-24 13:00:05 current lr: 0.000554422
02-24 13:00:05 Saved best checkpoint to ./checkpoint\SSF_PU_0224-125503\best_pt (val_loss=-0.9982)
02-24 13:00:05 Epoch 017 Train loss -0.9977 | Val loss -0.9982
02-24 13:00:05 -----Epoch 18/19-----
02-24 13:00:21 current lr: 0.000254473
02-24 13:00:21 Saved best checkpoint to ./checkpoint\SSF_PU_0224-125503\best_pt (val_loss=-0.9982)
02-24 13:00:21 Epoch 018 Train loss -0.9977 | Val loss -0.9982
02-24 13:00:21 -----Epoch 19/19-----
02-24 13:00:38 current lr: 7.14967e-05
02-24 13:00:38 Saved best checkpoint to ./checkpoint\SSF_PU_0224-125503\best_pt (val_loss=-0.9982)
02-24 13:00:38 Epoch 019 Train loss -0.9977 | Val loss -0.9982
02-24 13:00:39 TEST (last): loss -0.9983
02-24 13:00:40 [LP epoch 00] train_loss=1.1913 train_acc=0.4640 | val_loss=1.1913 val_acc=0.4940 | 
02-24 13:00:41 [LP epoch 01] train_loss=1.0711 train_acc=0.5064 | val_loss=1.0711 val_acc=0.5086 | 
02-24 13:00:43 [LP epoch 02] train_loss=1.0304 train_acc=0.5201 | val_loss=1.0304 val_acc=0.5312 | 
02-24 13:00:44 [LP epoch 03] train_loss=1.0056 train_acc=0.5420 | val_loss=1.0056 val_acc=0.5411 | 
02-24 13:00:46 [LP epoch 04] train_loss=0.9859 train_acc=0.5462 | val_loss=0.9859 val_acc=0.5424 | 
02-24 13:00:47 [LP epoch 05] train_loss=0.9691 train_acc=0.5552 | val_loss=0.9691 val_acc=0.5625 | 
02-24 13:00:49 [LP epoch 06] train_loss=0.9557 train_acc=0.5578 | val_loss=0.9557 val_acc=0.5501 | 
02-24 13:00:50 [LP epoch 07] train_loss=0.9440 train_acc=0.5599 | val_loss=0.9440 val_acc=0.5655 | 
02-24 13:00:51 [LP epoch 08] train_loss=0.9281 train_acc=0.5728 | val_loss=0.9281 val_acc=0.5527 | 
02-24 13:00:52 [LP epoch 09] train_loss=0.9261 train_acc=0.5745 | val_loss=0.9261 val_acc=0.5565 | 
02-24 13:00:54 [LP epoch 10] train_loss=0.9042 train_acc=0.5813 | val_loss=0.9042 val_acc=0.5852 | 
02-24 13:00:55 [LP epoch 11] train_loss=0.8958 train_acc=0.5796 | val_loss=0.8958 val_acc=0.5801 | 
02-24 13:00:57 [LP epoch 12] train_loss=0.8922 train_acc=0.5848 | val_loss=0.8922 val_acc=0.5976 | 
02-24 13:00:58 [LP epoch 13] train_loss=0.8888 train_acc=0.5959 | val_loss=0.8888 val_acc=0.5933 | 
02-24 13:00:59 [LP epoch 14] train_loss=0.8801 train_acc=0.5899 | val_loss=0.8801 val_acc=0.5890 | 
02-24 13:01:01 [LP epoch 15] train_loss=0.8691 train_acc=0.6036 | val_loss=0.8691 val_acc=0.6074 | 
02-24 13:01:02 [LP epoch 16] train_loss=0.8571 train_acc=0.6087 | val_loss=0.8571 val_acc=0.5878 | 
02-24 13:01:03 [LP epoch 17] train_loss=0.8537 train_acc=0.6036 | val_loss=0.8537 val_acc=0.6070 | 
02-24 13:01:04 [LP epoch 18] train_loss=0.8586 train_acc=0.6104 | val_loss=0.8586 val_acc=0.6010 | 
02-24 13:01:06 [LP epoch 19] train_loss=0.8470 train_acc=0.6134 | val_loss=0.8470 val_acc=0.5993 | 
02-24 13:01:07 [LP epoch 20] train_loss=0.8395 train_acc=0.6173 | val_loss=0.8395 val_acc=0.6122 | 
02-24 13:01:09 [LP epoch 21] train_loss=0.8300 train_acc=0.6207 | val_loss=0.8300 val_acc=0.6104 | 
02-24 13:01:10 [LP epoch 22] train_loss=0.8262 train_acc=0.6207 | val_loss=0.8262 val_acc=0.6190 | 
02-24 13:01:11 [LP epoch 23] train_loss=0.8135 train_acc=0.6289 | val_loss=0.8135 val_acc=0.6203 | 
02-24 13:01:13 [LP epoch 24] train_loss=0.8127 train_acc=0.6263 | val_loss=0.8127 val_acc=0.6254 | 
02-24 13:01:14 [LP epoch 25] train_loss=0.8035 train_acc=0.6297 | val_loss=0.8035 val_acc=0.6276 | 
02-24 13:01:15 [LP epoch 26] train_loss=0.7955 train_acc=0.6378 | val_loss=0.7955 val_acc=0.6417 | 
02-24 13:01:17 [LP epoch 27] train_loss=0.7895 train_acc=0.6421 | val_loss=0.7895 val_acc=0.6297 | 
02-24 13:01:18 [LP epoch 28] train_loss=0.7831 train_acc=0.6451 | val_loss=0.7831 val_acc=0.6293 | 
02-24 13:01:20 [LP epoch 29] train_loss=0.7781 train_acc=0.6494 | val_loss=0.7781 val_acc=0.6241 | 
02-24 13:01:21 [LP epoch 30] train_loss=0.7764 train_acc=0.6554 | val_loss=0.7764 val_acc=0.6370 | 
02-24 13:01:22 [LP epoch 31] train_loss=0.7712 train_acc=0.6584 | val_loss=0.7712 val_acc=0.6468 | 
02-24 13:01:24 [LP epoch 32] train_loss=0.7654 train_acc=0.6631 | val_loss=0.7654 val_acc=0.6396 | 
02-24 13:01:25 [LP epoch 33] train_loss=0.7622 train_acc=0.6588 | val_loss=0.7622 val_acc=0.6413 | 
02-24 13:01:26 [LP epoch 34] train_loss=0.7551 train_acc=0.6571 | val_loss=0.7551 val_acc=0.6503 | 
02-24 13:01:28 [LP epoch 35] train_loss=0.7459 train_acc=0.6725 | val_loss=0.7459 val_acc=0.6434 | 
02-24 13:01:29 [LP epoch 36] train_loss=0.7465 train_acc=0.6644 | val_loss=0.7465 val_acc=0.6473 | 
02-24 13:01:31 [LP epoch 37] train_loss=0.7439 train_acc=0.6781 | val_loss=0.7439 val_acc=0.6520 | 
02-24 13:01:32 [LP epoch 38] train_loss=0.7472 train_acc=0.6614 | val_loss=0.7472 val_acc=0.6434 | 
02-24 13:01:33 [LP epoch 39] train_loss=0.7402 train_acc=0.6721 | val_loss=0.7402 val_acc=0.6421 | 
02-24 13:01:35 [LP epoch 40] train_loss=0.7334 train_acc=0.6721 | val_loss=0.7334 val_acc=0.6413 | 
02-24 13:01:36 [LP epoch 41] train_loss=0.7360 train_acc=0.6755 | val_loss=0.7360 val_acc=0.6541 | 
02-24 13:01:38 [LP epoch 42] train_loss=0.7272 train_acc=0.6798 | val_loss=0.7272 val_acc=0.6421 | 
02-24 13:01:39 [LP epoch 43] train_loss=0.7246 train_acc=0.6815 | val_loss=0.7246 val_acc=0.6597 | 
02-24 13:01:40 [LP epoch 44] train_loss=0.7175 train_acc=0.6871 | val_loss=0.7175 val_acc=0.6618 | 
02-24 13:01:41 [LP epoch 45] train_loss=0.7121 train_acc=0.6914 | val_loss=0.7121 val_acc=0.6571 | 
02-24 13:01:43 [LP epoch 46] train_loss=0.7106 train_acc=0.6866 | val_loss=0.7106 val_acc=0.6528 | 
02-24 13:01:44 [LP epoch 47] train_loss=0.7102 train_acc=0.6901 | val_loss=0.7102 val_acc=0.6640 | 
02-24 13:01:45 [LP epoch 48] train_loss=0.7042 train_acc=0.6922 | val_loss=0.7042 val_acc=0.6682 | 
02-24 13:01:47 [LP epoch 49] train_loss=0.7031 train_acc=0.6982 | val_loss=0.7031 val_acc=0.6571 | 
02-24 13:01:47 Saved linear-probe checkpoint: ./checkpoint\SSF_PU_0224-125503\linear_probe_best.pt (best_val_acc=0.6682)
02-24 13:01:48 TEST linear-probe: loss=0.7596 acc=0.6708
