05-14 14:09:07 ================================================================================
05-14 14:09:07 RUN: aug=('gaussian', 'gaussian') hidden=128 latent=160 blocks=7 seed=0
05-14 14:09:07 model_name: SSF
05-14 14:09:07 data_name: CWRU
05-14 14:09:07 aug_1: gaussian
05-14 14:09:07 aug_2: gaussian
05-14 14:09:07 data_view: TwoViewDataset
05-14 14:09:07 data_dir: raw_data/CWRU
05-14 14:09:07 out_channel: 4
05-14 14:09:07 normlizetype: None
05-14 14:09:07 processing_type: O_N
05-14 14:09:07 max_epoch: 50
05-14 14:09:07 classifier_epoch: 50
05-14 14:09:07 batch_size: 64
05-14 14:09:07 cuda_device: 0
05-14 14:09:07 checkpoint_dir: ./checkpoint
05-14 14:09:07 opt: sgd
05-14 14:09:07 lr: 0.05
05-14 14:09:07 momentum: 0.9
05-14 14:09:07 weight_decay: 0.0001
05-14 14:09:07 lr_scheduler: cos
05-14 14:09:07 gamma: 0.95
05-14 14:09:07 eta_min: 1e-05
05-14 14:09:07 latent_space: 160
05-14 14:09:07 num_blocks_ssf: 7
05-14 14:09:07 hidden_channel: 128
05-14 14:09:07 per_class_samples: 100
05-14 14:09:07 classifier_samples: 10
05-14 14:09:07 task: self_supervised
05-14 14:09:07 critetion: <class 'utils.loss_SSL.SimSiamLoss'>
05-14 14:09:07 using 1 gpus
05-14 14:09:07 Dataset class: <class 'data_utils.datasets.CWRU.CWRU'>
05-14 14:09:07 Split sizes: train=100 val=100 test=400, classier=40
05-14 14:09:07 Label counts train: Counter({0: 100})
05-14 14:09:07 Label counts val:   Counter({0: 100})
05-14 14:09:07 Label counts test:  Counter({2: 100, 1: 100, 3: 100, 0: 100})
05-14 14:09:07 Label counts classifier:  Counter({2: 10, 3: 10, 1: 10, 0: 10})
05-14 14:09:07 Label counts classifier validation:  Counter({0: 10, 2: 10, 3: 10, 1: 10})
05-14 14:09:09 -----Epoch 0/49-----
05-14 14:09:10 current lr: 0.05
05-14 14:09:10 Saved best checkpoint to ./checkpoint\SSF_CWRU_0514-140907\best_pt (val_loss=-0.2942)
05-14 14:09:10 Epoch 000 Train loss -0.0727 | Val loss -0.2942
05-14 14:09:10 -----Epoch 1/49-----
05-14 14:09:10 current lr: 0.0499507
05-14 14:09:10 Saved best checkpoint to ./checkpoint\SSF_CWRU_0514-140907\best_pt (val_loss=-0.4748)
05-14 14:09:10 Epoch 001 Train loss -0.3908 | Val loss -0.4748
05-14 14:09:10 -----Epoch 2/49-----
05-14 14:09:10 current lr: 0.0498029
05-14 14:09:10 Saved best checkpoint to ./checkpoint\SSF_CWRU_0514-140907\best_pt (val_loss=-0.5529)
05-14 14:09:10 Epoch 002 Train loss -0.7420 | Val loss -0.5529
05-14 14:09:10 -----Epoch 3/49-----
05-14 14:09:10 current lr: 0.0495573
05-14 14:09:10 Saved best checkpoint to ./checkpoint\SSF_CWRU_0514-140907\best_pt (val_loss=-0.5817)
05-14 14:09:10 Epoch 003 Train loss -0.8982 | Val loss -0.5817
05-14 14:09:10 -----Epoch 4/49-----
05-14 14:09:10 current lr: 0.0492147
05-14 14:09:10 Saved best checkpoint to ./checkpoint\SSF_CWRU_0514-140907\best_pt (val_loss=-0.5988)
05-14 14:09:10 Epoch 004 Train loss -0.9477 | Val loss -0.5988
05-14 14:09:10 -----Epoch 5/49-----
05-14 14:09:10 current lr: 0.0487767
05-14 14:09:10 Saved best checkpoint to ./checkpoint\SSF_CWRU_0514-140907\best_pt (val_loss=-0.6023)
05-14 14:09:10 Epoch 005 Train loss -0.9660 | Val loss -0.6023
05-14 14:09:10 -----Epoch 6/49-----
05-14 14:09:11 current lr: 0.0482448
05-14 14:09:11 No improvement in val_loss for 1/10 epochs.
05-14 14:09:11 Epoch 006 Train loss -0.9730 | Val loss -0.5991
05-14 14:09:11 -----Epoch 7/49-----
05-14 14:09:11 current lr: 0.0476212
05-14 14:09:11 No improvement in val_loss for 2/10 epochs.
05-14 14:09:11 Epoch 007 Train loss -0.9759 | Val loss -0.5950
05-14 14:09:11 -----Epoch 8/49-----
05-14 14:09:11 current lr: 0.0469083
05-14 14:09:11 No improvement in val_loss for 3/10 epochs.
05-14 14:09:11 Epoch 008 Train loss -0.9772 | Val loss -0.5944
05-14 14:09:11 -----Epoch 9/49-----
05-14 14:09:11 current lr: 0.046109
05-14 14:09:11 No improvement in val_loss for 4/10 epochs.
05-14 14:09:11 Epoch 009 Train loss -0.9775 | Val loss -0.5987
05-14 14:09:11 -----Epoch 10/49-----
05-14 14:09:11 current lr: 0.0452264
05-14 14:09:11 Saved best checkpoint to ./checkpoint\SSF_CWRU_0514-140907\best_pt (val_loss=-0.6067)
05-14 14:09:11 Epoch 010 Train loss -0.9794 | Val loss -0.6067
05-14 14:09:11 -----Epoch 11/49-----
05-14 14:09:11 current lr: 0.044264
05-14 14:09:11 Saved best checkpoint to ./checkpoint\SSF_CWRU_0514-140907\best_pt (val_loss=-0.6178)
05-14 14:09:11 Epoch 011 Train loss -0.9801 | Val loss -0.6178
05-14 14:09:11 -----Epoch 12/49-----
05-14 14:09:12 current lr: 0.0432256
05-14 14:09:12 Saved best checkpoint to ./checkpoint\SSF_CWRU_0514-140907\best_pt (val_loss=-0.6327)
05-14 14:09:12 Epoch 012 Train loss -0.9808 | Val loss -0.6327
05-14 14:09:12 -----Epoch 13/49-----
05-14 14:09:12 current lr: 0.0421153
05-14 14:09:12 Saved best checkpoint to ./checkpoint\SSF_CWRU_0514-140907\best_pt (val_loss=-0.6506)
05-14 14:09:12 Epoch 013 Train loss -0.9814 | Val loss -0.6506
05-14 14:09:12 -----Epoch 14/49-----
05-14 14:09:12 current lr: 0.0409374
05-14 14:09:12 Saved best checkpoint to ./checkpoint\SSF_CWRU_0514-140907\best_pt (val_loss=-0.6709)
05-14 14:09:12 Epoch 014 Train loss -0.9820 | Val loss -0.6709
05-14 14:09:12 -----Epoch 15/49-----
05-14 14:09:12 current lr: 0.0396967
05-14 14:09:12 Saved best checkpoint to ./checkpoint\SSF_CWRU_0514-140907\best_pt (val_loss=-0.6920)
05-14 14:09:12 Epoch 015 Train loss -0.9828 | Val loss -0.6920
05-14 14:09:12 -----Epoch 16/49-----
05-14 14:09:12 current lr: 0.038398
05-14 14:09:12 Saved best checkpoint to ./checkpoint\SSF_CWRU_0514-140907\best_pt (val_loss=-0.7125)
05-14 14:09:12 Epoch 016 Train loss -0.9833 | Val loss -0.7125
05-14 14:09:12 -----Epoch 17/49-----
05-14 14:09:13 current lr: 0.0370464
05-14 14:09:13 Saved best checkpoint to ./checkpoint\SSF_CWRU_0514-140907\best_pt (val_loss=-0.7308)
05-14 14:09:13 Epoch 017 Train loss -0.9833 | Val loss -0.7308
05-14 14:09:13 -----Epoch 18/49-----
05-14 14:09:13 current lr: 0.0356474
05-14 14:09:13 Saved best checkpoint to ./checkpoint\SSF_CWRU_0514-140907\best_pt (val_loss=-0.7464)
05-14 14:09:13 Epoch 018 Train loss -0.9849 | Val loss -0.7464
05-14 14:09:13 -----Epoch 19/49-----
05-14 14:09:13 current lr: 0.0342063
05-14 14:09:13 Saved best checkpoint to ./checkpoint\SSF_CWRU_0514-140907\best_pt (val_loss=-0.7590)
05-14 14:09:13 Epoch 019 Train loss -0.9850 | Val loss -0.7590
05-14 14:09:13 -----Epoch 20/49-----
05-14 14:09:13 current lr: 0.0327289
05-14 14:09:13 Saved best checkpoint to ./checkpoint\SSF_CWRU_0514-140907\best_pt (val_loss=-0.7682)
05-14 14:09:13 Epoch 020 Train loss -0.9853 | Val loss -0.7682
05-14 14:09:13 -----Epoch 21/49-----
05-14 14:09:14 current lr: 0.031221
05-14 14:09:14 Saved best checkpoint to ./checkpoint\SSF_CWRU_0514-140907\best_pt (val_loss=-0.7757)
05-14 14:09:14 Epoch 021 Train loss -0.9862 | Val loss -0.7757
05-14 14:09:14 -----Epoch 22/49-----
05-14 14:09:14 current lr: 0.0296886
05-14 14:09:14 Saved best checkpoint to ./checkpoint\SSF_CWRU_0514-140907\best_pt (val_loss=-0.7815)
05-14 14:09:14 Epoch 022 Train loss -0.9862 | Val loss -0.7815
05-14 14:09:14 -----Epoch 23/49-----
05-14 14:09:14 current lr: 0.0281377
05-14 14:09:14 Saved best checkpoint to ./checkpoint\SSF_CWRU_0514-140907\best_pt (val_loss=-0.7857)
05-14 14:09:14 Epoch 023 Train loss -0.9866 | Val loss -0.7857
05-14 14:09:14 -----Epoch 24/49-----
05-14 14:09:14 current lr: 0.0265744
05-14 14:09:14 Saved best checkpoint to ./checkpoint\SSF_CWRU_0514-140907\best_pt (val_loss=-0.7887)
05-14 14:09:14 Epoch 024 Train loss -0.9861 | Val loss -0.7887
05-14 14:09:14 -----Epoch 25/49-----
05-14 14:09:14 current lr: 0.025005
05-14 14:09:14 Saved best checkpoint to ./checkpoint\SSF_CWRU_0514-140907\best_pt (val_loss=-0.7910)
05-14 14:09:14 Epoch 025 Train loss -0.9870 | Val loss -0.7910
05-14 14:09:14 -----Epoch 26/49-----
05-14 14:09:14 current lr: 0.0234356
05-14 14:09:14 Saved best checkpoint to ./checkpoint\SSF_CWRU_0514-140907\best_pt (val_loss=-0.7925)
05-14 14:09:14 Epoch 026 Train loss -0.9867 | Val loss -0.7925
05-14 14:09:14 -----Epoch 27/49-----
05-14 14:09:15 current lr: 0.0218723
05-14 14:09:15 Saved best checkpoint to ./checkpoint\SSF_CWRU_0514-140907\best_pt (val_loss=-0.7938)
05-14 14:09:15 Epoch 027 Train loss -0.9880 | Val loss -0.7938
05-14 14:09:15 -----Epoch 28/49-----
05-14 14:09:15 current lr: 0.0203214
05-14 14:09:15 Saved best checkpoint to ./checkpoint\SSF_CWRU_0514-140907\best_pt (val_loss=-0.7951)
05-14 14:09:15 Epoch 028 Train loss -0.9880 | Val loss -0.7951
05-14 14:09:15 -----Epoch 29/49-----
05-14 14:09:15 current lr: 0.018789
05-14 14:09:15 Saved best checkpoint to ./checkpoint\SSF_CWRU_0514-140907\best_pt (val_loss=-0.7964)
05-14 14:09:15 Epoch 029 Train loss -0.9877 | Val loss -0.7964
05-14 14:09:15 -----Epoch 30/49-----
05-14 14:09:15 current lr: 0.0172811
05-14 14:09:15 Saved best checkpoint to ./checkpoint\SSF_CWRU_0514-140907\best_pt (val_loss=-0.7974)
05-14 14:09:15 Epoch 030 Train loss -0.9874 | Val loss -0.7974
05-14 14:09:15 -----Epoch 31/49-----
05-14 14:09:15 current lr: 0.0158037
05-14 14:09:15 Saved best checkpoint to ./checkpoint\SSF_CWRU_0514-140907\best_pt (val_loss=-0.7979)
05-14 14:09:15 Epoch 031 Train loss -0.9888 | Val loss -0.7979
05-14 14:09:15 -----Epoch 32/49-----
05-14 14:09:16 current lr: 0.0143626
05-14 14:09:16 Saved best checkpoint to ./checkpoint\SSF_CWRU_0514-140907\best_pt (val_loss=-0.7984)
05-14 14:09:16 Epoch 032 Train loss -0.9887 | Val loss -0.7984
05-14 14:09:16 -----Epoch 33/49-----
05-14 14:09:16 current lr: 0.0129636
05-14 14:09:16 Saved best checkpoint to ./checkpoint\SSF_CWRU_0514-140907\best_pt (val_loss=-0.7990)
05-14 14:09:16 Epoch 033 Train loss -0.9878 | Val loss -0.7990
05-14 14:09:16 -----Epoch 34/49-----
05-14 14:09:16 current lr: 0.011612
05-14 14:09:16 Saved best checkpoint to ./checkpoint\SSF_CWRU_0514-140907\best_pt (val_loss=-0.7991)
05-14 14:09:16 Epoch 034 Train loss -0.9888 | Val loss -0.7991
05-14 14:09:16 -----Epoch 35/49-----
05-14 14:09:16 current lr: 0.0103133
05-14 14:09:16 Saved best checkpoint to ./checkpoint\SSF_CWRU_0514-140907\best_pt (val_loss=-0.7998)
05-14 14:09:16 Epoch 035 Train loss -0.9883 | Val loss -0.7998
05-14 14:09:16 -----Epoch 36/49-----
05-14 14:09:16 current lr: 0.00907259
05-14 14:09:16 Saved best checkpoint to ./checkpoint\SSF_CWRU_0514-140907\best_pt (val_loss=-0.8001)
05-14 14:09:16 Epoch 036 Train loss -0.9882 | Val loss -0.8001
05-14 14:09:16 -----Epoch 37/49-----
05-14 14:09:16 current lr: 0.00789475
05-14 14:09:16 Saved best checkpoint to ./checkpoint\SSF_CWRU_0514-140907\best_pt (val_loss=-0.8005)
05-14 14:09:16 Epoch 037 Train loss -0.9888 | Val loss -0.8005
05-14 14:09:16 -----Epoch 38/49-----
05-14 14:09:17 current lr: 0.00678443
05-14 14:09:17 Saved best checkpoint to ./checkpoint\SSF_CWRU_0514-140907\best_pt (val_loss=-0.8009)
05-14 14:09:17 Epoch 038 Train loss -0.9889 | Val loss -0.8009
05-14 14:09:17 -----Epoch 39/49-----
05-14 14:09:17 current lr: 0.00574602
05-14 14:09:17 No improvement in val_loss for 1/10 epochs.
05-14 14:09:17 Epoch 039 Train loss -0.9887 | Val loss -0.8009
05-14 14:09:17 -----Epoch 40/49-----
05-14 14:09:17 current lr: 0.00478362
05-14 14:09:17 Saved best checkpoint to ./checkpoint\SSF_CWRU_0514-140907\best_pt (val_loss=-0.8011)
05-14 14:09:17 Epoch 040 Train loss -0.9886 | Val loss -0.8011
05-14 14:09:17 -----Epoch 41/49-----
05-14 14:09:17 current lr: 0.00390102
05-14 14:09:17 No improvement in val_loss for 1/10 epochs.
05-14 14:09:17 Epoch 041 Train loss -0.9885 | Val loss -0.8011
05-14 14:09:17 -----Epoch 42/49-----
05-14 14:09:17 current lr: 0.00310171
05-14 14:09:17 Saved best checkpoint to ./checkpoint\SSF_CWRU_0514-140907\best_pt (val_loss=-0.8013)
05-14 14:09:17 Epoch 042 Train loss -0.9890 | Val loss -0.8013
05-14 14:09:17 -----Epoch 43/49-----
05-14 14:09:17 current lr: 0.00238885
05-14 14:09:17 Saved best checkpoint to ./checkpoint\SSF_CWRU_0514-140907\best_pt (val_loss=-0.8016)
05-14 14:09:17 Epoch 043 Train loss -0.9891 | Val loss -0.8016
05-14 14:09:17 -----Epoch 44/49-----
05-14 14:09:18 current lr: 0.00176524
05-14 14:09:18 Saved best checkpoint to ./checkpoint\SSF_CWRU_0514-140907\best_pt (val_loss=-0.8016)
05-14 14:09:18 Epoch 044 Train loss -0.9891 | Val loss -0.8016
05-14 14:09:18 -----Epoch 45/49-----
05-14 14:09:18 current lr: 0.00123334
05-14 14:09:18 Saved best checkpoint to ./checkpoint\SSF_CWRU_0514-140907\best_pt (val_loss=-0.8016)
05-14 14:09:18 Epoch 045 Train loss -0.9893 | Val loss -0.8016
05-14 14:09:18 -----Epoch 46/49-----
05-14 14:09:18 current lr: 0.000795264
05-14 14:09:18 Saved best checkpoint to ./checkpoint\SSF_CWRU_0514-140907\best_pt (val_loss=-0.8017)
05-14 14:09:18 Epoch 046 Train loss -0.9887 | Val loss -0.8017
05-14 14:09:18 -----Epoch 47/49-----
05-14 14:09:18 current lr: 0.00045273
05-14 14:09:18 Saved best checkpoint to ./checkpoint\SSF_CWRU_0514-140907\best_pt (val_loss=-0.8020)
05-14 14:09:18 Epoch 047 Train loss -0.9889 | Val loss -0.8020
05-14 14:09:18 -----Epoch 48/49-----
05-14 14:09:18 current lr: 0.000207093
05-14 14:09:18 Saved best checkpoint to ./checkpoint\SSF_CWRU_0514-140907\best_pt (val_loss=-0.8029)
05-14 14:09:18 Epoch 048 Train loss -0.9886 | Val loss -0.8029
05-14 14:09:18 -----Epoch 49/49-----
05-14 14:09:18 current lr: 5.93219e-05
05-14 14:09:18 No improvement in val_loss for 1/10 epochs.
05-14 14:09:18 Epoch 049 Train loss -0.9889 | Val loss -0.8024
05-14 14:09:19 TEST (last): loss -0.7116
05-14 14:09:19 Loaded best checkpoint from ./checkpoint\SSF_CWRU_0514-140907\best_pt (val_loss=-0.8029262256622315)
05-14 14:09:19 TEST (best): loss -0.7115
05-14 14:09:21 Threshold: 0.5780964185913853
05-14 14:09:21 Binary accuracy: 0.750000
05-14 14:09:21 Confusion matrix:
[[  0 100]
 [  0 300]]
05-14 14:09:21 Report:
              precision    recall  f1-score   support

      normal       0.00      0.00      0.00       100
     anomaly       0.75      1.00      0.86       300

    accuracy                           0.75       400
   macro avg       0.38      0.50      0.43       400
weighted avg       0.56      0.75      0.64       400

05-14 14:09:21 Rates: {1: 1.0, 2: 1.0, 3: 1.0}
05-14 14:09:21 [LP epoch 00] train_loss=1.1130 train_acc=0.5000 | val_loss=1.3904 val_acc=0.5000 | 
05-14 14:09:21 [LP epoch 01] train_loss=1.0349 train_acc=0.5500 | val_loss=1.1499 val_acc=0.6750 | 
05-14 14:09:21 [LP epoch 02] train_loss=0.9995 train_acc=0.5000 | val_loss=1.0955 val_acc=0.7500 | 
05-14 14:09:21 [LP epoch 03] train_loss=0.9235 train_acc=0.6500 | val_loss=1.0695 val_acc=0.5500 | 
05-14 14:09:21 [LP epoch 04] train_loss=0.9543 train_acc=0.7500 | val_loss=1.0549 val_acc=0.5000 | 
05-14 14:09:21 [LP epoch 05] train_loss=0.8962 train_acc=0.9000 | val_loss=1.0078 val_acc=0.5000 | 
05-14 14:09:22 [LP epoch 06] train_loss=0.8464 train_acc=1.0000 | val_loss=0.9689 val_acc=0.5000 | 
05-14 14:09:22 [LP epoch 07] train_loss=0.8443 train_acc=1.0000 | val_loss=0.9386 val_acc=0.5500 | 
05-14 14:09:22 [LP epoch 08] train_loss=0.7809 train_acc=1.0000 | val_loss=0.8863 val_acc=0.6750 | 
05-14 14:09:22 [LP epoch 09] train_loss=0.7681 train_acc=1.0000 | val_loss=0.8432 val_acc=0.9750 | 
05-14 14:09:22 [LP epoch 10] train_loss=0.8094 train_acc=0.9250 | val_loss=0.8168 val_acc=0.9750 | 
05-14 14:09:22 [LP epoch 11] train_loss=0.7041 train_acc=1.0000 | val_loss=0.8054 val_acc=0.9750 | 
05-14 14:09:22 [LP epoch 12] train_loss=0.6684 train_acc=1.0000 | val_loss=0.7947 val_acc=1.0000 | 
05-14 14:09:22 [LP epoch 13] train_loss=0.6478 train_acc=1.0000 | val_loss=0.7819 val_acc=1.0000 | 
05-14 14:09:22 [LP epoch 14] train_loss=0.6298 train_acc=1.0000 | val_loss=0.7623 val_acc=0.9500 | 
05-14 14:09:22 [LP epoch 15] train_loss=0.6325 train_acc=1.0000 | val_loss=0.7065 val_acc=1.0000 | 
05-14 14:09:22 [LP epoch 16] train_loss=0.5846 train_acc=1.0000 | val_loss=0.6635 val_acc=1.0000 | 
05-14 14:09:22 [LP epoch 17] train_loss=0.5781 train_acc=1.0000 | val_loss=0.6430 val_acc=1.0000 | 
05-14 14:09:22 [LP epoch 18] train_loss=0.5614 train_acc=1.0000 | val_loss=0.6565 val_acc=1.0000 | 
05-14 14:09:22 [LP epoch 19] train_loss=0.5649 train_acc=0.9250 | val_loss=0.6678 val_acc=1.0000 | 
05-14 14:09:22 [LP epoch 20] train_loss=0.5546 train_acc=1.0000 | val_loss=0.6295 val_acc=1.0000 | 
05-14 14:09:22 [LP epoch 21] train_loss=0.5234 train_acc=1.0000 | val_loss=0.5749 val_acc=1.0000 | 
05-14 14:09:22 [LP epoch 22] train_loss=0.5246 train_acc=1.0000 | val_loss=0.5318 val_acc=1.0000 | 
05-14 14:09:22 [LP epoch 23] train_loss=0.5108 train_acc=1.0000 | val_loss=0.5211 val_acc=1.0000 | 
05-14 14:09:22 [LP epoch 24] train_loss=0.4932 train_acc=1.0000 | val_loss=0.5233 val_acc=1.0000 | 
05-14 14:09:22 [LP epoch 25] train_loss=0.4792 train_acc=1.0000 | val_loss=0.5219 val_acc=1.0000 | 
05-14 14:09:23 [LP epoch 26] train_loss=0.4587 train_acc=1.0000 | val_loss=0.4986 val_acc=1.0000 | 
05-14 14:09:23 [LP epoch 27] train_loss=0.4521 train_acc=1.0000 | val_loss=0.4749 val_acc=1.0000 | 
05-14 14:09:23 [LP epoch 28] train_loss=0.4375 train_acc=1.0000 | val_loss=0.4517 val_acc=1.0000 | 
05-14 14:09:23 [LP epoch 29] train_loss=0.4348 train_acc=1.0000 | val_loss=0.4367 val_acc=1.0000 | 
05-14 14:09:23 [LP epoch 30] train_loss=0.4674 train_acc=1.0000 | val_loss=0.4231 val_acc=1.0000 | 
05-14 14:09:23 [LP epoch 31] train_loss=0.4628 train_acc=1.0000 | val_loss=0.4134 val_acc=1.0000 | 
05-14 14:09:23 [LP epoch 32] train_loss=0.4751 train_acc=0.9750 | val_loss=0.4080 val_acc=1.0000 | 
05-14 14:09:23 [LP epoch 33] train_loss=0.4390 train_acc=1.0000 | val_loss=0.4146 val_acc=1.0000 | 
05-14 14:09:23 [LP epoch 34] train_loss=0.4440 train_acc=1.0000 | val_loss=0.4339 val_acc=1.0000 | 
05-14 14:09:23 [LP epoch 35] train_loss=0.4632 train_acc=1.0000 | val_loss=0.4217 val_acc=1.0000 | 
05-14 14:09:23 [LP epoch 36] train_loss=0.4194 train_acc=1.0000 | val_loss=0.4125 val_acc=1.0000 | 
05-14 14:09:23 [LP epoch 37] train_loss=0.4264 train_acc=1.0000 | val_loss=0.4034 val_acc=1.0000 | 
05-14 14:09:23 [LP epoch 38] train_loss=0.4289 train_acc=1.0000 | val_loss=0.4049 val_acc=1.0000 | 
05-14 14:09:23 [LP epoch 39] train_loss=0.4452 train_acc=1.0000 | val_loss=0.4074 val_acc=1.0000 | 
05-14 14:09:23 [LP epoch 40] train_loss=0.4239 train_acc=1.0000 | val_loss=0.4027 val_acc=1.0000 | 
05-14 14:09:23 [LP epoch 41] train_loss=0.4181 train_acc=1.0000 | val_loss=0.3999 val_acc=1.0000 | 
05-14 14:09:23 [LP epoch 42] train_loss=0.4025 train_acc=1.0000 | val_loss=0.3976 val_acc=1.0000 | 
05-14 14:09:23 [LP epoch 43] train_loss=0.4088 train_acc=1.0000 | val_loss=0.3902 val_acc=1.0000 | 
05-14 14:09:23 [LP epoch 44] train_loss=0.4114 train_acc=1.0000 | val_loss=0.3891 val_acc=1.0000 | 
05-14 14:09:23 [LP epoch 45] train_loss=0.3924 train_acc=1.0000 | val_loss=0.4173 val_acc=1.0000 | 
05-14 14:09:23 [LP epoch 46] train_loss=0.4128 train_acc=1.0000 | val_loss=0.4036 val_acc=1.0000 | 
05-14 14:09:24 [LP epoch 47] train_loss=0.4048 train_acc=1.0000 | val_loss=0.3938 val_acc=1.0000 | 
05-14 14:09:24 [LP epoch 48] train_loss=0.3921 train_acc=1.0000 | val_loss=0.4238 val_acc=1.0000 | 
05-14 14:09:24 [LP epoch 49] train_loss=0.4124 train_acc=1.0000 | val_loss=0.4162 val_acc=1.0000 | 
05-14 14:09:24 Saved linear-probe checkpoint: ./checkpoint\SSF_CWRU_0514-140907\linear_probe_best.pt (best_val_acc=1.0000)
05-14 14:09:24 TEST linear-probe: loss=0.4301 acc=1.0000
05-14 14:09:24 ================================================================================
05-14 14:09:24 RUN: aug=('gaussian', 'gaussian') hidden=128 latent=160 blocks=7 seed=1
05-14 14:09:24 model_name: SSF
05-14 14:09:24 data_name: CWRU
05-14 14:09:24 aug_1: gaussian
05-14 14:09:24 aug_2: gaussian
05-14 14:09:24 data_view: TwoViewDataset
05-14 14:09:24 data_dir: raw_data/CWRU
05-14 14:09:24 out_channel: 4
05-14 14:09:24 normlizetype: None
05-14 14:09:24 processing_type: O_N
05-14 14:09:24 max_epoch: 50
05-14 14:09:24 classifier_epoch: 50
05-14 14:09:24 batch_size: 64
05-14 14:09:24 cuda_device: 0
05-14 14:09:24 checkpoint_dir: ./checkpoint
05-14 14:09:24 opt: sgd
05-14 14:09:24 lr: 0.05
05-14 14:09:24 momentum: 0.9
05-14 14:09:24 weight_decay: 0.0001
05-14 14:09:24 lr_scheduler: cos
05-14 14:09:24 gamma: 0.95
05-14 14:09:24 eta_min: 1e-05
05-14 14:09:24 latent_space: 160
05-14 14:09:24 num_blocks_ssf: 7
05-14 14:09:24 hidden_channel: 128
05-14 14:09:24 per_class_samples: 100
05-14 14:09:24 classifier_samples: 10
05-14 14:09:24 task: self_supervised
05-14 14:09:24 critetion: <class 'utils.loss_SSL.SimSiamLoss'>
05-14 14:09:24 using 1 gpus
05-14 14:09:24 Dataset class: <class 'data_utils.datasets.CWRU.CWRU'>
05-14 14:09:24 Split sizes: train=100 val=100 test=400, classier=40
05-14 14:09:24 Label counts train: Counter({0: 100})
05-14 14:09:24 Label counts val:   Counter({0: 100})
05-14 14:09:24 Label counts test:  Counter({2: 100, 1: 100, 3: 100, 0: 100})
05-14 14:09:24 Label counts classifier:  Counter({1: 10, 0: 10, 2: 10, 3: 10})
05-14 14:09:24 Label counts classifier validation:  Counter({0: 10, 1: 10, 2: 10, 3: 10})
05-14 14:09:24 -----Epoch 0/49-----
05-14 14:09:24 current lr: 0.05
05-14 14:09:24 Saved best checkpoint to ./checkpoint\SSF_CWRU_0514-140907\best_pt (val_loss=-0.3081)
05-14 14:09:24 Epoch 000 Train loss -0.0102 | Val loss -0.3081
05-14 14:09:24 -----Epoch 1/49-----
05-14 14:09:24 current lr: 0.0499507
05-14 14:09:24 Saved best checkpoint to ./checkpoint\SSF_CWRU_0514-140907\best_pt (val_loss=-0.4858)
05-14 14:09:24 Epoch 001 Train loss -0.3544 | Val loss -0.4858
05-14 14:09:24 -----Epoch 2/49-----
05-14 14:09:24 current lr: 0.0498029
05-14 14:09:24 Saved best checkpoint to ./checkpoint\SSF_CWRU_0514-140907\best_pt (val_loss=-0.5412)
05-14 14:09:24 Epoch 002 Train loss -0.7297 | Val loss -0.5412
05-14 14:09:24 -----Epoch 3/49-----
05-14 14:09:25 current lr: 0.0495573
05-14 14:09:25 Saved best checkpoint to ./checkpoint\SSF_CWRU_0514-140907\best_pt (val_loss=-0.5479)
05-14 14:09:25 Epoch 003 Train loss -0.8959 | Val loss -0.5479
05-14 14:09:25 -----Epoch 4/49-----
05-14 14:09:25 current lr: 0.0492147
05-14 14:09:25 Saved best checkpoint to ./checkpoint\SSF_CWRU_0514-140907\best_pt (val_loss=-0.5623)
05-14 14:09:25 Epoch 004 Train loss -0.9481 | Val loss -0.5623
05-14 14:09:25 -----Epoch 5/49-----
05-14 14:09:25 current lr: 0.0487767
05-14 14:09:25 Saved best checkpoint to ./checkpoint\SSF_CWRU_0514-140907\best_pt (val_loss=-0.5844)
05-14 14:09:25 Epoch 005 Train loss -0.9671 | Val loss -0.5844
05-14 14:09:25 -----Epoch 6/49-----
05-14 14:09:25 current lr: 0.0482448
05-14 14:09:25 Saved best checkpoint to ./checkpoint\SSF_CWRU_0514-140907\best_pt (val_loss=-0.5965)
05-14 14:09:25 Epoch 006 Train loss -0.9732 | Val loss -0.5965
05-14 14:09:25 -----Epoch 7/49-----
05-14 14:09:25 current lr: 0.0476212
05-14 14:09:25 Saved best checkpoint to ./checkpoint\SSF_CWRU_0514-140907\best_pt (val_loss=-0.6045)
05-14 14:09:25 Epoch 007 Train loss -0.9763 | Val loss -0.6045
05-14 14:09:25 -----Epoch 8/49-----
05-14 14:09:26 current lr: 0.0469083
05-14 14:09:26 Saved best checkpoint to ./checkpoint\SSF_CWRU_0514-140907\best_pt (val_loss=-0.6111)
05-14 14:09:26 Epoch 008 Train loss -0.9779 | Val loss -0.6111
05-14 14:09:26 -----Epoch 9/49-----
05-14 14:09:26 current lr: 0.046109
05-14 14:09:26 Saved best checkpoint to ./checkpoint\SSF_CWRU_0514-140907\best_pt (val_loss=-0.6207)
05-14 14:09:26 Epoch 009 Train loss -0.9781 | Val loss -0.6207
05-14 14:09:26 -----Epoch 10/49-----
05-14 14:09:26 current lr: 0.0452264
05-14 14:09:26 Saved best checkpoint to ./checkpoint\SSF_CWRU_0514-140907\best_pt (val_loss=-0.6341)
05-14 14:09:26 Epoch 010 Train loss -0.9797 | Val loss -0.6341
05-14 14:09:26 -----Epoch 11/49-----
05-14 14:09:26 current lr: 0.044264
05-14 14:09:26 Saved best checkpoint to ./checkpoint\SSF_CWRU_0514-140907\best_pt (val_loss=-0.6514)
05-14 14:09:26 Epoch 011 Train loss -0.9803 | Val loss -0.6514
05-14 14:09:26 -----Epoch 12/49-----
05-14 14:09:26 current lr: 0.0432256
05-14 14:09:26 Saved best checkpoint to ./checkpoint\SSF_CWRU_0514-140907\best_pt (val_loss=-0.6721)
05-14 14:09:26 Epoch 012 Train loss -0.9808 | Val loss -0.6721
05-14 14:09:26 -----Epoch 13/49-----
05-14 14:09:26 current lr: 0.0421153
05-14 14:09:26 Saved best checkpoint to ./checkpoint\SSF_CWRU_0514-140907\best_pt (val_loss=-0.6962)
05-14 14:09:26 Epoch 013 Train loss -0.9813 | Val loss -0.6962
05-14 14:09:26 -----Epoch 14/49-----
05-14 14:09:27 current lr: 0.0409374
05-14 14:09:27 Saved best checkpoint to ./checkpoint\SSF_CWRU_0514-140907\best_pt (val_loss=-0.7213)
05-14 14:09:27 Epoch 014 Train loss -0.9824 | Val loss -0.7213
05-14 14:09:27 -----Epoch 15/49-----
05-14 14:09:27 current lr: 0.0396967
05-14 14:09:27 Saved best checkpoint to ./checkpoint\SSF_CWRU_0514-140907\best_pt (val_loss=-0.7453)
05-14 14:09:27 Epoch 015 Train loss -0.9837 | Val loss -0.7453
05-14 14:09:27 -----Epoch 16/49-----
05-14 14:09:27 current lr: 0.038398
05-14 14:09:27 Saved best checkpoint to ./checkpoint\SSF_CWRU_0514-140907\best_pt (val_loss=-0.7665)
05-14 14:09:27 Epoch 016 Train loss -0.9841 | Val loss -0.7665
05-14 14:09:27 -----Epoch 17/49-----
05-14 14:09:27 current lr: 0.0370464
05-14 14:09:27 Saved best checkpoint to ./checkpoint\SSF_CWRU_0514-140907\best_pt (val_loss=-0.7842)
05-14 14:09:27 Epoch 017 Train loss -0.9841 | Val loss -0.7842
05-14 14:09:27 -----Epoch 18/49-----
05-14 14:09:27 current lr: 0.0356474
05-14 14:09:27 Saved best checkpoint to ./checkpoint\SSF_CWRU_0514-140907\best_pt (val_loss=-0.7981)
05-14 14:09:27 Epoch 018 Train loss -0.9849 | Val loss -0.7981
05-14 14:09:27 -----Epoch 19/49-----
05-14 14:09:27 current lr: 0.0342063
05-14 14:09:28 Saved best checkpoint to ./checkpoint\SSF_CWRU_0514-140907\best_pt (val_loss=-0.8085)
05-14 14:09:28 Epoch 019 Train loss -0.9854 | Val loss -0.8085
05-14 14:09:28 -----Epoch 20/49-----
05-14 14:09:28 current lr: 0.0327289
05-14 14:09:28 Saved best checkpoint to ./checkpoint\SSF_CWRU_0514-140907\best_pt (val_loss=-0.8163)
05-14 14:09:28 Epoch 020 Train loss -0.9852 | Val loss -0.8163
05-14 14:09:28 -----Epoch 21/49-----
05-14 14:09:28 current lr: 0.031221
05-14 14:09:28 Saved best checkpoint to ./checkpoint\SSF_CWRU_0514-140907\best_pt (val_loss=-0.8215)
05-14 14:09:28 Epoch 021 Train loss -0.9862 | Val loss -0.8215
05-14 14:09:28 -----Epoch 22/49-----
05-14 14:09:28 current lr: 0.0296886
05-14 14:09:28 Saved best checkpoint to ./checkpoint\SSF_CWRU_0514-140907\best_pt (val_loss=-0.8249)
05-14 14:09:28 Epoch 022 Train loss -0.9868 | Val loss -0.8249
05-14 14:09:28 -----Epoch 23/49-----
05-14 14:09:28 current lr: 0.0281377
05-14 14:09:28 Saved best checkpoint to ./checkpoint\SSF_CWRU_0514-140907\best_pt (val_loss=-0.8274)
05-14 14:09:28 Epoch 023 Train loss -0.9871 | Val loss -0.8274
05-14 14:09:28 -----Epoch 24/49-----
05-14 14:09:28 current lr: 0.0265744
05-14 14:09:28 Saved best checkpoint to ./checkpoint\SSF_CWRU_0514-140907\best_pt (val_loss=-0.8291)
05-14 14:09:28 Epoch 024 Train loss -0.9874 | Val loss -0.8291
05-14 14:09:28 -----Epoch 25/49-----
05-14 14:09:29 current lr: 0.025005
05-14 14:09:29 Saved best checkpoint to ./checkpoint\SSF_CWRU_0514-140907\best_pt (val_loss=-0.8301)
05-14 14:09:29 Epoch 025 Train loss -0.9877 | Val loss -0.8301
05-14 14:09:29 -----Epoch 26/49-----
05-14 14:09:29 current lr: 0.0234356
05-14 14:09:29 Saved best checkpoint to ./checkpoint\SSF_CWRU_0514-140907\best_pt (val_loss=-0.8319)
05-14 14:09:29 Epoch 026 Train loss -0.9872 | Val loss -0.8319
05-14 14:09:29 -----Epoch 27/49-----
05-14 14:09:29 current lr: 0.0218723
05-14 14:09:29 Saved best checkpoint to ./checkpoint\SSF_CWRU_0514-140907\best_pt (val_loss=-0.8325)
05-14 14:09:29 Epoch 027 Train loss -0.9878 | Val loss -0.8325
05-14 14:09:29 -----Epoch 28/49-----
05-14 14:09:29 current lr: 0.0203214
05-14 14:09:29 Saved best checkpoint to ./checkpoint\SSF_CWRU_0514-140907\best_pt (val_loss=-0.8331)
05-14 14:09:29 Epoch 028 Train loss -0.9876 | Val loss -0.8331
05-14 14:09:29 -----Epoch 29/49-----
05-14 14:09:29 current lr: 0.018789
05-14 14:09:29 Saved best checkpoint to ./checkpoint\SSF_CWRU_0514-140907\best_pt (val_loss=-0.8340)
05-14 14:09:29 Epoch 029 Train loss -0.9879 | Val loss -0.8340
05-14 14:09:29 -----Epoch 30/49-----
05-14 14:09:29 current lr: 0.0172811
05-14 14:09:29 No improvement in val_loss for 1/10 epochs.
05-14 14:09:29 Epoch 030 Train loss -0.9886 | Val loss -0.8338
05-14 14:09:29 -----Epoch 31/49-----
05-14 14:09:30 current lr: 0.0158037
05-14 14:09:30 No improvement in val_loss for 2/10 epochs.
05-14 14:09:30 Epoch 031 Train loss -0.9885 | Val loss -0.8338
05-14 14:09:30 -----Epoch 32/49-----
05-14 14:09:30 current lr: 0.0143626
05-14 14:09:30 Saved best checkpoint to ./checkpoint\SSF_CWRU_0514-140907\best_pt (val_loss=-0.8342)
05-14 14:09:30 Epoch 032 Train loss -0.9882 | Val loss -0.8342
05-14 14:09:30 -----Epoch 33/49-----
05-14 14:09:30 current lr: 0.0129636
05-14 14:09:30 Saved best checkpoint to ./checkpoint\SSF_CWRU_0514-140907\best_pt (val_loss=-0.8346)
05-14 14:09:30 Epoch 033 Train loss -0.9883 | Val loss -0.8346
05-14 14:09:30 -----Epoch 34/49-----
05-14 14:09:30 current lr: 0.011612
05-14 14:09:30 No improvement in val_loss for 1/10 epochs.
05-14 14:09:30 Epoch 034 Train loss -0.9889 | Val loss -0.8345
05-14 14:09:30 -----Epoch 35/49-----
05-14 14:09:30 current lr: 0.0103133
05-14 14:09:30 Saved best checkpoint to ./checkpoint\SSF_CWRU_0514-140907\best_pt (val_loss=-0.8347)
05-14 14:09:30 Epoch 035 Train loss -0.9883 | Val loss -0.8347
05-14 14:09:30 -----Epoch 36/49-----
05-14 14:09:30 current lr: 0.00907259
05-14 14:09:30 Saved best checkpoint to ./checkpoint\SSF_CWRU_0514-140907\best_pt (val_loss=-0.8355)
05-14 14:09:30 Epoch 036 Train loss -0.9889 | Val loss -0.8355
05-14 14:09:30 -----Epoch 37/49-----
05-14 14:09:31 current lr: 0.00789475
05-14 14:09:31 Saved best checkpoint to ./checkpoint\SSF_CWRU_0514-140907\best_pt (val_loss=-0.8355)
05-14 14:09:31 Epoch 037 Train loss -0.9889 | Val loss -0.8355
05-14 14:09:31 -----Epoch 38/49-----
05-14 14:09:31 current lr: 0.00678443
05-14 14:09:31 Saved best checkpoint to ./checkpoint\SSF_CWRU_0514-140907\best_pt (val_loss=-0.8361)
05-14 14:09:31 Epoch 038 Train loss -0.9890 | Val loss -0.8361
05-14 14:09:31 -----Epoch 39/49-----
05-14 14:09:31 current lr: 0.00574602
05-14 14:09:31 Saved best checkpoint to ./checkpoint\SSF_CWRU_0514-140907\best_pt (val_loss=-0.8362)
05-14 14:09:31 Epoch 039 Train loss -0.9890 | Val loss -0.8362
05-14 14:09:31 -----Epoch 40/49-----
05-14 14:09:31 current lr: 0.00478362
05-14 14:09:31 No improvement in val_loss for 1/10 epochs.
05-14 14:09:31 Epoch 040 Train loss -0.9887 | Val loss -0.8359
05-14 14:09:31 -----Epoch 41/49-----
05-14 14:09:31 current lr: 0.00390102
05-14 14:09:31 No improvement in val_loss for 2/10 epochs.
05-14 14:09:31 Epoch 041 Train loss -0.9896 | Val loss -0.8359
05-14 14:09:31 -----Epoch 42/49-----
05-14 14:09:31 current lr: 0.00310171
05-14 14:09:31 No improvement in val_loss for 3/10 epochs.
05-14 14:09:31 Epoch 042 Train loss -0.9895 | Val loss -0.8360
05-14 14:09:31 -----Epoch 43/49-----
05-14 14:09:32 current lr: 0.00238885
05-14 14:09:32 No improvement in val_loss for 4/10 epochs.
05-14 14:09:32 Epoch 043 Train loss -0.9889 | Val loss -0.8357
05-14 14:09:32 -----Epoch 44/49-----
05-14 14:09:32 current lr: 0.00176524
05-14 14:09:32 No improvement in val_loss for 5/10 epochs.
05-14 14:09:32 Epoch 044 Train loss -0.9890 | Val loss -0.8354
05-14 14:09:32 -----Epoch 45/49-----
05-14 14:09:32 current lr: 0.00123334
05-14 14:09:32 No improvement in val_loss for 6/10 epochs.
05-14 14:09:32 Epoch 045 Train loss -0.9892 | Val loss -0.8354
05-14 14:09:32 -----Epoch 46/49-----
05-14 14:09:32 current lr: 0.000795264
05-14 14:09:32 No improvement in val_loss for 7/10 epochs.
05-14 14:09:32 Epoch 046 Train loss -0.9896 | Val loss -0.8356
05-14 14:09:32 -----Epoch 47/49-----
05-14 14:09:32 current lr: 0.00045273
05-14 14:09:32 No improvement in val_loss for 8/10 epochs.
05-14 14:09:32 Epoch 047 Train loss -0.9889 | Val loss -0.8360
05-14 14:09:32 -----Epoch 48/49-----
05-14 14:09:32 current lr: 0.000207093
05-14 14:09:32 No improvement in val_loss for 9/10 epochs.
05-14 14:09:32 Epoch 048 Train loss -0.9891 | Val loss -0.8361
05-14 14:09:32 -----Epoch 49/49-----
05-14 14:09:33 current lr: 5.93219e-05
05-14 14:09:33 Saved best checkpoint to ./checkpoint\SSF_CWRU_0514-140907\best_pt (val_loss=-0.8363)
05-14 14:09:33 Epoch 049 Train loss -0.9892 | Val loss -0.8363
05-14 14:09:33 TEST (last): loss -0.7125
05-14 14:09:33 Loaded best checkpoint from ./checkpoint\SSF_CWRU_0514-140907\best_pt (val_loss=-0.8362546801567078)
05-14 14:09:33 TEST (best): loss -0.7125
05-14 14:09:33 Threshold: 0.5810856436914777
05-14 14:09:33 Binary accuracy: 0.750000
05-14 14:09:33 Confusion matrix:
[[  0 100]
 [  0 300]]
05-14 14:09:33 Report:
              precision    recall  f1-score   support

      normal       0.00      0.00      0.00       100
     anomaly       0.75      1.00      0.86       300

    accuracy                           0.75       400
   macro avg       0.38      0.50      0.43       400
weighted avg       0.56      0.75      0.64       400

05-14 14:09:33 Rates: {1: 1.0, 2: 1.0, 3: 1.0}
05-14 14:09:33 [LP epoch 00] train_loss=1.5192 train_acc=0.0500 | val_loss=1.4979 val_acc=0.2500 | 
05-14 14:09:33 [LP epoch 01] train_loss=1.4237 train_acc=0.2500 | val_loss=1.2595 val_acc=0.2500 | 
05-14 14:09:33 [LP epoch 02] train_loss=1.2848 train_acc=0.4250 | val_loss=1.2339 val_acc=0.3750 | 
05-14 14:09:33 [LP epoch 03] train_loss=1.2406 train_acc=0.4750 | val_loss=1.2246 val_acc=0.4500 | 
05-14 14:09:33 [LP epoch 04] train_loss=1.0750 train_acc=0.9250 | val_loss=1.1514 val_acc=0.6750 | 
05-14 14:09:33 [LP epoch 05] train_loss=0.9993 train_acc=1.0000 | val_loss=1.1257 val_acc=0.7500 | 
05-14 14:09:33 [LP epoch 06] train_loss=1.0111 train_acc=1.0000 | val_loss=1.0915 val_acc=0.7500 | 
05-14 14:09:34 [LP epoch 07] train_loss=0.8942 train_acc=1.0000 | val_loss=1.0533 val_acc=0.7500 | 
05-14 14:09:34 [LP epoch 08] train_loss=0.8478 train_acc=0.9250 | val_loss=1.0434 val_acc=0.7500 | 
05-14 14:09:34 [LP epoch 09] train_loss=0.7805 train_acc=1.0000 | val_loss=1.0370 val_acc=0.7500 | 
05-14 14:09:34 [LP epoch 10] train_loss=0.7321 train_acc=1.0000 | val_loss=0.9868 val_acc=0.7500 | 
05-14 14:09:34 [LP epoch 11] train_loss=0.7225 train_acc=1.0000 | val_loss=0.9151 val_acc=0.7500 | 
05-14 14:09:34 [LP epoch 12] train_loss=0.6761 train_acc=1.0000 | val_loss=0.8909 val_acc=0.7500 | 
05-14 14:09:34 [LP epoch 13] train_loss=0.6699 train_acc=1.0000 | val_loss=0.8578 val_acc=0.7500 | 
05-14 14:09:34 [LP epoch 14] train_loss=0.6237 train_acc=1.0000 | val_loss=0.8095 val_acc=0.7500 | 
05-14 14:09:34 [LP epoch 15] train_loss=0.6396 train_acc=1.0000 | val_loss=0.7513 val_acc=0.9500 | 
05-14 14:09:34 [LP epoch 16] train_loss=0.6084 train_acc=1.0000 | val_loss=0.7555 val_acc=0.9000 | 
05-14 14:09:34 [LP epoch 17] train_loss=0.5743 train_acc=1.0000 | val_loss=0.7721 val_acc=0.7500 | 
05-14 14:09:34 [LP epoch 18] train_loss=0.5570 train_acc=1.0000 | val_loss=0.7299 val_acc=0.9250 | 
05-14 14:09:34 [LP epoch 19] train_loss=0.5426 train_acc=1.0000 | val_loss=0.6740 val_acc=1.0000 | 
05-14 14:09:34 [LP epoch 20] train_loss=0.5321 train_acc=1.0000 | val_loss=0.6400 val_acc=1.0000 | 
05-14 14:09:34 [LP epoch 21] train_loss=0.5616 train_acc=1.0000 | val_loss=0.6204 val_acc=1.0000 | 
05-14 14:09:34 [LP epoch 22] train_loss=0.5279 train_acc=1.0000 | val_loss=0.6006 val_acc=1.0000 | 
05-14 14:09:34 [LP epoch 23] train_loss=0.5233 train_acc=1.0000 | val_loss=0.5862 val_acc=1.0000 | 
05-14 14:09:34 [LP epoch 24] train_loss=0.4873 train_acc=1.0000 | val_loss=0.5397 val_acc=1.0000 | 
05-14 14:09:35 [LP epoch 25] train_loss=0.4771 train_acc=1.0000 | val_loss=0.5294 val_acc=1.0000 | 
05-14 14:09:35 [LP epoch 26] train_loss=0.4664 train_acc=1.0000 | val_loss=0.5362 val_acc=1.0000 | 
05-14 14:09:35 [LP epoch 27] train_loss=0.4501 train_acc=1.0000 | val_loss=0.5643 val_acc=1.0000 | 
05-14 14:09:35 [LP epoch 28] train_loss=0.4592 train_acc=1.0000 | val_loss=0.5226 val_acc=1.0000 | 
05-14 14:09:35 [LP epoch 29] train_loss=0.4810 train_acc=1.0000 | val_loss=0.4728 val_acc=1.0000 | 
05-14 14:09:35 [LP epoch 30] train_loss=0.4338 train_acc=1.0000 | val_loss=0.4830 val_acc=1.0000 | 
05-14 14:09:35 [LP epoch 31] train_loss=0.5166 train_acc=1.0000 | val_loss=0.4401 val_acc=1.0000 | 
05-14 14:09:35 [LP epoch 32] train_loss=0.5172 train_acc=1.0000 | val_loss=0.4761 val_acc=1.0000 | 
05-14 14:09:35 [LP epoch 33] train_loss=0.5019 train_acc=1.0000 | val_loss=0.4711 val_acc=1.0000 | 
05-14 14:09:35 [LP epoch 34] train_loss=0.4853 train_acc=1.0000 | val_loss=0.4822 val_acc=1.0000 | 
05-14 14:09:35 [LP epoch 35] train_loss=0.4757 train_acc=1.0000 | val_loss=0.4993 val_acc=1.0000 | 
05-14 14:09:35 [LP epoch 36] train_loss=0.4622 train_acc=1.0000 | val_loss=0.4892 val_acc=1.0000 | 
05-14 14:09:35 [LP epoch 37] train_loss=0.4961 train_acc=1.0000 | val_loss=0.4671 val_acc=1.0000 | 
05-14 14:09:36 [LP epoch 38] train_loss=0.4855 train_acc=1.0000 | val_loss=0.4750 val_acc=1.0000 | 
05-14 14:09:36 [LP epoch 39] train_loss=0.4940 train_acc=1.0000 | val_loss=0.4695 val_acc=1.0000 | 
05-14 14:09:36 [LP epoch 40] train_loss=0.4694 train_acc=1.0000 | val_loss=0.4697 val_acc=1.0000 | 
05-14 14:09:36 [LP epoch 41] train_loss=0.4602 train_acc=1.0000 | val_loss=0.4854 val_acc=1.0000 | 
05-14 14:09:36 [LP epoch 42] train_loss=0.4515 train_acc=1.0000 | val_loss=0.5061 val_acc=1.0000 | 
05-14 14:09:36 [LP epoch 43] train_loss=0.4490 train_acc=1.0000 | val_loss=0.4957 val_acc=1.0000 | 
05-14 14:09:36 [LP epoch 44] train_loss=0.4473 train_acc=1.0000 | val_loss=0.4688 val_acc=1.0000 | 
05-14 14:09:36 [LP epoch 45] train_loss=0.4422 train_acc=1.0000 | val_loss=0.4402 val_acc=1.0000 | 
05-14 14:09:36 [LP epoch 46] train_loss=0.4304 train_acc=1.0000 | val_loss=0.4286 val_acc=1.0000 | 
05-14 14:09:36 [LP epoch 47] train_loss=0.4684 train_acc=1.0000 | val_loss=0.4346 val_acc=1.0000 | 
05-14 14:09:36 [LP epoch 48] train_loss=0.4362 train_acc=1.0000 | val_loss=0.4838 val_acc=1.0000 | 
05-14 14:09:36 [LP epoch 49] train_loss=0.4610 train_acc=1.0000 | val_loss=0.4720 val_acc=1.0000 | 
05-14 14:09:36 Saved linear-probe checkpoint: ./checkpoint\SSF_CWRU_0514-140907\linear_probe_best.pt (best_val_acc=1.0000)
05-14 14:09:37 TEST linear-probe: loss=0.4972 acc=1.0000
05-14 14:09:37 ================================================================================
05-14 14:09:37 RUN: aug=('gaussian', 'gaussian') hidden=128 latent=160 blocks=7 seed=2
05-14 14:09:37 model_name: SSF
05-14 14:09:37 data_name: CWRU
05-14 14:09:37 aug_1: gaussian
05-14 14:09:37 aug_2: gaussian
05-14 14:09:37 data_view: TwoViewDataset
05-14 14:09:37 data_dir: raw_data/CWRU
05-14 14:09:37 out_channel: 4
05-14 14:09:37 normlizetype: None
05-14 14:09:37 processing_type: O_N
05-14 14:09:37 max_epoch: 50
05-14 14:09:37 classifier_epoch: 50
05-14 14:09:37 batch_size: 64
05-14 14:09:37 cuda_device: 0
05-14 14:09:37 checkpoint_dir: ./checkpoint
05-14 14:09:37 opt: sgd
05-14 14:09:37 lr: 0.05
05-14 14:09:37 momentum: 0.9
05-14 14:09:37 weight_decay: 0.0001
05-14 14:09:37 lr_scheduler: cos
05-14 14:09:37 gamma: 0.95
05-14 14:09:37 eta_min: 1e-05
05-14 14:09:37 latent_space: 160
05-14 14:09:37 num_blocks_ssf: 7
05-14 14:09:37 hidden_channel: 128
05-14 14:09:37 per_class_samples: 100
05-14 14:09:37 classifier_samples: 10
05-14 14:09:37 task: self_supervised
05-14 14:09:37 critetion: <class 'utils.loss_SSL.SimSiamLoss'>
05-14 14:09:37 using 1 gpus
05-14 14:09:37 Dataset class: <class 'data_utils.datasets.CWRU.CWRU'>
05-14 14:09:37 Split sizes: train=100 val=100 test=400, classier=40
05-14 14:09:37 Label counts train: Counter({0: 100})
05-14 14:09:37 Label counts val:   Counter({0: 100})
05-14 14:09:37 Label counts test:  Counter({2: 100, 1: 100, 3: 100, 0: 100})
05-14 14:09:37 Label counts classifier:  Counter({3: 10, 2: 10, 1: 10, 0: 10})
05-14 14:09:37 Label counts classifier validation:  Counter({2: 10, 3: 10, 0: 10, 1: 10})
05-14 14:09:37 -----Epoch 0/49-----
05-14 14:09:37 current lr: 0.05
05-14 14:09:37 Saved best checkpoint to ./checkpoint\SSF_CWRU_0514-140907\best_pt (val_loss=-0.1652)
05-14 14:09:37 Epoch 000 Train loss -0.0739 | Val loss -0.1652
05-14 14:09:37 -----Epoch 1/49-----
05-14 14:09:37 current lr: 0.0499507
05-14 14:09:37 Saved best checkpoint to ./checkpoint\SSF_CWRU_0514-140907\best_pt (val_loss=-0.4991)
05-14 14:09:37 Epoch 001 Train loss -0.4066 | Val loss -0.4991
05-14 14:09:37 -----Epoch 2/49-----
05-14 14:09:37 current lr: 0.0498029
05-14 14:09:37 Saved best checkpoint to ./checkpoint\SSF_CWRU_0514-140907\best_pt (val_loss=-0.6143)
05-14 14:09:37 Epoch 002 Train loss -0.7529 | Val loss -0.6143
05-14 14:09:37 -----Epoch 3/49-----
05-14 14:09:37 current lr: 0.0495573
05-14 14:09:38 Saved best checkpoint to ./checkpoint\SSF_CWRU_0514-140907\best_pt (val_loss=-0.6333)
05-14 14:09:38 Epoch 003 Train loss -0.9034 | Val loss -0.6333
05-14 14:09:38 -----Epoch 4/49-----
05-14 14:09:38 current lr: 0.0492147
05-14 14:09:38 No improvement in val_loss for 1/10 epochs.
05-14 14:09:38 Epoch 004 Train loss -0.9519 | Val loss -0.6211
05-14 14:09:38 -----Epoch 5/49-----
05-14 14:09:38 current lr: 0.0487767
05-14 14:09:38 No improvement in val_loss for 2/10 epochs.
05-14 14:09:38 Epoch 005 Train loss -0.9685 | Val loss -0.6178
05-14 14:09:38 -----Epoch 6/49-----
05-14 14:09:38 current lr: 0.0482448
05-14 14:09:38 No improvement in val_loss for 3/10 epochs.
05-14 14:09:38 Epoch 006 Train loss -0.9739 | Val loss -0.6246
05-14 14:09:38 -----Epoch 7/49-----
05-14 14:09:38 current lr: 0.0476212
05-14 14:09:38 No improvement in val_loss for 4/10 epochs.
05-14 14:09:38 Epoch 007 Train loss -0.9764 | Val loss -0.6274
05-14 14:09:38 -----Epoch 8/49-----
05-14 14:09:38 current lr: 0.0469083
05-14 14:09:38 No improvement in val_loss for 5/10 epochs.
05-14 14:09:38 Epoch 008 Train loss -0.9781 | Val loss -0.6309
05-14 14:09:38 -----Epoch 9/49-----
05-14 14:09:39 current lr: 0.046109
05-14 14:09:39 Saved best checkpoint to ./checkpoint\SSF_CWRU_0514-140907\best_pt (val_loss=-0.6360)
05-14 14:09:39 Epoch 009 Train loss -0.9793 | Val loss -0.6360
05-14 14:09:39 -----Epoch 10/49-----
05-14 14:09:39 current lr: 0.0452264
05-14 14:09:39 Saved best checkpoint to ./checkpoint\SSF_CWRU_0514-140907\best_pt (val_loss=-0.6443)
05-14 14:09:39 Epoch 010 Train loss -0.9799 | Val loss -0.6443
05-14 14:09:39 -----Epoch 11/49-----
05-14 14:09:39 current lr: 0.044264
05-14 14:09:39 Saved best checkpoint to ./checkpoint\SSF_CWRU_0514-140907\best_pt (val_loss=-0.6560)
05-14 14:09:39 Epoch 011 Train loss -0.9812 | Val loss -0.6560
05-14 14:09:39 -----Epoch 12/49-----
05-14 14:09:39 current lr: 0.0432256
05-14 14:09:39 Saved best checkpoint to ./checkpoint\SSF_CWRU_0514-140907\best_pt (val_loss=-0.6703)
05-14 14:09:39 Epoch 012 Train loss -0.9820 | Val loss -0.6703
05-14 14:09:39 -----Epoch 13/49-----
05-14 14:09:39 current lr: 0.0421153
05-14 14:09:39 Saved best checkpoint to ./checkpoint\SSF_CWRU_0514-140907\best_pt (val_loss=-0.6863)
05-14 14:09:39 Epoch 013 Train loss -0.9831 | Val loss -0.6863
05-14 14:09:39 -----Epoch 14/49-----
05-14 14:09:40 current lr: 0.0409374
05-14 14:09:40 Saved best checkpoint to ./checkpoint\SSF_CWRU_0514-140907\best_pt (val_loss=-0.7040)
05-14 14:09:40 Epoch 014 Train loss -0.9837 | Val loss -0.7040
05-14 14:09:40 -----Epoch 15/49-----
05-14 14:09:40 current lr: 0.0396967
05-14 14:09:40 Saved best checkpoint to ./checkpoint\SSF_CWRU_0514-140907\best_pt (val_loss=-0.7221)
05-14 14:09:40 Epoch 015 Train loss -0.9839 | Val loss -0.7221
05-14 14:09:40 -----Epoch 16/49-----
05-14 14:09:40 current lr: 0.038398
05-14 14:09:40 Saved best checkpoint to ./checkpoint\SSF_CWRU_0514-140907\best_pt (val_loss=-0.7392)
05-14 14:09:40 Epoch 016 Train loss -0.9842 | Val loss -0.7392
05-14 14:09:40 -----Epoch 17/49-----
05-14 14:09:40 current lr: 0.0370464
05-14 14:09:40 Saved best checkpoint to ./checkpoint\SSF_CWRU_0514-140907\best_pt (val_loss=-0.7550)
05-14 14:09:40 Epoch 017 Train loss -0.9856 | Val loss -0.7550
05-14 14:09:40 -----Epoch 18/49-----
05-14 14:09:40 current lr: 0.0356474
05-14 14:09:40 Saved best checkpoint to ./checkpoint\SSF_CWRU_0514-140907\best_pt (val_loss=-0.7678)
05-14 14:09:40 Epoch 018 Train loss -0.9864 | Val loss -0.7678
05-14 14:09:40 -----Epoch 19/49-----
05-14 14:09:40 current lr: 0.0342063
05-14 14:09:41 Saved best checkpoint to ./checkpoint\SSF_CWRU_0514-140907\best_pt (val_loss=-0.7782)
05-14 14:09:41 Epoch 019 Train loss -0.9859 | Val loss -0.7782
05-14 14:09:41 -----Epoch 20/49-----
05-14 14:09:41 current lr: 0.0327289
05-14 14:09:41 Saved best checkpoint to ./checkpoint\SSF_CWRU_0514-140907\best_pt (val_loss=-0.7856)
05-14 14:09:41 Epoch 020 Train loss -0.9857 | Val loss -0.7856
05-14 14:09:41 -----Epoch 21/49-----
05-14 14:09:41 current lr: 0.031221
05-14 14:09:41 Saved best checkpoint to ./checkpoint\SSF_CWRU_0514-140907\best_pt (val_loss=-0.7913)
05-14 14:09:41 Epoch 021 Train loss -0.9865 | Val loss -0.7913
05-14 14:09:41 -----Epoch 22/49-----
05-14 14:09:41 current lr: 0.0296886
05-14 14:09:41 Saved best checkpoint to ./checkpoint\SSF_CWRU_0514-140907\best_pt (val_loss=-0.7953)
05-14 14:09:41 Epoch 022 Train loss -0.9872 | Val loss -0.7953
05-14 14:09:41 -----Epoch 23/49-----
05-14 14:09:41 current lr: 0.0281377
05-14 14:09:41 Saved best checkpoint to ./checkpoint\SSF_CWRU_0514-140907\best_pt (val_loss=-0.7982)
05-14 14:09:41 Epoch 023 Train loss -0.9873 | Val loss -0.7982
05-14 14:09:41 -----Epoch 24/49-----
05-14 14:09:41 current lr: 0.0265744
05-14 14:09:42 Saved best checkpoint to ./checkpoint\SSF_CWRU_0514-140907\best_pt (val_loss=-0.8005)
05-14 14:09:42 Epoch 024 Train loss -0.9880 | Val loss -0.8005
05-14 14:09:42 -----Epoch 25/49-----
05-14 14:09:42 current lr: 0.025005
05-14 14:09:42 Saved best checkpoint to ./checkpoint\SSF_CWRU_0514-140907\best_pt (val_loss=-0.8022)
05-14 14:09:42 Epoch 025 Train loss -0.9878 | Val loss -0.8022
05-14 14:09:42 -----Epoch 26/49-----
05-14 14:09:42 current lr: 0.0234356
05-14 14:09:42 Saved best checkpoint to ./checkpoint\SSF_CWRU_0514-140907\best_pt (val_loss=-0.8035)
05-14 14:09:42 Epoch 026 Train loss -0.9879 | Val loss -0.8035
05-14 14:09:42 -----Epoch 27/49-----
05-14 14:09:42 current lr: 0.0218723
05-14 14:09:42 Saved best checkpoint to ./checkpoint\SSF_CWRU_0514-140907\best_pt (val_loss=-0.8044)
05-14 14:09:42 Epoch 027 Train loss -0.9883 | Val loss -0.8044
05-14 14:09:42 -----Epoch 28/49-----
05-14 14:09:42 current lr: 0.0203214
05-14 14:09:42 Saved best checkpoint to ./checkpoint\SSF_CWRU_0514-140907\best_pt (val_loss=-0.8054)
05-14 14:09:42 Epoch 028 Train loss -0.9892 | Val loss -0.8054
05-14 14:09:42 -----Epoch 29/49-----
