03-10 13:36:08 model_name: SSF
03-10 13:36:08 data_name: SEU
03-10 13:36:08 aug_1: randomcrop
03-10 13:36:08 aug_2: scale
03-10 13:36:08 max_epoch: 20
03-10 13:36:08 classifier_epoch: 50
03-10 13:36:08 data_view: TwoViewDataset
03-10 13:36:08 cuda_device: 0
03-10 13:36:08 checkpoint_dir: ./anomaly_detection
03-10 13:36:08 batch_size: 64
03-10 13:36:08 data_dir: raw_data/SEU/gearbox
03-10 13:36:08 out_channel: 5
03-10 13:36:08 normlizetype: minus_one_one
03-10 13:36:08 processing_type: O_N
03-10 13:36:08 opt: sgd
03-10 13:36:08 lr: 0.05
03-10 13:36:08 momentum: 0.9
03-10 13:36:08 weight_decay: 0.0001
03-10 13:36:08 lr_scheduler: cos
03-10 13:36:08 gamma: 0.95
03-10 13:36:08 eta_min: 1e-05
03-10 13:36:08 latent_space: 192
03-10 13:36:08 num_blocks_ssf: 5
03-10 13:36:08 hidden_channel: 128
03-10 13:36:08 task: self_supervised
03-10 13:36:08 critetion: <class 'utils.loss_SSL.SimSiamLoss'>
03-10 13:36:08 using 1 gpus
03-10 13:36:08 Dataset class: <class 'data_utils.datasets.SEU.SEU'>
03-10 13:37:23 Split sizes: train=122 val=41 test=428, classier=429
03-10 13:37:23 Label counts train: Counter({0: 122})
03-10 13:37:23 Label counts val:   Counter({0: 41})
03-10 13:37:23 Label counts test:  Counter({2: 102, 1: 102, 4: 102, 3: 102, 0: 20})
03-10 13:37:23 Label counts classifier:  Counter({3: 102, 4: 102, 2: 102, 1: 102, 0: 21})
03-10 13:37:25 -----Epoch 0/19-----
03-10 13:37:25 current lr: 0.05
03-10 13:37:25 Saved best checkpoint to ./anomaly_detection\SSF_SEU_0310-133608\best_pt (val_loss=-0.1949)
03-10 13:37:25 Epoch 000 Train loss -0.0466 | Val loss -0.1949
03-10 13:37:25 -----Epoch 1/19-----
03-10 13:37:25 current lr: 0.0496923
03-10 13:37:25 Saved best checkpoint to ./anomaly_detection\SSF_SEU_0310-133608\best_pt (val_loss=-0.3988)
03-10 13:37:25 Epoch 001 Train loss -0.4512 | Val loss -0.3988
03-10 13:37:25 -----Epoch 2/19-----
03-10 13:37:25 current lr: 0.0487767
03-10 13:37:25 Saved best checkpoint to ./anomaly_detection\SSF_SEU_0310-133608\best_pt (val_loss=-0.5314)
03-10 13:37:25 Epoch 002 Train loss -0.7594 | Val loss -0.5314
03-10 13:37:25 -----Epoch 3/19-----
03-10 13:37:26 current lr: 0.0472757
03-10 13:37:26 Saved best checkpoint to ./anomaly_detection\SSF_SEU_0310-133608\best_pt (val_loss=-0.6111)
03-10 13:37:26 Epoch 003 Train loss -0.8749 | Val loss -0.6111
03-10 13:37:26 -----Epoch 4/19-----
03-10 13:37:26 current lr: 0.0452264
03-10 13:37:26 Saved best checkpoint to ./anomaly_detection\SSF_SEU_0310-133608\best_pt (val_loss=-0.6767)
03-10 13:37:26 Epoch 004 Train loss -0.9080 | Val loss -0.6767
03-10 13:37:26 -----Epoch 5/19-----
03-10 13:37:26 current lr: 0.0426791
03-10 13:37:26 Saved best checkpoint to ./anomaly_detection\SSF_SEU_0310-133608\best_pt (val_loss=-0.7376)
03-10 13:37:26 Epoch 005 Train loss -0.9194 | Val loss -0.7376
03-10 13:37:26 -----Epoch 6/19-----
03-10 13:37:26 current lr: 0.0396967
03-10 13:37:26 Saved best checkpoint to ./anomaly_detection\SSF_SEU_0310-133608\best_pt (val_loss=-0.7955)
03-10 13:37:26 Epoch 006 Train loss -0.9260 | Val loss -0.7955
03-10 13:37:26 -----Epoch 7/19-----
03-10 13:37:26 current lr: 0.0363525
03-10 13:37:26 Saved best checkpoint to ./anomaly_detection\SSF_SEU_0310-133608\best_pt (val_loss=-0.8453)
03-10 13:37:26 Epoch 007 Train loss -0.9311 | Val loss -0.8453
03-10 13:37:26 -----Epoch 8/19-----
03-10 13:37:26 current lr: 0.0327289
03-10 13:37:26 Saved best checkpoint to ./anomaly_detection\SSF_SEU_0310-133608\best_pt (val_loss=-0.8838)
03-10 13:37:26 Epoch 008 Train loss -0.9354 | Val loss -0.8838
03-10 13:37:26 -----Epoch 9/19-----
03-10 13:37:26 current lr: 0.0289151
03-10 13:37:26 Saved best checkpoint to ./anomaly_detection\SSF_SEU_0310-133608\best_pt (val_loss=-0.9109)
03-10 13:37:26 Epoch 009 Train loss -0.9395 | Val loss -0.9109
03-10 13:37:26 -----Epoch 10/19-----
03-10 13:37:27 current lr: 0.025005
03-10 13:37:27 Saved best checkpoint to ./anomaly_detection\SSF_SEU_0310-133608\best_pt (val_loss=-0.9287)
03-10 13:37:27 Epoch 010 Train loss -0.9433 | Val loss -0.9287
03-10 13:37:27 -----Epoch 11/19-----
03-10 13:37:27 current lr: 0.0210949
03-10 13:37:27 Saved best checkpoint to ./anomaly_detection\SSF_SEU_0310-133608\best_pt (val_loss=-0.9401)
03-10 13:37:27 Epoch 011 Train loss -0.9466 | Val loss -0.9401
03-10 13:37:27 -----Epoch 12/19-----
03-10 13:37:27 current lr: 0.0172811
03-10 13:37:27 Saved best checkpoint to ./anomaly_detection\SSF_SEU_0310-133608\best_pt (val_loss=-0.9473)
03-10 13:37:27 Epoch 012 Train loss -0.9495 | Val loss -0.9473
03-10 13:37:27 -----Epoch 13/19-----
03-10 13:37:27 current lr: 0.0136575
03-10 13:37:27 Saved best checkpoint to ./anomaly_detection\SSF_SEU_0310-133608\best_pt (val_loss=-0.9520)
03-10 13:37:27 Epoch 013 Train loss -0.9517 | Val loss -0.9520
03-10 13:37:27 -----Epoch 14/19-----
03-10 13:37:27 current lr: 0.0103133
03-10 13:37:27 Saved best checkpoint to ./anomaly_detection\SSF_SEU_0310-133608\best_pt (val_loss=-0.9549)
03-10 13:37:27 Epoch 014 Train loss -0.9535 | Val loss -0.9549
03-10 13:37:27 -----Epoch 15/19-----
03-10 13:37:27 current lr: 0.00733087
03-10 13:37:27 Saved best checkpoint to ./anomaly_detection\SSF_SEU_0310-133608\best_pt (val_loss=-0.9568)
03-10 13:37:27 Epoch 015 Train loss -0.9548 | Val loss -0.9568
03-10 13:37:27 -----Epoch 16/19-----
03-10 13:37:27 current lr: 0.00478362
03-10 13:37:27 Saved best checkpoint to ./anomaly_detection\SSF_SEU_0310-133608\best_pt (val_loss=-0.9581)
03-10 13:37:27 Epoch 016 Train loss -0.9557 | Val loss -0.9581
03-10 13:37:27 -----Epoch 17/19-----
03-10 13:37:28 current lr: 0.00273429
03-10 13:37:28 Saved best checkpoint to ./anomaly_detection\SSF_SEU_0310-133608\best_pt (val_loss=-0.9588)
03-10 13:37:28 Epoch 017 Train loss -0.9563 | Val loss -0.9588
03-10 13:37:28 -----Epoch 18/19-----
03-10 13:37:28 current lr: 0.00123334
03-10 13:37:28 Saved best checkpoint to ./anomaly_detection\SSF_SEU_0310-133608\best_pt (val_loss=-0.9591)
03-10 13:37:28 Epoch 018 Train loss -0.9566 | Val loss -0.9591
03-10 13:37:28 -----Epoch 19/19-----
03-10 13:37:28 current lr: 0.00031773
03-10 13:37:28 Saved best checkpoint to ./anomaly_detection\SSF_SEU_0310-133608\best_pt (val_loss=-0.9593)
03-10 13:37:28 Epoch 019 Train loss -0.9568 | Val loss -0.9593
03-10 13:37:28 TEST (last): loss -0.9418
03-10 13:37:28 Loaded best checkpoint from ./anomaly_detection\SSF_SEU_0310-133608\best_pt (val_loss=-0.9592990279197693)
03-10 13:37:28 TEST (best): loss -0.9418
03-10 13:37:28 [LP epoch 00] train_loss=1.5405 train_acc=0.3916 | val_loss=1.5976 val_acc=0.0000 | 
03-10 13:37:29 [LP epoch 01] train_loss=1.3309 train_acc=0.6340 | val_loss=1.6223 val_acc=0.0488 | 
03-10 13:37:29 [LP epoch 02] train_loss=1.2273 train_acc=0.6550 | val_loss=1.7692 val_acc=0.0000 | 
03-10 13:37:29 [LP epoch 03] train_loss=1.1401 train_acc=0.6550 | val_loss=1.6930 val_acc=0.0000 | 
03-10 13:37:29 [LP epoch 04] train_loss=1.0801 train_acc=0.7319 | val_loss=1.5701 val_acc=0.0732 | 
03-10 13:37:30 [LP epoch 05] train_loss=1.0162 train_acc=0.7389 | val_loss=1.6225 val_acc=0.0244 | 
03-10 13:37:30 [LP epoch 06] train_loss=0.9807 train_acc=0.7552 | val_loss=1.6309 val_acc=0.0244 | 
03-10 13:37:30 [LP epoch 07] train_loss=0.9537 train_acc=0.7413 | val_loss=1.6478 val_acc=0.0732 | 
03-10 13:37:30 [LP epoch 08] train_loss=0.9401 train_acc=0.7716 | val_loss=1.7737 val_acc=0.0488 | 
03-10 13:37:30 [LP epoch 09] train_loss=0.8834 train_acc=0.7902 | val_loss=1.4200 val_acc=0.2683 | 
03-10 13:37:31 [LP epoch 10] train_loss=0.8901 train_acc=0.7855 | val_loss=1.5212 val_acc=0.2683 | 
03-10 13:37:31 [LP epoch 11] train_loss=0.8750 train_acc=0.7949 | val_loss=1.5513 val_acc=0.2195 | 
03-10 13:37:31 [LP epoch 12] train_loss=0.8618 train_acc=0.7925 | val_loss=1.4878 val_acc=0.3171 | 
03-10 13:37:31 [LP epoch 13] train_loss=0.8291 train_acc=0.7949 | val_loss=1.4257 val_acc=0.3171 | 
03-10 13:37:32 [LP epoch 14] train_loss=0.8452 train_acc=0.7902 | val_loss=1.5081 val_acc=0.3415 | 
03-10 13:37:32 [LP epoch 15] train_loss=0.8058 train_acc=0.8112 | val_loss=1.3942 val_acc=0.5366 | 
03-10 13:37:32 [LP epoch 16] train_loss=0.7905 train_acc=0.8322 | val_loss=1.1510 val_acc=0.6585 | 
03-10 13:37:32 [LP epoch 17] train_loss=0.7917 train_acc=0.8205 | val_loss=1.4233 val_acc=0.4878 | 
03-10 13:37:32 [LP epoch 18] train_loss=0.7951 train_acc=0.8135 | val_loss=1.4424 val_acc=0.3902 | 
03-10 13:37:33 [LP epoch 19] train_loss=0.7771 train_acc=0.7995 | val_loss=1.2964 val_acc=0.6098 | 
03-10 13:37:33 [LP epoch 20] train_loss=0.7576 train_acc=0.8415 | val_loss=1.1606 val_acc=0.6585 | 
03-10 13:37:33 [LP epoch 21] train_loss=0.7564 train_acc=0.8438 | val_loss=1.2533 val_acc=0.6829 | 
03-10 13:37:33 [LP epoch 22] train_loss=0.7236 train_acc=0.8531 | val_loss=1.3270 val_acc=0.6098 | 
03-10 13:37:33 [LP epoch 23] train_loss=0.7535 train_acc=0.8601 | val_loss=1.2284 val_acc=0.6585 | 
03-10 13:37:34 [LP epoch 24] train_loss=0.7604 train_acc=0.8228 | val_loss=1.3353 val_acc=0.6098 | 
03-10 13:37:34 [LP epoch 25] train_loss=0.7323 train_acc=0.8531 | val_loss=1.2867 val_acc=0.6341 | 
03-10 13:37:34 [LP epoch 26] train_loss=0.7221 train_acc=0.8601 | val_loss=1.4278 val_acc=0.6585 | 
03-10 13:37:34 [LP epoch 27] train_loss=0.7351 train_acc=0.8578 | val_loss=1.2601 val_acc=0.6829 | 
03-10 13:37:34 [LP epoch 28] train_loss=0.7252 train_acc=0.8555 | val_loss=1.2668 val_acc=0.6829 | 
03-10 13:37:35 [LP epoch 29] train_loss=0.7547 train_acc=0.8415 | val_loss=1.2802 val_acc=0.6341 | 
03-10 13:37:35 [LP epoch 30] train_loss=0.7573 train_acc=0.8462 | val_loss=1.4819 val_acc=0.5610 | 
03-10 13:37:35 [LP epoch 31] train_loss=0.7394 train_acc=0.8578 | val_loss=1.3014 val_acc=0.5854 | 
03-10 13:37:35 [LP epoch 32] train_loss=0.7431 train_acc=0.8415 | val_loss=1.2917 val_acc=0.6098 | 
03-10 13:37:35 [LP epoch 33] train_loss=0.7144 train_acc=0.8788 | val_loss=1.1947 val_acc=0.6829 | 
03-10 13:37:35 [LP epoch 34] train_loss=0.7204 train_acc=0.8601 | val_loss=1.2099 val_acc=0.7317 | 
03-10 13:37:36 [LP epoch 35] train_loss=0.6958 train_acc=0.8648 | val_loss=1.1487 val_acc=0.7073 | 
03-10 13:37:36 [LP epoch 36] train_loss=0.7079 train_acc=0.8415 | val_loss=1.2004 val_acc=0.7317 | 
03-10 13:37:36 [LP epoch 37] train_loss=0.6848 train_acc=0.8741 | val_loss=1.2380 val_acc=0.6829 | 
03-10 13:37:36 [LP epoch 38] train_loss=0.6803 train_acc=0.8811 | val_loss=1.1023 val_acc=0.7561 | 
03-10 13:37:36 [LP epoch 39] train_loss=0.7039 train_acc=0.8695 | val_loss=1.2297 val_acc=0.6829 | 
03-10 13:37:37 [LP epoch 40] train_loss=0.6881 train_acc=0.8811 | val_loss=1.2469 val_acc=0.5610 | 
03-10 13:37:37 [LP epoch 41] train_loss=0.7184 train_acc=0.8648 | val_loss=1.1944 val_acc=0.6829 | 
03-10 13:37:37 [LP epoch 42] train_loss=0.6830 train_acc=0.8834 | val_loss=1.1360 val_acc=0.7317 | 
03-10 13:37:37 [LP epoch 43] train_loss=0.6759 train_acc=0.8904 | val_loss=1.2153 val_acc=0.6341 | 
03-10 13:37:38 [LP epoch 44] train_loss=0.6801 train_acc=0.8928 | val_loss=1.2114 val_acc=0.7073 | 
03-10 13:37:38 [LP epoch 45] train_loss=0.6583 train_acc=0.8951 | val_loss=1.2367 val_acc=0.7805 | 
03-10 13:37:38 [LP epoch 46] train_loss=0.7093 train_acc=0.8578 | val_loss=1.3910 val_acc=0.5610 | 
03-10 13:37:38 [LP epoch 47] train_loss=0.6871 train_acc=0.8671 | val_loss=1.1733 val_acc=0.6585 | 
03-10 13:37:38 [LP epoch 48] train_loss=0.6965 train_acc=0.8601 | val_loss=1.2347 val_acc=0.6585 | 
03-10 13:37:39 [LP epoch 49] train_loss=0.6632 train_acc=0.8904 | val_loss=1.2007 val_acc=0.7317 | 
03-10 13:37:39 Saved linear-probe checkpoint: ./anomaly_detection\SSF_SEU_0310-133608\linear_probe_best.pt (best_val_acc=0.7805)
03-10 13:37:39 TEST linear-probe: loss=0.8080 acc=0.8061
