02-24 12:22:04 model_name: SSF
02-24 12:22:04 data_name: PU
02-24 12:22:04 aug_1: normal
02-24 12:22:04 aug_2: randomcrop
02-24 12:22:04 max_epoch: 20
02-24 12:22:04 classifier_epoch: 50
02-24 12:22:04 data_view: TwoViewDataset
02-24 12:22:04 cuda_device: 0
02-24 12:22:04 checkpoint_dir: ./checkpoint
02-24 12:22:04 batch_size: 32
02-24 12:22:04 data_dir: raw_data/PU
02-24 12:22:04 out_channel: 3
02-24 12:22:04 normlizetype: minus_one_one
02-24 12:22:04 processing_type: RA
02-24 12:22:04 opt: sgd
02-24 12:22:04 lr: 0.01
02-24 12:22:04 momentum: 0.9
02-24 12:22:04 weight_decay: 1e-05
02-24 12:22:04 lr_scheduler: cos
02-24 12:22:04 gamma: 0.1
02-24 12:22:04 eta_min: 1e-05
02-24 12:22:04 latent_space: 256
02-24 12:22:04 task: self_supervised
02-24 12:22:04 critetion: <class 'utils.loss_SSL.SimSiamLoss'>
02-24 12:22:04 using 1 gpus
02-24 12:22:04 Dataset class: <class 'data_utils.datasets.PU.PU'>
02-24 12:22:04 Split sizes: train=10504 val=1125 test=2252, classier=1126
02-24 12:22:05 Label counts train: Counter({2: 3504, 1: 3500, 0: 3500})
02-24 12:22:05 Label counts val:   Counter({0: 375, 2: 375, 1: 375})
02-24 12:22:05 Label counts test:  Counter({2: 751, 0: 751, 1: 750})
02-24 12:22:05 Label counts classifier:  Counter({2: 376, 0: 375, 1: 375})
02-24 12:22:07 Loaded best checkpoint from ./checkpoint/SSF_PU_0224-122003/best_pt (val_loss=-0.9973374103969997)
02-24 12:22:08 [LP epoch 00] train_loss=0.8250 train_acc=0.6172 | val_loss=855.4825 val_acc=0.6640 | 
02-24 12:22:09 [LP epoch 01] train_loss=0.7191 train_acc=0.6679 | val_loss=742.6756 val_acc=0.7200 | 
02-24 12:22:10 [LP epoch 02] train_loss=0.6879 train_acc=0.6838 | val_loss=716.0808 val_acc=0.7369 | 
02-24 12:22:10 [LP epoch 03] train_loss=0.6656 train_acc=0.6972 | val_loss=690.5176 val_acc=0.7262 | 
02-24 12:22:11 [LP epoch 04] train_loss=0.6349 train_acc=0.7096 | val_loss=666.9824 val_acc=0.7484 | 
02-24 12:22:12 [LP epoch 05] train_loss=0.6272 train_acc=0.7220 | val_loss=675.2510 val_acc=0.7520 | 
02-24 12:22:12 [LP epoch 06] train_loss=0.6002 train_acc=0.7300 | val_loss=640.1160 val_acc=0.7591 | 
02-24 12:22:13 [LP epoch 07] train_loss=0.5888 train_acc=0.7345 | val_loss=643.1514 val_acc=0.7440 | 
02-24 12:22:14 [LP epoch 08] train_loss=0.5847 train_acc=0.7345 | val_loss=624.2116 val_acc=0.7520 | 
02-24 12:22:14 [LP epoch 09] train_loss=0.5736 train_acc=0.7425 | val_loss=621.5452 val_acc=0.7529 | 
02-24 12:22:15 [LP epoch 10] train_loss=0.5622 train_acc=0.7549 | val_loss=590.5465 val_acc=0.7787 | 
02-24 12:22:16 [LP epoch 11] train_loss=0.5542 train_acc=0.7638 | val_loss=600.8635 val_acc=0.7627 | 
02-24 12:22:17 [LP epoch 12] train_loss=0.5394 train_acc=0.7762 | val_loss=583.2429 val_acc=0.7644 | 
02-24 12:22:17 [LP epoch 13] train_loss=0.5292 train_acc=0.7789 | val_loss=584.4781 val_acc=0.7742 | 
02-24 12:22:18 [LP epoch 14] train_loss=0.5145 train_acc=0.7780 | val_loss=553.3928 val_acc=0.7778 | 
02-24 12:22:19 [LP epoch 15] train_loss=0.5148 train_acc=0.7753 | val_loss=569.3543 val_acc=0.7662 | 
02-24 12:22:19 [LP epoch 16] train_loss=0.5214 train_acc=0.7780 | val_loss=572.2457 val_acc=0.7707 | 
02-24 12:22:20 [LP epoch 17] train_loss=0.5085 train_acc=0.7815 | val_loss=557.9294 val_acc=0.7742 | 
02-24 12:22:21 [LP epoch 18] train_loss=0.4962 train_acc=0.7913 | val_loss=538.3464 val_acc=0.7849 | 
02-24 12:22:22 [LP epoch 19] train_loss=0.4903 train_acc=0.7940 | val_loss=563.4915 val_acc=0.7724 | 
02-24 12:22:22 [LP epoch 20] train_loss=0.4936 train_acc=0.8002 | val_loss=549.2477 val_acc=0.7716 | 
02-24 12:22:23 [LP epoch 21] train_loss=0.4852 train_acc=0.7940 | val_loss=550.1805 val_acc=0.7769 | 
02-24 12:22:24 [LP epoch 22] train_loss=0.4658 train_acc=0.8037 | val_loss=525.7687 val_acc=0.8018 | 
02-24 12:22:25 [LP epoch 23] train_loss=0.4757 train_acc=0.7922 | val_loss=514.0679 val_acc=0.7911 | 
02-24 12:22:25 [LP epoch 24] train_loss=0.4762 train_acc=0.7957 | val_loss=533.7304 val_acc=0.7831 | 
02-24 12:22:26 [LP epoch 25] train_loss=0.4622 train_acc=0.8099 | val_loss=515.3935 val_acc=0.7938 | 
02-24 12:22:26 [LP epoch 26] train_loss=0.4500 train_acc=0.8179 | val_loss=520.8787 val_acc=0.7964 | 
02-24 12:22:27 [LP epoch 27] train_loss=0.4546 train_acc=0.8153 | val_loss=528.8959 val_acc=0.7938 | 
02-24 12:22:28 [LP epoch 28] train_loss=0.4525 train_acc=0.8153 | val_loss=530.1521 val_acc=0.7902 | 
02-24 12:22:28 [LP epoch 29] train_loss=0.4432 train_acc=0.8171 | val_loss=506.8228 val_acc=0.8142 | 
02-24 12:22:29 [LP epoch 30] train_loss=0.4383 train_acc=0.8179 | val_loss=498.7372 val_acc=0.8027 | 
02-24 12:22:30 [LP epoch 31] train_loss=0.4445 train_acc=0.8153 | val_loss=517.8851 val_acc=0.7920 | 
02-24 12:22:30 [LP epoch 32] train_loss=0.4456 train_acc=0.8188 | val_loss=500.2611 val_acc=0.8027 | 
02-24 12:22:31 [LP epoch 33] train_loss=0.4168 train_acc=0.8393 | val_loss=480.1442 val_acc=0.8116 | 
02-24 12:22:32 [LP epoch 34] train_loss=0.4423 train_acc=0.8233 | val_loss=498.3041 val_acc=0.8151 | 
02-24 12:22:33 [LP epoch 35] train_loss=0.4302 train_acc=0.8250 | val_loss=481.2503 val_acc=0.8098 | 
02-24 12:22:33 [LP epoch 36] train_loss=0.4113 train_acc=0.8330 | val_loss=476.7144 val_acc=0.8071 | 
02-24 12:22:34 [LP epoch 37] train_loss=0.4233 train_acc=0.8339 | val_loss=482.3092 val_acc=0.8053 | 
02-24 12:22:35 [LP epoch 38] train_loss=0.4431 train_acc=0.8153 | val_loss=488.2663 val_acc=0.8018 | 
02-24 12:22:35 [LP epoch 39] train_loss=0.4354 train_acc=0.8135 | val_loss=520.3863 val_acc=0.8027 | 
02-24 12:22:36 [LP epoch 40] train_loss=0.4127 train_acc=0.8384 | val_loss=472.0223 val_acc=0.8196 | 
02-24 12:22:37 [LP epoch 41] train_loss=0.4028 train_acc=0.8330 | val_loss=484.3694 val_acc=0.8213 | 
02-24 12:22:37 [LP epoch 42] train_loss=0.4173 train_acc=0.8348 | val_loss=503.2843 val_acc=0.8000 | 
02-24 12:22:38 [LP epoch 43] train_loss=0.4099 train_acc=0.8446 | val_loss=501.6418 val_acc=0.8000 | 
02-24 12:22:39 [LP epoch 44] train_loss=0.3920 train_acc=0.8419 | val_loss=470.8367 val_acc=0.8169 | 
02-24 12:22:40 [LP epoch 45] train_loss=0.3778 train_acc=0.8499 | val_loss=473.7205 val_acc=0.8133 | 
02-24 12:22:40 [LP epoch 46] train_loss=0.3729 train_acc=0.8561 | val_loss=466.4559 val_acc=0.8169 | 
02-24 12:22:41 [LP epoch 47] train_loss=0.3724 train_acc=0.8561 | val_loss=437.8758 val_acc=0.8364 | 
02-24 12:22:42 [LP epoch 48] train_loss=0.3953 train_acc=0.8357 | val_loss=474.8863 val_acc=0.8089 | 
02-24 12:22:43 [LP epoch 49] train_loss=0.4083 train_acc=0.8330 | val_loss=471.2493 val_acc=0.8124 | 
02-24 12:22:43 Saved linear-probe checkpoint: ./checkpoint\SSF_PU_0224-122204\linear_probe_best.pt (best_val_acc=0.8364)
02-24 12:22:43 TEST linear-probe: loss=0.4556 acc=0.8046
