03-10 11:09:21 model_name: SSF
03-10 11:09:21 data_name: CWRU
03-10 11:09:21 aug_1: randomcrop
03-10 11:09:21 aug_2: scale
03-10 11:09:21 max_epoch: 20
03-10 11:09:21 classifier_epoch: 50
03-10 11:09:21 data_view: TwoViewDataset
03-10 11:09:21 cuda_device: 0
03-10 11:09:21 checkpoint_dir: ./anomaly_detection
03-10 11:09:21 batch_size: 64
03-10 11:09:21 data_dir: raw_data/CWRU
03-10 11:09:21 out_channel: 4
03-10 11:09:21 normlizetype: minus_one_one
03-10 11:09:21 processing_type: RA
03-10 11:09:21 opt: sgd
03-10 11:09:21 lr: 0.05
03-10 11:09:21 momentum: 0.9
03-10 11:09:21 weight_decay: 0.0001
03-10 11:09:21 lr_scheduler: cos
03-10 11:09:21 gamma: 0.95
03-10 11:09:21 eta_min: 1e-05
03-10 11:09:21 latent_space: 192
03-10 11:09:21 num_blocks_ssf: 5
03-10 11:09:21 hidden_channel: 128
03-10 11:09:21 task: self_supervised
03-10 11:09:21 critetion: <class 'utils.loss_SSL.SimSiamLoss'>
03-10 11:09:21 using 1 gpus
03-10 11:09:21 Dataset class: <class 'data_utils.datasets.CWRU.CWRU'>
03-10 11:09:21 Split sizes: train=400 val=400 test=400, classier=40
03-10 11:09:21 Label counts train: Counter({0: 100, 1: 100, 3: 100, 2: 100})
03-10 11:09:21 Label counts val:   Counter({0: 100, 1: 100, 2: 100, 3: 100})
03-10 11:09:21 Label counts test:  Counter({3: 100, 0: 100, 1: 100, 2: 100})
03-10 11:09:21 Label counts classifier:  Counter({3: 10, 1: 10, 0: 10, 2: 10})
03-10 11:09:23 Loaded best checkpoint from ./anomaly_detection/SSF_CWRU_0310-110729/best_pt (val_loss=-0.9506997346878052)
03-10 11:09:23 Loaded best checkpoint from ./anomaly_detection/SSF_CWRU_0310-110729/best_pt (val_loss=-0.9506997346878052)
03-10 11:09:23 TEST (best): loss -0.9529
03-10 11:09:24 [LP epoch 00] train_loss=1.4160 train_acc=0.1000 | val_loss=1.3475 val_acc=0.2600 | 
03-10 11:09:24 [LP epoch 01] train_loss=1.1197 train_acc=0.7250 | val_loss=1.2846 val_acc=0.4900 | 
03-10 11:09:24 [LP epoch 02] train_loss=0.9920 train_acc=0.7500 | val_loss=1.2210 val_acc=0.7100 | 
03-10 11:09:24 [LP epoch 03] train_loss=0.9080 train_acc=0.8250 | val_loss=1.1612 val_acc=0.7675 | 
03-10 11:09:24 [LP epoch 04] train_loss=0.8501 train_acc=0.8250 | val_loss=1.1069 val_acc=0.7975 | 
03-10 11:09:24 [LP epoch 05] train_loss=0.8099 train_acc=0.8750 | val_loss=1.0560 val_acc=0.8275 | 
03-10 11:09:25 [LP epoch 06] train_loss=0.7714 train_acc=0.8750 | val_loss=1.0100 val_acc=0.8500 | 
03-10 11:09:25 [LP epoch 07] train_loss=0.7480 train_acc=0.8500 | val_loss=0.9649 val_acc=0.8600 | 
03-10 11:09:25 [LP epoch 08] train_loss=0.7323 train_acc=0.8750 | val_loss=0.9235 val_acc=0.8675 | 
03-10 11:09:25 [LP epoch 09] train_loss=0.7152 train_acc=0.8750 | val_loss=0.8861 val_acc=0.8850 | 
03-10 11:09:25 [LP epoch 10] train_loss=0.7136 train_acc=0.9250 | val_loss=0.8473 val_acc=0.8800 | 
03-10 11:09:25 [LP epoch 11] train_loss=0.6646 train_acc=0.9500 | val_loss=0.8153 val_acc=0.8875 | 
03-10 11:09:25 [LP epoch 12] train_loss=0.6526 train_acc=0.9750 | val_loss=0.7849 val_acc=0.8900 | 
03-10 11:09:26 [LP epoch 13] train_loss=0.6491 train_acc=0.9500 | val_loss=0.7493 val_acc=0.8950 | 
03-10 11:09:26 [LP epoch 14] train_loss=0.6203 train_acc=0.9750 | val_loss=0.7197 val_acc=0.8975 | 
03-10 11:09:26 [LP epoch 15] train_loss=0.6004 train_acc=1.0000 | val_loss=0.6898 val_acc=0.9025 | 
03-10 11:09:26 [LP epoch 16] train_loss=0.5809 train_acc=1.0000 | val_loss=0.6650 val_acc=0.9025 | 
03-10 11:09:26 [LP epoch 17] train_loss=0.5709 train_acc=0.9750 | val_loss=0.6463 val_acc=0.9025 | 
03-10 11:09:26 [LP epoch 18] train_loss=0.5534 train_acc=0.9750 | val_loss=0.6299 val_acc=0.9025 | 
03-10 11:09:27 [LP epoch 19] train_loss=0.5490 train_acc=0.9750 | val_loss=0.6082 val_acc=0.9050 | 
03-10 11:09:27 [LP epoch 20] train_loss=0.5188 train_acc=1.0000 | val_loss=0.5923 val_acc=0.9075 | 
03-10 11:09:27 [LP epoch 21] train_loss=0.5518 train_acc=0.9750 | val_loss=0.5805 val_acc=0.9075 | 
03-10 11:09:27 [LP epoch 22] train_loss=0.5241 train_acc=1.0000 | val_loss=0.5738 val_acc=0.9050 | 
03-10 11:09:27 [LP epoch 23] train_loss=0.5042 train_acc=0.9750 | val_loss=0.5791 val_acc=0.8950 | 
03-10 11:09:27 [LP epoch 24] train_loss=0.5074 train_acc=1.0000 | val_loss=0.5882 val_acc=0.8800 | 
03-10 11:09:27 [LP epoch 25] train_loss=0.4858 train_acc=1.0000 | val_loss=0.5822 val_acc=0.8850 | 
03-10 11:09:28 [LP epoch 26] train_loss=0.4816 train_acc=1.0000 | val_loss=0.5675 val_acc=0.8900 | 
03-10 11:09:28 [LP epoch 27] train_loss=0.4818 train_acc=1.0000 | val_loss=0.5539 val_acc=0.8975 | 
03-10 11:09:28 [LP epoch 28] train_loss=0.4742 train_acc=1.0000 | val_loss=0.5436 val_acc=0.9050 | 
03-10 11:09:28 [LP epoch 29] train_loss=0.4551 train_acc=1.0000 | val_loss=0.5383 val_acc=0.9075 | 
03-10 11:09:28 [LP epoch 30] train_loss=0.4528 train_acc=1.0000 | val_loss=0.5262 val_acc=0.9200 | 
03-10 11:09:28 [LP epoch 31] train_loss=0.4439 train_acc=1.0000 | val_loss=0.5105 val_acc=0.9275 | 
03-10 11:09:29 [LP epoch 32] train_loss=0.4621 train_acc=1.0000 | val_loss=0.4875 val_acc=0.9625 | 
03-10 11:09:29 [LP epoch 33] train_loss=0.4503 train_acc=1.0000 | val_loss=0.4805 val_acc=0.9625 | 
03-10 11:09:29 [LP epoch 34] train_loss=0.4631 train_acc=0.9750 | val_loss=0.4739 val_acc=0.9700 | 
03-10 11:09:29 [LP epoch 35] train_loss=0.4373 train_acc=1.0000 | val_loss=0.4734 val_acc=0.9675 | 
03-10 11:09:29 [LP epoch 36] train_loss=0.4539 train_acc=1.0000 | val_loss=0.4723 val_acc=0.9675 | 
03-10 11:09:29 [LP epoch 37] train_loss=0.4208 train_acc=1.0000 | val_loss=0.4786 val_acc=0.9700 | 
03-10 11:09:30 [LP epoch 38] train_loss=0.4116 train_acc=1.0000 | val_loss=0.4853 val_acc=0.9700 | 
03-10 11:09:30 [LP epoch 39] train_loss=0.4343 train_acc=1.0000 | val_loss=0.4926 val_acc=0.9675 | 
03-10 11:09:30 [LP epoch 40] train_loss=0.4043 train_acc=1.0000 | val_loss=0.4970 val_acc=0.9700 | 
03-10 11:09:30 [LP epoch 41] train_loss=0.4076 train_acc=1.0000 | val_loss=0.4794 val_acc=0.9825 | 
03-10 11:09:30 [LP epoch 42] train_loss=0.5268 train_acc=0.9000 | val_loss=0.4547 val_acc=0.9825 | 
03-10 11:09:30 [LP epoch 43] train_loss=0.4012 train_acc=1.0000 | val_loss=0.4468 val_acc=0.9850 | 
03-10 11:09:31 [LP epoch 44] train_loss=0.4024 train_acc=1.0000 | val_loss=0.4450 val_acc=0.9850 | 
03-10 11:09:31 [LP epoch 45] train_loss=0.4058 train_acc=1.0000 | val_loss=0.4434 val_acc=0.9850 | 
03-10 11:09:31 [LP epoch 46] train_loss=0.4152 train_acc=1.0000 | val_loss=0.4432 val_acc=0.9825 | 
03-10 11:09:31 [LP epoch 47] train_loss=0.4003 train_acc=1.0000 | val_loss=0.4430 val_acc=0.9825 | 
03-10 11:09:31 [LP epoch 48] train_loss=0.3956 train_acc=1.0000 | val_loss=0.4437 val_acc=0.9825 | 
03-10 11:09:31 [LP epoch 49] train_loss=0.3932 train_acc=1.0000 | val_loss=0.4415 val_acc=0.9825 | 
03-10 11:09:31 Saved linear-probe checkpoint: ./anomaly_detection\SSF_CWRU_0310-110921\linear_probe_best.pt (best_val_acc=0.9850)
03-10 11:09:31 TEST linear-probe: loss=0.4320 acc=0.9900
