02-24 10:00:24 model_name: SSF
02-24 10:00:24 data_name: XJTU
02-24 10:00:24 aug_1: normal
02-24 10:00:24 aug_2: randomcrop
02-24 10:00:24 max_epoch: 20
02-24 10:00:24 classifier_epoch: 50
02-24 10:00:24 data_view: TwoViewDataset
02-24 10:00:24 cuda_device: 0
02-24 10:00:24 checkpoint_dir: ./checkpoint
02-24 10:00:24 batch_size: 32
02-24 10:00:24 data_dir: raw_data/XJTU/XJTU-SY_Bearing_Datasets
02-24 10:00:24 out_channel: 10
02-24 10:00:24 normlizetype: minus_one_one
02-24 10:00:24 processing_type: RA
02-24 10:00:24 opt: sgd
02-24 10:00:24 lr: 0.01
02-24 10:00:24 momentum: 0.9
02-24 10:00:24 weight_decay: 1e-05
02-24 10:00:24 lr_scheduler: cos
02-24 10:00:24 gamma: 0.1
02-24 10:00:24 eta_min: 1e-05
02-24 10:00:24 latent_space: 256
02-24 10:00:24 task: self_supervised
02-24 10:00:24 critetion: <class 'utils.loss_SSL.SimSiamLoss'>
02-24 10:00:24 using 1 gpus
02-24 10:00:24 Dataset class: <class 'data_utils.datasets.XJTU.XJTU'>
