03-10 14:55:37 model_name: SSF
03-10 14:55:37 data_name: CWRU
03-10 14:55:37 aug_1: randomcrop
03-10 14:55:37 aug_2: scale
03-10 14:55:37 max_epoch: 20
03-10 14:55:37 classifier_epoch: 50
03-10 14:55:37 data_view: TwoViewDataset
03-10 14:55:37 cuda_device: 0
03-10 14:55:37 checkpoint_dir: ./anomaly_detection
03-10 14:55:37 batch_size: 64
03-10 14:55:37 data_dir: raw_data/CWRU
03-10 14:55:37 out_channel: 4
03-10 14:55:37 normlizetype: minus_one_one
03-10 14:55:37 processing_type: O_N
03-10 14:55:37 opt: sgd
03-10 14:55:37 lr: 0.05
03-10 14:55:37 momentum: 0.9
03-10 14:55:37 weight_decay: 0.0001
03-10 14:55:37 lr_scheduler: cos
03-10 14:55:37 gamma: 0.95
03-10 14:55:37 eta_min: 1e-05
03-10 14:55:37 latent_space: 192
03-10 14:55:37 num_blocks_ssf: 5
03-10 14:55:37 hidden_channel: 128
03-10 14:55:37 task: self_supervised
03-10 14:55:37 critetion: <class 'utils.loss_SSL.SimSiamLoss'>
03-10 14:55:37 using 1 gpus
03-10 14:55:37 Dataset class: <class 'data_utils.datasets.CWRU.CWRU'>
03-10 14:55:37 Split sizes: train=993 val=331 test=878, classier=878
03-10 14:55:37 Label counts train: Counter({0: 993})
03-10 14:55:37 Label counts val:   Counter({0: 331})
03-10 14:55:37 Label counts test:  Counter({1: 238, 3: 238, 2: 236, 0: 166})
03-10 14:55:37 Label counts classifier:  Counter({1: 238, 2: 237, 3: 237, 0: 166})
03-10 14:55:39 -----Epoch 0/19-----
03-10 14:55:40 current lr: 0.05
03-10 14:55:40 Saved best checkpoint to ./anomaly_detection\SSF_CWRU_0310-145537\best_pt (val_loss=-0.8036)
03-10 14:55:40 Epoch 000 Train loss -0.7473 | Val loss -0.8036
03-10 14:55:40 -----Epoch 1/19-----
03-10 14:55:41 current lr: 0.0496923
03-10 14:55:41 Saved best checkpoint to ./anomaly_detection\SSF_CWRU_0310-145537\best_pt (val_loss=-0.9768)
03-10 14:55:41 Epoch 001 Train loss -0.9776 | Val loss -0.9768
03-10 14:55:41 -----Epoch 2/19-----
03-10 14:55:42 current lr: 0.0487767
03-10 14:55:42 Saved best checkpoint to ./anomaly_detection\SSF_CWRU_0310-145537\best_pt (val_loss=-0.9879)
03-10 14:55:42 Epoch 002 Train loss -0.9856 | Val loss -0.9879
03-10 14:55:42 -----Epoch 3/19-----
03-10 14:55:43 current lr: 0.0472757
03-10 14:55:43 Saved best checkpoint to ./anomaly_detection\SSF_CWRU_0310-145537\best_pt (val_loss=-0.9908)
03-10 14:55:43 Epoch 003 Train loss -0.9897 | Val loss -0.9908
03-10 14:55:43 -----Epoch 4/19-----
03-10 14:55:44 current lr: 0.0452264
03-10 14:55:44 Saved best checkpoint to ./anomaly_detection\SSF_CWRU_0310-145537\best_pt (val_loss=-0.9920)
03-10 14:55:44 Epoch 004 Train loss -0.9914 | Val loss -0.9920
03-10 14:55:44 -----Epoch 5/19-----
03-10 14:55:45 current lr: 0.0426791
03-10 14:55:45 Saved best checkpoint to ./anomaly_detection\SSF_CWRU_0310-145537\best_pt (val_loss=-0.9927)
03-10 14:55:45 Epoch 005 Train loss -0.9923 | Val loss -0.9927
03-10 14:55:45 -----Epoch 6/19-----
03-10 14:55:46 current lr: 0.0396967
03-10 14:55:46 Saved best checkpoint to ./anomaly_detection\SSF_CWRU_0310-145537\best_pt (val_loss=-0.9933)
03-10 14:55:46 Epoch 006 Train loss -0.9929 | Val loss -0.9933
03-10 14:55:46 -----Epoch 7/19-----
03-10 14:55:47 current lr: 0.0363525
03-10 14:55:47 Saved best checkpoint to ./anomaly_detection\SSF_CWRU_0310-145537\best_pt (val_loss=-0.9937)
03-10 14:55:47 Epoch 007 Train loss -0.9933 | Val loss -0.9937
03-10 14:55:47 -----Epoch 8/19-----
03-10 14:55:47 current lr: 0.0327289
03-10 14:55:47 Saved best checkpoint to ./anomaly_detection\SSF_CWRU_0310-145537\best_pt (val_loss=-0.9940)
03-10 14:55:47 Epoch 008 Train loss -0.9937 | Val loss -0.9940
03-10 14:55:47 -----Epoch 9/19-----
03-10 14:55:48 current lr: 0.0289151
03-10 14:55:48 Saved best checkpoint to ./anomaly_detection\SSF_CWRU_0310-145537\best_pt (val_loss=-0.9943)
03-10 14:55:48 Epoch 009 Train loss -0.9940 | Val loss -0.9943
03-10 14:55:48 -----Epoch 10/19-----
03-10 14:55:49 current lr: 0.025005
03-10 14:55:49 Saved best checkpoint to ./anomaly_detection\SSF_CWRU_0310-145537\best_pt (val_loss=-0.9945)
03-10 14:55:49 Epoch 010 Train loss -0.9942 | Val loss -0.9945
03-10 14:55:49 -----Epoch 11/19-----
03-10 14:55:50 current lr: 0.0210949
03-10 14:55:50 Saved best checkpoint to ./anomaly_detection\SSF_CWRU_0310-145537\best_pt (val_loss=-0.9947)
03-10 14:55:50 Epoch 011 Train loss -0.9943 | Val loss -0.9947
03-10 14:55:50 -----Epoch 12/19-----
03-10 14:55:51 current lr: 0.0172811
03-10 14:55:51 Saved best checkpoint to ./anomaly_detection\SSF_CWRU_0310-145537\best_pt (val_loss=-0.9948)
03-10 14:55:51 Epoch 012 Train loss -0.9945 | Val loss -0.9948
03-10 14:55:51 -----Epoch 13/19-----
03-10 14:55:52 current lr: 0.0136575
03-10 14:55:52 Saved best checkpoint to ./anomaly_detection\SSF_CWRU_0310-145537\best_pt (val_loss=-0.9949)
03-10 14:55:52 Epoch 013 Train loss -0.9946 | Val loss -0.9949
03-10 14:55:52 -----Epoch 14/19-----
03-10 14:55:53 current lr: 0.0103133
03-10 14:55:53 Saved best checkpoint to ./anomaly_detection\SSF_CWRU_0310-145537\best_pt (val_loss=-0.9950)
03-10 14:55:53 Epoch 014 Train loss -0.9947 | Val loss -0.9950
03-10 14:55:53 -----Epoch 15/19-----
03-10 14:55:54 current lr: 0.00733087
03-10 14:55:54 Saved best checkpoint to ./anomaly_detection\SSF_CWRU_0310-145537\best_pt (val_loss=-0.9950)
03-10 14:55:54 Epoch 015 Train loss -0.9948 | Val loss -0.9950
03-10 14:55:54 -----Epoch 16/19-----
03-10 14:55:55 current lr: 0.00478362
03-10 14:55:55 Saved best checkpoint to ./anomaly_detection\SSF_CWRU_0310-145537\best_pt (val_loss=-0.9950)
03-10 14:55:55 Epoch 016 Train loss -0.9948 | Val loss -0.9950
03-10 14:55:55 -----Epoch 17/19-----
03-10 14:55:56 current lr: 0.00273429
03-10 14:55:56 Saved best checkpoint to ./anomaly_detection\SSF_CWRU_0310-145537\best_pt (val_loss=-0.9951)
03-10 14:55:56 Epoch 017 Train loss -0.9948 | Val loss -0.9951
03-10 14:55:56 -----Epoch 18/19-----
03-10 14:55:57 current lr: 0.00123334
03-10 14:55:57 Saved best checkpoint to ./anomaly_detection\SSF_CWRU_0310-145537\best_pt (val_loss=-0.9951)
03-10 14:55:57 Epoch 018 Train loss -0.9948 | Val loss -0.9951
03-10 14:55:57 -----Epoch 19/19-----
03-10 14:55:57 current lr: 0.00031773
03-10 14:55:58 Saved best checkpoint to ./anomaly_detection\SSF_CWRU_0310-145537\best_pt (val_loss=-0.9951)
03-10 14:55:58 Epoch 019 Train loss -0.9948 | Val loss -0.9951
03-10 14:55:58 TEST (last): loss -0.8552
03-10 14:55:58 Loaded best checkpoint from ./anomaly_detection\SSF_CWRU_0310-145537\best_pt (val_loss=-0.9950753817745566)
03-10 14:55:58 TEST (best): loss -0.8552
03-10 14:55:59 [LP epoch 00] train_loss=0.8601 train_acc=0.8075 | val_loss=0.7839 val_acc=0.9909 | 
03-10 14:55:59 [LP epoch 01] train_loss=0.4903 train_acc=0.9841 | val_loss=0.4319 val_acc=1.0000 | 
03-10 14:56:00 [LP epoch 02] train_loss=0.4106 train_acc=0.9909 | val_loss=0.3764 val_acc=1.0000 | 
03-10 14:56:00 [LP epoch 03] train_loss=0.3888 train_acc=0.9966 | val_loss=0.3610 val_acc=1.0000 | 
03-10 14:56:01 [LP epoch 04] train_loss=0.3772 train_acc=0.9977 | val_loss=0.3566 val_acc=1.0000 | 
03-10 14:56:01 [LP epoch 05] train_loss=0.3743 train_acc=0.9977 | val_loss=0.3548 val_acc=1.0000 | 
03-10 14:56:02 [LP epoch 06] train_loss=0.3706 train_acc=0.9989 | val_loss=0.3534 val_acc=1.0000 | 
03-10 14:56:02 [LP epoch 07] train_loss=0.3703 train_acc=0.9989 | val_loss=0.3529 val_acc=1.0000 | 
03-10 14:56:03 [LP epoch 08] train_loss=0.3678 train_acc=1.0000 | val_loss=0.3537 val_acc=1.0000 | 
03-10 14:56:03 [LP epoch 09] train_loss=0.3714 train_acc=1.0000 | val_loss=0.3527 val_acc=1.0000 | 
03-10 14:56:04 [LP epoch 10] train_loss=0.3684 train_acc=1.0000 | val_loss=0.3532 val_acc=1.0000 | 
03-10 14:56:04 [LP epoch 11] train_loss=0.3677 train_acc=1.0000 | val_loss=0.3515 val_acc=1.0000 | 
03-10 14:56:05 [LP epoch 12] train_loss=0.3695 train_acc=0.9989 | val_loss=0.3577 val_acc=1.0000 | 
03-10 14:56:05 [LP epoch 13] train_loss=0.3689 train_acc=0.9989 | val_loss=0.3517 val_acc=1.0000 | 
03-10 14:56:06 [LP epoch 14] train_loss=0.3668 train_acc=1.0000 | val_loss=0.3528 val_acc=1.0000 | 
03-10 14:56:06 [LP epoch 15] train_loss=0.3640 train_acc=1.0000 | val_loss=0.3510 val_acc=1.0000 | 
03-10 14:56:07 [LP epoch 16] train_loss=0.3668 train_acc=1.0000 | val_loss=0.3512 val_acc=1.0000 | 
03-10 14:56:07 [LP epoch 17] train_loss=0.3643 train_acc=1.0000 | val_loss=0.3508 val_acc=1.0000 | 
03-10 14:56:08 [LP epoch 18] train_loss=0.3676 train_acc=1.0000 | val_loss=0.3523 val_acc=1.0000 | 
03-10 14:56:08 [LP epoch 19] train_loss=0.3643 train_acc=1.0000 | val_loss=0.3531 val_acc=1.0000 | 
03-10 14:56:09 [LP epoch 20] train_loss=0.3669 train_acc=1.0000 | val_loss=0.3515 val_acc=1.0000 | 
03-10 14:56:09 [LP epoch 21] train_loss=0.3671 train_acc=1.0000 | val_loss=0.3557 val_acc=1.0000 | 
03-10 14:56:10 [LP epoch 22] train_loss=0.3654 train_acc=1.0000 | val_loss=0.3514 val_acc=1.0000 | 
03-10 14:56:10 [LP epoch 23] train_loss=0.3651 train_acc=1.0000 | val_loss=0.3508 val_acc=1.0000 | 
03-10 14:56:11 [LP epoch 24] train_loss=0.3661 train_acc=1.0000 | val_loss=0.3518 val_acc=1.0000 | 
03-10 14:56:11 [LP epoch 25] train_loss=0.3627 train_acc=1.0000 | val_loss=0.3499 val_acc=1.0000 | 
03-10 14:56:12 [LP epoch 26] train_loss=0.3605 train_acc=1.0000 | val_loss=0.3516 val_acc=1.0000 | 
03-10 14:56:12 [LP epoch 27] train_loss=0.3627 train_acc=1.0000 | val_loss=0.3501 val_acc=1.0000 | 
03-10 14:56:13 [LP epoch 28] train_loss=0.3633 train_acc=1.0000 | val_loss=0.3521 val_acc=1.0000 | 
03-10 14:56:13 [LP epoch 29] train_loss=0.3671 train_acc=1.0000 | val_loss=0.3512 val_acc=1.0000 | 
03-10 14:56:14 [LP epoch 30] train_loss=0.3646 train_acc=1.0000 | val_loss=0.3508 val_acc=1.0000 | 
03-10 14:56:14 [LP epoch 31] train_loss=0.3616 train_acc=1.0000 | val_loss=0.3511 val_acc=1.0000 | 
03-10 14:56:15 [LP epoch 32] train_loss=0.3663 train_acc=1.0000 | val_loss=0.3520 val_acc=1.0000 | 
03-10 14:56:15 [LP epoch 33] train_loss=0.3620 train_acc=1.0000 | val_loss=0.3519 val_acc=1.0000 | 
03-10 14:56:16 [LP epoch 34] train_loss=0.3647 train_acc=1.0000 | val_loss=0.3505 val_acc=1.0000 | 
03-10 14:56:16 [LP epoch 35] train_loss=0.3592 train_acc=1.0000 | val_loss=0.3514 val_acc=1.0000 | 
03-10 14:56:17 [LP epoch 36] train_loss=0.3635 train_acc=1.0000 | val_loss=0.3500 val_acc=1.0000 | 
03-10 14:56:17 [LP epoch 37] train_loss=0.3626 train_acc=1.0000 | val_loss=0.3510 val_acc=1.0000 | 
03-10 14:56:18 [LP epoch 38] train_loss=0.3621 train_acc=1.0000 | val_loss=0.3506 val_acc=1.0000 | 
03-10 14:56:18 [LP epoch 39] train_loss=0.3617 train_acc=1.0000 | val_loss=0.3507 val_acc=1.0000 | 
03-10 14:56:19 [LP epoch 40] train_loss=0.3619 train_acc=1.0000 | val_loss=0.3502 val_acc=1.0000 | 
03-10 14:56:19 [LP epoch 41] train_loss=0.3619 train_acc=1.0000 | val_loss=0.3505 val_acc=1.0000 | 
03-10 14:56:20 [LP epoch 42] train_loss=0.3652 train_acc=1.0000 | val_loss=0.3502 val_acc=1.0000 | 
03-10 14:56:20 [LP epoch 43] train_loss=0.3689 train_acc=1.0000 | val_loss=0.3611 val_acc=1.0000 | 
03-10 14:56:21 [LP epoch 44] train_loss=0.3611 train_acc=1.0000 | val_loss=0.3533 val_acc=1.0000 | 
03-10 14:56:21 [LP epoch 45] train_loss=0.3624 train_acc=1.0000 | val_loss=0.3519 val_acc=1.0000 | 
03-10 14:56:22 [LP epoch 46] train_loss=0.3622 train_acc=1.0000 | val_loss=0.3519 val_acc=1.0000 | 
03-10 14:56:22 [LP epoch 47] train_loss=0.3604 train_acc=1.0000 | val_loss=0.3502 val_acc=1.0000 | 
03-10 14:56:23 [LP epoch 48] train_loss=0.3604 train_acc=1.0000 | val_loss=0.3516 val_acc=1.0000 | 
03-10 14:56:23 [LP epoch 49] train_loss=0.3652 train_acc=1.0000 | val_loss=0.3523 val_acc=1.0000 | 
03-10 14:56:23 Saved linear-probe checkpoint: ./anomaly_detection\SSF_CWRU_0310-145537\linear_probe_best.pt (best_val_acc=1.0000)
03-10 14:56:24 TEST linear-probe: loss=0.3673 acc=1.0000
