02-24 12:07:14 model_name: SSF
02-24 12:07:14 data_name: PU
02-24 12:07:14 aug_1: normal
02-24 12:07:14 aug_2: randomcrop
02-24 12:07:14 max_epoch: 20
02-24 12:07:14 classifier_epoch: 50
02-24 12:07:14 data_view: TwoViewDataset
02-24 12:07:14 cuda_device: 0
02-24 12:07:14 checkpoint_dir: ./checkpoint
02-24 12:07:14 batch_size: 32
02-24 12:07:14 data_dir: raw_data/PU
02-24 12:07:14 out_channel: 3
02-24 12:07:14 normlizetype: minus_one_one
02-24 12:07:14 processing_type: RA
02-24 12:07:14 opt: sgd
02-24 12:07:14 lr: 0.01
02-24 12:07:14 momentum: 0.9
02-24 12:07:14 weight_decay: 1e-05
02-24 12:07:14 lr_scheduler: cos
02-24 12:07:14 gamma: 0.1
02-24 12:07:14 eta_min: 1e-05
02-24 12:07:14 latent_space: 256
02-24 12:07:14 task: self_supervised
02-24 12:07:14 critetion: <class 'utils.loss_SSL.SimSiamLoss'>
02-24 12:07:14 using 1 gpus
02-24 12:07:14 Dataset class: <class 'data_utils.datasets.PU.PU'>
02-24 12:07:14 Split sizes: train=10504 val=1125 test=2252, classier=1126
02-24 12:07:15 Label counts train: Counter({2: 3504, 1: 3500, 0: 3500})
02-24 12:07:15 Label counts val:   Counter({0: 375, 2: 375, 1: 375})
02-24 12:07:15 Label counts test:  Counter({2: 751, 0: 751, 1: 750})
02-24 12:07:15 Label counts classifier:  Counter({2: 376, 0: 375, 1: 375})
02-24 12:07:17 Loaded best checkpoint from ./checkpoint/SSF_PU_0224-115856/best_pt (val_loss=-0.9542445305718316)
