03-04 10:07:45 model_name: SSF
03-04 10:07:45 data_name: CWRU
03-04 10:07:45 aug_1: randomcrop
03-04 10:07:45 aug_2: scale
03-04 10:07:45 max_epoch: 100
03-04 10:07:45 classifier_epoch: 50
03-04 10:07:45 data_view: TwoViewDataset
03-04 10:07:45 cuda_device: 0
03-04 10:07:45 checkpoint_dir: ./checkpoint
03-04 10:07:45 batch_size: 64
03-04 10:07:45 data_dir: raw_data/CWRU
03-04 10:07:45 out_channel: 4
03-04 10:07:45 normlizetype: minus_one_one
03-04 10:07:45 processing_type: RA
03-04 10:07:45 opt: sgd
03-04 10:07:45 lr: 0.05
03-04 10:07:45 momentum: 0.9
03-04 10:07:45 weight_decay: 1e-05
03-04 10:07:45 lr_scheduler: cos
03-04 10:07:45 gamma: 0.95
03-04 10:07:45 eta_min: 1e-05
03-04 10:07:45 latent_space: 128
03-04 10:07:45 num_blocks_ssf: 5
03-04 10:07:45 hidden_channel: 256
03-04 10:07:45 task: self_supervised
03-04 10:07:45 critetion: <class 'utils.loss_SSL.SimSiamLoss'>
03-04 10:07:45 using 1 gpus
03-04 10:07:45 Dataset class: <class 'data_utils.datasets.CWRU.CWRU'>
