02-24 12:09:20 model_name: SSF
02-24 12:09:20 data_name: PU
02-24 12:09:20 aug_1: normal
02-24 12:09:20 aug_2: randomcrop
02-24 12:09:20 max_epoch: 20
02-24 12:09:20 classifier_epoch: 50
02-24 12:09:20 data_view: TwoViewDataset
02-24 12:09:20 cuda_device: 0
02-24 12:09:20 checkpoint_dir: ./checkpoint
02-24 12:09:20 batch_size: 32
02-24 12:09:20 data_dir: raw_data/PU
02-24 12:09:20 out_channel: 3
02-24 12:09:20 normlizetype: minus_one_one
02-24 12:09:20 processing_type: RA
02-24 12:09:20 opt: sgd
02-24 12:09:20 lr: 0.01
02-24 12:09:20 momentum: 0.9
02-24 12:09:20 weight_decay: 1e-05
02-24 12:09:20 lr_scheduler: cos
02-24 12:09:20 gamma: 0.1
02-24 12:09:20 eta_min: 1e-05
02-24 12:09:20 latent_space: 256
02-24 12:09:20 task: self_supervised
02-24 12:09:20 critetion: <class 'utils.loss_SSL.SimSiamLoss'>
02-24 12:09:20 using 1 gpus
02-24 12:09:20 Dataset class: <class 'data_utils.datasets.PU.PU'>
02-24 12:09:20 Split sizes: train=10504 val=1125 test=2252, classier=1126
02-24 12:09:21 Label counts train: Counter({2: 3504, 1: 3500, 0: 3500})
02-24 12:09:21 Label counts val:   Counter({0: 375, 2: 375, 1: 375})
02-24 12:09:21 Label counts test:  Counter({2: 751, 0: 751, 1: 750})
02-24 12:09:21 Label counts classifier:  Counter({2: 376, 0: 375, 1: 375})
02-24 12:09:23 Loaded best checkpoint from ./checkpoint/SSF_PU_0224-115856/best_pt (val_loss=-0.9542445305718316)
02-24 12:09:24 [LP epoch 00] train_loss=1.0650 train_acc=0.4343 | val_loss=1139.9078 val_acc=0.5396 | 
02-24 12:09:24 [LP epoch 01] train_loss=0.9726 train_acc=0.5560 | val_loss=1080.6531 val_acc=0.5564 | 
02-24 12:09:25 [LP epoch 02] train_loss=0.9322 train_acc=0.5746 | val_loss=1043.0169 val_acc=0.5804 | 
02-24 12:09:26 [LP epoch 03] train_loss=0.9063 train_acc=0.5897 | val_loss=1015.1024 val_acc=0.6009 | 
02-24 12:09:26 [LP epoch 04] train_loss=0.8870 train_acc=0.6039 | val_loss=993.0824 val_acc=0.6124 | 
02-24 12:09:27 [LP epoch 05] train_loss=0.8715 train_acc=0.6128 | val_loss=974.7698 val_acc=0.6240 | 
02-24 12:09:28 [LP epoch 06] train_loss=0.8584 train_acc=0.6270 | val_loss=958.9441 val_acc=0.6409 | 
02-24 12:09:28 [LP epoch 07] train_loss=0.8469 train_acc=0.6359 | val_loss=944.9149 val_acc=0.6489 | 
02-24 12:09:29 [LP epoch 08] train_loss=0.8366 train_acc=0.6359 | val_loss=932.2714 val_acc=0.6551 | 
02-24 12:09:30 [LP epoch 09] train_loss=0.8273 train_acc=0.6448 | val_loss=920.7519 val_acc=0.6587 | 
02-24 12:09:30 [LP epoch 10] train_loss=0.8188 train_acc=0.6492 | val_loss=910.1775 val_acc=0.6640 | 
02-24 12:09:31 [LP epoch 11] train_loss=0.8110 train_acc=0.6545 | val_loss=900.4182 val_acc=0.6684 | 
02-24 12:09:32 [LP epoch 12] train_loss=0.8038 train_acc=0.6572 | val_loss=891.3736 val_acc=0.6711 | 
02-24 12:09:32 [LP epoch 13] train_loss=0.7971 train_acc=0.6519 | val_loss=882.9634 val_acc=0.6756 | 
02-24 12:09:33 [LP epoch 14] train_loss=0.7909 train_acc=0.6536 | val_loss=875.1208 val_acc=0.6782 | 
02-24 12:09:34 [LP epoch 15] train_loss=0.7851 train_acc=0.6572 | val_loss=867.7892 val_acc=0.6782 | 
02-24 12:09:34 [LP epoch 16] train_loss=0.7796 train_acc=0.6599 | val_loss=860.9197 val_acc=0.6827 | 
02-24 12:09:35 [LP epoch 17] train_loss=0.7745 train_acc=0.6607 | val_loss=854.4696 val_acc=0.6853 | 
02-24 12:09:36 [LP epoch 18] train_loss=0.7697 train_acc=0.6599 | val_loss=848.4012 val_acc=0.6880 | 
02-24 12:09:36 [LP epoch 19] train_loss=0.7651 train_acc=0.6643 | val_loss=842.6810 val_acc=0.6871 | 
02-24 12:09:37 [LP epoch 20] train_loss=0.7608 train_acc=0.6696 | val_loss=837.2794 val_acc=0.6871 | 
02-24 12:09:38 [LP epoch 21] train_loss=0.7568 train_acc=0.6705 | val_loss=832.1697 val_acc=0.6880 | 
02-24 12:09:38 [LP epoch 22] train_loss=0.7529 train_acc=0.6741 | val_loss=827.3281 val_acc=0.6871 | 
02-24 12:09:39 [LP epoch 23] train_loss=0.7492 train_acc=0.6750 | val_loss=822.7332 val_acc=0.6880 | 
02-24 12:09:40 [LP epoch 24] train_loss=0.7458 train_acc=0.6758 | val_loss=818.3656 val_acc=0.6880 | 
02-24 12:09:40 [LP epoch 25] train_loss=0.7424 train_acc=0.6776 | val_loss=814.2081 val_acc=0.6898 | 
02-24 12:09:41 [LP epoch 26] train_loss=0.7393 train_acc=0.6767 | val_loss=810.2450 val_acc=0.6916 | 
02-24 12:09:42 [LP epoch 27] train_loss=0.7362 train_acc=0.6812 | val_loss=806.4619 val_acc=0.6924 | 
02-24 12:09:42 [LP epoch 28] train_loss=0.7333 train_acc=0.6812 | val_loss=802.8461 val_acc=0.6924 | 
02-24 12:09:43 [LP epoch 29] train_loss=0.7305 train_acc=0.6803 | val_loss=799.3857 val_acc=0.6933 | 
02-24 12:09:44 [LP epoch 30] train_loss=0.7279 train_acc=0.6785 | val_loss=796.0701 val_acc=0.6942 | 
02-24 12:09:44 [LP epoch 31] train_loss=0.7253 train_acc=0.6794 | val_loss=792.8897 val_acc=0.6951 | 
02-24 12:09:45 [LP epoch 32] train_loss=0.7228 train_acc=0.6821 | val_loss=789.8355 val_acc=0.6969 | 
02-24 12:09:46 [LP epoch 33] train_loss=0.7204 train_acc=0.6821 | val_loss=786.8994 val_acc=0.6987 | 
02-24 12:09:46 [LP epoch 34] train_loss=0.7181 train_acc=0.6856 | val_loss=784.0739 val_acc=0.6987 | 
02-24 12:09:47 [LP epoch 35] train_loss=0.7159 train_acc=0.6856 | val_loss=781.3523 val_acc=0.6996 | 
02-24 12:09:48 [LP epoch 36] train_loss=0.7138 train_acc=0.6856 | val_loss=778.7282 val_acc=0.7013 | 
02-24 12:09:48 [LP epoch 37] train_loss=0.7117 train_acc=0.6883 | val_loss=776.1958 val_acc=0.7040 | 
02-24 12:09:49 [LP epoch 38] train_loss=0.7097 train_acc=0.6901 | val_loss=773.7499 val_acc=0.7040 | 
02-24 12:09:50 [LP epoch 39] train_loss=0.7077 train_acc=0.6901 | val_loss=771.3855 val_acc=0.7058 | 
02-24 12:09:50 [LP epoch 40] train_loss=0.7058 train_acc=0.6909 | val_loss=769.0981 val_acc=0.7058 | 
02-24 12:09:51 [LP epoch 41] train_loss=0.7040 train_acc=0.6936 | val_loss=766.8833 val_acc=0.7067 | 
02-24 12:09:51 [LP epoch 42] train_loss=0.7022 train_acc=0.6936 | val_loss=764.7374 val_acc=0.7058 | 
02-24 12:09:52 [LP epoch 43] train_loss=0.7005 train_acc=0.6936 | val_loss=762.6566 val_acc=0.7067 | 
02-24 12:09:53 [LP epoch 44] train_loss=0.6988 train_acc=0.6954 | val_loss=760.6376 val_acc=0.7093 | 
02-24 12:09:53 [LP epoch 45] train_loss=0.6971 train_acc=0.6954 | val_loss=758.6773 val_acc=0.7093 | 
02-24 12:09:54 [LP epoch 46] train_loss=0.6955 train_acc=0.6963 | val_loss=756.7727 val_acc=0.7093 | 
02-24 12:09:55 [LP epoch 47] train_loss=0.6940 train_acc=0.6954 | val_loss=754.9210 val_acc=0.7120 | 
02-24 12:09:55 [LP epoch 48] train_loss=0.6924 train_acc=0.6954 | val_loss=753.1197 val_acc=0.7138 | 
02-24 12:09:56 [LP epoch 49] train_loss=0.6909 train_acc=0.6945 | val_loss=751.3665 val_acc=0.7138 | 
02-24 12:09:56 Saved linear-probe checkpoint: ./checkpoint\SSF_PU_0224-120920\linear_probe_best.pt (best_val_acc=0.7138)
02-24 12:09:56 TEST linear-probe: loss=0.7085 acc=0.6940
