02-24 10:22:21 model_name: SSF
02-24 10:22:21 data_name: JNU
02-24 10:22:21 aug_1: normal
02-24 10:22:21 aug_2: randomcrop
02-24 10:22:21 max_epoch: 20
02-24 10:22:21 classifier_epoch: 50
02-24 10:22:21 data_view: TwoViewDataset
02-24 10:22:21 cuda_device: 0
02-24 10:22:21 checkpoint_dir: ./checkpoint
02-24 10:22:21 batch_size: 32
02-24 10:22:21 data_dir: raw_data/JNU/JNU-Bearing-Dataset-main
02-24 10:22:21 out_channel: 12
02-24 10:22:21 normlizetype: minus_one_one
02-24 10:22:21 processing_type: RA
02-24 10:22:21 opt: sgd
02-24 10:22:21 lr: 0.01
02-24 10:22:21 momentum: 0.9
02-24 10:22:21 weight_decay: 1e-05
02-24 10:22:21 lr_scheduler: cos
02-24 10:22:21 gamma: 0.1
02-24 10:22:21 eta_min: 1e-05
02-24 10:22:21 latent_space: 256
02-24 10:22:21 task: self_supervised
02-24 10:22:21 critetion: <class 'utils.loss_SSL.SimSiamLoss'>
02-24 10:22:21 using 1 gpus
02-24 10:22:21 Dataset class: <class 'data_utils.datasets.JNU.JNU'>
02-24 10:22:22 Split sizes: train=6153 val=659 test=1319, classier=659
02-24 10:22:22 Label counts train: Counter({1: 1026, 5: 1026, 9: 1026, 10: 342, 7: 342, 2: 342, 11: 342, 3: 342, 0: 342, 6: 341, 8: 341, 4: 341})
02-24 10:22:22 Label counts val:   Counter({1: 110, 5: 110, 9: 110, 8: 37, 11: 37, 0: 37, 4: 37, 2: 37, 7: 36, 10: 36, 3: 36, 6: 36})
02-24 10:22:23 Label counts test:  Counter({1: 220, 9: 220, 5: 220, 8: 74, 6: 74, 3: 73, 0: 73, 2: 73, 11: 73, 10: 73, 4: 73, 7: 73})
02-24 10:22:23 Label counts classifier:  Counter({9: 110, 1: 110, 5: 110, 4: 37, 3: 37, 6: 37, 7: 37, 10: 37, 11: 36, 0: 36, 2: 36, 8: 36})
02-24 10:22:24 -----Epoch 0/19-----
02-24 10:22:30 current lr: 0.01
02-24 10:22:30 Saved best checkpoint to ./checkpoint\SSF_JNU_0224-102221\best_pt (val_loss=-0.6625)
02-24 10:22:30 Epoch 000 Train loss -0.3907 | Val loss -0.6625
02-24 10:22:30 -----Epoch 1/19-----
02-24 10:22:34 current lr: 0.0099385
02-24 10:22:34 Saved best checkpoint to ./checkpoint\SSF_JNU_0224-102221\best_pt (val_loss=-0.8349)
02-24 10:22:34 Epoch 001 Train loss -0.7764 | Val loss -0.8349
02-24 10:22:34 -----Epoch 2/19-----
02-24 10:22:39 current lr: 0.00975553
02-24 10:22:39 Saved best checkpoint to ./checkpoint\SSF_JNU_0224-102221\best_pt (val_loss=-0.8808)
02-24 10:22:39 Epoch 002 Train loss -0.8677 | Val loss -0.8808
02-24 10:22:39 -----Epoch 3/19-----
02-24 10:22:43 current lr: 0.00945558
02-24 10:22:43 Saved best checkpoint to ./checkpoint\SSF_JNU_0224-102221\best_pt (val_loss=-0.8983)
02-24 10:22:43 Epoch 003 Train loss -0.8967 | Val loss -0.8983
02-24 10:22:43 -----Epoch 4/19-----
02-24 10:22:47 current lr: 0.00904604
02-24 10:22:47 Saved best checkpoint to ./checkpoint\SSF_JNU_0224-102221\best_pt (val_loss=-0.9058)
02-24 10:22:47 Epoch 004 Train loss -0.9083 | Val loss -0.9058
02-24 10:22:47 -----Epoch 5/19-----
02-24 10:22:52 current lr: 0.008537
02-24 10:22:52 Saved best checkpoint to ./checkpoint\SSF_JNU_0224-102221\best_pt (val_loss=-0.9097)
02-24 10:22:52 Epoch 005 Train loss -0.9136 | Val loss -0.9097
02-24 10:22:52 -----Epoch 6/19-----
02-24 10:22:57 current lr: 0.00794099
02-24 10:22:57 Saved best checkpoint to ./checkpoint\SSF_JNU_0224-102221\best_pt (val_loss=-0.9126)
02-24 10:22:57 Epoch 006 Train loss -0.9167 | Val loss -0.9126
02-24 10:22:57 -----Epoch 7/19-----
02-24 10:23:01 current lr: 0.00727268
02-24 10:23:01 Saved best checkpoint to ./checkpoint\SSF_JNU_0224-102221\best_pt (val_loss=-0.9153)
02-24 10:23:01 Epoch 007 Train loss -0.9192 | Val loss -0.9153
02-24 10:23:01 -----Epoch 8/19-----
02-24 10:23:05 current lr: 0.00654854
02-24 10:23:05 Saved best checkpoint to ./checkpoint\SSF_JNU_0224-102221\best_pt (val_loss=-0.9180)
02-24 10:23:05 Epoch 008 Train loss -0.9218 | Val loss -0.9180
02-24 10:23:05 -----Epoch 9/19-----
02-24 10:23:09 current lr: 0.00578639
02-24 10:23:09 Saved best checkpoint to ./checkpoint\SSF_JNU_0224-102221\best_pt (val_loss=-0.9203)
02-24 10:23:09 Epoch 009 Train loss -0.9240 | Val loss -0.9203
02-24 10:23:09 -----Epoch 10/19-----
02-24 10:23:14 current lr: 0.005005
02-24 10:23:14 Saved best checkpoint to ./checkpoint\SSF_JNU_0224-102221\best_pt (val_loss=-0.9224)
02-24 10:23:14 Epoch 010 Train loss -0.9261 | Val loss -0.9224
02-24 10:23:14 -----Epoch 11/19-----
02-24 10:23:19 current lr: 0.00422361
02-24 10:23:19 Saved best checkpoint to ./checkpoint\SSF_JNU_0224-102221\best_pt (val_loss=-0.9245)
02-24 10:23:19 Epoch 011 Train loss -0.9281 | Val loss -0.9245
02-24 10:23:19 -----Epoch 12/19-----
02-24 10:23:24 current lr: 0.00346146
02-24 10:23:24 Saved best checkpoint to ./checkpoint\SSF_JNU_0224-102221\best_pt (val_loss=-0.9261)
02-24 10:23:24 Epoch 012 Train loss -0.9299 | Val loss -0.9261
02-24 10:23:24 -----Epoch 13/19-----
02-24 10:23:28 current lr: 0.00273732
02-24 10:23:29 Saved best checkpoint to ./checkpoint\SSF_JNU_0224-102221\best_pt (val_loss=-0.9275)
02-24 10:23:29 Epoch 013 Train loss -0.9314 | Val loss -0.9275
02-24 10:23:29 -----Epoch 14/19-----
02-24 10:23:33 current lr: 0.00206901
02-24 10:23:33 Saved best checkpoint to ./checkpoint\SSF_JNU_0224-102221\best_pt (val_loss=-0.9286)
02-24 10:23:33 Epoch 014 Train loss -0.9326 | Val loss -0.9286
02-24 10:23:33 -----Epoch 15/19-----
02-24 10:23:37 current lr: 0.001473
02-24 10:23:37 Saved best checkpoint to ./checkpoint\SSF_JNU_0224-102221\best_pt (val_loss=-0.9293)
02-24 10:23:37 Epoch 015 Train loss -0.9334 | Val loss -0.9293
02-24 10:23:37 -----Epoch 16/19-----
02-24 10:23:42 current lr: 0.00096396
02-24 10:23:42 Saved best checkpoint to ./checkpoint\SSF_JNU_0224-102221\best_pt (val_loss=-0.9298)
02-24 10:23:42 Epoch 016 Train loss -0.9340 | Val loss -0.9298
02-24 10:23:42 -----Epoch 17/19-----
02-24 10:23:47 current lr: 0.000554422
02-24 10:23:47 Saved best checkpoint to ./checkpoint\SSF_JNU_0224-102221\best_pt (val_loss=-0.9301)
02-24 10:23:47 Epoch 017 Train loss -0.9344 | Val loss -0.9301
02-24 10:23:47 -----Epoch 18/19-----
02-24 10:23:52 current lr: 0.000254473
02-24 10:23:52 Saved best checkpoint to ./checkpoint\SSF_JNU_0224-102221\best_pt (val_loss=-0.9302)
02-24 10:23:52 Epoch 018 Train loss -0.9346 | Val loss -0.9302
02-24 10:23:52 -----Epoch 19/19-----
02-24 10:23:56 current lr: 7.14967e-05
02-24 10:23:56 Saved best checkpoint to ./checkpoint\SSF_JNU_0224-102221\best_pt (val_loss=-0.9302)
02-24 10:23:56 Epoch 019 Train loss -0.9347 | Val loss -0.9302
02-24 10:23:57 TEST (last): loss -0.9319
