04-21 15:03:49 ================================================================================
04-21 15:03:49 RUN: aug=('scale', 'scale') hidden=32 latent=256 blocks=8 seed=0
04-21 15:03:49 model_name: SSF
04-21 15:03:49 data_name: PU
04-21 15:03:49 aug_1: scale
04-21 15:03:49 aug_2: scale
04-21 15:03:49 data_view: TwoViewDataset
04-21 15:03:49 data_dir: raw_data/PU
04-21 15:03:49 out_channel: 6
04-21 15:03:49 normlizetype: mean_std
04-21 15:03:49 processing_type: O_N
04-21 15:03:49 max_epoch: 50
04-21 15:03:49 classifier_epoch: 50
04-21 15:03:49 batch_size: 64
04-21 15:03:49 cuda_device: 0
04-21 15:03:49 checkpoint_dir: ./checkpoint
04-21 15:03:49 opt: sgd
04-21 15:03:49 lr: 0.05
04-21 15:03:49 momentum: 0.9
04-21 15:03:49 weight_decay: 0.0001
04-21 15:03:49 lr_scheduler: cos
04-21 15:03:49 gamma: 0.95
04-21 15:03:49 eta_min: 1e-05
04-21 15:03:49 latent_space: 256
04-21 15:03:49 num_blocks_ssf: 8
04-21 15:03:49 hidden_channel: 32
04-21 15:03:49 per_class_samples: 100
04-21 15:03:49 classifier_samples: 10
04-21 15:03:49 task: self_supervised
04-21 15:03:49 critetion: <class 'utils.loss_SSL.SimSiamLoss'>
04-21 15:03:49 using 1 gpus
04-21 15:03:49 Dataset class: <class 'data_utils.datasets.PU.PU'>
04-21 15:03:50 Split sizes: train=100 val=100 test=600, classier=60
04-21 15:03:50 Label counts train: Counter({0: 100})
04-21 15:03:50 Label counts val:   Counter({0: 100})
04-21 15:03:50 Label counts test:  Counter({0: 100, 2: 100, 5: 100, 1: 100, 3: 100, 4: 100})
04-21 15:03:50 Label counts classifier:  Counter({1: 10, 0: 10, 2: 10, 4: 10, 3: 10, 5: 10})
04-21 15:03:50 Label counts classifier validation:  Counter({2: 10, 0: 10, 3: 10, 5: 10, 1: 10, 4: 10})
04-21 15:03:52 -----Epoch 0/49-----
04-21 15:03:53 current lr: 0.05
04-21 15:03:53 Saved best checkpoint to ./checkpoint\SSF_PU_0421-150349\best_pt (val_loss=-0.1579)
04-21 15:03:53 Epoch 000 Train loss -0.0446 | Val loss -0.1579
04-21 15:03:53 -----Epoch 1/49-----
04-21 15:03:53 current lr: 0.0499507
04-21 15:03:53 Saved best checkpoint to ./checkpoint\SSF_PU_0421-150349\best_pt (val_loss=-0.4123)
04-21 15:03:53 Epoch 001 Train loss -0.4161 | Val loss -0.4123
04-21 15:03:53 -----Epoch 2/49-----
04-21 15:03:53 current lr: 0.0498029
04-21 15:03:53 Saved best checkpoint to ./checkpoint\SSF_PU_0421-150349\best_pt (val_loss=-0.5307)
04-21 15:03:53 Epoch 002 Train loss -0.7858 | Val loss -0.5307
04-21 15:03:53 -----Epoch 3/49-----
04-21 15:03:53 current lr: 0.0495573
04-21 15:03:53 Saved best checkpoint to ./checkpoint\SSF_PU_0421-150349\best_pt (val_loss=-0.5895)
04-21 15:03:53 Epoch 003 Train loss -0.9250 | Val loss -0.5895
04-21 15:03:53 -----Epoch 4/49-----
04-21 15:03:53 current lr: 0.0492147
04-21 15:03:53 Saved best checkpoint to ./checkpoint\SSF_PU_0421-150349\best_pt (val_loss=-0.6542)
04-21 15:03:53 Epoch 004 Train loss -0.9630 | Val loss -0.6542
04-21 15:03:53 -----Epoch 5/49-----
04-21 15:03:53 current lr: 0.0487767
04-21 15:03:54 Saved best checkpoint to ./checkpoint\SSF_PU_0421-150349\best_pt (val_loss=-0.7441)
04-21 15:03:54 Epoch 005 Train loss -0.9730 | Val loss -0.7441
04-21 15:03:54 -----Epoch 6/49-----
04-21 15:03:54 current lr: 0.0482448
04-21 15:03:54 Saved best checkpoint to ./checkpoint\SSF_PU_0421-150349\best_pt (val_loss=-0.8404)
04-21 15:03:54 Epoch 006 Train loss -0.9759 | Val loss -0.8404
04-21 15:03:54 -----Epoch 7/49-----
04-21 15:03:54 current lr: 0.0476212
04-21 15:03:54 Saved best checkpoint to ./checkpoint\SSF_PU_0421-150349\best_pt (val_loss=-0.9113)
04-21 15:03:54 Epoch 007 Train loss -0.9765 | Val loss -0.9113
04-21 15:03:54 -----Epoch 8/49-----
04-21 15:03:54 current lr: 0.0469083
04-21 15:03:54 Saved best checkpoint to ./checkpoint\SSF_PU_0421-150349\best_pt (val_loss=-0.9504)
04-21 15:03:54 Epoch 008 Train loss -0.9769 | Val loss -0.9504
04-21 15:03:54 -----Epoch 9/49-----
04-21 15:03:54 current lr: 0.046109
04-21 15:03:54 Saved best checkpoint to ./checkpoint\SSF_PU_0421-150349\best_pt (val_loss=-0.9676)
04-21 15:03:54 Epoch 009 Train loss -0.9776 | Val loss -0.9676
04-21 15:03:54 -----Epoch 10/49-----
04-21 15:03:54 current lr: 0.0452264
04-21 15:03:54 Saved best checkpoint to ./checkpoint\SSF_PU_0421-150349\best_pt (val_loss=-0.9750)
04-21 15:03:54 Epoch 010 Train loss -0.9787 | Val loss -0.9750
04-21 15:03:54 -----Epoch 11/49-----
04-21 15:03:54 current lr: 0.044264
04-21 15:03:54 Saved best checkpoint to ./checkpoint\SSF_PU_0421-150349\best_pt (val_loss=-0.9785)
04-21 15:03:54 Epoch 011 Train loss -0.9798 | Val loss -0.9785
04-21 15:03:54 -----Epoch 12/49-----
04-21 15:03:54 current lr: 0.0432256
04-21 15:03:54 Saved best checkpoint to ./checkpoint\SSF_PU_0421-150349\best_pt (val_loss=-0.9806)
04-21 15:03:54 Epoch 012 Train loss -0.9811 | Val loss -0.9806
04-21 15:03:54 -----Epoch 13/49-----
04-21 15:03:55 current lr: 0.0421153
04-21 15:03:55 Saved best checkpoint to ./checkpoint\SSF_PU_0421-150349\best_pt (val_loss=-0.9820)
04-21 15:03:55 Epoch 013 Train loss -0.9824 | Val loss -0.9820
04-21 15:03:55 -----Epoch 14/49-----
04-21 15:03:55 current lr: 0.0409374
04-21 15:03:55 Saved best checkpoint to ./checkpoint\SSF_PU_0421-150349\best_pt (val_loss=-0.9833)
04-21 15:03:55 Epoch 014 Train loss -0.9838 | Val loss -0.9833
04-21 15:03:55 -----Epoch 15/49-----
04-21 15:03:55 current lr: 0.0396967
04-21 15:03:55 Saved best checkpoint to ./checkpoint\SSF_PU_0421-150349\best_pt (val_loss=-0.9844)
04-21 15:03:55 Epoch 015 Train loss -0.9850 | Val loss -0.9844
04-21 15:03:55 -----Epoch 16/49-----
04-21 15:03:55 current lr: 0.038398
04-21 15:03:55 Saved best checkpoint to ./checkpoint\SSF_PU_0421-150349\best_pt (val_loss=-0.9854)
04-21 15:03:55 Epoch 016 Train loss -0.9861 | Val loss -0.9854
04-21 15:03:55 -----Epoch 17/49-----
04-21 15:03:55 current lr: 0.0370464
04-21 15:03:55 Saved best checkpoint to ./checkpoint\SSF_PU_0421-150349\best_pt (val_loss=-0.9863)
04-21 15:03:55 Epoch 017 Train loss -0.9870 | Val loss -0.9863
04-21 15:03:55 -----Epoch 18/49-----
04-21 15:03:55 current lr: 0.0356474
04-21 15:03:55 Saved best checkpoint to ./checkpoint\SSF_PU_0421-150349\best_pt (val_loss=-0.9871)
04-21 15:03:55 Epoch 018 Train loss -0.9878 | Val loss -0.9871
04-21 15:03:55 -----Epoch 19/49-----
04-21 15:03:55 current lr: 0.0342063
04-21 15:03:55 Saved best checkpoint to ./checkpoint\SSF_PU_0421-150349\best_pt (val_loss=-0.9879)
04-21 15:03:56 Epoch 019 Train loss -0.9886 | Val loss -0.9879
04-21 15:03:56 -----Epoch 20/49-----
04-21 15:03:56 current lr: 0.0327289
04-21 15:03:56 Saved best checkpoint to ./checkpoint\SSF_PU_0421-150349\best_pt (val_loss=-0.9886)
04-21 15:03:56 Epoch 020 Train loss -0.9892 | Val loss -0.9886
04-21 15:03:56 -----Epoch 21/49-----
04-21 15:03:56 current lr: 0.031221
04-21 15:03:56 Saved best checkpoint to ./checkpoint\SSF_PU_0421-150349\best_pt (val_loss=-0.9891)
04-21 15:03:56 Epoch 021 Train loss -0.9897 | Val loss -0.9891
04-21 15:03:56 -----Epoch 22/49-----
04-21 15:03:56 current lr: 0.0296886
04-21 15:03:56 Saved best checkpoint to ./checkpoint\SSF_PU_0421-150349\best_pt (val_loss=-0.9895)
04-21 15:03:56 Epoch 022 Train loss -0.9902 | Val loss -0.9895
04-21 15:03:56 -----Epoch 23/49-----
04-21 15:03:56 current lr: 0.0281377
04-21 15:03:56 Saved best checkpoint to ./checkpoint\SSF_PU_0421-150349\best_pt (val_loss=-0.9899)
04-21 15:03:56 Epoch 023 Train loss -0.9907 | Val loss -0.9899
04-21 15:03:56 -----Epoch 24/49-----
04-21 15:03:56 current lr: 0.0265744
04-21 15:03:56 Saved best checkpoint to ./checkpoint\SSF_PU_0421-150349\best_pt (val_loss=-0.9903)
04-21 15:03:56 Epoch 024 Train loss -0.9909 | Val loss -0.9903
04-21 15:03:56 -----Epoch 25/49-----
04-21 15:03:56 current lr: 0.025005
04-21 15:03:56 Saved best checkpoint to ./checkpoint\SSF_PU_0421-150349\best_pt (val_loss=-0.9905)
04-21 15:03:56 Epoch 025 Train loss -0.9911 | Val loss -0.9905
04-21 15:03:56 -----Epoch 26/49-----
04-21 15:03:56 current lr: 0.0234356
04-21 15:03:56 Saved best checkpoint to ./checkpoint\SSF_PU_0421-150349\best_pt (val_loss=-0.9908)
04-21 15:03:56 Epoch 026 Train loss -0.9915 | Val loss -0.9908
04-21 15:03:56 -----Epoch 27/49-----
04-21 15:03:57 current lr: 0.0218723
04-21 15:03:57 Saved best checkpoint to ./checkpoint\SSF_PU_0421-150349\best_pt (val_loss=-0.9910)
04-21 15:03:57 Epoch 027 Train loss -0.9916 | Val loss -0.9910
04-21 15:03:57 -----Epoch 28/49-----
04-21 15:03:57 current lr: 0.0203214
04-21 15:03:57 Saved best checkpoint to ./checkpoint\SSF_PU_0421-150349\best_pt (val_loss=-0.9912)
04-21 15:03:57 Epoch 028 Train loss -0.9918 | Val loss -0.9912
04-21 15:03:57 -----Epoch 29/49-----
04-21 15:03:57 current lr: 0.018789
04-21 15:03:57 Saved best checkpoint to ./checkpoint\SSF_PU_0421-150349\best_pt (val_loss=-0.9913)
04-21 15:03:57 Epoch 029 Train loss -0.9919 | Val loss -0.9913
04-21 15:03:57 -----Epoch 30/49-----
04-21 15:03:57 current lr: 0.0172811
04-21 15:03:57 Saved best checkpoint to ./checkpoint\SSF_PU_0421-150349\best_pt (val_loss=-0.9915)
04-21 15:03:57 Epoch 030 Train loss -0.9921 | Val loss -0.9915
04-21 15:03:57 -----Epoch 31/49-----
04-21 15:03:57 current lr: 0.0158037
04-21 15:03:57 Saved best checkpoint to ./checkpoint\SSF_PU_0421-150349\best_pt (val_loss=-0.9916)
04-21 15:03:57 Epoch 031 Train loss -0.9923 | Val loss -0.9916
04-21 15:03:57 -----Epoch 32/49-----
04-21 15:03:57 current lr: 0.0143626
04-21 15:03:57 Saved best checkpoint to ./checkpoint\SSF_PU_0421-150349\best_pt (val_loss=-0.9917)
04-21 15:03:57 Epoch 032 Train loss -0.9923 | Val loss -0.9917
04-21 15:03:57 -----Epoch 33/49-----
04-21 15:03:57 current lr: 0.0129636
04-21 15:03:57 Saved best checkpoint to ./checkpoint\SSF_PU_0421-150349\best_pt (val_loss=-0.9918)
04-21 15:03:57 Epoch 033 Train loss -0.9925 | Val loss -0.9918
04-21 15:03:57 -----Epoch 34/49-----
04-21 15:03:57 current lr: 0.011612
04-21 15:03:58 Saved best checkpoint to ./checkpoint\SSF_PU_0421-150349\best_pt (val_loss=-0.9918)
04-21 15:03:58 Epoch 034 Train loss -0.9925 | Val loss -0.9918
04-21 15:03:58 -----Epoch 35/49-----
04-21 15:03:58 current lr: 0.0103133
04-21 15:03:58 Saved best checkpoint to ./checkpoint\SSF_PU_0421-150349\best_pt (val_loss=-0.9919)
04-21 15:03:58 Epoch 035 Train loss -0.9926 | Val loss -0.9919
04-21 15:03:58 -----Epoch 36/49-----
04-21 15:03:58 current lr: 0.00907259
04-21 15:03:58 Saved best checkpoint to ./checkpoint\SSF_PU_0421-150349\best_pt (val_loss=-0.9919)
04-21 15:03:58 Epoch 036 Train loss -0.9926 | Val loss -0.9919
04-21 15:03:58 -----Epoch 37/49-----
04-21 15:03:58 current lr: 0.00789475
04-21 15:03:58 Saved best checkpoint to ./checkpoint\SSF_PU_0421-150349\best_pt (val_loss=-0.9920)
04-21 15:03:58 Epoch 037 Train loss -0.9926 | Val loss -0.9920
04-21 15:03:58 -----Epoch 38/49-----
04-21 15:03:58 current lr: 0.00678443
04-21 15:03:58 Saved best checkpoint to ./checkpoint\SSF_PU_0421-150349\best_pt (val_loss=-0.9920)
04-21 15:03:58 Epoch 038 Train loss -0.9927 | Val loss -0.9920
04-21 15:03:58 -----Epoch 39/49-----
04-21 15:03:58 current lr: 0.00574602
04-21 15:03:58 Saved best checkpoint to ./checkpoint\SSF_PU_0421-150349\best_pt (val_loss=-0.9920)
04-21 15:03:58 Epoch 039 Train loss -0.9928 | Val loss -0.9920
04-21 15:03:58 -----Epoch 40/49-----
04-21 15:03:58 current lr: 0.00478362
04-21 15:03:58 Saved best checkpoint to ./checkpoint\SSF_PU_0421-150349\best_pt (val_loss=-0.9921)
04-21 15:03:58 Epoch 040 Train loss -0.9927 | Val loss -0.9921
04-21 15:03:58 -----Epoch 41/49-----
04-21 15:03:58 current lr: 0.00390102
04-21 15:03:59 Saved best checkpoint to ./checkpoint\SSF_PU_0421-150349\best_pt (val_loss=-0.9921)
04-21 15:03:59 Epoch 041 Train loss -0.9928 | Val loss -0.9921
04-21 15:03:59 -----Epoch 42/49-----
04-21 15:03:59 current lr: 0.00310171
04-21 15:03:59 Saved best checkpoint to ./checkpoint\SSF_PU_0421-150349\best_pt (val_loss=-0.9921)
04-21 15:03:59 Epoch 042 Train loss -0.9927 | Val loss -0.9921
04-21 15:03:59 -----Epoch 43/49-----
04-21 15:03:59 current lr: 0.00238885
04-21 15:03:59 Saved best checkpoint to ./checkpoint\SSF_PU_0421-150349\best_pt (val_loss=-0.9921)
04-21 15:03:59 Epoch 043 Train loss -0.9927 | Val loss -0.9921
04-21 15:03:59 -----Epoch 44/49-----
04-21 15:03:59 current lr: 0.00176524
04-21 15:03:59 Saved best checkpoint to ./checkpoint\SSF_PU_0421-150349\best_pt (val_loss=-0.9921)
04-21 15:03:59 Epoch 044 Train loss -0.9927 | Val loss -0.9921
04-21 15:03:59 -----Epoch 45/49-----
04-21 15:03:59 current lr: 0.00123334
04-21 15:03:59 Saved best checkpoint to ./checkpoint\SSF_PU_0421-150349\best_pt (val_loss=-0.9921)
04-21 15:03:59 Epoch 045 Train loss -0.9927 | Val loss -0.9921
04-21 15:03:59 -----Epoch 46/49-----
04-21 15:03:59 current lr: 0.000795264
04-21 15:03:59 Saved best checkpoint to ./checkpoint\SSF_PU_0421-150349\best_pt (val_loss=-0.9921)
04-21 15:03:59 Epoch 046 Train loss -0.9929 | Val loss -0.9921
04-21 15:03:59 -----Epoch 47/49-----
04-21 15:03:59 current lr: 0.00045273
04-21 15:03:59 Saved best checkpoint to ./checkpoint\SSF_PU_0421-150349\best_pt (val_loss=-0.9921)
04-21 15:03:59 Epoch 047 Train loss -0.9928 | Val loss -0.9921
04-21 15:03:59 -----Epoch 48/49-----
04-21 15:03:59 current lr: 0.000207093
04-21 15:03:59 Saved best checkpoint to ./checkpoint\SSF_PU_0421-150349\best_pt (val_loss=-0.9921)
04-21 15:03:59 Epoch 048 Train loss -0.9928 | Val loss -0.9921
04-21 15:03:59 -----Epoch 49/49-----
04-21 15:04:00 current lr: 5.93219e-05
04-21 15:04:00 Saved best checkpoint to ./checkpoint\SSF_PU_0421-150349\best_pt (val_loss=-0.9921)
04-21 15:04:00 Epoch 049 Train loss -0.9928 | Val loss -0.9921
04-21 15:04:00 TEST (last): loss -0.9789
04-21 15:04:00 Loaded best checkpoint from ./checkpoint\SSF_PU_0421-150349\best_pt (val_loss=-0.9921381402015687)
04-21 15:04:00 TEST (best): loss -0.9789
04-21 15:04:02 Threshold: 0.6219864026658974
04-21 15:04:02 Binary accuracy: 0.505000
04-21 15:04:02 Confusion matrix:
[[100   0]
 [297 203]]
04-21 15:04:02 Report:
              precision    recall  f1-score   support

      normal       0.25      1.00      0.40       100
     anomaly       1.00      0.41      0.58       500

    accuracy                           0.51       600
   macro avg       0.63      0.70      0.49       600
weighted avg       0.88      0.51      0.55       600

04-21 15:04:02 Rates: {1: 0.0, 2: 0.18, 3: 0.41, 4: 0.75, 5: 0.69}
04-21 15:04:02 [LP epoch 00] train_loss=1.8089 train_acc=0.2333 | val_loss=1.7840 val_acc=0.3333 | 
04-21 15:04:02 [LP epoch 01] train_loss=1.5612 train_acc=0.4333 | val_loss=1.7730 val_acc=0.2667 | 
04-21 15:04:03 [LP epoch 02] train_loss=1.4572 train_acc=0.5000 | val_loss=1.7617 val_acc=0.2833 | 
04-21 15:04:03 [LP epoch 03] train_loss=1.3646 train_acc=0.6000 | val_loss=1.7507 val_acc=0.3500 | 
04-21 15:04:03 [LP epoch 04] train_loss=1.3328 train_acc=0.5833 | val_loss=1.7388 val_acc=0.3833 | 
04-21 15:04:03 [LP epoch 05] train_loss=1.2899 train_acc=0.6333 | val_loss=1.7259 val_acc=0.4167 | 
04-21 15:04:03 [LP epoch 06] train_loss=1.2590 train_acc=0.6833 | val_loss=1.7121 val_acc=0.4000 | 
04-21 15:04:03 [LP epoch 07] train_loss=1.2348 train_acc=0.7500 | val_loss=1.6953 val_acc=0.4000 | 
04-21 15:04:03 [LP epoch 08] train_loss=1.2093 train_acc=0.7667 | val_loss=1.6787 val_acc=0.3833 | 
04-21 15:04:03 [LP epoch 09] train_loss=1.1823 train_acc=0.7833 | val_loss=1.6601 val_acc=0.4167 | 
04-21 15:04:03 [LP epoch 10] train_loss=1.1646 train_acc=0.7833 | val_loss=1.6396 val_acc=0.4333 | 
04-21 15:04:03 [LP epoch 11] train_loss=1.1549 train_acc=0.7833 | val_loss=1.6211 val_acc=0.4167 | 
04-21 15:04:03 [LP epoch 12] train_loss=1.1058 train_acc=0.7500 | val_loss=1.6052 val_acc=0.4167 | 
04-21 15:04:03 [LP epoch 13] train_loss=1.1057 train_acc=0.7500 | val_loss=1.5891 val_acc=0.3833 | 
04-21 15:04:03 [LP epoch 14] train_loss=1.0951 train_acc=0.8167 | val_loss=1.5716 val_acc=0.3833 | 
04-21 15:04:03 [LP epoch 15] train_loss=1.0657 train_acc=0.8167 | val_loss=1.5528 val_acc=0.4167 | 
04-21 15:04:03 [LP epoch 16] train_loss=1.0493 train_acc=0.8333 | val_loss=1.5323 val_acc=0.4167 | 
04-21 15:04:03 [LP epoch 17] train_loss=1.0396 train_acc=0.7833 | val_loss=1.5162 val_acc=0.4167 | 
04-21 15:04:03 [LP epoch 18] train_loss=1.0043 train_acc=0.8167 | val_loss=1.5075 val_acc=0.4333 | 
04-21 15:04:04 [LP epoch 19] train_loss=1.0526 train_acc=0.7667 | val_loss=1.5011 val_acc=0.4333 | 
04-21 15:04:04 [LP epoch 20] train_loss=0.9631 train_acc=0.8833 | val_loss=1.4947 val_acc=0.4500 | 
04-21 15:04:04 [LP epoch 21] train_loss=0.9387 train_acc=0.9000 | val_loss=1.4905 val_acc=0.4500 | 
04-21 15:04:04 [LP epoch 22] train_loss=0.9467 train_acc=0.9333 | val_loss=1.4784 val_acc=0.4500 | 
04-21 15:04:04 [LP epoch 23] train_loss=0.9428 train_acc=0.9333 | val_loss=1.4660 val_acc=0.4500 | 
04-21 15:04:04 [LP epoch 24] train_loss=0.9160 train_acc=0.9333 | val_loss=1.4619 val_acc=0.4667 | 
04-21 15:04:04 [LP epoch 25] train_loss=0.9001 train_acc=0.9167 | val_loss=1.4731 val_acc=0.4667 | 
04-21 15:04:04 [LP epoch 26] train_loss=0.8901 train_acc=0.9500 | val_loss=1.4927 val_acc=0.4667 | 
04-21 15:04:04 [LP epoch 27] train_loss=0.8698 train_acc=0.9333 | val_loss=1.5015 val_acc=0.4667 | 
04-21 15:04:04 [LP epoch 28] train_loss=0.8856 train_acc=0.8833 | val_loss=1.5164 val_acc=0.4667 | 
04-21 15:04:04 [LP epoch 29] train_loss=0.8337 train_acc=0.9500 | val_loss=1.5191 val_acc=0.4667 | 
04-21 15:04:04 [LP epoch 30] train_loss=0.8076 train_acc=0.9667 | val_loss=1.5218 val_acc=0.4500 | 
04-21 15:04:04 [LP epoch 31] train_loss=0.8055 train_acc=0.9333 | val_loss=1.5312 val_acc=0.4500 | 
04-21 15:04:04 [LP epoch 32] train_loss=0.7785 train_acc=0.9667 | val_loss=1.5285 val_acc=0.4500 | 
04-21 15:04:04 [LP epoch 33] train_loss=0.7695 train_acc=0.9500 | val_loss=1.5028 val_acc=0.4500 | 
04-21 15:04:04 [LP epoch 34] train_loss=0.7529 train_acc=0.9667 | val_loss=1.4702 val_acc=0.4500 | 
04-21 15:04:05 [LP epoch 35] train_loss=0.7507 train_acc=0.9667 | val_loss=1.4952 val_acc=0.4500 | 
04-21 15:04:05 [LP epoch 36] train_loss=0.7442 train_acc=0.9667 | val_loss=1.5370 val_acc=0.4500 | 
04-21 15:04:05 [LP epoch 37] train_loss=0.7594 train_acc=0.9667 | val_loss=1.5730 val_acc=0.4833 | 
04-21 15:04:05 [LP epoch 38] train_loss=0.7287 train_acc=0.9667 | val_loss=1.5571 val_acc=0.4667 | 
04-21 15:04:05 [LP epoch 39] train_loss=0.7330 train_acc=0.9500 | val_loss=1.4734 val_acc=0.5000 | 
04-21 15:04:05 [LP epoch 40] train_loss=0.6775 train_acc=0.9833 | val_loss=1.4180 val_acc=0.5500 | 
04-21 15:04:05 [LP epoch 41] train_loss=0.7039 train_acc=0.9833 | val_loss=1.4142 val_acc=0.5333 | 
04-21 15:04:05 [LP epoch 42] train_loss=0.6835 train_acc=0.9833 | val_loss=1.3991 val_acc=0.5333 | 
04-21 15:04:05 [LP epoch 43] train_loss=0.6512 train_acc=0.9833 | val_loss=1.3806 val_acc=0.5333 | 
04-21 15:04:05 [LP epoch 44] train_loss=0.6541 train_acc=0.9833 | val_loss=1.3952 val_acc=0.5333 | 
04-21 15:04:05 [LP epoch 45] train_loss=0.6400 train_acc=0.9833 | val_loss=1.3929 val_acc=0.5333 | 
04-21 15:04:05 [LP epoch 46] train_loss=0.6323 train_acc=0.9833 | val_loss=1.3574 val_acc=0.5667 | 
04-21 15:04:05 [LP epoch 47] train_loss=0.6234 train_acc=1.0000 | val_loss=1.3574 val_acc=0.5833 | 
04-21 15:04:05 [LP epoch 48] train_loss=0.6172 train_acc=1.0000 | val_loss=1.3003 val_acc=0.6333 | 
04-21 15:04:05 [LP epoch 49] train_loss=0.6058 train_acc=1.0000 | val_loss=1.2922 val_acc=0.6333 | 
04-21 15:04:05 Saved linear-probe checkpoint: ./checkpoint\SSF_PU_0421-150349\linear_probe_best.pt (best_val_acc=0.6333)
04-21 15:04:06 TEST linear-probe: loss=1.2287 acc=0.5950
04-21 15:04:06 ================================================================================
04-21 15:04:06 RUN: aug=('scale', 'scale') hidden=32 latent=256 blocks=8 seed=1
04-21 15:04:06 model_name: SSF
04-21 15:04:06 data_name: PU
04-21 15:04:06 aug_1: scale
04-21 15:04:06 aug_2: scale
04-21 15:04:06 data_view: TwoViewDataset
04-21 15:04:06 data_dir: raw_data/PU
04-21 15:04:06 out_channel: 6
04-21 15:04:06 normlizetype: mean_std
04-21 15:04:06 processing_type: O_N
04-21 15:04:06 max_epoch: 50
04-21 15:04:06 classifier_epoch: 50
04-21 15:04:06 batch_size: 64
04-21 15:04:06 cuda_device: 0
04-21 15:04:06 checkpoint_dir: ./checkpoint
04-21 15:04:06 opt: sgd
04-21 15:04:06 lr: 0.05
04-21 15:04:06 momentum: 0.9
04-21 15:04:06 weight_decay: 0.0001
04-21 15:04:06 lr_scheduler: cos
04-21 15:04:06 gamma: 0.95
04-21 15:04:06 eta_min: 1e-05
04-21 15:04:06 latent_space: 256
04-21 15:04:06 num_blocks_ssf: 8
04-21 15:04:06 hidden_channel: 32
04-21 15:04:06 per_class_samples: 100
04-21 15:04:06 classifier_samples: 10
04-21 15:04:06 task: self_supervised
04-21 15:04:06 critetion: <class 'utils.loss_SSL.SimSiamLoss'>
04-21 15:04:06 using 1 gpus
04-21 15:04:06 Dataset class: <class 'data_utils.datasets.PU.PU'>
04-21 15:04:06 Split sizes: train=100 val=100 test=600, classier=60
04-21 15:04:06 Label counts train: Counter({0: 100})
04-21 15:04:06 Label counts val:   Counter({0: 100})
04-21 15:04:07 Label counts test:  Counter({0: 100, 2: 100, 5: 100, 1: 100, 3: 100, 4: 100})
04-21 15:04:07 Label counts classifier:  Counter({1: 10, 5: 10, 3: 10, 4: 10, 0: 10, 2: 10})
04-21 15:04:07 Label counts classifier validation:  Counter({5: 10, 3: 10, 2: 10, 4: 10, 0: 10, 1: 10})
04-21 15:04:07 -----Epoch 0/49-----
04-21 15:04:07 current lr: 0.05
04-21 15:04:07 Saved best checkpoint to ./checkpoint\SSF_PU_0421-150349\best_pt (val_loss=-0.0764)
04-21 15:04:07 Epoch 000 Train loss -0.0794 | Val loss -0.0764
04-21 15:04:07 -----Epoch 1/49-----
04-21 15:04:07 current lr: 0.0499507
04-21 15:04:07 Saved best checkpoint to ./checkpoint\SSF_PU_0421-150349\best_pt (val_loss=-0.3675)
04-21 15:04:07 Epoch 001 Train loss -0.4311 | Val loss -0.3675
04-21 15:04:07 -----Epoch 2/49-----
04-21 15:04:07 current lr: 0.0498029
04-21 15:04:07 Saved best checkpoint to ./checkpoint\SSF_PU_0421-150349\best_pt (val_loss=-0.5205)
04-21 15:04:07 Epoch 002 Train loss -0.7913 | Val loss -0.5205
04-21 15:04:07 -----Epoch 3/49-----
04-21 15:04:07 current lr: 0.0495573
04-21 15:04:07 Saved best checkpoint to ./checkpoint\SSF_PU_0421-150349\best_pt (val_loss=-0.5953)
04-21 15:04:07 Epoch 003 Train loss -0.9294 | Val loss -0.5953
04-21 15:04:07 -----Epoch 4/49-----
04-21 15:04:07 current lr: 0.0492147
04-21 15:04:07 Saved best checkpoint to ./checkpoint\SSF_PU_0421-150349\best_pt (val_loss=-0.6639)
04-21 15:04:07 Epoch 004 Train loss -0.9645 | Val loss -0.6639
04-21 15:04:07 -----Epoch 5/49-----
04-21 15:04:07 current lr: 0.0487767
04-21 15:04:07 Saved best checkpoint to ./checkpoint\SSF_PU_0421-150349\best_pt (val_loss=-0.7550)
04-21 15:04:07 Epoch 005 Train loss -0.9726 | Val loss -0.7550
04-21 15:04:07 -----Epoch 6/49-----
04-21 15:04:07 current lr: 0.0482448
04-21 15:04:07 Saved best checkpoint to ./checkpoint\SSF_PU_0421-150349\best_pt (val_loss=-0.8501)
04-21 15:04:07 Epoch 006 Train loss -0.9740 | Val loss -0.8501
04-21 15:04:07 -----Epoch 7/49-----
04-21 15:04:08 current lr: 0.0476212
04-21 15:04:08 Saved best checkpoint to ./checkpoint\SSF_PU_0421-150349\best_pt (val_loss=-0.9169)
04-21 15:04:08 Epoch 007 Train loss -0.9739 | Val loss -0.9169
04-21 15:04:08 -----Epoch 8/49-----
04-21 15:04:08 current lr: 0.0469083
04-21 15:04:08 Saved best checkpoint to ./checkpoint\SSF_PU_0421-150349\best_pt (val_loss=-0.9512)
04-21 15:04:08 Epoch 008 Train loss -0.9740 | Val loss -0.9512
04-21 15:04:08 -----Epoch 9/49-----
04-21 15:04:08 current lr: 0.046109
04-21 15:04:08 Saved best checkpoint to ./checkpoint\SSF_PU_0421-150349\best_pt (val_loss=-0.9663)
04-21 15:04:08 Epoch 009 Train loss -0.9746 | Val loss -0.9663
04-21 15:04:08 -----Epoch 10/49-----
04-21 15:04:08 current lr: 0.0452264
04-21 15:04:08 Saved best checkpoint to ./checkpoint\SSF_PU_0421-150349\best_pt (val_loss=-0.9728)
04-21 15:04:08 Epoch 010 Train loss -0.9757 | Val loss -0.9728
04-21 15:04:08 -----Epoch 11/49-----
04-21 15:04:08 current lr: 0.044264
04-21 15:04:08 Saved best checkpoint to ./checkpoint\SSF_PU_0421-150349\best_pt (val_loss=-0.9760)
04-21 15:04:08 Epoch 011 Train loss -0.9770 | Val loss -0.9760
04-21 15:04:08 -----Epoch 12/49-----
04-21 15:04:08 current lr: 0.0432256
04-21 15:04:08 Saved best checkpoint to ./checkpoint\SSF_PU_0421-150349\best_pt (val_loss=-0.9781)
04-21 15:04:08 Epoch 012 Train loss -0.9786 | Val loss -0.9781
04-21 15:04:08 -----Epoch 13/49-----
04-21 15:04:08 current lr: 0.0421153
04-21 15:04:08 Saved best checkpoint to ./checkpoint\SSF_PU_0421-150349\best_pt (val_loss=-0.9798)
04-21 15:04:08 Epoch 013 Train loss -0.9801 | Val loss -0.9798
04-21 15:04:08 -----Epoch 14/49-----
04-21 15:04:08 current lr: 0.0409374
04-21 15:04:08 Saved best checkpoint to ./checkpoint\SSF_PU_0421-150349\best_pt (val_loss=-0.9813)
04-21 15:04:08 Epoch 014 Train loss -0.9817 | Val loss -0.9813
04-21 15:04:08 -----Epoch 15/49-----
04-21 15:04:09 current lr: 0.0396967
04-21 15:04:09 Saved best checkpoint to ./checkpoint\SSF_PU_0421-150349\best_pt (val_loss=-0.9827)
04-21 15:04:09 Epoch 015 Train loss -0.9832 | Val loss -0.9827
04-21 15:04:09 -----Epoch 16/49-----
04-21 15:04:09 current lr: 0.038398
04-21 15:04:09 Saved best checkpoint to ./checkpoint\SSF_PU_0421-150349\best_pt (val_loss=-0.9840)
04-21 15:04:09 Epoch 016 Train loss -0.9845 | Val loss -0.9840
04-21 15:04:09 -----Epoch 17/49-----
04-21 15:04:09 current lr: 0.0370464
04-21 15:04:09 Saved best checkpoint to ./checkpoint\SSF_PU_0421-150349\best_pt (val_loss=-0.9850)
04-21 15:04:09 Epoch 017 Train loss -0.9857 | Val loss -0.9850
04-21 15:04:09 -----Epoch 18/49-----
04-21 15:04:09 current lr: 0.0356474
04-21 15:04:09 Saved best checkpoint to ./checkpoint\SSF_PU_0421-150349\best_pt (val_loss=-0.9860)
04-21 15:04:09 Epoch 018 Train loss -0.9866 | Val loss -0.9860
04-21 15:04:09 -----Epoch 19/49-----
04-21 15:04:09 current lr: 0.0342063
04-21 15:04:09 Saved best checkpoint to ./checkpoint\SSF_PU_0421-150349\best_pt (val_loss=-0.9869)
04-21 15:04:09 Epoch 019 Train loss -0.9875 | Val loss -0.9869
04-21 15:04:09 -----Epoch 20/49-----
04-21 15:04:09 current lr: 0.0327289
04-21 15:04:09 Saved best checkpoint to ./checkpoint\SSF_PU_0421-150349\best_pt (val_loss=-0.9876)
04-21 15:04:09 Epoch 020 Train loss -0.9882 | Val loss -0.9876
04-21 15:04:09 -----Epoch 21/49-----
04-21 15:04:09 current lr: 0.031221
04-21 15:04:09 Saved best checkpoint to ./checkpoint\SSF_PU_0421-150349\best_pt (val_loss=-0.9883)
04-21 15:04:09 Epoch 021 Train loss -0.9888 | Val loss -0.9883
04-21 15:04:09 -----Epoch 22/49-----
04-21 15:04:09 current lr: 0.0296886
04-21 15:04:10 Saved best checkpoint to ./checkpoint\SSF_PU_0421-150349\best_pt (val_loss=-0.9888)
04-21 15:04:10 Epoch 022 Train loss -0.9894 | Val loss -0.9888
04-21 15:04:10 -----Epoch 23/49-----
04-21 15:04:10 current lr: 0.0281377
04-21 15:04:10 Saved best checkpoint to ./checkpoint\SSF_PU_0421-150349\best_pt (val_loss=-0.9893)
04-21 15:04:10 Epoch 023 Train loss -0.9898 | Val loss -0.9893
04-21 15:04:10 -----Epoch 24/49-----
04-21 15:04:10 current lr: 0.0265744
04-21 15:04:10 Saved best checkpoint to ./checkpoint\SSF_PU_0421-150349\best_pt (val_loss=-0.9897)
04-21 15:04:10 Epoch 024 Train loss -0.9903 | Val loss -0.9897
04-21 15:04:10 -----Epoch 25/49-----
04-21 15:04:10 current lr: 0.025005
04-21 15:04:10 Saved best checkpoint to ./checkpoint\SSF_PU_0421-150349\best_pt (val_loss=-0.9900)
04-21 15:04:10 Epoch 025 Train loss -0.9906 | Val loss -0.9900
04-21 15:04:10 -----Epoch 26/49-----
04-21 15:04:10 current lr: 0.0234356
04-21 15:04:10 Saved best checkpoint to ./checkpoint\SSF_PU_0421-150349\best_pt (val_loss=-0.9903)
04-21 15:04:10 Epoch 026 Train loss -0.9909 | Val loss -0.9903
04-21 15:04:10 -----Epoch 27/49-----
04-21 15:04:10 current lr: 0.0218723
04-21 15:04:10 Saved best checkpoint to ./checkpoint\SSF_PU_0421-150349\best_pt (val_loss=-0.9906)
04-21 15:04:10 Epoch 027 Train loss -0.9910 | Val loss -0.9906
04-21 15:04:10 -----Epoch 28/49-----
04-21 15:04:10 current lr: 0.0203214
04-21 15:04:11 Saved best checkpoint to ./checkpoint\SSF_PU_0421-150349\best_pt (val_loss=-0.9908)
04-21 15:04:11 Epoch 028 Train loss -0.9913 | Val loss -0.9908
04-21 15:04:11 -----Epoch 29/49-----
04-21 15:04:11 current lr: 0.018789
04-21 15:04:11 Saved best checkpoint to ./checkpoint\SSF_PU_0421-150349\best_pt (val_loss=-0.9909)
04-21 15:04:11 Epoch 029 Train loss -0.9914 | Val loss -0.9909
04-21 15:04:11 -----Epoch 30/49-----
04-21 15:04:11 current lr: 0.0172811
04-21 15:04:11 Saved best checkpoint to ./checkpoint\SSF_PU_0421-150349\best_pt (val_loss=-0.9911)
04-21 15:04:11 Epoch 030 Train loss -0.9916 | Val loss -0.9911
04-21 15:04:11 -----Epoch 31/49-----
04-21 15:04:11 current lr: 0.0158037
04-21 15:04:11 Saved best checkpoint to ./checkpoint\SSF_PU_0421-150349\best_pt (val_loss=-0.9913)
04-21 15:04:11 Epoch 031 Train loss -0.9917 | Val loss -0.9913
04-21 15:04:11 -----Epoch 32/49-----
04-21 15:04:11 current lr: 0.0143626
04-21 15:04:11 Saved best checkpoint to ./checkpoint\SSF_PU_0421-150349\best_pt (val_loss=-0.9914)
04-21 15:04:11 Epoch 032 Train loss -0.9918 | Val loss -0.9914
04-21 15:04:11 -----Epoch 33/49-----
04-21 15:04:11 current lr: 0.0129636
04-21 15:04:11 Saved best checkpoint to ./checkpoint\SSF_PU_0421-150349\best_pt (val_loss=-0.9915)
04-21 15:04:11 Epoch 033 Train loss -0.9918 | Val loss -0.9915
04-21 15:04:11 -----Epoch 34/49-----
04-21 15:04:11 current lr: 0.011612
04-21 15:04:11 Saved best checkpoint to ./checkpoint\SSF_PU_0421-150349\best_pt (val_loss=-0.9916)
04-21 15:04:11 Epoch 034 Train loss -0.9920 | Val loss -0.9916
04-21 15:04:11 -----Epoch 35/49-----
04-21 15:04:12 current lr: 0.0103133
04-21 15:04:12 Saved best checkpoint to ./checkpoint\SSF_PU_0421-150349\best_pt (val_loss=-0.9917)
04-21 15:04:12 Epoch 035 Train loss -0.9920 | Val loss -0.9917
04-21 15:04:12 -----Epoch 36/49-----
04-21 15:04:12 current lr: 0.00907259
04-21 15:04:12 Saved best checkpoint to ./checkpoint\SSF_PU_0421-150349\best_pt (val_loss=-0.9917)
04-21 15:04:12 Epoch 036 Train loss -0.9921 | Val loss -0.9917
04-21 15:04:12 -----Epoch 37/49-----
04-21 15:04:12 current lr: 0.00789475
04-21 15:04:12 Saved best checkpoint to ./checkpoint\SSF_PU_0421-150349\best_pt (val_loss=-0.9918)
04-21 15:04:12 Epoch 037 Train loss -0.9921 | Val loss -0.9918
04-21 15:04:12 -----Epoch 38/49-----
04-21 15:04:12 current lr: 0.00678443
04-21 15:04:12 Saved best checkpoint to ./checkpoint\SSF_PU_0421-150349\best_pt (val_loss=-0.9918)
04-21 15:04:12 Epoch 038 Train loss -0.9922 | Val loss -0.9918
04-21 15:04:12 -----Epoch 39/49-----
04-21 15:04:12 current lr: 0.00574602
04-21 15:04:12 Saved best checkpoint to ./checkpoint\SSF_PU_0421-150349\best_pt (val_loss=-0.9919)
04-21 15:04:12 Epoch 039 Train loss -0.9922 | Val loss -0.9919
04-21 15:04:12 -----Epoch 40/49-----
04-21 15:04:12 current lr: 0.00478362
04-21 15:04:13 Saved best checkpoint to ./checkpoint\SSF_PU_0421-150349\best_pt (val_loss=-0.9919)
04-21 15:04:13 Epoch 040 Train loss -0.9922 | Val loss -0.9919
04-21 15:04:13 -----Epoch 41/49-----
04-21 15:04:13 current lr: 0.00390102
04-21 15:04:13 Saved best checkpoint to ./checkpoint\SSF_PU_0421-150349\best_pt (val_loss=-0.9919)
04-21 15:04:13 Epoch 041 Train loss -0.9923 | Val loss -0.9919
04-21 15:04:13 -----Epoch 42/49-----
04-21 15:04:13 current lr: 0.00310171
04-21 15:04:13 Saved best checkpoint to ./checkpoint\SSF_PU_0421-150349\best_pt (val_loss=-0.9919)
04-21 15:04:13 Epoch 042 Train loss -0.9923 | Val loss -0.9919
04-21 15:04:13 -----Epoch 43/49-----
04-21 15:04:13 current lr: 0.00238885
04-21 15:04:13 Saved best checkpoint to ./checkpoint\SSF_PU_0421-150349\best_pt (val_loss=-0.9919)
04-21 15:04:13 Epoch 043 Train loss -0.9923 | Val loss -0.9919
04-21 15:04:13 -----Epoch 44/49-----
04-21 15:04:13 current lr: 0.00176524
04-21 15:04:13 Saved best checkpoint to ./checkpoint\SSF_PU_0421-150349\best_pt (val_loss=-0.9919)
04-21 15:04:13 Epoch 044 Train loss -0.9923 | Val loss -0.9919
04-21 15:04:13 -----Epoch 45/49-----
04-21 15:04:13 current lr: 0.00123334
04-21 15:04:13 Saved best checkpoint to ./checkpoint\SSF_PU_0421-150349\best_pt (val_loss=-0.9920)
04-21 15:04:13 Epoch 045 Train loss -0.9923 | Val loss -0.9920
04-21 15:04:13 -----Epoch 46/49-----
04-21 15:04:14 current lr: 0.000795264
04-21 15:04:14 Saved best checkpoint to ./checkpoint\SSF_PU_0421-150349\best_pt (val_loss=-0.9920)
04-21 15:04:14 Epoch 046 Train loss -0.9923 | Val loss -0.9920
04-21 15:04:14 -----Epoch 47/49-----
04-21 15:04:14 current lr: 0.00045273
04-21 15:04:14 Saved best checkpoint to ./checkpoint\SSF_PU_0421-150349\best_pt (val_loss=-0.9920)
04-21 15:04:14 Epoch 047 Train loss -0.9924 | Val loss -0.9920
04-21 15:04:14 -----Epoch 48/49-----
04-21 15:04:14 current lr: 0.000207093
04-21 15:04:14 Saved best checkpoint to ./checkpoint\SSF_PU_0421-150349\best_pt (val_loss=-0.9920)
04-21 15:04:14 Epoch 048 Train loss -0.9923 | Val loss -0.9920
04-21 15:04:14 -----Epoch 49/49-----
04-21 15:04:14 current lr: 5.93219e-05
04-21 15:04:14 No improvement in val_loss for 1/10 epochs.
04-21 15:04:14 Epoch 049 Train loss -0.9924 | Val loss -0.9920
04-21 15:04:14 TEST (last): loss -0.9818
04-21 15:04:15 Loaded best checkpoint from ./checkpoint\SSF_PU_0421-150349\best_pt (val_loss=-0.9919648861885071)
04-21 15:04:15 TEST (best): loss -0.9818
04-21 15:04:15 Threshold: 0.6252433892117412
04-21 15:04:15 Binary accuracy: 0.435000
04-21 15:04:15 Confusion matrix:
[[ 97   3]
 [336 164]]
04-21 15:04:15 Report:
              precision    recall  f1-score   support

      normal       0.22      0.97      0.36       100
     anomaly       0.98      0.33      0.49       500

    accuracy                           0.43       600
   macro avg       0.60      0.65      0.43       600
weighted avg       0.86      0.43      0.47       600

04-21 15:04:15 Rates: {1: 0.0, 2: 0.09, 3: 0.37, 4: 0.56, 5: 0.62}
04-21 15:04:15 [LP epoch 00] train_loss=1.7793 train_acc=0.2333 | val_loss=1.7833 val_acc=0.2500 | 
04-21 15:04:15 [LP epoch 01] train_loss=1.5604 train_acc=0.3833 | val_loss=1.7731 val_acc=0.2500 | 
04-21 15:04:15 [LP epoch 02] train_loss=1.4633 train_acc=0.4833 | val_loss=1.7644 val_acc=0.3167 | 
04-21 15:04:15 [LP epoch 03] train_loss=1.3879 train_acc=0.5500 | val_loss=1.7552 val_acc=0.3500 | 
04-21 15:04:15 [LP epoch 04] train_loss=1.3373 train_acc=0.6500 | val_loss=1.7454 val_acc=0.3500 | 
04-21 15:04:15 [LP epoch 05] train_loss=1.3202 train_acc=0.6000 | val_loss=1.7340 val_acc=0.4000 | 
04-21 15:04:16 [LP epoch 06] train_loss=1.2578 train_acc=0.7000 | val_loss=1.7210 val_acc=0.3333 | 
04-21 15:04:16 [LP epoch 07] train_loss=1.2519 train_acc=0.6667 | val_loss=1.7084 val_acc=0.4000 | 
04-21 15:04:16 [LP epoch 08] train_loss=1.1921 train_acc=0.7000 | val_loss=1.6965 val_acc=0.3667 | 
04-21 15:04:16 [LP epoch 09] train_loss=1.1674 train_acc=0.7500 | val_loss=1.6836 val_acc=0.4000 | 
04-21 15:04:16 [LP epoch 10] train_loss=1.1449 train_acc=0.7500 | val_loss=1.6702 val_acc=0.4167 | 
04-21 15:04:16 [LP epoch 11] train_loss=1.1135 train_acc=0.7500 | val_loss=1.6554 val_acc=0.4333 | 
04-21 15:04:16 [LP epoch 12] train_loss=1.1017 train_acc=0.8000 | val_loss=1.6399 val_acc=0.4333 | 
04-21 15:04:16 [LP epoch 13] train_loss=1.0761 train_acc=0.8333 | val_loss=1.6242 val_acc=0.4000 | 
04-21 15:04:16 [LP epoch 14] train_loss=1.0404 train_acc=0.8500 | val_loss=1.6076 val_acc=0.4000 | 
04-21 15:04:17 [LP epoch 15] train_loss=1.0264 train_acc=0.8167 | val_loss=1.5888 val_acc=0.3833 | 
04-21 15:04:17 [LP epoch 16] train_loss=1.0245 train_acc=0.8167 | val_loss=1.5678 val_acc=0.4000 | 
04-21 15:04:17 [LP epoch 17] train_loss=1.0332 train_acc=0.8333 | val_loss=1.5460 val_acc=0.4167 | 
04-21 15:04:17 [LP epoch 18] train_loss=0.9967 train_acc=0.8167 | val_loss=1.5294 val_acc=0.4333 | 
04-21 15:04:17 [LP epoch 19] train_loss=0.9522 train_acc=0.8667 | val_loss=1.5182 val_acc=0.4500 | 
04-21 15:04:17 [LP epoch 20] train_loss=0.9645 train_acc=0.8333 | val_loss=1.5064 val_acc=0.4667 | 
04-21 15:04:17 [LP epoch 21] train_loss=0.9231 train_acc=0.8667 | val_loss=1.4969 val_acc=0.4333 | 
04-21 15:04:17 [LP epoch 22] train_loss=0.9144 train_acc=0.8667 | val_loss=1.4918 val_acc=0.4500 | 
04-21 15:04:17 [LP epoch 23] train_loss=0.9114 train_acc=0.9000 | val_loss=1.4918 val_acc=0.4500 | 
04-21 15:04:17 [LP epoch 24] train_loss=0.8907 train_acc=0.9333 | val_loss=1.4891 val_acc=0.4333 | 
04-21 15:04:17 [LP epoch 25] train_loss=0.8521 train_acc=0.9167 | val_loss=1.4883 val_acc=0.4500 | 
04-21 15:04:18 [LP epoch 26] train_loss=0.8864 train_acc=0.9333 | val_loss=1.4972 val_acc=0.4333 | 
04-21 15:04:18 [LP epoch 27] train_loss=0.8364 train_acc=0.9333 | val_loss=1.5159 val_acc=0.4333 | 
04-21 15:04:18 [LP epoch 28] train_loss=0.8184 train_acc=0.9500 | val_loss=1.5236 val_acc=0.4333 | 
04-21 15:04:18 [LP epoch 29] train_loss=0.7819 train_acc=0.9500 | val_loss=1.5216 val_acc=0.4333 | 
04-21 15:04:18 [LP epoch 30] train_loss=0.7762 train_acc=0.9500 | val_loss=1.5241 val_acc=0.4333 | 
04-21 15:04:18 [LP epoch 31] train_loss=0.7810 train_acc=0.9667 | val_loss=1.5357 val_acc=0.4167 | 
04-21 15:04:18 [LP epoch 32] train_loss=0.7587 train_acc=0.9833 | val_loss=1.5512 val_acc=0.4000 | 
04-21 15:04:18 [LP epoch 33] train_loss=0.7265 train_acc=1.0000 | val_loss=1.6036 val_acc=0.3667 | 
04-21 15:04:18 [LP epoch 34] train_loss=0.7122 train_acc=0.9833 | val_loss=1.6185 val_acc=0.3833 | 
04-21 15:04:18 [LP epoch 35] train_loss=0.6977 train_acc=1.0000 | val_loss=1.5962 val_acc=0.4000 | 
04-21 15:04:19 [LP epoch 36] train_loss=0.6913 train_acc=1.0000 | val_loss=1.5887 val_acc=0.4000 | 
04-21 15:04:19 [LP epoch 37] train_loss=0.6820 train_acc=1.0000 | val_loss=1.5394 val_acc=0.4167 | 
04-21 15:04:19 [LP epoch 38] train_loss=0.6505 train_acc=1.0000 | val_loss=1.5757 val_acc=0.3833 | 
04-21 15:04:19 [LP epoch 39] train_loss=0.6558 train_acc=0.9833 | val_loss=1.5676 val_acc=0.3833 | 
04-21 15:04:19 [LP epoch 40] train_loss=0.6335 train_acc=1.0000 | val_loss=1.5424 val_acc=0.4000 | 
04-21 15:04:19 [LP epoch 41] train_loss=0.6722 train_acc=1.0000 | val_loss=1.5886 val_acc=0.4167 | 
04-21 15:04:19 [LP epoch 42] train_loss=0.6265 train_acc=1.0000 | val_loss=1.6339 val_acc=0.3833 | 
04-21 15:04:19 [LP epoch 43] train_loss=0.6164 train_acc=1.0000 | val_loss=1.5805 val_acc=0.3833 | 
04-21 15:04:19 [LP epoch 44] train_loss=0.6089 train_acc=1.0000 | val_loss=1.4744 val_acc=0.4333 | 
04-21 15:04:19 [LP epoch 45] train_loss=0.5930 train_acc=1.0000 | val_loss=1.4706 val_acc=0.4667 | 
04-21 15:04:19 [LP epoch 46] train_loss=0.6173 train_acc=1.0000 | val_loss=1.5426 val_acc=0.4000 | 
04-21 15:04:20 [LP epoch 47] train_loss=0.5732 train_acc=1.0000 | val_loss=1.6251 val_acc=0.3667 | 
04-21 15:04:20 [LP epoch 48] train_loss=0.5738 train_acc=1.0000 | val_loss=1.6815 val_acc=0.3667 | 
04-21 15:04:20 [LP epoch 49] train_loss=0.5701 train_acc=1.0000 | val_loss=1.5943 val_acc=0.4333 | 
04-21 15:04:20 Saved linear-probe checkpoint: ./checkpoint\SSF_PU_0421-150349\linear_probe_best.pt (best_val_acc=0.4667)
04-21 15:04:20 TEST linear-probe: loss=1.5239 acc=0.4333
04-21 15:04:20 ================================================================================
04-21 15:04:20 RUN: aug=('scale', 'scale') hidden=32 latent=256 blocks=8 seed=2
04-21 15:04:20 model_name: SSF
04-21 15:04:20 data_name: PU
04-21 15:04:20 aug_1: scale
04-21 15:04:20 aug_2: scale
04-21 15:04:20 data_view: TwoViewDataset
04-21 15:04:20 data_dir: raw_data/PU
04-21 15:04:20 out_channel: 6
04-21 15:04:20 normlizetype: mean_std
04-21 15:04:20 processing_type: O_N
04-21 15:04:20 max_epoch: 50
04-21 15:04:20 classifier_epoch: 50
04-21 15:04:20 batch_size: 64
04-21 15:04:20 cuda_device: 0
04-21 15:04:20 checkpoint_dir: ./checkpoint
04-21 15:04:20 opt: sgd
04-21 15:04:20 lr: 0.05
04-21 15:04:20 momentum: 0.9
04-21 15:04:20 weight_decay: 0.0001
04-21 15:04:20 lr_scheduler: cos
04-21 15:04:20 gamma: 0.95
04-21 15:04:20 eta_min: 1e-05
04-21 15:04:20 latent_space: 256
04-21 15:04:20 num_blocks_ssf: 8
04-21 15:04:20 hidden_channel: 32
04-21 15:04:20 per_class_samples: 100
04-21 15:04:20 classifier_samples: 10
04-21 15:04:20 task: self_supervised
04-21 15:04:20 critetion: <class 'utils.loss_SSL.SimSiamLoss'>
04-21 15:04:20 using 1 gpus
04-21 15:04:20 Dataset class: <class 'data_utils.datasets.PU.PU'>
04-21 15:04:21 Split sizes: train=100 val=100 test=600, classier=60
04-21 15:04:21 Label counts train: Counter({0: 100})
04-21 15:04:21 Label counts val:   Counter({0: 100})
04-21 15:04:21 Label counts test:  Counter({0: 100, 2: 100, 5: 100, 1: 100, 3: 100, 4: 100})
04-21 15:04:21 Label counts classifier:  Counter({0: 10, 3: 10, 5: 10, 1: 10, 4: 10, 2: 10})
04-21 15:04:21 Label counts classifier validation:  Counter({0: 10, 4: 10, 3: 10, 5: 10, 1: 10, 2: 10})
04-21 15:04:21 -----Epoch 0/49-----
04-21 15:04:21 current lr: 0.05
04-21 15:04:21 Saved best checkpoint to ./checkpoint\SSF_PU_0421-150349\best_pt (val_loss=-0.2702)
04-21 15:04:21 Epoch 000 Train loss -0.1200 | Val loss -0.2702
04-21 15:04:21 -----Epoch 1/49-----
04-21 15:04:21 current lr: 0.0499507
04-21 15:04:21 Saved best checkpoint to ./checkpoint\SSF_PU_0421-150349\best_pt (val_loss=-0.4775)
04-21 15:04:21 Epoch 001 Train loss -0.4683 | Val loss -0.4775
04-21 15:04:21 -----Epoch 2/49-----
04-21 15:04:22 current lr: 0.0498029
04-21 15:04:22 Saved best checkpoint to ./checkpoint\SSF_PU_0421-150349\best_pt (val_loss=-0.5738)
04-21 15:04:22 Epoch 002 Train loss -0.8064 | Val loss -0.5738
04-21 15:04:22 -----Epoch 3/49-----
04-21 15:04:22 current lr: 0.0495573
04-21 15:04:22 Saved best checkpoint to ./checkpoint\SSF_PU_0421-150349\best_pt (val_loss=-0.6301)
04-21 15:04:22 Epoch 003 Train loss -0.9344 | Val loss -0.6301
04-21 15:04:22 -----Epoch 4/49-----
04-21 15:04:22 current lr: 0.0492147
04-21 15:04:22 Saved best checkpoint to ./checkpoint\SSF_PU_0421-150349\best_pt (val_loss=-0.6964)
04-21 15:04:22 Epoch 004 Train loss -0.9688 | Val loss -0.6964
04-21 15:04:22 -----Epoch 5/49-----
04-21 15:04:22 current lr: 0.0487767
04-21 15:04:22 Saved best checkpoint to ./checkpoint\SSF_PU_0421-150349\best_pt (val_loss=-0.7822)
04-21 15:04:22 Epoch 005 Train loss -0.9773 | Val loss -0.7822
04-21 15:04:22 -----Epoch 6/49-----
04-21 15:04:22 current lr: 0.0482448
04-21 15:04:22 Saved best checkpoint to ./checkpoint\SSF_PU_0421-150349\best_pt (val_loss=-0.8614)
04-21 15:04:22 Epoch 006 Train loss -0.9785 | Val loss -0.8614
04-21 15:04:22 -----Epoch 7/49-----
04-21 15:04:22 current lr: 0.0476212
04-21 15:04:23 Saved best checkpoint to ./checkpoint\SSF_PU_0421-150349\best_pt (val_loss=-0.9151)
04-21 15:04:23 Epoch 007 Train loss -0.9785 | Val loss -0.9151
04-21 15:04:23 -----Epoch 8/49-----
04-21 15:04:23 current lr: 0.0469083
04-21 15:04:23 Saved best checkpoint to ./checkpoint\SSF_PU_0421-150349\best_pt (val_loss=-0.9458)
04-21 15:04:23 Epoch 008 Train loss -0.9781 | Val loss -0.9458
04-21 15:04:23 -----Epoch 9/49-----
04-21 15:04:23 current lr: 0.046109
04-21 15:04:23 Saved best checkpoint to ./checkpoint\SSF_PU_0421-150349\best_pt (val_loss=-0.9619)
04-21 15:04:23 Epoch 009 Train loss -0.9783 | Val loss -0.9619
04-21 15:04:23 -----Epoch 10/49-----
04-21 15:04:23 current lr: 0.0452264
04-21 15:04:23 Saved best checkpoint to ./checkpoint\SSF_PU_0421-150349\best_pt (val_loss=-0.9704)
04-21 15:04:23 Epoch 010 Train loss -0.9790 | Val loss -0.9704
04-21 15:04:23 -----Epoch 11/49-----
04-21 15:04:23 current lr: 0.044264
04-21 15:04:23 Saved best checkpoint to ./checkpoint\SSF_PU_0421-150349\best_pt (val_loss=-0.9753)
04-21 15:04:23 Epoch 011 Train loss -0.9799 | Val loss -0.9753
04-21 15:04:23 -----Epoch 12/49-----
04-21 15:04:23 current lr: 0.0432256
04-21 15:04:23 Saved best checkpoint to ./checkpoint\SSF_PU_0421-150349\best_pt (val_loss=-0.9786)
04-21 15:04:23 Epoch 012 Train loss -0.9811 | Val loss -0.9786
04-21 15:04:23 -----Epoch 13/49-----
04-21 15:04:24 current lr: 0.0421153
04-21 15:04:24 Saved best checkpoint to ./checkpoint\SSF_PU_0421-150349\best_pt (val_loss=-0.9810)
04-21 15:04:24 Epoch 013 Train loss -0.9824 | Val loss -0.9810
04-21 15:04:24 -----Epoch 14/49-----
04-21 15:04:24 current lr: 0.0409374
04-21 15:04:24 Saved best checkpoint to ./checkpoint\SSF_PU_0421-150349\best_pt (val_loss=-0.9829)
04-21 15:04:24 Epoch 014 Train loss -0.9836 | Val loss -0.9829
04-21 15:04:24 -----Epoch 15/49-----
04-21 15:04:24 current lr: 0.0396967
04-21 15:04:24 Saved best checkpoint to ./checkpoint\SSF_PU_0421-150349\best_pt (val_loss=-0.9844)
04-21 15:04:24 Epoch 015 Train loss -0.9848 | Val loss -0.9844
04-21 15:04:24 -----Epoch 16/49-----
04-21 15:04:24 current lr: 0.038398
04-21 15:04:24 Saved best checkpoint to ./checkpoint\SSF_PU_0421-150349\best_pt (val_loss=-0.9857)
04-21 15:04:24 Epoch 016 Train loss -0.9860 | Val loss -0.9857
04-21 15:04:24 -----Epoch 17/49-----
04-21 15:04:24 current lr: 0.0370464
04-21 15:04:24 Saved best checkpoint to ./checkpoint\SSF_PU_0421-150349\best_pt (val_loss=-0.9867)
04-21 15:04:24 Epoch 017 Train loss -0.9870 | Val loss -0.9867
04-21 15:04:24 -----Epoch 18/49-----
04-21 15:04:24 current lr: 0.0356474
04-21 15:04:24 Saved best checkpoint to ./checkpoint\SSF_PU_0421-150349\best_pt (val_loss=-0.9876)
04-21 15:04:24 Epoch 018 Train loss -0.9878 | Val loss -0.9876
04-21 15:04:24 -----Epoch 19/49-----
04-21 15:04:25 current lr: 0.0342063
04-21 15:04:25 Saved best checkpoint to ./checkpoint\SSF_PU_0421-150349\best_pt (val_loss=-0.9883)
04-21 15:04:25 Epoch 019 Train loss -0.9886 | Val loss -0.9883
04-21 15:04:25 -----Epoch 20/49-----
04-21 15:04:25 current lr: 0.0327289
04-21 15:04:25 Saved best checkpoint to ./checkpoint\SSF_PU_0421-150349\best_pt (val_loss=-0.9889)
04-21 15:04:25 Epoch 020 Train loss -0.9893 | Val loss -0.9889
04-21 15:04:25 -----Epoch 21/49-----
04-21 15:04:25 current lr: 0.031221
04-21 15:04:25 Saved best checkpoint to ./checkpoint\SSF_PU_0421-150349\best_pt (val_loss=-0.9894)
04-21 15:04:25 Epoch 021 Train loss -0.9898 | Val loss -0.9894
04-21 15:04:25 -----Epoch 22/49-----
04-21 15:04:25 current lr: 0.0296886
04-21 15:04:25 Saved best checkpoint to ./checkpoint\SSF_PU_0421-150349\best_pt (val_loss=-0.9899)
04-21 15:04:25 Epoch 022 Train loss -0.9903 | Val loss -0.9899
04-21 15:04:25 -----Epoch 23/49-----
04-21 15:04:25 current lr: 0.0281377
04-21 15:04:25 Saved best checkpoint to ./checkpoint\SSF_PU_0421-150349\best_pt (val_loss=-0.9903)
04-21 15:04:25 Epoch 023 Train loss -0.9907 | Val loss -0.9903
04-21 15:04:25 -----Epoch 24/49-----
04-21 15:04:25 current lr: 0.0265744
04-21 15:04:25 Saved best checkpoint to ./checkpoint\SSF_PU_0421-150349\best_pt (val_loss=-0.9906)
04-21 15:04:25 Epoch 024 Train loss -0.9911 | Val loss -0.9906
04-21 15:04:25 -----Epoch 25/49-----
04-21 15:04:26 current lr: 0.025005
04-21 15:04:26 Saved best checkpoint to ./checkpoint\SSF_PU_0421-150349\best_pt (val_loss=-0.9908)
04-21 15:04:26 Epoch 025 Train loss -0.9913 | Val loss -0.9908
04-21 15:04:26 -----Epoch 26/49-----
04-21 15:04:26 current lr: 0.0234356
04-21 15:04:26 Saved best checkpoint to ./checkpoint\SSF_PU_0421-150349\best_pt (val_loss=-0.9911)
04-21 15:04:26 Epoch 026 Train loss -0.9916 | Val loss -0.9911
04-21 15:04:26 -----Epoch 27/49-----
04-21 15:04:26 current lr: 0.0218723
04-21 15:04:26 Saved best checkpoint to ./checkpoint\SSF_PU_0421-150349\best_pt (val_loss=-0.9913)
04-21 15:04:26 Epoch 027 Train loss -0.9917 | Val loss -0.9913
04-21 15:04:26 -----Epoch 28/49-----
04-21 15:04:26 current lr: 0.0203214
04-21 15:04:26 Saved best checkpoint to ./checkpoint\SSF_PU_0421-150349\best_pt (val_loss=-0.9914)
04-21 15:04:26 Epoch 028 Train loss -0.9919 | Val loss -0.9914
04-21 15:04:26 -----Epoch 29/49-----
04-21 15:04:26 current lr: 0.018789
04-21 15:04:26 Saved best checkpoint to ./checkpoint\SSF_PU_0421-150349\best_pt (val_loss=-0.9916)
04-21 15:04:26 Epoch 029 Train loss -0.9920 | Val loss -0.9916
04-21 15:04:26 -----Epoch 30/49-----
04-21 15:04:26 current lr: 0.0172811
04-21 15:04:26 Saved best checkpoint to ./checkpoint\SSF_PU_0421-150349\best_pt (val_loss=-0.9917)
04-21 15:04:26 Epoch 030 Train loss -0.9922 | Val loss -0.9917
04-21 15:04:26 -----Epoch 31/49-----
04-21 15:04:27 current lr: 0.0158037
04-21 15:04:27 Saved best checkpoint to ./checkpoint\SSF_PU_0421-150349\best_pt (val_loss=-0.9918)
04-21 15:04:27 Epoch 031 Train loss -0.9923 | Val loss -0.9918
04-21 15:04:27 -----Epoch 32/49-----
04-21 15:04:27 current lr: 0.0143626
04-21 15:04:27 Saved best checkpoint to ./checkpoint\SSF_PU_0421-150349\best_pt (val_loss=-0.9919)
04-21 15:04:27 Epoch 032 Train loss -0.9924 | Val loss -0.9919
04-21 15:04:27 -----Epoch 33/49-----
04-21 15:04:27 current lr: 0.0129636
04-21 15:04:27 Saved best checkpoint to ./checkpoint\SSF_PU_0421-150349\best_pt (val_loss=-0.9919)
04-21 15:04:27 Epoch 033 Train loss -0.9924 | Val loss -0.9919
04-21 15:04:27 -----Epoch 34/49-----
04-21 15:04:27 current lr: 0.011612
04-21 15:04:27 Saved best checkpoint to ./checkpoint\SSF_PU_0421-150349\best_pt (val_loss=-0.9920)
04-21 15:04:27 Epoch 034 Train loss -0.9924 | Val loss -0.9920
04-21 15:04:27 -----Epoch 35/49-----
04-21 15:04:27 current lr: 0.0103133
04-21 15:04:27 Saved best checkpoint to ./checkpoint\SSF_PU_0421-150349\best_pt (val_loss=-0.9920)
04-21 15:04:27 Epoch 035 Train loss -0.9926 | Val loss -0.9920
04-21 15:04:27 -----Epoch 36/49-----
04-21 15:04:28 current lr: 0.00907259
04-21 15:04:28 Saved best checkpoint to ./checkpoint\SSF_PU_0421-150349\best_pt (val_loss=-0.9921)
04-21 15:04:28 Epoch 036 Train loss -0.9926 | Val loss -0.9921
04-21 15:04:28 -----Epoch 37/49-----
04-21 15:04:28 current lr: 0.00789475
04-21 15:04:28 Saved best checkpoint to ./checkpoint\SSF_PU_0421-150349\best_pt (val_loss=-0.9921)
04-21 15:04:28 Epoch 037 Train loss -0.9927 | Val loss -0.9921
04-21 15:04:28 -----Epoch 38/49-----
04-21 15:04:28 current lr: 0.00678443
04-21 15:04:28 Saved best checkpoint to ./checkpoint\SSF_PU_0421-150349\best_pt (val_loss=-0.9922)
04-21 15:04:28 Epoch 038 Train loss -0.9927 | Val loss -0.9922
04-21 15:04:28 -----Epoch 39/49-----
04-21 15:04:28 current lr: 0.00574602
04-21 15:04:28 Saved best checkpoint to ./checkpoint\SSF_PU_0421-150349\best_pt (val_loss=-0.9922)
04-21 15:04:28 Epoch 039 Train loss -0.9927 | Val loss -0.9922
04-21 15:04:28 -----Epoch 40/49-----
04-21 15:04:28 current lr: 0.00478362
04-21 15:04:28 Saved best checkpoint to ./checkpoint\SSF_PU_0421-150349\best_pt (val_loss=-0.9922)
04-21 15:04:28 Epoch 040 Train loss -0.9928 | Val loss -0.9922
04-21 15:04:28 -----Epoch 41/49-----
04-21 15:04:28 current lr: 0.00390102
04-21 15:04:28 Saved best checkpoint to ./checkpoint\SSF_PU_0421-150349\best_pt (val_loss=-0.9922)
04-21 15:04:28 Epoch 041 Train loss -0.9927 | Val loss -0.9922
04-21 15:04:28 -----Epoch 42/49-----
04-21 15:04:29 current lr: 0.00310171
04-21 15:04:29 Saved best checkpoint to ./checkpoint\SSF_PU_0421-150349\best_pt (val_loss=-0.9922)
04-21 15:04:29 Epoch 042 Train loss -0.9928 | Val loss -0.9922
04-21 15:04:29 -----Epoch 43/49-----
04-21 15:04:29 current lr: 0.00238885
04-21 15:04:29 Saved best checkpoint to ./checkpoint\SSF_PU_0421-150349\best_pt (val_loss=-0.9922)
04-21 15:04:29 Epoch 043 Train loss -0.9928 | Val loss -0.9922
04-21 15:04:29 -----Epoch 44/49-----
04-21 15:04:29 current lr: 0.00176524
04-21 15:04:29 Saved best checkpoint to ./checkpoint\SSF_PU_0421-150349\best_pt (val_loss=-0.9922)
04-21 15:04:29 Epoch 044 Train loss -0.9928 | Val loss -0.9922
04-21 15:04:29 -----Epoch 45/49-----
04-21 15:04:29 current lr: 0.00123334
04-21 15:04:29 Saved best checkpoint to ./checkpoint\SSF_PU_0421-150349\best_pt (val_loss=-0.9923)
04-21 15:04:29 Epoch 045 Train loss -0.9927 | Val loss -0.9923
04-21 15:04:29 -----Epoch 46/49-----
04-21 15:04:29 current lr: 0.000795264
04-21 15:04:29 Saved best checkpoint to ./checkpoint\SSF_PU_0421-150349\best_pt (val_loss=-0.9923)
04-21 15:04:29 Epoch 046 Train loss -0.9928 | Val loss -0.9923
04-21 15:04:29 -----Epoch 47/49-----
04-21 15:04:29 current lr: 0.00045273
04-21 15:04:29 Saved best checkpoint to ./checkpoint\SSF_PU_0421-150349\best_pt (val_loss=-0.9923)
04-21 15:04:29 Epoch 047 Train loss -0.9928 | Val loss -0.9923
04-21 15:04:29 -----Epoch 48/49-----
04-21 15:04:30 current lr: 0.000207093
04-21 15:04:30 Saved best checkpoint to ./checkpoint\SSF_PU_0421-150349\best_pt (val_loss=-0.9923)
04-21 15:04:30 Epoch 048 Train loss -0.9928 | Val loss -0.9923
04-21 15:04:30 -----Epoch 49/49-----
04-21 15:04:30 current lr: 5.93219e-05
04-21 15:04:30 Saved best checkpoint to ./checkpoint\SSF_PU_0421-150349\best_pt (val_loss=-0.9923)
04-21 15:04:30 Epoch 049 Train loss -0.9928 | Val loss -0.9923
04-21 15:04:30 TEST (last): loss -0.9758
04-21 15:04:30 Loaded best checkpoint from ./checkpoint\SSF_PU_0421-150349\best_pt (val_loss=-0.9922708153724671)
04-21 15:04:30 TEST (best): loss -0.9758
04-21 15:04:31 Threshold: 0.6815131674891957
04-21 15:04:31 Binary accuracy: 0.430000
04-21 15:04:31 Confusion matrix:
[[100   0]
 [342 158]]
04-21 15:04:31 Report:
              precision    recall  f1-score   support

      normal       0.23      1.00      0.37       100
     anomaly       1.00      0.32      0.48       500

    accuracy                           0.43       600
   macro avg       0.61      0.66      0.42       600
weighted avg       0.87      0.43      0.46       600

04-21 15:04:31 Rates: {1: 0.0, 2: 0.05, 3: 0.3, 4: 0.75, 5: 0.48}
04-21 15:04:31 [LP epoch 00] train_loss=1.7409 train_acc=0.2167 | val_loss=1.7860 val_acc=0.1667 | 
04-21 15:04:31 [LP epoch 01] train_loss=1.5285 train_acc=0.4833 | val_loss=1.7740 val_acc=0.2500 | 
04-21 15:04:31 [LP epoch 02] train_loss=1.4467 train_acc=0.4667 | val_loss=1.7642 val_acc=0.2833 | 
04-21 15:04:31 [LP epoch 03] train_loss=1.3962 train_acc=0.5000 | val_loss=1.7551 val_acc=0.3167 | 
04-21 15:04:31 [LP epoch 04] train_loss=1.3506 train_acc=0.6500 | val_loss=1.7444 val_acc=0.2833 | 
04-21 15:04:31 [LP epoch 05] train_loss=1.3426 train_acc=0.6000 | val_loss=1.7319 val_acc=0.2667 | 
04-21 15:04:31 [LP epoch 06] train_loss=1.2907 train_acc=0.6000 | val_loss=1.7183 val_acc=0.2667 | 
04-21 15:04:31 [LP epoch 07] train_loss=1.2852 train_acc=0.6833 | val_loss=1.7037 val_acc=0.2667 | 
04-21 15:04:31 [LP epoch 08] train_loss=1.2641 train_acc=0.6500 | val_loss=1.6900 val_acc=0.3000 | 
04-21 15:04:32 [LP epoch 09] train_loss=1.2321 train_acc=0.6500 | val_loss=1.6777 val_acc=0.3167 | 
04-21 15:04:32 [LP epoch 10] train_loss=1.2324 train_acc=0.6667 | val_loss=1.6659 val_acc=0.3167 | 
04-21 15:04:32 [LP epoch 11] train_loss=1.1892 train_acc=0.7333 | val_loss=1.6529 val_acc=0.3333 | 
04-21 15:04:32 [LP epoch 12] train_loss=1.1956 train_acc=0.6667 | val_loss=1.6377 val_acc=0.3500 | 
04-21 15:04:32 [LP epoch 13] train_loss=1.1560 train_acc=0.7000 | val_loss=1.6212 val_acc=0.3333 | 
04-21 15:04:32 [LP epoch 14] train_loss=1.1165 train_acc=0.7833 | val_loss=1.6044 val_acc=0.3500 | 
04-21 15:04:32 [LP epoch 15] train_loss=1.0944 train_acc=0.8000 | val_loss=1.5899 val_acc=0.3667 | 
04-21 15:04:32 [LP epoch 16] train_loss=1.0775 train_acc=0.8000 | val_loss=1.5755 val_acc=0.3667 | 
04-21 15:04:32 [LP epoch 17] train_loss=1.0585 train_acc=0.8000 | val_loss=1.5617 val_acc=0.3667 | 
04-21 15:04:32 [LP epoch 18] train_loss=1.0421 train_acc=0.8167 | val_loss=1.5479 val_acc=0.3667 | 
04-21 15:04:32 [LP epoch 19] train_loss=1.0177 train_acc=0.8167 | val_loss=1.5366 val_acc=0.3500 | 
04-21 15:04:33 [LP epoch 20] train_loss=1.0201 train_acc=0.7833 | val_loss=1.5235 val_acc=0.3500 | 
04-21 15:04:33 [LP epoch 21] train_loss=0.9994 train_acc=0.8500 | val_loss=1.5096 val_acc=0.3500 | 
04-21 15:04:33 [LP epoch 22] train_loss=0.9658 train_acc=0.8833 | val_loss=1.4954 val_acc=0.3667 | 
04-21 15:04:33 [LP epoch 23] train_loss=0.9595 train_acc=0.8667 | val_loss=1.4839 val_acc=0.3833 | 
04-21 15:04:33 [LP epoch 24] train_loss=0.9337 train_acc=0.8833 | val_loss=1.4782 val_acc=0.4000 | 
04-21 15:04:33 [LP epoch 25] train_loss=0.9119 train_acc=0.9000 | val_loss=1.4691 val_acc=0.4167 | 
04-21 15:04:33 [LP epoch 26] train_loss=0.9143 train_acc=0.9500 | val_loss=1.4523 val_acc=0.4500 | 
04-21 15:04:33 [LP epoch 27] train_loss=0.8722 train_acc=0.9500 | val_loss=1.4328 val_acc=0.4667 | 
04-21 15:04:33 [LP epoch 28] train_loss=0.8696 train_acc=0.9000 | val_loss=1.4209 val_acc=0.4667 | 
04-21 15:04:33 [LP epoch 29] train_loss=0.8809 train_acc=0.8833 | val_loss=1.4136 val_acc=0.4667 | 
04-21 15:04:34 [LP epoch 30] train_loss=0.8432 train_acc=0.9167 | val_loss=1.4078 val_acc=0.4833 | 
04-21 15:04:34 [LP epoch 31] train_loss=0.8309 train_acc=0.9000 | val_loss=1.4029 val_acc=0.5000 | 
04-21 15:04:34 [LP epoch 32] train_loss=0.7896 train_acc=0.9667 | val_loss=1.4105 val_acc=0.4333 | 
04-21 15:04:34 [LP epoch 33] train_loss=0.7654 train_acc=0.9833 | val_loss=1.4313 val_acc=0.4167 | 
04-21 15:04:34 [LP epoch 34] train_loss=0.7702 train_acc=0.9667 | val_loss=1.4102 val_acc=0.4667 | 
04-21 15:04:34 [LP epoch 35] train_loss=0.7484 train_acc=0.9833 | val_loss=1.3886 val_acc=0.4500 | 
04-21 15:04:34 [LP epoch 36] train_loss=0.7309 train_acc=0.9833 | val_loss=1.4019 val_acc=0.4167 | 
04-21 15:04:34 [LP epoch 37] train_loss=0.7343 train_acc=0.9500 | val_loss=1.4389 val_acc=0.4167 | 
04-21 15:04:34 [LP epoch 38] train_loss=0.6990 train_acc=0.9667 | val_loss=1.4721 val_acc=0.4667 | 
04-21 15:04:34 [LP epoch 39] train_loss=0.6864 train_acc=1.0000 | val_loss=1.4674 val_acc=0.4667 | 
04-21 15:04:34 [LP epoch 40] train_loss=0.6819 train_acc=1.0000 | val_loss=1.4954 val_acc=0.4167 | 
04-21 15:04:35 [LP epoch 41] train_loss=0.6565 train_acc=0.9833 | val_loss=1.5644 val_acc=0.4167 | 
04-21 15:04:35 [LP epoch 42] train_loss=0.6808 train_acc=0.9833 | val_loss=1.6707 val_acc=0.3833 | 
04-21 15:04:35 [LP epoch 43] train_loss=0.6689 train_acc=0.9833 | val_loss=1.7202 val_acc=0.4167 | 
04-21 15:04:35 [LP epoch 44] train_loss=0.6234 train_acc=0.9833 | val_loss=1.7688 val_acc=0.3667 | 
04-21 15:04:35 [LP epoch 45] train_loss=0.6207 train_acc=1.0000 | val_loss=1.7273 val_acc=0.3833 | 
04-21 15:04:35 [LP epoch 46] train_loss=0.6134 train_acc=1.0000 | val_loss=1.7254 val_acc=0.4000 | 
04-21 15:04:35 [LP epoch 47] train_loss=0.5923 train_acc=1.0000 | val_loss=1.8760 val_acc=0.4000 | 
04-21 15:04:35 [LP epoch 48] train_loss=0.6005 train_acc=1.0000 | val_loss=1.9081 val_acc=0.3833 | 
04-21 15:04:35 [LP epoch 49] train_loss=0.5803 train_acc=1.0000 | val_loss=1.8514 val_acc=0.3833 | 
04-21 15:04:35 Saved linear-probe checkpoint: ./checkpoint\SSF_PU_0421-150349\linear_probe_best.pt (best_val_acc=0.5000)
04-21 15:04:35 TEST linear-probe: loss=1.6623 acc=0.4183
04-21 15:04:40 ================================================================================
04-21 15:04:40 RUN: aug=('scale', 'scale') hidden=64 latent=256 blocks=8 seed=0
04-21 15:04:40 model_name: SSF
04-21 15:04:40 data_name: PU
04-21 15:04:40 aug_1: scale
04-21 15:04:40 aug_2: scale
04-21 15:04:40 data_view: TwoViewDataset
04-21 15:04:40 data_dir: raw_data/PU
04-21 15:04:40 out_channel: 6
04-21 15:04:40 normlizetype: mean_std
04-21 15:04:40 processing_type: O_N
04-21 15:04:40 max_epoch: 50
04-21 15:04:40 classifier_epoch: 50
04-21 15:04:40 batch_size: 64
04-21 15:04:40 cuda_device: 0
04-21 15:04:40 checkpoint_dir: ./checkpoint
04-21 15:04:40 opt: sgd
04-21 15:04:40 lr: 0.05
04-21 15:04:40 momentum: 0.9
04-21 15:04:40 weight_decay: 0.0001
04-21 15:04:40 lr_scheduler: cos
04-21 15:04:40 gamma: 0.95
04-21 15:04:40 eta_min: 1e-05
04-21 15:04:40 latent_space: 256
04-21 15:04:40 num_blocks_ssf: 8
04-21 15:04:40 hidden_channel: 64
04-21 15:04:40 per_class_samples: 100
04-21 15:04:40 classifier_samples: 10
04-21 15:04:40 task: self_supervised
04-21 15:04:40 critetion: <class 'utils.loss_SSL.SimSiamLoss'>
04-21 15:04:40 using 1 gpus
04-21 15:04:40 Dataset class: <class 'data_utils.datasets.PU.PU'>
04-21 15:04:41 Split sizes: train=100 val=100 test=600, classier=60
04-21 15:04:41 Label counts train: Counter({0: 100})
04-21 15:04:41 Label counts val:   Counter({0: 100})
04-21 15:04:41 Label counts test:  Counter({0: 100, 2: 100, 5: 100, 1: 100, 3: 100, 4: 100})
04-21 15:04:41 Label counts classifier:  Counter({3: 10, 0: 10, 4: 10, 1: 10, 5: 10, 2: 10})
04-21 15:04:41 Label counts classifier validation:  Counter({4: 10, 3: 10, 0: 10, 2: 10, 5: 10, 1: 10})
04-21 15:04:41 -----Epoch 0/49-----
04-21 15:04:41 current lr: 0.05
04-21 15:04:41 Saved best checkpoint to ./checkpoint\SSF_PU_0421-150349\best_pt (val_loss=-0.1582)
04-21 15:04:41 Epoch 000 Train loss -0.0827 | Val loss -0.1582
04-21 15:04:41 -----Epoch 1/49-----
04-21 15:04:42 current lr: 0.0499507
04-21 15:04:42 Saved best checkpoint to ./checkpoint\SSF_PU_0421-150349\best_pt (val_loss=-0.4623)
04-21 15:04:42 Epoch 001 Train loss -0.4738 | Val loss -0.4623
04-21 15:04:42 -----Epoch 2/49-----
04-21 15:04:42 current lr: 0.0498029
04-21 15:04:42 Saved best checkpoint to ./checkpoint\SSF_PU_0421-150349\best_pt (val_loss=-0.5961)
04-21 15:04:42 Epoch 002 Train loss -0.8224 | Val loss -0.5961
04-21 15:04:42 -----Epoch 3/49-----
04-21 15:04:42 current lr: 0.0495573
04-21 15:04:42 Saved best checkpoint to ./checkpoint\SSF_PU_0421-150349\best_pt (val_loss=-0.6599)
04-21 15:04:42 Epoch 003 Train loss -0.9387 | Val loss -0.6599
04-21 15:04:42 -----Epoch 4/49-----
04-21 15:04:42 current lr: 0.0492147
04-21 15:04:42 Saved best checkpoint to ./checkpoint\SSF_PU_0421-150349\best_pt (val_loss=-0.7197)
04-21 15:04:42 Epoch 004 Train loss -0.9674 | Val loss -0.7197
04-21 15:04:42 -----Epoch 5/49-----
04-21 15:04:42 current lr: 0.0487767
04-21 15:04:42 Saved best checkpoint to ./checkpoint\SSF_PU_0421-150349\best_pt (val_loss=-0.7895)
04-21 15:04:42 Epoch 005 Train loss -0.9739 | Val loss -0.7895
04-21 15:04:42 -----Epoch 6/49-----
04-21 15:04:43 current lr: 0.0482448
04-21 15:04:43 Saved best checkpoint to ./checkpoint\SSF_PU_0421-150349\best_pt (val_loss=-0.8575)
04-21 15:04:43 Epoch 006 Train loss -0.9753 | Val loss -0.8575
04-21 15:04:43 -----Epoch 7/49-----
04-21 15:04:43 current lr: 0.0476212
04-21 15:04:43 Saved best checkpoint to ./checkpoint\SSF_PU_0421-150349\best_pt (val_loss=-0.9086)
04-21 15:04:43 Epoch 007 Train loss -0.9756 | Val loss -0.9086
04-21 15:04:43 -----Epoch 8/49-----
04-21 15:04:43 current lr: 0.0469083
04-21 15:04:43 Saved best checkpoint to ./checkpoint\SSF_PU_0421-150349\best_pt (val_loss=-0.9422)
04-21 15:04:43 Epoch 008 Train loss -0.9760 | Val loss -0.9422
04-21 15:04:43 -----Epoch 9/49-----
04-21 15:04:43 current lr: 0.046109
04-21 15:04:43 Saved best checkpoint to ./checkpoint\SSF_PU_0421-150349\best_pt (val_loss=-0.9617)
04-21 15:04:43 Epoch 009 Train loss -0.9769 | Val loss -0.9617
04-21 15:04:43 -----Epoch 10/49-----
04-21 15:04:43 current lr: 0.0452264
04-21 15:04:43 Saved best checkpoint to ./checkpoint\SSF_PU_0421-150349\best_pt (val_loss=-0.9722)
04-21 15:04:43 Epoch 010 Train loss -0.9781 | Val loss -0.9722
04-21 15:04:43 -----Epoch 11/49-----
04-21 15:04:44 current lr: 0.044264
04-21 15:04:44 Saved best checkpoint to ./checkpoint\SSF_PU_0421-150349\best_pt (val_loss=-0.9777)
04-21 15:04:44 Epoch 011 Train loss -0.9794 | Val loss -0.9777
04-21 15:04:44 -----Epoch 12/49-----
04-21 15:04:44 current lr: 0.0432256
04-21 15:04:44 Saved best checkpoint to ./checkpoint\SSF_PU_0421-150349\best_pt (val_loss=-0.9809)
04-21 15:04:44 Epoch 012 Train loss -0.9807 | Val loss -0.9809
04-21 15:04:44 -----Epoch 13/49-----
04-21 15:04:44 current lr: 0.0421153
04-21 15:04:44 Saved best checkpoint to ./checkpoint\SSF_PU_0421-150349\best_pt (val_loss=-0.9829)
04-21 15:04:44 Epoch 013 Train loss -0.9821 | Val loss -0.9829
04-21 15:04:44 -----Epoch 14/49-----
04-21 15:04:44 current lr: 0.0409374
04-21 15:04:44 Saved best checkpoint to ./checkpoint\SSF_PU_0421-150349\best_pt (val_loss=-0.9845)
04-21 15:04:44 Epoch 014 Train loss -0.9834 | Val loss -0.9845
04-21 15:04:44 -----Epoch 15/49-----
04-21 15:04:44 current lr: 0.0396967
04-21 15:04:44 Saved best checkpoint to ./checkpoint\SSF_PU_0421-150349\best_pt (val_loss=-0.9857)
04-21 15:04:44 Epoch 015 Train loss -0.9846 | Val loss -0.9857
04-21 15:04:44 -----Epoch 16/49-----
04-21 15:04:45 current lr: 0.038398
04-21 15:04:45 Saved best checkpoint to ./checkpoint\SSF_PU_0421-150349\best_pt (val_loss=-0.9867)
04-21 15:04:45 Epoch 016 Train loss -0.9857 | Val loss -0.9867
04-21 15:04:45 -----Epoch 17/49-----
04-21 15:04:45 current lr: 0.0370464
04-21 15:04:45 Saved best checkpoint to ./checkpoint\SSF_PU_0421-150349\best_pt (val_loss=-0.9875)
04-21 15:04:45 Epoch 017 Train loss -0.9867 | Val loss -0.9875
04-21 15:04:45 -----Epoch 18/49-----
04-21 15:04:45 current lr: 0.0356474
04-21 15:04:45 Saved best checkpoint to ./checkpoint\SSF_PU_0421-150349\best_pt (val_loss=-0.9882)
04-21 15:04:45 Epoch 018 Train loss -0.9875 | Val loss -0.9882
04-21 15:04:45 -----Epoch 19/49-----
04-21 15:04:45 current lr: 0.0342063
04-21 15:04:45 Saved best checkpoint to ./checkpoint\SSF_PU_0421-150349\best_pt (val_loss=-0.9888)
04-21 15:04:45 Epoch 019 Train loss -0.9883 | Val loss -0.9888
04-21 15:04:45 -----Epoch 20/49-----
04-21 15:04:45 current lr: 0.0327289
04-21 15:04:45 Saved best checkpoint to ./checkpoint\SSF_PU_0421-150349\best_pt (val_loss=-0.9892)
04-21 15:04:45 Epoch 020 Train loss -0.9889 | Val loss -0.9892
04-21 15:04:45 -----Epoch 21/49-----
04-21 15:04:46 current lr: 0.031221
04-21 15:04:46 Saved best checkpoint to ./checkpoint\SSF_PU_0421-150349\best_pt (val_loss=-0.9896)
04-21 15:04:46 Epoch 021 Train loss -0.9894 | Val loss -0.9896
04-21 15:04:46 -----Epoch 22/49-----
04-21 15:04:46 current lr: 0.0296886
04-21 15:04:46 Saved best checkpoint to ./checkpoint\SSF_PU_0421-150349\best_pt (val_loss=-0.9899)
04-21 15:04:46 Epoch 022 Train loss -0.9899 | Val loss -0.9899
04-21 15:04:46 -----Epoch 23/49-----
04-21 15:04:46 current lr: 0.0281377
04-21 15:04:46 Saved best checkpoint to ./checkpoint\SSF_PU_0421-150349\best_pt (val_loss=-0.9902)
04-21 15:04:46 Epoch 023 Train loss -0.9903 | Val loss -0.9902
04-21 15:04:46 -----Epoch 24/49-----
04-21 15:04:46 current lr: 0.0265744
04-21 15:04:46 Saved best checkpoint to ./checkpoint\SSF_PU_0421-150349\best_pt (val_loss=-0.9904)
04-21 15:04:46 Epoch 024 Train loss -0.9905 | Val loss -0.9904
04-21 15:04:46 -----Epoch 25/49-----
04-21 15:04:46 current lr: 0.025005
04-21 15:04:46 Saved best checkpoint to ./checkpoint\SSF_PU_0421-150349\best_pt (val_loss=-0.9905)
04-21 15:04:46 Epoch 025 Train loss -0.9908 | Val loss -0.9905
04-21 15:04:46 -----Epoch 26/49-----
04-21 15:04:47 current lr: 0.0234356
04-21 15:04:47 Saved best checkpoint to ./checkpoint\SSF_PU_0421-150349\best_pt (val_loss=-0.9906)
04-21 15:04:47 Epoch 026 Train loss -0.9910 | Val loss -0.9906
04-21 15:04:47 -----Epoch 27/49-----
04-21 15:04:47 current lr: 0.0218723
04-21 15:04:47 Saved best checkpoint to ./checkpoint\SSF_PU_0421-150349\best_pt (val_loss=-0.9907)
04-21 15:04:47 Epoch 027 Train loss -0.9912 | Val loss -0.9907
04-21 15:04:47 -----Epoch 28/49-----
04-21 15:04:47 current lr: 0.0203214
04-21 15:04:47 Saved best checkpoint to ./checkpoint\SSF_PU_0421-150349\best_pt (val_loss=-0.9908)
04-21 15:04:47 Epoch 028 Train loss -0.9913 | Val loss -0.9908
04-21 15:04:47 -----Epoch 29/49-----
04-21 15:04:47 current lr: 0.018789
04-21 15:04:47 Saved best checkpoint to ./checkpoint\SSF_PU_0421-150349\best_pt (val_loss=-0.9909)
04-21 15:04:47 Epoch 029 Train loss -0.9915 | Val loss -0.9909
04-21 15:04:47 -----Epoch 30/49-----
04-21 15:04:47 current lr: 0.0172811
04-21 15:04:47 Saved best checkpoint to ./checkpoint\SSF_PU_0421-150349\best_pt (val_loss=-0.9909)
04-21 15:04:47 Epoch 030 Train loss -0.9916 | Val loss -0.9909
04-21 15:04:47 -----Epoch 31/49-----
04-21 15:04:48 current lr: 0.0158037
04-21 15:04:48 Saved best checkpoint to ./checkpoint\SSF_PU_0421-150349\best_pt (val_loss=-0.9910)
04-21 15:04:48 Epoch 031 Train loss -0.9916 | Val loss -0.9910
04-21 15:04:48 -----Epoch 32/49-----
04-21 15:04:48 current lr: 0.0143626
04-21 15:04:48 Saved best checkpoint to ./checkpoint\SSF_PU_0421-150349\best_pt (val_loss=-0.9910)
04-21 15:04:48 Epoch 032 Train loss -0.9917 | Val loss -0.9910
04-21 15:04:48 -----Epoch 33/49-----
04-21 15:04:48 current lr: 0.0129636
04-21 15:04:48 Saved best checkpoint to ./checkpoint\SSF_PU_0421-150349\best_pt (val_loss=-0.9911)
04-21 15:04:48 Epoch 033 Train loss -0.9918 | Val loss -0.9911
04-21 15:04:48 -----Epoch 34/49-----
04-21 15:04:48 current lr: 0.011612
04-21 15:04:48 Saved best checkpoint to ./checkpoint\SSF_PU_0421-150349\best_pt (val_loss=-0.9911)
04-21 15:04:48 Epoch 034 Train loss -0.9919 | Val loss -0.9911
04-21 15:04:48 -----Epoch 35/49-----
04-21 15:04:48 current lr: 0.0103133
04-21 15:04:48 Saved best checkpoint to ./checkpoint\SSF_PU_0421-150349\best_pt (val_loss=-0.9911)
04-21 15:04:48 Epoch 035 Train loss -0.9919 | Val loss -0.9911
04-21 15:04:48 -----Epoch 36/49-----
04-21 15:04:48 current lr: 0.00907259
04-21 15:04:49 Saved best checkpoint to ./checkpoint\SSF_PU_0421-150349\best_pt (val_loss=-0.9912)
04-21 15:04:49 Epoch 036 Train loss -0.9920 | Val loss -0.9912
04-21 15:04:49 -----Epoch 37/49-----
04-21 15:04:49 current lr: 0.00789475
04-21 15:04:49 Saved best checkpoint to ./checkpoint\SSF_PU_0421-150349\best_pt (val_loss=-0.9912)
04-21 15:04:49 Epoch 037 Train loss -0.9920 | Val loss -0.9912
04-21 15:04:49 -----Epoch 38/49-----
04-21 15:04:49 current lr: 0.00678443
04-21 15:04:49 Saved best checkpoint to ./checkpoint\SSF_PU_0421-150349\best_pt (val_loss=-0.9912)
04-21 15:04:49 Epoch 038 Train loss -0.9920 | Val loss -0.9912
04-21 15:04:49 -----Epoch 39/49-----
04-21 15:04:49 current lr: 0.00574602
04-21 15:04:49 Saved best checkpoint to ./checkpoint\SSF_PU_0421-150349\best_pt (val_loss=-0.9912)
04-21 15:04:49 Epoch 039 Train loss -0.9920 | Val loss -0.9912
04-21 15:04:49 -----Epoch 40/49-----
04-21 15:04:49 current lr: 0.00478362
04-21 15:04:49 Saved best checkpoint to ./checkpoint\SSF_PU_0421-150349\best_pt (val_loss=-0.9912)
04-21 15:04:49 Epoch 040 Train loss -0.9921 | Val loss -0.9912
04-21 15:04:49 -----Epoch 41/49-----
04-21 15:04:49 current lr: 0.00390102
