02-24 12:10:20 model_name: SSF
02-24 12:10:20 data_name: PU
02-24 12:10:20 aug_1: normal
02-24 12:10:20 aug_2: randomcrop
02-24 12:10:20 max_epoch: 20
02-24 12:10:20 classifier_epoch: 50
02-24 12:10:20 data_view: TwoViewDataset
02-24 12:10:20 cuda_device: 0
02-24 12:10:20 checkpoint_dir: ./checkpoint
02-24 12:10:20 batch_size: 32
02-24 12:10:20 data_dir: raw_data/PU
02-24 12:10:20 out_channel: 3
02-24 12:10:20 normlizetype: minus_one_one
02-24 12:10:20 processing_type: RA
02-24 12:10:20 opt: sgd
02-24 12:10:20 lr: 0.01
02-24 12:10:20 momentum: 0.9
02-24 12:10:20 weight_decay: 1e-05
02-24 12:10:20 lr_scheduler: cos
02-24 12:10:20 gamma: 0.1
02-24 12:10:20 eta_min: 1e-05
02-24 12:10:20 latent_space: 256
02-24 12:10:20 task: self_supervised
02-24 12:10:20 critetion: <class 'utils.loss_SSL.SimSiamLoss'>
02-24 12:10:20 using 1 gpus
02-24 12:10:20 Dataset class: <class 'data_utils.datasets.PU.PU'>
02-24 12:10:20 Split sizes: train=10504 val=1125 test=2252, classier=1126
02-24 12:10:21 Label counts train: Counter({2: 3504, 1: 3500, 0: 3500})
02-24 12:10:21 Label counts val:   Counter({0: 375, 2: 375, 1: 375})
02-24 12:10:21 Label counts test:  Counter({2: 751, 0: 751, 1: 750})
02-24 12:10:21 Label counts classifier:  Counter({2: 376, 0: 375, 1: 375})
02-24 12:10:23 Loaded best checkpoint from ./checkpoint/SSF_PU_0224-115856/best_pt (val_loss=-0.9542445305718316)
02-24 12:10:24 [LP epoch 00] train_loss=1.0554 train_acc=0.4565 | val_loss=1133.1938 val_acc=0.5467 | 
02-24 12:10:25 [LP epoch 01] train_loss=0.9693 train_acc=0.5613 | val_loss=1082.0704 val_acc=0.5653 | 
02-24 12:10:26 [LP epoch 02] train_loss=0.9325 train_acc=0.5782 | val_loss=1047.4185 val_acc=0.5769 | 
02-24 12:10:26 [LP epoch 03] train_loss=0.9080 train_acc=0.5879 | val_loss=1020.7852 val_acc=0.5964 | 
02-24 12:10:27 [LP epoch 04] train_loss=0.8895 train_acc=0.5959 | val_loss=999.2711 val_acc=0.6116 | 
02-24 12:10:28 [LP epoch 05] train_loss=0.8743 train_acc=0.6128 | val_loss=981.1072 val_acc=0.6231 | 
02-24 12:10:28 [LP epoch 06] train_loss=0.8614 train_acc=0.6234 | val_loss=965.2563 val_acc=0.6329 | 
02-24 12:10:29 [LP epoch 07] train_loss=0.8500 train_acc=0.6288 | val_loss=951.1133 val_acc=0.6418 | 
02-24 12:10:30 [LP epoch 08] train_loss=0.8397 train_acc=0.6350 | val_loss=938.3095 val_acc=0.6471 | 
02-24 12:10:30 [LP epoch 09] train_loss=0.8304 train_acc=0.6394 | val_loss=926.6055 val_acc=0.6524 | 
02-24 12:10:31 [LP epoch 10] train_loss=0.8219 train_acc=0.6448 | val_loss=915.8354 val_acc=0.6604 | 
02-24 12:10:31 [LP epoch 11] train_loss=0.8140 train_acc=0.6474 | val_loss=905.8765 val_acc=0.6631 | 
02-24 12:10:32 [LP epoch 12] train_loss=0.8068 train_acc=0.6519 | val_loss=896.6332 val_acc=0.6676 | 
02-24 12:10:33 [LP epoch 13] train_loss=0.8000 train_acc=0.6528 | val_loss=888.0279 val_acc=0.6684 | 
02-24 12:10:33 [LP epoch 14] train_loss=0.7937 train_acc=0.6572 | val_loss=879.9956 val_acc=0.6756 | 
02-24 12:10:34 [LP epoch 15] train_loss=0.7878 train_acc=0.6563 | val_loss=872.4806 val_acc=0.6773 | 
02-24 12:10:34 [LP epoch 16] train_loss=0.7823 train_acc=0.6581 | val_loss=865.4347 val_acc=0.6818 | 
02-24 12:10:35 [LP epoch 17] train_loss=0.7771 train_acc=0.6590 | val_loss=858.8154 val_acc=0.6836 | 
02-24 12:10:36 [LP epoch 18] train_loss=0.7722 train_acc=0.6616 | val_loss=852.5850 val_acc=0.6853 | 
02-24 12:10:36 [LP epoch 19] train_loss=0.7675 train_acc=0.6652 | val_loss=846.7100 val_acc=0.6853 | 
02-24 12:10:37 [LP epoch 20] train_loss=0.7632 train_acc=0.6652 | val_loss=841.1607 val_acc=0.6844 | 
02-24 12:10:38 [LP epoch 21] train_loss=0.7590 train_acc=0.6687 | val_loss=835.9100 val_acc=0.6853 | 
02-24 12:10:38 [LP epoch 22] train_loss=0.7551 train_acc=0.6705 | val_loss=830.9340 val_acc=0.6889 | 
02-24 12:10:39 [LP epoch 23] train_loss=0.7514 train_acc=0.6714 | val_loss=826.2109 val_acc=0.6907 | 
02-24 12:10:39 [LP epoch 24] train_loss=0.7478 train_acc=0.6750 | val_loss=821.7213 val_acc=0.6933 | 
02-24 12:10:40 [LP epoch 25] train_loss=0.7445 train_acc=0.6758 | val_loss=817.4474 val_acc=0.6924 | 
02-24 12:10:41 [LP epoch 26] train_loss=0.7412 train_acc=0.6767 | val_loss=813.3732 val_acc=0.6942 | 
02-24 12:10:41 [LP epoch 27] train_loss=0.7381 train_acc=0.6767 | val_loss=809.4842 val_acc=0.6933 | 
02-24 12:10:42 [LP epoch 28] train_loss=0.7352 train_acc=0.6785 | val_loss=805.7673 val_acc=0.6978 | 
02-24 12:10:42 [LP epoch 29] train_loss=0.7323 train_acc=0.6785 | val_loss=802.2104 val_acc=0.7004 | 
02-24 12:10:43 [LP epoch 30] train_loss=0.7296 train_acc=0.6812 | val_loss=798.8027 val_acc=0.7040 | 
02-24 12:10:44 [LP epoch 31] train_loss=0.7270 train_acc=0.6812 | val_loss=795.5342 val_acc=0.7031 | 
02-24 12:10:44 [LP epoch 32] train_loss=0.7245 train_acc=0.6812 | val_loss=792.3957 val_acc=0.7040 | 
02-24 12:10:45 [LP epoch 33] train_loss=0.7220 train_acc=0.6821 | val_loss=789.3791 val_acc=0.7040 | 
02-24 12:10:45 [LP epoch 34] train_loss=0.7197 train_acc=0.6829 | val_loss=786.4765 val_acc=0.7031 | 
02-24 12:10:46 [LP epoch 35] train_loss=0.7174 train_acc=0.6856 | val_loss=783.6810 val_acc=0.7022 | 
02-24 12:10:47 [LP epoch 36] train_loss=0.7152 train_acc=0.6883 | val_loss=780.9860 val_acc=0.7031 | 
02-24 12:10:47 [LP epoch 37] train_loss=0.7131 train_acc=0.6901 | val_loss=778.3858 val_acc=0.7049 | 
02-24 12:10:48 [LP epoch 38] train_loss=0.7110 train_acc=0.6918 | val_loss=775.8748 val_acc=0.7058 | 
02-24 12:10:48 [LP epoch 39] train_loss=0.7090 train_acc=0.6918 | val_loss=773.4478 val_acc=0.7076 | 
02-24 12:10:49 [LP epoch 40] train_loss=0.7071 train_acc=0.6918 | val_loss=771.1003 val_acc=0.7084 | 
02-24 12:10:50 [LP epoch 41] train_loss=0.7052 train_acc=0.6918 | val_loss=768.8277 val_acc=0.7076 | 
02-24 12:10:50 [LP epoch 42] train_loss=0.7034 train_acc=0.6927 | val_loss=766.6263 val_acc=0.7084 | 
02-24 12:10:51 [LP epoch 43] train_loss=0.7016 train_acc=0.6936 | val_loss=764.4920 val_acc=0.7093 | 
02-24 12:10:51 [LP epoch 44] train_loss=0.6999 train_acc=0.6945 | val_loss=762.4215 val_acc=0.7111 | 
02-24 12:10:52 [LP epoch 45] train_loss=0.6982 train_acc=0.6945 | val_loss=760.4116 val_acc=0.7111 | 
02-24 12:10:53 [LP epoch 46] train_loss=0.6966 train_acc=0.6945 | val_loss=758.4592 val_acc=0.7102 | 
02-24 12:10:53 [LP epoch 47] train_loss=0.6950 train_acc=0.6945 | val_loss=756.5614 val_acc=0.7111 | 
02-24 12:10:54 [LP epoch 48] train_loss=0.6934 train_acc=0.6936 | val_loss=754.7156 val_acc=0.7111 | 
02-24 12:10:54 [LP epoch 49] train_loss=0.6919 train_acc=0.6972 | val_loss=752.9193 val_acc=0.7111 | 
02-24 12:10:55 Saved linear-probe checkpoint: ./checkpoint\SSF_PU_0224-121020\linear_probe_best.pt (best_val_acc=0.7111)
02-24 12:10:55 TEST linear-probe: loss=0.7091 acc=0.6914
02-24 12:10:55 using 1 gpus
02-24 12:10:55 Dataset class: <class 'data_utils.datasets.PU.PU'>
02-24 12:10:55 Split sizes: train=10504 val=1125 test=2252, classier=1126
02-24 12:10:56 Label counts train: Counter({2: 3504, 1: 3500, 0: 3500})
02-24 12:10:56 Label counts val:   Counter({0: 375, 2: 375, 1: 375})
02-24 12:10:56 Label counts test:  Counter({2: 751, 0: 751, 1: 750})
02-24 12:10:56 Label counts classifier:  Counter({2: 376, 0: 375, 1: 375})
02-24 12:10:56 Loaded best checkpoint from ./checkpoint/SSF_PU_0224-115856/best_pt (val_loss=-0.9542445305718316)
02-24 12:10:57 [LP epoch 00] train_loss=1.0274 train_acc=0.5133 | val_loss=1118.7203 val_acc=0.5378 | 
02-24 12:10:58 [LP epoch 01] train_loss=0.9580 train_acc=0.5657 | val_loss=1069.8485 val_acc=0.5600 | 
02-24 12:10:58 [LP epoch 02] train_loss=0.9250 train_acc=0.5844 | val_loss=1036.5719 val_acc=0.5813 | 
02-24 12:10:59 [LP epoch 03] train_loss=0.9023 train_acc=0.5924 | val_loss=1011.1153 val_acc=0.5991 | 
02-24 12:11:00 [LP epoch 04] train_loss=0.8846 train_acc=0.6110 | val_loss=990.4885 val_acc=0.6116 | 
02-24 12:11:01 [LP epoch 05] train_loss=0.8700 train_acc=0.6155 | val_loss=972.9927 val_acc=0.6204 | 
02-24 12:11:01 [LP epoch 06] train_loss=0.8574 train_acc=0.6270 | val_loss=957.6792 val_acc=0.6284 | 
02-24 12:11:02 [LP epoch 07] train_loss=0.8462 train_acc=0.6332 | val_loss=944.0003 val_acc=0.6409 | 
02-24 12:11:02 [LP epoch 08] train_loss=0.8362 train_acc=0.6359 | val_loss=931.6182 val_acc=0.6516 | 
02-24 12:11:03 [LP epoch 09] train_loss=0.8271 train_acc=0.6421 | val_loss=920.3088 val_acc=0.6587 | 
02-24 12:11:04 [LP epoch 10] train_loss=0.8188 train_acc=0.6465 | val_loss=909.9132 val_acc=0.6596 | 
02-24 12:11:04 [LP epoch 11] train_loss=0.8111 train_acc=0.6510 | val_loss=900.3116 val_acc=0.6604 | 
02-24 12:11:05 [LP epoch 12] train_loss=0.8040 train_acc=0.6501 | val_loss=891.4095 val_acc=0.6667 | 
02-24 12:11:05 [LP epoch 13] train_loss=0.7974 train_acc=0.6510 | val_loss=883.1297 val_acc=0.6720 | 
02-24 12:11:06 [LP epoch 14] train_loss=0.7913 train_acc=0.6528 | val_loss=875.4073 val_acc=0.6773 | 
02-24 12:11:07 [LP epoch 15] train_loss=0.7855 train_acc=0.6554 | val_loss=868.1870 val_acc=0.6773 | 
02-24 12:11:07 [LP epoch 16] train_loss=0.7801 train_acc=0.6581 | val_loss=861.4204 val_acc=0.6809 | 
02-24 12:11:08 [LP epoch 17] train_loss=0.7751 train_acc=0.6616 | val_loss=855.0656 val_acc=0.6827 | 
02-24 12:11:08 [LP epoch 18] train_loss=0.7703 train_acc=0.6661 | val_loss=849.0852 val_acc=0.6827 | 
02-24 12:11:09 [LP epoch 19] train_loss=0.7659 train_acc=0.6679 | val_loss=843.4464 val_acc=0.6827 | 
02-24 12:11:10 [LP epoch 20] train_loss=0.7616 train_acc=0.6714 | val_loss=838.1199 val_acc=0.6836 | 
02-24 12:11:11 [LP epoch 21] train_loss=0.7576 train_acc=0.6741 | val_loss=833.0795 val_acc=0.6853 | 
02-24 12:11:11 [LP epoch 22] train_loss=0.7538 train_acc=0.6758 | val_loss=828.3017 val_acc=0.6880 | 
02-24 12:11:12 [LP epoch 23] train_loss=0.7502 train_acc=0.6750 | val_loss=823.7655 val_acc=0.6871 | 
02-24 12:11:12 [LP epoch 24] train_loss=0.7467 train_acc=0.6750 | val_loss=819.4520 val_acc=0.6871 | 
02-24 12:11:13 [LP epoch 25] train_loss=0.7435 train_acc=0.6741 | val_loss=815.3442 val_acc=0.6880 | 
02-24 12:11:14 [LP epoch 26] train_loss=0.7403 train_acc=0.6758 | val_loss=811.4267 val_acc=0.6889 | 
02-24 12:11:14 [LP epoch 27] train_loss=0.7373 train_acc=0.6776 | val_loss=807.6856 val_acc=0.6898 | 
02-24 12:11:15 [LP epoch 28] train_loss=0.7344 train_acc=0.6785 | val_loss=804.1082 val_acc=0.6924 | 
02-24 12:11:15 [LP epoch 29] train_loss=0.7317 train_acc=0.6803 | val_loss=800.6831 val_acc=0.6951 | 
02-24 12:11:16 [LP epoch 30] train_loss=0.7290 train_acc=0.6794 | val_loss=797.3998 val_acc=0.6951 | 
02-24 12:11:17 [LP epoch 31] train_loss=0.7265 train_acc=0.6838 | val_loss=794.2488 val_acc=0.6951 | 
02-24 12:11:17 [LP epoch 32] train_loss=0.7240 train_acc=0.6838 | val_loss=791.2216 val_acc=0.6969 | 
02-24 12:11:18 [LP epoch 33] train_loss=0.7217 train_acc=0.6865 | val_loss=788.3100 val_acc=0.6987 | 
02-24 12:11:18 [LP epoch 34] train_loss=0.7194 train_acc=0.6865 | val_loss=785.5069 val_acc=0.6987 | 
02-24 12:11:19 [LP epoch 35] train_loss=0.7172 train_acc=0.6856 | val_loss=782.8056 val_acc=0.7004 | 
02-24 12:11:20 [LP epoch 36] train_loss=0.7150 train_acc=0.6883 | val_loss=780.2000 val_acc=0.7004 | 
02-24 12:11:20 [LP epoch 37] train_loss=0.7130 train_acc=0.6883 | val_loss=777.6843 val_acc=0.7013 | 
02-24 12:11:21 [LP epoch 38] train_loss=0.7110 train_acc=0.6901 | val_loss=775.2534 val_acc=0.7022 | 
02-24 12:11:21 [LP epoch 39] train_loss=0.7090 train_acc=0.6901 | val_loss=772.9025 val_acc=0.7049 | 
02-24 12:11:22 [LP epoch 40] train_loss=0.7071 train_acc=0.6901 | val_loss=770.6272 val_acc=0.7049 | 
02-24 12:11:23 [LP epoch 41] train_loss=0.7053 train_acc=0.6892 | val_loss=768.4232 val_acc=0.7058 | 
02-24 12:11:23 [LP epoch 42] train_loss=0.7035 train_acc=0.6901 | val_loss=766.2868 val_acc=0.7067 | 
02-24 12:11:24 [LP epoch 43] train_loss=0.7018 train_acc=0.6918 | val_loss=764.2144 val_acc=0.7084 | 
02-24 12:11:25 [LP epoch 44] train_loss=0.7001 train_acc=0.6927 | val_loss=762.2027 val_acc=0.7093 | 
02-24 12:11:25 [LP epoch 45] train_loss=0.6984 train_acc=0.6927 | val_loss=760.2487 val_acc=0.7102 | 
02-24 12:11:26 [LP epoch 46] train_loss=0.6968 train_acc=0.6936 | val_loss=758.3494 val_acc=0.7147 | 
02-24 12:11:26 [LP epoch 47] train_loss=0.6953 train_acc=0.6936 | val_loss=756.5023 val_acc=0.7147 | 
02-24 12:11:27 [LP epoch 48] train_loss=0.6937 train_acc=0.6963 | val_loss=754.7047 val_acc=0.7138 | 
02-24 12:11:28 [LP epoch 49] train_loss=0.6923 train_acc=0.6972 | val_loss=752.9544 val_acc=0.7138 | 
02-24 12:11:28 Saved linear-probe checkpoint: ./checkpoint\SSF_PU_0224-121020\linear_probe_best.pt (best_val_acc=0.7147)
02-24 12:11:28 TEST linear-probe: loss=0.7101 acc=0.6896
