02-24 10:01:40 model_name: SSF
02-24 10:01:40 data_name: XJTU
02-24 10:01:40 aug_1: normal
02-24 10:01:40 aug_2: randomcrop
02-24 10:01:40 max_epoch: 20
02-24 10:01:40 classifier_epoch: 50
02-24 10:01:40 data_view: TwoViewDataset
02-24 10:01:40 cuda_device: 0
02-24 10:01:40 checkpoint_dir: ./checkpoint
02-24 10:01:40 batch_size: 32
02-24 10:01:40 data_dir: raw_data/XJTU/XJTU-SY_Bearing_Datasets/XJTU-SY_Bearing_Datasets
02-24 10:01:40 out_channel: 10
02-24 10:01:40 normlizetype: minus_one_one
02-24 10:01:40 processing_type: RA
02-24 10:01:40 opt: sgd
02-24 10:01:40 lr: 0.01
02-24 10:01:40 momentum: 0.9
02-24 10:01:40 weight_decay: 1e-05
02-24 10:01:40 lr_scheduler: cos
02-24 10:01:40 gamma: 0.1
02-24 10:01:40 eta_min: 1e-05
02-24 10:01:40 latent_space: 256
02-24 10:01:40 task: self_supervised
02-24 10:01:40 critetion: <class 'utils.loss_SSL.SimSiamLoss'>
02-24 10:01:40 using 1 gpus
02-24 10:01:40 Dataset class: <class 'data_utils.datasets.XJTU.XJTU'>
