03-04 15:49:29 model_name: SSF
03-04 15:49:29 data_name: CWRU
03-04 15:49:29 aug_1: randomcrop
03-04 15:49:29 aug_2: scale
03-04 15:49:29 max_epoch: 50
03-04 15:49:29 classifier_epoch: 50
03-04 15:49:29 data_view: TwoViewDataset
03-04 15:49:29 cuda_device: 0
03-04 15:49:29 checkpoint_dir: ./checkpoint
03-04 15:49:29 batch_size: 64
03-04 15:49:29 data_dir: raw_data/CWRU
03-04 15:49:29 out_channel: 4
03-04 15:49:29 normlizetype: minus_one_one
03-04 15:49:29 processing_type: RA
03-04 15:49:29 opt: sgd
03-04 15:49:29 lr: 0.05
03-04 15:49:29 momentum: 0.9
03-04 15:49:29 weight_decay: 0.0001
03-04 15:49:29 lr_scheduler: cos
03-04 15:49:29 gamma: 0.95
03-04 15:49:29 eta_min: 1e-05
03-04 15:49:29 latent_space: 192
03-04 15:49:29 num_blocks_ssf: 3
03-04 15:49:29 hidden_channel: 128
03-04 15:49:29 task: self_supervised
03-04 15:49:29 critetion: <class 'utils.loss_SSL.SimSiamLoss'>
03-04 15:49:29 using 1 gpus
03-04 15:49:29 Dataset class: <class 'data_utils.datasets.CWRU.CWRU'>
03-04 15:49:29 Split sizes: train=400 val=400 test=400, classier=40
03-04 15:49:29 Label counts train: Counter({0: 100, 1: 100, 3: 100, 2: 100})
03-04 15:49:29 Label counts val:   Counter({0: 100, 1: 100, 2: 100, 3: 100})
03-04 15:49:29 Label counts test:  Counter({3: 100, 0: 100, 1: 100, 2: 100})
03-04 15:49:29 Label counts classifier:  Counter({0: 10, 3: 10, 2: 10, 1: 10})
03-04 15:49:31 -----Epoch 0/49-----
03-04 15:49:31 current lr: 0.05
03-04 15:49:31 Saved best checkpoint to ./checkpoint\SSF_CWRU_0304-154929\best_pt (val_loss=-0.6792)
03-04 15:49:31 Epoch 000 Train loss -0.4130 | Val loss -0.6792
03-04 15:49:31 -----Epoch 1/49-----
03-04 15:49:32 current lr: 0.0499507
03-04 15:49:32 Saved best checkpoint to ./checkpoint\SSF_CWRU_0304-154929\best_pt (val_loss=-0.8228)
03-04 15:49:32 Epoch 001 Train loss -0.9209 | Val loss -0.8228
03-04 15:49:32 -----Epoch 2/49-----
03-04 15:49:32 current lr: 0.0498029
03-04 15:49:32 Saved best checkpoint to ./checkpoint\SSF_CWRU_0304-154929\best_pt (val_loss=-0.8868)
03-04 15:49:32 Epoch 002 Train loss -0.9452 | Val loss -0.8868
03-04 15:49:32 -----Epoch 3/49-----
03-04 15:49:32 current lr: 0.0495573
03-04 15:49:32 Saved best checkpoint to ./checkpoint\SSF_CWRU_0304-154929\best_pt (val_loss=-0.9129)
03-04 15:49:32 Epoch 003 Train loss -0.9534 | Val loss -0.9129
03-04 15:49:32 -----Epoch 4/49-----
03-04 15:49:32 current lr: 0.0492147
03-04 15:49:32 Saved best checkpoint to ./checkpoint\SSF_CWRU_0304-154929\best_pt (val_loss=-0.9268)
03-04 15:49:32 Epoch 004 Train loss -0.9615 | Val loss -0.9268
03-04 15:49:32 -----Epoch 5/49-----
03-04 15:49:33 current lr: 0.0487767
03-04 15:49:33 Saved best checkpoint to ./checkpoint\SSF_CWRU_0304-154929\best_pt (val_loss=-0.9360)
03-04 15:49:33 Epoch 005 Train loss -0.9681 | Val loss -0.9360
03-04 15:49:33 -----Epoch 6/49-----
03-04 15:49:33 current lr: 0.0482448
03-04 15:49:33 Saved best checkpoint to ./checkpoint\SSF_CWRU_0304-154929\best_pt (val_loss=-0.9421)
03-04 15:49:33 Epoch 006 Train loss -0.9727 | Val loss -0.9421
03-04 15:49:33 -----Epoch 7/49-----
03-04 15:49:33 current lr: 0.0476212
03-04 15:49:33 Saved best checkpoint to ./checkpoint\SSF_CWRU_0304-154929\best_pt (val_loss=-0.9465)
03-04 15:49:33 Epoch 007 Train loss -0.9758 | Val loss -0.9465
03-04 15:49:33 -----Epoch 8/49-----
03-04 15:49:34 current lr: 0.0469083
03-04 15:49:34 Saved best checkpoint to ./checkpoint\SSF_CWRU_0304-154929\best_pt (val_loss=-0.9497)
03-04 15:49:34 Epoch 008 Train loss -0.9778 | Val loss -0.9497
03-04 15:49:34 -----Epoch 9/49-----
03-04 15:49:34 current lr: 0.046109
03-04 15:49:34 Saved best checkpoint to ./checkpoint\SSF_CWRU_0304-154929\best_pt (val_loss=-0.9521)
03-04 15:49:34 Epoch 009 Train loss -0.9792 | Val loss -0.9521
03-04 15:49:34 -----Epoch 10/49-----
03-04 15:49:34 current lr: 0.0452264
03-04 15:49:34 Saved best checkpoint to ./checkpoint\SSF_CWRU_0304-154929\best_pt (val_loss=-0.9542)
03-04 15:49:34 Epoch 010 Train loss -0.9802 | Val loss -0.9542
03-04 15:49:34 -----Epoch 11/49-----
03-04 15:49:35 current lr: 0.044264
03-04 15:49:35 Saved best checkpoint to ./checkpoint\SSF_CWRU_0304-154929\best_pt (val_loss=-0.9561)
03-04 15:49:35 Epoch 011 Train loss -0.9811 | Val loss -0.9561
03-04 15:49:35 -----Epoch 12/49-----
03-04 15:49:35 current lr: 0.0432256
03-04 15:49:35 Saved best checkpoint to ./checkpoint\SSF_CWRU_0304-154929\best_pt (val_loss=-0.9577)
03-04 15:49:35 Epoch 012 Train loss -0.9818 | Val loss -0.9577
03-04 15:49:35 -----Epoch 13/49-----
03-04 15:49:35 current lr: 0.0421153
03-04 15:49:35 Saved best checkpoint to ./checkpoint\SSF_CWRU_0304-154929\best_pt (val_loss=-0.9591)
03-04 15:49:35 Epoch 013 Train loss -0.9824 | Val loss -0.9591
03-04 15:49:35 -----Epoch 14/49-----
03-04 15:49:36 current lr: 0.0409374
03-04 15:49:36 Saved best checkpoint to ./checkpoint\SSF_CWRU_0304-154929\best_pt (val_loss=-0.9604)
03-04 15:49:36 Epoch 014 Train loss -0.9830 | Val loss -0.9604
03-04 15:49:36 -----Epoch 15/49-----
03-04 15:49:36 current lr: 0.0396967
03-04 15:49:36 Saved best checkpoint to ./checkpoint\SSF_CWRU_0304-154929\best_pt (val_loss=-0.9615)
03-04 15:49:36 Epoch 015 Train loss -0.9836 | Val loss -0.9615
03-04 15:49:36 -----Epoch 16/49-----
03-04 15:49:36 current lr: 0.038398
03-04 15:49:36 Saved best checkpoint to ./checkpoint\SSF_CWRU_0304-154929\best_pt (val_loss=-0.9625)
03-04 15:49:36 Epoch 016 Train loss -0.9840 | Val loss -0.9625
03-04 15:49:36 -----Epoch 17/49-----
03-04 15:49:36 current lr: 0.0370464
03-04 15:49:36 Saved best checkpoint to ./checkpoint\SSF_CWRU_0304-154929\best_pt (val_loss=-0.9634)
03-04 15:49:36 Epoch 017 Train loss -0.9845 | Val loss -0.9634
03-04 15:49:36 -----Epoch 18/49-----
03-04 15:49:37 current lr: 0.0356474
03-04 15:49:37 Saved best checkpoint to ./checkpoint\SSF_CWRU_0304-154929\best_pt (val_loss=-0.9642)
03-04 15:49:37 Epoch 018 Train loss -0.9850 | Val loss -0.9642
03-04 15:49:37 -----Epoch 19/49-----
03-04 15:49:37 current lr: 0.0342063
03-04 15:49:37 Saved best checkpoint to ./checkpoint\SSF_CWRU_0304-154929\best_pt (val_loss=-0.9648)
03-04 15:49:37 Epoch 019 Train loss -0.9853 | Val loss -0.9648
03-04 15:49:37 -----Epoch 20/49-----
03-04 15:49:37 current lr: 0.0327289
03-04 15:49:37 Saved best checkpoint to ./checkpoint\SSF_CWRU_0304-154929\best_pt (val_loss=-0.9654)
03-04 15:49:37 Epoch 020 Train loss -0.9857 | Val loss -0.9654
03-04 15:49:37 -----Epoch 21/49-----
03-04 15:49:37 current lr: 0.031221
03-04 15:49:37 Saved best checkpoint to ./checkpoint\SSF_CWRU_0304-154929\best_pt (val_loss=-0.9659)
03-04 15:49:37 Epoch 021 Train loss -0.9859 | Val loss -0.9659
03-04 15:49:37 -----Epoch 22/49-----
03-04 15:49:38 current lr: 0.0296886
03-04 15:49:38 Saved best checkpoint to ./checkpoint\SSF_CWRU_0304-154929\best_pt (val_loss=-0.9664)
03-04 15:49:38 Epoch 022 Train loss -0.9862 | Val loss -0.9664
03-04 15:49:38 -----Epoch 23/49-----
03-04 15:49:38 current lr: 0.0281377
03-04 15:49:38 Saved best checkpoint to ./checkpoint\SSF_CWRU_0304-154929\best_pt (val_loss=-0.9668)
03-04 15:49:38 Epoch 023 Train loss -0.9865 | Val loss -0.9668
03-04 15:49:38 -----Epoch 24/49-----
03-04 15:49:38 current lr: 0.0265744
03-04 15:49:38 Saved best checkpoint to ./checkpoint\SSF_CWRU_0304-154929\best_pt (val_loss=-0.9672)
03-04 15:49:38 Epoch 024 Train loss -0.9867 | Val loss -0.9672
03-04 15:49:38 -----Epoch 25/49-----
03-04 15:49:38 current lr: 0.025005
03-04 15:49:38 Saved best checkpoint to ./checkpoint\SSF_CWRU_0304-154929\best_pt (val_loss=-0.9676)
03-04 15:49:38 Epoch 025 Train loss -0.9870 | Val loss -0.9676
03-04 15:49:38 -----Epoch 26/49-----
03-04 15:49:39 current lr: 0.0234356
03-04 15:49:39 Saved best checkpoint to ./checkpoint\SSF_CWRU_0304-154929\best_pt (val_loss=-0.9679)
03-04 15:49:39 Epoch 026 Train loss -0.9871 | Val loss -0.9679
03-04 15:49:39 -----Epoch 27/49-----
03-04 15:49:39 current lr: 0.0218723
03-04 15:49:39 Saved best checkpoint to ./checkpoint\SSF_CWRU_0304-154929\best_pt (val_loss=-0.9681)
03-04 15:49:39 Epoch 027 Train loss -0.9874 | Val loss -0.9681
03-04 15:49:39 -----Epoch 28/49-----
03-04 15:49:39 current lr: 0.0203214
03-04 15:49:39 Saved best checkpoint to ./checkpoint\SSF_CWRU_0304-154929\best_pt (val_loss=-0.9684)
03-04 15:49:39 Epoch 028 Train loss -0.9875 | Val loss -0.9684
03-04 15:49:39 -----Epoch 29/49-----
03-04 15:49:39 current lr: 0.018789
03-04 15:49:39 Saved best checkpoint to ./checkpoint\SSF_CWRU_0304-154929\best_pt (val_loss=-0.9686)
03-04 15:49:39 Epoch 029 Train loss -0.9876 | Val loss -0.9686
03-04 15:49:39 -----Epoch 30/49-----
03-04 15:49:40 current lr: 0.0172811
03-04 15:49:40 Saved best checkpoint to ./checkpoint\SSF_CWRU_0304-154929\best_pt (val_loss=-0.9688)
03-04 15:49:40 Epoch 030 Train loss -0.9877 | Val loss -0.9688
03-04 15:49:40 -----Epoch 31/49-----
03-04 15:49:40 current lr: 0.0158037
03-04 15:49:40 Saved best checkpoint to ./checkpoint\SSF_CWRU_0304-154929\best_pt (val_loss=-0.9690)
03-04 15:49:40 Epoch 031 Train loss -0.9878 | Val loss -0.9690
03-04 15:49:40 -----Epoch 32/49-----
03-04 15:49:40 current lr: 0.0143626
03-04 15:49:40 Saved best checkpoint to ./checkpoint\SSF_CWRU_0304-154929\best_pt (val_loss=-0.9692)
03-04 15:49:40 Epoch 032 Train loss -0.9879 | Val loss -0.9692
03-04 15:49:40 -----Epoch 33/49-----
03-04 15:49:40 current lr: 0.0129636
03-04 15:49:40 Saved best checkpoint to ./checkpoint\SSF_CWRU_0304-154929\best_pt (val_loss=-0.9694)
03-04 15:49:40 Epoch 033 Train loss -0.9881 | Val loss -0.9694
03-04 15:49:40 -----Epoch 34/49-----
03-04 15:49:40 current lr: 0.011612
03-04 15:49:41 Saved best checkpoint to ./checkpoint\SSF_CWRU_0304-154929\best_pt (val_loss=-0.9695)
03-04 15:49:41 Epoch 034 Train loss -0.9881 | Val loss -0.9695
03-04 15:49:41 -----Epoch 35/49-----
03-04 15:49:41 current lr: 0.0103133
03-04 15:49:41 Saved best checkpoint to ./checkpoint\SSF_CWRU_0304-154929\best_pt (val_loss=-0.9696)
03-04 15:49:41 Epoch 035 Train loss -0.9883 | Val loss -0.9696
03-04 15:49:41 -----Epoch 36/49-----
03-04 15:49:41 current lr: 0.00907259
03-04 15:49:41 Saved best checkpoint to ./checkpoint\SSF_CWRU_0304-154929\best_pt (val_loss=-0.9697)
03-04 15:49:41 Epoch 036 Train loss -0.9883 | Val loss -0.9697
03-04 15:49:41 -----Epoch 37/49-----
03-04 15:49:41 current lr: 0.00789475
03-04 15:49:41 Saved best checkpoint to ./checkpoint\SSF_CWRU_0304-154929\best_pt (val_loss=-0.9698)
03-04 15:49:41 Epoch 037 Train loss -0.9883 | Val loss -0.9698
03-04 15:49:41 -----Epoch 38/49-----
03-04 15:49:42 current lr: 0.00678443
03-04 15:49:42 Saved best checkpoint to ./checkpoint\SSF_CWRU_0304-154929\best_pt (val_loss=-0.9699)
03-04 15:49:42 Epoch 038 Train loss -0.9884 | Val loss -0.9699
03-04 15:49:42 -----Epoch 39/49-----
03-04 15:49:42 current lr: 0.00574602
03-04 15:49:42 Saved best checkpoint to ./checkpoint\SSF_CWRU_0304-154929\best_pt (val_loss=-0.9700)
03-04 15:49:42 Epoch 039 Train loss -0.9884 | Val loss -0.9700
03-04 15:49:42 -----Epoch 40/49-----
03-04 15:49:42 current lr: 0.00478362
03-04 15:49:42 Saved best checkpoint to ./checkpoint\SSF_CWRU_0304-154929\best_pt (val_loss=-0.9700)
03-04 15:49:42 Epoch 040 Train loss -0.9884 | Val loss -0.9700
03-04 15:49:42 -----Epoch 41/49-----
03-04 15:49:42 current lr: 0.00390102
03-04 15:49:42 Saved best checkpoint to ./checkpoint\SSF_CWRU_0304-154929\best_pt (val_loss=-0.9700)
03-04 15:49:42 Epoch 041 Train loss -0.9885 | Val loss -0.9700
03-04 15:49:42 -----Epoch 42/49-----
03-04 15:49:43 current lr: 0.00310171
03-04 15:49:43 Saved best checkpoint to ./checkpoint\SSF_CWRU_0304-154929\best_pt (val_loss=-0.9701)
03-04 15:49:43 Epoch 042 Train loss -0.9885 | Val loss -0.9701
03-04 15:49:43 -----Epoch 43/49-----
03-04 15:49:43 current lr: 0.00238885
03-04 15:49:43 No improvement in val_loss for 1/10 epochs.
03-04 15:49:43 Epoch 043 Train loss -0.9885 | Val loss -0.9701
03-04 15:49:43 -----Epoch 44/49-----
03-04 15:49:43 current lr: 0.00176524
03-04 15:49:43 Saved best checkpoint to ./checkpoint\SSF_CWRU_0304-154929\best_pt (val_loss=-0.9701)
03-04 15:49:43 Epoch 044 Train loss -0.9885 | Val loss -0.9701
03-04 15:49:43 -----Epoch 45/49-----
03-04 15:49:44 current lr: 0.00123334
03-04 15:49:44 Saved best checkpoint to ./checkpoint\SSF_CWRU_0304-154929\best_pt (val_loss=-0.9701)
03-04 15:49:44 Epoch 045 Train loss -0.9885 | Val loss -0.9701
03-04 15:49:44 -----Epoch 46/49-----
03-04 15:49:44 current lr: 0.000795264
03-04 15:49:44 Saved best checkpoint to ./checkpoint\SSF_CWRU_0304-154929\best_pt (val_loss=-0.9701)
03-04 15:49:44 Epoch 046 Train loss -0.9886 | Val loss -0.9701
03-04 15:49:44 -----Epoch 47/49-----
03-04 15:49:44 current lr: 0.00045273
03-04 15:49:44 Saved best checkpoint to ./checkpoint\SSF_CWRU_0304-154929\best_pt (val_loss=-0.9701)
03-04 15:49:44 Epoch 047 Train loss -0.9886 | Val loss -0.9701
03-04 15:49:44 -----Epoch 48/49-----
03-04 15:49:44 current lr: 0.000207093
03-04 15:49:44 Saved best checkpoint to ./checkpoint\SSF_CWRU_0304-154929\best_pt (val_loss=-0.9701)
03-04 15:49:44 Epoch 048 Train loss -0.9886 | Val loss -0.9701
03-04 15:49:44 -----Epoch 49/49-----
03-04 15:49:45 current lr: 5.93219e-05
03-04 15:49:45 No improvement in val_loss for 1/10 epochs.
03-04 15:49:45 Epoch 049 Train loss -0.9885 | Val loss -0.9701
03-04 15:49:45 TEST (last): loss -0.9714
03-04 15:49:45 Loaded best checkpoint from ./checkpoint\SSF_CWRU_0304-154929\best_pt (val_loss=-0.9701427173614502)
03-04 15:49:45 TEST (best): loss -0.9714
03-04 15:49:45 [LP epoch 00] train_loss=1.5534 train_acc=0.1750 | val_loss=1.3586 val_acc=0.3175 | 
03-04 15:49:45 [LP epoch 01] train_loss=1.2602 train_acc=0.3250 | val_loss=1.3273 val_acc=0.6275 | 
03-04 15:49:45 [LP epoch 02] train_loss=1.1179 train_acc=0.7250 | val_loss=1.2901 val_acc=0.6075 | 
03-04 15:49:45 [LP epoch 03] train_loss=1.0339 train_acc=0.8250 | val_loss=1.2501 val_acc=0.6025 | 
03-04 15:49:45 [LP epoch 04] train_loss=0.9724 train_acc=0.8250 | val_loss=1.2095 val_acc=0.6075 | 
03-04 15:49:45 [LP epoch 05] train_loss=0.9239 train_acc=0.9000 | val_loss=1.1704 val_acc=0.6475 | 
03-04 15:49:46 [LP epoch 06] train_loss=0.8878 train_acc=0.9000 | val_loss=1.1345 val_acc=0.6875 | 
03-04 15:49:46 [LP epoch 07] train_loss=0.8594 train_acc=0.9250 | val_loss=1.1012 val_acc=0.7150 | 
03-04 15:49:46 [LP epoch 08] train_loss=0.8361 train_acc=0.9750 | val_loss=1.0689 val_acc=0.7175 | 
03-04 15:49:46 [LP epoch 09] train_loss=0.8159 train_acc=0.9750 | val_loss=1.0367 val_acc=0.7300 | 
03-04 15:49:46 [LP epoch 10] train_loss=0.8005 train_acc=0.9750 | val_loss=1.0044 val_acc=0.7300 | 
03-04 15:49:46 [LP epoch 11] train_loss=0.7866 train_acc=0.9750 | val_loss=0.9724 val_acc=0.7400 | 
03-04 15:49:46 [LP epoch 12] train_loss=0.7753 train_acc=0.9750 | val_loss=0.9398 val_acc=0.7500 | 
03-04 15:49:46 [LP epoch 13] train_loss=0.7632 train_acc=0.9750 | val_loss=0.9074 val_acc=0.7750 | 
03-04 15:49:46 [LP epoch 14] train_loss=0.7520 train_acc=1.0000 | val_loss=0.8780 val_acc=0.7850 | 
03-04 15:49:46 [LP epoch 15] train_loss=0.7431 train_acc=1.0000 | val_loss=0.8520 val_acc=0.8150 | 
03-04 15:49:46 [LP epoch 16] train_loss=0.7359 train_acc=1.0000 | val_loss=0.8289 val_acc=0.8150 | 
03-04 15:49:47 [LP epoch 17] train_loss=0.7275 train_acc=1.0000 | val_loss=0.8084 val_acc=0.8200 | 
03-04 15:49:47 [LP epoch 18] train_loss=0.7220 train_acc=1.0000 | val_loss=0.7896 val_acc=0.8375 | 
03-04 15:49:47 [LP epoch 19] train_loss=0.7157 train_acc=1.0000 | val_loss=0.7735 val_acc=0.8550 | 
03-04 15:49:47 [LP epoch 20] train_loss=0.7077 train_acc=1.0000 | val_loss=0.7623 val_acc=0.8550 | 
03-04 15:49:47 [LP epoch 21] train_loss=0.7007 train_acc=0.9750 | val_loss=0.7527 val_acc=0.8525 | 
03-04 15:49:47 [LP epoch 22] train_loss=0.6955 train_acc=0.9750 | val_loss=0.7404 val_acc=0.8625 | 
03-04 15:49:47 [LP epoch 23] train_loss=0.6887 train_acc=0.9750 | val_loss=0.7269 val_acc=0.8775 | 
03-04 15:49:47 [LP epoch 24] train_loss=0.6831 train_acc=0.9750 | val_loss=0.7162 val_acc=0.8975 | 
03-04 15:49:47 [LP epoch 25] train_loss=0.6767 train_acc=0.9750 | val_loss=0.7062 val_acc=0.9050 | 
03-04 15:49:47 [LP epoch 26] train_loss=0.6715 train_acc=0.9750 | val_loss=0.6988 val_acc=0.9075 | 
03-04 15:49:48 [LP epoch 27] train_loss=0.6656 train_acc=0.9750 | val_loss=0.6896 val_acc=0.9175 | 
03-04 15:49:48 [LP epoch 28] train_loss=0.6596 train_acc=0.9750 | val_loss=0.6815 val_acc=0.9275 | 
03-04 15:49:48 [LP epoch 29] train_loss=0.6542 train_acc=0.9750 | val_loss=0.6777 val_acc=0.9300 | 
03-04 15:49:48 [LP epoch 30] train_loss=0.6484 train_acc=0.9750 | val_loss=0.6754 val_acc=0.9200 | 
03-04 15:49:48 [LP epoch 31] train_loss=0.6441 train_acc=0.9750 | val_loss=0.6692 val_acc=0.9225 | 
03-04 15:49:48 [LP epoch 32] train_loss=0.6401 train_acc=0.9750 | val_loss=0.6609 val_acc=0.9350 | 
03-04 15:49:48 [LP epoch 33] train_loss=0.6340 train_acc=0.9750 | val_loss=0.6547 val_acc=0.9400 | 
03-04 15:49:48 [LP epoch 34] train_loss=0.6299 train_acc=0.9750 | val_loss=0.6497 val_acc=0.9425 | 
03-04 15:49:48 [LP epoch 35] train_loss=0.6251 train_acc=0.9750 | val_loss=0.6461 val_acc=0.9425 | 
03-04 15:49:48 [LP epoch 36] train_loss=0.6206 train_acc=0.9750 | val_loss=0.6415 val_acc=0.9450 | 
03-04 15:49:48 [LP epoch 37] train_loss=0.6190 train_acc=0.9750 | val_loss=0.6336 val_acc=0.9450 | 
03-04 15:49:49 [LP epoch 38] train_loss=0.6123 train_acc=0.9750 | val_loss=0.6310 val_acc=0.9450 | 
03-04 15:49:49 [LP epoch 39] train_loss=0.6082 train_acc=0.9750 | val_loss=0.6296 val_acc=0.9475 | 
03-04 15:49:49 [LP epoch 40] train_loss=0.6038 train_acc=0.9750 | val_loss=0.6278 val_acc=0.9450 | 
03-04 15:49:49 [LP epoch 41] train_loss=0.6006 train_acc=0.9750 | val_loss=0.6279 val_acc=0.9450 | 
03-04 15:49:49 [LP epoch 42] train_loss=0.5976 train_acc=1.0000 | val_loss=0.6241 val_acc=0.9475 | 
03-04 15:49:49 [LP epoch 43] train_loss=0.5943 train_acc=1.0000 | val_loss=0.6203 val_acc=0.9500 | 
03-04 15:49:49 [LP epoch 44] train_loss=0.5890 train_acc=1.0000 | val_loss=0.6181 val_acc=0.9525 | 
03-04 15:49:49 [LP epoch 45] train_loss=0.5849 train_acc=1.0000 | val_loss=0.6159 val_acc=0.9500 | 
03-04 15:49:49 [LP epoch 46] train_loss=0.5796 train_acc=1.0000 | val_loss=0.6138 val_acc=0.9425 | 
03-04 15:49:49 [LP epoch 47] train_loss=0.5766 train_acc=1.0000 | val_loss=0.6127 val_acc=0.9475 | 
03-04 15:49:50 [LP epoch 48] train_loss=0.5727 train_acc=1.0000 | val_loss=0.6133 val_acc=0.9425 | 
03-04 15:49:50 [LP epoch 49] train_loss=0.5720 train_acc=1.0000 | val_loss=0.6019 val_acc=0.9500 | 
03-04 15:49:50 Saved linear-probe checkpoint: ./checkpoint\SSF_CWRU_0304-154929\linear_probe_best.pt (best_val_acc=0.9525)
03-04 15:49:50 TEST linear-probe: loss=0.5837 acc=0.9800
