05-04 15:18:50 ================================================================================
05-04 15:18:50 RUN: aug=('gaussian', 'gaussian') hidden=128 latent=160 blocks=None seed=0
05-04 15:18:50 model_name: CNN_1d
05-04 15:18:50 data_name: PU
05-04 15:18:50 aug_1: gaussian
05-04 15:18:50 aug_2: gaussian
05-04 15:18:50 data_view: TwoViewDataset
05-04 15:18:50 data_dir: raw_data/PU
05-04 15:18:50 out_channel: 6
05-04 15:18:50 normlizetype: None
05-04 15:18:50 processing_type: O_N
05-04 15:18:50 max_epoch: 50
05-04 15:18:50 classifier_epoch: 50
05-04 15:18:50 batch_size: 64
05-04 15:18:50 cuda_device: 0
05-04 15:18:50 checkpoint_dir: ./checkpoint
05-04 15:18:50 opt: sgd
05-04 15:18:50 lr: 0.05
05-04 15:18:50 momentum: 0.9
05-04 15:18:50 weight_decay: 0.0001
05-04 15:18:50 lr_scheduler: cos
05-04 15:18:50 gamma: 0.95
05-04 15:18:50 eta_min: 1e-05
05-04 15:18:50 latent_space: 160
05-04 15:18:50 num_blocks_ssf: None
05-04 15:18:50 hidden_channel: 128
05-04 15:18:50 per_class_samples: 1000
05-04 15:18:50 classifier_samples: 100
05-04 15:18:50 task: self_supervised
05-04 15:18:50 critetion: <class 'utils.loss_SSL.SimSiamLoss'>
05-04 15:18:50 using 1 cpu
05-04 15:18:50 Dataset class: <class 'data_utils.datasets.PU.PU'>
