05-04 11:17:22 ================================================================================
05-04 11:17:22 RUN: aug=('normal', 'gaussian') hidden=128 latent=160 blocks=7 seed=0
05-04 11:17:22 model_name: SSF
05-04 11:17:22 data_name: PU
05-04 11:17:22 aug_1: normal
05-04 11:17:22 aug_2: gaussian
05-04 11:17:22 data_view: TwoViewDataset
05-04 11:17:22 data_dir: raw_data/PU
05-04 11:17:22 out_channel: 6
05-04 11:17:22 normlizetype: None
05-04 11:17:22 processing_type: RA
05-04 11:17:22 max_epoch: 50
05-04 11:17:22 classifier_epoch: 50
05-04 11:17:22 batch_size: 64
05-04 11:17:22 cuda_device: 0
05-04 11:17:22 checkpoint_dir: ./checkpoint
05-04 11:17:22 opt: sgd
05-04 11:17:22 lr: 0.05
05-04 11:17:22 momentum: 0.9
05-04 11:17:22 weight_decay: 0.0001
05-04 11:17:22 lr_scheduler: cos
05-04 11:17:22 gamma: 0.95
05-04 11:17:22 eta_min: 1e-05
05-04 11:17:22 latent_space: 160
05-04 11:17:22 num_blocks_ssf: 7
05-04 11:17:22 hidden_channel: 128
05-04 11:17:22 per_class_samples: 1000
05-04 11:17:22 classifier_samples: 100
05-04 11:17:22 task: self_supervised
05-04 11:17:22 critetion: <class 'utils.loss_SSL.SimSiamLoss'>
05-04 11:17:22 using 1 gpus
05-04 11:17:22 Dataset class: <class 'data_utils.datasets.PU.PU'>
05-04 11:17:24 Split sizes: train=6000 val=6000 test=6000, classier=600
05-04 11:17:24 Label counts train: Counter({0: 1000, 2: 1000, 1: 1000, 5: 1000, 4: 1000, 3: 1000})
05-04 11:17:25 Label counts val:   Counter({2: 1000, 3: 1000, 0: 1000, 4: 1000, 1: 1000, 5: 1000})
05-04 11:17:25 Label counts test:  Counter({3: 1000, 2: 1000, 5: 1000, 0: 1000, 1: 1000, 4: 1000})
05-04 11:17:25 Label counts classifier:  Counter({3: 100, 2: 100, 4: 100, 5: 100, 1: 100, 0: 100})
05-04 11:17:25 Label counts classifier validation:  Counter({4: 100, 1: 100, 3: 100, 2: 100, 5: 100, 0: 100})
05-04 11:17:27 -----Epoch 0/49-----
05-04 11:17:35 current lr: 0.05
05-04 11:17:35 Saved best checkpoint to ./checkpoint\SSF_PU_0504-111722\best_pt (val_loss=-0.9580)
05-04 11:17:35 Epoch 000 Train loss -0.9345 | Val loss -0.9580
05-04 11:17:35 -----Epoch 1/49-----
05-04 11:17:43 current lr: 0.0499507
05-04 11:17:43 Saved best checkpoint to ./checkpoint\SSF_PU_0504-111722\best_pt (val_loss=-0.9593)
05-04 11:17:43 Epoch 001 Train loss -0.9802 | Val loss -0.9593
05-04 11:17:43 -----Epoch 2/49-----
05-04 11:17:52 current lr: 0.0498029
05-04 11:17:52 Saved best checkpoint to ./checkpoint\SSF_PU_0504-111722\best_pt (val_loss=-0.9599)
05-04 11:17:52 Epoch 002 Train loss -0.9815 | Val loss -0.9599
05-04 11:17:52 -----Epoch 3/49-----
05-04 11:18:00 current lr: 0.0495573
05-04 11:18:00 No improvement in val_loss for 1/10 epochs.
05-04 11:18:00 Epoch 003 Train loss -0.9808 | Val loss -0.9590
05-04 11:18:00 -----Epoch 4/49-----
05-04 11:18:09 current lr: 0.0492147
05-04 11:18:09 No improvement in val_loss for 2/10 epochs.
05-04 11:18:09 Epoch 004 Train loss -0.9801 | Val loss -0.9595
05-04 11:18:09 -----Epoch 5/49-----
05-04 11:18:17 current lr: 0.0487767
05-04 11:18:17 Saved best checkpoint to ./checkpoint\SSF_PU_0504-111722\best_pt (val_loss=-0.9702)
05-04 11:18:17 Epoch 005 Train loss -0.9830 | Val loss -0.9702
05-04 11:18:17 -----Epoch 6/49-----
05-04 11:18:25 current lr: 0.0482448
05-04 11:18:25 No improvement in val_loss for 1/10 epochs.
05-04 11:18:25 Epoch 006 Train loss -0.9840 | Val loss -0.9670
05-04 11:18:25 -----Epoch 7/49-----
05-04 11:18:34 current lr: 0.0476212
05-04 11:18:34 No improvement in val_loss for 2/10 epochs.
05-04 11:18:34 Epoch 007 Train loss -0.9841 | Val loss -0.9648
05-04 11:18:34 -----Epoch 8/49-----
05-04 11:18:43 current lr: 0.0469083
05-04 11:18:43 Saved best checkpoint to ./checkpoint\SSF_PU_0504-111722\best_pt (val_loss=-0.9710)
05-04 11:18:43 Epoch 008 Train loss -0.9876 | Val loss -0.9710
05-04 11:18:43 -----Epoch 9/49-----
05-04 11:18:51 current lr: 0.046109
05-04 11:18:51 No improvement in val_loss for 1/10 epochs.
05-04 11:18:51 Epoch 009 Train loss -0.9865 | Val loss -0.9661
05-04 11:18:51 -----Epoch 10/49-----
05-04 11:19:00 current lr: 0.0452264
05-04 11:19:00 No improvement in val_loss for 2/10 epochs.
05-04 11:19:00 Epoch 010 Train loss -0.9862 | Val loss -0.9568
05-04 11:19:00 -----Epoch 11/49-----
05-04 11:19:08 current lr: 0.044264
05-04 11:19:08 No improvement in val_loss for 3/10 epochs.
05-04 11:19:08 Epoch 011 Train loss -0.9815 | Val loss -0.9606
05-04 11:19:08 -----Epoch 12/49-----
05-04 11:19:17 current lr: 0.0432256
05-04 11:19:17 No improvement in val_loss for 4/10 epochs.
05-04 11:19:17 Epoch 012 Train loss -0.9838 | Val loss -0.9663
05-04 11:19:17 -----Epoch 13/49-----
05-04 11:19:25 current lr: 0.0421153
05-04 11:19:25 No improvement in val_loss for 5/10 epochs.
05-04 11:19:25 Epoch 013 Train loss -0.9825 | Val loss -0.9603
05-04 11:19:25 -----Epoch 14/49-----
05-04 11:19:34 current lr: 0.0409374
05-04 11:19:34 No improvement in val_loss for 6/10 epochs.
05-04 11:19:34 Epoch 014 Train loss -0.9842 | Val loss -0.9519
05-04 11:19:34 -----Epoch 15/49-----
05-04 11:19:42 current lr: 0.0396967
05-04 11:19:42 No improvement in val_loss for 7/10 epochs.
05-04 11:19:42 Epoch 015 Train loss -0.9815 | Val loss -0.9529
05-04 11:19:42 -----Epoch 16/49-----
05-04 11:19:51 current lr: 0.038398
05-04 11:19:51 No improvement in val_loss for 8/10 epochs.
05-04 11:19:51 Epoch 016 Train loss -0.9835 | Val loss -0.9520
05-04 11:19:51 -----Epoch 17/49-----
05-04 11:19:59 current lr: 0.0370464
05-04 11:19:59 No improvement in val_loss for 9/10 epochs.
05-04 11:19:59 Epoch 017 Train loss -0.9873 | Val loss -0.9575
05-04 11:19:59 -----Epoch 18/49-----
05-04 11:20:07 current lr: 0.0356474
05-04 11:20:07 No improvement in val_loss for 10/10 epochs.
05-04 11:20:07 Early stopping at epoch 18 (best val_loss=-0.9710).
05-04 11:20:10 TEST (last): loss -0.9531
05-04 11:20:10 Loaded best checkpoint from ./checkpoint\SSF_PU_0504-111722\best_pt (val_loss=-0.9709526739120483)
05-04 11:20:12 TEST (best): loss -0.9707
05-04 11:20:20 Threshold: 0.47844832799386694
05-04 11:20:20 Binary accuracy: 0.745500
05-04 11:20:20 Confusion matrix:
[[ 963   37]
 [1490 3510]]
05-04 11:20:20 Report:
              precision    recall  f1-score   support

      normal       0.39      0.96      0.56      1000
     anomaly       0.99      0.70      0.82      5000

    accuracy                           0.75      6000
   macro avg       0.69      0.83      0.69      6000
weighted avg       0.89      0.75      0.78      6000

05-04 11:20:20 Rates: {1: 0.36, 2: 0.259, 3: 0.892, 4: 1.0, 5: 0.999}
05-04 11:20:21 [LP epoch 00] train_loss=1.5073 train_acc=0.4900 | val_loss=1.5628 val_acc=0.4167 | 
05-04 11:20:22 [LP epoch 01] train_loss=1.3017 train_acc=0.6517 | val_loss=1.3378 val_acc=0.7150 | 
05-04 11:20:22 [LP epoch 02] train_loss=1.1854 train_acc=0.6950 | val_loss=1.1601 val_acc=0.7450 | 
05-04 11:20:23 [LP epoch 03] train_loss=1.0967 train_acc=0.7083 | val_loss=1.0523 val_acc=0.7483 | 
05-04 11:20:23 [LP epoch 04] train_loss=1.0363 train_acc=0.7183 | val_loss=0.9926 val_acc=0.7433 | 
05-04 11:20:24 [LP epoch 05] train_loss=0.9824 train_acc=0.7400 | val_loss=0.9388 val_acc=0.7567 | 
05-04 11:20:24 [LP epoch 06] train_loss=0.9573 train_acc=0.7500 | val_loss=0.8999 val_acc=0.7733 | 
05-04 11:20:25 [LP epoch 07] train_loss=0.9133 train_acc=0.7667 | val_loss=0.8788 val_acc=0.7883 | 
05-04 11:20:25 [LP epoch 08] train_loss=0.8958 train_acc=0.7617 | val_loss=0.8577 val_acc=0.7767 | 
05-04 11:20:26 [LP epoch 09] train_loss=0.8567 train_acc=0.7667 | val_loss=0.8621 val_acc=0.7717 | 
05-04 11:20:27 [LP epoch 10] train_loss=0.8375 train_acc=0.8100 | val_loss=0.8349 val_acc=0.8050 | 
05-04 11:20:27 [LP epoch 11] train_loss=0.8340 train_acc=0.8117 | val_loss=0.8181 val_acc=0.8183 | 
05-04 11:20:28 [LP epoch 12] train_loss=0.8382 train_acc=0.8000 | val_loss=0.8009 val_acc=0.8150 | 
05-04 11:20:28 [LP epoch 13] train_loss=0.8381 train_acc=0.7933 | val_loss=0.8206 val_acc=0.8000 | 
05-04 11:20:29 [LP epoch 14] train_loss=0.8124 train_acc=0.8133 | val_loss=0.7896 val_acc=0.8300 | 
05-04 11:20:29 [LP epoch 15] train_loss=0.7846 train_acc=0.8300 | val_loss=0.7935 val_acc=0.8300 | 
05-04 11:20:30 [LP epoch 16] train_loss=0.7775 train_acc=0.8383 | val_loss=0.7805 val_acc=0.8350 | 
05-04 11:20:30 [LP epoch 17] train_loss=0.7876 train_acc=0.8367 | val_loss=0.7941 val_acc=0.8217 | 
05-04 11:20:31 [LP epoch 18] train_loss=0.7847 train_acc=0.8300 | val_loss=0.7733 val_acc=0.8367 | 
05-04 11:20:31 [LP epoch 19] train_loss=0.7838 train_acc=0.8300 | val_loss=0.7801 val_acc=0.8367 | 
05-04 11:20:32 [LP epoch 20] train_loss=0.7727 train_acc=0.8417 | val_loss=0.7606 val_acc=0.8500 | 
05-04 11:20:32 [LP epoch 21] train_loss=0.7602 train_acc=0.8450 | val_loss=0.7471 val_acc=0.8517 | 
05-04 11:20:33 [LP epoch 22] train_loss=0.7499 train_acc=0.8583 | val_loss=0.7607 val_acc=0.8267 | 
05-04 11:20:33 [LP epoch 23] train_loss=0.7433 train_acc=0.8433 | val_loss=0.7364 val_acc=0.8600 | 
05-04 11:20:34 [LP epoch 24] train_loss=0.7488 train_acc=0.8567 | val_loss=0.7333 val_acc=0.8583 | 
05-04 11:20:34 [LP epoch 25] train_loss=0.7443 train_acc=0.8683 | val_loss=0.7473 val_acc=0.8650 | 
05-04 11:20:35 [LP epoch 26] train_loss=0.7632 train_acc=0.8467 | val_loss=0.7284 val_acc=0.8617 | 
05-04 11:20:35 [LP epoch 27] train_loss=0.7372 train_acc=0.8617 | val_loss=0.7284 val_acc=0.8550 | 
05-04 11:20:36 [LP epoch 28] train_loss=0.7361 train_acc=0.8717 | val_loss=0.7186 val_acc=0.8700 | 
05-04 11:20:36 [LP epoch 29] train_loss=0.7302 train_acc=0.8700 | val_loss=0.7066 val_acc=0.8617 | 
05-04 11:20:37 [LP epoch 30] train_loss=0.7053 train_acc=0.8850 | val_loss=0.7166 val_acc=0.8767 | 
05-04 11:20:37 [LP epoch 31] train_loss=0.7142 train_acc=0.8733 | val_loss=0.7153 val_acc=0.8617 | 
05-04 11:20:38 [LP epoch 32] train_loss=0.7140 train_acc=0.8783 | val_loss=0.7047 val_acc=0.8617 | 
05-04 11:20:38 [LP epoch 33] train_loss=0.6933 train_acc=0.8883 | val_loss=0.7304 val_acc=0.8600 | 
05-04 11:20:39 [LP epoch 34] train_loss=0.7399 train_acc=0.8550 | val_loss=0.7501 val_acc=0.8650 | 
05-04 11:20:40 [LP epoch 35] train_loss=0.7386 train_acc=0.8667 | val_loss=0.7243 val_acc=0.8617 | 
05-04 11:20:40 [LP epoch 36] train_loss=0.7302 train_acc=0.8617 | val_loss=0.7289 val_acc=0.8750 | 
05-04 11:20:41 [LP epoch 37] train_loss=0.7675 train_acc=0.8367 | val_loss=0.7456 val_acc=0.8550 | 
05-04 11:20:41 [LP epoch 38] train_loss=0.7166 train_acc=0.8817 | val_loss=0.7121 val_acc=0.8667 | 
05-04 11:20:42 [LP epoch 39] train_loss=0.7086 train_acc=0.8900 | val_loss=0.7114 val_acc=0.8750 | 
05-04 11:20:42 [LP epoch 40] train_loss=0.6934 train_acc=0.8933 | val_loss=0.6994 val_acc=0.8783 | 
05-04 11:20:43 [LP epoch 41] train_loss=0.6954 train_acc=0.8800 | val_loss=0.7057 val_acc=0.8800 | 
05-04 11:20:43 [LP epoch 42] train_loss=0.6965 train_acc=0.8900 | val_loss=0.6914 val_acc=0.8783 | 
05-04 11:20:44 [LP epoch 43] train_loss=0.6842 train_acc=0.8933 | val_loss=0.6711 val_acc=0.8917 | 
05-04 11:20:44 [LP epoch 44] train_loss=0.6828 train_acc=0.9000 | val_loss=0.6702 val_acc=0.9050 | 
05-04 11:20:45 [LP epoch 45] train_loss=0.6894 train_acc=0.8850 | val_loss=0.6917 val_acc=0.8767 | 
05-04 11:20:45 [LP epoch 46] train_loss=0.6863 train_acc=0.9083 | val_loss=0.7084 val_acc=0.8900 | 
05-04 11:20:46 [LP epoch 47] train_loss=0.6778 train_acc=0.9017 | val_loss=0.6759 val_acc=0.8967 | 
05-04 11:20:46 [LP epoch 48] train_loss=0.7023 train_acc=0.8883 | val_loss=0.6819 val_acc=0.9033 | 
05-04 11:20:47 [LP epoch 49] train_loss=0.6841 train_acc=0.9033 | val_loss=0.6773 val_acc=0.9017 | 
05-04 11:20:47 Saved linear-probe checkpoint: ./checkpoint\SSF_PU_0504-111722\linear_probe_best.pt (best_val_acc=0.9050)
05-04 11:20:49 TEST linear-probe: loss=0.6797 acc=0.9003
05-04 11:20:49 ================================================================================
05-04 11:20:49 RUN: aug=('normal', 'gaussian') hidden=128 latent=160 blocks=7 seed=1
05-04 11:20:49 model_name: SSF
05-04 11:20:49 data_name: PU
05-04 11:20:49 aug_1: normal
05-04 11:20:49 aug_2: gaussian
05-04 11:20:49 data_view: TwoViewDataset
05-04 11:20:49 data_dir: raw_data/PU
05-04 11:20:49 out_channel: 6
05-04 11:20:49 normlizetype: None
05-04 11:20:49 processing_type: RA
05-04 11:20:49 max_epoch: 50
05-04 11:20:49 classifier_epoch: 50
05-04 11:20:49 batch_size: 64
05-04 11:20:49 cuda_device: 0
05-04 11:20:49 checkpoint_dir: ./checkpoint
05-04 11:20:49 opt: sgd
05-04 11:20:49 lr: 0.05
05-04 11:20:49 momentum: 0.9
05-04 11:20:49 weight_decay: 0.0001
05-04 11:20:49 lr_scheduler: cos
05-04 11:20:49 gamma: 0.95
05-04 11:20:49 eta_min: 1e-05
05-04 11:20:49 latent_space: 160
05-04 11:20:49 num_blocks_ssf: 7
05-04 11:20:49 hidden_channel: 128
05-04 11:20:49 per_class_samples: 1000
05-04 11:20:49 classifier_samples: 100
05-04 11:20:49 task: self_supervised
05-04 11:20:49 critetion: <class 'utils.loss_SSL.SimSiamLoss'>
05-04 11:20:49 using 1 gpus
05-04 11:20:49 Dataset class: <class 'data_utils.datasets.PU.PU'>
05-04 11:20:51 Split sizes: train=6000 val=6000 test=6000, classier=600
05-04 11:20:51 Label counts train: Counter({0: 1000, 2: 1000, 1: 1000, 5: 1000, 4: 1000, 3: 1000})
05-04 11:20:51 Label counts val:   Counter({2: 1000, 3: 1000, 0: 1000, 4: 1000, 1: 1000, 5: 1000})
05-04 11:20:51 Label counts test:  Counter({3: 1000, 2: 1000, 5: 1000, 0: 1000, 1: 1000, 4: 1000})
05-04 11:20:51 Label counts classifier:  Counter({0: 100, 4: 100, 5: 100, 1: 100, 3: 100, 2: 100})
05-04 11:20:51 Label counts classifier validation:  Counter({3: 100, 1: 100, 0: 100, 5: 100, 2: 100, 4: 100})
05-04 11:20:51 -----Epoch 0/49-----
05-04 11:21:00 current lr: 0.05
05-04 11:21:00 Saved best checkpoint to ./checkpoint\SSF_PU_0504-111722\best_pt (val_loss=-0.9508)
05-04 11:21:00 Epoch 000 Train loss -0.9394 | Val loss -0.9508
05-04 11:21:00 -----Epoch 1/49-----
05-04 11:21:08 current lr: 0.0499507
05-04 11:21:08 Saved best checkpoint to ./checkpoint\SSF_PU_0504-111722\best_pt (val_loss=-0.9609)
05-04 11:21:08 Epoch 001 Train loss -0.9762 | Val loss -0.9609
05-04 11:21:08 -----Epoch 2/49-----
05-04 11:21:16 current lr: 0.0498029
05-04 11:21:16 No improvement in val_loss for 1/10 epochs.
05-04 11:21:16 Epoch 002 Train loss -0.9799 | Val loss -0.9570
05-04 11:21:16 -----Epoch 3/49-----
05-04 11:21:25 current lr: 0.0495573
05-04 11:21:25 Saved best checkpoint to ./checkpoint\SSF_PU_0504-111722\best_pt (val_loss=-0.9631)
05-04 11:21:25 Epoch 003 Train loss -0.9830 | Val loss -0.9631
05-04 11:21:25 -----Epoch 4/49-----
05-04 11:21:33 current lr: 0.0492147
05-04 11:21:33 No improvement in val_loss for 1/10 epochs.
05-04 11:21:33 Epoch 004 Train loss -0.9834 | Val loss -0.9586
05-04 11:21:33 -----Epoch 5/49-----
05-04 11:21:41 current lr: 0.0487767
05-04 11:21:41 Saved best checkpoint to ./checkpoint\SSF_PU_0504-111722\best_pt (val_loss=-0.9635)
05-04 11:21:41 Epoch 005 Train loss -0.9861 | Val loss -0.9635
05-04 11:21:41 -----Epoch 6/49-----
05-04 11:21:49 current lr: 0.0482448
05-04 11:21:49 Saved best checkpoint to ./checkpoint\SSF_PU_0504-111722\best_pt (val_loss=-0.9644)
05-04 11:21:49 Epoch 006 Train loss -0.9868 | Val loss -0.9644
05-04 11:21:49 -----Epoch 7/49-----
05-04 11:21:58 current lr: 0.0476212
05-04 11:21:58 No improvement in val_loss for 1/10 epochs.
05-04 11:21:58 Epoch 007 Train loss -0.9874 | Val loss -0.9636
05-04 11:21:58 -----Epoch 8/49-----
05-04 11:22:06 current lr: 0.0469083
05-04 11:22:06 Saved best checkpoint to ./checkpoint\SSF_PU_0504-111722\best_pt (val_loss=-0.9652)
05-04 11:22:06 Epoch 008 Train loss -0.9868 | Val loss -0.9652
05-04 11:22:06 -----Epoch 9/49-----
05-04 11:22:14 current lr: 0.046109
05-04 11:22:14 No improvement in val_loss for 1/10 epochs.
05-04 11:22:14 Epoch 009 Train loss -0.9852 | Val loss -0.9619
05-04 11:22:14 -----Epoch 10/49-----
05-04 11:22:22 current lr: 0.0452264
05-04 11:22:22 No improvement in val_loss for 2/10 epochs.
05-04 11:22:22 Epoch 010 Train loss -0.9865 | Val loss -0.9594
05-04 11:22:22 -----Epoch 11/49-----
05-04 11:22:31 current lr: 0.044264
05-04 11:22:31 Saved best checkpoint to ./checkpoint\SSF_PU_0504-111722\best_pt (val_loss=-0.9665)
05-04 11:22:31 Epoch 011 Train loss -0.9893 | Val loss -0.9665
05-04 11:22:31 -----Epoch 12/49-----
05-04 11:22:39 current lr: 0.0432256
05-04 11:22:39 No improvement in val_loss for 1/10 epochs.
05-04 11:22:39 Epoch 012 Train loss -0.9881 | Val loss -0.9590
05-04 11:22:39 -----Epoch 13/49-----
05-04 11:22:47 current lr: 0.0421153
05-04 11:22:47 Saved best checkpoint to ./checkpoint\SSF_PU_0504-111722\best_pt (val_loss=-0.9674)
05-04 11:22:47 Epoch 013 Train loss -0.9889 | Val loss -0.9674
05-04 11:22:47 -----Epoch 14/49-----
05-04 11:22:55 current lr: 0.0409374
05-04 11:22:55 No improvement in val_loss for 1/10 epochs.
05-04 11:22:55 Epoch 014 Train loss -0.9913 | Val loss -0.9622
05-04 11:22:55 -----Epoch 15/49-----
05-04 11:23:04 current lr: 0.0396967
05-04 11:23:04 No improvement in val_loss for 2/10 epochs.
05-04 11:23:04 Epoch 015 Train loss -0.9923 | Val loss -0.9673
05-04 11:23:04 -----Epoch 16/49-----
05-04 11:23:12 current lr: 0.038398
05-04 11:23:12 No improvement in val_loss for 3/10 epochs.
05-04 11:23:12 Epoch 016 Train loss -0.9929 | Val loss -0.9653
05-04 11:23:12 -----Epoch 17/49-----
05-04 11:23:20 current lr: 0.0370464
05-04 11:23:20 No improvement in val_loss for 4/10 epochs.
05-04 11:23:20 Epoch 017 Train loss -0.9933 | Val loss -0.9671
05-04 11:23:20 -----Epoch 18/49-----
05-04 11:23:28 current lr: 0.0356474
05-04 11:23:28 No improvement in val_loss for 5/10 epochs.
05-04 11:23:28 Epoch 018 Train loss -0.9936 | Val loss -0.9650
05-04 11:23:28 -----Epoch 19/49-----
05-04 11:23:37 current lr: 0.0342063
05-04 11:23:37 No improvement in val_loss for 6/10 epochs.
05-04 11:23:37 Epoch 019 Train loss -0.9936 | Val loss -0.9665
05-04 11:23:37 -----Epoch 20/49-----
05-04 11:23:45 current lr: 0.0327289
05-04 11:23:45 No improvement in val_loss for 7/10 epochs.
05-04 11:23:45 Epoch 020 Train loss -0.9940 | Val loss -0.9668
05-04 11:23:45 -----Epoch 21/49-----
05-04 11:23:53 current lr: 0.031221
05-04 11:23:53 Saved best checkpoint to ./checkpoint\SSF_PU_0504-111722\best_pt (val_loss=-0.9678)
05-04 11:23:53 Epoch 021 Train loss -0.9939 | Val loss -0.9678
05-04 11:23:53 -----Epoch 22/49-----
05-04 11:24:01 current lr: 0.0296886
05-04 11:24:01 Saved best checkpoint to ./checkpoint\SSF_PU_0504-111722\best_pt (val_loss=-0.9690)
05-04 11:24:01 Epoch 022 Train loss -0.9944 | Val loss -0.9690
05-04 11:24:01 -----Epoch 23/49-----
05-04 11:24:10 current lr: 0.0281377
05-04 11:24:10 Saved best checkpoint to ./checkpoint\SSF_PU_0504-111722\best_pt (val_loss=-0.9699)
05-04 11:24:10 Epoch 023 Train loss -0.9946 | Val loss -0.9699
05-04 11:24:10 -----Epoch 24/49-----
05-04 11:24:18 current lr: 0.0265744
05-04 11:24:18 No improvement in val_loss for 1/10 epochs.
05-04 11:24:18 Epoch 024 Train loss -0.9948 | Val loss -0.9695
05-04 11:24:18 -----Epoch 25/49-----
05-04 11:24:26 current lr: 0.025005
05-04 11:24:26 Saved best checkpoint to ./checkpoint\SSF_PU_0504-111722\best_pt (val_loss=-0.9702)
05-04 11:24:26 Epoch 025 Train loss -0.9949 | Val loss -0.9702
05-04 11:24:26 -----Epoch 26/49-----
05-04 11:24:35 current lr: 0.0234356
05-04 11:24:35 Saved best checkpoint to ./checkpoint\SSF_PU_0504-111722\best_pt (val_loss=-0.9703)
05-04 11:24:35 Epoch 026 Train loss -0.9950 | Val loss -0.9703
05-04 11:24:35 -----Epoch 27/49-----
05-04 11:24:43 current lr: 0.0218723
05-04 11:24:43 Saved best checkpoint to ./checkpoint\SSF_PU_0504-111722\best_pt (val_loss=-0.9708)
05-04 11:24:43 Epoch 027 Train loss -0.9950 | Val loss -0.9708
05-04 11:24:43 -----Epoch 28/49-----
05-04 11:24:51 current lr: 0.0203214
05-04 11:24:51 Saved best checkpoint to ./checkpoint\SSF_PU_0504-111722\best_pt (val_loss=-0.9712)
05-04 11:24:52 Epoch 028 Train loss -0.9951 | Val loss -0.9712
05-04 11:24:52 -----Epoch 29/49-----
05-04 11:25:00 current lr: 0.018789
05-04 11:25:00 Saved best checkpoint to ./checkpoint\SSF_PU_0504-111722\best_pt (val_loss=-0.9713)
05-04 11:25:00 Epoch 029 Train loss -0.9951 | Val loss -0.9713
05-04 11:25:00 -----Epoch 30/49-----
05-04 11:25:08 current lr: 0.0172811
05-04 11:25:08 Saved best checkpoint to ./checkpoint\SSF_PU_0504-111722\best_pt (val_loss=-0.9717)
05-04 11:25:08 Epoch 030 Train loss -0.9952 | Val loss -0.9717
05-04 11:25:08 -----Epoch 31/49-----
05-04 11:25:16 current lr: 0.0158037
05-04 11:25:16 Saved best checkpoint to ./checkpoint\SSF_PU_0504-111722\best_pt (val_loss=-0.9719)
05-04 11:25:16 Epoch 031 Train loss -0.9952 | Val loss -0.9719
05-04 11:25:16 -----Epoch 32/49-----
05-04 11:25:24 current lr: 0.0143626
05-04 11:25:24 Saved best checkpoint to ./checkpoint\SSF_PU_0504-111722\best_pt (val_loss=-0.9721)
05-04 11:25:24 Epoch 032 Train loss -0.9953 | Val loss -0.9721
05-04 11:25:24 -----Epoch 33/49-----
05-04 11:25:33 current lr: 0.0129636
05-04 11:25:33 Saved best checkpoint to ./checkpoint\SSF_PU_0504-111722\best_pt (val_loss=-0.9723)
05-04 11:25:33 Epoch 033 Train loss -0.9953 | Val loss -0.9723
05-04 11:25:33 -----Epoch 34/49-----
05-04 11:25:41 current lr: 0.011612
05-04 11:25:41 Saved best checkpoint to ./checkpoint\SSF_PU_0504-111722\best_pt (val_loss=-0.9724)
05-04 11:25:41 Epoch 034 Train loss -0.9953 | Val loss -0.9724
05-04 11:25:41 -----Epoch 35/49-----
05-04 11:25:49 current lr: 0.0103133
05-04 11:25:49 Saved best checkpoint to ./checkpoint\SSF_PU_0504-111722\best_pt (val_loss=-0.9725)
05-04 11:25:49 Epoch 035 Train loss -0.9953 | Val loss -0.9725
05-04 11:25:49 -----Epoch 36/49-----
05-04 11:25:57 current lr: 0.00907259
05-04 11:25:57 Saved best checkpoint to ./checkpoint\SSF_PU_0504-111722\best_pt (val_loss=-0.9726)
05-04 11:25:57 Epoch 036 Train loss -0.9953 | Val loss -0.9726
05-04 11:25:57 -----Epoch 37/49-----
05-04 11:26:06 current lr: 0.00789475
05-04 11:26:06 Saved best checkpoint to ./checkpoint\SSF_PU_0504-111722\best_pt (val_loss=-0.9726)
05-04 11:26:06 Epoch 037 Train loss -0.9953 | Val loss -0.9726
05-04 11:26:06 -----Epoch 38/49-----
05-04 11:26:14 current lr: 0.00678443
05-04 11:26:14 No improvement in val_loss for 1/10 epochs.
05-04 11:26:14 Epoch 038 Train loss -0.9953 | Val loss -0.9725
05-04 11:26:14 -----Epoch 39/49-----
05-04 11:26:22 current lr: 0.00574602
05-04 11:26:22 No improvement in val_loss for 2/10 epochs.
05-04 11:26:22 Epoch 039 Train loss -0.9954 | Val loss -0.9724
05-04 11:26:22 -----Epoch 40/49-----
05-04 11:26:31 current lr: 0.00478362
05-04 11:26:31 No improvement in val_loss for 3/10 epochs.
05-04 11:26:31 Epoch 040 Train loss -0.9954 | Val loss -0.9722
05-04 11:26:31 -----Epoch 41/49-----
05-04 11:26:39 current lr: 0.00390102
05-04 11:26:39 No improvement in val_loss for 4/10 epochs.
05-04 11:26:39 Epoch 041 Train loss -0.9954 | Val loss -0.9721
05-04 11:26:39 -----Epoch 42/49-----
05-04 11:26:47 current lr: 0.00310171
05-04 11:26:47 No improvement in val_loss for 5/10 epochs.
05-04 11:26:47 Epoch 042 Train loss -0.9954 | Val loss -0.9720
05-04 11:26:47 -----Epoch 43/49-----
05-04 11:26:56 current lr: 0.00238885
05-04 11:26:56 No improvement in val_loss for 6/10 epochs.
05-04 11:26:56 Epoch 043 Train loss -0.9954 | Val loss -0.9719
05-04 11:26:56 -----Epoch 44/49-----
05-04 11:27:04 current lr: 0.00176524
05-04 11:27:04 No improvement in val_loss for 7/10 epochs.
05-04 11:27:04 Epoch 044 Train loss -0.9954 | Val loss -0.9718
05-04 11:27:04 -----Epoch 45/49-----
05-04 11:27:12 current lr: 0.00123334
05-04 11:27:12 No improvement in val_loss for 8/10 epochs.
05-04 11:27:12 Epoch 045 Train loss -0.9954 | Val loss -0.9717
05-04 11:27:12 -----Epoch 46/49-----
05-04 11:27:20 current lr: 0.000795264
05-04 11:27:20 No improvement in val_loss for 9/10 epochs.
05-04 11:27:20 Epoch 046 Train loss -0.9954 | Val loss -0.9717
05-04 11:27:20 -----Epoch 47/49-----
05-04 11:27:28 current lr: 0.00045273
05-04 11:27:28 No improvement in val_loss for 10/10 epochs.
05-04 11:27:28 Early stopping at epoch 47 (best val_loss=-0.9726).
05-04 11:27:30 TEST (last): loss -0.9715
05-04 11:27:30 Loaded best checkpoint from ./checkpoint\SSF_PU_0504-111722\best_pt (val_loss=-0.9725901880264283)
05-04 11:27:32 TEST (best): loss -0.9724
05-04 11:27:39 Threshold: 0.6574087552491882
05-04 11:27:39 Binary accuracy: 0.792167
05-04 11:27:39 Confusion matrix:
[[ 962   38]
 [1209 3791]]
05-04 11:27:39 Report:
              precision    recall  f1-score   support

      normal       0.44      0.96      0.61      1000
     anomaly       0.99      0.76      0.86      5000

    accuracy                           0.79      6000
   macro avg       0.72      0.86      0.73      6000
weighted avg       0.90      0.79      0.82      6000

05-04 11:27:39 Rates: {1: 0.516, 2: 0.277, 3: 0.999, 4: 1.0, 5: 0.999}
05-04 11:27:40 [LP epoch 00] train_loss=1.5391 train_acc=0.4217 | val_loss=1.5627 val_acc=0.4867 | 
05-04 11:27:40 [LP epoch 01] train_loss=1.2589 train_acc=0.5917 | val_loss=1.2814 val_acc=0.6900 | 
05-04 11:27:40 [LP epoch 02] train_loss=1.1274 train_acc=0.7367 | val_loss=1.0765 val_acc=0.7450 | 
05-04 11:27:41 [LP epoch 03] train_loss=1.0282 train_acc=0.7567 | val_loss=0.9985 val_acc=0.7667 | 
05-04 11:27:42 [LP epoch 04] train_loss=0.9368 train_acc=0.7700 | val_loss=0.9156 val_acc=0.8017 | 
05-04 11:27:42 [LP epoch 05] train_loss=0.8901 train_acc=0.7783 | val_loss=0.8902 val_acc=0.7867 | 
05-04 11:27:43 [LP epoch 06] train_loss=0.8445 train_acc=0.8183 | val_loss=0.8231 val_acc=0.8217 | 
05-04 11:27:43 [LP epoch 07] train_loss=0.7953 train_acc=0.8517 | val_loss=0.7947 val_acc=0.8567 | 
05-04 11:27:44 [LP epoch 08] train_loss=0.7817 train_acc=0.8567 | val_loss=0.7602 val_acc=0.8567 | 
05-04 11:27:44 [LP epoch 09] train_loss=0.7671 train_acc=0.8500 | val_loss=0.7720 val_acc=0.8683 | 
05-04 11:27:45 [LP epoch 10] train_loss=0.7480 train_acc=0.8550 | val_loss=0.7400 val_acc=0.8600 | 
05-04 11:27:45 [LP epoch 11] train_loss=0.7337 train_acc=0.8750 | val_loss=0.7276 val_acc=0.8733 | 
05-04 11:27:46 [LP epoch 12] train_loss=0.7272 train_acc=0.8667 | val_loss=0.7285 val_acc=0.8633 | 
05-04 11:27:46 [LP epoch 13] train_loss=0.7177 train_acc=0.8717 | val_loss=0.7224 val_acc=0.8733 | 
05-04 11:27:47 [LP epoch 14] train_loss=0.6994 train_acc=0.8967 | val_loss=0.6886 val_acc=0.9000 | 
05-04 11:27:47 [LP epoch 15] train_loss=0.6876 train_acc=0.8833 | val_loss=0.6977 val_acc=0.8800 | 
05-04 11:27:48 [LP epoch 16] train_loss=0.6922 train_acc=0.8900 | val_loss=0.6946 val_acc=0.8900 | 
05-04 11:27:48 [LP epoch 17] train_loss=0.7026 train_acc=0.8883 | val_loss=0.6988 val_acc=0.8967 | 
05-04 11:27:49 [LP epoch 18] train_loss=0.6916 train_acc=0.8917 | val_loss=0.6910 val_acc=0.9083 | 
05-04 11:27:50 [LP epoch 19] train_loss=0.6988 train_acc=0.8967 | val_loss=0.6856 val_acc=0.8800 | 
05-04 11:27:50 [LP epoch 20] train_loss=0.6771 train_acc=0.8983 | val_loss=0.6715 val_acc=0.9000 | 
05-04 11:27:51 [LP epoch 21] train_loss=0.6544 train_acc=0.9100 | val_loss=0.6684 val_acc=0.9017 | 
05-04 11:27:51 [LP epoch 22] train_loss=0.6601 train_acc=0.8983 | val_loss=0.6641 val_acc=0.9150 | 
05-04 11:27:52 [LP epoch 23] train_loss=0.6566 train_acc=0.9267 | val_loss=0.6611 val_acc=0.9233 | 
05-04 11:27:52 [LP epoch 24] train_loss=0.6581 train_acc=0.9067 | val_loss=0.6648 val_acc=0.8983 | 
05-04 11:27:53 [LP epoch 25] train_loss=0.6533 train_acc=0.9133 | val_loss=0.6564 val_acc=0.9017 | 
05-04 11:27:53 [LP epoch 26] train_loss=0.6544 train_acc=0.9133 | val_loss=0.6446 val_acc=0.9250 | 
05-04 11:27:54 [LP epoch 27] train_loss=0.6409 train_acc=0.9283 | val_loss=0.6373 val_acc=0.9233 | 
05-04 11:27:54 [LP epoch 28] train_loss=0.6537 train_acc=0.9067 | val_loss=0.6543 val_acc=0.9150 | 
05-04 11:27:55 [LP epoch 29] train_loss=0.6431 train_acc=0.9183 | val_loss=0.6321 val_acc=0.9167 | 
05-04 11:27:55 [LP epoch 30] train_loss=0.6346 train_acc=0.9217 | val_loss=0.6541 val_acc=0.9067 | 
05-04 11:27:56 [LP epoch 31] train_loss=0.6350 train_acc=0.9217 | val_loss=0.6371 val_acc=0.9267 | 
05-04 11:27:56 [LP epoch 32] train_loss=0.6267 train_acc=0.9267 | val_loss=0.6285 val_acc=0.9300 | 
05-04 11:27:57 [LP epoch 33] train_loss=0.6242 train_acc=0.9233 | val_loss=0.6303 val_acc=0.9233 | 
05-04 11:27:57 [LP epoch 34] train_loss=0.6337 train_acc=0.9250 | val_loss=0.6484 val_acc=0.9217 | 
05-04 11:27:58 [LP epoch 35] train_loss=0.6289 train_acc=0.9200 | val_loss=0.6280 val_acc=0.9200 | 
05-04 11:27:58 [LP epoch 36] train_loss=0.6150 train_acc=0.9267 | val_loss=0.6219 val_acc=0.9283 | 
05-04 11:27:59 [LP epoch 37] train_loss=0.6076 train_acc=0.9500 | val_loss=0.6264 val_acc=0.9283 | 
05-04 11:28:00 [LP epoch 38] train_loss=0.6392 train_acc=0.9183 | val_loss=0.6153 val_acc=0.9400 | 
05-04 11:28:00 [LP epoch 39] train_loss=0.6183 train_acc=0.9300 | val_loss=0.6212 val_acc=0.9450 | 
05-04 11:28:01 [LP epoch 40] train_loss=0.6220 train_acc=0.9283 | val_loss=0.6195 val_acc=0.9400 | 
05-04 11:28:01 [LP epoch 41] train_loss=0.6018 train_acc=0.9567 | val_loss=0.6281 val_acc=0.9250 | 
05-04 11:28:02 [LP epoch 42] train_loss=0.6152 train_acc=0.9317 | val_loss=0.6267 val_acc=0.9367 | 
05-04 11:28:02 [LP epoch 43] train_loss=0.6114 train_acc=0.9233 | val_loss=0.6204 val_acc=0.9333 | 
05-04 11:28:03 [LP epoch 44] train_loss=0.6043 train_acc=0.9400 | val_loss=0.6216 val_acc=0.9300 | 
05-04 11:28:03 [LP epoch 45] train_loss=0.6187 train_acc=0.9317 | val_loss=0.6160 val_acc=0.9383 | 
05-04 11:28:04 [LP epoch 46] train_loss=0.6044 train_acc=0.9350 | val_loss=0.6057 val_acc=0.9367 | 
05-04 11:28:04 [LP epoch 47] train_loss=0.6069 train_acc=0.9333 | val_loss=0.6217 val_acc=0.9333 | 
05-04 11:28:05 [LP epoch 48] train_loss=0.6075 train_acc=0.9233 | val_loss=0.6074 val_acc=0.9350 | 
05-04 11:28:05 [LP epoch 49] train_loss=0.6038 train_acc=0.9483 | val_loss=0.6240 val_acc=0.9333 | 
05-04 11:28:05 Saved linear-probe checkpoint: ./checkpoint\SSF_PU_0504-111722\linear_probe_best.pt (best_val_acc=0.9450)
05-04 11:28:07 TEST linear-probe: loss=0.6258 acc=0.9397
05-04 11:28:07 ================================================================================
05-04 11:28:07 RUN: aug=('normal', 'gaussian') hidden=128 latent=160 blocks=7 seed=2
05-04 11:28:07 model_name: SSF
05-04 11:28:07 data_name: PU
05-04 11:28:07 aug_1: normal
05-04 11:28:07 aug_2: gaussian
05-04 11:28:07 data_view: TwoViewDataset
05-04 11:28:07 data_dir: raw_data/PU
05-04 11:28:07 out_channel: 6
05-04 11:28:07 normlizetype: None
05-04 11:28:07 processing_type: RA
05-04 11:28:07 max_epoch: 50
05-04 11:28:07 classifier_epoch: 50
05-04 11:28:07 batch_size: 64
05-04 11:28:07 cuda_device: 0
05-04 11:28:07 checkpoint_dir: ./checkpoint
05-04 11:28:07 opt: sgd
05-04 11:28:07 lr: 0.05
05-04 11:28:07 momentum: 0.9
05-04 11:28:07 weight_decay: 0.0001
05-04 11:28:07 lr_scheduler: cos
05-04 11:28:07 gamma: 0.95
05-04 11:28:07 eta_min: 1e-05
05-04 11:28:07 latent_space: 160
05-04 11:28:07 num_blocks_ssf: 7
05-04 11:28:07 hidden_channel: 128
05-04 11:28:07 per_class_samples: 1000
05-04 11:28:07 classifier_samples: 100
05-04 11:28:07 task: self_supervised
05-04 11:28:07 critetion: <class 'utils.loss_SSL.SimSiamLoss'>
05-04 11:28:07 using 1 gpus
05-04 11:28:07 Dataset class: <class 'data_utils.datasets.PU.PU'>
05-04 11:28:09 Split sizes: train=6000 val=6000 test=6000, classier=600
05-04 11:28:09 Label counts train: Counter({0: 1000, 2: 1000, 1: 1000, 5: 1000, 4: 1000, 3: 1000})
05-04 11:28:10 Label counts val:   Counter({2: 1000, 3: 1000, 0: 1000, 4: 1000, 1: 1000, 5: 1000})
05-04 11:28:10 Label counts test:  Counter({3: 1000, 2: 1000, 5: 1000, 0: 1000, 1: 1000, 4: 1000})
05-04 11:28:10 Label counts classifier:  Counter({2: 100, 3: 100, 0: 100, 4: 100, 1: 100, 5: 100})
05-04 11:28:10 Label counts classifier validation:  Counter({3: 100, 1: 100, 0: 100, 4: 100, 5: 100, 2: 100})
05-04 11:28:10 -----Epoch 0/49-----
05-04 11:28:18 current lr: 0.05
05-04 11:28:18 Saved best checkpoint to ./checkpoint\SSF_PU_0504-111722\best_pt (val_loss=-0.9498)
05-04 11:28:18 Epoch 000 Train loss -0.9402 | Val loss -0.9498
05-04 11:28:18 -----Epoch 1/49-----
05-04 11:28:26 current lr: 0.0499507
05-04 11:28:26 Saved best checkpoint to ./checkpoint\SSF_PU_0504-111722\best_pt (val_loss=-0.9549)
05-04 11:28:26 Epoch 001 Train loss -0.9791 | Val loss -0.9549
05-04 11:28:26 -----Epoch 2/49-----
05-04 11:28:35 current lr: 0.0498029
05-04 11:28:35 Saved best checkpoint to ./checkpoint\SSF_PU_0504-111722\best_pt (val_loss=-0.9579)
05-04 11:28:35 Epoch 002 Train loss -0.9803 | Val loss -0.9579
05-04 11:28:35 -----Epoch 3/49-----
05-04 11:28:43 current lr: 0.0495573
05-04 11:28:43 Saved best checkpoint to ./checkpoint\SSF_PU_0504-111722\best_pt (val_loss=-0.9669)
05-04 11:28:43 Epoch 003 Train loss -0.9778 | Val loss -0.9669
05-04 11:28:43 -----Epoch 4/49-----
05-04 11:28:51 current lr: 0.0492147
05-04 11:28:51 No improvement in val_loss for 1/10 epochs.
05-04 11:28:51 Epoch 004 Train loss -0.9808 | Val loss -0.9653
05-04 11:28:51 -----Epoch 5/49-----
05-04 11:28:59 current lr: 0.0487767
05-04 11:28:59 Saved best checkpoint to ./checkpoint\SSF_PU_0504-111722\best_pt (val_loss=-0.9717)
05-04 11:28:59 Epoch 005 Train loss -0.9839 | Val loss -0.9717
05-04 11:28:59 -----Epoch 6/49-----
05-04 11:29:07 current lr: 0.0482448
05-04 11:29:07 No improvement in val_loss for 1/10 epochs.
05-04 11:29:07 Epoch 006 Train loss -0.9853 | Val loss -0.9695
05-04 11:29:07 -----Epoch 7/49-----
05-04 11:29:15 current lr: 0.0476212
05-04 11:29:15 No improvement in val_loss for 2/10 epochs.
05-04 11:29:15 Epoch 007 Train loss -0.9860 | Val loss -0.9686
05-04 11:29:15 -----Epoch 8/49-----
05-04 11:29:24 current lr: 0.0469083
05-04 11:29:24 No improvement in val_loss for 3/10 epochs.
05-04 11:29:24 Epoch 008 Train loss -0.9869 | Val loss -0.9701
05-04 11:29:24 -----Epoch 9/49-----
05-04 11:29:32 current lr: 0.046109
05-04 11:29:32 No improvement in val_loss for 4/10 epochs.
05-04 11:29:32 Epoch 009 Train loss -0.9865 | Val loss -0.9528
05-04 11:29:32 -----Epoch 10/49-----
05-04 11:29:40 current lr: 0.0452264
05-04 11:29:40 No improvement in val_loss for 5/10 epochs.
05-04 11:29:40 Epoch 010 Train loss -0.9850 | Val loss -0.9646
05-04 11:29:40 -----Epoch 11/49-----
05-04 11:29:48 current lr: 0.044264
05-04 11:29:48 No improvement in val_loss for 6/10 epochs.
05-04 11:29:48 Epoch 011 Train loss -0.9868 | Val loss -0.9680
05-04 11:29:48 -----Epoch 12/49-----
05-04 11:29:56 current lr: 0.0432256
05-04 11:29:56 No improvement in val_loss for 7/10 epochs.
05-04 11:29:56 Epoch 012 Train loss -0.9881 | Val loss -0.9608
05-04 11:29:56 -----Epoch 13/49-----
05-04 11:30:04 current lr: 0.0421153
05-04 11:30:04 No improvement in val_loss for 8/10 epochs.
05-04 11:30:04 Epoch 013 Train loss -0.9893 | Val loss -0.9711
05-04 11:30:04 -----Epoch 14/49-----
05-04 11:30:13 current lr: 0.0409374
05-04 11:30:13 No improvement in val_loss for 9/10 epochs.
05-04 11:30:13 Epoch 014 Train loss -0.9872 | Val loss -0.9697
05-04 11:30:13 -----Epoch 15/49-----
05-04 11:30:21 current lr: 0.0396967
05-04 11:30:21 No improvement in val_loss for 10/10 epochs.
05-04 11:30:21 Early stopping at epoch 15 (best val_loss=-0.9717).
05-04 11:30:23 TEST (last): loss -0.9667
05-04 11:30:23 Loaded best checkpoint from ./checkpoint\SSF_PU_0504-111722\best_pt (val_loss=-0.9717405621210734)
05-04 11:30:25 TEST (best): loss -0.9718
05-04 11:30:32 Threshold: 0.59406568968352
05-04 11:30:32 Binary accuracy: 0.754833
05-04 11:30:32 Confusion matrix:
[[ 966   34]
 [1437 3563]]
05-04 11:30:32 Report:
              precision    recall  f1-score   support

      normal       0.40      0.97      0.57      1000
     anomaly       0.99      0.71      0.83      5000

    accuracy                           0.75      6000
   macro avg       0.70      0.84      0.70      6000
weighted avg       0.89      0.75      0.79      6000

05-04 11:30:32 Rates: {1: 0.418, 2: 0.255, 3: 0.891, 4: 1.0, 5: 0.999}
05-04 11:30:33 [LP epoch 00] train_loss=1.4593 train_acc=0.4900 | val_loss=1.5673 val_acc=0.4550 | 
05-04 11:30:33 [LP epoch 01] train_loss=1.2292 train_acc=0.7000 | val_loss=1.3286 val_acc=0.6700 | 
05-04 11:30:34 [LP epoch 02] train_loss=1.1249 train_acc=0.7217 | val_loss=1.0853 val_acc=0.7600 | 
05-04 11:30:34 [LP epoch 03] train_loss=1.0342 train_acc=0.7533 | val_loss=1.0278 val_acc=0.7500 | 
05-04 11:30:35 [LP epoch 04] train_loss=0.9807 train_acc=0.7700 | val_loss=0.9444 val_acc=0.7783 | 
05-04 11:30:35 [LP epoch 05] train_loss=0.9218 train_acc=0.7717 | val_loss=0.9036 val_acc=0.7633 | 
05-04 11:30:36 [LP epoch 06] train_loss=0.9115 train_acc=0.7817 | val_loss=0.8819 val_acc=0.7733 | 
05-04 11:30:36 [LP epoch 07] train_loss=0.8772 train_acc=0.7683 | val_loss=0.8582 val_acc=0.7833 | 
05-04 11:30:37 [LP epoch 08] train_loss=0.8469 train_acc=0.7950 | val_loss=0.8682 val_acc=0.7950 | 
05-04 11:30:37 [LP epoch 09] train_loss=0.8437 train_acc=0.7933 | val_loss=0.8397 val_acc=0.7933 | 
05-04 11:30:38 [LP epoch 10] train_loss=0.8567 train_acc=0.7817 | val_loss=0.8256 val_acc=0.8000 | 
05-04 11:30:38 [LP epoch 11] train_loss=0.8175 train_acc=0.7917 | val_loss=0.8201 val_acc=0.8000 | 
05-04 11:30:39 [LP epoch 12] train_loss=0.8054 train_acc=0.8000 | val_loss=0.8083 val_acc=0.7950 | 
05-04 11:30:39 [LP epoch 13] train_loss=0.7912 train_acc=0.8267 | val_loss=0.7981 val_acc=0.7983 | 
05-04 11:30:40 [LP epoch 14] train_loss=0.7914 train_acc=0.8167 | val_loss=0.7782 val_acc=0.8150 | 
05-04 11:30:40 [LP epoch 15] train_loss=0.8189 train_acc=0.7850 | val_loss=0.7960 val_acc=0.8167 | 
05-04 11:30:41 [LP epoch 16] train_loss=0.7901 train_acc=0.8367 | val_loss=0.8092 val_acc=0.8133 | 
05-04 11:30:41 [LP epoch 17] train_loss=0.7755 train_acc=0.8233 | val_loss=0.7663 val_acc=0.8217 | 
05-04 11:30:42 [LP epoch 18] train_loss=0.7641 train_acc=0.8267 | val_loss=0.7713 val_acc=0.8183 | 
05-04 11:30:42 [LP epoch 19] train_loss=0.7648 train_acc=0.8333 | val_loss=0.7596 val_acc=0.8383 | 
05-04 11:30:43 [LP epoch 20] train_loss=0.7505 train_acc=0.8467 | val_loss=0.7601 val_acc=0.8333 | 
05-04 11:30:43 [LP epoch 21] train_loss=0.7376 train_acc=0.8417 | val_loss=0.7420 val_acc=0.8567 | 
05-04 11:30:44 [LP epoch 22] train_loss=0.7384 train_acc=0.8550 | val_loss=0.7439 val_acc=0.8550 | 
05-04 11:30:45 [LP epoch 23] train_loss=0.7385 train_acc=0.8533 | val_loss=0.7486 val_acc=0.8483 | 
05-04 11:30:45 [LP epoch 24] train_loss=0.7636 train_acc=0.8333 | val_loss=0.7371 val_acc=0.8433 | 
05-04 11:30:46 [LP epoch 25] train_loss=0.7483 train_acc=0.8417 | val_loss=0.7463 val_acc=0.8500 | 
05-04 11:30:46 [LP epoch 26] train_loss=0.7274 train_acc=0.8567 | val_loss=0.7161 val_acc=0.8533 | 
05-04 11:30:47 [LP epoch 27] train_loss=0.7207 train_acc=0.8517 | val_loss=0.7109 val_acc=0.8667 | 
05-04 11:30:48 [LP epoch 28] train_loss=0.7139 train_acc=0.8567 | val_loss=0.7373 val_acc=0.8533 | 
05-04 11:30:48 [LP epoch 29] train_loss=0.7120 train_acc=0.8667 | val_loss=0.7065 val_acc=0.8783 | 
05-04 11:30:49 [LP epoch 30] train_loss=0.7075 train_acc=0.8667 | val_loss=0.7050 val_acc=0.8667 | 
05-04 11:30:49 [LP epoch 31] train_loss=0.7031 train_acc=0.8850 | val_loss=0.7029 val_acc=0.8750 | 
05-04 11:30:50 [LP epoch 32] train_loss=0.7031 train_acc=0.8800 | val_loss=0.7016 val_acc=0.8800 | 
05-04 11:30:50 [LP epoch 33] train_loss=0.7068 train_acc=0.8783 | val_loss=0.6990 val_acc=0.8767 | 
05-04 11:30:51 [LP epoch 34] train_loss=0.7008 train_acc=0.8750 | val_loss=0.7126 val_acc=0.8683 | 
05-04 11:30:51 [LP epoch 35] train_loss=0.7001 train_acc=0.8700 | val_loss=0.6900 val_acc=0.8800 | 
05-04 11:30:52 [LP epoch 36] train_loss=0.6830 train_acc=0.8883 | val_loss=0.6973 val_acc=0.8767 | 
05-04 11:30:52 [LP epoch 37] train_loss=0.7001 train_acc=0.8733 | val_loss=0.7093 val_acc=0.8867 | 
05-04 11:30:53 [LP epoch 38] train_loss=0.6996 train_acc=0.8800 | val_loss=0.7015 val_acc=0.8683 | 
05-04 11:30:53 [LP epoch 39] train_loss=0.7048 train_acc=0.8600 | val_loss=0.6914 val_acc=0.8817 | 
05-04 11:30:54 [LP epoch 40] train_loss=0.6925 train_acc=0.8717 | val_loss=0.6930 val_acc=0.8917 | 
05-04 11:30:54 [LP epoch 41] train_loss=0.7163 train_acc=0.8667 | val_loss=0.7027 val_acc=0.8700 | 
05-04 11:30:55 [LP epoch 42] train_loss=0.7110 train_acc=0.8767 | val_loss=0.6966 val_acc=0.8717 | 
05-04 11:30:55 [LP epoch 43] train_loss=0.7029 train_acc=0.8750 | val_loss=0.7006 val_acc=0.8700 | 
05-04 11:30:56 [LP epoch 44] train_loss=0.7166 train_acc=0.8633 | val_loss=0.7308 val_acc=0.8467 | 
05-04 11:30:56 [LP epoch 45] train_loss=0.7061 train_acc=0.8667 | val_loss=0.7118 val_acc=0.8633 | 
05-04 11:30:57 [LP epoch 46] train_loss=0.6897 train_acc=0.8850 | val_loss=0.7104 val_acc=0.8633 | 
05-04 11:30:58 [LP epoch 47] train_loss=0.7129 train_acc=0.8683 | val_loss=0.7176 val_acc=0.8667 | 
05-04 11:30:58 [LP epoch 48] train_loss=0.7022 train_acc=0.8867 | val_loss=0.7057 val_acc=0.8650 | 
05-04 11:30:59 [LP epoch 49] train_loss=0.7088 train_acc=0.8717 | val_loss=0.7004 val_acc=0.8633 | 
05-04 11:30:59 Saved linear-probe checkpoint: ./checkpoint\SSF_PU_0504-111722\linear_probe_best.pt (best_val_acc=0.8917)
05-04 11:31:01 TEST linear-probe: loss=0.6938 acc=0.8870
