02-05 14:19:47 model_name: resnet18_1d
02-05 14:19:47 cuda_device: 0
02-05 14:19:47 checkpoint_dir: ./checkpoint
02-05 14:19:47 pretrained: True
02-05 14:19:47 batch_size: 64
02-05 14:19:47 num_workers: 0
02-05 14:19:47 data_name: PU
02-05 14:19:47 data_dir: raw_data\PU
02-05 14:19:47 normlizetype: minus_one_one
02-05 14:19:47 processing_type: RA
02-05 14:19:47 aug_1: normal
02-05 14:19:47 aug_2: fft
02-05 14:19:47 data_view: OneViewDataset
02-05 14:19:47 opt: sgd
02-05 14:19:47 lr: 0.001
02-05 14:19:47 momentum: 0.9
02-05 14:19:47 weight_decay: 1e-05
02-05 14:19:47 lr_scheduler: cos
02-05 14:19:47 gamma: 0.1
02-05 14:19:47 eta_min: 0.001
02-05 14:19:47 max_epoch: 5
02-05 14:19:47 print_step: 1
02-05 14:19:47 using 1 cpu
02-05 14:19:48 -----Epoch 0/4-----
02-05 14:20:28 Epoch: 0 [[tensor([[[-1.8528e-01, -2.0491e-01, -1.6074e-01,  ...,  1.2270e-03,
          -2.0103e-09,  5.8896e-02]],

        [[-2.1429e-02, -1.3929e-01, -2.8571e-02,  ..., -3.5714e-02,
          -2.3929e-01, -3.3571e-01]],

        [[-5.1458e-02, -5.3173e-02, -3.4305e-02,  ...,  8.0617e-02,
           8.7307e-01,  1.1321e-01]],

        ...,

        [[ 6.8413e-02,  2.9112e-02, -1.8923e-01,  ...,  8.5881e-02,
          -1.0189e-02,  1.5284e-01]],

        [[-5.3465e-02, -2.0990e-01, -2.4158e-01,  ..., -9.3069e-02,
           1.3861e-02,  1.3465e-01]],

        [[ 3.9549e-01,  5.0932e-01,  6.1531e-01,  ...,  3.4642e-01,
           3.5034e-01,  4.1904e-01]]]), tensor([ 0,  4, 11,  0,  0, 30, 15, 27, 15,  4, 26, 21,  7, 30, 16, 17, 12, 22,
        30, 29,  0, 21,  9, 22, 10, 19, 10, 23, 15,  6,  6, 27, 29, 22, 13,  8,
        15]), tensor([[[-1.8528e-01, -2.0491e-01, -1.6074e-01,  ...,  1.2270e-03,
          -2.0103e-09,  5.8896e-02]],

        [[-2.1429e-02, -1.3929e-01, -2.8571e-02,  ..., -3.5714e-02,
          -2.3929e-01, -3.3571e-01]],

        [[-5.1458e-02, -5.3173e-02, -3.4305e-02,  ...,  8.0617e-02,
           8.7307e-01,  1.1321e-01]],

        ...,

        [[ 6.8413e-02,  2.9112e-02, -1.8923e-01,  ...,  8.5881e-02,
          -1.0189e-02,  1.5284e-01]],

        [[-5.3465e-02, -2.0990e-01, -2.4158e-01,  ..., -9.3069e-02,
           1.3861e-02,  1.3465e-01]],

        [[ 3.9549e-01,  5.0932e-01,  6.1531e-01,  ...,  3.4642e-01,
           3.5034e-01,  4.1904e-01]]]), tensor([ 0,  4, 11,  0,  0, 30, 15, 27, 15,  4, 26, 21,  7, 30, 16, 17, 12, 22,
        30, 29,  0, 21,  9, 22, 10, 19, 10, 23, 15,  6,  6, 27, 29, 22, 13,  8,
        15]), tensor([[[-1.8528e-01, -2.0491e-01, -1.6074e-01,  ...,  1.2270e-03,
          -2.0103e-09,  5.8896e-02]],

        [[-2.1429e-02, -1.3929e-01, -2.8571e-02,  ..., -3.5714e-02,
          -2.3929e-01, -3.3571e-01]],

        [[-5.1458e-02, -5.3173e-02, -3.4305e-02,  ...,  8.0617e-02,
           8.7307e-01,  1.1321e-01]],

        ...,

        [[ 6.8413e-02,  2.9112e-02, -1.8923e-01,  ...,  8.5881e-02,
          -1.0189e-02,  1.5284e-01]],

        [[-5.3465e-02, -2.0990e-01, -2.4158e-01,  ..., -9.3069e-02,
           1.3861e-02,  1.3465e-01]],

        [[ 3.9549e-01,  5.0932e-01,  6.1531e-01,  ...,  3.4642e-01,
           3.5034e-01,  4.1904e-01]]]), tensor([ 0,  4, 11,  0,  0, 30, 15, 27, 15,  4, 26, 21,  7, 30, 16, 17, 12, 22,
        30, 29,  0, 21,  9, 22, 10, 19, 10, 23, 15,  6,  6, 27, 29, 22, 13,  8,
        15]), tensor([[[-1.8528e-01, -2.0491e-01, -1.6074e-01,  ...,  1.2270e-03,
          -2.0103e-09,  5.8896e-02]],

        [[-2.1429e-02, -1.3929e-01, -2.8571e-02,  ..., -3.5714e-02,
          -2.3929e-01, -3.3571e-01]],

        [[-5.1458e-02, -5.3173e-02, -3.4305e-02,  ...,  8.0617e-02,
           8.7307e-01,  1.1321e-01]],

        ...,

        [[ 6.8413e-02,  2.9112e-02, -1.8923e-01,  ...,  8.5881e-02,
          -1.0189e-02,  1.5284e-01]],

        [[-5.3465e-02, -2.0990e-01, -2.4158e-01,  ..., -9.3069e-02,
           1.3861e-02,  1.3465e-01]],

        [[ 3.9549e-01,  5.0932e-01,  6.1531e-01,  ...,  3.4642e-01,
           3.5034e-01,  4.1904e-01]]]), tensor([ 0,  4, 11,  0,  0, 30, 15, 27, 15,  4, 26, 21,  7, 30, 16, 17, 12, 22,
        30, 29,  0, 21,  9, 22, 10, 19, 10, 23, 15,  6,  6, 27, 29, 22, 13,  8,
        15]), tensor([[[-1.8528e-01, -2.0491e-01, -1.6074e-01,  ...,  1.2270e-03,
          -2.0103e-09,  5.8896e-02]],

        [[-2.1429e-02, -1.3929e-01, -2.8571e-02,  ..., -3.5714e-02,
          -2.3929e-01, -3.3571e-01]],

        [[-5.1458e-02, -5.3173e-02, -3.4305e-02,  ...,  8.0617e-02,
           8.7307e-01,  1.1321e-01]],

        ...,

        [[ 6.8413e-02,  2.9112e-02, -1.8923e-01,  ...,  8.5881e-02,
          -1.0189e-02,  1.5284e-01]],

        [[-5.3465e-02, -2.0990e-01, -2.4158e-01,  ..., -9.3069e-02,
           1.3861e-02,  1.3465e-01]],

        [[ 3.9549e-01,  5.0932e-01,  6.1531e-01,  ...,  3.4642e-01,
           3.5034e-01,  4.1904e-01]]]), tensor([ 0,  4, 11,  0,  0, 30, 15, 27, 15,  4, 26, 21,  7, 30, 16, 17, 12, 22,
        30, 29,  0, 21,  9, 22, 10, 19, 10, 23, 15,  6,  6, 27, 29, 22, 13,  8,
        15]), tensor([[[-1.8528e-01, -2.0491e-01, -1.6074e-01,  ...,  1.2270e-03,
          -2.0103e-09,  5.8896e-02]],

        [[-2.1429e-02, -1.3929e-01, -2.8571e-02,  ..., -3.5714e-02,
          -2.3929e-01, -3.3571e-01]],

        [[-5.1458e-02, -5.3173e-02, -3.4305e-02,  ...,  8.0617e-02,
           8.7307e-01,  1.1321e-01]],

        ...,

        [[ 6.8413e-02,  2.9112e-02, -1.8923e-01,  ...,  8.5881e-02,
          -1.0189e-02,  1.5284e-01]],

        [[-5.3465e-02, -2.0990e-01, -2.4158e-01,  ..., -9.3069e-02,
           1.3861e-02,  1.3465e-01]],

        [[ 3.9549e-01,  5.0932e-01,  6.1531e-01,  ...,  3.4642e-01,
           3.5034e-01,  4.1904e-01]]]), tensor([ 0,  4, 11,  0,  0, 30, 15, 27, 15,  4, 26, 21,  7, 30, 16, 17, 12, 22,
        30, 29,  0, 21,  9, 22, 10, 19, 10, 23, 15,  6,  6, 27, 29, 22, 13,  8,
        15]), tensor([[[-1.8528e-01, -2.0491e-01, -1.6074e-01,  ...,  1.2270e-03,
          -2.0103e-09,  5.8896e-02]],

        [[-2.1429e-02, -1.3929e-01, -2.8571e-02,  ..., -3.5714e-02,
          -2.3929e-01, -3.3571e-01]],

        [[-5.1458e-02, -5.3173e-02, -3.4305e-02,  ...,  8.0617e-02,
           8.7307e-01,  1.1321e-01]],

        ...,

        [[ 6.8413e-02,  2.9112e-02, -1.8923e-01,  ...,  8.5881e-02,
          -1.0189e-02,  1.5284e-01]],

        [[-5.3465e-02, -2.0990e-01, -2.4158e-01,  ..., -9.3069e-02,
           1.3861e-02,  1.3465e-01]],

        [[ 3.9549e-01,  5.0932e-01,  6.1531e-01,  ...,  3.4642e-01,
           3.5034e-01,  4.1904e-01]]]), tensor([ 0,  4, 11,  0,  0, 30, 15, 27, 15,  4, 26, 21,  7, 30, 16, 17, 12, 22,
        30, 29,  0, 21,  9, 22, 10, 19, 10, 23, 15,  6,  6, 27, 29, 22, 13,  8,
        15]), tensor([[[-1.8528e-01, -2.0491e-01, -1.6074e-01,  ...,  1.2270e-03,
          -2.0103e-09,  5.8896e-02]],

        [[-2.1429e-02, -1.3929e-01, -2.8571e-02,  ..., -3.5714e-02,
          -2.3929e-01, -3.3571e-01]],

        [[-5.1458e-02, -5.3173e-02, -3.4305e-02,  ...,  8.0617e-02,
           8.7307e-01,  1.1321e-01]],

        ...,

        [[ 6.8413e-02,  2.9112e-02, -1.8923e-01,  ...,  8.5881e-02,
          -1.0189e-02,  1.5284e-01]],

        [[-5.3465e-02, -2.0990e-01, -2.4158e-01,  ..., -9.3069e-02,
           1.3861e-02,  1.3465e-01]],

        [[ 3.9549e-01,  5.0932e-01,  6.1531e-01,  ...,  3.4642e-01,
           3.5034e-01,  4.1904e-01]]]), tensor([ 0,  4, 11,  0,  0, 30, 15, 27, 15,  4, 26, 21,  7, 30, 16, 17, 12, 22,
        30, 29,  0, 21,  9, 22, 10, 19, 10, 23, 15,  6,  6, 27, 29, 22, 13,  8,
        15]), tensor([[[-1.8528e-01, -2.0491e-01, -1.6074e-01,  ...,  1.2270e-03,
          -2.0103e-09,  5.8896e-02]],

        [[-2.1429e-02, -1.3929e-01, -2.8571e-02,  ..., -3.5714e-02,
          -2.3929e-01, -3.3571e-01]],

        [[-5.1458e-02, -5.3173e-02, -3.4305e-02,  ...,  8.0617e-02,
           8.7307e-01,  1.1321e-01]],

        ...,

        [[ 6.8413e-02,  2.9112e-02, -1.8923e-01,  ...,  8.5881e-02,
          -1.0189e-02,  1.5284e-01]],

        [[-5.3465e-02, -2.0990e-01, -2.4158e-01,  ..., -9.3069e-02,
           1.3861e-02,  1.3465e-01]],

        [[ 3.9549e-01,  5.0932e-01,  6.1531e-01,  ...,  3.4642e-01,
           3.5034e-01,  4.1904e-01]]]), tensor([ 0,  4, 11,  0,  0, 30, 15, 27, 15,  4, 26, 21,  7, 30, 16, 17, 12, 22,
        30, 29,  0, 21,  9, 22, 10, 19, 10, 23, 15,  6,  6, 27, 29, 22, 13,  8,
        15]), tensor([[[-1.8528e-01, -2.0491e-01, -1.6074e-01,  ...,  1.2270e-03,
          -2.0103e-09,  5.8896e-02]],

        [[-2.1429e-02, -1.3929e-01, -2.8571e-02,  ..., -3.5714e-02,
          -2.3929e-01, -3.3571e-01]],

        [[-5.1458e-02, -5.3173e-02, -3.4305e-02,  ...,  8.0617e-02,
           8.7307e-01,  1.1321e-01]],

        ...,

        [[ 6.8413e-02,  2.9112e-02, -1.8923e-01,  ...,  8.5881e-02,
          -1.0189e-02,  1.5284e-01]],

        [[-5.3465e-02, -2.0990e-01, -2.4158e-01,  ..., -9.3069e-02,
           1.3861e-02,  1.3465e-01]],

        [[ 3.9549e-01,  5.0932e-01,  6.1531e-01,  ...,  3.4642e-01,
           3.5034e-01,  4.1904e-01]]]), tensor([ 0,  4, 11,  0,  0, 30, 15, 27, 15,  4, 26, 21,  7, 30, 16, 17, 12, 22,
        30, 29,  0, 21,  9, 22, 10, 19, 10, 23, 15,  6,  6, 27, 29, 22, 13,  8,
        15]), tensor([[[-1.8528e-01, -2.0491e-01, -1.6074e-01,  ...,  1.2270e-03,
          -2.0103e-09,  5.8896e-02]],

        [[-2.1429e-02, -1.3929e-01, -2.8571e-02,  ..., -3.5714e-02,
          -2.3929e-01, -3.3571e-01]],

        [[-5.1458e-02, -5.3173e-02, -3.4305e-02,  ...,  8.0617e-02,
           8.7307e-01,  1.1321e-01]],

        ...,

        [[ 6.8413e-02,  2.9112e-02, -1.8923e-01,  ...,  8.5881e-02,
          -1.0189e-02,  1.5284e-01]],

        [[-5.3465e-02, -2.0990e-01, -2.4158e-01,  ..., -9.3069e-02,
           1.3861e-02,  1.3465e-01]],

        [[ 3.9549e-01,  5.0932e-01,  6.1531e-01,  ...,  3.4642e-01,
           3.5034e-01,  4.1904e-01]]]), tensor([ 0,  4, 11,  0,  0, 30, 15, 27, 15,  4, 26, 21,  7, 30, 16, 17, 12, 22,
        30, 29,  0, 21,  9, 22, 10, 19, 10, 23, 15,  6,  6, 27, 29, 22, 13,  8,
        15]), tensor([[[-1.8528e-01, -2.0491e-01, -1.6074e-01,  ...,  1.2270e-03,
          -2.0103e-09,  5.8896e-02]],

        [[-2.1429e-02, -1.3929e-01, -2.8571e-02,  ..., -3.5714e-02,
          -2.3929e-01, -3.3571e-01]],

        [[-5.1458e-02, -5.3173e-02, -3.4305e-02,  ...,  8.0617e-02,
           8.7307e-01,  1.1321e-01]],

        ...,

        [[ 6.8413e-02,  2.9112e-02, -1.8923e-01,  ...,  8.5881e-02,
          -1.0189e-02,  1.5284e-01]],

        [[-5.3465e-02, -2.0990e-01, -2.4158e-01,  ..., -9.3069e-02,
           1.3861e-02,  1.3465e-01]],

        [[ 3.9549e-01,  5.0932e-01,  6.1531e-01,  ...,  3.4642e-01,
           3.5034e-01,  4.1904e-01]]]), tensor([ 0,  4, 11,  0,  0, 30, 15, 27, 15,  4, 26, 21,  7, 30, 16, 17, 12, 22,
        30, 29,  0, 21,  9, 22, 10, 19, 10, 23, 15,  6,  6, 27, 29, 22, 13,  8,
        15]), tensor([[[-1.8528e-01, -2.0491e-01, -1.6074e-01,  ...,  1.2270e-03,
          -2.0103e-09,  5.8896e-02]],

        [[-2.1429e-02, -1.3929e-01, -2.8571e-02,  ..., -3.5714e-02,
          -2.3929e-01, -3.3571e-01]],

        [[-5.1458e-02, -5.3173e-02, -3.4305e-02,  ...,  8.0617e-02,
           8.7307e-01,  1.1321e-01]],

        ...,

        [[ 6.8413e-02,  2.9112e-02, -1.8923e-01,  ...,  8.5881e-02,
          -1.0189e-02,  1.5284e-01]],

        [[-5.3465e-02, -2.0990e-01, -2.4158e-01,  ..., -9.3069e-02,
           1.3861e-02,  1.3465e-01]],

        [[ 3.9549e-01,  5.0932e-01,  6.1531e-01,  ...,  3.4642e-01,
           3.5034e-01,  4.1904e-01]]]), tensor([ 0,  4, 11,  0,  0, 30, 15, 27, 15,  4, 26, 21,  7, 30, 16, 17, 12, 22,
        30, 29,  0, 21,  9, 22, 10, 19, 10, 23, 15,  6,  6, 27, 29, 22, 13,  8,
        15]), tensor([[[-1.8528e-01, -2.0491e-01, -1.6074e-01,  ...,  1.2270e-03,
          -2.0103e-09,  5.8896e-02]],

        [[-2.1429e-02, -1.3929e-01, -2.8571e-02,  ..., -3.5714e-02,
          -2.3929e-01, -3.3571e-01]],

        [[-5.1458e-02, -5.3173e-02, -3.4305e-02,  ...,  8.0617e-02,
           8.7307e-01,  1.1321e-01]],

        ...,

        [[ 6.8413e-02,  2.9112e-02, -1.8923e-01,  ...,  8.5881e-02,
          -1.0189e-02,  1.5284e-01]],

        [[-5.3465e-02, -2.0990e-01, -2.4158e-01,  ..., -9.3069e-02,
           1.3861e-02,  1.3465e-01]],

        [[ 3.9549e-01,  5.0932e-01,  6.1531e-01,  ...,  3.4642e-01,
           3.5034e-01,  4.1904e-01]]]), tensor([ 0,  4, 11,  0,  0, 30, 15, 27, 15,  4, 26, 21,  7, 30, 16, 17, 12, 22,
        30, 29,  0, 21,  9, 22, 10, 19, 10, 23, 15,  6,  6, 27, 29, 22, 13,  8,
        15]), tensor([[[-1.8528e-01, -2.0491e-01, -1.6074e-01,  ...,  1.2270e-03,
          -2.0103e-09,  5.8896e-02]],

        [[-2.1429e-02, -1.3929e-01, -2.8571e-02,  ..., -3.5714e-02,
          -2.3929e-01, -3.3571e-01]],

        [[-5.1458e-02, -5.3173e-02, -3.4305e-02,  ...,  8.0617e-02,
           8.7307e-01,  1.1321e-01]],

        ...,

        [[ 6.8413e-02,  2.9112e-02, -1.8923e-01,  ...,  8.5881e-02,
          -1.0189e-02,  1.5284e-01]],

        [[-5.3465e-02, -2.0990e-01, -2.4158e-01,  ..., -9.3069e-02,
           1.3861e-02,  1.3465e-01]],

        [[ 3.9549e-01,  5.0932e-01,  6.1531e-01,  ...,  3.4642e-01,
           3.5034e-01,  4.1904e-01]]]), tensor([ 0,  4, 11,  0,  0, 30, 15, 27, 15,  4, 26, 21,  7, 30, 16, 17, 12, 22,
        30, 29,  0, 21,  9, 22, 10, 19, 10, 23, 15,  6,  6, 27, 29, 22, 13,  8,
        15]), tensor([[[-1.8528e-01, -2.0491e-01, -1.6074e-01,  ...,  1.2270e-03,
          -2.0103e-09,  5.8896e-02]],

        [[-2.1429e-02, -1.3929e-01, -2.8571e-02,  ..., -3.5714e-02,
          -2.3929e-01, -3.3571e-01]],

        [[-5.1458e-02, -5.3173e-02, -3.4305e-02,  ...,  8.0617e-02,
           8.7307e-01,  1.1321e-01]],

        ...,

        [[ 6.8413e-02,  2.9112e-02, -1.8923e-01,  ...,  8.5881e-02,
          -1.0189e-02,  1.5284e-01]],

        [[-5.3465e-02, -2.0990e-01, -2.4158e-01,  ..., -9.3069e-02,
           1.3861e-02,  1.3465e-01]],

        [[ 3.9549e-01,  5.0932e-01,  6.1531e-01,  ...,  3.4642e-01,
           3.5034e-01,  4.1904e-01]]]), tensor([ 0,  4, 11,  0,  0, 30, 15, 27, 15,  4, 26, 21,  7, 30, 16, 17, 12, 22,
        30, 29,  0, 21,  9, 22, 10, 19, 10, 23, 15,  6,  6, 27, 29, 22, 13,  8,
        15]), tensor([[[-1.8528e-01, -2.0491e-01, -1.6074e-01,  ...,  1.2270e-03,
          -2.0103e-09,  5.8896e-02]],

        [[-2.1429e-02, -1.3929e-01, -2.8571e-02,  ..., -3.5714e-02,
          -2.3929e-01, -3.3571e-01]],

        [[-5.1458e-02, -5.3173e-02, -3.4305e-02,  ...,  8.0617e-02,
           8.7307e-01,  1.1321e-01]],

        ...,

        [[ 6.8413e-02,  2.9112e-02, -1.8923e-01,  ...,  8.5881e-02,
          -1.0189e-02,  1.5284e-01]],

        [[-5.3465e-02, -2.0990e-01, -2.4158e-01,  ..., -9.3069e-02,
           1.3861e-02,  1.3465e-01]],

        [[ 3.9549e-01,  5.0932e-01,  6.1531e-01,  ...,  3.4642e-01,
           3.5034e-01,  4.1904e-01]]]), tensor([ 0,  4, 11,  0,  0, 30, 15, 27, 15,  4, 26, 21,  7, 30, 16, 17, 12, 22,
        30, 29,  0, 21,  9, 22, 10, 19, 10, 23, 15,  6,  6, 27, 29, 22, 13,  8,
        15]), tensor([[[-1.8528e-01, -2.0491e-01, -1.6074e-01,  ...,  1.2270e-03,
          -2.0103e-09,  5.8896e-02]],

        [[-2.1429e-02, -1.3929e-01, -2.8571e-02,  ..., -3.5714e-02,
          -2.3929e-01, -3.3571e-01]],

        [[-5.1458e-02, -5.3173e-02, -3.4305e-02,  ...,  8.0617e-02,
           8.7307e-01,  1.1321e-01]],

        ...,

        [[ 6.8413e-02,  2.9112e-02, -1.8923e-01,  ...,  8.5881e-02,
          -1.0189e-02,  1.5284e-01]],

        [[-5.3465e-02, -2.0990e-01, -2.4158e-01,  ..., -9.3069e-02,
           1.3861e-02,  1.3465e-01]],

        [[ 3.9549e-01,  5.0932e-01,  6.1531e-01,  ...,  3.4642e-01,
           3.5034e-01,  4.1904e-01]]]), tensor([ 0,  4, 11,  0,  0, 30, 15, 27, 15,  4, 26, 21,  7, 30, 16, 17, 12, 22,
        30, 29,  0, 21,  9, 22, 10, 19, 10, 23, 15,  6,  6, 27, 29, 22, 13,  8,
        15]), tensor([[[-1.8528e-01, -2.0491e-01, -1.6074e-01,  ...,  1.2270e-03,
          -2.0103e-09,  5.8896e-02]],

        [[-2.1429e-02, -1.3929e-01, -2.8571e-02,  ..., -3.5714e-02,
          -2.3929e-01, -3.3571e-01]],

        [[-5.1458e-02, -5.3173e-02, -3.4305e-02,  ...,  8.0617e-02,
           8.7307e-01,  1.1321e-01]],

        ...,

        [[ 6.8413e-02,  2.9112e-02, -1.8923e-01,  ...,  8.5881e-02,
          -1.0189e-02,  1.5284e-01]],

        [[-5.3465e-02, -2.0990e-01, -2.4158e-01,  ..., -9.3069e-02,
           1.3861e-02,  1.3465e-01]],

        [[ 3.9549e-01,  5.0932e-01,  6.1531e-01,  ...,  3.4642e-01,
           3.5034e-01,  4.1904e-01]]]), tensor([ 0,  4, 11,  0,  0, 30, 15, 27, 15,  4, 26, 21,  7, 30, 16, 17, 12, 22,
        30, 29,  0, 21,  9, 22, 10, 19, 10, 23, 15,  6,  6, 27, 29, 22, 13,  8,
        15]), tensor([[[-1.8528e-01, -2.0491e-01, -1.6074e-01,  ...,  1.2270e-03,
          -2.0103e-09,  5.8896e-02]],

        [[-2.1429e-02, -1.3929e-01, -2.8571e-02,  ..., -3.5714e-02,
          -2.3929e-01, -3.3571e-01]],

        [[-5.1458e-02, -5.3173e-02, -3.4305e-02,  ...,  8.0617e-02,
           8.7307e-01,  1.1321e-01]],

        ...,

        [[ 6.8413e-02,  2.9112e-02, -1.8923e-01,  ...,  8.5881e-02,
          -1.0189e-02,  1.5284e-01]],

        [[-5.3465e-02, -2.0990e-01, -2.4158e-01,  ..., -9.3069e-02,
           1.3861e-02,  1.3465e-01]],

        [[ 3.9549e-01,  5.0932e-01,  6.1531e-01,  ...,  3.4642e-01,
           3.5034e-01,  4.1904e-01]]]), tensor([ 0,  4, 11,  0,  0, 30, 15, 27, 15,  4, 26, 21,  7, 30, 16, 17, 12, 22,
        30, 29,  0, 21,  9, 22, 10, 19, 10, 23, 15,  6,  6, 27, 29, 22, 13,  8,
        15]), tensor([[[-1.8528e-01, -2.0491e-01, -1.6074e-01,  ...,  1.2270e-03,
          -2.0103e-09,  5.8896e-02]],

        [[-2.1429e-02, -1.3929e-01, -2.8571e-02,  ..., -3.5714e-02,
          -2.3929e-01, -3.3571e-01]],

        [[-5.1458e-02, -5.3173e-02, -3.4305e-02,  ...,  8.0617e-02,
           8.7307e-01,  1.1321e-01]],

        ...,

        [[ 6.8413e-02,  2.9112e-02, -1.8923e-01,  ...,  8.5881e-02,
          -1.0189e-02,  1.5284e-01]],

        [[-5.3465e-02, -2.0990e-01, -2.4158e-01,  ..., -9.3069e-02,
           1.3861e-02,  1.3465e-01]],

        [[ 3.9549e-01,  5.0932e-01,  6.1531e-01,  ...,  3.4642e-01,
           3.5034e-01,  4.1904e-01]]]), tensor([ 0,  4, 11,  0,  0, 30, 15, 27, 15,  4, 26, 21,  7, 30, 16, 17, 12, 22,
        30, 29,  0, 21,  9, 22, 10, 19, 10, 23, 15,  6,  6, 27, 29, 22, 13,  8,
        15]), tensor([[[-1.8528e-01, -2.0491e-01, -1.6074e-01,  ...,  1.2270e-03,
          -2.0103e-09,  5.8896e-02]],

        [[-2.1429e-02, -1.3929e-01, -2.8571e-02,  ..., -3.5714e-02,
          -2.3929e-01, -3.3571e-01]],

        [[-5.1458e-02, -5.3173e-02, -3.4305e-02,  ...,  8.0617e-02,
           8.7307e-01,  1.1321e-01]],

        ...,

        [[ 6.8413e-02,  2.9112e-02, -1.8923e-01,  ...,  8.5881e-02,
          -1.0189e-02,  1.5284e-01]],

        [[-5.3465e-02, -2.0990e-01, -2.4158e-01,  ..., -9.3069e-02,
           1.3861e-02,  1.3465e-01]],

        [[ 3.9549e-01,  5.0932e-01,  6.1531e-01,  ...,  3.4642e-01,
           3.5034e-01,  4.1904e-01]]]), tensor([ 0,  4, 11,  0,  0, 30, 15, 27, 15,  4, 26, 21,  7, 30, 16, 17, 12, 22,
        30, 29,  0, 21,  9, 22, 10, 19, 10, 23, 15,  6,  6, 27, 29, 22, 13,  8,
        15]), tensor([[[-1.8528e-01, -2.0491e-01, -1.6074e-01,  ...,  1.2270e-03,
          -2.0103e-09,  5.8896e-02]],

        [[-2.1429e-02, -1.3929e-01, -2.8571e-02,  ..., -3.5714e-02,
          -2.3929e-01, -3.3571e-01]],

        [[-5.1458e-02, -5.3173e-02, -3.4305e-02,  ...,  8.0617e-02,
           8.7307e-01,  1.1321e-01]],

        ...,

        [[ 6.8413e-02,  2.9112e-02, -1.8923e-01,  ...,  8.5881e-02,
          -1.0189e-02,  1.5284e-01]],

        [[-5.3465e-02, -2.0990e-01, -2.4158e-01,  ..., -9.3069e-02,
           1.3861e-02,  1.3465e-01]],

        [[ 3.9549e-01,  5.0932e-01,  6.1531e-01,  ...,  3.4642e-01,
           3.5034e-01,  4.1904e-01]]]), tensor([ 0,  4, 11,  0,  0, 30, 15, 27, 15,  4, 26, 21,  7, 30, 16, 17, 12, 22,
        30, 29,  0, 21,  9, 22, 10, 19, 10, 23, 15,  6,  6, 27, 29, 22, 13,  8,
        15]), tensor([[[-1.8528e-01, -2.0491e-01, -1.6074e-01,  ...,  1.2270e-03,
          -2.0103e-09,  5.8896e-02]],

        [[-2.1429e-02, -1.3929e-01, -2.8571e-02,  ..., -3.5714e-02,
          -2.3929e-01, -3.3571e-01]],

        [[-5.1458e-02, -5.3173e-02, -3.4305e-02,  ...,  8.0617e-02,
           8.7307e-01,  1.1321e-01]],

        ...,

        [[ 6.8413e-02,  2.9112e-02, -1.8923e-01,  ...,  8.5881e-02,
          -1.0189e-02,  1.5284e-01]],

        [[-5.3465e-02, -2.0990e-01, -2.4158e-01,  ..., -9.3069e-02,
           1.3861e-02,  1.3465e-01]],

        [[ 3.9549e-01,  5.0932e-01,  6.1531e-01,  ...,  3.4642e-01,
           3.5034e-01,  4.1904e-01]]]), tensor([ 0,  4, 11,  0,  0, 30, 15, 27, 15,  4, 26, 21,  7, 30, 16, 17, 12, 22,
        30, 29,  0, 21,  9, 22, 10, 19, 10, 23, 15,  6,  6, 27, 29, 22, 13,  8,
        15]), tensor([[[-1.8528e-01, -2.0491e-01, -1.6074e-01,  ...,  1.2270e-03,
          -2.0103e-09,  5.8896e-02]],

        [[-2.1429e-02, -1.3929e-01, -2.8571e-02,  ..., -3.5714e-02,
          -2.3929e-01, -3.3571e-01]],

        [[-5.1458e-02, -5.3173e-02, -3.4305e-02,  ...,  8.0617e-02,
           8.7307e-01,  1.1321e-01]],

        ...,

        [[ 6.8413e-02,  2.9112e-02, -1.8923e-01,  ...,  8.5881e-02,
          -1.0189e-02,  1.5284e-01]],

        [[-5.3465e-02, -2.0990e-01, -2.4158e-01,  ..., -9.3069e-02,
           1.3861e-02,  1.3465e-01]],

        [[ 3.9549e-01,  5.0932e-01,  6.1531e-01,  ...,  3.4642e-01,
           3.5034e-01,  4.1904e-01]]]), tensor([ 0,  4, 11,  0,  0, 30, 15, 27, 15,  4, 26, 21,  7, 30, 16, 17, 12, 22,
        30, 29,  0, 21,  9, 22, 10, 19, 10, 23, 15,  6,  6, 27, 29, 22, 13,  8,
        15]), tensor([[[-1.8528e-01, -2.0491e-01, -1.6074e-01,  ...,  1.2270e-03,
          -2.0103e-09,  5.8896e-02]],

        [[-2.1429e-02, -1.3929e-01, -2.8571e-02,  ..., -3.5714e-02,
          -2.3929e-01, -3.3571e-01]],

        [[-5.1458e-02, -5.3173e-02, -3.4305e-02,  ...,  8.0617e-02,
           8.7307e-01,  1.1321e-01]],

        ...,

        [[ 6.8413e-02,  2.9112e-02, -1.8923e-01,  ...,  8.5881e-02,
          -1.0189e-02,  1.5284e-01]],

        [[-5.3465e-02, -2.0990e-01, -2.4158e-01,  ..., -9.3069e-02,
           1.3861e-02,  1.3465e-01]],

        [[ 3.9549e-01,  5.0932e-01,  6.1531e-01,  ...,  3.4642e-01,
           3.5034e-01,  4.1904e-01]]]), tensor([ 0,  4, 11,  0,  0, 30, 15, 27, 15,  4, 26, 21,  7, 30, 16, 17, 12, 22,
        30, 29,  0, 21,  9, 22, 10, 19, 10, 23, 15,  6,  6, 27, 29, 22, 13,  8,
        15]), tensor([[[-1.8528e-01, -2.0491e-01, -1.6074e-01,  ...,  1.2270e-03,
          -2.0103e-09,  5.8896e-02]],

        [[-2.1429e-02, -1.3929e-01, -2.8571e-02,  ..., -3.5714e-02,
          -2.3929e-01, -3.3571e-01]],

        [[-5.1458e-02, -5.3173e-02, -3.4305e-02,  ...,  8.0617e-02,
           8.7307e-01,  1.1321e-01]],

        ...,

        [[ 6.8413e-02,  2.9112e-02, -1.8923e-01,  ...,  8.5881e-02,
          -1.0189e-02,  1.5284e-01]],

        [[-5.3465e-02, -2.0990e-01, -2.4158e-01,  ..., -9.3069e-02,
           1.3861e-02,  1.3465e-01]],

        [[ 3.9549e-01,  5.0932e-01,  6.1531e-01,  ...,  3.4642e-01,
           3.5034e-01,  4.1904e-01]]]), tensor([ 0,  4, 11,  0,  0, 30, 15, 27, 15,  4, 26, 21,  7, 30, 16, 17, 12, 22,
        30, 29,  0, 21,  9, 22, 10, 19, 10, 23, 15,  6,  6, 27, 29, 22, 13,  8,
        15]), tensor([[[-1.8528e-01, -2.0491e-01, -1.6074e-01,  ...,  1.2270e-03,
          -2.0103e-09,  5.8896e-02]],

        [[-2.1429e-02, -1.3929e-01, -2.8571e-02,  ..., -3.5714e-02,
          -2.3929e-01, -3.3571e-01]],

        [[-5.1458e-02, -5.3173e-02, -3.4305e-02,  ...,  8.0617e-02,
           8.7307e-01,  1.1321e-01]],

        ...,

        [[ 6.8413e-02,  2.9112e-02, -1.8923e-01,  ...,  8.5881e-02,
          -1.0189e-02,  1.5284e-01]],

        [[-5.3465e-02, -2.0990e-01, -2.4158e-01,  ..., -9.3069e-02,
           1.3861e-02,  1.3465e-01]],

        [[ 3.9549e-01,  5.0932e-01,  6.1531e-01,  ...,  3.4642e-01,
           3.5034e-01,  4.1904e-01]]]), tensor([ 0,  4, 11,  0,  0, 30, 15, 27, 15,  4, 26, 21,  7, 30, 16, 17, 12, 22,
        30, 29,  0, 21,  9, 22, 10, 19, 10, 23, 15,  6,  6, 27, 29, 22, 13,  8,
        15]), tensor([[[-1.8528e-01, -2.0491e-01, -1.6074e-01,  ...,  1.2270e-03,
          -2.0103e-09,  5.8896e-02]],

        [[-2.1429e-02, -1.3929e-01, -2.8571e-02,  ..., -3.5714e-02,
          -2.3929e-01, -3.3571e-01]],

        [[-5.1458e-02, -5.3173e-02, -3.4305e-02,  ...,  8.0617e-02,
           8.7307e-01,  1.1321e-01]],

        ...,

        [[ 6.8413e-02,  2.9112e-02, -1.8923e-01,  ...,  8.5881e-02,
          -1.0189e-02,  1.5284e-01]],

        [[-5.3465e-02, -2.0990e-01, -2.4158e-01,  ..., -9.3069e-02,
           1.3861e-02,  1.3465e-01]],

        [[ 3.9549e-01,  5.0932e-01,  6.1531e-01,  ...,  3.4642e-01,
           3.5034e-01,  4.1904e-01]]]), tensor([ 0,  4, 11,  0,  0, 30, 15, 27, 15,  4, 26, 21,  7, 30, 16, 17, 12, 22,
        30, 29,  0, 21,  9, 22, 10, 19, 10, 23, 15,  6,  6, 27, 29, 22, 13,  8,
        15]), tensor([[[-1.8528e-01, -2.0491e-01, -1.6074e-01,  ...,  1.2270e-03,
          -2.0103e-09,  5.8896e-02]],

        [[-2.1429e-02, -1.3929e-01, -2.8571e-02,  ..., -3.5714e-02,
          -2.3929e-01, -3.3571e-01]],

        [[-5.1458e-02, -5.3173e-02, -3.4305e-02,  ...,  8.0617e-02,
           8.7307e-01,  1.1321e-01]],

        ...,

        [[ 6.8413e-02,  2.9112e-02, -1.8923e-01,  ...,  8.5881e-02,
          -1.0189e-02,  1.5284e-01]],

        [[-5.3465e-02, -2.0990e-01, -2.4158e-01,  ..., -9.3069e-02,
           1.3861e-02,  1.3465e-01]],

        [[ 3.9549e-01,  5.0932e-01,  6.1531e-01,  ...,  3.4642e-01,
           3.5034e-01,  4.1904e-01]]]), tensor([ 0,  4, 11,  0,  0, 30, 15, 27, 15,  4, 26, 21,  7, 30, 16, 17, 12, 22,
        30, 29,  0, 21,  9, 22, 10, 19, 10, 23, 15,  6,  6, 27, 29, 22, 13,  8,
        15]), tensor([[[-1.8528e-01, -2.0491e-01, -1.6074e-01,  ...,  1.2270e-03,
          -2.0103e-09,  5.8896e-02]],

        [[-2.1429e-02, -1.3929e-01, -2.8571e-02,  ..., -3.5714e-02,
          -2.3929e-01, -3.3571e-01]],

        [[-5.1458e-02, -5.3173e-02, -3.4305e-02,  ...,  8.0617e-02,
           8.7307e-01,  1.1321e-01]],

        ...,

        [[ 6.8413e-02,  2.9112e-02, -1.8923e-01,  ...,  8.5881e-02,
          -1.0189e-02,  1.5284e-01]],

        [[-5.3465e-02, -2.0990e-01, -2.4158e-01,  ..., -9.3069e-02,
           1.3861e-02,  1.3465e-01]],

        [[ 3.9549e-01,  5.0932e-01,  6.1531e-01,  ...,  3.4642e-01,
           3.5034e-01,  4.1904e-01]]]), tensor([ 0,  4, 11,  0,  0, 30, 15, 27, 15,  4, 26, 21,  7, 30, 16, 17, 12, 22,
        30, 29,  0, 21,  9, 22, 10, 19, 10, 23, 15,  6,  6, 27, 29, 22, 13,  8,
        15]), tensor([[[-1.8528e-01, -2.0491e-01, -1.6074e-01,  ...,  1.2270e-03,
          -2.0103e-09,  5.8896e-02]],

        [[-2.1429e-02, -1.3929e-01, -2.8571e-02,  ..., -3.5714e-02,
          -2.3929e-01, -3.3571e-01]],

        [[-5.1458e-02, -5.3173e-02, -3.4305e-02,  ...,  8.0617e-02,
           8.7307e-01,  1.1321e-01]],

        ...,

        [[ 6.8413e-02,  2.9112e-02, -1.8923e-01,  ...,  8.5881e-02,
          -1.0189e-02,  1.5284e-01]],

        [[-5.3465e-02, -2.0990e-01, -2.4158e-01,  ..., -9.3069e-02,
           1.3861e-02,  1.3465e-01]],

        [[ 3.9549e-01,  5.0932e-01,  6.1531e-01,  ...,  3.4642e-01,
           3.5034e-01,  4.1904e-01]]]), tensor([ 0,  4, 11,  0,  0, 30, 15, 27, 15,  4, 26, 21,  7, 30, 16, 17, 12, 22,
        30, 29,  0, 21,  9, 22, 10, 19, 10, 23, 15,  6,  6, 27, 29, 22, 13,  8,
        15]), tensor([[[-1.8528e-01, -2.0491e-01, -1.6074e-01,  ...,  1.2270e-03,
          -2.0103e-09,  5.8896e-02]],

        [[-2.1429e-02, -1.3929e-01, -2.8571e-02,  ..., -3.5714e-02,
          -2.3929e-01, -3.3571e-01]],

        [[-5.1458e-02, -5.3173e-02, -3.4305e-02,  ...,  8.0617e-02,
           8.7307e-01,  1.1321e-01]],

        ...,

        [[ 6.8413e-02,  2.9112e-02, -1.8923e-01,  ...,  8.5881e-02,
          -1.0189e-02,  1.5284e-01]],

        [[-5.3465e-02, -2.0990e-01, -2.4158e-01,  ..., -9.3069e-02,
           1.3861e-02,  1.3465e-01]],

        [[ 3.9549e-01,  5.0932e-01,  6.1531e-01,  ...,  3.4642e-01,
           3.5034e-01,  4.1904e-01]]]), tensor([ 0,  4, 11,  0,  0, 30, 15, 27, 15,  4, 26, 21,  7, 30, 16, 17, 12, 22,
        30, 29,  0, 21,  9, 22, 10, 19, 10, 23, 15,  6,  6, 27, 29, 22, 13,  8,
        15]), tensor([[[-1.8528e-01, -2.0491e-01, -1.6074e-01,  ...,  1.2270e-03,
          -2.0103e-09,  5.8896e-02]],

        [[-2.1429e-02, -1.3929e-01, -2.8571e-02,  ..., -3.5714e-02,
          -2.3929e-01, -3.3571e-01]],

        [[-5.1458e-02, -5.3173e-02, -3.4305e-02,  ...,  8.0617e-02,
           8.7307e-01,  1.1321e-01]],

        ...,

        [[ 6.8413e-02,  2.9112e-02, -1.8923e-01,  ...,  8.5881e-02,
          -1.0189e-02,  1.5284e-01]],

        [[-5.3465e-02, -2.0990e-01, -2.4158e-01,  ..., -9.3069e-02,
           1.3861e-02,  1.3465e-01]],

        [[ 3.9549e-01,  5.0932e-01,  6.1531e-01,  ...,  3.4642e-01,
           3.5034e-01,  4.1904e-01]]]), tensor([ 0,  4, 11,  0,  0, 30, 15, 27, 15,  4, 26, 21,  7, 30, 16, 17, 12, 22,
        30, 29,  0, 21,  9, 22, 10, 19, 10, 23, 15,  6,  6, 27, 29, 22, 13,  8,
        15]), tensor([[[-1.8528e-01, -2.0491e-01, -1.6074e-01,  ...,  1.2270e-03,
          -2.0103e-09,  5.8896e-02]],

        [[-2.1429e-02, -1.3929e-01, -2.8571e-02,  ..., -3.5714e-02,
          -2.3929e-01, -3.3571e-01]],

        [[-5.1458e-02, -5.3173e-02, -3.4305e-02,  ...,  8.0617e-02,
           8.7307e-01,  1.1321e-01]],

        ...,

        [[ 6.8413e-02,  2.9112e-02, -1.8923e-01,  ...,  8.5881e-02,
          -1.0189e-02,  1.5284e-01]],

        [[-5.3465e-02, -2.0990e-01, -2.4158e-01,  ..., -9.3069e-02,
           1.3861e-02,  1.3465e-01]],

        [[ 3.9549e-01,  5.0932e-01,  6.1531e-01,  ...,  3.4642e-01,
           3.5034e-01,  4.1904e-01]]]), tensor([ 0,  4, 11,  0,  0, 30, 15, 27, 15,  4, 26, 21,  7, 30, 16, 17, 12, 22,
        30, 29,  0, 21,  9, 22, 10, 19, 10, 23, 15,  6,  6, 27, 29, 22, 13,  8,
        15]), tensor([[[-1.8528e-01, -2.0491e-01, -1.6074e-01,  ...,  1.2270e-03,
          -2.0103e-09,  5.8896e-02]],

        [[-2.1429e-02, -1.3929e-01, -2.8571e-02,  ..., -3.5714e-02,
          -2.3929e-01, -3.3571e-01]],

        [[-5.1458e-02, -5.3173e-02, -3.4305e-02,  ...,  8.0617e-02,
           8.7307e-01,  1.1321e-01]],

        ...,

        [[ 6.8413e-02,  2.9112e-02, -1.8923e-01,  ...,  8.5881e-02,
          -1.0189e-02,  1.5284e-01]],

        [[-5.3465e-02, -2.0990e-01, -2.4158e-01,  ..., -9.3069e-02,
           1.3861e-02,  1.3465e-01]],

        [[ 3.9549e-01,  5.0932e-01,  6.1531e-01,  ...,  3.4642e-01,
           3.5034e-01,  4.1904e-01]]]), tensor([ 0,  4, 11,  0,  0, 30, 15, 27, 15,  4, 26, 21,  7, 30, 16, 17, 12, 22,
        30, 29,  0, 21,  9, 22, 10, 19, 10, 23, 15,  6,  6, 27, 29, 22, 13,  8,
        15]), tensor([[[-1.8528e-01, -2.0491e-01, -1.6074e-01,  ...,  1.2270e-03,
          -2.0103e-09,  5.8896e-02]],

        [[-2.1429e-02, -1.3929e-01, -2.8571e-02,  ..., -3.5714e-02,
          -2.3929e-01, -3.3571e-01]],

        [[-5.1458e-02, -5.3173e-02, -3.4305e-02,  ...,  8.0617e-02,
           8.7307e-01,  1.1321e-01]],

        ...,

        [[ 6.8413e-02,  2.9112e-02, -1.8923e-01,  ...,  8.5881e-02,
          -1.0189e-02,  1.5284e-01]],

        [[-5.3465e-02, -2.0990e-01, -2.4158e-01,  ..., -9.3069e-02,
           1.3861e-02,  1.3465e-01]],

        [[ 3.9549e-01,  5.0932e-01,  6.1531e-01,  ...,  3.4642e-01,
           3.5034e-01,  4.1904e-01]]]), tensor([ 0,  4, 11,  0,  0, 30, 15, 27, 15,  4, 26, 21,  7, 30, 16, 17, 12, 22,
        30, 29,  0, 21,  9, 22, 10, 19, 10, 23, 15,  6,  6, 27, 29, 22, 13,  8,
        15])]/88], Train Loss: 3.3558 Train Acc: 0.0701,139.9 examples/sec 40.07 sec/batch
02-05 14:20:28 current lr: [0.001]
02-05 14:20:28 -----Epoch 1/4-----
