02-24 10:34:08 model_name: SSF
02-24 10:34:08 data_name: JNU
02-24 10:34:08 aug_1: normal
02-24 10:34:08 aug_2: randomcrop
02-24 10:34:08 max_epoch: 20
02-24 10:34:08 classifier_epoch: 50
02-24 10:34:08 data_view: TwoViewDataset
02-24 10:34:08 cuda_device: 0
02-24 10:34:08 checkpoint_dir: ./checkpoint
02-24 10:34:08 batch_size: 32
02-24 10:34:08 data_dir: raw_data/JNU/JNU-Bearing-Dataset-main
02-24 10:34:08 out_channel: 12
02-24 10:34:08 normlizetype: minus_one_one
02-24 10:34:08 processing_type: RA
02-24 10:34:08 opt: sgd
02-24 10:34:08 lr: 0.01
02-24 10:34:08 momentum: 0.9
02-24 10:34:08 weight_decay: 1e-05
02-24 10:34:08 lr_scheduler: cos
02-24 10:34:08 gamma: 0.1
02-24 10:34:08 eta_min: 1e-05
02-24 10:34:08 latent_space: 256
02-24 10:34:08 task: self_supervised
02-24 10:34:08 critetion: <class 'utils.loss_SSL.SimSiamLoss'>
02-24 10:34:08 using 1 gpus
02-24 10:34:08 Dataset class: <class 'data_utils.datasets.JNU.JNU'>
02-24 10:34:09 Split sizes: train=6153 val=659 test=1319, classier=659
02-24 10:34:09 Label counts train: Counter({1: 1026, 5: 1026, 9: 1026, 10: 342, 7: 342, 2: 342, 11: 342, 3: 342, 0: 342, 6: 341, 8: 341, 4: 341})
02-24 10:34:09 Label counts val:   Counter({1: 110, 5: 110, 9: 110, 8: 37, 11: 37, 0: 37, 4: 37, 2: 37, 7: 36, 10: 36, 3: 36, 6: 36})
02-24 10:34:09 Label counts test:  Counter({1: 220, 9: 220, 5: 220, 8: 74, 6: 74, 3: 73, 0: 73, 2: 73, 11: 73, 10: 73, 4: 73, 7: 73})
02-24 10:34:09 Label counts classifier:  Counter({9: 110, 1: 110, 5: 110, 4: 37, 3: 37, 6: 37, 7: 37, 10: 37, 11: 36, 0: 36, 2: 36, 8: 36})
02-24 10:34:11 -----Epoch 0/19-----
