05-04 15:03:49 ================================================================================
05-04 15:03:49 RUN: aug=('gaussian', 'gaussian') hidden=128 latent=160 blocks=None seed=0
05-04 15:03:49 model_name: SSF
05-04 15:03:49 data_name: PU
05-04 15:03:49 aug_1: gaussian
05-04 15:03:49 aug_2: gaussian
05-04 15:03:49 data_view: OneViewDataset
05-04 15:03:49 data_dir: raw_data/PU
05-04 15:03:49 out_channel: 6
05-04 15:03:49 normlizetype: None
05-04 15:03:49 processing_type: O_N
05-04 15:03:49 max_epoch: 50
05-04 15:03:49 classifier_epoch: 50
05-04 15:03:49 batch_size: 64
05-04 15:03:49 cuda_device: 0
05-04 15:03:49 checkpoint_dir: ./checkpoint
05-04 15:03:49 opt: sgd
05-04 15:03:49 lr: 0.05
05-04 15:03:49 momentum: 0.9
05-04 15:03:49 weight_decay: 0.0001
05-04 15:03:49 lr_scheduler: cos
05-04 15:03:49 gamma: 0.95
05-04 15:03:49 eta_min: 1e-05
05-04 15:03:49 latent_space: 160
05-04 15:03:49 num_blocks_ssf: 7
05-04 15:03:49 hidden_channel: 128
05-04 15:03:49 per_class_samples: 100
05-04 15:03:49 classifier_samples: 10
05-04 15:03:49 task: supervised
05-04 15:03:49 critetion: <class 'torch.nn.modules.loss.CrossEntropyLoss'>
05-04 15:03:49 using 1 gpus
05-04 15:03:49 Dataset class: <class 'data_utils.datasets.PU.PU'>
05-04 15:03:50 Split sizes: train=100 val=100 test=600, classier=60
05-04 15:03:51 Label counts train: Counter({0: 100})
05-04 15:03:51 Label counts val:   Counter({0: 100})
05-04 15:03:51 Label counts test:  Counter({1: 100, 4: 100, 3: 100, 5: 100, 2: 100, 0: 100})
05-04 15:03:51 Label counts classifier:  Counter({4: 10, 3: 10, 2: 10, 5: 10, 0: 10, 1: 10})
05-04 15:03:51 Label counts classifier validation:  Counter({1: 10, 3: 10, 2: 10, 4: 10, 0: 10, 5: 10})
05-04 15:03:52 -----Epoch 0/49-----
