04-22 14:55:45 ================================================================================
04-22 14:55:45 RUN: aug=('normal', 'scale') hidden=256 latent=256 blocks=7 seed=0
04-22 14:55:45 model_name: SSF
04-22 14:55:45 data_name: PU
04-22 14:55:45 aug_1: normal
04-22 14:55:45 aug_2: scale
04-22 14:55:45 data_view: TwoViewDataset
04-22 14:55:45 data_dir: raw_data/PU
04-22 14:55:45 out_channel: 6
04-22 14:55:45 normlizetype: zero_one
04-22 14:55:45 processing_type: O_N
04-22 14:55:45 max_epoch: 50
04-22 14:55:45 classifier_epoch: 50
04-22 14:55:45 batch_size: 64
04-22 14:55:45 cuda_device: 0
04-22 14:55:45 checkpoint_dir: ./checkpoint
04-22 14:55:45 opt: sgd
04-22 14:55:45 lr: 0.05
04-22 14:55:45 momentum: 0.9
04-22 14:55:45 weight_decay: 0.0001
04-22 14:55:45 lr_scheduler: cos
04-22 14:55:45 gamma: 0.95
04-22 14:55:45 eta_min: 1e-05
04-22 14:55:45 latent_space: 256
04-22 14:55:45 num_blocks_ssf: 7
04-22 14:55:45 hidden_channel: 256
04-22 14:55:45 per_class_samples: 1000
04-22 14:55:45 classifier_samples: 100
04-22 14:55:45 task: self_supervised
04-22 14:55:45 critetion: <class 'utils.loss_SSL.SimSiamLoss'>
04-22 14:55:45 using 1 gpus
04-22 14:55:45 Dataset class: <class 'data_utils.datasets.PU.PU'>
04-22 14:55:46 Split sizes: train=1000 val=1000 test=6000, classier=600
04-22 14:55:46 Label counts train: Counter({0: 1000})
04-22 14:55:46 Label counts val:   Counter({0: 1000})
04-22 14:55:46 Label counts test:  Counter({0: 1000, 2: 1000, 5: 1000, 1: 1000, 3: 1000, 4: 1000})
04-22 14:55:46 Label counts classifier:  Counter({0: 100, 1: 100, 2: 100, 4: 100, 5: 100, 3: 100})
04-22 14:55:46 Label counts classifier validation:  Counter({4: 100, 3: 100, 5: 100, 1: 100, 0: 100, 2: 100})
04-22 14:55:48 -----Epoch 0/49-----
04-22 14:55:51 current lr: 0.05
04-22 14:55:51 Saved best checkpoint to ./checkpoint\SSF_PU_0422-145545\best_pt (val_loss=-0.7651)
04-22 14:55:51 Epoch 000 Train loss -0.6820 | Val loss -0.7651
04-22 14:55:51 -----Epoch 1/49-----
04-22 14:55:54 current lr: 0.0499507
04-22 14:55:54 Saved best checkpoint to ./checkpoint\SSF_PU_0422-145545\best_pt (val_loss=-0.9412)
04-22 14:55:54 Epoch 001 Train loss -0.8985 | Val loss -0.9412
04-22 14:55:54 -----Epoch 2/49-----
04-22 14:55:57 current lr: 0.0498029
04-22 14:55:57 Saved best checkpoint to ./checkpoint\SSF_PU_0422-145545\best_pt (val_loss=-0.9630)
04-22 14:55:57 Epoch 002 Train loss -0.9277 | Val loss -0.9630
04-22 14:55:57 -----Epoch 3/49-----
04-22 14:55:59 current lr: 0.0495573
04-22 14:55:59 Saved best checkpoint to ./checkpoint\SSF_PU_0422-145545\best_pt (val_loss=-0.9708)
04-22 14:55:59 Epoch 003 Train loss -0.9446 | Val loss -0.9708
04-22 14:55:59 -----Epoch 4/49-----
