02-24 09:21:56 model_name: SSF
02-24 09:21:56 data_name: PU
02-24 09:21:56 aug_1: normal
02-24 09:21:56 aug_2: randomcrop
02-24 09:21:56 max_epoch: 50
02-24 09:21:56 classifier_epoch: 50
02-24 09:21:56 data_view: TwoViewDataset
02-24 09:21:56 cuda_device: 0
02-24 09:21:56 checkpoint_dir: ./checkpoint
02-24 09:21:56 batch_size: 32
02-24 09:21:56 data_dir: raw_data/PU
02-24 09:21:56 out_channel: 4
02-24 09:21:56 normlizetype: minus_one_one
02-24 09:21:56 processing_type: RA
02-24 09:21:56 opt: sgd
02-24 09:21:56 lr: 0.01
02-24 09:21:56 momentum: 0.9
02-24 09:21:56 weight_decay: 1e-05
02-24 09:21:56 lr_scheduler: cos
02-24 09:21:56 gamma: 0.1
02-24 09:21:56 eta_min: 1e-05
02-24 09:21:56 latent_space: 256
02-24 09:21:56 task: self_supervised
02-24 09:21:56 critetion: <class 'utils.loss_SSL.SimSiamLoss'>
02-24 09:21:57 using 1 gpus
02-24 09:21:57 Dataset class: <class 'data_utils.datasets.PU.PU'>
02-24 09:21:57 Split sizes: train=22502 val=4822 test=4823
02-24 09:21:59 Label counts train: Counter({1: 8481, 3: 7718, 0: 4201, 2: 2102})
02-24 09:21:59 Label counts val:   Counter({1: 1817, 3: 1654, 0: 900, 2: 451})
02-24 09:21:59 Label counts test:  Counter({1: 1818, 3: 1654, 0: 901, 2: 450})
02-24 09:22:01 -----Epoch 0/49-----
02-24 09:22:19 current lr: 0.01
02-24 09:22:19 Saved best checkpoint to ./checkpoint\SSF_PU_0224-092156\best_pt (val_loss=-0.8910)
02-24 09:22:19 Epoch 000 Train loss -0.7398 | Val loss -0.8910
02-24 09:22:19 -----Epoch 1/49-----
02-24 09:22:37 current lr: 0.00999014
02-24 09:22:37 Saved best checkpoint to ./checkpoint\SSF_PU_0224-092156\best_pt (val_loss=-0.9285)
02-24 09:22:37 Epoch 001 Train loss -0.9165 | Val loss -0.9285
02-24 09:22:37 -----Epoch 2/49-----
02-24 09:22:55 current lr: 0.00996061
02-24 09:22:55 Saved best checkpoint to ./checkpoint\SSF_PU_0224-092156\best_pt (val_loss=-0.9383)
02-24 09:22:55 Epoch 002 Train loss -0.9369 | Val loss -0.9383
02-24 09:22:55 -----Epoch 3/49-----
02-24 09:23:12 current lr: 0.00991152
02-24 09:23:12 Saved best checkpoint to ./checkpoint\SSF_PU_0224-092156\best_pt (val_loss=-0.9438)
02-24 09:23:12 Epoch 003 Train loss -0.9440 | Val loss -0.9438
02-24 09:23:12 -----Epoch 4/49-----
02-24 09:23:30 current lr: 0.00984307
02-24 09:23:30 Saved best checkpoint to ./checkpoint\SSF_PU_0224-092156\best_pt (val_loss=-0.9517)
02-24 09:23:30 Epoch 004 Train loss -0.9504 | Val loss -0.9517
02-24 09:23:30 -----Epoch 5/49-----
02-24 09:23:47 current lr: 0.00975553
02-24 09:23:47 Saved best checkpoint to ./checkpoint\SSF_PU_0224-092156\best_pt (val_loss=-0.9594)
02-24 09:23:47 Epoch 005 Train loss -0.9580 | Val loss -0.9594
02-24 09:23:47 -----Epoch 6/49-----
02-24 09:24:04 current lr: 0.00964923
02-24 09:24:04 Saved best checkpoint to ./checkpoint\SSF_PU_0224-092156\best_pt (val_loss=-0.9670)
02-24 09:24:04 Epoch 006 Train loss -0.9653 | Val loss -0.9670
02-24 09:24:04 -----Epoch 7/49-----
