03-04 08:27:03 model_name: SSF
03-04 08:27:03 data_name: PU
03-04 08:27:03 aug_1: randomcrop
03-04 08:27:03 aug_2: scale
03-04 08:27:03 max_epoch: 20
03-04 08:27:03 classifier_epoch: 50
03-04 08:27:03 data_view: TwoViewDataset
03-04 08:27:03 cuda_device: 0
03-04 08:27:03 checkpoint_dir: ./checkpoint
03-04 08:27:03 batch_size: 32
03-04 08:27:03 data_dir: raw_data/PU
03-04 08:27:03 out_channel: 4
03-04 08:27:03 normlizetype: minus_one_one
03-04 08:27:03 processing_type: RA
03-04 08:27:03 opt: sgd
03-04 08:27:03 lr: 0.01
03-04 08:27:03 momentum: 0.9
03-04 08:27:03 weight_decay: 1e-05
03-04 08:27:03 lr_scheduler: cos
03-04 08:27:03 gamma: 0.1
03-04 08:27:03 eta_min: 1e-05
03-04 08:27:03 latent_space: 96
03-04 08:27:03 num_blocks_ssf: None
03-04 08:27:03 task: self_supervised
03-04 08:27:03 critetion: <class 'utils.loss_SSL.SimSiamLoss'>
03-04 08:27:03 using 1 gpus
03-04 08:27:03 Dataset class: <class 'data_utils.datasets.PU.PU'>
03-04 08:27:03 Split sizes: train=12607 val=2430 test=2702, classier=271
03-04 08:27:04 Label counts train: Counter({3: 3498, 1: 3493, 0: 3490, 2: 2095})
03-04 08:27:04 Label counts val:   Counter({3: 667, 0: 667, 1: 666, 2: 400})
03-04 08:27:05 Label counts test:  Counter({3: 751, 1: 750, 0: 750, 2: 451})
03-04 08:27:05 Label counts classifier:  Counter({1: 72, 0: 72, 3: 70, 2: 42})
03-04 08:27:06 -----Epoch 0/19-----
03-04 08:27:17 current lr: 0.01
03-04 08:27:17 Saved best checkpoint to ./checkpoint\SSF_PU_0304-082703\best_pt (val_loss=-0.9881)
03-04 08:27:17 Epoch 000 Train loss -0.9549 | Val loss -0.9881
03-04 08:27:17 -----Epoch 1/19-----
03-04 08:27:28 current lr: 0.0099385
03-04 08:27:28 Saved best checkpoint to ./checkpoint\SSF_PU_0304-082703\best_pt (val_loss=-0.9913)
03-04 08:27:28 Epoch 001 Train loss -0.9894 | Val loss -0.9913
03-04 08:27:28 -----Epoch 2/19-----
03-04 08:27:40 current lr: 0.00975553
03-04 08:27:40 Saved best checkpoint to ./checkpoint\SSF_PU_0304-082703\best_pt (val_loss=-0.9931)
03-04 08:27:40 Epoch 002 Train loss -0.9918 | Val loss -0.9931
03-04 08:27:40 -----Epoch 3/19-----
03-04 08:27:51 current lr: 0.00945558
03-04 08:27:51 Saved best checkpoint to ./checkpoint\SSF_PU_0304-082703\best_pt (val_loss=-0.9939)
03-04 08:27:51 Epoch 003 Train loss -0.9930 | Val loss -0.9939
03-04 08:27:51 -----Epoch 4/19-----
03-04 08:28:01 current lr: 0.00904604
03-04 08:28:01 Saved best checkpoint to ./checkpoint\SSF_PU_0304-082703\best_pt (val_loss=-0.9943)
03-04 08:28:01 Epoch 004 Train loss -0.9936 | Val loss -0.9943
03-04 08:28:01 -----Epoch 5/19-----
03-04 08:28:13 current lr: 0.008537
03-04 08:28:13 Saved best checkpoint to ./checkpoint\SSF_PU_0304-082703\best_pt (val_loss=-0.9945)
03-04 08:28:13 Epoch 005 Train loss -0.9938 | Val loss -0.9945
03-04 08:28:13 -----Epoch 6/19-----
03-04 08:28:24 current lr: 0.00794099
03-04 08:28:24 No improvement in val_loss for 1/5 epochs.
03-04 08:28:24 Epoch 006 Train loss -0.9939 | Val loss -0.9944
03-04 08:28:24 -----Epoch 7/19-----
03-04 08:28:35 current lr: 0.00727268
03-04 08:28:35 Saved best checkpoint to ./checkpoint\SSF_PU_0304-082703\best_pt (val_loss=-0.9947)
03-04 08:28:35 Epoch 007 Train loss -0.9939 | Val loss -0.9947
03-04 08:28:35 -----Epoch 8/19-----
03-04 08:28:46 current lr: 0.00654854
03-04 08:28:47 Saved best checkpoint to ./checkpoint\SSF_PU_0304-082703\best_pt (val_loss=-0.9951)
03-04 08:28:47 Epoch 008 Train loss -0.9943 | Val loss -0.9951
03-04 08:28:47 -----Epoch 9/19-----
03-04 08:28:58 current lr: 0.00578639
03-04 08:28:58 Saved best checkpoint to ./checkpoint\SSF_PU_0304-082703\best_pt (val_loss=-0.9953)
03-04 08:28:58 Epoch 009 Train loss -0.9946 | Val loss -0.9953
03-04 08:28:58 -----Epoch 10/19-----
03-04 08:29:08 current lr: 0.005005
03-04 08:29:08 Saved best checkpoint to ./checkpoint\SSF_PU_0304-082703\best_pt (val_loss=-0.9955)
03-04 08:29:08 Epoch 010 Train loss -0.9948 | Val loss -0.9955
03-04 08:29:08 -----Epoch 11/19-----
03-04 08:29:19 current lr: 0.00422361
03-04 08:29:19 Saved best checkpoint to ./checkpoint\SSF_PU_0304-082703\best_pt (val_loss=-0.9956)
03-04 08:29:19 Epoch 011 Train loss -0.9949 | Val loss -0.9956
03-04 08:29:19 -----Epoch 12/19-----
03-04 08:29:31 current lr: 0.00346146
03-04 08:29:31 Saved best checkpoint to ./checkpoint\SSF_PU_0304-082703\best_pt (val_loss=-0.9957)
03-04 08:29:31 Epoch 012 Train loss -0.9950 | Val loss -0.9957
03-04 08:29:31 -----Epoch 13/19-----
03-04 08:29:41 current lr: 0.00273732
03-04 08:29:41 Saved best checkpoint to ./checkpoint\SSF_PU_0304-082703\best_pt (val_loss=-0.9958)
03-04 08:29:41 Epoch 013 Train loss -0.9951 | Val loss -0.9958
03-04 08:29:41 -----Epoch 14/19-----
03-04 08:29:52 current lr: 0.00206901
03-04 08:29:52 Saved best checkpoint to ./checkpoint\SSF_PU_0304-082703\best_pt (val_loss=-0.9958)
03-04 08:29:52 Epoch 014 Train loss -0.9951 | Val loss -0.9958
03-04 08:29:52 -----Epoch 15/19-----
03-04 08:30:03 current lr: 0.001473
03-04 08:30:04 Saved best checkpoint to ./checkpoint\SSF_PU_0304-082703\best_pt (val_loss=-0.9958)
03-04 08:30:04 Epoch 015 Train loss -0.9952 | Val loss -0.9958
03-04 08:30:04 -----Epoch 16/19-----
03-04 08:30:14 current lr: 0.00096396
03-04 08:30:14 Saved best checkpoint to ./checkpoint\SSF_PU_0304-082703\best_pt (val_loss=-0.9958)
03-04 08:30:14 Epoch 016 Train loss -0.9952 | Val loss -0.9958
03-04 08:30:14 -----Epoch 17/19-----
03-04 08:30:25 current lr: 0.000554422
03-04 08:30:25 Saved best checkpoint to ./checkpoint\SSF_PU_0304-082703\best_pt (val_loss=-0.9959)
03-04 08:30:25 Epoch 017 Train loss -0.9952 | Val loss -0.9959
03-04 08:30:25 -----Epoch 18/19-----
03-04 08:30:37 current lr: 0.000254473
03-04 08:30:37 Saved best checkpoint to ./checkpoint\SSF_PU_0304-082703\best_pt (val_loss=-0.9959)
03-04 08:30:37 Epoch 018 Train loss -0.9952 | Val loss -0.9959
03-04 08:30:37 -----Epoch 19/19-----
03-04 08:30:47 current lr: 7.14967e-05
03-04 08:30:47 No improvement in val_loss for 1/5 epochs.
03-04 08:30:47 Epoch 019 Train loss -0.9952 | Val loss -0.9959
03-04 08:30:48 TEST (last): loss -0.9959
03-04 08:30:49 [LP epoch 00] train_loss=1.3517 train_acc=0.3242 | val_loss=1.3677 val_acc=0.2600 | 
03-04 08:30:49 [LP epoch 01] train_loss=1.2521 train_acc=0.4609 | val_loss=1.3337 val_acc=0.2925 | 
03-04 08:30:50 [LP epoch 02] train_loss=1.1906 train_acc=0.5234 | val_loss=1.2868 val_acc=0.4317 | 
03-04 08:30:51 [LP epoch 03] train_loss=1.1451 train_acc=0.5508 | val_loss=1.2360 val_acc=0.4942 | 
03-04 08:30:51 [LP epoch 04] train_loss=1.1029 train_acc=0.5586 | val_loss=1.1862 val_acc=0.5162 | 
03-04 08:30:52 [LP epoch 05] train_loss=1.0607 train_acc=0.6055 | val_loss=1.1376 val_acc=0.5354 | 
03-04 08:30:52 [LP epoch 06] train_loss=1.0268 train_acc=0.6055 | val_loss=1.0942 val_acc=0.5496 | 
03-04 08:30:53 [LP epoch 07] train_loss=0.9937 train_acc=0.6406 | val_loss=1.0665 val_acc=0.5596 | 
03-04 08:30:54 [LP epoch 08] train_loss=0.9629 train_acc=0.6680 | val_loss=1.0435 val_acc=0.5725 | 
03-04 08:30:54 [LP epoch 09] train_loss=0.9335 train_acc=0.6719 | val_loss=1.0214 val_acc=0.5796 | 
03-04 08:30:55 [LP epoch 10] train_loss=0.9034 train_acc=0.6992 | val_loss=1.0023 val_acc=0.5908 | 
03-04 08:30:55 [LP epoch 11] train_loss=0.8788 train_acc=0.6992 | val_loss=0.9863 val_acc=0.5950 | 
03-04 08:30:56 [LP epoch 12] train_loss=0.8553 train_acc=0.7148 | val_loss=0.9692 val_acc=0.6071 | 
03-04 08:30:57 [LP epoch 13] train_loss=0.8316 train_acc=0.7227 | val_loss=0.9553 val_acc=0.6175 | 
03-04 08:30:57 [LP epoch 14] train_loss=0.8106 train_acc=0.7305 | val_loss=0.9453 val_acc=0.6200 | 
03-04 08:30:58 [LP epoch 15] train_loss=0.7909 train_acc=0.7383 | val_loss=0.9350 val_acc=0.6225 | 
03-04 08:30:59 [LP epoch 16] train_loss=0.7723 train_acc=0.7422 | val_loss=0.9234 val_acc=0.6275 | 
03-04 08:30:59 [LP epoch 17] train_loss=0.7540 train_acc=0.7539 | val_loss=0.9128 val_acc=0.6333 | 
03-04 08:31:00 [LP epoch 18] train_loss=0.7315 train_acc=0.7617 | val_loss=0.9013 val_acc=0.6404 | 
03-04 08:31:01 [LP epoch 19] train_loss=0.7164 train_acc=0.7695 | val_loss=0.8959 val_acc=0.6471 | 
03-04 08:31:01 [LP epoch 20] train_loss=0.6990 train_acc=0.7695 | val_loss=0.8875 val_acc=0.6483 | 
03-04 08:31:02 [LP epoch 21] train_loss=0.6831 train_acc=0.7656 | val_loss=0.8824 val_acc=0.6529 | 
03-04 08:31:03 [LP epoch 22] train_loss=0.6751 train_acc=0.7656 | val_loss=0.8772 val_acc=0.6496 | 
03-04 08:31:03 [LP epoch 23] train_loss=0.6545 train_acc=0.7617 | val_loss=0.8707 val_acc=0.6500 | 
03-04 08:31:04 [LP epoch 24] train_loss=0.6429 train_acc=0.7695 | val_loss=0.8696 val_acc=0.6517 | 
03-04 08:31:04 [LP epoch 25] train_loss=0.6288 train_acc=0.7812 | val_loss=0.8666 val_acc=0.6525 | 
03-04 08:31:05 [LP epoch 26] train_loss=0.6118 train_acc=0.7969 | val_loss=0.8575 val_acc=0.6571 | 
03-04 08:31:06 [LP epoch 27] train_loss=0.6045 train_acc=0.7969 | val_loss=0.8583 val_acc=0.6550 | 
03-04 08:31:06 [LP epoch 28] train_loss=0.5895 train_acc=0.7969 | val_loss=0.8587 val_acc=0.6550 | 
03-04 08:31:07 [LP epoch 29] train_loss=0.5833 train_acc=0.8125 | val_loss=0.8584 val_acc=0.6562 | 
03-04 08:31:08 [LP epoch 30] train_loss=0.5693 train_acc=0.7969 | val_loss=0.8505 val_acc=0.6571 | 
03-04 08:31:08 [LP epoch 31] train_loss=0.5643 train_acc=0.7891 | val_loss=0.8475 val_acc=0.6613 | 
03-04 08:31:09 [LP epoch 32] train_loss=0.5510 train_acc=0.8242 | val_loss=0.8509 val_acc=0.6554 | 
03-04 08:31:09 [LP epoch 33] train_loss=0.5479 train_acc=0.8203 | val_loss=0.8474 val_acc=0.6567 | 
03-04 08:31:10 [LP epoch 34] train_loss=0.5313 train_acc=0.8320 | val_loss=0.8445 val_acc=0.6637 | 
03-04 08:31:11 [LP epoch 35] train_loss=0.5285 train_acc=0.8203 | val_loss=0.8507 val_acc=0.6579 | 
03-04 08:31:11 [LP epoch 36] train_loss=0.5193 train_acc=0.8320 | val_loss=0.8518 val_acc=0.6554 | 
03-04 08:31:12 [LP epoch 37] train_loss=0.5058 train_acc=0.8438 | val_loss=0.8512 val_acc=0.6613 | 
03-04 08:31:12 [LP epoch 38] train_loss=0.5099 train_acc=0.8359 | val_loss=0.8499 val_acc=0.6567 | 
03-04 08:31:13 [LP epoch 39] train_loss=0.4903 train_acc=0.8359 | val_loss=0.8405 val_acc=0.6617 | 
03-04 08:31:14 [LP epoch 40] train_loss=0.4864 train_acc=0.8359 | val_loss=0.8588 val_acc=0.6579 | 
03-04 08:31:14 [LP epoch 41] train_loss=0.4738 train_acc=0.8477 | val_loss=0.8532 val_acc=0.6512 | 
03-04 08:31:15 [LP epoch 42] train_loss=0.4721 train_acc=0.8516 | val_loss=0.8404 val_acc=0.6637 | 
03-04 08:31:15 [LP epoch 43] train_loss=0.4630 train_acc=0.8438 | val_loss=0.8495 val_acc=0.6604 | 
03-04 08:31:16 [LP epoch 44] train_loss=0.4546 train_acc=0.8594 | val_loss=0.8488 val_acc=0.6613 | 
03-04 08:31:17 [LP epoch 45] train_loss=0.4459 train_acc=0.8633 | val_loss=0.8486 val_acc=0.6600 | 
03-04 08:31:17 [LP epoch 46] train_loss=0.4409 train_acc=0.8438 | val_loss=0.8435 val_acc=0.6625 | 
03-04 08:31:18 [LP epoch 47] train_loss=0.4384 train_acc=0.8555 | val_loss=0.8478 val_acc=0.6600 | 
03-04 08:31:18 [LP epoch 48] train_loss=0.4255 train_acc=0.8594 | val_loss=0.8566 val_acc=0.6567 | 
03-04 08:31:19 [LP epoch 49] train_loss=0.4262 train_acc=0.8672 | val_loss=0.8490 val_acc=0.6629 | 
03-04 08:31:19 Saved linear-probe checkpoint: ./checkpoint\SSF_PU_0304-082703\linear_probe_best.pt (best_val_acc=0.6637)
03-04 08:31:19 TEST linear-probe: loss=0.8287 acc=0.6769
03-04 08:31:19 model_name: SSF
03-04 08:31:19 data_name: PU
03-04 08:31:19 aug_1: normal
03-04 08:31:19 aug_2: randomcrop
03-04 08:31:19 max_epoch: 20
03-04 08:31:19 classifier_epoch: 50
03-04 08:31:19 data_view: TwoViewDataset
03-04 08:31:19 cuda_device: 0
03-04 08:31:19 checkpoint_dir: ./checkpoint
03-04 08:31:19 batch_size: 32
03-04 08:31:19 data_dir: raw_data/PU
03-04 08:31:19 out_channel: 4
03-04 08:31:19 normlizetype: minus_one_one
03-04 08:31:19 processing_type: RA
03-04 08:31:19 opt: sgd
03-04 08:31:19 lr: 0.01
03-04 08:31:19 momentum: 0.9
03-04 08:31:19 weight_decay: 1e-05
03-04 08:31:19 lr_scheduler: cos
03-04 08:31:19 gamma: 0.1
03-04 08:31:19 eta_min: 1e-05
03-04 08:31:19 latent_space: 96
03-04 08:31:19 num_blocks_ssf: None
03-04 08:31:19 task: self_supervised
03-04 08:31:19 critetion: <class 'utils.loss_SSL.SimSiamLoss'>
03-04 08:31:19 using 1 gpus
03-04 08:31:19 Dataset class: <class 'data_utils.datasets.PU.PU'>
03-04 08:31:20 Split sizes: train=12607 val=2430 test=2702, classier=271
03-04 08:31:21 Label counts train: Counter({3: 3498, 1: 3493, 0: 3490, 2: 2095})
03-04 08:31:21 Label counts val:   Counter({3: 667, 0: 667, 1: 666, 2: 400})
03-04 08:31:21 Label counts test:  Counter({3: 751, 1: 750, 0: 750, 2: 451})
03-04 08:31:21 Label counts classifier:  Counter({1: 72, 0: 72, 3: 70, 2: 42})
03-04 08:31:21 -----Epoch 0/19-----
03-04 08:31:33 current lr: 0.01
03-04 08:31:33 Saved best checkpoint to ./checkpoint\SSF_PU_0304-082703\best_pt (val_loss=-0.9889)
03-04 08:31:33 Epoch 000 Train loss -0.9543 | Val loss -0.9889
03-04 08:31:33 -----Epoch 1/19-----
03-04 08:31:44 current lr: 0.0099385
03-04 08:31:44 Saved best checkpoint to ./checkpoint\SSF_PU_0304-082703\best_pt (val_loss=-0.9925)
03-04 08:31:44 Epoch 001 Train loss -0.9909 | Val loss -0.9925
03-04 08:31:44 -----Epoch 2/19-----
03-04 08:31:54 current lr: 0.00975553
03-04 08:31:55 Saved best checkpoint to ./checkpoint\SSF_PU_0304-082703\best_pt (val_loss=-0.9937)
03-04 08:31:55 Epoch 002 Train loss -0.9929 | Val loss -0.9937
03-04 08:31:55 -----Epoch 3/19-----
03-04 08:32:04 current lr: 0.00945558
03-04 08:32:04 Saved best checkpoint to ./checkpoint\SSF_PU_0304-082703\best_pt (val_loss=-0.9943)
03-04 08:32:04 Epoch 003 Train loss -0.9937 | Val loss -0.9943
03-04 08:32:04 -----Epoch 4/19-----
03-04 08:32:15 current lr: 0.00904604
03-04 08:32:15 Saved best checkpoint to ./checkpoint\SSF_PU_0304-082703\best_pt (val_loss=-0.9946)
03-04 08:32:15 Epoch 004 Train loss -0.9941 | Val loss -0.9946
03-04 08:32:15 -----Epoch 5/19-----
03-04 08:32:27 current lr: 0.008537
03-04 08:32:27 Saved best checkpoint to ./checkpoint\SSF_PU_0304-082703\best_pt (val_loss=-0.9946)
03-04 08:32:27 Epoch 005 Train loss -0.9942 | Val loss -0.9946
03-04 08:32:27 -----Epoch 6/19-----
03-04 08:32:38 current lr: 0.00794099
03-04 08:32:38 Saved best checkpoint to ./checkpoint\SSF_PU_0304-082703\best_pt (val_loss=-0.9947)
03-04 08:32:38 Epoch 006 Train loss -0.9943 | Val loss -0.9947
03-04 08:32:38 -----Epoch 7/19-----
03-04 08:32:49 current lr: 0.00727268
03-04 08:32:49 Saved best checkpoint to ./checkpoint\SSF_PU_0304-082703\best_pt (val_loss=-0.9949)
03-04 08:32:49 Epoch 007 Train loss -0.9944 | Val loss -0.9949
03-04 08:32:49 -----Epoch 8/19-----
03-04 08:32:59 current lr: 0.00654854
03-04 08:32:59 Saved best checkpoint to ./checkpoint\SSF_PU_0304-082703\best_pt (val_loss=-0.9950)
03-04 08:32:59 Epoch 008 Train loss -0.9945 | Val loss -0.9950
03-04 08:32:59 -----Epoch 9/19-----
03-04 08:33:10 current lr: 0.00578639
03-04 08:33:10 Saved best checkpoint to ./checkpoint\SSF_PU_0304-082703\best_pt (val_loss=-0.9951)
03-04 08:33:10 Epoch 009 Train loss -0.9946 | Val loss -0.9951
03-04 08:33:10 -----Epoch 10/19-----
03-04 08:33:21 current lr: 0.005005
03-04 08:33:21 Saved best checkpoint to ./checkpoint\SSF_PU_0304-082703\best_pt (val_loss=-0.9952)
03-04 08:33:21 Epoch 010 Train loss -0.9947 | Val loss -0.9952
03-04 08:33:21 -----Epoch 11/19-----
03-04 08:33:31 current lr: 0.00422361
03-04 08:33:31 Saved best checkpoint to ./checkpoint\SSF_PU_0304-082703\best_pt (val_loss=-0.9952)
03-04 08:33:31 Epoch 011 Train loss -0.9948 | Val loss -0.9952
03-04 08:33:31 -----Epoch 12/19-----
03-04 08:33:42 current lr: 0.00346146
03-04 08:33:42 Saved best checkpoint to ./checkpoint\SSF_PU_0304-082703\best_pt (val_loss=-0.9952)
03-04 08:33:42 Epoch 012 Train loss -0.9948 | Val loss -0.9952
03-04 08:33:42 -----Epoch 13/19-----
03-04 08:33:52 current lr: 0.00273732
03-04 08:33:52 Saved best checkpoint to ./checkpoint\SSF_PU_0304-082703\best_pt (val_loss=-0.9953)
03-04 08:33:52 Epoch 013 Train loss -0.9948 | Val loss -0.9953
03-04 08:33:52 -----Epoch 14/19-----
03-04 08:34:03 current lr: 0.00206901
03-04 08:34:03 Saved best checkpoint to ./checkpoint\SSF_PU_0304-082703\best_pt (val_loss=-0.9953)
03-04 08:34:03 Epoch 014 Train loss -0.9948 | Val loss -0.9953
03-04 08:34:03 -----Epoch 15/19-----
03-04 08:34:14 current lr: 0.001473
03-04 08:34:14 Saved best checkpoint to ./checkpoint\SSF_PU_0304-082703\best_pt (val_loss=-0.9953)
03-04 08:34:14 Epoch 015 Train loss -0.9949 | Val loss -0.9953
03-04 08:34:14 -----Epoch 16/19-----
03-04 08:34:23 current lr: 0.00096396
03-04 08:34:24 Saved best checkpoint to ./checkpoint\SSF_PU_0304-082703\best_pt (val_loss=-0.9953)
03-04 08:34:24 Epoch 016 Train loss -0.9949 | Val loss -0.9953
03-04 08:34:24 -----Epoch 17/19-----
03-04 08:34:35 current lr: 0.000554422
03-04 08:34:35 Saved best checkpoint to ./checkpoint\SSF_PU_0304-082703\best_pt (val_loss=-0.9953)
03-04 08:34:35 Epoch 017 Train loss -0.9949 | Val loss -0.9953
03-04 08:34:35 -----Epoch 18/19-----
03-04 08:34:46 current lr: 0.000254473
03-04 08:34:46 No improvement in val_loss for 1/5 epochs.
03-04 08:34:46 Epoch 018 Train loss -0.9949 | Val loss -0.9953
03-04 08:34:46 -----Epoch 19/19-----
03-04 08:34:56 current lr: 7.14967e-05
03-04 08:34:56 Saved best checkpoint to ./checkpoint\SSF_PU_0304-082703\best_pt (val_loss=-0.9953)
03-04 08:34:56 Epoch 019 Train loss -0.9949 | Val loss -0.9953
03-04 08:34:57 TEST (last): loss -0.9953
03-04 08:34:57 [LP epoch 00] train_loss=1.4388 train_acc=0.2656 | val_loss=1.3848 val_acc=0.2575 | 
03-04 08:34:58 [LP epoch 01] train_loss=1.2934 train_acc=0.4258 | val_loss=1.3397 val_acc=0.3908 | 
03-04 08:34:59 [LP epoch 02] train_loss=1.2049 train_acc=0.4922 | val_loss=1.2839 val_acc=0.4346 | 
03-04 08:34:59 [LP epoch 03] train_loss=1.1332 train_acc=0.5664 | val_loss=1.2241 val_acc=0.4817 | 
03-04 08:35:00 [LP epoch 04] train_loss=1.0749 train_acc=0.6289 | val_loss=1.1611 val_acc=0.5271 | 
03-04 08:35:00 [LP epoch 05] train_loss=1.0317 train_acc=0.6289 | val_loss=1.1071 val_acc=0.5450 | 
03-04 08:35:01 [LP epoch 06] train_loss=0.9880 train_acc=0.6367 | val_loss=1.0719 val_acc=0.5629 | 
03-04 08:35:01 [LP epoch 07] train_loss=0.9489 train_acc=0.6406 | val_loss=1.0397 val_acc=0.5933 | 
03-04 08:35:02 [LP epoch 08] train_loss=0.9148 train_acc=0.6914 | val_loss=1.0113 val_acc=0.6104 | 
03-04 08:35:02 [LP epoch 09] train_loss=0.8793 train_acc=0.6992 | val_loss=0.9845 val_acc=0.6242 | 
03-04 08:35:03 [LP epoch 10] train_loss=0.8494 train_acc=0.7031 | val_loss=0.9584 val_acc=0.6442 | 
03-04 08:35:04 [LP epoch 11] train_loss=0.8263 train_acc=0.7188 | val_loss=0.9407 val_acc=0.6521 | 
03-04 08:35:04 [LP epoch 12] train_loss=0.8032 train_acc=0.7305 | val_loss=0.9323 val_acc=0.6613 | 
03-04 08:35:05 [LP epoch 13] train_loss=0.7799 train_acc=0.7383 | val_loss=0.9174 val_acc=0.6646 | 
03-04 08:35:05 [LP epoch 14] train_loss=0.7574 train_acc=0.7539 | val_loss=0.9079 val_acc=0.6675 | 
03-04 08:35:06 [LP epoch 15] train_loss=0.7349 train_acc=0.7617 | val_loss=0.8946 val_acc=0.6663 | 
03-04 08:35:07 [LP epoch 16] train_loss=0.7145 train_acc=0.7734 | val_loss=0.8860 val_acc=0.6721 | 
03-04 08:35:07 [LP epoch 17] train_loss=0.6949 train_acc=0.7852 | val_loss=0.8773 val_acc=0.6717 | 
03-04 08:35:08 [LP epoch 18] train_loss=0.6750 train_acc=0.7930 | val_loss=0.8651 val_acc=0.6767 | 
03-04 08:35:08 [LP epoch 19] train_loss=0.6571 train_acc=0.8047 | val_loss=0.8598 val_acc=0.6750 | 
03-04 08:35:09 [LP epoch 20] train_loss=0.6350 train_acc=0.8203 | val_loss=0.8471 val_acc=0.6767 | 
03-04 08:35:10 [LP epoch 21] train_loss=0.6204 train_acc=0.8203 | val_loss=0.8469 val_acc=0.6783 | 
03-04 08:35:10 [LP epoch 22] train_loss=0.6014 train_acc=0.8281 | val_loss=0.8398 val_acc=0.6787 | 
03-04 08:35:11 [LP epoch 23] train_loss=0.5842 train_acc=0.8398 | val_loss=0.8323 val_acc=0.6771 | 
03-04 08:35:11 [LP epoch 24] train_loss=0.5671 train_acc=0.8477 | val_loss=0.8277 val_acc=0.6792 | 
03-04 08:35:12 [LP epoch 25] train_loss=0.5544 train_acc=0.8438 | val_loss=0.8260 val_acc=0.6783 | 
03-04 08:35:13 [LP epoch 26] train_loss=0.5422 train_acc=0.8516 | val_loss=0.8255 val_acc=0.6817 | 
03-04 08:35:13 [LP epoch 27] train_loss=0.5251 train_acc=0.8477 | val_loss=0.8142 val_acc=0.6775 | 
03-04 08:35:14 [LP epoch 28] train_loss=0.5145 train_acc=0.8594 | val_loss=0.8091 val_acc=0.6825 | 
03-04 08:35:14 [LP epoch 29] train_loss=0.5038 train_acc=0.8594 | val_loss=0.8142 val_acc=0.6800 | 
03-04 08:35:15 [LP epoch 30] train_loss=0.4880 train_acc=0.8672 | val_loss=0.8124 val_acc=0.6800 | 
03-04 08:35:16 [LP epoch 31] train_loss=0.4778 train_acc=0.8672 | val_loss=0.8120 val_acc=0.6800 | 
03-04 08:35:16 [LP epoch 32] train_loss=0.4656 train_acc=0.8672 | val_loss=0.8071 val_acc=0.6779 | 
03-04 08:35:17 [LP epoch 33] train_loss=0.4575 train_acc=0.8672 | val_loss=0.8010 val_acc=0.6829 | 
03-04 08:35:18 [LP epoch 34] train_loss=0.4451 train_acc=0.8711 | val_loss=0.8061 val_acc=0.6825 | 
03-04 08:35:18 [LP epoch 35] train_loss=0.4368 train_acc=0.8750 | val_loss=0.8159 val_acc=0.6808 | 
03-04 08:35:19 [LP epoch 36] train_loss=0.4271 train_acc=0.8711 | val_loss=0.8012 val_acc=0.6863 | 
03-04 08:35:19 [LP epoch 37] train_loss=0.4199 train_acc=0.8867 | val_loss=0.8010 val_acc=0.6846 | 
03-04 08:35:20 [LP epoch 38] train_loss=0.4123 train_acc=0.8750 | val_loss=0.7991 val_acc=0.6850 | 
03-04 08:35:21 [LP epoch 39] train_loss=0.3998 train_acc=0.8828 | val_loss=0.8158 val_acc=0.6817 | 
03-04 08:35:21 [LP epoch 40] train_loss=0.3912 train_acc=0.8867 | val_loss=0.8085 val_acc=0.6871 | 
03-04 08:35:22 [LP epoch 41] train_loss=0.3831 train_acc=0.8867 | val_loss=0.8018 val_acc=0.6892 | 
03-04 08:35:23 [LP epoch 42] train_loss=0.3733 train_acc=0.9023 | val_loss=0.7964 val_acc=0.6896 | 
03-04 08:35:23 [LP epoch 43] train_loss=0.3682 train_acc=0.8984 | val_loss=0.7998 val_acc=0.6913 | 
03-04 08:35:24 [LP epoch 44] train_loss=0.3595 train_acc=0.8984 | val_loss=0.8147 val_acc=0.6787 | 
03-04 08:35:25 [LP epoch 45] train_loss=0.3493 train_acc=0.9062 | val_loss=0.8132 val_acc=0.6846 | 
03-04 08:35:25 [LP epoch 46] train_loss=0.3430 train_acc=0.9062 | val_loss=0.8167 val_acc=0.6871 | 
03-04 08:35:26 [LP epoch 47] train_loss=0.3347 train_acc=0.9102 | val_loss=0.8057 val_acc=0.6892 | 
03-04 08:35:26 [LP epoch 48] train_loss=0.3271 train_acc=0.9219 | val_loss=0.7990 val_acc=0.6979 | 
03-04 08:35:27 [LP epoch 49] train_loss=0.3223 train_acc=0.9219 | val_loss=0.8053 val_acc=0.6908 | 
03-04 08:35:27 Saved linear-probe checkpoint: ./checkpoint\SSF_PU_0304-082703\linear_probe_best.pt (best_val_acc=0.6979)
03-04 08:35:27 TEST linear-probe: loss=0.7586 acc=0.7169
03-04 08:35:27 model_name: SSF
03-04 08:35:27 data_name: PU
03-04 08:35:27 aug_1: gaussian
03-04 08:35:27 aug_2: randomstrech
03-04 08:35:27 max_epoch: 20
03-04 08:35:27 classifier_epoch: 50
03-04 08:35:27 data_view: TwoViewDataset
03-04 08:35:27 cuda_device: 0
03-04 08:35:27 checkpoint_dir: ./checkpoint
03-04 08:35:27 batch_size: 32
03-04 08:35:27 data_dir: raw_data/PU
03-04 08:35:27 out_channel: 4
03-04 08:35:27 normlizetype: minus_one_one
03-04 08:35:27 processing_type: RA
03-04 08:35:27 opt: sgd
03-04 08:35:27 lr: 0.01
03-04 08:35:27 momentum: 0.9
03-04 08:35:27 weight_decay: 1e-05
03-04 08:35:27 lr_scheduler: cos
03-04 08:35:27 gamma: 0.1
03-04 08:35:27 eta_min: 1e-05
03-04 08:35:27 latent_space: 96
03-04 08:35:27 num_blocks_ssf: None
03-04 08:35:27 task: self_supervised
03-04 08:35:27 critetion: <class 'utils.loss_SSL.SimSiamLoss'>
03-04 08:35:27 using 1 gpus
03-04 08:35:27 Dataset class: <class 'data_utils.datasets.PU.PU'>
03-04 08:35:28 Split sizes: train=12607 val=2430 test=2702, classier=271
03-04 08:35:30 Label counts train: Counter({3: 3498, 1: 3493, 0: 3490, 2: 2095})
03-04 08:35:31 Label counts val:   Counter({3: 667, 0: 667, 1: 666, 2: 400})
03-04 08:35:31 Label counts test:  Counter({3: 751, 1: 750, 0: 750, 2: 451})
03-04 08:35:31 Label counts classifier:  Counter({1: 72, 0: 72, 3: 70, 2: 42})
03-04 08:35:31 -----Epoch 0/19-----
