02-24 11:03:56 model_name: SSF
02-24 11:03:56 data_name: CWRU
02-24 11:03:56 aug_1: normal
02-24 11:03:56 aug_2: randomcrop
02-24 11:03:56 max_epoch: 5
02-24 11:03:56 classifier_epoch: 50
02-24 11:03:56 data_view: TwoViewDataset
02-24 11:03:56 cuda_device: 0
02-24 11:03:56 checkpoint_dir: ./checkpoint
02-24 11:03:56 batch_size: 32
02-24 11:03:56 data_dir: raw_data/CWRU
02-24 11:03:56 out_channel: 4
02-24 11:03:56 normlizetype: minus_one_one
02-24 11:03:56 processing_type: RA
02-24 11:03:56 opt: sgd
02-24 11:03:56 lr: 0.01
02-24 11:03:56 momentum: 0.9
02-24 11:03:56 weight_decay: 1e-05
02-24 11:03:56 lr_scheduler: cos
02-24 11:03:56 gamma: 0.1
02-24 11:03:56 eta_min: 1e-05
02-24 11:03:56 latent_space: 256
02-24 11:03:56 task: self_supervised
02-24 11:03:56 critetion: <class 'utils.loss_SSL.SimSiamLoss'>
02-24 11:03:56 using 1 gpus
02-24 11:03:56 Dataset class: <class 'data_utils.datasets.CWRU.CWRU'>
02-24 11:03:57 Split sizes: train=2156 val=231 test=462, classier=231
02-24 11:03:57 Label counts train: Counter({0: 1159, 1: 333, 3: 333, 2: 331})
02-24 11:03:57 Label counts val:   Counter({0: 124, 1: 36, 3: 36, 2: 35})
02-24 11:03:57 Label counts test:  Counter({0: 249, 2: 71, 3: 71, 1: 71})
02-24 11:03:57 Label counts classifier:  Counter({0: 124, 2: 36, 1: 36, 3: 35})
02-24 11:03:58 -----Epoch 0/4-----
02-24 11:04:00 current lr: 0.01
02-24 11:04:00 Saved best checkpoint to ./checkpoint\SSF_CWRU_0224-110356\best_pt (val_loss=-0.3386)
02-24 11:04:00 Epoch 000 Train loss -0.1908 | Val loss -0.3386
02-24 11:04:00 -----Epoch 1/4-----
