03-18 09:47:02 ================================================================================
03-18 09:47:02 RUN: aug=('gaussian', 'gaussian') hidden=32 latent=32 blocks=4 seed=0
03-18 09:47:02 model_name: SSF
03-18 09:47:02 data_name: CWRU
03-18 09:47:02 aug_1: gaussian
03-18 09:47:02 aug_2: gaussian
03-18 09:47:02 data_view: TwoViewDataset
03-18 09:47:02 data_dir: raw_data/CWRU
03-18 09:47:02 out_channel: 4
03-18 09:47:02 normlizetype: minus_one_one
03-18 09:47:02 processing_type: O_N
03-18 09:47:02 max_epoch: 50
03-18 09:47:02 classifier_epoch: 50
03-18 09:47:02 batch_size: 64
03-18 09:47:02 cuda_device: 0
03-18 09:47:02 checkpoint_dir: ./checkpoint
03-18 09:47:02 opt: sgd
03-18 09:47:02 lr: 0.05
03-18 09:47:02 momentum: 0.9
03-18 09:47:02 weight_decay: 0.0001
03-18 09:47:02 lr_scheduler: cos
03-18 09:47:02 gamma: 0.95
03-18 09:47:02 eta_min: 1e-05
03-18 09:47:02 latent_space: 32
03-18 09:47:02 num_blocks_ssf: 4
03-18 09:47:02 hidden_channel: 32
03-18 09:47:02 per_class_samples: 400
03-18 09:47:02 classifier_samples: 40
03-18 09:47:02 task: self_supervised
03-18 09:47:02 critetion: <class 'utils.loss_SSL.SimSiamLoss'>
03-18 09:47:02 using 1 gpus
03-18 09:47:02 Dataset class: <class 'data_utils.datasets.CWRU.CWRU'>
03-18 09:47:03 Split sizes: train=400 val=331 test=878, classier=160
03-18 09:47:03 Label counts train: Counter({0: 400})
03-18 09:47:03 Label counts val:   Counter({0: 331})
03-18 09:47:03 Label counts test:  Counter({1: 238, 3: 238, 2: 236, 0: 166})
03-18 09:47:03 Label counts classifier:  Counter({1: 40, 2: 40, 0: 40, 3: 40})
03-18 09:47:05 -----Epoch 0/49-----
03-18 09:47:06 current lr: 0.05
03-18 09:47:06 Saved best checkpoint to ./checkpoint\SSF_CWRU_0318-094702\best_pt (val_loss=-0.6192)
03-18 09:47:06 Epoch 000 Train loss -0.5235 | Val loss -0.6192
03-18 09:47:06 -----Epoch 1/49-----
03-18 09:47:06 current lr: 0.0499507
03-18 09:47:06 Saved best checkpoint to ./checkpoint\SSF_CWRU_0318-094702\best_pt (val_loss=-0.7454)
03-18 09:47:06 Epoch 001 Train loss -0.9713 | Val loss -0.7454
03-18 09:47:06 -----Epoch 2/49-----
03-18 09:47:07 current lr: 0.0498029
03-18 09:47:07 Saved best checkpoint to ./checkpoint\SSF_CWRU_0318-094702\best_pt (val_loss=-0.9107)
03-18 09:47:07 Epoch 002 Train loss -0.9763 | Val loss -0.9107
03-18 09:47:07 -----Epoch 3/49-----
03-18 09:47:07 current lr: 0.0495573
03-18 09:47:07 Saved best checkpoint to ./checkpoint\SSF_CWRU_0318-094702\best_pt (val_loss=-0.9637)
03-18 09:47:07 Epoch 003 Train loss -0.9797 | Val loss -0.9637
03-18 09:47:07 -----Epoch 4/49-----
03-18 09:47:07 current lr: 0.0492147
03-18 09:47:07 Saved best checkpoint to ./checkpoint\SSF_CWRU_0318-094702\best_pt (val_loss=-0.9792)
03-18 09:47:07 Epoch 004 Train loss -0.9848 | Val loss -0.9792
03-18 09:47:07 -----Epoch 5/49-----
03-18 09:47:07 current lr: 0.0487767
03-18 09:47:07 Saved best checkpoint to ./checkpoint\SSF_CWRU_0318-094702\best_pt (val_loss=-0.9841)
03-18 09:47:07 Epoch 005 Train loss -0.9884 | Val loss -0.9841
03-18 09:47:07 -----Epoch 6/49-----
03-18 09:47:08 current lr: 0.0482448
03-18 09:47:08 Saved best checkpoint to ./checkpoint\SSF_CWRU_0318-094702\best_pt (val_loss=-0.9860)
03-18 09:47:08 Epoch 006 Train loss -0.9903 | Val loss -0.9860
03-18 09:47:08 -----Epoch 7/49-----
03-18 09:47:08 current lr: 0.0476212
03-18 09:47:08 Saved best checkpoint to ./checkpoint\SSF_CWRU_0318-094702\best_pt (val_loss=-0.9865)
03-18 09:47:08 Epoch 007 Train loss -0.9912 | Val loss -0.9865
03-18 09:47:08 -----Epoch 8/49-----
03-18 09:47:08 current lr: 0.0469083
03-18 09:47:08 No improvement in val_loss for 1/10 epochs.
03-18 09:47:08 Epoch 008 Train loss -0.9916 | Val loss -0.9864
03-18 09:47:08 -----Epoch 9/49-----
03-18 09:47:08 current lr: 0.046109
03-18 09:47:08 No improvement in val_loss for 2/10 epochs.
03-18 09:47:08 Epoch 009 Train loss -0.9918 | Val loss -0.9864
03-18 09:47:08 -----Epoch 10/49-----
03-18 09:47:09 current lr: 0.0452264
03-18 09:47:09 Saved best checkpoint to ./checkpoint\SSF_CWRU_0318-094702\best_pt (val_loss=-0.9866)
03-18 09:47:09 Epoch 010 Train loss -0.9919 | Val loss -0.9866
03-18 09:47:09 -----Epoch 11/49-----
03-18 09:47:09 current lr: 0.044264
03-18 09:47:09 Saved best checkpoint to ./checkpoint\SSF_CWRU_0318-094702\best_pt (val_loss=-0.9867)
03-18 09:47:09 Epoch 011 Train loss -0.9921 | Val loss -0.9867
03-18 09:47:09 -----Epoch 12/49-----
03-18 09:47:09 current lr: 0.0432256
03-18 09:47:09 Saved best checkpoint to ./checkpoint\SSF_CWRU_0318-094702\best_pt (val_loss=-0.9868)
03-18 09:47:09 Epoch 012 Train loss -0.9923 | Val loss -0.9868
03-18 09:47:09 -----Epoch 13/49-----
03-18 09:47:09 current lr: 0.0421153
03-18 09:47:09 Saved best checkpoint to ./checkpoint\SSF_CWRU_0318-094702\best_pt (val_loss=-0.9869)
03-18 09:47:09 Epoch 013 Train loss -0.9924 | Val loss -0.9869
03-18 09:47:09 -----Epoch 14/49-----
03-18 09:47:10 current lr: 0.0409374
03-18 09:47:10 Saved best checkpoint to ./checkpoint\SSF_CWRU_0318-094702\best_pt (val_loss=-0.9871)
03-18 09:47:10 Epoch 014 Train loss -0.9924 | Val loss -0.9871
03-18 09:47:10 -----Epoch 15/49-----
03-18 09:47:10 current lr: 0.0396967
03-18 09:47:10 Saved best checkpoint to ./checkpoint\SSF_CWRU_0318-094702\best_pt (val_loss=-0.9875)
03-18 09:47:10 Epoch 015 Train loss -0.9925 | Val loss -0.9875
03-18 09:47:10 -----Epoch 16/49-----
03-18 09:47:10 current lr: 0.038398
03-18 09:47:10 Saved best checkpoint to ./checkpoint\SSF_CWRU_0318-094702\best_pt (val_loss=-0.9878)
03-18 09:47:10 Epoch 016 Train loss -0.9926 | Val loss -0.9878
03-18 09:47:10 -----Epoch 17/49-----
03-18 09:47:10 current lr: 0.0370464
03-18 09:47:10 Saved best checkpoint to ./checkpoint\SSF_CWRU_0318-094702\best_pt (val_loss=-0.9882)
03-18 09:47:10 Epoch 017 Train loss -0.9927 | Val loss -0.9882
03-18 09:47:10 -----Epoch 18/49-----
03-18 09:47:11 current lr: 0.0356474
03-18 09:47:11 Saved best checkpoint to ./checkpoint\SSF_CWRU_0318-094702\best_pt (val_loss=-0.9883)
03-18 09:47:11 Epoch 018 Train loss -0.9929 | Val loss -0.9883
03-18 09:47:11 -----Epoch 19/49-----
03-18 09:47:11 current lr: 0.0342063
03-18 09:47:11 Saved best checkpoint to ./checkpoint\SSF_CWRU_0318-094702\best_pt (val_loss=-0.9885)
03-18 09:47:11 Epoch 019 Train loss -0.9930 | Val loss -0.9885
03-18 09:47:11 -----Epoch 20/49-----
03-18 09:47:11 current lr: 0.0327289
03-18 09:47:11 Saved best checkpoint to ./checkpoint\SSF_CWRU_0318-094702\best_pt (val_loss=-0.9886)
03-18 09:47:11 Epoch 020 Train loss -0.9931 | Val loss -0.9886
03-18 09:47:11 -----Epoch 21/49-----
03-18 09:47:11 current lr: 0.031221
03-18 09:47:11 Saved best checkpoint to ./checkpoint\SSF_CWRU_0318-094702\best_pt (val_loss=-0.9889)
03-18 09:47:11 Epoch 021 Train loss -0.9932 | Val loss -0.9889
03-18 09:47:11 -----Epoch 22/49-----
03-18 09:47:12 current lr: 0.0296886
03-18 09:47:12 Saved best checkpoint to ./checkpoint\SSF_CWRU_0318-094702\best_pt (val_loss=-0.9892)
03-18 09:47:12 Epoch 022 Train loss -0.9934 | Val loss -0.9892
03-18 09:47:12 -----Epoch 23/49-----
03-18 09:47:12 current lr: 0.0281377
03-18 09:47:12 Saved best checkpoint to ./checkpoint\SSF_CWRU_0318-094702\best_pt (val_loss=-0.9894)
03-18 09:47:12 Epoch 023 Train loss -0.9936 | Val loss -0.9894
03-18 09:47:12 -----Epoch 24/49-----
03-18 09:47:12 current lr: 0.0265744
03-18 09:47:12 Saved best checkpoint to ./checkpoint\SSF_CWRU_0318-094702\best_pt (val_loss=-0.9896)
03-18 09:47:12 Epoch 024 Train loss -0.9937 | Val loss -0.9896
03-18 09:47:12 -----Epoch 25/49-----
03-18 09:47:12 current lr: 0.025005
03-18 09:47:12 Saved best checkpoint to ./checkpoint\SSF_CWRU_0318-094702\best_pt (val_loss=-0.9898)
03-18 09:47:12 Epoch 025 Train loss -0.9938 | Val loss -0.9898
03-18 09:47:12 -----Epoch 26/49-----
03-18 09:47:13 current lr: 0.0234356
03-18 09:47:13 Saved best checkpoint to ./checkpoint\SSF_CWRU_0318-094702\best_pt (val_loss=-0.9900)
03-18 09:47:13 Epoch 026 Train loss -0.9939 | Val loss -0.9900
03-18 09:47:13 -----Epoch 27/49-----
03-18 09:47:13 current lr: 0.0218723
03-18 09:47:13 Saved best checkpoint to ./checkpoint\SSF_CWRU_0318-094702\best_pt (val_loss=-0.9901)
03-18 09:47:13 Epoch 027 Train loss -0.9940 | Val loss -0.9901
03-18 09:47:13 -----Epoch 28/49-----
03-18 09:47:13 current lr: 0.0203214
03-18 09:47:13 Saved best checkpoint to ./checkpoint\SSF_CWRU_0318-094702\best_pt (val_loss=-0.9901)
03-18 09:47:13 Epoch 028 Train loss -0.9941 | Val loss -0.9901
03-18 09:47:13 -----Epoch 29/49-----
03-18 09:47:13 current lr: 0.018789
03-18 09:47:13 Saved best checkpoint to ./checkpoint\SSF_CWRU_0318-094702\best_pt (val_loss=-0.9903)
03-18 09:47:13 Epoch 029 Train loss -0.9941 | Val loss -0.9903
03-18 09:47:13 -----Epoch 30/49-----
03-18 09:47:14 current lr: 0.0172811
03-18 09:47:14 Saved best checkpoint to ./checkpoint\SSF_CWRU_0318-094702\best_pt (val_loss=-0.9904)
03-18 09:47:14 Epoch 030 Train loss -0.9943 | Val loss -0.9904
03-18 09:47:14 -----Epoch 31/49-----
03-18 09:47:14 current lr: 0.0158037
03-18 09:47:14 Saved best checkpoint to ./checkpoint\SSF_CWRU_0318-094702\best_pt (val_loss=-0.9904)
03-18 09:47:14 Epoch 031 Train loss -0.9943 | Val loss -0.9904
03-18 09:47:14 -----Epoch 32/49-----
03-18 09:47:14 current lr: 0.0143626
03-18 09:47:14 Saved best checkpoint to ./checkpoint\SSF_CWRU_0318-094702\best_pt (val_loss=-0.9904)
03-18 09:47:14 Epoch 032 Train loss -0.9944 | Val loss -0.9904
03-18 09:47:14 -----Epoch 33/49-----
03-18 09:47:14 current lr: 0.0129636
03-18 09:47:14 Saved best checkpoint to ./checkpoint\SSF_CWRU_0318-094702\best_pt (val_loss=-0.9906)
03-18 09:47:14 Epoch 033 Train loss -0.9944 | Val loss -0.9906
03-18 09:47:14 -----Epoch 34/49-----
03-18 09:47:15 current lr: 0.011612
03-18 09:47:15 Saved best checkpoint to ./checkpoint\SSF_CWRU_0318-094702\best_pt (val_loss=-0.9906)
03-18 09:47:15 Epoch 034 Train loss -0.9944 | Val loss -0.9906
03-18 09:47:15 -----Epoch 35/49-----
03-18 09:47:15 current lr: 0.0103133
03-18 09:47:15 Saved best checkpoint to ./checkpoint\SSF_CWRU_0318-094702\best_pt (val_loss=-0.9907)
03-18 09:47:15 Epoch 035 Train loss -0.9944 | Val loss -0.9907
03-18 09:47:15 -----Epoch 36/49-----
03-18 09:47:15 current lr: 0.00907259
03-18 09:47:15 Saved best checkpoint to ./checkpoint\SSF_CWRU_0318-094702\best_pt (val_loss=-0.9907)
03-18 09:47:15 Epoch 036 Train loss -0.9945 | Val loss -0.9907
03-18 09:47:15 -----Epoch 37/49-----
