04-27 14:00:57 ================================================================================
04-27 14:00:57 RUN: aug=('normal', 'scale') hidden=128 latent=256 blocks=3 seed=0
04-27 14:00:57 model_name: SSF
04-27 14:00:57 data_name: PU
04-27 14:00:57 aug_1: normal
04-27 14:00:57 aug_2: scale
04-27 14:00:57 data_view: TwoViewDataset
04-27 14:00:57 data_dir: raw_data/PU
04-27 14:00:57 out_channel: 6
04-27 14:00:57 normlizetype: None
04-27 14:00:57 processing_type: O_N
04-27 14:00:57 max_epoch: 50
04-27 14:00:57 classifier_epoch: 50
04-27 14:00:57 batch_size: 64
04-27 14:00:57 cuda_device: 0
04-27 14:00:57 checkpoint_dir: ./checkpoint
04-27 14:00:57 opt: sgd
04-27 14:00:57 lr: 0.05
04-27 14:00:57 momentum: 0.9
04-27 14:00:57 weight_decay: 0.0001
04-27 14:00:57 lr_scheduler: cos
04-27 14:00:57 gamma: 0.95
04-27 14:00:57 eta_min: 1e-05
04-27 14:00:57 latent_space: 256
04-27 14:00:57 num_blocks_ssf: 3
04-27 14:00:57 hidden_channel: 128
04-27 14:00:57 per_class_samples: 1000
04-27 14:00:57 classifier_samples: 100
04-27 14:00:57 task: self_supervised
04-27 14:00:57 critetion: <class 'utils.loss_SSL.SimSiamLoss'>
04-27 14:00:57 using 1 gpus
04-27 14:00:57 Dataset class: <class 'data_utils.datasets.PU.PU'>
04-27 14:01:01 Split sizes: train=1000 val=1000 test=6000, classier=600
04-27 14:01:01 Label counts train: Counter({0: 1000})
04-27 14:01:01 Label counts val:   Counter({0: 1000})
04-27 14:01:01 Label counts test:  Counter({0: 1000, 2: 1000, 5: 1000, 1: 1000, 3: 1000, 4: 1000})
04-27 14:01:01 Label counts classifier:  Counter({0: 100, 2: 100, 4: 100, 3: 100, 5: 100, 1: 100})
04-27 14:01:01 Label counts classifier validation:  Counter({3: 100, 1: 100, 5: 100, 4: 100, 0: 100, 2: 100})
04-27 14:01:03 -----Epoch 0/49-----
04-27 14:01:04 current lr: 0.05
04-27 14:01:04 Saved best checkpoint to ./checkpoint\SSF_PU_0427-140057\best_pt (val_loss=-0.9287)
04-27 14:01:04 Epoch 000 Train loss -0.7774 | Val loss -0.9287
04-27 14:01:04 -----Epoch 1/49-----
04-27 14:01:05 current lr: 0.0499507
04-27 14:01:05 Saved best checkpoint to ./checkpoint\SSF_PU_0427-140057\best_pt (val_loss=-0.9817)
04-27 14:01:05 Epoch 001 Train loss -0.9727 | Val loss -0.9817
04-27 14:01:05 -----Epoch 2/49-----
04-27 14:01:06 current lr: 0.0498029
04-27 14:01:06 Saved best checkpoint to ./checkpoint\SSF_PU_0427-140057\best_pt (val_loss=-0.9889)
04-27 14:01:06 Epoch 002 Train loss -0.9841 | Val loss -0.9889
04-27 14:01:06 -----Epoch 3/49-----
04-27 14:01:06 current lr: 0.0495573
04-27 14:01:06 Saved best checkpoint to ./checkpoint\SSF_PU_0427-140057\best_pt (val_loss=-0.9901)
04-27 14:01:06 Epoch 003 Train loss -0.9881 | Val loss -0.9901
04-27 14:01:06 -----Epoch 4/49-----
04-27 14:01:07 current lr: 0.0492147
04-27 14:01:07 Saved best checkpoint to ./checkpoint\SSF_PU_0427-140057\best_pt (val_loss=-0.9912)
04-27 14:01:07 Epoch 004 Train loss -0.9888 | Val loss -0.9912
04-27 14:01:07 -----Epoch 5/49-----
04-27 14:01:08 current lr: 0.0487767
04-27 14:01:08 Saved best checkpoint to ./checkpoint\SSF_PU_0427-140057\best_pt (val_loss=-0.9923)
04-27 14:01:08 Epoch 005 Train loss -0.9896 | Val loss -0.9923
04-27 14:01:08 -----Epoch 6/49-----
04-27 14:01:09 current lr: 0.0482448
04-27 14:01:09 Saved best checkpoint to ./checkpoint\SSF_PU_0427-140057\best_pt (val_loss=-0.9932)
04-27 14:01:09 Epoch 006 Train loss -0.9905 | Val loss -0.9932
04-27 14:01:09 -----Epoch 7/49-----
04-27 14:01:09 current lr: 0.0476212
04-27 14:01:09 Saved best checkpoint to ./checkpoint\SSF_PU_0427-140057\best_pt (val_loss=-0.9938)
04-27 14:01:09 Epoch 007 Train loss -0.9913 | Val loss -0.9938
04-27 14:01:09 -----Epoch 8/49-----
04-27 14:01:10 current lr: 0.0469083
04-27 14:01:10 Saved best checkpoint to ./checkpoint\SSF_PU_0427-140057\best_pt (val_loss=-0.9944)
04-27 14:01:10 Epoch 008 Train loss -0.9917 | Val loss -0.9944
04-27 14:01:10 -----Epoch 9/49-----
04-27 14:01:11 current lr: 0.046109
04-27 14:01:11 Saved best checkpoint to ./checkpoint\SSF_PU_0427-140057\best_pt (val_loss=-0.9948)
04-27 14:01:11 Epoch 009 Train loss -0.9921 | Val loss -0.9948
04-27 14:01:11 -----Epoch 10/49-----
04-27 14:01:12 current lr: 0.0452264
04-27 14:01:12 Saved best checkpoint to ./checkpoint\SSF_PU_0427-140057\best_pt (val_loss=-0.9953)
04-27 14:01:12 Epoch 010 Train loss -0.9928 | Val loss -0.9953
04-27 14:01:12 -----Epoch 11/49-----
04-27 14:01:12 current lr: 0.044264
04-27 14:01:12 Saved best checkpoint to ./checkpoint\SSF_PU_0427-140057\best_pt (val_loss=-0.9955)
04-27 14:01:12 Epoch 011 Train loss -0.9924 | Val loss -0.9955
04-27 14:01:12 -----Epoch 12/49-----
04-27 14:01:13 current lr: 0.0432256
04-27 14:01:13 Saved best checkpoint to ./checkpoint\SSF_PU_0427-140057\best_pt (val_loss=-0.9956)
04-27 14:01:13 Epoch 012 Train loss -0.9926 | Val loss -0.9956
04-27 14:01:13 -----Epoch 13/49-----
04-27 14:01:14 current lr: 0.0421153
04-27 14:01:14 Saved best checkpoint to ./checkpoint\SSF_PU_0427-140057\best_pt (val_loss=-0.9957)
04-27 14:01:14 Epoch 013 Train loss -0.9931 | Val loss -0.9957
04-27 14:01:14 -----Epoch 14/49-----
04-27 14:01:15 current lr: 0.0409374
04-27 14:01:15 Saved best checkpoint to ./checkpoint\SSF_PU_0427-140057\best_pt (val_loss=-0.9958)
04-27 14:01:15 Epoch 014 Train loss -0.9931 | Val loss -0.9958
04-27 14:01:15 -----Epoch 15/49-----
04-27 14:01:16 current lr: 0.0396967
04-27 14:01:16 Saved best checkpoint to ./checkpoint\SSF_PU_0427-140057\best_pt (val_loss=-0.9958)
04-27 14:01:16 Epoch 015 Train loss -0.9933 | Val loss -0.9958
04-27 14:01:16 -----Epoch 16/49-----
04-27 14:01:16 current lr: 0.038398
04-27 14:01:16 Saved best checkpoint to ./checkpoint\SSF_PU_0427-140057\best_pt (val_loss=-0.9959)
04-27 14:01:16 Epoch 016 Train loss -0.9930 | Val loss -0.9959
04-27 14:01:16 -----Epoch 17/49-----
04-27 14:01:17 current lr: 0.0370464
04-27 14:01:17 Saved best checkpoint to ./checkpoint\SSF_PU_0427-140057\best_pt (val_loss=-0.9960)
04-27 14:01:17 Epoch 017 Train loss -0.9933 | Val loss -0.9960
04-27 14:01:17 -----Epoch 18/49-----
04-27 14:01:18 current lr: 0.0356474
04-27 14:01:18 Saved best checkpoint to ./checkpoint\SSF_PU_0427-140057\best_pt (val_loss=-0.9961)
04-27 14:01:18 Epoch 018 Train loss -0.9937 | Val loss -0.9961
04-27 14:01:18 -----Epoch 19/49-----
04-27 14:01:19 current lr: 0.0342063
04-27 14:01:19 Saved best checkpoint to ./checkpoint\SSF_PU_0427-140057\best_pt (val_loss=-0.9962)
04-27 14:01:19 Epoch 019 Train loss -0.9934 | Val loss -0.9962
04-27 14:01:19 -----Epoch 20/49-----
04-27 14:01:20 current lr: 0.0327289
04-27 14:01:20 Saved best checkpoint to ./checkpoint\SSF_PU_0427-140057\best_pt (val_loss=-0.9962)
04-27 14:01:20 Epoch 020 Train loss -0.9936 | Val loss -0.9962
04-27 14:01:20 -----Epoch 21/49-----
04-27 14:01:21 current lr: 0.031221
04-27 14:01:21 Saved best checkpoint to ./checkpoint\SSF_PU_0427-140057\best_pt (val_loss=-0.9963)
04-27 14:01:21 Epoch 021 Train loss -0.9939 | Val loss -0.9963
04-27 14:01:21 -----Epoch 22/49-----
04-27 14:01:22 current lr: 0.0296886
04-27 14:01:22 No improvement in val_loss for 1/10 epochs.
04-27 14:01:22 Epoch 022 Train loss -0.9934 | Val loss -0.9963
04-27 14:01:22 -----Epoch 23/49-----
04-27 14:01:22 current lr: 0.0281377
04-27 14:01:22 Saved best checkpoint to ./checkpoint\SSF_PU_0427-140057\best_pt (val_loss=-0.9963)
04-27 14:01:22 Epoch 023 Train loss -0.9938 | Val loss -0.9963
04-27 14:01:22 -----Epoch 24/49-----
04-27 14:01:23 current lr: 0.0265744
04-27 14:01:23 Saved best checkpoint to ./checkpoint\SSF_PU_0427-140057\best_pt (val_loss=-0.9964)
04-27 14:01:23 Epoch 024 Train loss -0.9938 | Val loss -0.9964
04-27 14:01:23 -----Epoch 25/49-----
04-27 14:01:24 current lr: 0.025005
04-27 14:01:24 Saved best checkpoint to ./checkpoint\SSF_PU_0427-140057\best_pt (val_loss=-0.9964)
04-27 14:01:24 Epoch 025 Train loss -0.9939 | Val loss -0.9964
04-27 14:01:24 -----Epoch 26/49-----
04-27 14:01:25 current lr: 0.0234356
04-27 14:01:25 Saved best checkpoint to ./checkpoint\SSF_PU_0427-140057\best_pt (val_loss=-0.9964)
04-27 14:01:25 Epoch 026 Train loss -0.9943 | Val loss -0.9964
04-27 14:01:25 -----Epoch 27/49-----
04-27 14:01:26 current lr: 0.0218723
04-27 14:01:26 No improvement in val_loss for 1/10 epochs.
04-27 14:01:26 Epoch 027 Train loss -0.9940 | Val loss -0.9964
04-27 14:01:26 -----Epoch 28/49-----
04-27 14:01:27 current lr: 0.0203214
04-27 14:01:27 Saved best checkpoint to ./checkpoint\SSF_PU_0427-140057\best_pt (val_loss=-0.9965)
04-27 14:01:27 Epoch 028 Train loss -0.9937 | Val loss -0.9965
04-27 14:01:27 -----Epoch 29/49-----
04-27 14:01:28 current lr: 0.018789
04-27 14:01:28 No improvement in val_loss for 1/10 epochs.
04-27 14:01:28 Epoch 029 Train loss -0.9944 | Val loss -0.9964
04-27 14:01:28 -----Epoch 30/49-----
04-27 14:01:28 current lr: 0.0172811
04-27 14:01:28 No improvement in val_loss for 2/10 epochs.
04-27 14:01:28 Epoch 030 Train loss -0.9942 | Val loss -0.9965
04-27 14:01:28 -----Epoch 31/49-----
04-27 14:01:29 current lr: 0.0158037
04-27 14:01:29 No improvement in val_loss for 3/10 epochs.
04-27 14:01:29 Epoch 031 Train loss -0.9939 | Val loss -0.9965
04-27 14:01:29 -----Epoch 32/49-----
04-27 14:01:30 current lr: 0.0143626
04-27 14:01:30 No improvement in val_loss for 4/10 epochs.
04-27 14:01:30 Epoch 032 Train loss -0.9940 | Val loss -0.9965
04-27 14:01:30 -----Epoch 33/49-----
04-27 14:01:31 current lr: 0.0129636
04-27 14:01:31 No improvement in val_loss for 5/10 epochs.
04-27 14:01:31 Epoch 033 Train loss -0.9943 | Val loss -0.9965
04-27 14:01:31 -----Epoch 34/49-----
04-27 14:01:32 current lr: 0.011612
04-27 14:01:32 Saved best checkpoint to ./checkpoint\SSF_PU_0427-140057\best_pt (val_loss=-0.9966)
04-27 14:01:32 Epoch 034 Train loss -0.9944 | Val loss -0.9966
04-27 14:01:32 -----Epoch 35/49-----
04-27 14:01:33 current lr: 0.0103133
04-27 14:01:33 No improvement in val_loss for 1/10 epochs.
04-27 14:01:33 Epoch 035 Train loss -0.9945 | Val loss -0.9965
04-27 14:01:33 -----Epoch 36/49-----
04-27 14:01:33 current lr: 0.00907259
04-27 14:01:33 No improvement in val_loss for 2/10 epochs.
04-27 14:01:33 Epoch 036 Train loss -0.9943 | Val loss -0.9965
04-27 14:01:33 -----Epoch 37/49-----
04-27 14:01:34 current lr: 0.00789475
04-27 14:01:34 No improvement in val_loss for 3/10 epochs.
04-27 14:01:34 Epoch 037 Train loss -0.9943 | Val loss -0.9965
04-27 14:01:34 -----Epoch 38/49-----
04-27 14:01:35 current lr: 0.00678443
04-27 14:01:35 Saved best checkpoint to ./checkpoint\SSF_PU_0427-140057\best_pt (val_loss=-0.9966)
04-27 14:01:35 Epoch 038 Train loss -0.9941 | Val loss -0.9966
04-27 14:01:35 -----Epoch 39/49-----
04-27 14:01:36 current lr: 0.00574602
04-27 14:01:36 No improvement in val_loss for 1/10 epochs.
04-27 14:01:36 Epoch 039 Train loss -0.9944 | Val loss -0.9965
04-27 14:01:36 -----Epoch 40/49-----
04-27 14:01:37 current lr: 0.00478362
04-27 14:01:37 No improvement in val_loss for 2/10 epochs.
04-27 14:01:37 Epoch 040 Train loss -0.9941 | Val loss -0.9965
04-27 14:01:37 -----Epoch 41/49-----
04-27 14:01:38 current lr: 0.00390102
04-27 14:01:38 Saved best checkpoint to ./checkpoint\SSF_PU_0427-140057\best_pt (val_loss=-0.9966)
04-27 14:01:38 Epoch 041 Train loss -0.9941 | Val loss -0.9966
04-27 14:01:38 -----Epoch 42/49-----
04-27 14:01:39 current lr: 0.00310171
04-27 14:01:39 No improvement in val_loss for 1/10 epochs.
04-27 14:01:39 Epoch 042 Train loss -0.9938 | Val loss -0.9966
04-27 14:01:39 -----Epoch 43/49-----
04-27 14:01:39 current lr: 0.00238885
04-27 14:01:39 No improvement in val_loss for 2/10 epochs.
04-27 14:01:39 Epoch 043 Train loss -0.9945 | Val loss -0.9965
04-27 14:01:39 -----Epoch 44/49-----
04-27 14:01:40 current lr: 0.00176524
04-27 14:01:40 No improvement in val_loss for 3/10 epochs.
04-27 14:01:40 Epoch 044 Train loss -0.9943 | Val loss -0.9966
04-27 14:01:40 -----Epoch 45/49-----
04-27 14:01:41 current lr: 0.00123334
04-27 14:01:41 No improvement in val_loss for 4/10 epochs.
04-27 14:01:41 Epoch 045 Train loss -0.9941 | Val loss -0.9966
04-27 14:01:41 -----Epoch 46/49-----
04-27 14:01:42 current lr: 0.000795264
04-27 14:01:42 Saved best checkpoint to ./checkpoint\SSF_PU_0427-140057\best_pt (val_loss=-0.9966)
04-27 14:01:42 Epoch 046 Train loss -0.9942 | Val loss -0.9966
04-27 14:01:42 -----Epoch 47/49-----
04-27 14:01:43 current lr: 0.00045273
04-27 14:01:43 No improvement in val_loss for 1/10 epochs.
04-27 14:01:43 Epoch 047 Train loss -0.9944 | Val loss -0.9966
04-27 14:01:43 -----Epoch 48/49-----
04-27 14:01:44 current lr: 0.000207093
04-27 14:01:44 No improvement in val_loss for 2/10 epochs.
04-27 14:01:44 Epoch 048 Train loss -0.9945 | Val loss -0.9966
04-27 14:01:44 -----Epoch 49/49-----
04-27 14:01:44 current lr: 5.93219e-05
04-27 14:01:44 No improvement in val_loss for 3/10 epochs.
04-27 14:01:44 Epoch 049 Train loss -0.9944 | Val loss -0.9966
04-27 14:01:46 TEST (last): loss -0.9456
04-27 14:01:46 Loaded best checkpoint from ./checkpoint\SSF_PU_0427-140057\best_pt (val_loss=-0.9965706872940063)
04-27 14:01:47 TEST (best): loss -0.9451
04-27 14:01:55 Threshold: 0.4090454987559214
04-27 14:01:55 Binary accuracy: 0.893333
04-27 14:01:55 Confusion matrix:
[[ 974   26]
 [ 614 4386]]
04-27 14:01:55 Report:
              precision    recall  f1-score   support

      normal       0.61      0.97      0.75      1000
     anomaly       0.99      0.88      0.93      5000

    accuracy                           0.89      6000
   macro avg       0.80      0.93      0.84      6000
weighted avg       0.93      0.89      0.90      6000

04-27 14:01:55 Rates: {1: 0.874, 2: 0.512, 3: 1.0, 4: 1.0, 5: 1.0}
04-27 14:01:56 [LP epoch 00] train_loss=1.3314 train_acc=0.6483 | val_loss=1.4528 val_acc=0.6167 | 
04-27 14:01:57 [LP epoch 01] train_loss=1.1025 train_acc=0.7100 | val_loss=1.1905 val_acc=0.6933 | 
04-27 14:01:57 [LP epoch 02] train_loss=0.9910 train_acc=0.7733 | val_loss=1.0357 val_acc=0.7183 | 
04-27 14:01:57 [LP epoch 03] train_loss=0.9200 train_acc=0.7783 | val_loss=0.9460 val_acc=0.7950 | 
04-27 14:01:58 [LP epoch 04] train_loss=0.8654 train_acc=0.8100 | val_loss=0.8747 val_acc=0.8250 | 
04-27 14:01:58 [LP epoch 05] train_loss=0.8473 train_acc=0.8050 | val_loss=0.8070 val_acc=0.8317 | 
04-27 14:01:59 [LP epoch 06] train_loss=0.7972 train_acc=0.8350 | val_loss=0.8062 val_acc=0.8317 | 
04-27 14:01:59 [LP epoch 07] train_loss=0.8000 train_acc=0.8167 | val_loss=0.7634 val_acc=0.8417 | 
04-27 14:02:00 [LP epoch 08] train_loss=0.7917 train_acc=0.8383 | val_loss=0.7790 val_acc=0.8400 | 
04-27 14:02:00 [LP epoch 09] train_loss=0.7582 train_acc=0.8600 | val_loss=0.7642 val_acc=0.8467 | 
04-27 14:02:00 [LP epoch 10] train_loss=0.7447 train_acc=0.8700 | val_loss=0.7365 val_acc=0.8617 | 
04-27 14:02:01 [LP epoch 11] train_loss=0.7543 train_acc=0.8533 | val_loss=0.7572 val_acc=0.8450 | 
04-27 14:02:01 [LP epoch 12] train_loss=0.7467 train_acc=0.8683 | val_loss=0.7553 val_acc=0.8417 | 
04-27 14:02:02 [LP epoch 13] train_loss=0.7402 train_acc=0.8550 | val_loss=0.7439 val_acc=0.8400 | 
04-27 14:02:02 [LP epoch 14] train_loss=0.7514 train_acc=0.8550 | val_loss=0.7207 val_acc=0.8817 | 
04-27 14:02:02 [LP epoch 15] train_loss=0.7375 train_acc=0.8733 | val_loss=0.7215 val_acc=0.8683 | 
04-27 14:02:03 [LP epoch 16] train_loss=0.7177 train_acc=0.8733 | val_loss=0.7066 val_acc=0.8617 | 
04-27 14:02:03 [LP epoch 17] train_loss=0.7106 train_acc=0.8800 | val_loss=0.7045 val_acc=0.8817 | 
04-27 14:02:04 [LP epoch 18] train_loss=0.7185 train_acc=0.8600 | val_loss=0.7017 val_acc=0.8717 | 
04-27 14:02:04 [LP epoch 19] train_loss=0.7083 train_acc=0.8800 | val_loss=0.6891 val_acc=0.8667 | 
04-27 14:02:04 [LP epoch 20] train_loss=0.7152 train_acc=0.8650 | val_loss=0.6991 val_acc=0.8833 | 
04-27 14:02:05 [LP epoch 21] train_loss=0.7162 train_acc=0.8650 | val_loss=0.7070 val_acc=0.8700 | 
04-27 14:02:05 [LP epoch 22] train_loss=0.7111 train_acc=0.8617 | val_loss=0.6858 val_acc=0.8867 | 
04-27 14:02:06 [LP epoch 23] train_loss=0.7068 train_acc=0.8633 | val_loss=0.6920 val_acc=0.8767 | 
04-27 14:02:06 [LP epoch 24] train_loss=0.7093 train_acc=0.8817 | val_loss=0.6895 val_acc=0.9117 | 
04-27 14:02:06 [LP epoch 25] train_loss=0.7174 train_acc=0.8750 | val_loss=0.6904 val_acc=0.9067 | 
04-27 14:02:07 [LP epoch 26] train_loss=0.6920 train_acc=0.8933 | val_loss=0.6867 val_acc=0.9050 | 
04-27 14:02:07 [LP epoch 27] train_loss=0.6942 train_acc=0.8850 | val_loss=0.6858 val_acc=0.8917 | 
04-27 14:02:08 [LP epoch 28] train_loss=0.7019 train_acc=0.8883 | val_loss=0.7176 val_acc=0.8767 | 
04-27 14:02:08 [LP epoch 29] train_loss=0.6965 train_acc=0.8767 | val_loss=0.7135 val_acc=0.8817 | 
04-27 14:02:08 [LP epoch 30] train_loss=0.6843 train_acc=0.8983 | val_loss=0.7208 val_acc=0.8667 | 
04-27 14:02:09 [LP epoch 31] train_loss=0.7209 train_acc=0.8750 | val_loss=0.7044 val_acc=0.8783 | 
04-27 14:02:09 [LP epoch 32] train_loss=0.7000 train_acc=0.8867 | val_loss=0.6970 val_acc=0.8950 | 
04-27 14:02:09 [LP epoch 33] train_loss=0.6839 train_acc=0.8817 | val_loss=0.6980 val_acc=0.8683 | 
04-27 14:02:10 [LP epoch 34] train_loss=0.6711 train_acc=0.9117 | val_loss=0.6803 val_acc=0.9067 | 
04-27 14:02:10 [LP epoch 35] train_loss=0.6743 train_acc=0.9033 | val_loss=0.6631 val_acc=0.8917 | 
04-27 14:02:11 [LP epoch 36] train_loss=0.6816 train_acc=0.8917 | val_loss=0.7888 val_acc=0.8467 | 
04-27 14:02:11 [LP epoch 37] train_loss=0.6848 train_acc=0.8950 | val_loss=0.6734 val_acc=0.9100 | 
04-27 14:02:12 [LP epoch 38] train_loss=0.6833 train_acc=0.8817 | val_loss=0.6727 val_acc=0.9200 | 
04-27 14:02:12 [LP epoch 39] train_loss=0.6717 train_acc=0.9033 | val_loss=0.6737 val_acc=0.8983 | 
04-27 14:02:13 [LP epoch 40] train_loss=0.6834 train_acc=0.8817 | val_loss=0.7023 val_acc=0.8900 | 
04-27 14:02:13 [LP epoch 41] train_loss=0.6771 train_acc=0.8933 | val_loss=0.6807 val_acc=0.9017 | 
04-27 14:02:14 [LP epoch 42] train_loss=0.6837 train_acc=0.9017 | val_loss=0.6818 val_acc=0.8950 | 
04-27 14:02:14 [LP epoch 43] train_loss=0.6479 train_acc=0.9117 | val_loss=0.6695 val_acc=0.9000 | 
04-27 14:02:15 [LP epoch 44] train_loss=0.6552 train_acc=0.9117 | val_loss=0.6642 val_acc=0.9067 | 
04-27 14:02:15 [LP epoch 45] train_loss=0.6521 train_acc=0.9183 | val_loss=0.6512 val_acc=0.9083 | 
04-27 14:02:16 [LP epoch 46] train_loss=0.6521 train_acc=0.9117 | val_loss=0.6495 val_acc=0.9050 | 
04-27 14:02:16 [LP epoch 47] train_loss=0.6591 train_acc=0.9050 | val_loss=0.7529 val_acc=0.8550 | 
04-27 14:02:17 [LP epoch 48] train_loss=0.6567 train_acc=0.9100 | val_loss=0.6508 val_acc=0.9183 | 
04-27 14:02:17 [LP epoch 49] train_loss=0.6560 train_acc=0.8967 | val_loss=0.6576 val_acc=0.8983 | 
04-27 14:02:17 Saved linear-probe checkpoint: ./checkpoint\SSF_PU_0427-140057\linear_probe_best.pt (best_val_acc=0.9200)
04-27 14:02:18 TEST linear-probe: loss=0.6683 acc=0.8978
04-27 14:02:18 ================================================================================
04-27 14:02:18 RUN: aug=('normal', 'scale') hidden=128 latent=256 blocks=3 seed=1
04-27 14:02:18 model_name: SSF
04-27 14:02:18 data_name: PU
04-27 14:02:18 aug_1: normal
04-27 14:02:18 aug_2: scale
04-27 14:02:18 data_view: TwoViewDataset
04-27 14:02:18 data_dir: raw_data/PU
04-27 14:02:18 out_channel: 6
04-27 14:02:18 normlizetype: None
04-27 14:02:18 processing_type: O_N
04-27 14:02:18 max_epoch: 50
04-27 14:02:18 classifier_epoch: 50
04-27 14:02:18 batch_size: 64
04-27 14:02:18 cuda_device: 0
04-27 14:02:18 checkpoint_dir: ./checkpoint
04-27 14:02:18 opt: sgd
04-27 14:02:18 lr: 0.05
04-27 14:02:18 momentum: 0.9
04-27 14:02:18 weight_decay: 0.0001
04-27 14:02:18 lr_scheduler: cos
04-27 14:02:18 gamma: 0.95
04-27 14:02:18 eta_min: 1e-05
04-27 14:02:18 latent_space: 256
04-27 14:02:18 num_blocks_ssf: 3
04-27 14:02:18 hidden_channel: 128
04-27 14:02:18 per_class_samples: 1000
04-27 14:02:18 classifier_samples: 100
04-27 14:02:18 task: self_supervised
04-27 14:02:18 critetion: <class 'utils.loss_SSL.SimSiamLoss'>
04-27 14:02:18 using 1 gpus
04-27 14:02:18 Dataset class: <class 'data_utils.datasets.PU.PU'>
04-27 14:02:19 Split sizes: train=1000 val=1000 test=6000, classier=600
04-27 14:02:19 Label counts train: Counter({0: 1000})
04-27 14:02:19 Label counts val:   Counter({0: 1000})
04-27 14:02:19 Label counts test:  Counter({0: 1000, 2: 1000, 5: 1000, 1: 1000, 3: 1000, 4: 1000})
