02-24 10:41:32 model_name: SSF
02-24 10:41:32 data_name: CWRU
02-24 10:41:32 aug_1: normal
02-24 10:41:32 aug_2: randomcrop
02-24 10:41:32 max_epoch: 20
02-24 10:41:32 classifier_epoch: 50
02-24 10:41:32 data_view: TwoViewDataset
02-24 10:41:32 cuda_device: 0
02-24 10:41:32 checkpoint_dir: ./checkpoint
02-24 10:41:32 batch_size: 32
02-24 10:41:32 data_dir: raw_data/CWRU
02-24 10:41:32 out_channel: 4
02-24 10:41:32 normlizetype: minus_one_one
02-24 10:41:32 processing_type: RA
02-24 10:41:32 opt: sgd
02-24 10:41:32 lr: 0.01
02-24 10:41:32 momentum: 0.9
02-24 10:41:32 weight_decay: 1e-05
02-24 10:41:32 lr_scheduler: cos
02-24 10:41:32 gamma: 0.1
02-24 10:41:32 eta_min: 1e-05
02-24 10:41:32 latent_space: 256
02-24 10:41:32 task: self_supervised
02-24 10:41:32 critetion: <class 'utils.loss_SSL.SimSiamLoss'>
02-24 10:41:32 using 1 gpus
02-24 10:41:32 Dataset class: <class 'data_utils.datasets.CWRU.CWRU'>
02-24 10:41:32 Split sizes: train=2156 val=231 test=462, classier=231
02-24 10:41:32 Label counts train: Counter({0: 1159, 1: 333, 3: 333, 2: 331})
02-24 10:41:32 Label counts val:   Counter({0: 124, 1: 36, 3: 36, 2: 35})
02-24 10:41:32 Label counts test:  Counter({0: 249, 2: 71, 3: 71, 1: 71})
02-24 10:41:32 Label counts classifier:  Counter({0: 124, 2: 36, 1: 36, 3: 35})
02-24 10:41:34 -----Epoch 0/19-----
02-24 10:41:36 current lr: 0.01
02-24 10:41:36 Saved best checkpoint to ./checkpoint\SSF_CWRU_0224-104132\best_pt (val_loss=-0.3309)
02-24 10:41:36 Epoch 000 Train loss -0.1704 | Val loss -0.3309
02-24 10:41:36 -----Epoch 1/19-----
02-24 10:41:38 current lr: 0.0099385
02-24 10:41:38 Saved best checkpoint to ./checkpoint\SSF_CWRU_0224-104132\best_pt (val_loss=-0.5708)
02-24 10:41:38 Epoch 001 Train loss -0.4531 | Val loss -0.5708
02-24 10:41:38 -----Epoch 2/19-----
02-24 10:41:40 current lr: 0.00975553
02-24 10:41:40 Saved best checkpoint to ./checkpoint\SSF_CWRU_0224-104132\best_pt (val_loss=-0.6975)
02-24 10:41:40 Epoch 002 Train loss -0.6417 | Val loss -0.6975
02-24 10:41:40 -----Epoch 3/19-----
02-24 10:41:41 current lr: 0.00945558
02-24 10:41:41 Saved best checkpoint to ./checkpoint\SSF_CWRU_0224-104132\best_pt (val_loss=-0.7719)
02-24 10:41:41 Epoch 003 Train loss -0.7427 | Val loss -0.7719
02-24 10:41:41 -----Epoch 4/19-----
02-24 10:41:43 current lr: 0.00904604
02-24 10:41:43 Saved best checkpoint to ./checkpoint\SSF_CWRU_0224-104132\best_pt (val_loss=-0.8085)
02-24 10:41:43 Epoch 004 Train loss -0.7962 | Val loss -0.8085
02-24 10:41:43 -----Epoch 5/19-----
02-24 10:41:44 current lr: 0.008537
02-24 10:41:44 Saved best checkpoint to ./checkpoint\SSF_CWRU_0224-104132\best_pt (val_loss=-0.8364)
02-24 10:41:44 Epoch 005 Train loss -0.8286 | Val loss -0.8364
02-24 10:41:44 -----Epoch 6/19-----
02-24 10:41:46 current lr: 0.00794099
02-24 10:41:46 Saved best checkpoint to ./checkpoint\SSF_CWRU_0224-104132\best_pt (val_loss=-0.8546)
02-24 10:41:46 Epoch 006 Train loss -0.8509 | Val loss -0.8546
02-24 10:41:46 -----Epoch 7/19-----
02-24 10:41:47 current lr: 0.00727268
02-24 10:41:47 Saved best checkpoint to ./checkpoint\SSF_CWRU_0224-104132\best_pt (val_loss=-0.8674)
02-24 10:41:47 Epoch 007 Train loss -0.8655 | Val loss -0.8674
02-24 10:41:47 -----Epoch 8/19-----
02-24 10:41:49 current lr: 0.00654854
02-24 10:41:49 Saved best checkpoint to ./checkpoint\SSF_CWRU_0224-104132\best_pt (val_loss=-0.8763)
02-24 10:41:49 Epoch 008 Train loss -0.8761 | Val loss -0.8763
02-24 10:41:49 -----Epoch 9/19-----
02-24 10:41:50 current lr: 0.00578639
02-24 10:41:50 Saved best checkpoint to ./checkpoint\SSF_CWRU_0224-104132\best_pt (val_loss=-0.8837)
02-24 10:41:50 Epoch 009 Train loss -0.8839 | Val loss -0.8837
02-24 10:41:50 -----Epoch 10/19-----
02-24 10:41:52 current lr: 0.005005
02-24 10:41:52 Saved best checkpoint to ./checkpoint\SSF_CWRU_0224-104132\best_pt (val_loss=-0.8899)
02-24 10:41:52 Epoch 010 Train loss -0.8905 | Val loss -0.8899
02-24 10:41:52 -----Epoch 11/19-----
02-24 10:41:53 current lr: 0.00422361
02-24 10:41:53 Saved best checkpoint to ./checkpoint\SSF_CWRU_0224-104132\best_pt (val_loss=-0.8949)
02-24 10:41:53 Epoch 011 Train loss -0.8959 | Val loss -0.8949
02-24 10:41:53 -----Epoch 12/19-----
02-24 10:41:55 current lr: 0.00346146
02-24 10:41:55 Saved best checkpoint to ./checkpoint\SSF_CWRU_0224-104132\best_pt (val_loss=-0.8989)
02-24 10:41:55 Epoch 012 Train loss -0.9004 | Val loss -0.8989
02-24 10:41:55 -----Epoch 13/19-----
02-24 10:41:57 current lr: 0.00273732
02-24 10:41:57 Saved best checkpoint to ./checkpoint\SSF_CWRU_0224-104132\best_pt (val_loss=-0.9021)
02-24 10:41:57 Epoch 013 Train loss -0.9040 | Val loss -0.9021
02-24 10:41:57 -----Epoch 14/19-----
02-24 10:41:58 current lr: 0.00206901
02-24 10:41:58 Saved best checkpoint to ./checkpoint\SSF_CWRU_0224-104132\best_pt (val_loss=-0.9045)
02-24 10:41:58 Epoch 014 Train loss -0.9067 | Val loss -0.9045
02-24 10:41:58 -----Epoch 15/19-----
02-24 10:42:00 current lr: 0.001473
02-24 10:42:00 Saved best checkpoint to ./checkpoint\SSF_CWRU_0224-104132\best_pt (val_loss=-0.9062)
02-24 10:42:00 Epoch 015 Train loss -0.9086 | Val loss -0.9062
02-24 10:42:00 -----Epoch 16/19-----
02-24 10:42:02 current lr: 0.00096396
02-24 10:42:02 Saved best checkpoint to ./checkpoint\SSF_CWRU_0224-104132\best_pt (val_loss=-0.9073)
02-24 10:42:02 Epoch 016 Train loss -0.9099 | Val loss -0.9073
02-24 10:42:02 -----Epoch 17/19-----
02-24 10:42:04 current lr: 0.000554422
02-24 10:42:04 Saved best checkpoint to ./checkpoint\SSF_CWRU_0224-104132\best_pt (val_loss=-0.9079)
02-24 10:42:04 Epoch 017 Train loss -0.9107 | Val loss -0.9079
02-24 10:42:04 -----Epoch 18/19-----
02-24 10:42:05 current lr: 0.000254473
02-24 10:42:05 Saved best checkpoint to ./checkpoint\SSF_CWRU_0224-104132\best_pt (val_loss=-0.9083)
02-24 10:42:05 Epoch 018 Train loss -0.9111 | Val loss -0.9083
02-24 10:42:05 -----Epoch 19/19-----
02-24 10:42:07 current lr: 7.14967e-05
02-24 10:42:07 Saved best checkpoint to ./checkpoint\SSF_CWRU_0224-104132\best_pt (val_loss=-0.9083)
02-24 10:42:07 Epoch 019 Train loss -0.9113 | Val loss -0.9083
02-24 10:42:07 TEST (last): loss -0.9077
