03-24 12:40:38 ================================================================================
03-24 12:40:38 RUN: aug=('gaussian', 'scale') hidden=256 latent=256 blocks=5 seed=0
03-24 12:40:38 model_name: SSF
03-24 12:40:38 data_name: PU
03-24 12:40:38 aug_1: gaussian
03-24 12:40:38 aug_2: scale
03-24 12:40:38 data_view: TwoViewDataset
03-24 12:40:38 data_dir: raw_data/PU
03-24 12:40:38 out_channel: 4
03-24 12:40:38 normlizetype: mean_std
03-24 12:40:38 processing_type: O_N
03-24 12:40:38 max_epoch: 50
03-24 12:40:38 classifier_epoch: 50
03-24 12:40:38 batch_size: 64
03-24 12:40:38 cuda_device: 0
03-24 12:40:38 checkpoint_dir: ./checkpoint
03-24 12:40:38 opt: sgd
03-24 12:40:38 lr: 0.05
03-24 12:40:38 momentum: 0.9
03-24 12:40:38 weight_decay: 0.0001
03-24 12:40:38 lr_scheduler: cos
03-24 12:40:38 gamma: 0.95
03-24 12:40:38 eta_min: 1e-05
03-24 12:40:38 latent_space: 256
03-24 12:40:38 num_blocks_ssf: 5
03-24 12:40:38 hidden_channel: 256
03-24 12:40:38 per_class_samples: 2000
03-24 12:40:38 classifier_samples: 200
03-24 12:40:38 task: self_supervised
03-24 12:40:38 critetion: <class 'utils.loss_SSL.SimSiamLoss'>
03-24 12:40:38 using 1 gpus
03-24 12:40:38 Dataset class: <class 'data_utils.datasets.PU.PU'>
03-24 12:40:38 Split sizes: train=2000 val=2000 test=7125, classier=800
03-24 12:40:39 Label counts train: Counter({0: 2000})
03-24 12:40:39 Label counts val:   Counter({0: 2000})
03-24 12:40:40 Label counts test:  Counter({3: 2000, 1: 2000, 2: 2000, 0: 1125})
03-24 12:40:40 Label counts classifier:  Counter({3: 200, 1: 200, 2: 200, 0: 200})
03-24 12:40:41 -----Epoch 0/49-----
03-24 12:40:46 current lr: 0.05
03-24 12:40:46 Saved best checkpoint to ./checkpoint\SSF_PU_0324-124038\best_pt (val_loss=-0.9831)
03-24 12:40:46 Epoch 000 Train loss -0.8736 | Val loss -0.9831
03-24 12:40:46 -----Epoch 1/49-----
03-24 12:40:51 current lr: 0.0499507
03-24 12:40:51 Saved best checkpoint to ./checkpoint\SSF_PU_0324-124038\best_pt (val_loss=-0.9927)
03-24 12:40:51 Epoch 001 Train loss -0.9904 | Val loss -0.9927
03-24 12:40:51 -----Epoch 2/49-----
03-24 12:40:55 current lr: 0.0498029
03-24 12:40:55 Saved best checkpoint to ./checkpoint\SSF_PU_0324-124038\best_pt (val_loss=-0.9945)
03-24 12:40:55 Epoch 002 Train loss -0.9936 | Val loss -0.9945
03-24 12:40:55 -----Epoch 3/49-----
03-24 12:41:00 current lr: 0.0495573
03-24 12:41:00 Saved best checkpoint to ./checkpoint\SSF_PU_0324-124038\best_pt (val_loss=-0.9953)
03-24 12:41:00 Epoch 003 Train loss -0.9948 | Val loss -0.9953
03-24 12:41:00 -----Epoch 4/49-----
03-24 12:41:05 current lr: 0.0492147
03-24 12:41:05 Saved best checkpoint to ./checkpoint\SSF_PU_0324-124038\best_pt (val_loss=-0.9958)
03-24 12:41:05 Epoch 004 Train loss -0.9954 | Val loss -0.9958
03-24 12:41:05 -----Epoch 5/49-----
03-24 12:41:10 current lr: 0.0487767
