03-10 11:46:59 model_name: SSF
03-10 11:46:59 data_name: PU
03-10 11:46:59 aug_1: randomcrop
03-10 11:46:59 aug_2: scale
03-10 11:46:59 max_epoch: 20
03-10 11:46:59 classifier_epoch: 50
03-10 11:46:59 data_view: TwoViewDataset
03-10 11:46:59 cuda_device: 0
03-10 11:46:59 checkpoint_dir: ./anomaly_detection
03-10 11:46:59 batch_size: 64
03-10 11:46:59 data_dir: raw_data/PU
03-10 11:46:59 out_channel: 4
03-10 11:46:59 normlizetype: minus_one_one
03-10 11:46:59 processing_type: RA
03-10 11:46:59 opt: sgd
03-10 11:46:59 lr: 0.05
03-10 11:46:59 momentum: 0.9
03-10 11:46:59 weight_decay: 0.0001
03-10 11:46:59 lr_scheduler: cos
03-10 11:46:59 gamma: 0.95
03-10 11:46:59 eta_min: 1e-05
03-10 11:46:59 latent_space: 192
03-10 11:46:59 num_blocks_ssf: 5
03-10 11:46:59 hidden_channel: 128
03-10 11:46:59 task: self_supervised
03-10 11:46:59 critetion: <class 'utils.loss_SSL.SimSiamLoss'>
03-10 11:46:59 using 1 gpus
03-10 11:46:59 Dataset class: <class 'data_utils.datasets.PU.PU'>
03-10 11:47:00 Split sizes: train=1600 val=1600 test=1600, classier=2000
03-10 11:47:00 Label counts train: Counter({1: 400, 0: 400, 3: 400, 2: 400})
03-10 11:47:00 Label counts val:   Counter({0: 400, 3: 400, 1: 400, 2: 400})
03-10 11:47:00 Label counts test:  Counter({2: 400, 0: 400, 3: 400, 1: 400})
03-10 11:47:00 Label counts classifier:  Counter({3: 500, 2: 500, 0: 500, 1: 500})
03-10 11:47:02 -----Epoch 0/19-----
03-10 11:47:04 current lr: 0.05
03-10 11:47:04 Saved best checkpoint to ./anomaly_detection\SSF_PU_0310-114659\best_pt (val_loss=-0.9506)
03-10 11:47:04 Epoch 000 Train loss -0.8182 | Val loss -0.9506
03-10 11:47:04 -----Epoch 1/19-----
03-10 11:47:06 current lr: 0.0496923
03-10 11:47:06 Saved best checkpoint to ./anomaly_detection\SSF_PU_0310-114659\best_pt (val_loss=-0.9784)
03-10 11:47:06 Epoch 001 Train loss -0.9718 | Val loss -0.9784
03-10 11:47:06 -----Epoch 2/19-----
03-10 11:47:08 current lr: 0.0487767
03-10 11:47:08 Saved best checkpoint to ./anomaly_detection\SSF_PU_0310-114659\best_pt (val_loss=-0.9841)
03-10 11:47:08 Epoch 002 Train loss -0.9828 | Val loss -0.9841
03-10 11:47:08 -----Epoch 3/19-----
03-10 11:47:10 current lr: 0.0472757
03-10 11:47:10 Saved best checkpoint to ./anomaly_detection\SSF_PU_0310-114659\best_pt (val_loss=-0.9864)
03-10 11:47:10 Epoch 003 Train loss -0.9862 | Val loss -0.9864
03-10 11:47:10 -----Epoch 4/19-----
03-10 11:47:11 current lr: 0.0452264
03-10 11:47:11 Saved best checkpoint to ./anomaly_detection\SSF_PU_0310-114659\best_pt (val_loss=-0.9882)
03-10 11:47:11 Epoch 004 Train loss -0.9879 | Val loss -0.9882
03-10 11:47:11 -----Epoch 5/19-----
03-10 11:47:13 current lr: 0.0426791
03-10 11:47:13 Saved best checkpoint to ./anomaly_detection\SSF_PU_0310-114659\best_pt (val_loss=-0.9894)
03-10 11:47:13 Epoch 005 Train loss -0.9891 | Val loss -0.9894
03-10 11:47:13 -----Epoch 6/19-----
03-10 11:47:15 current lr: 0.0396967
03-10 11:47:15 Saved best checkpoint to ./anomaly_detection\SSF_PU_0310-114659\best_pt (val_loss=-0.9904)
03-10 11:47:15 Epoch 006 Train loss -0.9900 | Val loss -0.9904
03-10 11:47:15 -----Epoch 7/19-----
03-10 11:47:16 current lr: 0.0363525
03-10 11:47:17 Saved best checkpoint to ./anomaly_detection\SSF_PU_0310-114659\best_pt (val_loss=-0.9911)
03-10 11:47:17 Epoch 007 Train loss -0.9907 | Val loss -0.9911
03-10 11:47:17 -----Epoch 8/19-----
03-10 11:47:18 current lr: 0.0327289
03-10 11:47:18 Saved best checkpoint to ./anomaly_detection\SSF_PU_0310-114659\best_pt (val_loss=-0.9916)
03-10 11:47:18 Epoch 008 Train loss -0.9912 | Val loss -0.9916
03-10 11:47:18 -----Epoch 9/19-----
03-10 11:47:20 current lr: 0.0289151
03-10 11:47:20 Saved best checkpoint to ./anomaly_detection\SSF_PU_0310-114659\best_pt (val_loss=-0.9920)
03-10 11:47:20 Epoch 009 Train loss -0.9916 | Val loss -0.9920
03-10 11:47:20 -----Epoch 10/19-----
03-10 11:47:22 current lr: 0.025005
03-10 11:47:22 Saved best checkpoint to ./anomaly_detection\SSF_PU_0310-114659\best_pt (val_loss=-0.9923)
03-10 11:47:22 Epoch 010 Train loss -0.9919 | Val loss -0.9923
03-10 11:47:22 -----Epoch 11/19-----
03-10 11:47:23 current lr: 0.0210949
03-10 11:47:23 Saved best checkpoint to ./anomaly_detection\SSF_PU_0310-114659\best_pt (val_loss=-0.9925)
03-10 11:47:23 Epoch 011 Train loss -0.9922 | Val loss -0.9925
03-10 11:47:23 -----Epoch 12/19-----
03-10 11:47:25 current lr: 0.0172811
03-10 11:47:25 Saved best checkpoint to ./anomaly_detection\SSF_PU_0310-114659\best_pt (val_loss=-0.9927)
03-10 11:47:25 Epoch 012 Train loss -0.9924 | Val loss -0.9927
03-10 11:47:25 -----Epoch 13/19-----
03-10 11:47:27 current lr: 0.0136575
03-10 11:47:27 Saved best checkpoint to ./anomaly_detection\SSF_PU_0310-114659\best_pt (val_loss=-0.9928)
03-10 11:47:27 Epoch 013 Train loss -0.9926 | Val loss -0.9928
03-10 11:47:27 -----Epoch 14/19-----
03-10 11:47:29 current lr: 0.0103133
03-10 11:47:29 Saved best checkpoint to ./anomaly_detection\SSF_PU_0310-114659\best_pt (val_loss=-0.9929)
03-10 11:47:29 Epoch 014 Train loss -0.9927 | Val loss -0.9929
03-10 11:47:29 -----Epoch 15/19-----
03-10 11:47:30 current lr: 0.00733087
03-10 11:47:30 Saved best checkpoint to ./anomaly_detection\SSF_PU_0310-114659\best_pt (val_loss=-0.9930)
03-10 11:47:30 Epoch 015 Train loss -0.9928 | Val loss -0.9930
03-10 11:47:30 -----Epoch 16/19-----
03-10 11:47:32 current lr: 0.00478362
03-10 11:47:32 Saved best checkpoint to ./anomaly_detection\SSF_PU_0310-114659\best_pt (val_loss=-0.9931)
03-10 11:47:32 Epoch 016 Train loss -0.9929 | Val loss -0.9931
03-10 11:47:32 -----Epoch 17/19-----
03-10 11:47:34 current lr: 0.00273429
03-10 11:47:34 Saved best checkpoint to ./anomaly_detection\SSF_PU_0310-114659\best_pt (val_loss=-0.9931)
03-10 11:47:34 Epoch 017 Train loss -0.9929 | Val loss -0.9931
03-10 11:47:34 -----Epoch 18/19-----
03-10 11:47:35 current lr: 0.00123334
03-10 11:47:35 Saved best checkpoint to ./anomaly_detection\SSF_PU_0310-114659\best_pt (val_loss=-0.9931)
03-10 11:47:35 Epoch 018 Train loss -0.9929 | Val loss -0.9931
03-10 11:47:35 -----Epoch 19/19-----
03-10 11:47:37 current lr: 0.00031773
03-10 11:47:37 Saved best checkpoint to ./anomaly_detection\SSF_PU_0310-114659\best_pt (val_loss=-0.9931)
03-10 11:47:37 Epoch 019 Train loss -0.9929 | Val loss -0.9931
03-10 11:47:38 TEST (last): loss -0.9929
03-10 11:47:38 Loaded best checkpoint from ./anomaly_detection\SSF_PU_0310-114659\best_pt (val_loss=-0.9930945801734924)
03-10 11:47:38 TEST (best): loss -0.9929
03-10 11:47:39 [LP epoch 00] train_loss=1.2746 train_acc=0.4375 | val_loss=1.2212 val_acc=0.5312 | 
03-10 11:47:40 [LP epoch 01] train_loss=1.1637 train_acc=0.5485 | val_loss=1.1335 val_acc=0.5506 | 
03-10 11:47:42 [LP epoch 02] train_loss=1.0924 train_acc=0.5825 | val_loss=1.0892 val_acc=0.5363 | 
03-10 11:47:43 [LP epoch 03] train_loss=1.0715 train_acc=0.5935 | val_loss=1.0713 val_acc=0.6050 | 
03-10 11:47:45 [LP epoch 04] train_loss=1.0388 train_acc=0.6170 | val_loss=1.0571 val_acc=0.5950 | 
03-10 11:47:46 [LP epoch 05] train_loss=1.0282 train_acc=0.6270 | val_loss=1.0509 val_acc=0.6056 | 
03-10 11:47:47 [LP epoch 06] train_loss=1.0093 train_acc=0.6450 | val_loss=1.0453 val_acc=0.6319 | 
03-10 11:47:48 [LP epoch 07] train_loss=0.9791 train_acc=0.6645 | val_loss=0.9856 val_acc=0.6550 | 
03-10 11:47:50 [LP epoch 08] train_loss=0.9810 train_acc=0.6505 | val_loss=0.9857 val_acc=0.6475 | 
03-10 11:47:51 [LP epoch 09] train_loss=0.9600 train_acc=0.6600 | val_loss=0.9780 val_acc=0.6637 | 
03-10 11:47:52 [LP epoch 10] train_loss=0.9636 train_acc=0.6700 | val_loss=0.9840 val_acc=0.6488 | 
03-10 11:47:54 [LP epoch 11] train_loss=0.9485 train_acc=0.6740 | val_loss=0.9935 val_acc=0.6369 | 
03-10 11:47:55 [LP epoch 12] train_loss=0.9485 train_acc=0.6790 | val_loss=0.9681 val_acc=0.6569 | 
03-10 11:47:57 [LP epoch 13] train_loss=0.9353 train_acc=0.6775 | val_loss=0.9485 val_acc=0.6700 | 
03-10 11:47:58 [LP epoch 14] train_loss=0.9180 train_acc=0.6860 | val_loss=0.9264 val_acc=0.6837 | 
03-10 11:47:59 [LP epoch 15] train_loss=0.9193 train_acc=0.6850 | val_loss=0.9547 val_acc=0.6600 | 
03-10 11:48:01 [LP epoch 16] train_loss=0.9241 train_acc=0.6760 | val_loss=0.9505 val_acc=0.6694 | 
03-10 11:48:02 [LP epoch 17] train_loss=0.9153 train_acc=0.6845 | val_loss=0.9674 val_acc=0.6475 | 
03-10 11:48:03 [LP epoch 18] train_loss=0.9105 train_acc=0.6900 | val_loss=0.9387 val_acc=0.6719 | 
03-10 11:48:05 [LP epoch 19] train_loss=0.9236 train_acc=0.6840 | val_loss=0.9305 val_acc=0.6713 | 
03-10 11:48:06 [LP epoch 20] train_loss=0.9184 train_acc=0.6905 | val_loss=0.9412 val_acc=0.6737 | 
03-10 11:48:08 [LP epoch 21] train_loss=0.9066 train_acc=0.6960 | val_loss=0.9457 val_acc=0.6794 | 
03-10 11:48:09 [LP epoch 22] train_loss=0.9060 train_acc=0.6985 | val_loss=0.9287 val_acc=0.6806 | 
03-10 11:48:10 [LP epoch 23] train_loss=0.9052 train_acc=0.6920 | val_loss=0.9201 val_acc=0.6956 | 
03-10 11:48:12 [LP epoch 24] train_loss=0.9096 train_acc=0.6855 | val_loss=0.9053 val_acc=0.6894 | 
03-10 11:48:13 [LP epoch 25] train_loss=0.9135 train_acc=0.6855 | val_loss=0.9165 val_acc=0.6944 | 
03-10 11:48:14 [LP epoch 26] train_loss=0.9213 train_acc=0.6830 | val_loss=0.9461 val_acc=0.6731 | 
03-10 11:48:16 [LP epoch 27] train_loss=0.8923 train_acc=0.6955 | val_loss=0.9216 val_acc=0.6787 | 
03-10 11:48:17 [LP epoch 28] train_loss=0.8960 train_acc=0.7045 | val_loss=0.9766 val_acc=0.6444 | 
03-10 11:48:19 [LP epoch 29] train_loss=0.8777 train_acc=0.7170 | val_loss=0.8966 val_acc=0.6969 | 
03-10 11:48:20 [LP epoch 30] train_loss=0.8925 train_acc=0.7000 | val_loss=0.9120 val_acc=0.6875 | 
03-10 11:48:21 [LP epoch 31] train_loss=0.8895 train_acc=0.6990 | val_loss=0.9250 val_acc=0.6813 | 
03-10 11:48:23 [LP epoch 32] train_loss=0.8835 train_acc=0.7040 | val_loss=0.9094 val_acc=0.6900 | 
03-10 11:48:24 [LP epoch 33] train_loss=0.8908 train_acc=0.7105 | val_loss=0.9015 val_acc=0.6963 | 
03-10 11:48:25 [LP epoch 34] train_loss=0.8561 train_acc=0.7275 | val_loss=0.8854 val_acc=0.7019 | 
03-10 11:48:27 [LP epoch 35] train_loss=0.8688 train_acc=0.7080 | val_loss=0.8934 val_acc=0.7019 | 
03-10 11:48:28 [LP epoch 36] train_loss=0.8655 train_acc=0.7185 | val_loss=0.9169 val_acc=0.6681 | 
03-10 11:48:29 [LP epoch 37] train_loss=0.8559 train_acc=0.7270 | val_loss=0.9005 val_acc=0.6881 | 
03-10 11:48:30 [LP epoch 38] train_loss=0.8696 train_acc=0.7095 | val_loss=0.9173 val_acc=0.6944 | 
03-10 11:48:31 [LP epoch 39] train_loss=0.8579 train_acc=0.7230 | val_loss=0.9055 val_acc=0.6969 | 
03-10 11:48:33 [LP epoch 40] train_loss=0.8617 train_acc=0.7240 | val_loss=0.8800 val_acc=0.7081 | 
03-10 11:48:34 [LP epoch 41] train_loss=0.8593 train_acc=0.7215 | val_loss=0.8767 val_acc=0.7275 | 
03-10 11:48:35 [LP epoch 42] train_loss=0.8757 train_acc=0.7135 | val_loss=0.8913 val_acc=0.6950 | 
03-10 11:48:36 [LP epoch 43] train_loss=0.8767 train_acc=0.7170 | val_loss=0.8666 val_acc=0.7188 | 
03-10 11:48:38 [LP epoch 44] train_loss=0.8614 train_acc=0.7300 | val_loss=0.8919 val_acc=0.7094 | 
03-10 11:48:39 [LP epoch 45] train_loss=0.8464 train_acc=0.7300 | val_loss=0.9079 val_acc=0.6950 | 
03-10 11:48:40 [LP epoch 46] train_loss=0.8630 train_acc=0.7200 | val_loss=0.8937 val_acc=0.7094 | 
03-10 11:48:42 [LP epoch 47] train_loss=0.8544 train_acc=0.7315 | val_loss=0.8899 val_acc=0.7063 | 
03-10 11:48:43 [LP epoch 48] train_loss=0.8486 train_acc=0.7370 | val_loss=0.9075 val_acc=0.6919 | 
03-10 11:48:44 [LP epoch 49] train_loss=0.8601 train_acc=0.7210 | val_loss=0.8700 val_acc=0.7119 | 
03-10 11:48:44 Saved linear-probe checkpoint: ./anomaly_detection\SSF_PU_0310-114659\linear_probe_best.pt (best_val_acc=0.7275)
03-10 11:48:45 TEST linear-probe: loss=0.8639 acc=0.7144
