04-23 14:02:18 ================================================================================
04-23 14:02:18 RUN: aug=('gaussian', 'gaussian') hidden=128 latent=32 blocks=8 seed=0
04-23 14:02:18 model_name: SSF
04-23 14:02:18 data_name: CWRU
04-23 14:02:18 aug_1: gaussian
04-23 14:02:18 aug_2: gaussian
04-23 14:02:18 data_view: TwoViewDataset
04-23 14:02:18 data_dir: raw_data/CWRU
04-23 14:02:18 out_channel: 4
04-23 14:02:18 normlizetype: mean_std
04-23 14:02:18 processing_type: O_N
04-23 14:02:18 max_epoch: 50
04-23 14:02:18 classifier_epoch: 50
04-23 14:02:18 batch_size: 64
04-23 14:02:18 cuda_device: 0
04-23 14:02:18 checkpoint_dir: ./checkpoint
04-23 14:02:18 opt: sgd
04-23 14:02:18 lr: 0.05
04-23 14:02:18 momentum: 0.9
04-23 14:02:18 weight_decay: 0.0001
04-23 14:02:18 lr_scheduler: cos
04-23 14:02:18 gamma: 0.95
04-23 14:02:18 eta_min: 1e-05
04-23 14:02:18 latent_space: 32
04-23 14:02:18 num_blocks_ssf: 8
04-23 14:02:18 hidden_channel: 128
04-23 14:02:18 per_class_samples: 100
04-23 14:02:18 classifier_samples: 10
04-23 14:02:18 task: self_supervised
04-23 14:02:18 critetion: <class 'utils.loss_SSL.SimSiamLoss'>
04-23 14:02:18 using 1 gpus
04-23 14:02:18 Dataset class: <class 'data_utils.datasets.CWRU.CWRU'>
04-23 14:02:18 Split sizes: train=100 val=100 test=400, classier=40
04-23 14:02:18 Label counts train: Counter({0: 100})
04-23 14:02:18 Label counts val:   Counter({0: 100})
04-23 14:02:18 Label counts test:  Counter({2: 100, 1: 100, 3: 100, 0: 100})
04-23 14:02:18 Label counts classifier:  Counter({3: 10, 2: 10, 0: 10, 1: 10})
04-23 14:02:18 Label counts classifier validation:  Counter({0: 10, 2: 10, 3: 10, 1: 10})
04-23 14:02:20 -----Epoch 0/49-----
04-23 14:02:21 current lr: 0.05
04-23 14:02:21 Saved best checkpoint to ./checkpoint\SSF_CWRU_0423-140218\best_pt (val_loss=-0.1222)
04-23 14:02:21 Epoch 000 Train loss -0.0123 | Val loss -0.1222
04-23 14:02:21 -----Epoch 1/49-----
04-23 14:02:21 current lr: 0.0499507
04-23 14:02:21 Saved best checkpoint to ./checkpoint\SSF_CWRU_0423-140218\best_pt (val_loss=-0.4267)
04-23 14:02:21 Epoch 001 Train loss -0.4697 | Val loss -0.4267
04-23 14:02:21 -----Epoch 2/49-----
04-23 14:02:21 current lr: 0.0498029
04-23 14:02:21 Saved best checkpoint to ./checkpoint\SSF_CWRU_0423-140218\best_pt (val_loss=-0.5680)
04-23 14:02:21 Epoch 002 Train loss -0.8272 | Val loss -0.5680
04-23 14:02:21 -----Epoch 3/49-----
04-23 14:02:21 current lr: 0.0495573
04-23 14:02:21 Saved best checkpoint to ./checkpoint\SSF_CWRU_0423-140218\best_pt (val_loss=-0.6380)
04-23 14:02:21 Epoch 003 Train loss -0.9260 | Val loss -0.6380
04-23 14:02:21 -----Epoch 4/49-----
04-23 14:02:22 current lr: 0.0492147
04-23 14:02:22 Saved best checkpoint to ./checkpoint\SSF_CWRU_0423-140218\best_pt (val_loss=-0.7432)
04-23 14:02:22 Epoch 004 Train loss -0.9593 | Val loss -0.7432
04-23 14:02:22 -----Epoch 5/49-----
04-23 14:02:22 current lr: 0.0487767
04-23 14:02:22 Saved best checkpoint to ./checkpoint\SSF_CWRU_0423-140218\best_pt (val_loss=-0.8436)
04-23 14:02:22 Epoch 005 Train loss -0.9667 | Val loss -0.8436
04-23 14:02:22 -----Epoch 6/49-----
04-23 14:02:22 current lr: 0.0482448
04-23 14:02:22 Saved best checkpoint to ./checkpoint\SSF_CWRU_0423-140218\best_pt (val_loss=-0.9153)
04-23 14:02:22 Epoch 006 Train loss -0.9685 | Val loss -0.9153
04-23 14:02:22 -----Epoch 7/49-----
04-23 14:02:22 current lr: 0.0476212
04-23 14:02:22 Saved best checkpoint to ./checkpoint\SSF_CWRU_0423-140218\best_pt (val_loss=-0.9503)
04-23 14:02:22 Epoch 007 Train loss -0.9694 | Val loss -0.9503
04-23 14:02:22 -----Epoch 8/49-----
04-23 14:02:22 current lr: 0.0469083
04-23 14:02:22 Saved best checkpoint to ./checkpoint\SSF_CWRU_0423-140218\best_pt (val_loss=-0.9634)
04-23 14:02:22 Epoch 008 Train loss -0.9700 | Val loss -0.9634
04-23 14:02:22 -----Epoch 9/49-----
04-23 14:02:23 current lr: 0.046109
04-23 14:02:23 Saved best checkpoint to ./checkpoint\SSF_CWRU_0423-140218\best_pt (val_loss=-0.9670)
04-23 14:02:23 Epoch 009 Train loss -0.9712 | Val loss -0.9670
04-23 14:02:23 -----Epoch 10/49-----
04-23 14:02:23 current lr: 0.0452264
04-23 14:02:23 Saved best checkpoint to ./checkpoint\SSF_CWRU_0423-140218\best_pt (val_loss=-0.9680)
04-23 14:02:23 Epoch 010 Train loss -0.9727 | Val loss -0.9680
04-23 14:02:23 -----Epoch 11/49-----
04-23 14:02:23 current lr: 0.044264
04-23 14:02:23 Saved best checkpoint to ./checkpoint\SSF_CWRU_0423-140218\best_pt (val_loss=-0.9694)
04-23 14:02:23 Epoch 011 Train loss -0.9745 | Val loss -0.9694
04-23 14:02:23 -----Epoch 12/49-----
04-23 14:02:23 current lr: 0.0432256
04-23 14:02:23 Saved best checkpoint to ./checkpoint\SSF_CWRU_0423-140218\best_pt (val_loss=-0.9713)
04-23 14:02:23 Epoch 012 Train loss -0.9764 | Val loss -0.9713
04-23 14:02:23 -----Epoch 13/49-----
04-23 14:02:23 current lr: 0.0421153
04-23 14:02:23 Saved best checkpoint to ./checkpoint\SSF_CWRU_0423-140218\best_pt (val_loss=-0.9733)
04-23 14:02:23 Epoch 013 Train loss -0.9783 | Val loss -0.9733
04-23 14:02:23 -----Epoch 14/49-----
04-23 14:02:24 current lr: 0.0409374
04-23 14:02:24 Saved best checkpoint to ./checkpoint\SSF_CWRU_0423-140218\best_pt (val_loss=-0.9753)
04-23 14:02:24 Epoch 014 Train loss -0.9800 | Val loss -0.9753
04-23 14:02:24 -----Epoch 15/49-----
04-23 14:02:24 current lr: 0.0396967
04-23 14:02:24 Saved best checkpoint to ./checkpoint\SSF_CWRU_0423-140218\best_pt (val_loss=-0.9772)
04-23 14:02:24 Epoch 015 Train loss -0.9816 | Val loss -0.9772
04-23 14:02:24 -----Epoch 16/49-----
04-23 14:02:24 current lr: 0.038398
04-23 14:02:24 Saved best checkpoint to ./checkpoint\SSF_CWRU_0423-140218\best_pt (val_loss=-0.9788)
04-23 14:02:24 Epoch 016 Train loss -0.9829 | Val loss -0.9788
04-23 14:02:24 -----Epoch 17/49-----
04-23 14:02:24 current lr: 0.0370464
04-23 14:02:24 Saved best checkpoint to ./checkpoint\SSF_CWRU_0423-140218\best_pt (val_loss=-0.9801)
04-23 14:02:24 Epoch 017 Train loss -0.9841 | Val loss -0.9801
04-23 14:02:24 -----Epoch 18/49-----
04-23 14:02:24 current lr: 0.0356474
04-23 14:02:24 Saved best checkpoint to ./checkpoint\SSF_CWRU_0423-140218\best_pt (val_loss=-0.9814)
04-23 14:02:24 Epoch 018 Train loss -0.9852 | Val loss -0.9814
04-23 14:02:24 -----Epoch 19/49-----
04-23 14:02:25 current lr: 0.0342063
04-23 14:02:25 Saved best checkpoint to ./checkpoint\SSF_CWRU_0423-140218\best_pt (val_loss=-0.9825)
04-23 14:02:25 Epoch 019 Train loss -0.9861 | Val loss -0.9825
04-23 14:02:25 -----Epoch 20/49-----
04-23 14:02:25 current lr: 0.0327289
04-23 14:02:25 Saved best checkpoint to ./checkpoint\SSF_CWRU_0423-140218\best_pt (val_loss=-0.9835)
04-23 14:02:25 Epoch 020 Train loss -0.9869 | Val loss -0.9835
04-23 14:02:25 -----Epoch 21/49-----
04-23 14:02:25 current lr: 0.031221
04-23 14:02:25 Saved best checkpoint to ./checkpoint\SSF_CWRU_0423-140218\best_pt (val_loss=-0.9843)
04-23 14:02:25 Epoch 021 Train loss -0.9877 | Val loss -0.9843
04-23 14:02:25 -----Epoch 22/49-----
04-23 14:02:25 current lr: 0.0296886
04-23 14:02:25 Saved best checkpoint to ./checkpoint\SSF_CWRU_0423-140218\best_pt (val_loss=-0.9850)
04-23 14:02:25 Epoch 022 Train loss -0.9883 | Val loss -0.9850
04-23 14:02:25 -----Epoch 23/49-----
04-23 14:02:25 current lr: 0.0281377
04-23 14:02:25 Saved best checkpoint to ./checkpoint\SSF_CWRU_0423-140218\best_pt (val_loss=-0.9856)
04-23 14:02:25 Epoch 023 Train loss -0.9890 | Val loss -0.9856
04-23 14:02:25 -----Epoch 24/49-----
04-23 14:02:26 current lr: 0.0265744
04-23 14:02:26 Saved best checkpoint to ./checkpoint\SSF_CWRU_0423-140218\best_pt (val_loss=-0.9861)
04-23 14:02:26 Epoch 024 Train loss -0.9893 | Val loss -0.9861
04-23 14:02:26 -----Epoch 25/49-----
04-23 14:02:26 current lr: 0.025005
04-23 14:02:26 Saved best checkpoint to ./checkpoint\SSF_CWRU_0423-140218\best_pt (val_loss=-0.9865)
04-23 14:02:26 Epoch 025 Train loss -0.9898 | Val loss -0.9865
04-23 14:02:26 -----Epoch 26/49-----
04-23 14:02:26 current lr: 0.0234356
04-23 14:02:26 Saved best checkpoint to ./checkpoint\SSF_CWRU_0423-140218\best_pt (val_loss=-0.9869)
04-23 14:02:26 Epoch 026 Train loss -0.9901 | Val loss -0.9869
04-23 14:02:26 -----Epoch 27/49-----
04-23 14:02:26 current lr: 0.0218723
04-23 14:02:26 Saved best checkpoint to ./checkpoint\SSF_CWRU_0423-140218\best_pt (val_loss=-0.9872)
04-23 14:02:26 Epoch 027 Train loss -0.9905 | Val loss -0.9872
04-23 14:02:26 -----Epoch 28/49-----
04-23 14:02:26 current lr: 0.0203214
04-23 14:02:26 Saved best checkpoint to ./checkpoint\SSF_CWRU_0423-140218\best_pt (val_loss=-0.9875)
04-23 14:02:26 Epoch 028 Train loss -0.9908 | Val loss -0.9875
04-23 14:02:26 -----Epoch 29/49-----
04-23 14:02:26 current lr: 0.018789
04-23 14:02:26 Saved best checkpoint to ./checkpoint\SSF_CWRU_0423-140218\best_pt (val_loss=-0.9878)
04-23 14:02:26 Epoch 029 Train loss -0.9911 | Val loss -0.9878
04-23 14:02:26 -----Epoch 30/49-----
04-23 14:02:27 current lr: 0.0172811
04-23 14:02:27 Saved best checkpoint to ./checkpoint\SSF_CWRU_0423-140218\best_pt (val_loss=-0.9881)
04-23 14:02:27 Epoch 030 Train loss -0.9912 | Val loss -0.9881
04-23 14:02:27 -----Epoch 31/49-----
04-23 14:02:27 current lr: 0.0158037
04-23 14:02:27 Saved best checkpoint to ./checkpoint\SSF_CWRU_0423-140218\best_pt (val_loss=-0.9884)
04-23 14:02:27 Epoch 031 Train loss -0.9914 | Val loss -0.9884
04-23 14:02:27 -----Epoch 32/49-----
04-23 14:02:27 current lr: 0.0143626
04-23 14:02:27 Saved best checkpoint to ./checkpoint\SSF_CWRU_0423-140218\best_pt (val_loss=-0.9887)
04-23 14:02:27 Epoch 032 Train loss -0.9916 | Val loss -0.9887
04-23 14:02:27 -----Epoch 33/49-----
04-23 14:02:27 current lr: 0.0129636
04-23 14:02:27 Saved best checkpoint to ./checkpoint\SSF_CWRU_0423-140218\best_pt (val_loss=-0.9890)
04-23 14:02:27 Epoch 033 Train loss -0.9918 | Val loss -0.9890
04-23 14:02:27 -----Epoch 34/49-----
04-23 14:02:27 current lr: 0.011612
04-23 14:02:27 Saved best checkpoint to ./checkpoint\SSF_CWRU_0423-140218\best_pt (val_loss=-0.9892)
04-23 14:02:27 Epoch 034 Train loss -0.9919 | Val loss -0.9892
04-23 14:02:27 -----Epoch 35/49-----
04-23 14:02:28 current lr: 0.0103133
04-23 14:02:28 Saved best checkpoint to ./checkpoint\SSF_CWRU_0423-140218\best_pt (val_loss=-0.9895)
04-23 14:02:28 Epoch 035 Train loss -0.9920 | Val loss -0.9895
04-23 14:02:28 -----Epoch 36/49-----
04-23 14:02:28 current lr: 0.00907259
04-23 14:02:28 Saved best checkpoint to ./checkpoint\SSF_CWRU_0423-140218\best_pt (val_loss=-0.9897)
04-23 14:02:28 Epoch 036 Train loss -0.9922 | Val loss -0.9897
04-23 14:02:28 -----Epoch 37/49-----
04-23 14:02:28 current lr: 0.00789475
04-23 14:02:28 Saved best checkpoint to ./checkpoint\SSF_CWRU_0423-140218\best_pt (val_loss=-0.9899)
04-23 14:02:28 Epoch 037 Train loss -0.9923 | Val loss -0.9899
04-23 14:02:28 -----Epoch 38/49-----
04-23 14:02:28 current lr: 0.00678443
04-23 14:02:28 Saved best checkpoint to ./checkpoint\SSF_CWRU_0423-140218\best_pt (val_loss=-0.9900)
04-23 14:02:28 Epoch 038 Train loss -0.9924 | Val loss -0.9900
04-23 14:02:28 -----Epoch 39/49-----
04-23 14:02:28 current lr: 0.00574602
04-23 14:02:28 Saved best checkpoint to ./checkpoint\SSF_CWRU_0423-140218\best_pt (val_loss=-0.9901)
04-23 14:02:28 Epoch 039 Train loss -0.9924 | Val loss -0.9901
04-23 14:02:28 -----Epoch 40/49-----
04-23 14:02:29 current lr: 0.00478362
04-23 14:02:29 Saved best checkpoint to ./checkpoint\SSF_CWRU_0423-140218\best_pt (val_loss=-0.9903)
04-23 14:02:29 Epoch 040 Train loss -0.9925 | Val loss -0.9903
04-23 14:02:29 -----Epoch 41/49-----
04-23 14:02:29 current lr: 0.00390102
04-23 14:02:29 Saved best checkpoint to ./checkpoint\SSF_CWRU_0423-140218\best_pt (val_loss=-0.9904)
04-23 14:02:29 Epoch 041 Train loss -0.9925 | Val loss -0.9904
04-23 14:02:29 -----Epoch 42/49-----
04-23 14:02:29 current lr: 0.00310171
04-23 14:02:29 Saved best checkpoint to ./checkpoint\SSF_CWRU_0423-140218\best_pt (val_loss=-0.9904)
04-23 14:02:29 Epoch 042 Train loss -0.9926 | Val loss -0.9904
04-23 14:02:29 -----Epoch 43/49-----
04-23 14:02:29 current lr: 0.00238885
04-23 14:02:29 Saved best checkpoint to ./checkpoint\SSF_CWRU_0423-140218\best_pt (val_loss=-0.9905)
04-23 14:02:29 Epoch 043 Train loss -0.9927 | Val loss -0.9905
04-23 14:02:29 -----Epoch 44/49-----
04-23 14:02:29 current lr: 0.00176524
04-23 14:02:29 Saved best checkpoint to ./checkpoint\SSF_CWRU_0423-140218\best_pt (val_loss=-0.9906)
04-23 14:02:29 Epoch 044 Train loss -0.9927 | Val loss -0.9906
04-23 14:02:29 -----Epoch 45/49-----
04-23 14:02:29 current lr: 0.00123334
04-23 14:02:29 Saved best checkpoint to ./checkpoint\SSF_CWRU_0423-140218\best_pt (val_loss=-0.9906)
04-23 14:02:29 Epoch 045 Train loss -0.9927 | Val loss -0.9906
04-23 14:02:29 -----Epoch 46/49-----
04-23 14:02:30 current lr: 0.000795264
04-23 14:02:30 Saved best checkpoint to ./checkpoint\SSF_CWRU_0423-140218\best_pt (val_loss=-0.9906)
04-23 14:02:30 Epoch 046 Train loss -0.9927 | Val loss -0.9906
04-23 14:02:30 -----Epoch 47/49-----
04-23 14:02:30 current lr: 0.00045273
04-23 14:02:30 Saved best checkpoint to ./checkpoint\SSF_CWRU_0423-140218\best_pt (val_loss=-0.9906)
04-23 14:02:30 Epoch 047 Train loss -0.9927 | Val loss -0.9906
04-23 14:02:30 -----Epoch 48/49-----
04-23 14:02:30 current lr: 0.000207093
04-23 14:02:30 Saved best checkpoint to ./checkpoint\SSF_CWRU_0423-140218\best_pt (val_loss=-0.9906)
04-23 14:02:30 Epoch 048 Train loss -0.9927 | Val loss -0.9906
04-23 14:02:30 -----Epoch 49/49-----
04-23 14:02:30 current lr: 5.93219e-05
04-23 14:02:30 Saved best checkpoint to ./checkpoint\SSF_CWRU_0423-140218\best_pt (val_loss=-0.9906)
04-23 14:02:30 Epoch 049 Train loss -0.9927 | Val loss -0.9906
04-23 14:02:30 TEST (last): loss -0.8612
04-23 14:02:30 Loaded best checkpoint from ./checkpoint\SSF_CWRU_0423-140218\best_pt (val_loss=-0.9906438112258911)
04-23 14:02:31 TEST (best): loss -0.8612
04-23 14:02:33 Threshold: 0.22674238889533233
04-23 14:02:33 Binary accuracy: 0.992500
04-23 14:02:33 Confusion matrix:
[[ 97   3]
 [  0 300]]
04-23 14:02:33 Report:
              precision    recall  f1-score   support

      normal       1.00      0.97      0.98       100
     anomaly       0.99      1.00      1.00       300

    accuracy                           0.99       400
   macro avg       1.00      0.98      0.99       400
weighted avg       0.99      0.99      0.99       400

04-23 14:02:33 Rates: {1: 1.0, 2: 1.0, 3: 1.0}
04-23 14:02:33 [LP epoch 00] train_loss=1.3916 train_acc=0.2500 | val_loss=1.2518 val_acc=0.5000 | 
04-23 14:02:33 [LP epoch 01] train_loss=1.3786 train_acc=0.2500 | val_loss=1.2525 val_acc=0.5000 | 
04-23 14:02:33 [LP epoch 02] train_loss=1.3730 train_acc=0.2500 | val_loss=1.2503 val_acc=0.5000 | 
04-23 14:02:33 [LP epoch 03] train_loss=1.3572 train_acc=0.2500 | val_loss=1.2479 val_acc=0.5000 | 
04-23 14:02:33 [LP epoch 04] train_loss=1.3474 train_acc=0.2500 | val_loss=1.2422 val_acc=0.5000 | 
04-23 14:02:34 [LP epoch 05] train_loss=1.3349 train_acc=0.2750 | val_loss=1.2385 val_acc=0.5000 | 
04-23 14:02:34 [LP epoch 06] train_loss=1.3278 train_acc=0.2750 | val_loss=1.2330 val_acc=0.5000 | 
04-23 14:02:34 [LP epoch 07] train_loss=1.3388 train_acc=0.2750 | val_loss=1.2261 val_acc=0.5000 | 
04-23 14:02:34 [LP epoch 08] train_loss=1.3092 train_acc=0.3750 | val_loss=1.2337 val_acc=0.5000 | 
04-23 14:02:34 [LP epoch 09] train_loss=1.2986 train_acc=0.3250 | val_loss=1.2385 val_acc=0.5000 | 
04-23 14:02:34 [LP epoch 10] train_loss=1.2813 train_acc=0.3000 | val_loss=1.2439 val_acc=0.5000 | 
04-23 14:02:34 [LP epoch 11] train_loss=1.2939 train_acc=0.2750 | val_loss=1.2457 val_acc=0.5000 | 
04-23 14:02:34 [LP epoch 12] train_loss=1.2693 train_acc=0.4000 | val_loss=1.2473 val_acc=0.5000 | 
04-23 14:02:34 [LP epoch 13] train_loss=1.2624 train_acc=0.4250 | val_loss=1.2483 val_acc=0.5000 | 
04-23 14:02:34 [LP epoch 14] train_loss=1.2492 train_acc=0.5500 | val_loss=1.2492 val_acc=0.5000 | 
04-23 14:02:34 [LP epoch 15] train_loss=1.2540 train_acc=0.4000 | val_loss=1.2438 val_acc=0.5000 | 
04-23 14:02:34 [LP epoch 16] train_loss=1.2556 train_acc=0.4750 | val_loss=1.2418 val_acc=0.2500 | 
04-23 14:02:34 [LP epoch 17] train_loss=1.2308 train_acc=0.5000 | val_loss=1.2494 val_acc=0.5000 | 
04-23 14:02:34 [LP epoch 18] train_loss=1.2103 train_acc=0.5000 | val_loss=1.2592 val_acc=0.5000 | 
04-23 14:02:35 [LP epoch 19] train_loss=1.2082 train_acc=0.5000 | val_loss=1.2805 val_acc=0.5000 | 
04-23 14:02:35 [LP epoch 20] train_loss=1.2073 train_acc=0.6000 | val_loss=1.3351 val_acc=0.5000 | 
04-23 14:02:35 [LP epoch 21] train_loss=1.2455 train_acc=0.5000 | val_loss=1.3338 val_acc=0.5000 | 
04-23 14:02:35 [LP epoch 22] train_loss=1.2180 train_acc=0.5000 | val_loss=1.2930 val_acc=0.5000 | 
04-23 14:02:35 [LP epoch 23] train_loss=1.2009 train_acc=0.5250 | val_loss=1.2357 val_acc=0.6000 | 
04-23 14:02:35 [LP epoch 24] train_loss=1.1485 train_acc=0.7250 | val_loss=1.2271 val_acc=0.5000 | 
04-23 14:02:35 [LP epoch 25] train_loss=1.1615 train_acc=0.6000 | val_loss=1.2156 val_acc=0.5000 | 
04-23 14:02:35 [LP epoch 26] train_loss=1.1518 train_acc=0.6000 | val_loss=1.1879 val_acc=0.5000 | 
04-23 14:02:35 [LP epoch 27] train_loss=1.1319 train_acc=0.6750 | val_loss=1.1740 val_acc=0.7250 | 
04-23 14:02:35 [LP epoch 28] train_loss=1.1208 train_acc=0.7500 | val_loss=1.1862 val_acc=0.7500 | 
04-23 14:02:35 [LP epoch 29] train_loss=1.1019 train_acc=0.7500 | val_loss=1.1768 val_acc=0.5000 | 
04-23 14:02:35 [LP epoch 30] train_loss=1.0892 train_acc=0.7500 | val_loss=1.1545 val_acc=0.5750 | 
04-23 14:02:35 [LP epoch 31] train_loss=1.0698 train_acc=0.7500 | val_loss=1.1189 val_acc=0.7500 | 
04-23 14:02:35 [LP epoch 32] train_loss=1.0374 train_acc=0.7500 | val_loss=1.1506 val_acc=0.5250 | 
04-23 14:02:35 [LP epoch 33] train_loss=1.0515 train_acc=0.7500 | val_loss=1.1428 val_acc=0.5000 | 
04-23 14:02:35 [LP epoch 34] train_loss=1.0499 train_acc=0.7500 | val_loss=1.1042 val_acc=0.7250 | 
04-23 14:02:35 [LP epoch 35] train_loss=1.0450 train_acc=0.7500 | val_loss=1.0742 val_acc=0.7500 | 
04-23 14:02:36 [LP epoch 36] train_loss=1.0252 train_acc=0.7250 | val_loss=1.0699 val_acc=0.7500 | 
04-23 14:02:36 [LP epoch 37] train_loss=1.0167 train_acc=0.8250 | val_loss=1.0625 val_acc=0.7500 | 
04-23 14:02:36 [LP epoch 38] train_loss=1.0265 train_acc=0.7250 | val_loss=1.0905 val_acc=0.6000 | 
04-23 14:02:36 [LP epoch 39] train_loss=0.9894 train_acc=0.8500 | val_loss=1.1023 val_acc=0.5750 | 
04-23 14:02:36 [LP epoch 40] train_loss=1.0168 train_acc=0.8000 | val_loss=1.0496 val_acc=0.7500 | 
04-23 14:02:36 [LP epoch 41] train_loss=0.9985 train_acc=0.9500 | val_loss=1.0467 val_acc=0.7500 | 
04-23 14:02:36 [LP epoch 42] train_loss=0.9699 train_acc=0.9500 | val_loss=1.0690 val_acc=0.7250 | 
04-23 14:02:36 [LP epoch 43] train_loss=0.9724 train_acc=0.9250 | val_loss=1.0621 val_acc=0.9250 | 
04-23 14:02:36 [LP epoch 44] train_loss=0.9748 train_acc=0.9500 | val_loss=1.0612 val_acc=0.8250 | 
04-23 14:02:36 [LP epoch 45] train_loss=0.9651 train_acc=0.9750 | val_loss=1.0609 val_acc=0.7250 | 
04-23 14:02:36 [LP epoch 46] train_loss=0.9442 train_acc=0.9750 | val_loss=1.0149 val_acc=0.7500 | 
04-23 14:02:36 [LP epoch 47] train_loss=0.9350 train_acc=0.9750 | val_loss=0.9834 val_acc=0.7500 | 
04-23 14:02:36 [LP epoch 48] train_loss=0.9441 train_acc=0.9750 | val_loss=0.9472 val_acc=0.8000 | 
04-23 14:02:36 [LP epoch 49] train_loss=0.9155 train_acc=0.9750 | val_loss=0.8983 val_acc=0.9250 | 
04-23 14:02:36 Saved linear-probe checkpoint: ./checkpoint\SSF_CWRU_0423-140218\linear_probe_best.pt (best_val_acc=0.9250)
04-23 14:02:37 TEST linear-probe: loss=0.9026 acc=0.9250
04-23 14:02:37 ================================================================================
04-23 14:02:37 RUN: aug=('gaussian', 'gaussian') hidden=128 latent=32 blocks=8 seed=1
04-23 14:02:37 model_name: SSF
04-23 14:02:37 data_name: CWRU
04-23 14:02:37 aug_1: gaussian
04-23 14:02:37 aug_2: gaussian
04-23 14:02:37 data_view: TwoViewDataset
04-23 14:02:37 data_dir: raw_data/CWRU
04-23 14:02:37 out_channel: 4
04-23 14:02:37 normlizetype: mean_std
04-23 14:02:37 processing_type: O_N
04-23 14:02:37 max_epoch: 50
04-23 14:02:37 classifier_epoch: 50
04-23 14:02:37 batch_size: 64
04-23 14:02:37 cuda_device: 0
04-23 14:02:37 checkpoint_dir: ./checkpoint
04-23 14:02:37 opt: sgd
04-23 14:02:37 lr: 0.05
04-23 14:02:37 momentum: 0.9
04-23 14:02:37 weight_decay: 0.0001
04-23 14:02:37 lr_scheduler: cos
04-23 14:02:37 gamma: 0.95
04-23 14:02:37 eta_min: 1e-05
04-23 14:02:37 latent_space: 32
04-23 14:02:37 num_blocks_ssf: 8
04-23 14:02:37 hidden_channel: 128
04-23 14:02:37 per_class_samples: 100
04-23 14:02:37 classifier_samples: 10
04-23 14:02:37 task: self_supervised
04-23 14:02:37 critetion: <class 'utils.loss_SSL.SimSiamLoss'>
04-23 14:02:37 using 1 gpus
04-23 14:02:37 Dataset class: <class 'data_utils.datasets.CWRU.CWRU'>
04-23 14:02:37 Split sizes: train=100 val=100 test=400, classier=40
04-23 14:02:37 Label counts train: Counter({0: 100})
04-23 14:02:37 Label counts val:   Counter({0: 100})
04-23 14:02:37 Label counts test:  Counter({2: 100, 1: 100, 3: 100, 0: 100})
04-23 14:02:37 Label counts classifier:  Counter({3: 10, 0: 10, 2: 10, 1: 10})
04-23 14:02:37 Label counts classifier validation:  Counter({0: 10, 2: 10, 1: 10, 3: 10})
04-23 14:02:37 -----Epoch 0/49-----
04-23 14:02:37 current lr: 0.05
04-23 14:02:37 Saved best checkpoint to ./checkpoint\SSF_CWRU_0423-140218\best_pt (val_loss=-0.3659)
04-23 14:02:37 Epoch 000 Train loss 0.0529 | Val loss -0.3659
04-23 14:02:37 -----Epoch 1/49-----
04-23 14:02:37 current lr: 0.0499507
04-23 14:02:37 Saved best checkpoint to ./checkpoint\SSF_CWRU_0423-140218\best_pt (val_loss=-0.5496)
04-23 14:02:37 Epoch 001 Train loss -0.3697 | Val loss -0.5496
04-23 14:02:37 -----Epoch 2/49-----
04-23 14:02:37 current lr: 0.0498029
04-23 14:02:37 Saved best checkpoint to ./checkpoint\SSF_CWRU_0423-140218\best_pt (val_loss=-0.5756)
04-23 14:02:37 Epoch 002 Train loss -0.8083 | Val loss -0.5756
04-23 14:02:37 -----Epoch 3/49-----
04-23 14:02:37 current lr: 0.0495573
04-23 14:02:37 Saved best checkpoint to ./checkpoint\SSF_CWRU_0423-140218\best_pt (val_loss=-0.6401)
04-23 14:02:37 Epoch 003 Train loss -0.9280 | Val loss -0.6401
04-23 14:02:37 -----Epoch 4/49-----
04-23 14:02:38 current lr: 0.0492147
04-23 14:02:38 Saved best checkpoint to ./checkpoint\SSF_CWRU_0423-140218\best_pt (val_loss=-0.7580)
04-23 14:02:38 Epoch 004 Train loss -0.9549 | Val loss -0.7580
04-23 14:02:38 -----Epoch 5/49-----
04-23 14:02:38 current lr: 0.0487767
04-23 14:02:38 Saved best checkpoint to ./checkpoint\SSF_CWRU_0423-140218\best_pt (val_loss=-0.8734)
04-23 14:02:38 Epoch 005 Train loss -0.9638 | Val loss -0.8734
04-23 14:02:38 -----Epoch 6/49-----
04-23 14:02:38 current lr: 0.0482448
04-23 14:02:38 Saved best checkpoint to ./checkpoint\SSF_CWRU_0423-140218\best_pt (val_loss=-0.9358)
04-23 14:02:38 Epoch 006 Train loss -0.9679 | Val loss -0.9358
04-23 14:02:38 -----Epoch 7/49-----
04-23 14:02:38 current lr: 0.0476212
04-23 14:02:38 Saved best checkpoint to ./checkpoint\SSF_CWRU_0423-140218\best_pt (val_loss=-0.9594)
04-23 14:02:38 Epoch 007 Train loss -0.9710 | Val loss -0.9594
04-23 14:02:38 -----Epoch 8/49-----
04-23 14:02:38 current lr: 0.0469083
04-23 14:02:38 Saved best checkpoint to ./checkpoint\SSF_CWRU_0423-140218\best_pt (val_loss=-0.9661)
04-23 14:02:38 Epoch 008 Train loss -0.9738 | Val loss -0.9661
04-23 14:02:38 -----Epoch 9/49-----
04-23 14:02:39 current lr: 0.046109
04-23 14:02:39 Saved best checkpoint to ./checkpoint\SSF_CWRU_0423-140218\best_pt (val_loss=-0.9688)
04-23 14:02:39 Epoch 009 Train loss -0.9761 | Val loss -0.9688
04-23 14:02:39 -----Epoch 10/49-----
04-23 14:02:39 current lr: 0.0452264
04-23 14:02:39 Saved best checkpoint to ./checkpoint\SSF_CWRU_0423-140218\best_pt (val_loss=-0.9708)
04-23 14:02:39 Epoch 010 Train loss -0.9779 | Val loss -0.9708
04-23 14:02:39 -----Epoch 11/49-----
04-23 14:02:39 current lr: 0.044264
04-23 14:02:39 Saved best checkpoint to ./checkpoint\SSF_CWRU_0423-140218\best_pt (val_loss=-0.9728)
04-23 14:02:39 Epoch 011 Train loss -0.9801 | Val loss -0.9728
04-23 14:02:39 -----Epoch 12/49-----
04-23 14:02:39 current lr: 0.0432256
04-23 14:02:39 Saved best checkpoint to ./checkpoint\SSF_CWRU_0423-140218\best_pt (val_loss=-0.9753)
04-23 14:02:39 Epoch 012 Train loss -0.9819 | Val loss -0.9753
04-23 14:02:39 -----Epoch 13/49-----
04-23 14:02:39 current lr: 0.0421153
04-23 14:02:39 Saved best checkpoint to ./checkpoint\SSF_CWRU_0423-140218\best_pt (val_loss=-0.9781)
04-23 14:02:39 Epoch 013 Train loss -0.9835 | Val loss -0.9781
04-23 14:02:39 -----Epoch 14/49-----
04-23 14:02:40 current lr: 0.0409374
04-23 14:02:40 Saved best checkpoint to ./checkpoint\SSF_CWRU_0423-140218\best_pt (val_loss=-0.9809)
04-23 14:02:40 Epoch 014 Train loss -0.9850 | Val loss -0.9809
04-23 14:02:40 -----Epoch 15/49-----
04-23 14:02:40 current lr: 0.0396967
04-23 14:02:40 Saved best checkpoint to ./checkpoint\SSF_CWRU_0423-140218\best_pt (val_loss=-0.9835)
04-23 14:02:40 Epoch 015 Train loss -0.9861 | Val loss -0.9835
04-23 14:02:40 -----Epoch 16/49-----
04-23 14:02:40 current lr: 0.038398
04-23 14:02:40 Saved best checkpoint to ./checkpoint\SSF_CWRU_0423-140218\best_pt (val_loss=-0.9857)
04-23 14:02:40 Epoch 016 Train loss -0.9874 | Val loss -0.9857
04-23 14:02:40 -----Epoch 17/49-----
04-23 14:02:40 current lr: 0.0370464
04-23 14:02:40 Saved best checkpoint to ./checkpoint\SSF_CWRU_0423-140218\best_pt (val_loss=-0.9874)
04-23 14:02:40 Epoch 017 Train loss -0.9882 | Val loss -0.9874
04-23 14:02:40 -----Epoch 18/49-----
04-23 14:02:40 current lr: 0.0356474
04-23 14:02:40 Saved best checkpoint to ./checkpoint\SSF_CWRU_0423-140218\best_pt (val_loss=-0.9886)
04-23 14:02:40 Epoch 018 Train loss -0.9893 | Val loss -0.9886
04-23 14:02:40 -----Epoch 19/49-----
04-23 14:02:41 current lr: 0.0342063
04-23 14:02:41 Saved best checkpoint to ./checkpoint\SSF_CWRU_0423-140218\best_pt (val_loss=-0.9896)
04-23 14:02:41 Epoch 019 Train loss -0.9901 | Val loss -0.9896
04-23 14:02:41 -----Epoch 20/49-----
04-23 14:02:41 current lr: 0.0327289
04-23 14:02:41 Saved best checkpoint to ./checkpoint\SSF_CWRU_0423-140218\best_pt (val_loss=-0.9904)
04-23 14:02:41 Epoch 020 Train loss -0.9910 | Val loss -0.9904
04-23 14:02:41 -----Epoch 21/49-----
04-23 14:02:41 current lr: 0.031221
04-23 14:02:41 Saved best checkpoint to ./checkpoint\SSF_CWRU_0423-140218\best_pt (val_loss=-0.9910)
04-23 14:02:41 Epoch 021 Train loss -0.9917 | Val loss -0.9910
04-23 14:02:41 -----Epoch 22/49-----
04-23 14:02:41 current lr: 0.0296886
04-23 14:02:41 Saved best checkpoint to ./checkpoint\SSF_CWRU_0423-140218\best_pt (val_loss=-0.9915)
04-23 14:02:41 Epoch 022 Train loss -0.9921 | Val loss -0.9915
04-23 14:02:41 -----Epoch 23/49-----
04-23 14:02:41 current lr: 0.0281377
04-23 14:02:41 Saved best checkpoint to ./checkpoint\SSF_CWRU_0423-140218\best_pt (val_loss=-0.9919)
04-23 14:02:41 Epoch 023 Train loss -0.9927 | Val loss -0.9919
04-23 14:02:41 -----Epoch 24/49-----
04-23 14:02:42 current lr: 0.0265744
04-23 14:02:42 Saved best checkpoint to ./checkpoint\SSF_CWRU_0423-140218\best_pt (val_loss=-0.9922)
04-23 14:02:42 Epoch 024 Train loss -0.9933 | Val loss -0.9922
04-23 14:02:42 -----Epoch 25/49-----
04-23 14:02:42 current lr: 0.025005
04-23 14:02:42 Saved best checkpoint to ./checkpoint\SSF_CWRU_0423-140218\best_pt (val_loss=-0.9925)
04-23 14:02:42 Epoch 025 Train loss -0.9935 | Val loss -0.9925
04-23 14:02:42 -----Epoch 26/49-----
04-23 14:02:42 current lr: 0.0234356
04-23 14:02:42 Saved best checkpoint to ./checkpoint\SSF_CWRU_0423-140218\best_pt (val_loss=-0.9928)
04-23 14:02:42 Epoch 026 Train loss -0.9938 | Val loss -0.9928
04-23 14:02:42 -----Epoch 27/49-----
04-23 14:02:42 current lr: 0.0218723
04-23 14:02:42 Saved best checkpoint to ./checkpoint\SSF_CWRU_0423-140218\best_pt (val_loss=-0.9930)
04-23 14:02:42 Epoch 027 Train loss -0.9942 | Val loss -0.9930
04-23 14:02:42 -----Epoch 28/49-----
04-23 14:02:42 current lr: 0.0203214
04-23 14:02:42 Saved best checkpoint to ./checkpoint\SSF_CWRU_0423-140218\best_pt (val_loss=-0.9932)
04-23 14:02:42 Epoch 028 Train loss -0.9944 | Val loss -0.9932
04-23 14:02:42 -----Epoch 29/49-----
04-23 14:02:43 current lr: 0.018789
04-23 14:02:43 Saved best checkpoint to ./checkpoint\SSF_CWRU_0423-140218\best_pt (val_loss=-0.9933)
04-23 14:02:43 Epoch 029 Train loss -0.9946 | Val loss -0.9933
04-23 14:02:43 -----Epoch 30/49-----
04-23 14:02:43 current lr: 0.0172811
04-23 14:02:43 Saved best checkpoint to ./checkpoint\SSF_CWRU_0423-140218\best_pt (val_loss=-0.9935)
04-23 14:02:43 Epoch 030 Train loss -0.9947 | Val loss -0.9935
04-23 14:02:43 -----Epoch 31/49-----
04-23 14:02:43 current lr: 0.0158037
04-23 14:02:43 Saved best checkpoint to ./checkpoint\SSF_CWRU_0423-140218\best_pt (val_loss=-0.9936)
04-23 14:02:43 Epoch 031 Train loss -0.9948 | Val loss -0.9936
04-23 14:02:43 -----Epoch 32/49-----
04-23 14:02:43 current lr: 0.0143626
04-23 14:02:43 Saved best checkpoint to ./checkpoint\SSF_CWRU_0423-140218\best_pt (val_loss=-0.9937)
04-23 14:02:43 Epoch 032 Train loss -0.9949 | Val loss -0.9937
04-23 14:02:43 -----Epoch 33/49-----
04-23 14:02:43 current lr: 0.0129636
04-23 14:02:43 Saved best checkpoint to ./checkpoint\SSF_CWRU_0423-140218\best_pt (val_loss=-0.9938)
04-23 14:02:43 Epoch 033 Train loss -0.9950 | Val loss -0.9938
04-23 14:02:43 -----Epoch 34/49-----
04-23 14:02:43 current lr: 0.011612
04-23 14:02:43 Saved best checkpoint to ./checkpoint\SSF_CWRU_0423-140218\best_pt (val_loss=-0.9939)
04-23 14:02:43 Epoch 034 Train loss -0.9951 | Val loss -0.9939
04-23 14:02:43 -----Epoch 35/49-----
04-23 14:02:44 current lr: 0.0103133
04-23 14:02:44 Saved best checkpoint to ./checkpoint\SSF_CWRU_0423-140218\best_pt (val_loss=-0.9939)
04-23 14:02:44 Epoch 035 Train loss -0.9952 | Val loss -0.9939
04-23 14:02:44 -----Epoch 36/49-----
04-23 14:02:44 current lr: 0.00907259
04-23 14:02:44 Saved best checkpoint to ./checkpoint\SSF_CWRU_0423-140218\best_pt (val_loss=-0.9940)
04-23 14:02:44 Epoch 036 Train loss -0.9953 | Val loss -0.9940
04-23 14:02:44 -----Epoch 37/49-----
04-23 14:02:44 current lr: 0.00789475
04-23 14:02:44 Saved best checkpoint to ./checkpoint\SSF_CWRU_0423-140218\best_pt (val_loss=-0.9940)
04-23 14:02:44 Epoch 037 Train loss -0.9952 | Val loss -0.9940
04-23 14:02:44 -----Epoch 38/49-----
04-23 14:02:44 current lr: 0.00678443
04-23 14:02:44 Saved best checkpoint to ./checkpoint\SSF_CWRU_0423-140218\best_pt (val_loss=-0.9940)
04-23 14:02:44 Epoch 038 Train loss -0.9953 | Val loss -0.9940
04-23 14:02:44 -----Epoch 39/49-----
04-23 14:02:44 current lr: 0.00574602
04-23 14:02:44 Saved best checkpoint to ./checkpoint\SSF_CWRU_0423-140218\best_pt (val_loss=-0.9941)
04-23 14:02:44 Epoch 039 Train loss -0.9953 | Val loss -0.9941
04-23 14:02:44 -----Epoch 40/49-----
04-23 14:02:45 current lr: 0.00478362
04-23 14:02:45 Saved best checkpoint to ./checkpoint\SSF_CWRU_0423-140218\best_pt (val_loss=-0.9941)
04-23 14:02:45 Epoch 040 Train loss -0.9953 | Val loss -0.9941
04-23 14:02:45 -----Epoch 41/49-----
04-23 14:02:45 current lr: 0.00390102
04-23 14:02:45 Saved best checkpoint to ./checkpoint\SSF_CWRU_0423-140218\best_pt (val_loss=-0.9941)
04-23 14:02:45 Epoch 041 Train loss -0.9953 | Val loss -0.9941
04-23 14:02:45 -----Epoch 42/49-----
04-23 14:02:45 current lr: 0.00310171
04-23 14:02:45 Saved best checkpoint to ./checkpoint\SSF_CWRU_0423-140218\best_pt (val_loss=-0.9941)
04-23 14:02:45 Epoch 042 Train loss -0.9954 | Val loss -0.9941
04-23 14:02:45 -----Epoch 43/49-----
04-23 14:02:45 current lr: 0.00238885
04-23 14:02:45 Saved best checkpoint to ./checkpoint\SSF_CWRU_0423-140218\best_pt (val_loss=-0.9941)
04-23 14:02:45 Epoch 043 Train loss -0.9955 | Val loss -0.9941
04-23 14:02:45 -----Epoch 44/49-----
04-23 14:02:45 current lr: 0.00176524
04-23 14:02:45 Saved best checkpoint to ./checkpoint\SSF_CWRU_0423-140218\best_pt (val_loss=-0.9941)
04-23 14:02:45 Epoch 044 Train loss -0.9954 | Val loss -0.9941
04-23 14:02:45 -----Epoch 45/49-----
04-23 14:02:46 current lr: 0.00123334
04-23 14:02:46 Saved best checkpoint to ./checkpoint\SSF_CWRU_0423-140218\best_pt (val_loss=-0.9941)
04-23 14:02:46 Epoch 045 Train loss -0.9955 | Val loss -0.9941
04-23 14:02:46 -----Epoch 46/49-----
04-23 14:02:46 current lr: 0.000795264
04-23 14:02:46 Saved best checkpoint to ./checkpoint\SSF_CWRU_0423-140218\best_pt (val_loss=-0.9941)
04-23 14:02:46 Epoch 046 Train loss -0.9954 | Val loss -0.9941
04-23 14:02:46 -----Epoch 47/49-----
04-23 14:02:46 current lr: 0.00045273
04-23 14:02:46 Saved best checkpoint to ./checkpoint\SSF_CWRU_0423-140218\best_pt (val_loss=-0.9941)
04-23 14:02:46 Epoch 047 Train loss -0.9954 | Val loss -0.9941
04-23 14:02:46 -----Epoch 48/49-----
04-23 14:02:46 current lr: 0.000207093
04-23 14:02:46 Saved best checkpoint to ./checkpoint\SSF_CWRU_0423-140218\best_pt (val_loss=-0.9941)
04-23 14:02:46 Epoch 048 Train loss -0.9955 | Val loss -0.9941
04-23 14:02:46 -----Epoch 49/49-----
04-23 14:02:46 current lr: 5.93219e-05
04-23 14:02:46 No improvement in val_loss for 1/10 epochs.
04-23 14:02:46 Epoch 049 Train loss -0.9955 | Val loss -0.9941
04-23 14:02:47 TEST (last): loss -0.9230
04-23 14:02:47 Loaded best checkpoint from ./checkpoint\SSF_CWRU_0423-140218\best_pt (val_loss=-0.9941424655914307)
04-23 14:02:47 TEST (best): loss -0.9230
04-23 14:02:47 Threshold: 0.22892302240834905
04-23 14:02:47 Binary accuracy: 0.995000
04-23 14:02:47 Confusion matrix:
[[ 98   2]
 [  0 300]]
04-23 14:02:47 Report:
              precision    recall  f1-score   support

      normal       1.00      0.98      0.99       100
     anomaly       0.99      1.00      1.00       300

    accuracy                           0.99       400
   macro avg       1.00      0.99      0.99       400
weighted avg       1.00      0.99      0.99       400

04-23 14:02:47 Rates: {1: 1.0, 2: 1.0, 3: 1.0}
04-23 14:02:47 [LP epoch 00] train_loss=1.3048 train_acc=0.2500 | val_loss=1.4923 val_acc=0.0000 | 
04-23 14:02:47 [LP epoch 01] train_loss=1.2792 train_acc=0.3000 | val_loss=1.4615 val_acc=0.0250 | 
04-23 14:02:47 [LP epoch 02] train_loss=1.2626 train_acc=0.3500 | val_loss=1.4344 val_acc=0.0750 | 
04-23 14:02:47 [LP epoch 03] train_loss=1.2554 train_acc=0.4250 | val_loss=1.4087 val_acc=0.3000 | 
04-23 14:02:47 [LP epoch 04] train_loss=1.2574 train_acc=0.4750 | val_loss=1.3830 val_acc=0.3250 | 
04-23 14:02:47 [LP epoch 05] train_loss=1.2513 train_acc=0.4750 | val_loss=1.3559 val_acc=0.3250 | 
04-23 14:02:47 [LP epoch 06] train_loss=1.2336 train_acc=0.4750 | val_loss=1.3309 val_acc=0.3250 | 
04-23 14:02:48 [LP epoch 07] train_loss=1.2210 train_acc=0.5000 | val_loss=1.3123 val_acc=0.3750 | 
04-23 14:02:48 [LP epoch 08] train_loss=1.2094 train_acc=0.5250 | val_loss=1.2927 val_acc=0.4750 | 
04-23 14:02:48 [LP epoch 09] train_loss=1.1939 train_acc=0.5000 | val_loss=1.2763 val_acc=0.4750 | 
04-23 14:02:48 [LP epoch 10] train_loss=1.1822 train_acc=0.5000 | val_loss=1.2550 val_acc=0.5000 | 
04-23 14:02:48 [LP epoch 11] train_loss=1.1737 train_acc=0.5000 | val_loss=1.2380 val_acc=0.5000 | 
04-23 14:02:48 [LP epoch 12] train_loss=1.1568 train_acc=0.5000 | val_loss=1.2220 val_acc=0.5000 | 
04-23 14:02:48 [LP epoch 13] train_loss=1.1492 train_acc=0.5000 | val_loss=1.2101 val_acc=0.5000 | 
04-23 14:02:48 [LP epoch 14] train_loss=1.1440 train_acc=0.5000 | val_loss=1.1994 val_acc=0.5000 | 
04-23 14:02:48 [LP epoch 15] train_loss=1.1407 train_acc=0.5000 | val_loss=1.1889 val_acc=0.5000 | 
04-23 14:02:48 [LP epoch 16] train_loss=1.1242 train_acc=0.5500 | val_loss=1.1872 val_acc=0.5000 | 
04-23 14:02:48 [LP epoch 17] train_loss=1.1239 train_acc=0.5750 | val_loss=1.1830 val_acc=0.5000 | 
04-23 14:02:48 [LP epoch 18] train_loss=1.1142 train_acc=0.6000 | val_loss=1.1767 val_acc=0.5000 | 
04-23 14:02:48 [LP epoch 19] train_loss=1.1026 train_acc=0.7250 | val_loss=1.1635 val_acc=0.5000 | 
04-23 14:02:48 [LP epoch 20] train_loss=1.0928 train_acc=0.7000 | val_loss=1.1488 val_acc=0.5000 | 
04-23 14:02:48 [LP epoch 21] train_loss=1.0875 train_acc=0.7250 | val_loss=1.1398 val_acc=0.5000 | 
04-23 14:02:48 [LP epoch 22] train_loss=1.0762 train_acc=0.7500 | val_loss=1.1398 val_acc=0.5000 | 
04-23 14:02:49 [LP epoch 23] train_loss=1.0814 train_acc=0.7000 | val_loss=1.1229 val_acc=0.5000 | 
04-23 14:02:49 [LP epoch 24] train_loss=1.0626 train_acc=0.7500 | val_loss=1.1228 val_acc=0.5000 | 
04-23 14:02:49 [LP epoch 25] train_loss=1.0457 train_acc=0.7500 | val_loss=1.1355 val_acc=0.5000 | 
04-23 14:02:49 [LP epoch 26] train_loss=1.0353 train_acc=0.7500 | val_loss=1.1436 val_acc=0.5000 | 
04-23 14:02:49 [LP epoch 27] train_loss=1.0323 train_acc=0.7500 | val_loss=1.1445 val_acc=0.5000 | 
04-23 14:02:49 [LP epoch 28] train_loss=1.0248 train_acc=0.7500 | val_loss=1.1326 val_acc=0.5000 | 
04-23 14:02:49 [LP epoch 29] train_loss=0.9987 train_acc=0.7500 | val_loss=1.0973 val_acc=0.5000 | 
04-23 14:02:49 [LP epoch 30] train_loss=0.9786 train_acc=0.7500 | val_loss=1.0526 val_acc=0.5000 | 
04-23 14:02:49 [LP epoch 31] train_loss=0.9607 train_acc=0.7500 | val_loss=1.0128 val_acc=0.5000 | 
04-23 14:02:49 [LP epoch 32] train_loss=0.9380 train_acc=0.7500 | val_loss=0.9809 val_acc=0.6500 | 
04-23 14:02:49 [LP epoch 33] train_loss=0.9372 train_acc=0.7500 | val_loss=0.9598 val_acc=0.7000 | 
04-23 14:02:49 [LP epoch 34] train_loss=0.9158 train_acc=0.7500 | val_loss=0.9628 val_acc=0.7000 | 
04-23 14:02:49 [LP epoch 35] train_loss=0.9036 train_acc=0.7500 | val_loss=0.9783 val_acc=0.6000 | 
04-23 14:02:49 [LP epoch 36] train_loss=0.8995 train_acc=0.7500 | val_loss=0.9843 val_acc=0.5750 | 
04-23 14:02:49 [LP epoch 37] train_loss=0.9010 train_acc=0.7500 | val_loss=0.9675 val_acc=0.7000 | 
04-23 14:02:49 [LP epoch 38] train_loss=0.9320 train_acc=0.7500 | val_loss=0.9293 val_acc=0.7500 | 
04-23 14:02:49 [LP epoch 39] train_loss=0.8900 train_acc=0.7500 | val_loss=0.9091 val_acc=0.7500 | 
04-23 14:02:50 [LP epoch 40] train_loss=0.8919 train_acc=0.7500 | val_loss=0.8886 val_acc=0.7500 | 
04-23 14:02:50 [LP epoch 41] train_loss=0.8807 train_acc=0.7500 | val_loss=0.8725 val_acc=0.7500 | 
04-23 14:02:50 [LP epoch 42] train_loss=0.8817 train_acc=0.7500 | val_loss=0.8504 val_acc=0.7500 | 
04-23 14:02:50 [LP epoch 43] train_loss=0.8625 train_acc=0.7500 | val_loss=0.8490 val_acc=0.7500 | 
04-23 14:02:50 [LP epoch 44] train_loss=0.8578 train_acc=0.7500 | val_loss=0.8558 val_acc=0.7500 | 
04-23 14:02:50 [LP epoch 45] train_loss=0.8703 train_acc=0.7500 | val_loss=0.8556 val_acc=0.7500 | 
04-23 14:02:50 [LP epoch 46] train_loss=0.8560 train_acc=0.7500 | val_loss=0.8509 val_acc=0.7500 | 
04-23 14:02:50 [LP epoch 47] train_loss=0.8540 train_acc=0.7500 | val_loss=0.8402 val_acc=0.7500 | 
04-23 14:02:50 [LP epoch 48] train_loss=0.8411 train_acc=0.7500 | val_loss=0.8418 val_acc=0.7500 | 
04-23 14:02:50 [LP epoch 49] train_loss=0.8262 train_acc=0.7500 | val_loss=0.8389 val_acc=0.7500 | 
04-23 14:02:50 Saved linear-probe checkpoint: ./checkpoint\SSF_CWRU_0423-140218\linear_probe_best.pt (best_val_acc=0.7500)
04-23 14:02:50 TEST linear-probe: loss=0.8527 acc=0.7500
04-23 14:02:50 ================================================================================
04-23 14:02:50 RUN: aug=('gaussian', 'gaussian') hidden=128 latent=32 blocks=8 seed=2
04-23 14:02:50 model_name: SSF
04-23 14:02:50 data_name: CWRU
04-23 14:02:50 aug_1: gaussian
04-23 14:02:50 aug_2: gaussian
04-23 14:02:50 data_view: TwoViewDataset
04-23 14:02:50 data_dir: raw_data/CWRU
04-23 14:02:50 out_channel: 4
04-23 14:02:50 normlizetype: mean_std
04-23 14:02:50 processing_type: O_N
04-23 14:02:50 max_epoch: 50
04-23 14:02:50 classifier_epoch: 50
04-23 14:02:50 batch_size: 64
04-23 14:02:50 cuda_device: 0
04-23 14:02:50 checkpoint_dir: ./checkpoint
04-23 14:02:50 opt: sgd
04-23 14:02:50 lr: 0.05
04-23 14:02:50 momentum: 0.9
04-23 14:02:50 weight_decay: 0.0001
04-23 14:02:50 lr_scheduler: cos
04-23 14:02:50 gamma: 0.95
04-23 14:02:50 eta_min: 1e-05
04-23 14:02:50 latent_space: 32
04-23 14:02:50 num_blocks_ssf: 8
04-23 14:02:50 hidden_channel: 128
04-23 14:02:50 per_class_samples: 100
04-23 14:02:50 classifier_samples: 10
04-23 14:02:50 task: self_supervised
04-23 14:02:50 critetion: <class 'utils.loss_SSL.SimSiamLoss'>
04-23 14:02:50 using 1 gpus
04-23 14:02:50 Dataset class: <class 'data_utils.datasets.CWRU.CWRU'>
04-23 14:02:50 Split sizes: train=100 val=100 test=400, classier=40
04-23 14:02:50 Label counts train: Counter({0: 100})
04-23 14:02:50 Label counts val:   Counter({0: 100})
04-23 14:02:50 Label counts test:  Counter({2: 100, 1: 100, 3: 100, 0: 100})
04-23 14:02:50 Label counts classifier:  Counter({0: 10, 1: 10, 2: 10, 3: 10})
04-23 14:02:50 Label counts classifier validation:  Counter({3: 10, 1: 10, 2: 10, 0: 10})
04-23 14:02:50 -----Epoch 0/49-----
04-23 14:02:51 current lr: 0.05
04-23 14:02:51 Saved best checkpoint to ./checkpoint\SSF_CWRU_0423-140218\best_pt (val_loss=-0.0361)
04-23 14:02:51 Epoch 000 Train loss -0.1585 | Val loss -0.0361
04-23 14:02:51 -----Epoch 1/49-----
04-23 14:02:51 current lr: 0.0499507
04-23 14:02:51 Saved best checkpoint to ./checkpoint\SSF_CWRU_0423-140218\best_pt (val_loss=-0.2624)
04-23 14:02:51 Epoch 001 Train loss -0.5548 | Val loss -0.2624
04-23 14:02:51 -----Epoch 2/49-----
04-23 14:02:51 current lr: 0.0498029
04-23 14:02:51 Saved best checkpoint to ./checkpoint\SSF_CWRU_0423-140218\best_pt (val_loss=-0.4497)
04-23 14:02:51 Epoch 002 Train loss -0.8333 | Val loss -0.4497
04-23 14:02:51 -----Epoch 3/49-----
04-23 14:02:51 current lr: 0.0495573
04-23 14:02:51 Saved best checkpoint to ./checkpoint\SSF_CWRU_0423-140218\best_pt (val_loss=-0.5863)
04-23 14:02:51 Epoch 003 Train loss -0.9280 | Val loss -0.5863
04-23 14:02:51 -----Epoch 4/49-----
04-23 14:02:51 current lr: 0.0492147
04-23 14:02:51 Saved best checkpoint to ./checkpoint\SSF_CWRU_0423-140218\best_pt (val_loss=-0.6888)
04-23 14:02:51 Epoch 004 Train loss -0.9493 | Val loss -0.6888
04-23 14:02:51 -----Epoch 5/49-----
04-23 14:02:52 current lr: 0.0487767
04-23 14:02:52 Saved best checkpoint to ./checkpoint\SSF_CWRU_0423-140218\best_pt (val_loss=-0.7744)
04-23 14:02:52 Epoch 005 Train loss -0.9558 | Val loss -0.7744
04-23 14:02:52 -----Epoch 6/49-----
04-23 14:02:52 current lr: 0.0482448
04-23 14:02:52 Saved best checkpoint to ./checkpoint\SSF_CWRU_0423-140218\best_pt (val_loss=-0.8536)
04-23 14:02:52 Epoch 006 Train loss -0.9595 | Val loss -0.8536
04-23 14:02:52 -----Epoch 7/49-----
04-23 14:02:52 current lr: 0.0476212
04-23 14:02:52 Saved best checkpoint to ./checkpoint\SSF_CWRU_0423-140218\best_pt (val_loss=-0.9097)
04-23 14:02:52 Epoch 007 Train loss -0.9623 | Val loss -0.9097
04-23 14:02:52 -----Epoch 8/49-----
04-23 14:02:52 current lr: 0.0469083
04-23 14:02:52 Saved best checkpoint to ./checkpoint\SSF_CWRU_0423-140218\best_pt (val_loss=-0.9404)
04-23 14:02:52 Epoch 008 Train loss -0.9647 | Val loss -0.9404
04-23 14:02:52 -----Epoch 9/49-----
04-23 14:02:52 current lr: 0.046109
04-23 14:02:52 Saved best checkpoint to ./checkpoint\SSF_CWRU_0423-140218\best_pt (val_loss=-0.9557)
04-23 14:02:52 Epoch 009 Train loss -0.9674 | Val loss -0.9557
04-23 14:02:52 -----Epoch 10/49-----
04-23 14:02:53 current lr: 0.0452264
04-23 14:02:53 Saved best checkpoint to ./checkpoint\SSF_CWRU_0423-140218\best_pt (val_loss=-0.9637)
04-23 14:02:53 Epoch 010 Train loss -0.9703 | Val loss -0.9637
04-23 14:02:53 -----Epoch 11/49-----
04-23 14:02:53 current lr: 0.044264
04-23 14:02:53 Saved best checkpoint to ./checkpoint\SSF_CWRU_0423-140218\best_pt (val_loss=-0.9682)
04-23 14:02:53 Epoch 011 Train loss -0.9730 | Val loss -0.9682
04-23 14:02:53 -----Epoch 12/49-----
04-23 14:02:53 current lr: 0.0432256
04-23 14:02:53 Saved best checkpoint to ./checkpoint\SSF_CWRU_0423-140218\best_pt (val_loss=-0.9701)
04-23 14:02:53 Epoch 012 Train loss -0.9760 | Val loss -0.9701
04-23 14:02:53 -----Epoch 13/49-----
04-23 14:02:53 current lr: 0.0421153
04-23 14:02:53 Saved best checkpoint to ./checkpoint\SSF_CWRU_0423-140218\best_pt (val_loss=-0.9710)
04-23 14:02:53 Epoch 013 Train loss -0.9785 | Val loss -0.9710
04-23 14:02:53 -----Epoch 14/49-----
04-23 14:02:53 current lr: 0.0409374
04-23 14:02:53 Saved best checkpoint to ./checkpoint\SSF_CWRU_0423-140218\best_pt (val_loss=-0.9712)
04-23 14:02:53 Epoch 014 Train loss -0.9806 | Val loss -0.9712
04-23 14:02:53 -----Epoch 15/49-----
04-23 14:02:54 current lr: 0.0396967
04-23 14:02:54 Saved best checkpoint to ./checkpoint\SSF_CWRU_0423-140218\best_pt (val_loss=-0.9716)
04-23 14:02:54 Epoch 015 Train loss -0.9820 | Val loss -0.9716
04-23 14:02:54 -----Epoch 16/49-----
04-23 14:02:54 current lr: 0.038398
04-23 14:02:54 Saved best checkpoint to ./checkpoint\SSF_CWRU_0423-140218\best_pt (val_loss=-0.9725)
04-23 14:02:54 Epoch 016 Train loss -0.9829 | Val loss -0.9725
04-23 14:02:54 -----Epoch 17/49-----
04-23 14:02:54 current lr: 0.0370464
04-23 14:02:54 Saved best checkpoint to ./checkpoint\SSF_CWRU_0423-140218\best_pt (val_loss=-0.9735)
04-23 14:02:54 Epoch 017 Train loss -0.9835 | Val loss -0.9735
04-23 14:02:54 -----Epoch 18/49-----
04-23 14:02:54 current lr: 0.0356474
04-23 14:02:54 Saved best checkpoint to ./checkpoint\SSF_CWRU_0423-140218\best_pt (val_loss=-0.9746)
04-23 14:02:54 Epoch 018 Train loss -0.9840 | Val loss -0.9746
04-23 14:02:54 -----Epoch 19/49-----
04-23 14:02:54 current lr: 0.0342063
04-23 14:02:54 Saved best checkpoint to ./checkpoint\SSF_CWRU_0423-140218\best_pt (val_loss=-0.9767)
04-23 14:02:54 Epoch 019 Train loss -0.9839 | Val loss -0.9767
04-23 14:02:54 -----Epoch 20/49-----
04-23 14:02:55 current lr: 0.0327289
04-23 14:02:55 Saved best checkpoint to ./checkpoint\SSF_CWRU_0423-140218\best_pt (val_loss=-0.9787)
04-23 14:02:55 Epoch 020 Train loss -0.9837 | Val loss -0.9787
04-23 14:02:55 -----Epoch 21/49-----
04-23 14:02:55 current lr: 0.031221
04-23 14:02:55 Saved best checkpoint to ./checkpoint\SSF_CWRU_0423-140218\best_pt (val_loss=-0.9799)
04-23 14:02:55 Epoch 021 Train loss -0.9845 | Val loss -0.9799
04-23 14:02:55 -----Epoch 22/49-----
04-23 14:02:55 current lr: 0.0296886
04-23 14:02:55 Saved best checkpoint to ./checkpoint\SSF_CWRU_0423-140218\best_pt (val_loss=-0.9807)
04-23 14:02:55 Epoch 022 Train loss -0.9857 | Val loss -0.9807
04-23 14:02:55 -----Epoch 23/49-----
04-23 14:02:55 current lr: 0.0281377
04-23 14:02:55 Saved best checkpoint to ./checkpoint\SSF_CWRU_0423-140218\best_pt (val_loss=-0.9823)
04-23 14:02:55 Epoch 023 Train loss -0.9868 | Val loss -0.9823
04-23 14:02:55 -----Epoch 24/49-----
04-23 14:02:55 current lr: 0.0265744
04-23 14:02:55 Saved best checkpoint to ./checkpoint\SSF_CWRU_0423-140218\best_pt (val_loss=-0.9842)
04-23 14:02:55 Epoch 024 Train loss -0.9876 | Val loss -0.9842
04-23 14:02:55 -----Epoch 25/49-----
04-23 14:02:56 current lr: 0.025005
04-23 14:02:56 Saved best checkpoint to ./checkpoint\SSF_CWRU_0423-140218\best_pt (val_loss=-0.9860)
04-23 14:02:56 Epoch 025 Train loss -0.9884 | Val loss -0.9860
04-23 14:02:56 -----Epoch 26/49-----
04-23 14:02:56 current lr: 0.0234356
04-23 14:02:56 Saved best checkpoint to ./checkpoint\SSF_CWRU_0423-140218\best_pt (val_loss=-0.9874)
04-23 14:02:56 Epoch 026 Train loss -0.9890 | Val loss -0.9874
04-23 14:02:56 -----Epoch 27/49-----
04-23 14:02:56 current lr: 0.0218723
04-23 14:02:56 Saved best checkpoint to ./checkpoint\SSF_CWRU_0423-140218\best_pt (val_loss=-0.9884)
04-23 14:02:56 Epoch 027 Train loss -0.9896 | Val loss -0.9884
04-23 14:02:56 -----Epoch 28/49-----
04-23 14:02:56 current lr: 0.0203214
04-23 14:02:56 Saved best checkpoint to ./checkpoint\SSF_CWRU_0423-140218\best_pt (val_loss=-0.9890)
04-23 14:02:56 Epoch 028 Train loss -0.9900 | Val loss -0.9890
04-23 14:02:56 -----Epoch 29/49-----
04-23 14:02:56 current lr: 0.018789
04-23 14:02:56 Saved best checkpoint to ./checkpoint\SSF_CWRU_0423-140218\best_pt (val_loss=-0.9894)
04-23 14:02:56 Epoch 029 Train loss -0.9904 | Val loss -0.9894
04-23 14:02:56 -----Epoch 30/49-----
04-23 14:02:57 current lr: 0.0172811
04-23 14:02:57 Saved best checkpoint to ./checkpoint\SSF_CWRU_0423-140218\best_pt (val_loss=-0.9897)
04-23 14:02:57 Epoch 030 Train loss -0.9908 | Val loss -0.9897
04-23 14:02:57 -----Epoch 31/49-----
04-23 14:02:57 current lr: 0.0158037
04-23 14:02:57 Saved best checkpoint to ./checkpoint\SSF_CWRU_0423-140218\best_pt (val_loss=-0.9899)
04-23 14:02:57 Epoch 031 Train loss -0.9911 | Val loss -0.9899
04-23 14:02:57 -----Epoch 32/49-----
04-23 14:02:57 current lr: 0.0143626
04-23 14:02:57 Saved best checkpoint to ./checkpoint\SSF_CWRU_0423-140218\best_pt (val_loss=-0.9901)
04-23 14:02:57 Epoch 032 Train loss -0.9914 | Val loss -0.9901
04-23 14:02:57 -----Epoch 33/49-----
04-23 14:02:57 current lr: 0.0129636
04-23 14:02:57 Saved best checkpoint to ./checkpoint\SSF_CWRU_0423-140218\best_pt (val_loss=-0.9903)
04-23 14:02:57 Epoch 033 Train loss -0.9916 | Val loss -0.9903
04-23 14:02:57 -----Epoch 34/49-----
04-23 14:02:57 current lr: 0.011612
04-23 14:02:57 Saved best checkpoint to ./checkpoint\SSF_CWRU_0423-140218\best_pt (val_loss=-0.9904)
04-23 14:02:57 Epoch 034 Train loss -0.9918 | Val loss -0.9904
04-23 14:02:57 -----Epoch 35/49-----
04-23 14:02:58 current lr: 0.0103133
04-23 14:02:58 Saved best checkpoint to ./checkpoint\SSF_CWRU_0423-140218\best_pt (val_loss=-0.9906)
04-23 14:02:58 Epoch 035 Train loss -0.9919 | Val loss -0.9906
04-23 14:02:58 -----Epoch 36/49-----
04-23 14:02:58 current lr: 0.00907259
04-23 14:02:58 Saved best checkpoint to ./checkpoint\SSF_CWRU_0423-140218\best_pt (val_loss=-0.9907)
04-23 14:02:58 Epoch 036 Train loss -0.9922 | Val loss -0.9907
04-23 14:02:58 -----Epoch 37/49-----
04-23 14:02:58 current lr: 0.00789475
04-23 14:02:58 Saved best checkpoint to ./checkpoint\SSF_CWRU_0423-140218\best_pt (val_loss=-0.9908)
04-23 14:02:58 Epoch 037 Train loss -0.9923 | Val loss -0.9908
04-23 14:02:58 -----Epoch 38/49-----
04-23 14:02:58 current lr: 0.00678443
04-23 14:02:58 Saved best checkpoint to ./checkpoint\SSF_CWRU_0423-140218\best_pt (val_loss=-0.9909)
04-23 14:02:58 Epoch 038 Train loss -0.9924 | Val loss -0.9909
04-23 14:02:58 -----Epoch 39/49-----
04-23 14:02:58 current lr: 0.00574602
04-23 14:02:58 Saved best checkpoint to ./checkpoint\SSF_CWRU_0423-140218\best_pt (val_loss=-0.9910)
04-23 14:02:58 Epoch 039 Train loss -0.9925 | Val loss -0.9910
04-23 14:02:58 -----Epoch 40/49-----
04-23 14:02:58 current lr: 0.00478362
04-23 14:02:59 Saved best checkpoint to ./checkpoint\SSF_CWRU_0423-140218\best_pt (val_loss=-0.9911)
04-23 14:02:59 Epoch 040 Train loss -0.9926 | Val loss -0.9911
04-23 14:02:59 -----Epoch 41/49-----
04-23 14:02:59 current lr: 0.00390102
04-23 14:02:59 Saved best checkpoint to ./checkpoint\SSF_CWRU_0423-140218\best_pt (val_loss=-0.9911)
04-23 14:02:59 Epoch 041 Train loss -0.9927 | Val loss -0.9911
04-23 14:02:59 -----Epoch 42/49-----
04-23 14:02:59 current lr: 0.00310171
04-23 14:02:59 Saved best checkpoint to ./checkpoint\SSF_CWRU_0423-140218\best_pt (val_loss=-0.9912)
04-23 14:02:59 Epoch 042 Train loss -0.9927 | Val loss -0.9912
04-23 14:02:59 -----Epoch 43/49-----
04-23 14:02:59 current lr: 0.00238885
04-23 14:02:59 Saved best checkpoint to ./checkpoint\SSF_CWRU_0423-140218\best_pt (val_loss=-0.9912)
04-23 14:02:59 Epoch 043 Train loss -0.9927 | Val loss -0.9912
04-23 14:02:59 -----Epoch 44/49-----
04-23 14:02:59 current lr: 0.00176524
04-23 14:02:59 Saved best checkpoint to ./checkpoint\SSF_CWRU_0423-140218\best_pt (val_loss=-0.9913)
04-23 14:02:59 Epoch 044 Train loss -0.9927 | Val loss -0.9913
04-23 14:02:59 -----Epoch 45/49-----
04-23 14:02:59 current lr: 0.00123334
04-23 14:03:00 Saved best checkpoint to ./checkpoint\SSF_CWRU_0423-140218\best_pt (val_loss=-0.9913)
04-23 14:03:00 Epoch 045 Train loss -0.9928 | Val loss -0.9913
04-23 14:03:00 -----Epoch 46/49-----
04-23 14:03:00 current lr: 0.000795264
04-23 14:03:00 Saved best checkpoint to ./checkpoint\SSF_CWRU_0423-140218\best_pt (val_loss=-0.9913)
04-23 14:03:00 Epoch 046 Train loss -0.9928 | Val loss -0.9913
04-23 14:03:00 -----Epoch 47/49-----
04-23 14:03:00 current lr: 0.00045273
04-23 14:03:00 Saved best checkpoint to ./checkpoint\SSF_CWRU_0423-140218\best_pt (val_loss=-0.9913)
04-23 14:03:00 Epoch 047 Train loss -0.9928 | Val loss -0.9913
04-23 14:03:00 -----Epoch 48/49-----
04-23 14:03:00 current lr: 0.000207093
04-23 14:03:00 Saved best checkpoint to ./checkpoint\SSF_CWRU_0423-140218\best_pt (val_loss=-0.9913)
04-23 14:03:00 Epoch 048 Train loss -0.9928 | Val loss -0.9913
04-23 14:03:00 -----Epoch 49/49-----
04-23 14:03:00 current lr: 5.93219e-05
04-23 14:03:00 Saved best checkpoint to ./checkpoint\SSF_CWRU_0423-140218\best_pt (val_loss=-0.9913)
04-23 14:03:00 Epoch 049 Train loss -0.9929 | Val loss -0.9913
04-23 14:03:01 TEST (last): loss -0.9443
04-23 14:03:01 Loaded best checkpoint from ./checkpoint\SSF_CWRU_0423-140218\best_pt (val_loss=-0.991322181224823)
04-23 14:03:01 TEST (best): loss -0.9443
04-23 14:03:01 Threshold: 0.2560205755527918
04-23 14:03:01 Binary accuracy: 0.995000
04-23 14:03:01 Confusion matrix:
[[ 98   2]
 [  0 300]]
04-23 14:03:01 Report:
              precision    recall  f1-score   support

      normal       1.00      0.98      0.99       100
     anomaly       0.99      1.00      1.00       300

    accuracy                           0.99       400
   macro avg       1.00      0.99      0.99       400
weighted avg       1.00      0.99      0.99       400

04-23 14:03:01 Rates: {1: 1.0, 2: 1.0, 3: 1.0}
04-23 14:03:01 [LP epoch 00] train_loss=1.4792 train_acc=0.1500 | val_loss=1.7473 val_acc=0.2500 | 
04-23 14:03:01 [LP epoch 01] train_loss=1.4545 train_acc=0.2500 | val_loss=1.6078 val_acc=0.2500 | 
04-23 14:03:01 [LP epoch 02] train_loss=1.4368 train_acc=0.2500 | val_loss=1.5500 val_acc=0.2500 | 
04-23 14:03:01 [LP epoch 03] train_loss=1.4269 train_acc=0.2500 | val_loss=1.5240 val_acc=0.2500 | 
04-23 14:03:01 [LP epoch 04] train_loss=1.4221 train_acc=0.2500 | val_loss=1.5126 val_acc=0.2500 | 
04-23 14:03:01 [LP epoch 05] train_loss=1.4118 train_acc=0.2500 | val_loss=1.5059 val_acc=0.2500 | 
04-23 14:03:01 [LP epoch 06] train_loss=1.4032 train_acc=0.2500 | val_loss=1.4966 val_acc=0.2500 | 
04-23 14:03:01 [LP epoch 07] train_loss=1.3889 train_acc=0.2500 | val_loss=1.4826 val_acc=0.2500 | 
04-23 14:03:02 [LP epoch 08] train_loss=1.3910 train_acc=0.4250 | val_loss=1.4701 val_acc=0.2500 | 
04-23 14:03:02 [LP epoch 09] train_loss=1.3767 train_acc=0.5000 | val_loss=1.4601 val_acc=0.0000 | 
04-23 14:03:02 [LP epoch 10] train_loss=1.3613 train_acc=0.5000 | val_loss=1.4432 val_acc=0.2500 | 
04-23 14:03:02 [LP epoch 11] train_loss=1.3696 train_acc=0.5000 | val_loss=1.4227 val_acc=0.2500 | 
04-23 14:03:02 [LP epoch 12] train_loss=1.3596 train_acc=0.4500 | val_loss=1.4050 val_acc=0.2500 | 
04-23 14:03:02 [LP epoch 13] train_loss=1.3569 train_acc=0.4000 | val_loss=1.3901 val_acc=0.2500 | 
04-23 14:03:02 [LP epoch 14] train_loss=1.3534 train_acc=0.3750 | val_loss=1.3785 val_acc=0.2500 | 
04-23 14:03:02 [LP epoch 15] train_loss=1.3568 train_acc=0.3250 | val_loss=1.3701 val_acc=0.2500 | 
04-23 14:03:02 [LP epoch 16] train_loss=1.3439 train_acc=0.3250 | val_loss=1.3641 val_acc=0.2500 | 
04-23 14:03:02 [LP epoch 17] train_loss=1.3569 train_acc=0.2500 | val_loss=1.3617 val_acc=0.2500 | 
04-23 14:03:02 [LP epoch 18] train_loss=1.3280 train_acc=0.3000 | val_loss=1.3596 val_acc=0.2500 | 
04-23 14:03:02 [LP epoch 19] train_loss=1.3231 train_acc=0.2500 | val_loss=1.3571 val_acc=0.2500 | 
04-23 14:03:02 [LP epoch 20] train_loss=1.3096 train_acc=0.3250 | val_loss=1.3507 val_acc=0.2500 | 
04-23 14:03:03 [LP epoch 21] train_loss=1.3072 train_acc=0.2500 | val_loss=1.3455 val_acc=0.2500 | 
04-23 14:03:03 [LP epoch 22] train_loss=1.3087 train_acc=0.2750 | val_loss=1.3327 val_acc=0.2500 | 
04-23 14:03:03 [LP epoch 23] train_loss=1.2976 train_acc=0.2500 | val_loss=1.3198 val_acc=0.2500 | 
04-23 14:03:03 [LP epoch 24] train_loss=1.2822 train_acc=0.3000 | val_loss=1.3029 val_acc=0.2500 | 
04-23 14:03:03 [LP epoch 25] train_loss=1.2978 train_acc=0.2750 | val_loss=1.2983 val_acc=0.2500 | 
04-23 14:03:03 [LP epoch 26] train_loss=1.2813 train_acc=0.2500 | val_loss=1.2996 val_acc=0.2500 | 
04-23 14:03:03 [LP epoch 27] train_loss=1.2828 train_acc=0.2750 | val_loss=1.3007 val_acc=0.2500 | 
04-23 14:03:03 [LP epoch 28] train_loss=1.2704 train_acc=0.2750 | val_loss=1.2982 val_acc=0.2500 | 
04-23 14:03:03 [LP epoch 29] train_loss=1.2596 train_acc=0.3250 | val_loss=1.2922 val_acc=0.2500 | 
04-23 14:03:03 [LP epoch 30] train_loss=1.2530 train_acc=0.3750 | val_loss=1.2882 val_acc=0.2500 | 
04-23 14:03:03 [LP epoch 31] train_loss=1.2325 train_acc=0.4250 | val_loss=1.2840 val_acc=0.2500 | 
04-23 14:03:03 [LP epoch 32] train_loss=1.2103 train_acc=0.5000 | val_loss=1.2814 val_acc=0.2500 | 
04-23 14:03:03 [LP epoch 33] train_loss=1.1788 train_acc=0.4750 | val_loss=1.2712 val_acc=0.2500 | 
04-23 14:03:03 [LP epoch 34] train_loss=1.1502 train_acc=0.5000 | val_loss=1.2558 val_acc=0.2500 | 
04-23 14:03:03 [LP epoch 35] train_loss=1.1460 train_acc=0.5000 | val_loss=1.2316 val_acc=0.2500 | 
04-23 14:03:03 [LP epoch 36] train_loss=1.1439 train_acc=0.5000 | val_loss=1.2234 val_acc=0.2500 | 
04-23 14:03:04 [LP epoch 37] train_loss=1.1379 train_acc=0.4500 | val_loss=1.2211 val_acc=0.2500 | 
04-23 14:03:04 [LP epoch 38] train_loss=1.1382 train_acc=0.5000 | val_loss=1.2185 val_acc=0.2500 | 
04-23 14:03:04 [LP epoch 39] train_loss=1.1364 train_acc=0.4750 | val_loss=1.2100 val_acc=0.2500 | 
04-23 14:03:04 [LP epoch 40] train_loss=1.1271 train_acc=0.5000 | val_loss=1.2060 val_acc=0.2500 | 
04-23 14:03:04 [LP epoch 41] train_loss=1.1204 train_acc=0.5000 | val_loss=1.2093 val_acc=0.2500 | 
04-23 14:03:04 [LP epoch 42] train_loss=1.1366 train_acc=0.4750 | val_loss=1.2050 val_acc=0.2500 | 
04-23 14:03:04 [LP epoch 43] train_loss=1.1077 train_acc=0.4750 | val_loss=1.1977 val_acc=0.2500 | 
04-23 14:03:04 [LP epoch 44] train_loss=1.1021 train_acc=0.5000 | val_loss=1.1880 val_acc=0.2750 | 
04-23 14:03:04 [LP epoch 45] train_loss=1.1032 train_acc=0.5000 | val_loss=1.1882 val_acc=0.2750 | 
04-23 14:03:04 [LP epoch 46] train_loss=1.0867 train_acc=0.5000 | val_loss=1.2058 val_acc=0.2500 | 
04-23 14:03:04 [LP epoch 47] train_loss=1.0909 train_acc=0.4750 | val_loss=1.1988 val_acc=0.2500 | 
04-23 14:03:04 [LP epoch 48] train_loss=1.0792 train_acc=0.5000 | val_loss=1.1548 val_acc=0.5000 | 
04-23 14:03:04 [LP epoch 49] train_loss=1.0880 train_acc=0.4750 | val_loss=1.1432 val_acc=0.5000 | 
04-23 14:03:04 Saved linear-probe checkpoint: ./checkpoint\SSF_CWRU_0423-140218\linear_probe_best.pt (best_val_acc=0.5000)
04-23 14:03:05 TEST linear-probe: loss=1.1290 acc=0.5000
04-23 14:03:06 ================================================================================
04-23 14:03:06 RUN: aug=('gaussian', 'gaussian') hidden=128 latent=64 blocks=8 seed=0
04-23 14:03:06 model_name: SSF
04-23 14:03:06 data_name: CWRU
04-23 14:03:06 aug_1: gaussian
04-23 14:03:06 aug_2: gaussian
04-23 14:03:06 data_view: TwoViewDataset
04-23 14:03:06 data_dir: raw_data/CWRU
04-23 14:03:06 out_channel: 4
04-23 14:03:06 normlizetype: mean_std
04-23 14:03:06 processing_type: O_N
04-23 14:03:06 max_epoch: 50
04-23 14:03:06 classifier_epoch: 50
04-23 14:03:06 batch_size: 64
04-23 14:03:06 cuda_device: 0
04-23 14:03:06 checkpoint_dir: ./checkpoint
04-23 14:03:06 opt: sgd
04-23 14:03:06 lr: 0.05
04-23 14:03:06 momentum: 0.9
04-23 14:03:06 weight_decay: 0.0001
04-23 14:03:06 lr_scheduler: cos
04-23 14:03:06 gamma: 0.95
04-23 14:03:06 eta_min: 1e-05
04-23 14:03:06 latent_space: 64
04-23 14:03:06 num_blocks_ssf: 8
04-23 14:03:06 hidden_channel: 128
04-23 14:03:06 per_class_samples: 100
04-23 14:03:06 classifier_samples: 10
04-23 14:03:06 task: self_supervised
04-23 14:03:06 critetion: <class 'utils.loss_SSL.SimSiamLoss'>
04-23 14:03:06 using 1 gpus
04-23 14:03:06 Dataset class: <class 'data_utils.datasets.CWRU.CWRU'>
04-23 14:03:07 Split sizes: train=100 val=100 test=400, classier=40
04-23 14:03:07 Label counts train: Counter({0: 100})
04-23 14:03:07 Label counts val:   Counter({0: 100})
04-23 14:03:07 Label counts test:  Counter({2: 100, 1: 100, 3: 100, 0: 100})
04-23 14:03:07 Label counts classifier:  Counter({2: 10, 3: 10, 0: 10, 1: 10})
04-23 14:03:07 Label counts classifier validation:  Counter({3: 10, 2: 10, 0: 10, 1: 10})
04-23 14:03:07 -----Epoch 0/49-----
04-23 14:03:07 current lr: 0.05
04-23 14:03:07 Saved best checkpoint to ./checkpoint\SSF_CWRU_0423-140218\best_pt (val_loss=-0.2118)
04-23 14:03:07 Epoch 000 Train loss -0.1835 | Val loss -0.2118
04-23 14:03:07 -----Epoch 1/49-----
04-23 14:03:07 current lr: 0.0499507
04-23 14:03:07 Saved best checkpoint to ./checkpoint\SSF_CWRU_0423-140218\best_pt (val_loss=-0.4477)
04-23 14:03:07 Epoch 001 Train loss -0.5603 | Val loss -0.4477
04-23 14:03:07 -----Epoch 2/49-----
04-23 14:03:07 current lr: 0.0498029
04-23 14:03:07 Saved best checkpoint to ./checkpoint\SSF_CWRU_0423-140218\best_pt (val_loss=-0.6040)
04-23 14:03:07 Epoch 002 Train loss -0.8505 | Val loss -0.6040
04-23 14:03:07 -----Epoch 3/49-----
04-23 14:03:07 current lr: 0.0495573
04-23 14:03:08 Saved best checkpoint to ./checkpoint\SSF_CWRU_0423-140218\best_pt (val_loss=-0.6947)
04-23 14:03:08 Epoch 003 Train loss -0.9368 | Val loss -0.6947
04-23 14:03:08 -----Epoch 4/49-----
04-23 14:03:08 current lr: 0.0492147
04-23 14:03:08 Saved best checkpoint to ./checkpoint\SSF_CWRU_0423-140218\best_pt (val_loss=-0.7366)
04-23 14:03:08 Epoch 004 Train loss -0.9552 | Val loss -0.7366
04-23 14:03:08 -----Epoch 5/49-----
04-23 14:03:08 current lr: 0.0487767
04-23 14:03:08 Saved best checkpoint to ./checkpoint\SSF_CWRU_0423-140218\best_pt (val_loss=-0.7966)
04-23 14:03:08 Epoch 005 Train loss -0.9577 | Val loss -0.7966
04-23 14:03:08 -----Epoch 6/49-----
04-23 14:03:08 current lr: 0.0482448
04-23 14:03:08 Saved best checkpoint to ./checkpoint\SSF_CWRU_0423-140218\best_pt (val_loss=-0.8670)
04-23 14:03:08 Epoch 006 Train loss -0.9580 | Val loss -0.8670
04-23 14:03:08 -----Epoch 7/49-----
04-23 14:03:08 current lr: 0.0476212
04-23 14:03:08 Saved best checkpoint to ./checkpoint\SSF_CWRU_0423-140218\best_pt (val_loss=-0.9149)
04-23 14:03:08 Epoch 007 Train loss -0.9596 | Val loss -0.9149
04-23 14:03:08 -----Epoch 8/49-----
04-23 14:03:08 current lr: 0.0469083
04-23 14:03:09 Saved best checkpoint to ./checkpoint\SSF_CWRU_0423-140218\best_pt (val_loss=-0.9407)
04-23 14:03:09 Epoch 008 Train loss -0.9621 | Val loss -0.9407
04-23 14:03:09 -----Epoch 9/49-----
04-23 14:03:09 current lr: 0.046109
04-23 14:03:09 Saved best checkpoint to ./checkpoint\SSF_CWRU_0423-140218\best_pt (val_loss=-0.9482)
04-23 14:03:09 Epoch 009 Train loss -0.9648 | Val loss -0.9482
04-23 14:03:09 -----Epoch 10/49-----
04-23 14:03:09 current lr: 0.0452264
04-23 14:03:09 Saved best checkpoint to ./checkpoint\SSF_CWRU_0423-140218\best_pt (val_loss=-0.9534)
04-23 14:03:09 Epoch 010 Train loss -0.9680 | Val loss -0.9534
04-23 14:03:09 -----Epoch 11/49-----
04-23 14:03:09 current lr: 0.044264
04-23 14:03:09 Saved best checkpoint to ./checkpoint\SSF_CWRU_0423-140218\best_pt (val_loss=-0.9589)
04-23 14:03:09 Epoch 011 Train loss -0.9714 | Val loss -0.9589
04-23 14:03:09 -----Epoch 12/49-----
04-23 14:03:09 current lr: 0.0432256
04-23 14:03:09 Saved best checkpoint to ./checkpoint\SSF_CWRU_0423-140218\best_pt (val_loss=-0.9638)
04-23 14:03:09 Epoch 012 Train loss -0.9746 | Val loss -0.9638
04-23 14:03:09 -----Epoch 13/49-----
04-23 14:03:09 current lr: 0.0421153
04-23 14:03:09 Saved best checkpoint to ./checkpoint\SSF_CWRU_0423-140218\best_pt (val_loss=-0.9679)
04-23 14:03:09 Epoch 013 Train loss -0.9776 | Val loss -0.9679
04-23 14:03:09 -----Epoch 14/49-----
04-23 14:03:10 current lr: 0.0409374
04-23 14:03:10 Saved best checkpoint to ./checkpoint\SSF_CWRU_0423-140218\best_pt (val_loss=-0.9711)
04-23 14:03:10 Epoch 014 Train loss -0.9800 | Val loss -0.9711
04-23 14:03:10 -----Epoch 15/49-----
04-23 14:03:10 current lr: 0.0396967
04-23 14:03:10 Saved best checkpoint to ./checkpoint\SSF_CWRU_0423-140218\best_pt (val_loss=-0.9735)
04-23 14:03:10 Epoch 015 Train loss -0.9820 | Val loss -0.9735
04-23 14:03:10 -----Epoch 16/49-----
04-23 14:03:10 current lr: 0.038398
04-23 14:03:10 Saved best checkpoint to ./checkpoint\SSF_CWRU_0423-140218\best_pt (val_loss=-0.9752)
04-23 14:03:10 Epoch 016 Train loss -0.9836 | Val loss -0.9752
04-23 14:03:10 -----Epoch 17/49-----
04-23 14:03:10 current lr: 0.0370464
04-23 14:03:10 Saved best checkpoint to ./checkpoint\SSF_CWRU_0423-140218\best_pt (val_loss=-0.9766)
04-23 14:03:10 Epoch 017 Train loss -0.9846 | Val loss -0.9766
04-23 14:03:10 -----Epoch 18/49-----
04-23 14:03:10 current lr: 0.0356474
04-23 14:03:11 Saved best checkpoint to ./checkpoint\SSF_CWRU_0423-140218\best_pt (val_loss=-0.9775)
04-23 14:03:11 Epoch 018 Train loss -0.9856 | Val loss -0.9775
04-23 14:03:11 -----Epoch 19/49-----
04-23 14:03:11 current lr: 0.0342063
04-23 14:03:11 Saved best checkpoint to ./checkpoint\SSF_CWRU_0423-140218\best_pt (val_loss=-0.9782)
04-23 14:03:11 Epoch 019 Train loss -0.9863 | Val loss -0.9782
04-23 14:03:11 -----Epoch 20/49-----
04-23 14:03:11 current lr: 0.0327289
04-23 14:03:11 Saved best checkpoint to ./checkpoint\SSF_CWRU_0423-140218\best_pt (val_loss=-0.9789)
04-23 14:03:11 Epoch 020 Train loss -0.9867 | Val loss -0.9789
04-23 14:03:11 -----Epoch 21/49-----
04-23 14:03:11 current lr: 0.031221
04-23 14:03:11 Saved best checkpoint to ./checkpoint\SSF_CWRU_0423-140218\best_pt (val_loss=-0.9797)
04-23 14:03:11 Epoch 021 Train loss -0.9869 | Val loss -0.9797
04-23 14:03:11 -----Epoch 22/49-----
04-23 14:03:11 current lr: 0.0296886
04-23 14:03:11 Saved best checkpoint to ./checkpoint\SSF_CWRU_0423-140218\best_pt (val_loss=-0.9809)
04-23 14:03:11 Epoch 022 Train loss -0.9873 | Val loss -0.9809
04-23 14:03:11 -----Epoch 23/49-----
04-23 14:03:11 current lr: 0.0281377
04-23 14:03:12 Saved best checkpoint to ./checkpoint\SSF_CWRU_0423-140218\best_pt (val_loss=-0.9827)
04-23 14:03:12 Epoch 023 Train loss -0.9876 | Val loss -0.9827
04-23 14:03:12 -----Epoch 24/49-----
04-23 14:03:12 current lr: 0.0265744
04-23 14:03:12 Saved best checkpoint to ./checkpoint\SSF_CWRU_0423-140218\best_pt (val_loss=-0.9847)
04-23 14:03:12 Epoch 024 Train loss -0.9879 | Val loss -0.9847
04-23 14:03:12 -----Epoch 25/49-----
04-23 14:03:12 current lr: 0.025005
04-23 14:03:12 Saved best checkpoint to ./checkpoint\SSF_CWRU_0423-140218\best_pt (val_loss=-0.9861)
04-23 14:03:12 Epoch 025 Train loss -0.9885 | Val loss -0.9861
04-23 14:03:12 -----Epoch 26/49-----
04-23 14:03:12 current lr: 0.0234356
04-23 14:03:12 Saved best checkpoint to ./checkpoint\SSF_CWRU_0423-140218\best_pt (val_loss=-0.9869)
04-23 14:03:12 Epoch 026 Train loss -0.9892 | Val loss -0.9869
04-23 14:03:12 -----Epoch 27/49-----
04-23 14:03:12 current lr: 0.0218723
04-23 14:03:12 Saved best checkpoint to ./checkpoint\SSF_CWRU_0423-140218\best_pt (val_loss=-0.9874)
04-23 14:03:12 Epoch 027 Train loss -0.9897 | Val loss -0.9874
04-23 14:03:12 -----Epoch 28/49-----
04-23 14:03:13 current lr: 0.0203214
04-23 14:03:13 Saved best checkpoint to ./checkpoint\SSF_CWRU_0423-140218\best_pt (val_loss=-0.9879)
04-23 14:03:13 Epoch 028 Train loss -0.9900 | Val loss -0.9879
04-23 14:03:13 -----Epoch 29/49-----
04-23 14:03:13 current lr: 0.018789
04-23 14:03:13 Saved best checkpoint to ./checkpoint\SSF_CWRU_0423-140218\best_pt (val_loss=-0.9885)
04-23 14:03:13 Epoch 029 Train loss -0.9905 | Val loss -0.9885
04-23 14:03:13 -----Epoch 30/49-----
04-23 14:03:13 current lr: 0.0172811
04-23 14:03:13 Saved best checkpoint to ./checkpoint\SSF_CWRU_0423-140218\best_pt (val_loss=-0.9891)
04-23 14:03:13 Epoch 030 Train loss -0.9908 | Val loss -0.9891
04-23 14:03:13 -----Epoch 31/49-----
04-23 14:03:13 current lr: 0.0158037
04-23 14:03:13 Saved best checkpoint to ./checkpoint\SSF_CWRU_0423-140218\best_pt (val_loss=-0.9896)
04-23 14:03:13 Epoch 031 Train loss -0.9911 | Val loss -0.9896
04-23 14:03:13 -----Epoch 32/49-----
04-23 14:03:13 current lr: 0.0143626
04-23 14:03:13 Saved best checkpoint to ./checkpoint\SSF_CWRU_0423-140218\best_pt (val_loss=-0.9900)
04-23 14:03:13 Epoch 032 Train loss -0.9914 | Val loss -0.9900
04-23 14:03:13 -----Epoch 33/49-----
04-23 14:03:14 current lr: 0.0129636
04-23 14:03:14 Saved best checkpoint to ./checkpoint\SSF_CWRU_0423-140218\best_pt (val_loss=-0.9903)
04-23 14:03:14 Epoch 033 Train loss -0.9916 | Val loss -0.9903
04-23 14:03:14 -----Epoch 34/49-----
04-23 14:03:14 current lr: 0.011612
04-23 14:03:14 Saved best checkpoint to ./checkpoint\SSF_CWRU_0423-140218\best_pt (val_loss=-0.9905)
04-23 14:03:14 Epoch 034 Train loss -0.9918 | Val loss -0.9905
04-23 14:03:14 -----Epoch 35/49-----
04-23 14:03:14 current lr: 0.0103133
04-23 14:03:14 Saved best checkpoint to ./checkpoint\SSF_CWRU_0423-140218\best_pt (val_loss=-0.9907)
04-23 14:03:14 Epoch 035 Train loss -0.9920 | Val loss -0.9907
04-23 14:03:14 -----Epoch 36/49-----
04-23 14:03:14 current lr: 0.00907259
04-23 14:03:14 Saved best checkpoint to ./checkpoint\SSF_CWRU_0423-140218\best_pt (val_loss=-0.9908)
04-23 14:03:14 Epoch 036 Train loss -0.9920 | Val loss -0.9908
04-23 14:03:14 -----Epoch 37/49-----
04-23 14:03:14 current lr: 0.00789475
04-23 14:03:14 Saved best checkpoint to ./checkpoint\SSF_CWRU_0423-140218\best_pt (val_loss=-0.9909)
04-23 14:03:14 Epoch 037 Train loss -0.9922 | Val loss -0.9909
04-23 14:03:14 -----Epoch 38/49-----
04-23 14:03:15 current lr: 0.00678443
04-23 14:03:15 Saved best checkpoint to ./checkpoint\SSF_CWRU_0423-140218\best_pt (val_loss=-0.9910)
04-23 14:03:15 Epoch 038 Train loss -0.9923 | Val loss -0.9910
04-23 14:03:15 -----Epoch 39/49-----
04-23 14:03:15 current lr: 0.00574602
04-23 14:03:15 Saved best checkpoint to ./checkpoint\SSF_CWRU_0423-140218\best_pt (val_loss=-0.9911)
04-23 14:03:15 Epoch 039 Train loss -0.9924 | Val loss -0.9911
04-23 14:03:15 -----Epoch 40/49-----
04-23 14:03:15 current lr: 0.00478362
04-23 14:03:15 Saved best checkpoint to ./checkpoint\SSF_CWRU_0423-140218\best_pt (val_loss=-0.9911)
04-23 14:03:15 Epoch 040 Train loss -0.9925 | Val loss -0.9911
04-23 14:03:15 -----Epoch 41/49-----
04-23 14:03:15 current lr: 0.00390102
04-23 14:03:15 Saved best checkpoint to ./checkpoint\SSF_CWRU_0423-140218\best_pt (val_loss=-0.9912)
04-23 14:03:15 Epoch 041 Train loss -0.9925 | Val loss -0.9912
04-23 14:03:15 -----Epoch 42/49-----
04-23 14:03:15 current lr: 0.00310171
04-23 14:03:15 Saved best checkpoint to ./checkpoint\SSF_CWRU_0423-140218\best_pt (val_loss=-0.9912)
04-23 14:03:15 Epoch 042 Train loss -0.9926 | Val loss -0.9912
04-23 14:03:15 -----Epoch 43/49-----
04-23 14:03:16 current lr: 0.00238885
04-23 14:03:16 Saved best checkpoint to ./checkpoint\SSF_CWRU_0423-140218\best_pt (val_loss=-0.9912)
04-23 14:03:16 Epoch 043 Train loss -0.9926 | Val loss -0.9912
04-23 14:03:16 -----Epoch 44/49-----
04-23 14:03:16 current lr: 0.00176524
04-23 14:03:16 Saved best checkpoint to ./checkpoint\SSF_CWRU_0423-140218\best_pt (val_loss=-0.9913)
04-23 14:03:16 Epoch 044 Train loss -0.9926 | Val loss -0.9913
04-23 14:03:16 -----Epoch 45/49-----
04-23 14:03:16 current lr: 0.00123334
04-23 14:03:16 Saved best checkpoint to ./checkpoint\SSF_CWRU_0423-140218\best_pt (val_loss=-0.9913)
04-23 14:03:16 Epoch 045 Train loss -0.9927 | Val loss -0.9913
04-23 14:03:16 -----Epoch 46/49-----
04-23 14:03:16 current lr: 0.000795264
04-23 14:03:16 Saved best checkpoint to ./checkpoint\SSF_CWRU_0423-140218\best_pt (val_loss=-0.9913)
04-23 14:03:16 Epoch 046 Train loss -0.9926 | Val loss -0.9913
04-23 14:03:16 -----Epoch 47/49-----
04-23 14:03:16 current lr: 0.00045273
04-23 14:03:17 Saved best checkpoint to ./checkpoint\SSF_CWRU_0423-140218\best_pt (val_loss=-0.9913)
04-23 14:03:17 Epoch 047 Train loss -0.9927 | Val loss -0.9913
04-23 14:03:17 -----Epoch 48/49-----
04-23 14:03:17 current lr: 0.000207093
04-23 14:03:17 No improvement in val_loss for 1/10 epochs.
04-23 14:03:17 Epoch 048 Train loss -0.9926 | Val loss -0.9913
04-23 14:03:17 -----Epoch 49/49-----
04-23 14:03:17 current lr: 5.93219e-05
04-23 14:03:17 Saved best checkpoint to ./checkpoint\SSF_CWRU_0423-140218\best_pt (val_loss=-0.9913)
04-23 14:03:17 Epoch 049 Train loss -0.9928 | Val loss -0.9913
04-23 14:03:17 TEST (last): loss -0.9078
04-23 14:03:17 Loaded best checkpoint from ./checkpoint\SSF_CWRU_0423-140218\best_pt (val_loss=-0.9912915539741516)
04-23 14:03:17 TEST (best): loss -0.9078
04-23 14:03:18 Threshold: 0.3754308922297587
04-23 14:03:18 Binary accuracy: 1.000000
04-23 14:03:18 Confusion matrix:
[[100   0]
 [  0 300]]
04-23 14:03:18 Report:
              precision    recall  f1-score   support

      normal       1.00      1.00      1.00       100
     anomaly       1.00      1.00      1.00       300

    accuracy                           1.00       400
   macro avg       1.00      1.00      1.00       400
weighted avg       1.00      1.00      1.00       400

04-23 14:03:18 Rates: {1: 1.0, 2: 1.0, 3: 1.0}
04-23 14:03:18 [LP epoch 00] train_loss=1.1520 train_acc=0.6500 | val_loss=1.3927 val_acc=0.4250 | 
04-23 14:03:18 [LP epoch 01] train_loss=1.1179 train_acc=0.7500 | val_loss=1.3310 val_acc=0.4250 | 
04-23 14:03:18 [LP epoch 02] train_loss=1.0977 train_acc=0.7500 | val_loss=1.2819 val_acc=0.4750 | 
04-23 14:03:18 [LP epoch 03] train_loss=1.1007 train_acc=0.7250 | val_loss=1.2384 val_acc=0.5000 | 
04-23 14:03:18 [LP epoch 04] train_loss=1.0760 train_acc=0.7500 | val_loss=1.2059 val_acc=0.5000 | 
04-23 14:03:18 [LP epoch 05] train_loss=1.0528 train_acc=0.7500 | val_loss=1.1884 val_acc=0.5000 | 
04-23 14:03:18 [LP epoch 06] train_loss=1.0601 train_acc=0.7000 | val_loss=1.1928 val_acc=0.5000 | 
04-23 14:03:18 [LP epoch 07] train_loss=1.0200 train_acc=0.7000 | val_loss=1.1735 val_acc=0.5000 | 
04-23 14:03:18 [LP epoch 08] train_loss=0.9643 train_acc=0.7500 | val_loss=1.1590 val_acc=0.5250 | 
04-23 14:03:18 [LP epoch 09] train_loss=0.9557 train_acc=0.7500 | val_loss=1.1619 val_acc=0.7500 | 
04-23 14:03:18 [LP epoch 10] train_loss=0.9473 train_acc=0.7500 | val_loss=1.1636 val_acc=0.7500 | 
04-23 14:03:19 [LP epoch 11] train_loss=0.9016 train_acc=0.7500 | val_loss=1.1602 val_acc=0.5750 | 
04-23 14:03:19 [LP epoch 12] train_loss=0.8664 train_acc=0.7250 | val_loss=1.1525 val_acc=0.5000 | 
04-23 14:03:19 [LP epoch 13] train_loss=0.8724 train_acc=0.7500 | val_loss=1.0899 val_acc=0.6500 | 
04-23 14:03:19 [LP epoch 14] train_loss=0.8792 train_acc=0.7500 | val_loss=1.0468 val_acc=0.7500 | 
04-23 14:03:19 [LP epoch 15] train_loss=0.8850 train_acc=0.7500 | val_loss=1.0151 val_acc=0.7500 | 
04-23 14:03:19 [LP epoch 16] train_loss=0.8531 train_acc=0.7500 | val_loss=1.0018 val_acc=0.7500 | 
04-23 14:03:19 [LP epoch 17] train_loss=0.8343 train_acc=0.7500 | val_loss=0.9677 val_acc=0.7500 | 
04-23 14:03:19 [LP epoch 18] train_loss=0.7982 train_acc=0.7500 | val_loss=0.9389 val_acc=0.7500 | 
04-23 14:03:19 [LP epoch 19] train_loss=0.8078 train_acc=0.7500 | val_loss=0.9043 val_acc=0.7500 | 
04-23 14:03:19 [LP epoch 20] train_loss=0.7873 train_acc=0.7500 | val_loss=0.8739 val_acc=0.7500 | 
04-23 14:03:20 [LP epoch 21] train_loss=0.7630 train_acc=0.7500 | val_loss=0.8835 val_acc=0.7500 | 
04-23 14:03:20 [LP epoch 22] train_loss=0.7553 train_acc=0.7500 | val_loss=0.8730 val_acc=0.7500 | 
04-23 14:03:20 [LP epoch 23] train_loss=0.7586 train_acc=0.7500 | val_loss=0.8709 val_acc=0.7500 | 
04-23 14:03:20 [LP epoch 24] train_loss=0.7487 train_acc=0.7500 | val_loss=0.8541 val_acc=0.7500 | 
04-23 14:03:20 [LP epoch 25] train_loss=0.7388 train_acc=0.7500 | val_loss=0.8517 val_acc=0.7500 | 
04-23 14:03:20 [LP epoch 26] train_loss=0.7451 train_acc=0.7500 | val_loss=0.8454 val_acc=0.7500 | 
04-23 14:03:20 [LP epoch 27] train_loss=0.7254 train_acc=0.7500 | val_loss=0.8449 val_acc=0.7500 | 
04-23 14:03:20 [LP epoch 28] train_loss=0.7161 train_acc=0.7500 | val_loss=0.8376 val_acc=0.7500 | 
04-23 14:03:20 [LP epoch 29] train_loss=0.7054 train_acc=0.7500 | val_loss=0.8378 val_acc=0.7500 | 
04-23 14:03:20 [LP epoch 30] train_loss=0.7089 train_acc=0.8000 | val_loss=0.8493 val_acc=0.7500 | 
04-23 14:03:20 [LP epoch 31] train_loss=0.7088 train_acc=0.7500 | val_loss=0.8016 val_acc=0.7500 | 
04-23 14:03:20 [LP epoch 32] train_loss=0.7329 train_acc=0.7500 | val_loss=0.7618 val_acc=0.7500 | 
04-23 14:03:21 [LP epoch 33] train_loss=0.6896 train_acc=0.7500 | val_loss=0.7413 val_acc=0.7500 | 
04-23 14:03:21 [LP epoch 34] train_loss=0.6877 train_acc=0.8000 | val_loss=0.7128 val_acc=0.7500 | 
04-23 14:03:21 [LP epoch 35] train_loss=0.7031 train_acc=0.7750 | val_loss=0.7201 val_acc=0.7500 | 
04-23 14:03:21 [LP epoch 36] train_loss=0.6840 train_acc=0.7500 | val_loss=0.7572 val_acc=0.7750 | 
04-23 14:03:21 [LP epoch 37] train_loss=0.6759 train_acc=0.7500 | val_loss=0.7355 val_acc=0.7750 | 
04-23 14:03:21 [LP epoch 38] train_loss=0.6767 train_acc=0.7750 | val_loss=0.6879 val_acc=0.7500 | 
04-23 14:03:21 [LP epoch 39] train_loss=0.7027 train_acc=0.8000 | val_loss=0.6664 val_acc=0.7500 | 
04-23 14:03:21 [LP epoch 40] train_loss=0.7907 train_acc=0.7500 | val_loss=0.7203 val_acc=0.7500 | 
04-23 14:03:21 [LP epoch 41] train_loss=0.6643 train_acc=0.7500 | val_loss=0.8556 val_acc=0.7500 | 
04-23 14:03:21 [LP epoch 42] train_loss=0.6818 train_acc=0.8000 | val_loss=0.9049 val_acc=0.7500 | 
04-23 14:03:21 [LP epoch 43] train_loss=0.6900 train_acc=0.7500 | val_loss=0.8383 val_acc=0.7500 | 
04-23 14:03:21 [LP epoch 44] train_loss=0.6756 train_acc=0.7750 | val_loss=0.7283 val_acc=0.7500 | 
04-23 14:03:22 [LP epoch 45] train_loss=0.6920 train_acc=0.7500 | val_loss=0.7285 val_acc=0.7750 | 
04-23 14:03:22 [LP epoch 46] train_loss=0.6413 train_acc=0.8000 | val_loss=0.7780 val_acc=0.7500 | 
04-23 14:03:22 [LP epoch 47] train_loss=0.6404 train_acc=0.8500 | val_loss=0.7853 val_acc=0.7500 | 
04-23 14:03:22 [LP epoch 48] train_loss=0.6640 train_acc=0.7500 | val_loss=0.7457 val_acc=0.8000 | 
04-23 14:03:22 [LP epoch 49] train_loss=0.6353 train_acc=0.8500 | val_loss=0.6765 val_acc=0.9250 | 
04-23 14:03:22 Saved linear-probe checkpoint: ./checkpoint\SSF_CWRU_0423-140218\linear_probe_best.pt (best_val_acc=0.9250)
04-23 14:03:22 TEST linear-probe: loss=0.6766 acc=0.9150
04-23 14:03:22 ================================================================================
04-23 14:03:22 RUN: aug=('gaussian', 'gaussian') hidden=128 latent=64 blocks=8 seed=1
04-23 14:03:22 model_name: SSF
04-23 14:03:22 data_name: CWRU
04-23 14:03:22 aug_1: gaussian
04-23 14:03:22 aug_2: gaussian
04-23 14:03:22 data_view: TwoViewDataset
04-23 14:03:22 data_dir: raw_data/CWRU
04-23 14:03:22 out_channel: 4
04-23 14:03:22 normlizetype: mean_std
04-23 14:03:22 processing_type: O_N
04-23 14:03:22 max_epoch: 50
04-23 14:03:22 classifier_epoch: 50
04-23 14:03:22 batch_size: 64
04-23 14:03:22 cuda_device: 0
04-23 14:03:22 checkpoint_dir: ./checkpoint
04-23 14:03:22 opt: sgd
04-23 14:03:22 lr: 0.05
04-23 14:03:22 momentum: 0.9
04-23 14:03:22 weight_decay: 0.0001
04-23 14:03:22 lr_scheduler: cos
04-23 14:03:22 gamma: 0.95
04-23 14:03:22 eta_min: 1e-05
04-23 14:03:22 latent_space: 64
04-23 14:03:22 num_blocks_ssf: 8
04-23 14:03:22 hidden_channel: 128
04-23 14:03:22 per_class_samples: 100
04-23 14:03:22 classifier_samples: 10
04-23 14:03:22 task: self_supervised
04-23 14:03:22 critetion: <class 'utils.loss_SSL.SimSiamLoss'>
04-23 14:03:22 using 1 gpus
04-23 14:03:22 Dataset class: <class 'data_utils.datasets.CWRU.CWRU'>
04-23 14:03:22 Split sizes: train=100 val=100 test=400, classier=40
04-23 14:03:22 Label counts train: Counter({0: 100})
04-23 14:03:22 Label counts val:   Counter({0: 100})
04-23 14:03:22 Label counts test:  Counter({2: 100, 1: 100, 3: 100, 0: 100})
04-23 14:03:22 Label counts classifier:  Counter({0: 10, 1: 10, 3: 10, 2: 10})
04-23 14:03:22 Label counts classifier validation:  Counter({3: 10, 2: 10, 0: 10, 1: 10})
04-23 14:03:22 -----Epoch 0/49-----
04-23 14:03:23 current lr: 0.05
04-23 14:03:23 Saved best checkpoint to ./checkpoint\SSF_CWRU_0423-140218\best_pt (val_loss=-0.1489)
04-23 14:03:23 Epoch 000 Train loss -0.1160 | Val loss -0.1489
04-23 14:03:23 -----Epoch 1/49-----
04-23 14:03:23 current lr: 0.0499507
04-23 14:03:23 Saved best checkpoint to ./checkpoint\SSF_CWRU_0423-140218\best_pt (val_loss=-0.4718)
04-23 14:03:23 Epoch 001 Train loss -0.4848 | Val loss -0.4718
04-23 14:03:23 -----Epoch 2/49-----
04-23 14:03:23 current lr: 0.0498029
04-23 14:03:23 Saved best checkpoint to ./checkpoint\SSF_CWRU_0423-140218\best_pt (val_loss=-0.6296)
04-23 14:03:23 Epoch 002 Train loss -0.8054 | Val loss -0.6296
04-23 14:03:23 -----Epoch 3/49-----
04-23 14:03:23 current lr: 0.0495573
04-23 14:03:23 Saved best checkpoint to ./checkpoint\SSF_CWRU_0423-140218\best_pt (val_loss=-0.6981)
04-23 14:03:23 Epoch 003 Train loss -0.9199 | Val loss -0.6981
04-23 14:03:23 -----Epoch 4/49-----
04-23 14:03:24 current lr: 0.0492147
04-23 14:03:24 Saved best checkpoint to ./checkpoint\SSF_CWRU_0423-140218\best_pt (val_loss=-0.7407)
04-23 14:03:24 Epoch 004 Train loss -0.9502 | Val loss -0.7407
04-23 14:03:24 -----Epoch 5/49-----
04-23 14:03:24 current lr: 0.0487767
04-23 14:03:24 Saved best checkpoint to ./checkpoint\SSF_CWRU_0423-140218\best_pt (val_loss=-0.7980)
04-23 14:03:24 Epoch 005 Train loss -0.9577 | Val loss -0.7980
04-23 14:03:24 -----Epoch 6/49-----
04-23 14:03:24 current lr: 0.0482448
04-23 14:03:24 Saved best checkpoint to ./checkpoint\SSF_CWRU_0423-140218\best_pt (val_loss=-0.8643)
04-23 14:03:24 Epoch 006 Train loss -0.9588 | Val loss -0.8643
04-23 14:03:24 -----Epoch 7/49-----
04-23 14:03:24 current lr: 0.0476212
04-23 14:03:24 Saved best checkpoint to ./checkpoint\SSF_CWRU_0423-140218\best_pt (val_loss=-0.9151)
04-23 14:03:24 Epoch 007 Train loss -0.9603 | Val loss -0.9151
04-23 14:03:24 -----Epoch 8/49-----
04-23 14:03:25 current lr: 0.0469083
04-23 14:03:25 Saved best checkpoint to ./checkpoint\SSF_CWRU_0423-140218\best_pt (val_loss=-0.9463)
04-23 14:03:25 Epoch 008 Train loss -0.9628 | Val loss -0.9463
04-23 14:03:25 -----Epoch 9/49-----
04-23 14:03:25 current lr: 0.046109
04-23 14:03:25 Saved best checkpoint to ./checkpoint\SSF_CWRU_0423-140218\best_pt (val_loss=-0.9629)
04-23 14:03:25 Epoch 009 Train loss -0.9649 | Val loss -0.9629
04-23 14:03:25 -----Epoch 10/49-----
04-23 14:03:25 current lr: 0.0452264
04-23 14:03:25 Saved best checkpoint to ./checkpoint\SSF_CWRU_0423-140218\best_pt (val_loss=-0.9694)
04-23 14:03:25 Epoch 010 Train loss -0.9679 | Val loss -0.9694
04-23 14:03:25 -----Epoch 11/49-----
04-23 14:03:25 current lr: 0.044264
04-23 14:03:25 Saved best checkpoint to ./checkpoint\SSF_CWRU_0423-140218\best_pt (val_loss=-0.9727)
04-23 14:03:25 Epoch 011 Train loss -0.9705 | Val loss -0.9727
04-23 14:03:25 -----Epoch 12/49-----
04-23 14:03:25 current lr: 0.0432256
04-23 14:03:25 Saved best checkpoint to ./checkpoint\SSF_CWRU_0423-140218\best_pt (val_loss=-0.9751)
04-23 14:03:25 Epoch 012 Train loss -0.9734 | Val loss -0.9751
04-23 14:03:25 -----Epoch 13/49-----
04-23 14:03:26 current lr: 0.0421153
04-23 14:03:26 Saved best checkpoint to ./checkpoint\SSF_CWRU_0423-140218\best_pt (val_loss=-0.9773)
04-23 14:03:26 Epoch 013 Train loss -0.9759 | Val loss -0.9773
04-23 14:03:26 -----Epoch 14/49-----
04-23 14:03:26 current lr: 0.0409374
04-23 14:03:26 Saved best checkpoint to ./checkpoint\SSF_CWRU_0423-140218\best_pt (val_loss=-0.9792)
04-23 14:03:26 Epoch 014 Train loss -0.9784 | Val loss -0.9792
04-23 14:03:26 -----Epoch 15/49-----
04-23 14:03:26 current lr: 0.0396967
04-23 14:03:26 Saved best checkpoint to ./checkpoint\SSF_CWRU_0423-140218\best_pt (val_loss=-0.9809)
04-23 14:03:26 Epoch 015 Train loss -0.9804 | Val loss -0.9809
04-23 14:03:26 -----Epoch 16/49-----
04-23 14:03:26 current lr: 0.038398
04-23 14:03:26 Saved best checkpoint to ./checkpoint\SSF_CWRU_0423-140218\best_pt (val_loss=-0.9824)
04-23 14:03:26 Epoch 016 Train loss -0.9824 | Val loss -0.9824
04-23 14:03:26 -----Epoch 17/49-----
04-23 14:03:27 current lr: 0.0370464
04-23 14:03:27 Saved best checkpoint to ./checkpoint\SSF_CWRU_0423-140218\best_pt (val_loss=-0.9835)
04-23 14:03:27 Epoch 017 Train loss -0.9841 | Val loss -0.9835
04-23 14:03:27 -----Epoch 18/49-----
04-23 14:03:27 current lr: 0.0356474
04-23 14:03:27 Saved best checkpoint to ./checkpoint\SSF_CWRU_0423-140218\best_pt (val_loss=-0.9846)
04-23 14:03:27 Epoch 018 Train loss -0.9854 | Val loss -0.9846
04-23 14:03:27 -----Epoch 19/49-----
04-23 14:03:27 current lr: 0.0342063
04-23 14:03:27 Saved best checkpoint to ./checkpoint\SSF_CWRU_0423-140218\best_pt (val_loss=-0.9854)
04-23 14:03:27 Epoch 019 Train loss -0.9864 | Val loss -0.9854
04-23 14:03:27 -----Epoch 20/49-----
04-23 14:03:27 current lr: 0.0327289
04-23 14:03:27 Saved best checkpoint to ./checkpoint\SSF_CWRU_0423-140218\best_pt (val_loss=-0.9861)
04-23 14:03:27 Epoch 020 Train loss -0.9874 | Val loss -0.9861
04-23 14:03:27 -----Epoch 21/49-----
04-23 14:03:28 current lr: 0.031221
04-23 14:03:28 Saved best checkpoint to ./checkpoint\SSF_CWRU_0423-140218\best_pt (val_loss=-0.9868)
04-23 14:03:28 Epoch 021 Train loss -0.9882 | Val loss -0.9868
04-23 14:03:28 -----Epoch 22/49-----
04-23 14:03:28 current lr: 0.0296886
04-23 14:03:28 Saved best checkpoint to ./checkpoint\SSF_CWRU_0423-140218\best_pt (val_loss=-0.9874)
04-23 14:03:28 Epoch 022 Train loss -0.9888 | Val loss -0.9874
04-23 14:03:28 -----Epoch 23/49-----
04-23 14:03:28 current lr: 0.0281377
04-23 14:03:28 Saved best checkpoint to ./checkpoint\SSF_CWRU_0423-140218\best_pt (val_loss=-0.9880)
04-23 14:03:28 Epoch 023 Train loss -0.9895 | Val loss -0.9880
04-23 14:03:28 -----Epoch 24/49-----
04-23 14:03:28 current lr: 0.0265744
04-23 14:03:28 Saved best checkpoint to ./checkpoint\SSF_CWRU_0423-140218\best_pt (val_loss=-0.9885)
04-23 14:03:28 Epoch 024 Train loss -0.9901 | Val loss -0.9885
04-23 14:03:28 -----Epoch 25/49-----
04-23 14:03:28 current lr: 0.025005
04-23 14:03:29 Saved best checkpoint to ./checkpoint\SSF_CWRU_0423-140218\best_pt (val_loss=-0.9890)
04-23 14:03:29 Epoch 025 Train loss -0.9905 | Val loss -0.9890
04-23 14:03:29 -----Epoch 26/49-----
04-23 14:03:29 current lr: 0.0234356
04-23 14:03:29 Saved best checkpoint to ./checkpoint\SSF_CWRU_0423-140218\best_pt (val_loss=-0.9894)
04-23 14:03:29 Epoch 026 Train loss -0.9909 | Val loss -0.9894
04-23 14:03:29 -----Epoch 27/49-----
04-23 14:03:29 current lr: 0.0218723
04-23 14:03:29 Saved best checkpoint to ./checkpoint\SSF_CWRU_0423-140218\best_pt (val_loss=-0.9898)
04-23 14:03:29 Epoch 027 Train loss -0.9913 | Val loss -0.9898
04-23 14:03:29 -----Epoch 28/49-----
04-23 14:03:29 current lr: 0.0203214
04-23 14:03:29 Saved best checkpoint to ./checkpoint\SSF_CWRU_0423-140218\best_pt (val_loss=-0.9902)
04-23 14:03:29 Epoch 028 Train loss -0.9917 | Val loss -0.9902
04-23 14:03:29 -----Epoch 29/49-----
04-23 14:03:29 current lr: 0.018789
04-23 14:03:29 Saved best checkpoint to ./checkpoint\SSF_CWRU_0423-140218\best_pt (val_loss=-0.9905)
04-23 14:03:29 Epoch 029 Train loss -0.9921 | Val loss -0.9905
04-23 14:03:29 -----Epoch 30/49-----
04-23 14:03:30 current lr: 0.0172811
04-23 14:03:30 Saved best checkpoint to ./checkpoint\SSF_CWRU_0423-140218\best_pt (val_loss=-0.9908)
04-23 14:03:30 Epoch 030 Train loss -0.9924 | Val loss -0.9908
04-23 14:03:30 -----Epoch 31/49-----
04-23 14:03:30 current lr: 0.0158037
04-23 14:03:30 Saved best checkpoint to ./checkpoint\SSF_CWRU_0423-140218\best_pt (val_loss=-0.9911)
04-23 14:03:30 Epoch 031 Train loss -0.9927 | Val loss -0.9911
04-23 14:03:30 -----Epoch 32/49-----
04-23 14:03:30 current lr: 0.0143626
04-23 14:03:30 Saved best checkpoint to ./checkpoint\SSF_CWRU_0423-140218\best_pt (val_loss=-0.9913)
04-23 14:03:30 Epoch 032 Train loss -0.9929 | Val loss -0.9913
04-23 14:03:30 -----Epoch 33/49-----
04-23 14:03:30 current lr: 0.0129636
04-23 14:03:30 Saved best checkpoint to ./checkpoint\SSF_CWRU_0423-140218\best_pt (val_loss=-0.9916)
04-23 14:03:30 Epoch 033 Train loss -0.9931 | Val loss -0.9916
04-23 14:03:30 -----Epoch 34/49-----
04-23 14:03:31 current lr: 0.011612
04-23 14:03:31 Saved best checkpoint to ./checkpoint\SSF_CWRU_0423-140218\best_pt (val_loss=-0.9918)
04-23 14:03:31 Epoch 034 Train loss -0.9933 | Val loss -0.9918
04-23 14:03:31 -----Epoch 35/49-----
04-23 14:03:31 current lr: 0.0103133
04-23 14:03:31 Saved best checkpoint to ./checkpoint\SSF_CWRU_0423-140218\best_pt (val_loss=-0.9920)
04-23 14:03:31 Epoch 035 Train loss -0.9934 | Val loss -0.9920
04-23 14:03:31 -----Epoch 36/49-----
