02-24 10:35:43 model_name: SSF
02-24 10:35:43 data_name: CWRU
02-24 10:35:43 aug_1: normal
02-24 10:35:43 aug_2: randomcrop
02-24 10:35:43 max_epoch: 20
02-24 10:35:43 classifier_epoch: 50
02-24 10:35:43 data_view: TwoViewDataset
02-24 10:35:43 cuda_device: 0
02-24 10:35:43 checkpoint_dir: ./checkpoint
02-24 10:35:43 batch_size: 32
02-24 10:35:43 data_dir: raw_data/CWRU
02-24 10:35:43 out_channel: 4
02-24 10:35:43 normlizetype: minus_one_one
02-24 10:35:43 processing_type: RA
02-24 10:35:43 opt: sgd
02-24 10:35:43 lr: 0.01
02-24 10:35:43 momentum: 0.9
02-24 10:35:43 weight_decay: 1e-05
02-24 10:35:43 lr_scheduler: cos
02-24 10:35:43 gamma: 0.1
02-24 10:35:43 eta_min: 1e-05
02-24 10:35:43 latent_space: 256
02-24 10:35:43 task: self_supervised
02-24 10:35:43 critetion: <class 'utils.loss_SSL.SimSiamLoss'>
02-24 10:35:43 using 1 gpus
02-24 10:35:43 Dataset class: <class 'data_utils.datasets.CWRU.CWRU'>
02-24 10:35:43 Split sizes: train=2156 val=231 test=462, classier=231
02-24 10:35:43 Label counts train: Counter({0: 1159, 1: 333, 3: 333, 2: 331})
02-24 10:35:43 Label counts val:   Counter({0: 124, 1: 36, 3: 36, 2: 35})
02-24 10:35:43 Label counts test:  Counter({0: 249, 2: 71, 3: 71, 1: 71})
02-24 10:35:43 Label counts classifier:  Counter({0: 124, 2: 36, 1: 36, 3: 35})
02-24 10:35:45 -----Epoch 0/19-----
02-24 10:35:47 current lr: 0.01
02-24 10:35:47 Saved best checkpoint to ./checkpoint\SSF_CWRU_0224-103543\best_pt (val_loss=-0.3213)
02-24 10:35:47 Epoch 000 Train loss -0.1704 | Val loss -0.3213
02-24 10:35:47 -----Epoch 1/19-----
02-24 10:35:49 current lr: 0.0099385
02-24 10:35:49 Saved best checkpoint to ./checkpoint\SSF_CWRU_0224-103543\best_pt (val_loss=-0.5560)
02-24 10:35:49 Epoch 001 Train loss -0.4436 | Val loss -0.5560
02-24 10:35:49 -----Epoch 2/19-----
02-24 10:35:51 current lr: 0.00975553
02-24 10:35:51 Saved best checkpoint to ./checkpoint\SSF_CWRU_0224-103543\best_pt (val_loss=-0.7024)
02-24 10:35:51 Epoch 002 Train loss -0.6364 | Val loss -0.7024
02-24 10:35:51 -----Epoch 3/19-----
02-24 10:35:53 current lr: 0.00945558
02-24 10:35:53 Saved best checkpoint to ./checkpoint\SSF_CWRU_0224-103543\best_pt (val_loss=-0.7779)
02-24 10:35:53 Epoch 003 Train loss -0.7430 | Val loss -0.7779
02-24 10:35:53 -----Epoch 4/19-----
02-24 10:35:54 current lr: 0.00904604
02-24 10:35:54 Saved best checkpoint to ./checkpoint\SSF_CWRU_0224-103543\best_pt (val_loss=-0.8186)
02-24 10:35:54 Epoch 004 Train loss -0.8011 | Val loss -0.8186
02-24 10:35:54 -----Epoch 5/19-----
02-24 10:35:56 current lr: 0.008537
02-24 10:35:56 Saved best checkpoint to ./checkpoint\SSF_CWRU_0224-103543\best_pt (val_loss=-0.8448)
02-24 10:35:56 Epoch 005 Train loss -0.8349 | Val loss -0.8448
02-24 10:35:56 -----Epoch 6/19-----
02-24 10:35:57 current lr: 0.00794099
02-24 10:35:57 Saved best checkpoint to ./checkpoint\SSF_CWRU_0224-103543\best_pt (val_loss=-0.8643)
02-24 10:35:57 Epoch 006 Train loss -0.8573 | Val loss -0.8643
02-24 10:35:57 -----Epoch 7/19-----
02-24 10:35:59 current lr: 0.00727268
02-24 10:35:59 Saved best checkpoint to ./checkpoint\SSF_CWRU_0224-103543\best_pt (val_loss=-0.8797)
02-24 10:35:59 Epoch 007 Train loss -0.8739 | Val loss -0.8797
02-24 10:35:59 -----Epoch 8/19-----
02-24 10:36:01 current lr: 0.00654854
02-24 10:36:01 Saved best checkpoint to ./checkpoint\SSF_CWRU_0224-103543\best_pt (val_loss=-0.8910)
02-24 10:36:01 Epoch 008 Train loss -0.8871 | Val loss -0.8910
02-24 10:36:01 -----Epoch 9/19-----
02-24 10:36:02 current lr: 0.00578639
02-24 10:36:02 Saved best checkpoint to ./checkpoint\SSF_CWRU_0224-103543\best_pt (val_loss=-0.8994)
02-24 10:36:02 Epoch 009 Train loss -0.8967 | Val loss -0.8994
02-24 10:36:02 -----Epoch 10/19-----
02-24 10:36:04 current lr: 0.005005
02-24 10:36:04 Saved best checkpoint to ./checkpoint\SSF_CWRU_0224-103543\best_pt (val_loss=-0.9057)
02-24 10:36:04 Epoch 010 Train loss -0.9038 | Val loss -0.9057
02-24 10:36:04 -----Epoch 11/19-----
02-24 10:36:05 current lr: 0.00422361
02-24 10:36:05 Saved best checkpoint to ./checkpoint\SSF_CWRU_0224-103543\best_pt (val_loss=-0.9103)
02-24 10:36:05 Epoch 011 Train loss -0.9091 | Val loss -0.9103
02-24 10:36:05 -----Epoch 12/19-----
02-24 10:36:07 current lr: 0.00346146
02-24 10:36:07 Saved best checkpoint to ./checkpoint\SSF_CWRU_0224-103543\best_pt (val_loss=-0.9139)
02-24 10:36:07 Epoch 012 Train loss -0.9130 | Val loss -0.9139
02-24 10:36:07 -----Epoch 13/19-----
02-24 10:36:09 current lr: 0.00273732
02-24 10:36:09 Saved best checkpoint to ./checkpoint\SSF_CWRU_0224-103543\best_pt (val_loss=-0.9165)
02-24 10:36:09 Epoch 013 Train loss -0.9160 | Val loss -0.9165
02-24 10:36:09 -----Epoch 14/19-----
02-24 10:36:11 current lr: 0.00206901
02-24 10:36:11 Saved best checkpoint to ./checkpoint\SSF_CWRU_0224-103543\best_pt (val_loss=-0.9185)
02-24 10:36:11 Epoch 014 Train loss -0.9182 | Val loss -0.9185
02-24 10:36:11 -----Epoch 15/19-----
02-24 10:36:12 current lr: 0.001473
02-24 10:36:12 Saved best checkpoint to ./checkpoint\SSF_CWRU_0224-103543\best_pt (val_loss=-0.9196)
02-24 10:36:12 Epoch 015 Train loss -0.9196 | Val loss -0.9196
02-24 10:36:12 -----Epoch 16/19-----
02-24 10:36:14 current lr: 0.00096396
02-24 10:36:14 Saved best checkpoint to ./checkpoint\SSF_CWRU_0224-103543\best_pt (val_loss=-0.9205)
02-24 10:36:14 Epoch 016 Train loss -0.9207 | Val loss -0.9205
02-24 10:36:14 -----Epoch 17/19-----
02-24 10:36:15 current lr: 0.000554422
02-24 10:36:15 Saved best checkpoint to ./checkpoint\SSF_CWRU_0224-103543\best_pt (val_loss=-0.9209)
02-24 10:36:15 Epoch 017 Train loss -0.9213 | Val loss -0.9209
02-24 10:36:15 -----Epoch 18/19-----
02-24 10:36:17 current lr: 0.000254473
02-24 10:36:17 Saved best checkpoint to ./checkpoint\SSF_CWRU_0224-103543\best_pt (val_loss=-0.9211)
02-24 10:36:17 Epoch 018 Train loss -0.9216 | Val loss -0.9211
02-24 10:36:17 -----Epoch 19/19-----
02-24 10:36:19 current lr: 7.14967e-05
02-24 10:36:19 Saved best checkpoint to ./checkpoint\SSF_CWRU_0224-103543\best_pt (val_loss=-0.9212)
02-24 10:36:19 Epoch 019 Train loss -0.9218 | Val loss -0.9212
02-24 10:36:19 TEST (last): loss -0.9199
