02-24 09:44:19 model_name: SSF
02-24 09:44:19 data_name: CWRU
02-24 09:44:19 aug_1: normal
02-24 09:44:19 aug_2: randomcrop
02-24 09:44:19 max_epoch: 20
02-24 09:44:19 classifier_epoch: 50
02-24 09:44:19 data_view: TwoViewDataset
02-24 09:44:19 cuda_device: 0
02-24 09:44:19 checkpoint_dir: ./checkpoint
02-24 09:44:19 batch_size: 32
02-24 09:44:19 data_dir: raw_data/CWRU
02-24 09:44:19 out_channel: 4
02-24 09:44:19 normlizetype: minus_one_one
02-24 09:44:19 processing_type: RA
02-24 09:44:19 opt: sgd
02-24 09:44:19 lr: 0.01
02-24 09:44:19 momentum: 0.9
02-24 09:44:19 weight_decay: 1e-05
02-24 09:44:19 lr_scheduler: cos
02-24 09:44:19 gamma: 0.1
02-24 09:44:19 eta_min: 1e-05
02-24 09:44:19 latent_space: 256
02-24 09:44:19 task: self_supervised
02-24 09:44:19 critetion: <class 'utils.loss_SSL.SimSiamLoss'>
02-24 09:44:19 using 1 gpus
02-24 09:44:19 Dataset class: <class 'data_utils.datasets.CWRU.CWRU'>
02-24 09:44:19 Split sizes: train=2156 val=46 test=462, classier=416
02-24 09:44:19 Label counts train: Counter({0: 1159, 1: 333, 3: 333, 2: 331})
02-24 09:44:19 Label counts val:   Counter({0: 25, 3: 7, 1: 7, 2: 7})
02-24 09:44:19 Label counts test:  Counter({0: 249, 2: 71, 3: 71, 1: 71})
02-24 09:44:19 Label counts test:  Counter({0: 223, 1: 65, 3: 64, 2: 64})
02-24 09:44:21 -----Epoch 0/19-----
02-24 09:44:23 current lr: 0.01
02-24 09:44:23 Saved best checkpoint to ./checkpoint\SSF_CWRU_0224-094419\best_pt (val_loss=-0.3899)
02-24 09:44:23 Epoch 000 Train loss -0.2317 | Val loss -0.3899
02-24 09:44:23 -----Epoch 1/19-----
02-24 09:44:25 current lr: 0.0099385
02-24 09:44:25 Saved best checkpoint to ./checkpoint\SSF_CWRU_0224-094419\best_pt (val_loss=-0.6430)
02-24 09:44:25 Epoch 001 Train loss -0.5253 | Val loss -0.6430
02-24 09:44:25 -----Epoch 2/19-----
02-24 09:44:26 current lr: 0.00975553
02-24 09:44:26 Saved best checkpoint to ./checkpoint\SSF_CWRU_0224-094419\best_pt (val_loss=-0.7628)
02-24 09:44:26 Epoch 002 Train loss -0.7020 | Val loss -0.7628
02-24 09:44:26 -----Epoch 3/19-----
02-24 09:44:28 current lr: 0.00945558
02-24 09:44:28 Saved best checkpoint to ./checkpoint\SSF_CWRU_0224-094419\best_pt (val_loss=-0.8212)
02-24 09:44:28 Epoch 003 Train loss -0.7898 | Val loss -0.8212
02-24 09:44:28 -----Epoch 4/19-----
02-24 09:44:29 current lr: 0.00904604
02-24 09:44:29 Saved best checkpoint to ./checkpoint\SSF_CWRU_0224-094419\best_pt (val_loss=-0.8529)
02-24 09:44:29 Epoch 004 Train loss -0.8347 | Val loss -0.8529
02-24 09:44:29 -----Epoch 5/19-----
02-24 09:44:31 current lr: 0.008537
02-24 09:44:31 Saved best checkpoint to ./checkpoint\SSF_CWRU_0224-094419\best_pt (val_loss=-0.8718)
02-24 09:44:31 Epoch 005 Train loss -0.8597 | Val loss -0.8718
02-24 09:44:31 -----Epoch 6/19-----
02-24 09:44:32 current lr: 0.00794099
02-24 09:44:32 Saved best checkpoint to ./checkpoint\SSF_CWRU_0224-094419\best_pt (val_loss=-0.8847)
02-24 09:44:32 Epoch 006 Train loss -0.8759 | Val loss -0.8847
02-24 09:44:32 -----Epoch 7/19-----
02-24 09:44:34 current lr: 0.00727268
02-24 09:44:34 Saved best checkpoint to ./checkpoint\SSF_CWRU_0224-094419\best_pt (val_loss=-0.8949)
02-24 09:44:34 Epoch 007 Train loss -0.8879 | Val loss -0.8949
02-24 09:44:34 -----Epoch 8/19-----
02-24 09:44:35 current lr: 0.00654854
02-24 09:44:35 Saved best checkpoint to ./checkpoint\SSF_CWRU_0224-094419\best_pt (val_loss=-0.9032)
02-24 09:44:35 Epoch 008 Train loss -0.8977 | Val loss -0.9032
02-24 09:44:35 -----Epoch 9/19-----
02-24 09:44:36 current lr: 0.00578639
02-24 09:44:36 Saved best checkpoint to ./checkpoint\SSF_CWRU_0224-094419\best_pt (val_loss=-0.9101)
02-24 09:44:36 Epoch 009 Train loss -0.9056 | Val loss -0.9101
02-24 09:44:36 -----Epoch 10/19-----
02-24 09:44:38 current lr: 0.005005
02-24 09:44:38 Saved best checkpoint to ./checkpoint\SSF_CWRU_0224-094419\best_pt (val_loss=-0.9157)
02-24 09:44:38 Epoch 010 Train loss -0.9121 | Val loss -0.9157
02-24 09:44:38 -----Epoch 11/19-----
02-24 09:44:39 current lr: 0.00422361
02-24 09:44:39 Saved best checkpoint to ./checkpoint\SSF_CWRU_0224-094419\best_pt (val_loss=-0.9202)
02-24 09:44:39 Epoch 011 Train loss -0.9172 | Val loss -0.9202
02-24 09:44:39 -----Epoch 12/19-----
02-24 09:44:41 current lr: 0.00346146
02-24 09:44:41 Saved best checkpoint to ./checkpoint\SSF_CWRU_0224-094419\best_pt (val_loss=-0.9236)
02-24 09:44:41 Epoch 012 Train loss -0.9212 | Val loss -0.9236
02-24 09:44:41 -----Epoch 13/19-----
02-24 09:44:42 current lr: 0.00273732
02-24 09:44:42 Saved best checkpoint to ./checkpoint\SSF_CWRU_0224-094419\best_pt (val_loss=-0.9261)
02-24 09:44:42 Epoch 013 Train loss -0.9242 | Val loss -0.9261
02-24 09:44:42 -----Epoch 14/19-----
02-24 09:44:44 current lr: 0.00206901
02-24 09:44:44 Saved best checkpoint to ./checkpoint\SSF_CWRU_0224-094419\best_pt (val_loss=-0.9279)
02-24 09:44:44 Epoch 014 Train loss -0.9264 | Val loss -0.9279
02-24 09:44:44 -----Epoch 15/19-----
02-24 09:44:45 current lr: 0.001473
02-24 09:44:45 Saved best checkpoint to ./checkpoint\SSF_CWRU_0224-094419\best_pt (val_loss=-0.9292)
02-24 09:44:45 Epoch 015 Train loss -0.9279 | Val loss -0.9292
02-24 09:44:45 -----Epoch 16/19-----
02-24 09:44:47 current lr: 0.00096396
02-24 09:44:47 Saved best checkpoint to ./checkpoint\SSF_CWRU_0224-094419\best_pt (val_loss=-0.9299)
02-24 09:44:47 Epoch 016 Train loss -0.9289 | Val loss -0.9299
02-24 09:44:47 -----Epoch 17/19-----
02-24 09:44:49 current lr: 0.000554422
02-24 09:44:49 Saved best checkpoint to ./checkpoint\SSF_CWRU_0224-094419\best_pt (val_loss=-0.9304)
02-24 09:44:49 Epoch 017 Train loss -0.9295 | Val loss -0.9304
02-24 09:44:49 -----Epoch 18/19-----
02-24 09:44:51 current lr: 0.000254473
02-24 09:44:51 Saved best checkpoint to ./checkpoint\SSF_CWRU_0224-094419\best_pt (val_loss=-0.9305)
02-24 09:44:51 Epoch 018 Train loss -0.9299 | Val loss -0.9305
02-24 09:44:51 -----Epoch 19/19-----
02-24 09:44:52 current lr: 7.14967e-05
02-24 09:44:53 Saved best checkpoint to ./checkpoint\SSF_CWRU_0224-094419\best_pt (val_loss=-0.9307)
02-24 09:44:53 Epoch 019 Train loss -0.9300 | Val loss -0.9307
02-24 09:44:53 TEST (last): loss -0.9285
02-24 09:44:53 [LP epoch 00] train_loss=1.4213 train_acc=0.1466 | val_loss=60.8447 val_acc=0.2174 | 
02-24 09:44:53 [LP epoch 01] train_loss=1.2423 train_acc=0.1659 | val_loss=55.3847 val_acc=0.2174 | 
02-24 09:44:53 [LP epoch 02] train_loss=1.1582 train_acc=0.2236 | val_loss=50.6532 val_acc=0.3043 | 
02-24 09:44:53 [LP epoch 03] train_loss=1.0862 train_acc=0.3197 | val_loss=47.6639 val_acc=0.3043 | 
02-24 09:44:53 [LP epoch 04] train_loss=0.9927 train_acc=0.6178 | val_loss=44.2651 val_acc=0.9130 | 
02-24 09:44:53 [LP epoch 05] train_loss=0.8766 train_acc=0.9471 | val_loss=37.9731 val_acc=1.0000 | 
02-24 09:44:54 [LP epoch 06] train_loss=0.7926 train_acc=0.9784 | val_loss=34.7178 val_acc=1.0000 | 
02-24 09:44:54 [LP epoch 07] train_loss=0.7364 train_acc=0.9856 | val_loss=33.1311 val_acc=1.0000 | 
02-24 09:44:54 [LP epoch 08] train_loss=0.6813 train_acc=0.9928 | val_loss=31.0760 val_acc=1.0000 | 
02-24 09:44:54 [LP epoch 09] train_loss=0.6307 train_acc=0.9976 | val_loss=29.2484 val_acc=1.0000 | 
02-24 09:44:54 [LP epoch 10] train_loss=0.5822 train_acc=0.9976 | val_loss=26.6425 val_acc=1.0000 | 
02-24 09:44:54 [LP epoch 11] train_loss=0.5365 train_acc=1.0000 | val_loss=24.2068 val_acc=1.0000 | 
02-24 09:44:54 [LP epoch 12] train_loss=0.4935 train_acc=1.0000 | val_loss=22.0644 val_acc=1.0000 | 
02-24 09:44:55 [LP epoch 13] train_loss=0.4530 train_acc=1.0000 | val_loss=20.2633 val_acc=1.0000 | 
02-24 09:44:55 [LP epoch 14] train_loss=0.4159 train_acc=1.0000 | val_loss=18.6322 val_acc=1.0000 | 
02-24 09:44:55 [LP epoch 15] train_loss=0.3852 train_acc=1.0000 | val_loss=16.4708 val_acc=1.0000 | 
02-24 09:44:55 [LP epoch 16] train_loss=0.3511 train_acc=1.0000 | val_loss=15.4676 val_acc=1.0000 | 
02-24 09:44:55 [LP epoch 17] train_loss=0.3205 train_acc=1.0000 | val_loss=13.9491 val_acc=1.0000 | 
02-24 09:44:55 [LP epoch 18] train_loss=0.2941 train_acc=1.0000 | val_loss=12.9023 val_acc=1.0000 | 
02-24 09:44:55 [LP epoch 19] train_loss=0.2707 train_acc=1.0000 | val_loss=11.8334 val_acc=1.0000 | 
02-24 09:44:55 [LP epoch 20] train_loss=0.2488 train_acc=1.0000 | val_loss=10.8979 val_acc=1.0000 | 
02-24 09:44:56 [LP epoch 21] train_loss=0.2297 train_acc=1.0000 | val_loss=10.0370 val_acc=1.0000 | 
02-24 09:44:56 [LP epoch 22] train_loss=0.2125 train_acc=1.0000 | val_loss=9.1062 val_acc=1.0000 | 
02-24 09:44:56 [LP epoch 23] train_loss=0.1965 train_acc=1.0000 | val_loss=8.5843 val_acc=1.0000 | 
02-24 09:44:56 [LP epoch 24] train_loss=0.1820 train_acc=1.0000 | val_loss=7.8837 val_acc=1.0000 | 
02-24 09:44:56 [LP epoch 25] train_loss=0.1690 train_acc=1.0000 | val_loss=7.3021 val_acc=1.0000 | 
02-24 09:44:56 [LP epoch 26] train_loss=0.1571 train_acc=1.0000 | val_loss=6.7629 val_acc=1.0000 | 
02-24 09:44:56 [LP epoch 27] train_loss=0.1463 train_acc=1.0000 | val_loss=6.2828 val_acc=1.0000 | 
02-24 09:44:56 [LP epoch 28] train_loss=0.1366 train_acc=1.0000 | val_loss=5.8651 val_acc=1.0000 | 
02-24 09:44:57 [LP epoch 29] train_loss=0.1278 train_acc=1.0000 | val_loss=5.4851 val_acc=1.0000 | 
02-24 09:44:57 [LP epoch 30] train_loss=0.1196 train_acc=1.0000 | val_loss=5.0884 val_acc=1.0000 | 
02-24 09:44:57 [LP epoch 31] train_loss=0.1122 train_acc=1.0000 | val_loss=4.7550 val_acc=1.0000 | 
02-24 09:44:57 [LP epoch 32] train_loss=0.1053 train_acc=1.0000 | val_loss=4.4110 val_acc=1.0000 | 
02-24 09:44:57 [LP epoch 33] train_loss=0.0991 train_acc=1.0000 | val_loss=4.2251 val_acc=1.0000 | 
02-24 09:44:57 [LP epoch 34] train_loss=0.0933 train_acc=1.0000 | val_loss=3.8848 val_acc=1.0000 | 
02-24 09:44:57 [LP epoch 35] train_loss=0.0881 train_acc=1.0000 | val_loss=3.6877 val_acc=1.0000 | 
02-24 09:44:57 [LP epoch 36] train_loss=0.0832 train_acc=1.0000 | val_loss=3.4413 val_acc=1.0000 | 
02-24 09:44:57 [LP epoch 37] train_loss=0.0786 train_acc=1.0000 | val_loss=3.3228 val_acc=1.0000 | 
02-24 09:44:58 [LP epoch 38] train_loss=0.0746 train_acc=1.0000 | val_loss=3.1197 val_acc=1.0000 | 
02-24 09:44:58 [LP epoch 39] train_loss=0.0705 train_acc=1.0000 | val_loss=2.9268 val_acc=1.0000 | 
02-24 09:44:58 [LP epoch 40] train_loss=0.0671 train_acc=1.0000 | val_loss=2.7882 val_acc=1.0000 | 
02-24 09:44:58 [LP epoch 41] train_loss=0.0639 train_acc=1.0000 | val_loss=2.5950 val_acc=1.0000 | 
02-24 09:44:58 [LP epoch 42] train_loss=0.0608 train_acc=1.0000 | val_loss=2.5000 val_acc=1.0000 | 
02-24 09:44:58 [LP epoch 43] train_loss=0.0578 train_acc=1.0000 | val_loss=2.3790 val_acc=1.0000 | 
02-24 09:44:58 [LP epoch 44] train_loss=0.0551 train_acc=1.0000 | val_loss=2.2727 val_acc=1.0000 | 
02-24 09:44:58 [LP epoch 45] train_loss=0.0526 train_acc=1.0000 | val_loss=2.0940 val_acc=1.0000 | 
02-24 09:44:59 [LP epoch 46] train_loss=0.0502 train_acc=1.0000 | val_loss=2.0484 val_acc=1.0000 | 
02-24 09:44:59 [LP epoch 47] train_loss=0.0480 train_acc=1.0000 | val_loss=1.9106 val_acc=1.0000 | 
02-24 09:44:59 [LP epoch 48] train_loss=0.0461 train_acc=1.0000 | val_loss=1.8538 val_acc=1.0000 | 
02-24 09:44:59 [LP epoch 49] train_loss=0.0444 train_acc=1.0000 | val_loss=1.7257 val_acc=1.0000 | 
02-24 09:44:59 Saved linear-probe checkpoint: ./checkpoint\SSF_CWRU_0224-094419\linear_probe_best.pt (best_val_acc=1.0000)
02-24 09:44:59 TEST linear-probe: loss=0.0395 acc=1.0000
02-24 09:44:59 using 1 gpus
02-24 09:44:59 Dataset class: <class 'data_utils.datasets.CWRU.CWRU'>
02-24 09:44:59 Split sizes: train=2156 val=46 test=462, classier=416
02-24 09:44:59 Label counts train: Counter({0: 1159, 1: 333, 3: 333, 2: 331})
02-24 09:44:59 Label counts val:   Counter({0: 25, 3: 7, 1: 7, 2: 7})
02-24 09:45:00 Label counts test:  Counter({0: 249, 2: 71, 3: 71, 1: 71})
02-24 09:45:00 Label counts test:  Counter({0: 223, 1: 65, 3: 64, 2: 64})
02-24 09:45:00 -----Epoch 0/19-----
02-24 09:45:01 current lr: 0.01
02-24 09:45:01 Saved best checkpoint to ./checkpoint\SSF_CWRU_0224-094419\best_pt (val_loss=-0.3316)
02-24 09:45:01 Epoch 000 Train loss -0.1810 | Val loss -0.3316
02-24 09:45:01 -----Epoch 1/19-----
02-24 09:45:03 current lr: 0.0099385
02-24 09:45:03 Saved best checkpoint to ./checkpoint\SSF_CWRU_0224-094419\best_pt (val_loss=-0.5676)
02-24 09:45:03 Epoch 001 Train loss -0.4476 | Val loss -0.5676
02-24 09:45:03 -----Epoch 2/19-----
02-24 09:45:05 current lr: 0.00975553
02-24 09:45:05 Saved best checkpoint to ./checkpoint\SSF_CWRU_0224-094419\best_pt (val_loss=-0.7108)
02-24 09:45:05 Epoch 002 Train loss -0.6385 | Val loss -0.7108
02-24 09:45:05 -----Epoch 3/19-----
02-24 09:45:06 current lr: 0.00945558
02-24 09:45:06 Saved best checkpoint to ./checkpoint\SSF_CWRU_0224-094419\best_pt (val_loss=-0.7980)
02-24 09:45:06 Epoch 003 Train loss -0.7545 | Val loss -0.7980
02-24 09:45:06 -----Epoch 4/19-----
02-24 09:45:08 current lr: 0.00904604
02-24 09:45:08 Saved best checkpoint to ./checkpoint\SSF_CWRU_0224-094419\best_pt (val_loss=-0.8434)
02-24 09:45:08 Epoch 004 Train loss -0.8189 | Val loss -0.8434
02-24 09:45:08 -----Epoch 5/19-----
02-24 09:45:10 current lr: 0.008537
02-24 09:45:10 Saved best checkpoint to ./checkpoint\SSF_CWRU_0224-094419\best_pt (val_loss=-0.8705)
02-24 09:45:10 Epoch 005 Train loss -0.8548 | Val loss -0.8705
02-24 09:45:10 -----Epoch 6/19-----
02-24 09:45:11 current lr: 0.00794099
02-24 09:45:11 Saved best checkpoint to ./checkpoint\SSF_CWRU_0224-094419\best_pt (val_loss=-0.8876)
02-24 09:45:11 Epoch 006 Train loss -0.8776 | Val loss -0.8876
02-24 09:45:11 -----Epoch 7/19-----
02-24 09:45:13 current lr: 0.00727268
02-24 09:45:13 Saved best checkpoint to ./checkpoint\SSF_CWRU_0224-094419\best_pt (val_loss=-0.8992)
02-24 09:45:13 Epoch 007 Train loss -0.8925 | Val loss -0.8992
02-24 09:45:13 -----Epoch 8/19-----
02-24 09:45:14 current lr: 0.00654854
02-24 09:45:14 Saved best checkpoint to ./checkpoint\SSF_CWRU_0224-094419\best_pt (val_loss=-0.9079)
02-24 09:45:14 Epoch 008 Train loss -0.9029 | Val loss -0.9079
02-24 09:45:14 -----Epoch 9/19-----
02-24 09:45:16 current lr: 0.00578639
02-24 09:45:16 Saved best checkpoint to ./checkpoint\SSF_CWRU_0224-094419\best_pt (val_loss=-0.9140)
02-24 09:45:16 Epoch 009 Train loss -0.9104 | Val loss -0.9140
02-24 09:45:16 -----Epoch 10/19-----
02-24 09:45:18 current lr: 0.005005
02-24 09:45:18 Saved best checkpoint to ./checkpoint\SSF_CWRU_0224-094419\best_pt (val_loss=-0.9189)
02-24 09:45:18 Epoch 010 Train loss -0.9161 | Val loss -0.9189
02-24 09:45:18 -----Epoch 11/19-----
02-24 09:45:19 current lr: 0.00422361
02-24 09:45:19 Saved best checkpoint to ./checkpoint\SSF_CWRU_0224-094419\best_pt (val_loss=-0.9225)
02-24 09:45:19 Epoch 011 Train loss -0.9204 | Val loss -0.9225
02-24 09:45:19 -----Epoch 12/19-----
02-24 09:45:21 current lr: 0.00346146
02-24 09:45:21 Saved best checkpoint to ./checkpoint\SSF_CWRU_0224-094419\best_pt (val_loss=-0.9254)
02-24 09:45:21 Epoch 012 Train loss -0.9237 | Val loss -0.9254
02-24 09:45:21 -----Epoch 13/19-----
02-24 09:45:22 current lr: 0.00273732
02-24 09:45:22 Saved best checkpoint to ./checkpoint\SSF_CWRU_0224-094419\best_pt (val_loss=-0.9276)
02-24 09:45:22 Epoch 013 Train loss -0.9261 | Val loss -0.9276
02-24 09:45:22 -----Epoch 14/19-----
02-24 09:45:24 current lr: 0.00206901
02-24 09:45:24 Saved best checkpoint to ./checkpoint\SSF_CWRU_0224-094419\best_pt (val_loss=-0.9291)
02-24 09:45:24 Epoch 014 Train loss -0.9280 | Val loss -0.9291
02-24 09:45:24 -----Epoch 15/19-----
02-24 09:45:26 current lr: 0.001473
02-24 09:45:26 Saved best checkpoint to ./checkpoint\SSF_CWRU_0224-094419\best_pt (val_loss=-0.9302)
02-24 09:45:26 Epoch 015 Train loss -0.9292 | Val loss -0.9302
02-24 09:45:26 -----Epoch 16/19-----
02-24 09:45:27 current lr: 0.00096396
02-24 09:45:27 Saved best checkpoint to ./checkpoint\SSF_CWRU_0224-094419\best_pt (val_loss=-0.9308)
02-24 09:45:27 Epoch 016 Train loss -0.9301 | Val loss -0.9308
02-24 09:45:27 -----Epoch 17/19-----
02-24 09:45:29 current lr: 0.000554422
02-24 09:45:29 Saved best checkpoint to ./checkpoint\SSF_CWRU_0224-094419\best_pt (val_loss=-0.9311)
02-24 09:45:29 Epoch 017 Train loss -0.9306 | Val loss -0.9311
02-24 09:45:29 -----Epoch 18/19-----
02-24 09:45:30 current lr: 0.000254473
02-24 09:45:30 Saved best checkpoint to ./checkpoint\SSF_CWRU_0224-094419\best_pt (val_loss=-0.9313)
02-24 09:45:30 Epoch 018 Train loss -0.9309 | Val loss -0.9313
02-24 09:45:30 -----Epoch 19/19-----
02-24 09:45:32 current lr: 7.14967e-05
02-24 09:45:32 Saved best checkpoint to ./checkpoint\SSF_CWRU_0224-094419\best_pt (val_loss=-0.9314)
02-24 09:45:32 Epoch 019 Train loss -0.9310 | Val loss -0.9314
02-24 09:45:32 TEST (last): loss -0.9313
02-24 09:45:32 [LP epoch 00] train_loss=1.3316 train_acc=0.5072 | val_loss=51.5336 val_acc=0.8478 | 
02-24 09:45:32 [LP epoch 01] train_loss=0.9455 train_acc=0.8438 | val_loss=41.2403 val_acc=0.8913 | 
02-24 09:45:32 [LP epoch 02] train_loss=0.8640 train_acc=0.9111 | val_loss=38.5610 val_acc=0.9348 | 
02-24 09:45:33 [LP epoch 03] train_loss=0.8152 train_acc=0.9351 | val_loss=36.0134 val_acc=0.9565 | 
02-24 09:45:33 [LP epoch 04] train_loss=0.7644 train_acc=0.9543 | val_loss=34.1103 val_acc=0.9783 | 
02-24 09:45:33 [LP epoch 05] train_loss=0.7118 train_acc=0.9856 | val_loss=31.5918 val_acc=1.0000 | 
02-24 09:45:33 [LP epoch 06] train_loss=0.6606 train_acc=0.9952 | val_loss=28.9291 val_acc=1.0000 | 
02-24 09:45:33 [LP epoch 07] train_loss=0.6113 train_acc=0.9952 | val_loss=26.4118 val_acc=1.0000 | 
02-24 09:45:33 [LP epoch 08] train_loss=0.5649 train_acc=0.9952 | val_loss=24.5338 val_acc=1.0000 | 
02-24 09:45:34 [LP epoch 09] train_loss=0.5211 train_acc=0.9952 | val_loss=22.6820 val_acc=1.0000 | 
02-24 09:45:34 [LP epoch 10] train_loss=0.4796 train_acc=0.9976 | val_loss=20.7344 val_acc=1.0000 | 
02-24 09:45:34 [LP epoch 11] train_loss=0.4394 train_acc=1.0000 | val_loss=18.9787 val_acc=1.0000 | 
02-24 09:45:34 [LP epoch 12] train_loss=0.4022 train_acc=1.0000 | val_loss=17.0139 val_acc=1.0000 | 
02-24 09:45:34 [LP epoch 13] train_loss=0.3680 train_acc=1.0000 | val_loss=15.8086 val_acc=1.0000 | 
02-24 09:45:35 [LP epoch 14] train_loss=0.3372 train_acc=1.0000 | val_loss=14.3612 val_acc=1.0000 | 
02-24 09:45:35 [LP epoch 15] train_loss=0.3089 train_acc=1.0000 | val_loss=13.2102 val_acc=1.0000 | 
02-24 09:45:35 [LP epoch 16] train_loss=0.2849 train_acc=1.0000 | val_loss=12.3452 val_acc=1.0000 | 
02-24 09:45:35 [LP epoch 17] train_loss=0.2631 train_acc=1.0000 | val_loss=11.0940 val_acc=1.0000 | 
02-24 09:45:35 [LP epoch 18] train_loss=0.2418 train_acc=1.0000 | val_loss=10.3509 val_acc=1.0000 | 
02-24 09:45:35 [LP epoch 19] train_loss=0.2235 train_acc=1.0000 | val_loss=9.6543 val_acc=1.0000 | 
02-24 09:45:36 [LP epoch 20] train_loss=0.2071 train_acc=1.0000 | val_loss=8.7352 val_acc=1.0000 | 
02-24 09:45:36 [LP epoch 21] train_loss=0.1927 train_acc=1.0000 | val_loss=8.2726 val_acc=1.0000 | 
02-24 09:45:36 [LP epoch 22] train_loss=0.1784 train_acc=1.0000 | val_loss=7.5980 val_acc=1.0000 | 
02-24 09:45:36 [LP epoch 23] train_loss=0.1659 train_acc=1.0000 | val_loss=6.9281 val_acc=1.0000 | 
02-24 09:45:36 [LP epoch 24] train_loss=0.1543 train_acc=1.0000 | val_loss=6.5133 val_acc=1.0000 | 
02-24 09:45:36 [LP epoch 25] train_loss=0.1434 train_acc=1.0000 | val_loss=6.0612 val_acc=1.0000 | 
02-24 09:45:37 [LP epoch 26] train_loss=0.1339 train_acc=1.0000 | val_loss=5.6274 val_acc=1.0000 | 
02-24 09:45:37 [LP epoch 27] train_loss=0.1251 train_acc=1.0000 | val_loss=5.2407 val_acc=1.0000 | 
02-24 09:45:37 [LP epoch 28] train_loss=0.1173 train_acc=1.0000 | val_loss=4.8583 val_acc=1.0000 | 
02-24 09:45:37 [LP epoch 29] train_loss=0.1099 train_acc=1.0000 | val_loss=4.5594 val_acc=1.0000 | 
02-24 09:45:37 [LP epoch 30] train_loss=0.1030 train_acc=1.0000 | val_loss=4.2746 val_acc=1.0000 | 
02-24 09:45:37 [LP epoch 31] train_loss=0.0968 train_acc=1.0000 | val_loss=3.9600 val_acc=1.0000 | 
02-24 09:45:38 [LP epoch 32] train_loss=0.0914 train_acc=1.0000 | val_loss=3.7363 val_acc=1.0000 | 
02-24 09:45:38 [LP epoch 33] train_loss=0.0861 train_acc=1.0000 | val_loss=3.5177 val_acc=1.0000 | 
02-24 09:45:38 [LP epoch 34] train_loss=0.0813 train_acc=1.0000 | val_loss=3.2920 val_acc=1.0000 | 
02-24 09:45:38 [LP epoch 35] train_loss=0.0770 train_acc=1.0000 | val_loss=3.0914 val_acc=1.0000 | 
02-24 09:45:38 [LP epoch 36] train_loss=0.0730 train_acc=1.0000 | val_loss=2.8998 val_acc=1.0000 | 
02-24 09:45:38 [LP epoch 37] train_loss=0.0691 train_acc=1.0000 | val_loss=2.7625 val_acc=1.0000 | 
02-24 09:45:39 [LP epoch 38] train_loss=0.0655 train_acc=1.0000 | val_loss=2.5873 val_acc=1.0000 | 
02-24 09:45:39 [LP epoch 39] train_loss=0.0622 train_acc=1.0000 | val_loss=2.4229 val_acc=1.0000 | 
02-24 09:45:39 [LP epoch 40] train_loss=0.0593 train_acc=1.0000 | val_loss=2.3167 val_acc=1.0000 | 
02-24 09:45:39 [LP epoch 41] train_loss=0.0565 train_acc=1.0000 | val_loss=2.2042 val_acc=1.0000 | 
02-24 09:45:39 [LP epoch 42] train_loss=0.0538 train_acc=1.0000 | val_loss=2.0585 val_acc=1.0000 | 
02-24 09:45:39 [LP epoch 43] train_loss=0.0513 train_acc=1.0000 | val_loss=1.9837 val_acc=1.0000 | 
02-24 09:45:40 [LP epoch 44] train_loss=0.0490 train_acc=1.0000 | val_loss=1.8473 val_acc=1.0000 | 
02-24 09:45:40 [LP epoch 45] train_loss=0.0470 train_acc=1.0000 | val_loss=1.7869 val_acc=1.0000 | 
02-24 09:45:40 [LP epoch 46] train_loss=0.0449 train_acc=1.0000 | val_loss=1.6991 val_acc=1.0000 | 
02-24 09:45:40 [LP epoch 47] train_loss=0.0430 train_acc=1.0000 | val_loss=1.5968 val_acc=1.0000 | 
02-24 09:45:40 [LP epoch 48] train_loss=0.0413 train_acc=1.0000 | val_loss=1.5180 val_acc=1.0000 | 
02-24 09:45:40 [LP epoch 49] train_loss=0.0397 train_acc=1.0000 | val_loss=1.4451 val_acc=1.0000 | 
02-24 09:45:40 Saved linear-probe checkpoint: ./checkpoint\SSF_CWRU_0224-094419\linear_probe_best.pt (best_val_acc=1.0000)
02-24 09:45:41 TEST linear-probe: loss=0.0327 acc=1.0000
