02-26 08:33:10 model_name: SSF
02-26 08:33:10 data_name: PU
02-26 08:33:10 aug_1: normal
02-26 08:33:10 aug_2: randomcrop
02-26 08:33:10 max_epoch: 20
02-26 08:33:10 classifier_epoch: 50
02-26 08:33:10 data_view: TwoViewDataset
02-26 08:33:10 cuda_device: 0
02-26 08:33:10 checkpoint_dir: ./checkpoint
02-26 08:33:10 batch_size: 32
02-26 08:33:10 data_dir: raw_data/PU
02-26 08:33:10 out_channel: 4
02-26 08:33:10 normlizetype: minus_one_one
02-26 08:33:10 processing_type: RA
02-26 08:33:10 opt: sgd
02-26 08:33:10 lr: 0.01
02-26 08:33:10 momentum: 0.9
02-26 08:33:10 weight_decay: 1e-05
02-26 08:33:10 lr_scheduler: cos
02-26 08:33:10 gamma: 0.1
02-26 08:33:10 eta_min: 1e-05
02-26 08:33:10 latent_space: 32
02-26 08:33:10 num_blocks_ssf: 3
02-26 08:33:10 task: self_supervised
02-26 08:33:10 critetion: <class 'utils.loss_SSL.SimSiamLoss'>
02-26 08:33:10 using 1 gpus
02-26 08:33:10 Dataset class: <class 'data_utils.datasets.PU.PU'>
02-26 08:33:13 Split sizes: train=12607 val=1350 test=2702, classier=1351
02-26 08:33:14 Label counts train: Counter({3: 3504, 0: 3501, 1: 3500, 2: 2102})
02-26 08:33:14 Label counts val:   Counter({1: 375, 0: 375, 3: 375, 2: 225})
02-26 08:33:14 Label counts test:  Counter({3: 751, 1: 750, 0: 750, 2: 451})
02-26 08:33:14 Label counts classifier:  Counter({3: 376, 1: 375, 0: 375, 2: 225})
02-26 08:33:16 -----Epoch 0/19-----
02-26 08:33:27 current lr: 0.01
02-26 08:33:27 Saved best checkpoint to ./checkpoint\SSF_PU_0226-083310\best_pt (val_loss=-0.9940)
02-26 08:33:27 Epoch 000 Train loss -0.9696 | Val loss -0.9940
02-26 08:33:27 -----Epoch 1/19-----
