05-19 08:34:23 ================================================================================
05-19 08:34:23 RUN: aug=('gaussian', 'gaussian') hidden=128 latent=32 blocks=7 seed=0
05-19 08:34:23 model_name: SSF
05-19 08:34:23 data_name: CWRU
05-19 08:34:23 aug_1: gaussian
05-19 08:34:23 aug_2: gaussian
05-19 08:34:23 data_view: TwoViewDataset
05-19 08:34:23 data_dir: raw_data/CWRU
05-19 08:34:23 out_channel: 4
05-19 08:34:23 normlizetype: None
05-19 08:34:23 processing_type: O_N
05-19 08:34:23 max_epoch: 50
05-19 08:34:23 classifier_epoch: 50
05-19 08:34:23 batch_size: 64
05-19 08:34:23 cuda_device: 0
05-19 08:34:23 checkpoint_dir: ./checkpoint
05-19 08:34:23 opt: sgd
05-19 08:34:23 lr: 0.05
05-19 08:34:23 momentum: 0.9
05-19 08:34:23 weight_decay: 0.0001
05-19 08:34:23 lr_scheduler: cos
05-19 08:34:23 gamma: 0.95
05-19 08:34:23 eta_min: 1e-05
05-19 08:34:23 latent_space: 32
05-19 08:34:23 num_blocks_ssf: 7
05-19 08:34:23 hidden_channel: 128
05-19 08:34:23 per_class_samples: 100
05-19 08:34:23 classifier_samples: 10
05-19 08:34:23 task: self_supervised
05-19 08:34:23 critetion: <class 'utils.loss_SSL.SimSiamLoss'>
05-19 08:34:23 using 1 gpus
05-19 08:34:23 Dataset class: <class 'data_utils.datasets.CWRU.CWRU'>
05-19 08:34:23 Split sizes: train=100 val=100 test=400, classier=40
05-19 08:34:23 Label counts train: Counter({0: 100})
05-19 08:34:23 Label counts val:   Counter({0: 100})
05-19 08:34:23 Label counts test:  Counter({2: 100, 1: 100, 3: 100, 0: 100})
05-19 08:34:23 Label counts classifier:  Counter({1: 10, 3: 10, 0: 10, 2: 10})
05-19 08:34:23 Label counts classifier validation:  Counter({0: 10, 2: 10, 1: 10, 3: 10})
05-19 08:34:25 -----Epoch 0/49-----
05-19 08:34:25 current lr: 0.05
05-19 08:34:25 Saved best checkpoint to ./checkpoint\SSF_CWRU_0519-083423\best_pt (val_loss=-0.0427)
05-19 08:34:25 Epoch 000 Train loss 0.0137 | Val loss -0.0427
05-19 08:34:25 -----Epoch 1/49-----
05-19 08:34:26 current lr: 0.0499507
05-19 08:34:26 Saved best checkpoint to ./checkpoint\SSF_CWRU_0519-083423\best_pt (val_loss=-0.3140)
05-19 08:34:26 Epoch 001 Train loss -0.3704 | Val loss -0.3140
05-19 08:34:26 -----Epoch 2/49-----
05-19 08:34:26 current lr: 0.0498029
05-19 08:34:26 Saved best checkpoint to ./checkpoint\SSF_CWRU_0519-083423\best_pt (val_loss=-0.5558)
05-19 08:34:26 Epoch 002 Train loss -0.7420 | Val loss -0.5558
05-19 08:34:26 -----Epoch 3/49-----
05-19 08:34:26 current lr: 0.0495573
05-19 08:34:26 Saved best checkpoint to ./checkpoint\SSF_CWRU_0519-083423\best_pt (val_loss=-0.6625)
05-19 08:34:26 Epoch 003 Train loss -0.8985 | Val loss -0.6625
05-19 08:34:26 -----Epoch 4/49-----
05-19 08:34:26 current lr: 0.0492147
05-19 08:34:26 Saved best checkpoint to ./checkpoint\SSF_CWRU_0519-083423\best_pt (val_loss=-0.7008)
05-19 08:34:26 Epoch 004 Train loss -0.9506 | Val loss -0.7008
05-19 08:34:26 -----Epoch 5/49-----
05-19 08:34:26 current lr: 0.0487767
05-19 08:34:26 Saved best checkpoint to ./checkpoint\SSF_CWRU_0519-083423\best_pt (val_loss=-0.7008)
05-19 08:34:26 Epoch 005 Train loss -0.9662 | Val loss -0.7008
05-19 08:34:26 -----Epoch 6/49-----
05-19 08:34:26 current lr: 0.0482448
05-19 08:34:26 No improvement in val_loss for 1/10 epochs.
05-19 08:34:26 Epoch 006 Train loss -0.9722 | Val loss -0.6937
05-19 08:34:26 -----Epoch 7/49-----
05-19 08:34:26 current lr: 0.0476212
05-19 08:34:26 No improvement in val_loss for 2/10 epochs.
05-19 08:34:26 Epoch 007 Train loss -0.9748 | Val loss -0.6825
05-19 08:34:26 -----Epoch 8/49-----
05-19 08:34:27 current lr: 0.0469083
05-19 08:34:27 No improvement in val_loss for 3/10 epochs.
05-19 08:34:27 Epoch 008 Train loss -0.9762 | Val loss -0.6713
05-19 08:34:27 -----Epoch 9/49-----
05-19 08:34:27 current lr: 0.046109
05-19 08:34:27 No improvement in val_loss for 4/10 epochs.
05-19 08:34:27 Epoch 009 Train loss -0.9771 | Val loss -0.6684
05-19 08:34:27 -----Epoch 10/49-----
05-19 08:34:27 current lr: 0.0452264
05-19 08:34:27 No improvement in val_loss for 5/10 epochs.
05-19 08:34:27 Epoch 010 Train loss -0.9789 | Val loss -0.6735
05-19 08:34:27 -----Epoch 11/49-----
05-19 08:34:27 current lr: 0.044264
05-19 08:34:27 No improvement in val_loss for 6/10 epochs.
05-19 08:34:27 Epoch 011 Train loss -0.9802 | Val loss -0.6853
05-19 08:34:27 -----Epoch 12/49-----
05-19 08:34:27 current lr: 0.0432256
05-19 08:34:27 No improvement in val_loss for 7/10 epochs.
05-19 08:34:27 Epoch 012 Train loss -0.9817 | Val loss -0.7007
05-19 08:34:27 -----Epoch 13/49-----
05-19 08:34:27 current lr: 0.0421153
05-19 08:34:27 Saved best checkpoint to ./checkpoint\SSF_CWRU_0519-083423\best_pt (val_loss=-0.7177)
05-19 08:34:27 Epoch 013 Train loss -0.9824 | Val loss -0.7177
05-19 08:34:27 -----Epoch 14/49-----
05-19 08:34:28 current lr: 0.0409374
05-19 08:34:28 Saved best checkpoint to ./checkpoint\SSF_CWRU_0519-083423\best_pt (val_loss=-0.7356)
05-19 08:34:28 Epoch 014 Train loss -0.9832 | Val loss -0.7356
05-19 08:34:28 -----Epoch 15/49-----
05-19 08:34:28 current lr: 0.0396967
05-19 08:34:28 Saved best checkpoint to ./checkpoint\SSF_CWRU_0519-083423\best_pt (val_loss=-0.7533)
05-19 08:34:28 Epoch 015 Train loss -0.9842 | Val loss -0.7533
05-19 08:34:28 -----Epoch 16/49-----
05-19 08:34:28 current lr: 0.038398
05-19 08:34:28 Saved best checkpoint to ./checkpoint\SSF_CWRU_0519-083423\best_pt (val_loss=-0.7701)
05-19 08:34:28 Epoch 016 Train loss -0.9850 | Val loss -0.7701
05-19 08:34:28 -----Epoch 17/49-----
05-19 08:34:28 current lr: 0.0370464
05-19 08:34:28 Saved best checkpoint to ./checkpoint\SSF_CWRU_0519-083423\best_pt (val_loss=-0.7850)
05-19 08:34:28 Epoch 017 Train loss -0.9851 | Val loss -0.7850
05-19 08:34:28 -----Epoch 18/49-----
05-19 08:34:28 current lr: 0.0356474
05-19 08:34:28 Saved best checkpoint to ./checkpoint\SSF_CWRU_0519-083423\best_pt (val_loss=-0.7980)
05-19 08:34:28 Epoch 018 Train loss -0.9857 | Val loss -0.7980
05-19 08:34:28 -----Epoch 19/49-----
05-19 08:34:28 current lr: 0.0342063
05-19 08:34:28 Saved best checkpoint to ./checkpoint\SSF_CWRU_0519-083423\best_pt (val_loss=-0.8083)
05-19 08:34:28 Epoch 019 Train loss -0.9859 | Val loss -0.8083
05-19 08:34:28 -----Epoch 20/49-----
05-19 08:34:28 current lr: 0.0327289
05-19 08:34:28 Saved best checkpoint to ./checkpoint\SSF_CWRU_0519-083423\best_pt (val_loss=-0.8166)
05-19 08:34:28 Epoch 020 Train loss -0.9867 | Val loss -0.8166
05-19 08:34:28 -----Epoch 21/49-----
05-19 08:34:29 current lr: 0.031221
05-19 08:34:29 Saved best checkpoint to ./checkpoint\SSF_CWRU_0519-083423\best_pt (val_loss=-0.8236)
05-19 08:34:29 Epoch 021 Train loss -0.9874 | Val loss -0.8236
05-19 08:34:29 -----Epoch 22/49-----
05-19 08:34:29 current lr: 0.0296886
05-19 08:34:29 Saved best checkpoint to ./checkpoint\SSF_CWRU_0519-083423\best_pt (val_loss=-0.8287)
05-19 08:34:29 Epoch 022 Train loss -0.9877 | Val loss -0.8287
05-19 08:34:29 -----Epoch 23/49-----
05-19 08:34:29 current lr: 0.0281377
05-19 08:34:29 Saved best checkpoint to ./checkpoint\SSF_CWRU_0519-083423\best_pt (val_loss=-0.8332)
05-19 08:34:29 Epoch 023 Train loss -0.9875 | Val loss -0.8332
05-19 08:34:29 -----Epoch 24/49-----
05-19 08:34:29 current lr: 0.0265744
05-19 08:34:29 Saved best checkpoint to ./checkpoint\SSF_CWRU_0519-083423\best_pt (val_loss=-0.8362)
05-19 08:34:29 Epoch 024 Train loss -0.9882 | Val loss -0.8362
05-19 08:34:29 -----Epoch 25/49-----
05-19 08:34:29 current lr: 0.025005
05-19 08:34:29 Saved best checkpoint to ./checkpoint\SSF_CWRU_0519-083423\best_pt (val_loss=-0.8389)
05-19 08:34:29 Epoch 025 Train loss -0.9884 | Val loss -0.8389
05-19 08:34:29 -----Epoch 26/49-----
05-19 08:34:29 current lr: 0.0234356
05-19 08:34:29 Saved best checkpoint to ./checkpoint\SSF_CWRU_0519-083423\best_pt (val_loss=-0.8409)
05-19 08:34:29 Epoch 026 Train loss -0.9885 | Val loss -0.8409
05-19 08:34:29 -----Epoch 27/49-----
05-19 08:34:30 current lr: 0.0218723
05-19 08:34:30 Saved best checkpoint to ./checkpoint\SSF_CWRU_0519-083423\best_pt (val_loss=-0.8426)
05-19 08:34:30 Epoch 027 Train loss -0.9889 | Val loss -0.8426
05-19 08:34:30 -----Epoch 28/49-----
05-19 08:34:30 current lr: 0.0203214
05-19 08:34:30 Saved best checkpoint to ./checkpoint\SSF_CWRU_0519-083423\best_pt (val_loss=-0.8435)
05-19 08:34:30 Epoch 028 Train loss -0.9892 | Val loss -0.8435
05-19 08:34:30 -----Epoch 29/49-----
05-19 08:34:30 current lr: 0.018789
05-19 08:34:30 Saved best checkpoint to ./checkpoint\SSF_CWRU_0519-083423\best_pt (val_loss=-0.8451)
05-19 08:34:30 Epoch 029 Train loss -0.9892 | Val loss -0.8451
05-19 08:34:30 -----Epoch 30/49-----
05-19 08:34:30 current lr: 0.0172811
05-19 08:34:30 Saved best checkpoint to ./checkpoint\SSF_CWRU_0519-083423\best_pt (val_loss=-0.8458)
05-19 08:34:30 Epoch 030 Train loss -0.9890 | Val loss -0.8458
05-19 08:34:30 -----Epoch 31/49-----
05-19 08:34:30 current lr: 0.0158037
05-19 08:34:30 Saved best checkpoint to ./checkpoint\SSF_CWRU_0519-083423\best_pt (val_loss=-0.8468)
05-19 08:34:30 Epoch 031 Train loss -0.9896 | Val loss -0.8468
05-19 08:34:30 -----Epoch 32/49-----
05-19 08:34:30 current lr: 0.0143626
05-19 08:34:30 Saved best checkpoint to ./checkpoint\SSF_CWRU_0519-083423\best_pt (val_loss=-0.8478)
05-19 08:34:30 Epoch 032 Train loss -0.9899 | Val loss -0.8478
05-19 08:34:30 -----Epoch 33/49-----
05-19 08:34:31 current lr: 0.0129636
05-19 08:34:31 Saved best checkpoint to ./checkpoint\SSF_CWRU_0519-083423\best_pt (val_loss=-0.8487)
05-19 08:34:31 Epoch 033 Train loss -0.9895 | Val loss -0.8487
05-19 08:34:31 -----Epoch 34/49-----
05-19 08:34:31 current lr: 0.011612
05-19 08:34:31 Saved best checkpoint to ./checkpoint\SSF_CWRU_0519-083423\best_pt (val_loss=-0.8492)
05-19 08:34:31 Epoch 034 Train loss -0.9891 | Val loss -0.8492
05-19 08:34:31 -----Epoch 35/49-----
05-19 08:34:31 current lr: 0.0103133
05-19 08:34:31 Saved best checkpoint to ./checkpoint\SSF_CWRU_0519-083423\best_pt (val_loss=-0.8495)
05-19 08:34:31 Epoch 035 Train loss -0.9892 | Val loss -0.8495
05-19 08:34:31 -----Epoch 36/49-----
05-19 08:34:31 current lr: 0.00907259
05-19 08:34:31 Saved best checkpoint to ./checkpoint\SSF_CWRU_0519-083423\best_pt (val_loss=-0.8498)
05-19 08:34:31 Epoch 036 Train loss -0.9895 | Val loss -0.8498
05-19 08:34:31 -----Epoch 37/49-----
05-19 08:34:31 current lr: 0.00789475
05-19 08:34:31 No improvement in val_loss for 1/10 epochs.
05-19 08:34:31 Epoch 037 Train loss -0.9901 | Val loss -0.8497
05-19 08:34:31 -----Epoch 38/49-----
05-19 08:34:31 current lr: 0.00678443
05-19 08:34:31 Saved best checkpoint to ./checkpoint\SSF_CWRU_0519-083423\best_pt (val_loss=-0.8506)
05-19 08:34:31 Epoch 038 Train loss -0.9903 | Val loss -0.8506
05-19 08:34:31 -----Epoch 39/49-----
05-19 08:34:32 current lr: 0.00574602
05-19 08:34:32 Saved best checkpoint to ./checkpoint\SSF_CWRU_0519-083423\best_pt (val_loss=-0.8510)
05-19 08:34:32 Epoch 039 Train loss -0.9901 | Val loss -0.8510
05-19 08:34:32 -----Epoch 40/49-----
05-19 08:34:32 current lr: 0.00478362
05-19 08:34:32 No improvement in val_loss for 1/10 epochs.
05-19 08:34:32 Epoch 040 Train loss -0.9908 | Val loss -0.8509
05-19 08:34:32 -----Epoch 41/49-----
05-19 08:34:32 current lr: 0.00390102
05-19 08:34:32 Saved best checkpoint to ./checkpoint\SSF_CWRU_0519-083423\best_pt (val_loss=-0.8516)
05-19 08:34:32 Epoch 041 Train loss -0.9906 | Val loss -0.8516
05-19 08:34:32 -----Epoch 42/49-----
05-19 08:34:32 current lr: 0.00310171
05-19 08:34:32 No improvement in val_loss for 1/10 epochs.
05-19 08:34:32 Epoch 042 Train loss -0.9898 | Val loss -0.8514
05-19 08:34:32 -----Epoch 43/49-----
05-19 08:34:32 current lr: 0.00238885
05-19 08:34:32 Saved best checkpoint to ./checkpoint\SSF_CWRU_0519-083423\best_pt (val_loss=-0.8520)
05-19 08:34:32 Epoch 043 Train loss -0.9901 | Val loss -0.8520
05-19 08:34:32 -----Epoch 44/49-----
05-19 08:34:32 current lr: 0.00176524
05-19 08:34:32 No improvement in val_loss for 1/10 epochs.
05-19 08:34:32 Epoch 044 Train loss -0.9895 | Val loss -0.8517
05-19 08:34:32 -----Epoch 45/49-----
05-19 08:34:33 current lr: 0.00123334
05-19 08:34:33 No improvement in val_loss for 2/10 epochs.
05-19 08:34:33 Epoch 045 Train loss -0.9899 | Val loss -0.8515
05-19 08:34:33 -----Epoch 46/49-----
05-19 08:34:33 current lr: 0.000795264
05-19 08:34:33 No improvement in val_loss for 3/10 epochs.
05-19 08:34:33 Epoch 046 Train loss -0.9897 | Val loss -0.8512
05-19 08:34:33 -----Epoch 47/49-----
05-19 08:34:33 current lr: 0.00045273
05-19 08:34:33 No improvement in val_loss for 4/10 epochs.
05-19 08:34:33 Epoch 047 Train loss -0.9905 | Val loss -0.8512
05-19 08:34:33 -----Epoch 48/49-----
05-19 08:34:33 current lr: 0.000207093
05-19 08:34:33 No improvement in val_loss for 5/10 epochs.
05-19 08:34:33 Epoch 048 Train loss -0.9904 | Val loss -0.8511
05-19 08:34:33 -----Epoch 49/49-----
05-19 08:34:33 current lr: 5.93219e-05
05-19 08:34:33 No improvement in val_loss for 6/10 epochs.
05-19 08:34:33 Epoch 049 Train loss -0.9903 | Val loss -0.8508
05-19 08:34:33 TEST (last): loss -0.6646
05-19 08:34:33 Loaded best checkpoint from ./checkpoint\SSF_CWRU_0519-083423\best_pt (val_loss=-0.8519572830200195)
05-19 08:34:33 TEST (best): loss -0.6645
05-19 08:34:36 Threshold: 0.23966452865078358
05-19 08:34:36 Binary accuracy: 0.750000
05-19 08:34:36 Confusion matrix:
[[  0 100]
 [  0 300]]
05-19 08:34:36 Report:
              precision    recall  f1-score   support

      normal       0.00      0.00      0.00       100
     anomaly       0.75      1.00      0.86       300

    accuracy                           0.75       400
   macro avg       0.38      0.50      0.43       400
weighted avg       0.56      0.75      0.64       400

05-19 08:34:36 Rates: {1: 1.0, 2: 1.0, 3: 1.0}
05-19 08:34:36 [LP epoch 00] train_loss=1.6683 train_acc=0.2500 | val_loss=1.8964 val_acc=0.2500 | 
05-19 08:34:37 [LP epoch 01] train_loss=1.6404 train_acc=0.2500 | val_loss=1.7750 val_acc=0.2500 | 
05-19 08:34:37 [LP epoch 02] train_loss=1.6264 train_acc=0.2500 | val_loss=1.6955 val_acc=0.2500 | 
05-19 08:34:37 [LP epoch 03] train_loss=1.6081 train_acc=0.2500 | val_loss=1.6510 val_acc=0.2500 | 
05-19 08:34:37 [LP epoch 04] train_loss=1.5746 train_acc=0.2500 | val_loss=1.6301 val_acc=0.2500 | 
05-19 08:34:37 [LP epoch 05] train_loss=1.5653 train_acc=0.2500 | val_loss=1.6135 val_acc=0.2500 | 
05-19 08:34:37 [LP epoch 06] train_loss=1.5528 train_acc=0.2500 | val_loss=1.5904 val_acc=0.2500 | 
05-19 08:34:37 [LP epoch 07] train_loss=1.5433 train_acc=0.2500 | val_loss=1.5740 val_acc=0.2500 | 
05-19 08:34:37 [LP epoch 08] train_loss=1.5269 train_acc=0.2500 | val_loss=1.5572 val_acc=0.2500 | 
05-19 08:34:37 [LP epoch 09] train_loss=1.4976 train_acc=0.2500 | val_loss=1.5333 val_acc=0.2500 | 
05-19 08:34:37 [LP epoch 10] train_loss=1.4906 train_acc=0.2500 | val_loss=1.5193 val_acc=0.2500 | 
05-19 08:34:37 [LP epoch 11] train_loss=1.4778 train_acc=0.2500 | val_loss=1.4989 val_acc=0.2500 | 
05-19 08:34:37 [LP epoch 12] train_loss=1.4721 train_acc=0.2500 | val_loss=1.4843 val_acc=0.2500 | 
05-19 08:34:37 [LP epoch 13] train_loss=1.4567 train_acc=0.2500 | val_loss=1.4645 val_acc=0.2500 | 
05-19 08:34:37 [LP epoch 14] train_loss=1.4445 train_acc=0.2500 | val_loss=1.4494 val_acc=0.2500 | 
05-19 08:34:37 [LP epoch 15] train_loss=1.4411 train_acc=0.2750 | val_loss=1.4316 val_acc=0.2500 | 
05-19 08:34:37 [LP epoch 16] train_loss=1.4063 train_acc=0.2500 | val_loss=1.4098 val_acc=0.2500 | 
05-19 08:34:37 [LP epoch 17] train_loss=1.4094 train_acc=0.2750 | val_loss=1.3936 val_acc=0.2500 | 
05-19 08:34:37 [LP epoch 18] train_loss=1.3967 train_acc=0.4000 | val_loss=1.3782 val_acc=0.2500 | 
05-19 08:34:37 [LP epoch 19] train_loss=1.3759 train_acc=0.3750 | val_loss=1.3591 val_acc=0.2500 | 
05-19 08:34:37 [LP epoch 20] train_loss=1.3556 train_acc=0.4000 | val_loss=1.3384 val_acc=0.2500 | 
05-19 08:34:37 [LP epoch 21] train_loss=1.3652 train_acc=0.2500 | val_loss=1.3201 val_acc=0.3000 | 
05-19 08:34:38 [LP epoch 22] train_loss=1.3342 train_acc=0.4500 | val_loss=1.3104 val_acc=0.3750 | 
05-19 08:34:38 [LP epoch 23] train_loss=1.3098 train_acc=0.5000 | val_loss=1.3141 val_acc=0.3750 | 
05-19 08:34:38 [LP epoch 24] train_loss=1.3041 train_acc=0.4000 | val_loss=1.3184 val_acc=0.4250 | 
05-19 08:34:38 [LP epoch 25] train_loss=1.3052 train_acc=0.4250 | val_loss=1.3173 val_acc=0.4500 | 
05-19 08:34:38 [LP epoch 26] train_loss=1.3072 train_acc=0.4000 | val_loss=1.2959 val_acc=0.4500 | 
05-19 08:34:38 [LP epoch 27] train_loss=1.2886 train_acc=0.4250 | val_loss=1.2656 val_acc=0.4500 | 
05-19 08:34:38 [LP epoch 28] train_loss=1.2668 train_acc=0.5000 | val_loss=1.2417 val_acc=0.5000 | 
05-19 08:34:38 [LP epoch 29] train_loss=1.2576 train_acc=0.5000 | val_loss=1.2344 val_acc=0.5000 | 
05-19 08:34:38 [LP epoch 30] train_loss=1.2492 train_acc=0.5000 | val_loss=1.2196 val_acc=0.5000 | 
05-19 08:34:38 [LP epoch 31] train_loss=1.2413 train_acc=0.4250 | val_loss=1.2107 val_acc=0.5000 | 
05-19 08:34:38 [LP epoch 32] train_loss=1.2199 train_acc=0.5000 | val_loss=1.1932 val_acc=0.5000 | 
05-19 08:34:38 [LP epoch 33] train_loss=1.2070 train_acc=0.5000 | val_loss=1.1719 val_acc=0.5000 | 
05-19 08:34:38 [LP epoch 34] train_loss=1.1907 train_acc=0.4500 | val_loss=1.1547 val_acc=0.5000 | 
05-19 08:34:38 [LP epoch 35] train_loss=1.1671 train_acc=0.5000 | val_loss=1.1418 val_acc=0.5250 | 
05-19 08:34:38 [LP epoch 36] train_loss=1.1363 train_acc=0.6000 | val_loss=1.1266 val_acc=0.6000 | 
05-19 08:34:38 [LP epoch 37] train_loss=1.0951 train_acc=0.6500 | val_loss=1.1203 val_acc=0.6250 | 
05-19 08:34:38 [LP epoch 38] train_loss=1.0908 train_acc=0.6750 | val_loss=1.1150 val_acc=0.6750 | 
05-19 08:34:38 [LP epoch 39] train_loss=1.0882 train_acc=0.6750 | val_loss=1.0995 val_acc=0.7250 | 
05-19 08:34:38 [LP epoch 40] train_loss=1.0649 train_acc=0.7500 | val_loss=1.0900 val_acc=0.7250 | 
05-19 08:34:38 [LP epoch 41] train_loss=1.0388 train_acc=0.7500 | val_loss=1.0743 val_acc=0.7500 | 
05-19 08:34:38 [LP epoch 42] train_loss=1.0168 train_acc=0.7500 | val_loss=1.0537 val_acc=0.7500 | 
05-19 08:34:39 [LP epoch 43] train_loss=0.9917 train_acc=0.7500 | val_loss=1.0488 val_acc=0.7500 | 
05-19 08:34:39 [LP epoch 44] train_loss=0.9933 train_acc=0.7500 | val_loss=1.0350 val_acc=0.8500 | 
05-19 08:34:39 [LP epoch 45] train_loss=0.9693 train_acc=0.7500 | val_loss=1.0260 val_acc=0.9000 | 
05-19 08:34:39 [LP epoch 46] train_loss=0.9497 train_acc=0.7500 | val_loss=1.0153 val_acc=0.9750 | 
05-19 08:34:39 [LP epoch 47] train_loss=0.9342 train_acc=0.7500 | val_loss=1.0031 val_acc=1.0000 | 
05-19 08:34:39 [LP epoch 48] train_loss=0.9351 train_acc=0.7500 | val_loss=0.9877 val_acc=1.0000 | 
05-19 08:34:39 [LP epoch 49] train_loss=0.9235 train_acc=0.8000 | val_loss=0.9759 val_acc=1.0000 | 
05-19 08:34:39 Saved linear-probe checkpoint: ./checkpoint\SSF_CWRU_0519-083423\linear_probe_best.pt (best_val_acc=1.0000)
05-19 08:34:39 TEST linear-probe: loss=0.9844 acc=0.9875
05-19 08:34:39 ================================================================================
05-19 08:34:39 RUN: aug=('gaussian', 'gaussian') hidden=128 latent=32 blocks=7 seed=1
05-19 08:34:39 model_name: SSF
05-19 08:34:39 data_name: CWRU
05-19 08:34:39 aug_1: gaussian
05-19 08:34:39 aug_2: gaussian
05-19 08:34:39 data_view: TwoViewDataset
05-19 08:34:39 data_dir: raw_data/CWRU
05-19 08:34:39 out_channel: 4
05-19 08:34:39 normlizetype: None
05-19 08:34:39 processing_type: O_N
05-19 08:34:39 max_epoch: 50
05-19 08:34:39 classifier_epoch: 50
05-19 08:34:39 batch_size: 64
05-19 08:34:39 cuda_device: 0
05-19 08:34:39 checkpoint_dir: ./checkpoint
05-19 08:34:39 opt: sgd
05-19 08:34:39 lr: 0.05
05-19 08:34:39 momentum: 0.9
05-19 08:34:39 weight_decay: 0.0001
05-19 08:34:39 lr_scheduler: cos
05-19 08:34:39 gamma: 0.95
05-19 08:34:39 eta_min: 1e-05
05-19 08:34:39 latent_space: 32
05-19 08:34:39 num_blocks_ssf: 7
05-19 08:34:39 hidden_channel: 128
05-19 08:34:39 per_class_samples: 100
05-19 08:34:39 classifier_samples: 10
05-19 08:34:39 task: self_supervised
05-19 08:34:39 critetion: <class 'utils.loss_SSL.SimSiamLoss'>
05-19 08:34:39 using 1 gpus
05-19 08:34:39 Dataset class: <class 'data_utils.datasets.CWRU.CWRU'>
05-19 08:34:39 Split sizes: train=100 val=100 test=400, classier=40
05-19 08:34:39 Label counts train: Counter({0: 100})
05-19 08:34:39 Label counts val:   Counter({0: 100})
05-19 08:34:39 Label counts test:  Counter({2: 100, 1: 100, 3: 100, 0: 100})
05-19 08:34:39 Label counts classifier:  Counter({0: 10, 2: 10, 3: 10, 1: 10})
05-19 08:34:39 Label counts classifier validation:  Counter({0: 10, 1: 10, 2: 10, 3: 10})
05-19 08:34:39 -----Epoch 0/49-----
05-19 08:34:39 current lr: 0.05
05-19 08:34:39 Saved best checkpoint to ./checkpoint\SSF_CWRU_0519-083423\best_pt (val_loss=-0.1880)
05-19 08:34:39 Epoch 000 Train loss -0.1176 | Val loss -0.1880
05-19 08:34:39 -----Epoch 1/49-----
05-19 08:34:39 current lr: 0.0499507
05-19 08:34:39 Saved best checkpoint to ./checkpoint\SSF_CWRU_0519-083423\best_pt (val_loss=-0.4464)
05-19 08:34:39 Epoch 001 Train loss -0.5035 | Val loss -0.4464
05-19 08:34:39 -----Epoch 2/49-----
05-19 08:34:40 current lr: 0.0498029
05-19 08:34:40 Saved best checkpoint to ./checkpoint\SSF_CWRU_0519-083423\best_pt (val_loss=-0.5339)
05-19 08:34:40 Epoch 002 Train loss -0.8238 | Val loss -0.5339
05-19 08:34:40 -----Epoch 3/49-----
05-19 08:34:40 current lr: 0.0495573
05-19 08:34:40 Saved best checkpoint to ./checkpoint\SSF_CWRU_0519-083423\best_pt (val_loss=-0.5937)
05-19 08:34:40 Epoch 003 Train loss -0.9336 | Val loss -0.5937
05-19 08:34:40 -----Epoch 4/49-----
05-19 08:34:40 current lr: 0.0492147
05-19 08:34:40 Saved best checkpoint to ./checkpoint\SSF_CWRU_0519-083423\best_pt (val_loss=-0.6123)
05-19 08:34:40 Epoch 004 Train loss -0.9614 | Val loss -0.6123
05-19 08:34:40 -----Epoch 5/49-----
05-19 08:34:40 current lr: 0.0487767
05-19 08:34:40 No improvement in val_loss for 1/10 epochs.
05-19 08:34:40 Epoch 005 Train loss -0.9683 | Val loss -0.5959
05-19 08:34:40 -----Epoch 6/49-----
05-19 08:34:40 current lr: 0.0482448
05-19 08:34:40 No improvement in val_loss for 2/10 epochs.
05-19 08:34:40 Epoch 006 Train loss -0.9708 | Val loss -0.5807
05-19 08:34:40 -----Epoch 7/49-----
05-19 08:34:40 current lr: 0.0476212
05-19 08:34:40 No improvement in val_loss for 3/10 epochs.
05-19 08:34:40 Epoch 007 Train loss -0.9739 | Val loss -0.5751
05-19 08:34:40 -----Epoch 8/49-----
05-19 08:34:40 current lr: 0.0469083
05-19 08:34:40 No improvement in val_loss for 4/10 epochs.
05-19 08:34:40 Epoch 008 Train loss -0.9743 | Val loss -0.5834
05-19 08:34:40 -----Epoch 9/49-----
05-19 08:34:41 current lr: 0.046109
05-19 08:34:41 No improvement in val_loss for 5/10 epochs.
05-19 08:34:41 Epoch 009 Train loss -0.9755 | Val loss -0.5967
05-19 08:34:41 -----Epoch 10/49-----
05-19 08:34:41 current lr: 0.0452264
05-19 08:34:41 Saved best checkpoint to ./checkpoint\SSF_CWRU_0519-083423\best_pt (val_loss=-0.6128)
05-19 08:34:41 Epoch 010 Train loss -0.9772 | Val loss -0.6128
05-19 08:34:41 -----Epoch 11/49-----
05-19 08:34:41 current lr: 0.044264
05-19 08:34:41 Saved best checkpoint to ./checkpoint\SSF_CWRU_0519-083423\best_pt (val_loss=-0.6315)
05-19 08:34:41 Epoch 011 Train loss -0.9789 | Val loss -0.6315
05-19 08:34:41 -----Epoch 12/49-----
05-19 08:34:41 current lr: 0.0432256
05-19 08:34:41 Saved best checkpoint to ./checkpoint\SSF_CWRU_0519-083423\best_pt (val_loss=-0.6530)
05-19 08:34:41 Epoch 012 Train loss -0.9808 | Val loss -0.6530
05-19 08:34:41 -----Epoch 13/49-----
05-19 08:34:41 current lr: 0.0421153
05-19 08:34:41 Saved best checkpoint to ./checkpoint\SSF_CWRU_0519-083423\best_pt (val_loss=-0.6778)
05-19 08:34:41 Epoch 013 Train loss -0.9829 | Val loss -0.6778
05-19 08:34:41 -----Epoch 14/49-----
05-19 08:34:41 current lr: 0.0409374
05-19 08:34:41 Saved best checkpoint to ./checkpoint\SSF_CWRU_0519-083423\best_pt (val_loss=-0.7041)
05-19 08:34:41 Epoch 014 Train loss -0.9827 | Val loss -0.7041
05-19 08:34:41 -----Epoch 15/49-----
05-19 08:34:42 current lr: 0.0396967
05-19 08:34:42 Saved best checkpoint to ./checkpoint\SSF_CWRU_0519-083423\best_pt (val_loss=-0.7285)
05-19 08:34:42 Epoch 015 Train loss -0.9835 | Val loss -0.7285
05-19 08:34:42 -----Epoch 16/49-----
05-19 08:34:42 current lr: 0.038398
05-19 08:34:42 Saved best checkpoint to ./checkpoint\SSF_CWRU_0519-083423\best_pt (val_loss=-0.7504)
05-19 08:34:42 Epoch 016 Train loss -0.9858 | Val loss -0.7504
05-19 08:34:42 -----Epoch 17/49-----
05-19 08:34:42 current lr: 0.0370464
05-19 08:34:42 Saved best checkpoint to ./checkpoint\SSF_CWRU_0519-083423\best_pt (val_loss=-0.7692)
05-19 08:34:42 Epoch 017 Train loss -0.9859 | Val loss -0.7692
05-19 08:34:42 -----Epoch 18/49-----
05-19 08:34:42 current lr: 0.0356474
05-19 08:34:42 Saved best checkpoint to ./checkpoint\SSF_CWRU_0519-083423\best_pt (val_loss=-0.7848)
05-19 08:34:42 Epoch 018 Train loss -0.9865 | Val loss -0.7848
05-19 08:34:42 -----Epoch 19/49-----
05-19 08:34:42 current lr: 0.0342063
05-19 08:34:42 Saved best checkpoint to ./checkpoint\SSF_CWRU_0519-083423\best_pt (val_loss=-0.7971)
05-19 08:34:42 Epoch 019 Train loss -0.9873 | Val loss -0.7971
05-19 08:34:42 -----Epoch 20/49-----
05-19 08:34:43 current lr: 0.0327289
05-19 08:34:43 Saved best checkpoint to ./checkpoint\SSF_CWRU_0519-083423\best_pt (val_loss=-0.8060)
05-19 08:34:43 Epoch 020 Train loss -0.9891 | Val loss -0.8060
05-19 08:34:43 -----Epoch 21/49-----
05-19 08:34:43 current lr: 0.031221
05-19 08:34:43 Saved best checkpoint to ./checkpoint\SSF_CWRU_0519-083423\best_pt (val_loss=-0.8124)
05-19 08:34:43 Epoch 021 Train loss -0.9880 | Val loss -0.8124
05-19 08:34:43 -----Epoch 22/49-----
05-19 08:34:43 current lr: 0.0296886
05-19 08:34:43 Saved best checkpoint to ./checkpoint\SSF_CWRU_0519-083423\best_pt (val_loss=-0.8178)
05-19 08:34:43 Epoch 022 Train loss -0.9889 | Val loss -0.8178
05-19 08:34:43 -----Epoch 23/49-----
05-19 08:34:43 current lr: 0.0281377
05-19 08:34:43 Saved best checkpoint to ./checkpoint\SSF_CWRU_0519-083423\best_pt (val_loss=-0.8211)
05-19 08:34:43 Epoch 023 Train loss -0.9882 | Val loss -0.8211
05-19 08:34:43 -----Epoch 24/49-----
05-19 08:34:43 current lr: 0.0265744
05-19 08:34:43 Saved best checkpoint to ./checkpoint\SSF_CWRU_0519-083423\best_pt (val_loss=-0.8227)
05-19 08:34:43 Epoch 024 Train loss -0.9892 | Val loss -0.8227
05-19 08:34:43 -----Epoch 25/49-----
05-19 08:34:43 current lr: 0.025005
05-19 08:34:43 Saved best checkpoint to ./checkpoint\SSF_CWRU_0519-083423\best_pt (val_loss=-0.8243)
05-19 08:34:43 Epoch 025 Train loss -0.9897 | Val loss -0.8243
05-19 08:34:43 -----Epoch 26/49-----
05-19 08:34:44 current lr: 0.0234356
05-19 08:34:44 Saved best checkpoint to ./checkpoint\SSF_CWRU_0519-083423\best_pt (val_loss=-0.8260)
05-19 08:34:44 Epoch 026 Train loss -0.9895 | Val loss -0.8260
05-19 08:34:44 -----Epoch 27/49-----
05-19 08:34:44 current lr: 0.0218723
05-19 08:34:44 Saved best checkpoint to ./checkpoint\SSF_CWRU_0519-083423\best_pt (val_loss=-0.8271)
05-19 08:34:44 Epoch 027 Train loss -0.9901 | Val loss -0.8271
05-19 08:34:44 -----Epoch 28/49-----
05-19 08:34:44 current lr: 0.0203214
05-19 08:34:44 Saved best checkpoint to ./checkpoint\SSF_CWRU_0519-083423\best_pt (val_loss=-0.8281)
05-19 08:34:44 Epoch 028 Train loss -0.9904 | Val loss -0.8281
05-19 08:34:44 -----Epoch 29/49-----
05-19 08:34:44 current lr: 0.018789
05-19 08:34:44 Saved best checkpoint to ./checkpoint\SSF_CWRU_0519-083423\best_pt (val_loss=-0.8287)
05-19 08:34:44 Epoch 029 Train loss -0.9904 | Val loss -0.8287
05-19 08:34:44 -----Epoch 30/49-----
05-19 08:34:44 current lr: 0.0172811
05-19 08:34:44 Saved best checkpoint to ./checkpoint\SSF_CWRU_0519-083423\best_pt (val_loss=-0.8295)
05-19 08:34:44 Epoch 030 Train loss -0.9894 | Val loss -0.8295
05-19 08:34:44 -----Epoch 31/49-----
05-19 08:34:44 current lr: 0.0158037
05-19 08:34:44 No improvement in val_loss for 1/10 epochs.
05-19 08:34:44 Epoch 031 Train loss -0.9902 | Val loss -0.8294
05-19 08:34:44 -----Epoch 32/49-----
05-19 08:34:44 current lr: 0.0143626
05-19 08:34:44 Saved best checkpoint to ./checkpoint\SSF_CWRU_0519-083423\best_pt (val_loss=-0.8297)
05-19 08:34:44 Epoch 032 Train loss -0.9906 | Val loss -0.8297
05-19 08:34:44 -----Epoch 33/49-----
05-19 08:34:45 current lr: 0.0129636
05-19 08:34:45 Saved best checkpoint to ./checkpoint\SSF_CWRU_0519-083423\best_pt (val_loss=-0.8304)
05-19 08:34:45 Epoch 033 Train loss -0.9905 | Val loss -0.8304
05-19 08:34:45 -----Epoch 34/49-----
05-19 08:34:45 current lr: 0.011612
05-19 08:34:45 Saved best checkpoint to ./checkpoint\SSF_CWRU_0519-083423\best_pt (val_loss=-0.8310)
05-19 08:34:45 Epoch 034 Train loss -0.9899 | Val loss -0.8310
05-19 08:34:45 -----Epoch 35/49-----
05-19 08:34:45 current lr: 0.0103133
05-19 08:34:45 Saved best checkpoint to ./checkpoint\SSF_CWRU_0519-083423\best_pt (val_loss=-0.8314)
05-19 08:34:45 Epoch 035 Train loss -0.9903 | Val loss -0.8314
05-19 08:34:45 -----Epoch 36/49-----
05-19 08:34:45 current lr: 0.00907259
05-19 08:34:45 No improvement in val_loss for 1/10 epochs.
05-19 08:34:45 Epoch 036 Train loss -0.9897 | Val loss -0.8308
05-19 08:34:45 -----Epoch 37/49-----
05-19 08:34:45 current lr: 0.00789475
05-19 08:34:45 No improvement in val_loss for 2/10 epochs.
05-19 08:34:45 Epoch 037 Train loss -0.9903 | Val loss -0.8306
05-19 08:34:45 -----Epoch 38/49-----
05-19 08:34:45 current lr: 0.00678443
05-19 08:34:45 No improvement in val_loss for 3/10 epochs.
05-19 08:34:45 Epoch 038 Train loss -0.9901 | Val loss -0.8298
05-19 08:34:45 -----Epoch 39/49-----
05-19 08:34:45 current lr: 0.00574602
05-19 08:34:45 No improvement in val_loss for 4/10 epochs.
05-19 08:34:45 Epoch 039 Train loss -0.9910 | Val loss -0.8305
05-19 08:34:45 -----Epoch 40/49-----
05-19 08:34:46 current lr: 0.00478362
05-19 08:34:46 No improvement in val_loss for 5/10 epochs.
05-19 08:34:46 Epoch 040 Train loss -0.9909 | Val loss -0.8310
05-19 08:34:46 -----Epoch 41/49-----
05-19 08:34:46 current lr: 0.00390102
05-19 08:34:46 No improvement in val_loss for 6/10 epochs.
05-19 08:34:46 Epoch 041 Train loss -0.9906 | Val loss -0.8314
05-19 08:34:46 -----Epoch 42/49-----
05-19 08:34:46 current lr: 0.00310171
05-19 08:34:46 No improvement in val_loss for 7/10 epochs.
05-19 08:34:46 Epoch 042 Train loss -0.9900 | Val loss -0.8311
05-19 08:34:46 -----Epoch 43/49-----
05-19 08:34:46 current lr: 0.00238885
05-19 08:34:46 No improvement in val_loss for 8/10 epochs.
05-19 08:34:46 Epoch 043 Train loss -0.9903 | Val loss -0.8305
05-19 08:34:46 -----Epoch 44/49-----
05-19 08:34:46 current lr: 0.00176524
05-19 08:34:46 No improvement in val_loss for 9/10 epochs.
05-19 08:34:46 Epoch 044 Train loss -0.9903 | Val loss -0.8306
05-19 08:34:46 -----Epoch 45/49-----
05-19 08:34:46 current lr: 0.00123334
05-19 08:34:46 No improvement in val_loss for 10/10 epochs.
05-19 08:34:46 Early stopping at epoch 45 (best val_loss=-0.8314).
05-19 08:34:46 TEST (last): loss -0.7317
05-19 08:34:46 Loaded best checkpoint from ./checkpoint\SSF_CWRU_0519-083423\best_pt (val_loss=-0.8314332628250122)
05-19 08:34:47 TEST (best): loss -0.7301
05-19 08:34:47 Threshold: 0.22035189463855126
05-19 08:34:47 Binary accuracy: 0.750000
05-19 08:34:47 Confusion matrix:
[[  0 100]
 [  0 300]]
05-19 08:34:47 Report:
              precision    recall  f1-score   support

      normal       0.00      0.00      0.00       100
     anomaly       0.75      1.00      0.86       300

    accuracy                           0.75       400
   macro avg       0.38      0.50      0.43       400
weighted avg       0.56      0.75      0.64       400

05-19 08:34:47 Rates: {1: 1.0, 2: 1.0, 3: 1.0}
05-19 08:34:47 [LP epoch 00] train_loss=1.4554 train_acc=0.2750 | val_loss=1.6430 val_acc=0.5000 | 
05-19 08:34:47 [LP epoch 01] train_loss=1.4062 train_acc=0.3750 | val_loss=1.5077 val_acc=0.5000 | 
05-19 08:34:47 [LP epoch 02] train_loss=1.3415 train_acc=0.3250 | val_loss=1.4217 val_acc=0.7500 | 
05-19 08:34:47 [LP epoch 03] train_loss=1.3161 train_acc=0.3250 | val_loss=1.3817 val_acc=0.7500 | 
05-19 08:34:47 [LP epoch 04] train_loss=1.2606 train_acc=0.6000 | val_loss=1.3335 val_acc=0.7500 | 
05-19 08:34:47 [LP epoch 05] train_loss=1.2402 train_acc=0.6500 | val_loss=1.2964 val_acc=0.7500 | 
05-19 08:34:47 [LP epoch 06] train_loss=1.2227 train_acc=0.7000 | val_loss=1.2582 val_acc=0.7500 | 
05-19 08:34:47 [LP epoch 07] train_loss=1.1896 train_acc=0.6750 | val_loss=1.2275 val_acc=0.6500 | 
05-19 08:34:47 [LP epoch 08] train_loss=1.1798 train_acc=0.7250 | val_loss=1.2050 val_acc=0.5750 | 
05-19 08:34:47 [LP epoch 09] train_loss=1.1628 train_acc=0.7500 | val_loss=1.1834 val_acc=0.6000 | 
05-19 08:34:47 [LP epoch 10] train_loss=1.1524 train_acc=0.6750 | val_loss=1.1622 val_acc=0.7250 | 
05-19 08:34:47 [LP epoch 11] train_loss=1.1384 train_acc=0.7250 | val_loss=1.1420 val_acc=0.8000 | 
05-19 08:34:47 [LP epoch 12] train_loss=1.1349 train_acc=0.7250 | val_loss=1.1179 val_acc=0.9750 | 
05-19 08:34:47 [LP epoch 13] train_loss=1.1111 train_acc=0.7500 | val_loss=1.0980 val_acc=1.0000 | 
05-19 08:34:47 [LP epoch 14] train_loss=1.1493 train_acc=0.7000 | val_loss=1.0775 val_acc=1.0000 | 
05-19 08:34:47 [LP epoch 15] train_loss=1.0859 train_acc=0.7500 | val_loss=1.0622 val_acc=1.0000 | 
05-19 08:34:47 [LP epoch 16] train_loss=1.0866 train_acc=0.7500 | val_loss=1.0460 val_acc=1.0000 | 
05-19 08:34:48 [LP epoch 17] train_loss=1.0591 train_acc=0.7500 | val_loss=1.0319 val_acc=1.0000 | 
05-19 08:34:48 [LP epoch 18] train_loss=1.0770 train_acc=0.9000 | val_loss=1.0208 val_acc=1.0000 | 
05-19 08:34:48 [LP epoch 19] train_loss=1.0431 train_acc=0.9250 | val_loss=1.0160 val_acc=1.0000 | 
05-19 08:34:48 [LP epoch 20] train_loss=0.9858 train_acc=0.9500 | val_loss=1.0124 val_acc=1.0000 | 
05-19 08:34:48 [LP epoch 21] train_loss=0.9864 train_acc=1.0000 | val_loss=1.0054 val_acc=1.0000 | 
05-19 08:34:48 [LP epoch 22] train_loss=0.9754 train_acc=1.0000 | val_loss=1.0067 val_acc=1.0000 | 
05-19 08:34:48 [LP epoch 23] train_loss=0.9742 train_acc=1.0000 | val_loss=1.0003 val_acc=1.0000 | 
05-19 08:34:48 [LP epoch 24] train_loss=0.9704 train_acc=1.0000 | val_loss=0.9884 val_acc=1.0000 | 
05-19 08:34:48 [LP epoch 25] train_loss=0.9590 train_acc=1.0000 | val_loss=0.9728 val_acc=1.0000 | 
05-19 08:34:48 [LP epoch 26] train_loss=0.9590 train_acc=1.0000 | val_loss=0.9540 val_acc=1.0000 | 
05-19 08:34:48 [LP epoch 27] train_loss=0.9370 train_acc=1.0000 | val_loss=0.9340 val_acc=1.0000 | 
05-19 08:34:48 [LP epoch 28] train_loss=0.9295 train_acc=0.9500 | val_loss=0.9139 val_acc=1.0000 | 
05-19 08:34:48 [LP epoch 29] train_loss=0.9154 train_acc=1.0000 | val_loss=0.9041 val_acc=1.0000 | 
05-19 08:34:48 [LP epoch 30] train_loss=0.9139 train_acc=1.0000 | val_loss=0.8940 val_acc=1.0000 | 
05-19 08:34:48 [LP epoch 31] train_loss=0.9068 train_acc=1.0000 | val_loss=0.8913 val_acc=1.0000 | 
05-19 08:34:48 [LP epoch 32] train_loss=0.9187 train_acc=0.9750 | val_loss=0.8857 val_acc=1.0000 | 
05-19 08:34:48 [LP epoch 33] train_loss=0.9183 train_acc=0.9750 | val_loss=0.8785 val_acc=1.0000 | 
05-19 08:34:48 [LP epoch 34] train_loss=0.9050 train_acc=1.0000 | val_loss=0.8729 val_acc=1.0000 | 
05-19 08:34:48 [LP epoch 35] train_loss=0.8801 train_acc=1.0000 | val_loss=0.8719 val_acc=1.0000 | 
05-19 08:34:48 [LP epoch 36] train_loss=0.8869 train_acc=1.0000 | val_loss=0.8553 val_acc=1.0000 | 
05-19 08:34:48 [LP epoch 37] train_loss=0.8767 train_acc=1.0000 | val_loss=0.8537 val_acc=1.0000 | 
05-19 08:34:48 [LP epoch 38] train_loss=0.8614 train_acc=1.0000 | val_loss=0.8437 val_acc=1.0000 | 
05-19 08:34:48 [LP epoch 39] train_loss=0.8524 train_acc=1.0000 | val_loss=0.8376 val_acc=1.0000 | 
05-19 08:34:48 [LP epoch 40] train_loss=0.8449 train_acc=1.0000 | val_loss=0.8443 val_acc=1.0000 | 
05-19 08:34:49 [LP epoch 41] train_loss=0.8520 train_acc=1.0000 | val_loss=0.8389 val_acc=1.0000 | 
05-19 08:34:49 [LP epoch 42] train_loss=0.8299 train_acc=1.0000 | val_loss=0.8395 val_acc=1.0000 | 
05-19 08:34:49 [LP epoch 43] train_loss=0.8184 train_acc=1.0000 | val_loss=0.8335 val_acc=1.0000 | 
05-19 08:34:49 [LP epoch 44] train_loss=0.8056 train_acc=1.0000 | val_loss=0.8318 val_acc=1.0000 | 
05-19 08:34:49 [LP epoch 45] train_loss=0.8057 train_acc=1.0000 | val_loss=0.8225 val_acc=1.0000 | 
05-19 08:34:49 [LP epoch 46] train_loss=0.7899 train_acc=1.0000 | val_loss=0.8168 val_acc=1.0000 | 
05-19 08:34:49 [LP epoch 47] train_loss=0.7904 train_acc=1.0000 | val_loss=0.8096 val_acc=1.0000 | 
05-19 08:34:49 [LP epoch 48] train_loss=0.7754 train_acc=1.0000 | val_loss=0.7914 val_acc=1.0000 | 
05-19 08:34:49 [LP epoch 49] train_loss=0.7713 train_acc=1.0000 | val_loss=0.7815 val_acc=1.0000 | 
05-19 08:34:49 Saved linear-probe checkpoint: ./checkpoint\SSF_CWRU_0519-083423\linear_probe_best.pt (best_val_acc=1.0000)
05-19 08:34:49 TEST linear-probe: loss=0.7971 acc=1.0000
05-19 08:34:49 ================================================================================
05-19 08:34:49 RUN: aug=('gaussian', 'gaussian') hidden=128 latent=32 blocks=7 seed=2
05-19 08:34:49 model_name: SSF
05-19 08:34:49 data_name: CWRU
05-19 08:34:49 aug_1: gaussian
05-19 08:34:49 aug_2: gaussian
05-19 08:34:49 data_view: TwoViewDataset
05-19 08:34:49 data_dir: raw_data/CWRU
05-19 08:34:49 out_channel: 4
05-19 08:34:49 normlizetype: None
05-19 08:34:49 processing_type: O_N
05-19 08:34:49 max_epoch: 50
05-19 08:34:49 classifier_epoch: 50
05-19 08:34:49 batch_size: 64
05-19 08:34:49 cuda_device: 0
05-19 08:34:49 checkpoint_dir: ./checkpoint
05-19 08:34:49 opt: sgd
05-19 08:34:49 lr: 0.05
05-19 08:34:49 momentum: 0.9
05-19 08:34:49 weight_decay: 0.0001
05-19 08:34:49 lr_scheduler: cos
05-19 08:34:49 gamma: 0.95
05-19 08:34:49 eta_min: 1e-05
05-19 08:34:49 latent_space: 32
05-19 08:34:49 num_blocks_ssf: 7
05-19 08:34:49 hidden_channel: 128
05-19 08:34:49 per_class_samples: 100
05-19 08:34:49 classifier_samples: 10
05-19 08:34:49 task: self_supervised
05-19 08:34:49 critetion: <class 'utils.loss_SSL.SimSiamLoss'>
05-19 08:34:49 using 1 gpus
05-19 08:34:49 Dataset class: <class 'data_utils.datasets.CWRU.CWRU'>
05-19 08:34:49 Split sizes: train=100 val=100 test=400, classier=40
05-19 08:34:49 Label counts train: Counter({0: 100})
05-19 08:34:49 Label counts val:   Counter({0: 100})
05-19 08:34:49 Label counts test:  Counter({2: 100, 1: 100, 3: 100, 0: 100})
05-19 08:34:49 Label counts classifier:  Counter({2: 10, 3: 10, 1: 10, 0: 10})
05-19 08:34:49 Label counts classifier validation:  Counter({2: 10, 0: 10, 1: 10, 3: 10})
05-19 08:34:49 -----Epoch 0/49-----
05-19 08:34:49 current lr: 0.05
05-19 08:34:49 Saved best checkpoint to ./checkpoint\SSF_CWRU_0519-083423\best_pt (val_loss=-0.1366)
05-19 08:34:49 Epoch 000 Train loss -0.0927 | Val loss -0.1366
05-19 08:34:49 -----Epoch 1/49-----
05-19 08:34:49 current lr: 0.0499507
05-19 08:34:50 Saved best checkpoint to ./checkpoint\SSF_CWRU_0519-083423\best_pt (val_loss=-0.4098)
05-19 08:34:50 Epoch 001 Train loss -0.4631 | Val loss -0.4098
05-19 08:34:50 -----Epoch 2/49-----
05-19 08:34:50 current lr: 0.0498029
05-19 08:34:50 Saved best checkpoint to ./checkpoint\SSF_CWRU_0519-083423\best_pt (val_loss=-0.5616)
05-19 08:34:50 Epoch 002 Train loss -0.8060 | Val loss -0.5616
05-19 08:34:50 -----Epoch 3/49-----
05-19 08:34:50 current lr: 0.0495573
05-19 08:34:50 Saved best checkpoint to ./checkpoint\SSF_CWRU_0519-083423\best_pt (val_loss=-0.6016)
05-19 08:34:50 Epoch 003 Train loss -0.9297 | Val loss -0.6016
05-19 08:34:50 -----Epoch 4/49-----
05-19 08:34:50 current lr: 0.0492147
05-19 08:34:50 Saved best checkpoint to ./checkpoint\SSF_CWRU_0519-083423\best_pt (val_loss=-0.6327)
05-19 08:34:50 Epoch 004 Train loss -0.9639 | Val loss -0.6327
05-19 08:34:50 -----Epoch 5/49-----
05-19 08:34:50 current lr: 0.0487767
05-19 08:34:50 Saved best checkpoint to ./checkpoint\SSF_CWRU_0519-083423\best_pt (val_loss=-0.6646)
05-19 08:34:50 Epoch 005 Train loss -0.9741 | Val loss -0.6646
05-19 08:34:50 -----Epoch 6/49-----
05-19 08:34:50 current lr: 0.0482448
05-19 08:34:50 Saved best checkpoint to ./checkpoint\SSF_CWRU_0519-083423\best_pt (val_loss=-0.6854)
05-19 08:34:50 Epoch 006 Train loss -0.9771 | Val loss -0.6854
05-19 08:34:50 -----Epoch 7/49-----
05-19 08:34:51 current lr: 0.0476212
05-19 08:34:51 Saved best checkpoint to ./checkpoint\SSF_CWRU_0519-083423\best_pt (val_loss=-0.6948)
05-19 08:34:51 Epoch 007 Train loss -0.9773 | Val loss -0.6948
05-19 08:34:51 -----Epoch 8/49-----
05-19 08:34:51 current lr: 0.0469083
05-19 08:34:51 Saved best checkpoint to ./checkpoint\SSF_CWRU_0519-083423\best_pt (val_loss=-0.7024)
05-19 08:34:51 Epoch 008 Train loss -0.9769 | Val loss -0.7024
05-19 08:34:51 -----Epoch 9/49-----
05-19 08:34:51 current lr: 0.046109
05-19 08:34:51 Saved best checkpoint to ./checkpoint\SSF_CWRU_0519-083423\best_pt (val_loss=-0.7172)
05-19 08:34:51 Epoch 009 Train loss -0.9781 | Val loss -0.7172
05-19 08:34:51 -----Epoch 10/49-----
05-19 08:34:51 current lr: 0.0452264
05-19 08:34:51 Saved best checkpoint to ./checkpoint\SSF_CWRU_0519-083423\best_pt (val_loss=-0.7381)
05-19 08:34:51 Epoch 010 Train loss -0.9791 | Val loss -0.7381
05-19 08:34:51 -----Epoch 11/49-----
05-19 08:34:51 current lr: 0.044264
05-19 08:34:51 Saved best checkpoint to ./checkpoint\SSF_CWRU_0519-083423\best_pt (val_loss=-0.7603)
05-19 08:34:51 Epoch 011 Train loss -0.9798 | Val loss -0.7603
05-19 08:34:51 -----Epoch 12/49-----
05-19 08:34:51 current lr: 0.0432256
05-19 08:34:52 Saved best checkpoint to ./checkpoint\SSF_CWRU_0519-083423\best_pt (val_loss=-0.7821)
05-19 08:34:52 Epoch 012 Train loss -0.9813 | Val loss -0.7821
05-19 08:34:52 -----Epoch 13/49-----
05-19 08:34:52 current lr: 0.0421153
05-19 08:34:52 Saved best checkpoint to ./checkpoint\SSF_CWRU_0519-083423\best_pt (val_loss=-0.8012)
05-19 08:34:52 Epoch 013 Train loss -0.9822 | Val loss -0.8012
05-19 08:34:52 -----Epoch 14/49-----
05-19 08:34:52 current lr: 0.0409374
05-19 08:34:52 Saved best checkpoint to ./checkpoint\SSF_CWRU_0519-083423\best_pt (val_loss=-0.8195)
05-19 08:34:52 Epoch 014 Train loss -0.9839 | Val loss -0.8195
05-19 08:34:52 -----Epoch 15/49-----
05-19 08:34:52 current lr: 0.0396967
05-19 08:34:52 Saved best checkpoint to ./checkpoint\SSF_CWRU_0519-083423\best_pt (val_loss=-0.8358)
05-19 08:34:52 Epoch 015 Train loss -0.9842 | Val loss -0.8358
05-19 08:34:52 -----Epoch 16/49-----
05-19 08:34:52 current lr: 0.038398
05-19 08:34:52 Saved best checkpoint to ./checkpoint\SSF_CWRU_0519-083423\best_pt (val_loss=-0.8507)
05-19 08:34:52 Epoch 016 Train loss -0.9855 | Val loss -0.8507
05-19 08:34:52 -----Epoch 17/49-----
05-19 08:34:52 current lr: 0.0370464
05-19 08:34:52 Saved best checkpoint to ./checkpoint\SSF_CWRU_0519-083423\best_pt (val_loss=-0.8632)
05-19 08:34:53 Epoch 017 Train loss -0.9867 | Val loss -0.8632
05-19 08:34:53 -----Epoch 18/49-----
05-19 08:34:53 current lr: 0.0356474
05-19 08:34:53 Saved best checkpoint to ./checkpoint\SSF_CWRU_0519-083423\best_pt (val_loss=-0.8729)
05-19 08:34:53 Epoch 018 Train loss -0.9877 | Val loss -0.8729
05-19 08:34:53 -----Epoch 19/49-----
05-19 08:34:53 current lr: 0.0342063
05-19 08:34:53 Saved best checkpoint to ./checkpoint\SSF_CWRU_0519-083423\best_pt (val_loss=-0.8810)
05-19 08:34:53 Epoch 019 Train loss -0.9876 | Val loss -0.8810
05-19 08:34:53 -----Epoch 20/49-----
05-19 08:34:53 current lr: 0.0327289
05-19 08:34:53 Saved best checkpoint to ./checkpoint\SSF_CWRU_0519-083423\best_pt (val_loss=-0.8866)
05-19 08:34:53 Epoch 020 Train loss -0.9879 | Val loss -0.8866
05-19 08:34:53 -----Epoch 21/49-----
05-19 08:34:53 current lr: 0.031221
05-19 08:34:53 Saved best checkpoint to ./checkpoint\SSF_CWRU_0519-083423\best_pt (val_loss=-0.8913)
05-19 08:34:53 Epoch 021 Train loss -0.9880 | Val loss -0.8913
05-19 08:34:53 -----Epoch 22/49-----
