03-04 09:02:11 model_name: SSF
03-04 09:02:11 data_name: PU
03-04 09:02:11 aug_1: randomcrop
03-04 09:02:11 aug_2: scale
03-04 09:02:11 max_epoch: 20
03-04 09:02:11 classifier_epoch: 50
03-04 09:02:11 data_view: TwoViewDataset
03-04 09:02:11 cuda_device: 0
03-04 09:02:11 checkpoint_dir: ./checkpoint
03-04 09:02:11 batch_size: 32
03-04 09:02:11 data_dir: raw_data/PU
03-04 09:02:11 out_channel: 4
03-04 09:02:12 normlizetype: minus_one_one
03-04 09:02:12 processing_type: RA
03-04 09:02:12 opt: sgd
03-04 09:02:12 lr: 0.01
03-04 09:02:12 momentum: 0.9
03-04 09:02:12 weight_decay: 1e-05
03-04 09:02:12 lr_scheduler: cos
03-04 09:02:12 gamma: 0.1
03-04 09:02:12 eta_min: 1e-05
03-04 09:02:12 latent_space: 96
03-04 09:02:12 num_blocks_ssf: None
03-04 09:02:12 task: self_supervised
03-04 09:02:12 critetion: <class 'utils.loss_SSL.SimSiamLoss'>
03-04 09:02:12 using 1 gpus
03-04 09:02:12 Dataset class: <class 'data_utils.datasets.PU.PU'>
03-04 09:02:12 Split sizes: train=12607 val=2430 test=2702, classier=271
03-04 09:02:13 Label counts train: Counter({3: 3498, 1: 3493, 0: 3490, 2: 2095})
03-04 09:02:13 Label counts val:   Counter({3: 667, 0: 667, 1: 666, 2: 400})
03-04 09:02:13 Label counts test:  Counter({3: 751, 1: 750, 0: 750, 2: 451})
03-04 09:02:13 Label counts classifier:  Counter({1: 72, 0: 72, 3: 70, 2: 42})
03-04 09:02:15 -----Epoch 0/19-----
03-04 09:02:26 current lr: 0.01
03-04 09:02:26 Saved best checkpoint to ./checkpoint\SSF_PU_0304-090211\best_pt (val_loss=-0.9890)
03-04 09:02:26 Epoch 000 Train loss -0.9551 | Val loss -0.9890
03-04 09:02:26 -----Epoch 1/19-----
03-04 09:02:37 current lr: 0.0099385
03-04 09:02:37 Saved best checkpoint to ./checkpoint\SSF_PU_0304-090211\best_pt (val_loss=-0.9922)
03-04 09:02:37 Epoch 001 Train loss -0.9903 | Val loss -0.9922
03-04 09:02:37 -----Epoch 2/19-----
03-04 09:02:48 current lr: 0.00975553
03-04 09:02:48 Saved best checkpoint to ./checkpoint\SSF_PU_0304-090211\best_pt (val_loss=-0.9935)
03-04 09:02:48 Epoch 002 Train loss -0.9922 | Val loss -0.9935
03-04 09:02:48 -----Epoch 3/19-----
03-04 09:03:00 current lr: 0.00945558
03-04 09:03:00 Saved best checkpoint to ./checkpoint\SSF_PU_0304-090211\best_pt (val_loss=-0.9942)
03-04 09:03:00 Epoch 003 Train loss -0.9932 | Val loss -0.9942
03-04 09:03:00 -----Epoch 4/19-----
03-04 09:03:10 current lr: 0.00904604
03-04 09:03:10 Saved best checkpoint to ./checkpoint\SSF_PU_0304-090211\best_pt (val_loss=-0.9947)
03-04 09:03:10 Epoch 004 Train loss -0.9938 | Val loss -0.9947
03-04 09:03:10 -----Epoch 5/19-----
03-04 09:03:21 current lr: 0.008537
03-04 09:03:21 Saved best checkpoint to ./checkpoint\SSF_PU_0304-090211\best_pt (val_loss=-0.9951)
03-04 09:03:21 Epoch 005 Train loss -0.9942 | Val loss -0.9951
03-04 09:03:21 -----Epoch 6/19-----
03-04 09:03:33 current lr: 0.00794099
03-04 09:03:33 Saved best checkpoint to ./checkpoint\SSF_PU_0304-090211\best_pt (val_loss=-0.9953)
03-04 09:03:33 Epoch 006 Train loss -0.9945 | Val loss -0.9953
03-04 09:03:33 -----Epoch 7/19-----
03-04 09:03:43 current lr: 0.00727268
03-04 09:03:43 Saved best checkpoint to ./checkpoint\SSF_PU_0304-090211\best_pt (val_loss=-0.9954)
03-04 09:03:43 Epoch 007 Train loss -0.9947 | Val loss -0.9954
03-04 09:03:43 -----Epoch 8/19-----
03-04 09:03:54 current lr: 0.00654854
03-04 09:03:54 Saved best checkpoint to ./checkpoint\SSF_PU_0304-090211\best_pt (val_loss=-0.9955)
03-04 09:03:54 Epoch 008 Train loss -0.9948 | Val loss -0.9955
03-04 09:03:54 -----Epoch 9/19-----
03-04 09:04:05 current lr: 0.00578639
03-04 09:04:05 Saved best checkpoint to ./checkpoint\SSF_PU_0304-090211\best_pt (val_loss=-0.9956)
03-04 09:04:05 Epoch 009 Train loss -0.9948 | Val loss -0.9956
03-04 09:04:05 -----Epoch 10/19-----
03-04 09:04:17 current lr: 0.005005
03-04 09:04:17 Saved best checkpoint to ./checkpoint\SSF_PU_0304-090211\best_pt (val_loss=-0.9956)
03-04 09:04:17 Epoch 010 Train loss -0.9949 | Val loss -0.9956
03-04 09:04:17 -----Epoch 11/19-----
03-04 09:04:29 current lr: 0.00422361
03-04 09:04:29 Saved best checkpoint to ./checkpoint\SSF_PU_0304-090211\best_pt (val_loss=-0.9957)
03-04 09:04:29 Epoch 011 Train loss -0.9950 | Val loss -0.9957
03-04 09:04:29 -----Epoch 12/19-----
03-04 09:04:40 current lr: 0.00346146
03-04 09:04:40 Saved best checkpoint to ./checkpoint\SSF_PU_0304-090211\best_pt (val_loss=-0.9958)
03-04 09:04:40 Epoch 012 Train loss -0.9951 | Val loss -0.9958
03-04 09:04:40 -----Epoch 13/19-----
03-04 09:04:51 current lr: 0.00273732
03-04 09:04:51 Saved best checkpoint to ./checkpoint\SSF_PU_0304-090211\best_pt (val_loss=-0.9958)
03-04 09:04:51 Epoch 013 Train loss -0.9951 | Val loss -0.9958
03-04 09:04:51 -----Epoch 14/19-----
03-04 09:05:02 current lr: 0.00206901
03-04 09:05:02 Saved best checkpoint to ./checkpoint\SSF_PU_0304-090211\best_pt (val_loss=-0.9958)
03-04 09:05:02 Epoch 014 Train loss -0.9952 | Val loss -0.9958
03-04 09:05:02 -----Epoch 15/19-----
03-04 09:05:14 current lr: 0.001473
03-04 09:05:14 Saved best checkpoint to ./checkpoint\SSF_PU_0304-090211\best_pt (val_loss=-0.9959)
03-04 09:05:14 Epoch 015 Train loss -0.9952 | Val loss -0.9959
03-04 09:05:14 -----Epoch 16/19-----
03-04 09:05:25 current lr: 0.00096396
03-04 09:05:25 Saved best checkpoint to ./checkpoint\SSF_PU_0304-090211\best_pt (val_loss=-0.9959)
03-04 09:05:25 Epoch 016 Train loss -0.9952 | Val loss -0.9959
03-04 09:05:25 -----Epoch 17/19-----
03-04 09:05:36 current lr: 0.000554422
03-04 09:05:36 Saved best checkpoint to ./checkpoint\SSF_PU_0304-090211\best_pt (val_loss=-0.9959)
03-04 09:05:36 Epoch 017 Train loss -0.9952 | Val loss -0.9959
03-04 09:05:36 -----Epoch 18/19-----
03-04 09:05:47 current lr: 0.000254473
03-04 09:05:47 Saved best checkpoint to ./checkpoint\SSF_PU_0304-090211\best_pt (val_loss=-0.9959)
03-04 09:05:47 Epoch 018 Train loss -0.9952 | Val loss -0.9959
03-04 09:05:47 -----Epoch 19/19-----
03-04 09:05:59 current lr: 7.14967e-05
03-04 09:05:59 Saved best checkpoint to ./checkpoint\SSF_PU_0304-090211\best_pt (val_loss=-0.9959)
03-04 09:05:59 Epoch 019 Train loss -0.9952 | Val loss -0.9959
03-04 09:05:59 TEST (last): loss -0.9958
03-04 09:06:00 [LP epoch 00] train_loss=1.5089 train_acc=0.2109 | val_loss=1.3875 val_acc=0.3150 | 
03-04 09:06:00 [LP epoch 01] train_loss=1.2865 train_acc=0.3516 | val_loss=1.3338 val_acc=0.3767 | 
03-04 09:06:01 [LP epoch 02] train_loss=1.1698 train_acc=0.4961 | val_loss=1.2705 val_acc=0.4717 | 
03-04 09:06:02 [LP epoch 03] train_loss=1.0851 train_acc=0.5625 | val_loss=1.2049 val_acc=0.5138 | 
03-04 09:06:02 [LP epoch 04] train_loss=1.0146 train_acc=0.6055 | val_loss=1.1288 val_acc=0.5492 | 
03-04 09:06:03 [LP epoch 05] train_loss=0.9671 train_acc=0.6172 | val_loss=1.0704 val_acc=0.5683 | 
03-04 09:06:03 [LP epoch 06] train_loss=0.9247 train_acc=0.6367 | val_loss=1.0325 val_acc=0.5796 | 
03-04 09:06:04 [LP epoch 07] train_loss=0.8880 train_acc=0.6484 | val_loss=1.0026 val_acc=0.5833 | 
03-04 09:06:05 [LP epoch 08] train_loss=0.8567 train_acc=0.6602 | val_loss=0.9829 val_acc=0.5971 | 
03-04 09:06:05 [LP epoch 09] train_loss=0.8296 train_acc=0.6797 | val_loss=0.9674 val_acc=0.6079 | 
03-04 09:06:06 [LP epoch 10] train_loss=0.8008 train_acc=0.7031 | val_loss=0.9528 val_acc=0.6179 | 
03-04 09:06:06 [LP epoch 11] train_loss=0.7749 train_acc=0.7070 | val_loss=0.9365 val_acc=0.6279 | 
03-04 09:06:07 [LP epoch 12] train_loss=0.7497 train_acc=0.7305 | val_loss=0.9230 val_acc=0.6325 | 
03-04 09:06:08 [LP epoch 13] train_loss=0.7238 train_acc=0.7461 | val_loss=0.9107 val_acc=0.6367 | 
03-04 09:06:08 [LP epoch 14] train_loss=0.6986 train_acc=0.7656 | val_loss=0.8954 val_acc=0.6458 | 
03-04 09:06:09 [LP epoch 15] train_loss=0.6785 train_acc=0.7812 | val_loss=0.8860 val_acc=0.6529 | 
03-04 09:06:09 [LP epoch 16] train_loss=0.6557 train_acc=0.7852 | val_loss=0.8775 val_acc=0.6529 | 
03-04 09:06:10 [LP epoch 17] train_loss=0.6376 train_acc=0.7891 | val_loss=0.8685 val_acc=0.6587 | 
03-04 09:06:11 [LP epoch 18] train_loss=0.6207 train_acc=0.7930 | val_loss=0.8635 val_acc=0.6571 | 
03-04 09:06:11 [LP epoch 19] train_loss=0.5994 train_acc=0.7969 | val_loss=0.8568 val_acc=0.6617 | 
03-04 09:06:12 [LP epoch 20] train_loss=0.5829 train_acc=0.8047 | val_loss=0.8513 val_acc=0.6629 | 
03-04 09:06:12 [LP epoch 21] train_loss=0.5692 train_acc=0.8203 | val_loss=0.8418 val_acc=0.6667 | 
03-04 09:06:13 [LP epoch 22] train_loss=0.5506 train_acc=0.8164 | val_loss=0.8414 val_acc=0.6692 | 
03-04 09:06:14 [LP epoch 23] train_loss=0.5396 train_acc=0.8242 | val_loss=0.8337 val_acc=0.6771 | 
03-04 09:06:14 [LP epoch 24] train_loss=0.5223 train_acc=0.8203 | val_loss=0.8393 val_acc=0.6737 | 
03-04 09:06:15 [LP epoch 25] train_loss=0.5077 train_acc=0.8477 | val_loss=0.8334 val_acc=0.6742 | 
03-04 09:06:15 [LP epoch 26] train_loss=0.4958 train_acc=0.8477 | val_loss=0.8272 val_acc=0.6787 | 
03-04 09:06:16 [LP epoch 27] train_loss=0.4800 train_acc=0.8555 | val_loss=0.8278 val_acc=0.6754 | 
03-04 09:06:17 [LP epoch 28] train_loss=0.4674 train_acc=0.8633 | val_loss=0.8248 val_acc=0.6771 | 
03-04 09:06:17 [LP epoch 29] train_loss=0.4535 train_acc=0.8672 | val_loss=0.8289 val_acc=0.6767 | 
03-04 09:06:18 [LP epoch 30] train_loss=0.4439 train_acc=0.8633 | val_loss=0.8191 val_acc=0.6763 | 
03-04 09:06:18 [LP epoch 31] train_loss=0.4310 train_acc=0.8867 | val_loss=0.8264 val_acc=0.6725 | 
03-04 09:06:19 [LP epoch 32] train_loss=0.4185 train_acc=0.8750 | val_loss=0.8268 val_acc=0.6771 | 
03-04 09:06:20 [LP epoch 33] train_loss=0.4067 train_acc=0.8828 | val_loss=0.8229 val_acc=0.6779 | 
03-04 09:06:20 [LP epoch 34] train_loss=0.3959 train_acc=0.8984 | val_loss=0.8185 val_acc=0.6792 | 
03-04 09:06:21 [LP epoch 35] train_loss=0.3934 train_acc=0.9023 | val_loss=0.8225 val_acc=0.6804 | 
03-04 09:06:21 [LP epoch 36] train_loss=0.3840 train_acc=0.8906 | val_loss=0.8209 val_acc=0.6829 | 
03-04 09:06:22 [LP epoch 37] train_loss=0.3688 train_acc=0.9062 | val_loss=0.8270 val_acc=0.6813 | 
03-04 09:06:23 [LP epoch 38] train_loss=0.3649 train_acc=0.9102 | val_loss=0.8310 val_acc=0.6808 | 
03-04 09:06:23 [LP epoch 39] train_loss=0.3474 train_acc=0.9102 | val_loss=0.8238 val_acc=0.6858 | 
03-04 09:06:24 [LP epoch 40] train_loss=0.3432 train_acc=0.9180 | val_loss=0.8289 val_acc=0.6783 | 
03-04 09:06:24 [LP epoch 41] train_loss=0.3315 train_acc=0.9180 | val_loss=0.8204 val_acc=0.6846 | 
03-04 09:06:25 [LP epoch 42] train_loss=0.3258 train_acc=0.9062 | val_loss=0.8242 val_acc=0.6842 | 
03-04 09:06:26 [LP epoch 43] train_loss=0.3165 train_acc=0.9297 | val_loss=0.8318 val_acc=0.6837 | 
03-04 09:06:26 [LP epoch 44] train_loss=0.3031 train_acc=0.9336 | val_loss=0.8327 val_acc=0.6921 | 
03-04 09:06:27 [LP epoch 45] train_loss=0.2946 train_acc=0.9297 | val_loss=0.8457 val_acc=0.6837 | 
03-04 09:06:27 [LP epoch 46] train_loss=0.2810 train_acc=0.9570 | val_loss=0.8380 val_acc=0.6887 | 
03-04 09:06:28 [LP epoch 47] train_loss=0.2758 train_acc=0.9297 | val_loss=0.8389 val_acc=0.6850 | 
03-04 09:06:29 [LP epoch 48] train_loss=0.2646 train_acc=0.9531 | val_loss=0.8359 val_acc=0.6900 | 
03-04 09:06:29 [LP epoch 49] train_loss=0.2644 train_acc=0.9453 | val_loss=0.8322 val_acc=0.6867 | 
03-04 09:06:29 Saved linear-probe checkpoint: ./checkpoint\SSF_PU_0304-090211\linear_probe_best.pt (best_val_acc=0.6921)
03-04 09:06:30 TEST linear-probe: loss=0.8073 acc=0.6958
03-04 09:06:30 model_name: SSF
03-04 09:06:30 data_name: PU
03-04 09:06:30 aug_1: randomcrop
03-04 09:06:30 aug_2: scale
03-04 09:06:30 max_epoch: 20
03-04 09:06:30 classifier_epoch: 50
03-04 09:06:30 data_view: TwoViewDataset
03-04 09:06:30 cuda_device: 0
03-04 09:06:30 checkpoint_dir: ./checkpoint
03-04 09:06:30 batch_size: 32
03-04 09:06:30 data_dir: raw_data/PU
03-04 09:06:30 out_channel: 4
03-04 09:06:30 normlizetype: minus_one_one
03-04 09:06:30 processing_type: RA
03-04 09:06:30 opt: sgd
03-04 09:06:30 lr: 0.01
03-04 09:06:30 momentum: 0.9
03-04 09:06:30 weight_decay: 1e-05
03-04 09:06:30 lr_scheduler: cos
03-04 09:06:30 gamma: 0.1
03-04 09:06:30 eta_min: 1e-05
03-04 09:06:30 latent_space: 96
03-04 09:06:30 num_blocks_ssf: None
03-04 09:06:30 task: self_supervised
03-04 09:06:30 critetion: <class 'utils.loss_SSL.SimSiamLoss'>
03-04 09:06:30 using 1 gpus
03-04 09:06:30 Dataset class: <class 'data_utils.datasets.PU.PU'>
03-04 09:06:30 Split sizes: train=12607 val=2430 test=2702, classier=271
03-04 09:06:31 Label counts train: Counter({3: 3498, 1: 3493, 0: 3490, 2: 2095})
03-04 09:06:31 Label counts val:   Counter({3: 667, 0: 667, 1: 666, 2: 400})
03-04 09:06:32 Label counts test:  Counter({3: 751, 1: 750, 0: 750, 2: 451})
03-04 09:06:32 Label counts classifier:  Counter({1: 72, 0: 72, 3: 70, 2: 42})
03-04 09:06:32 -----Epoch 0/19-----
03-04 09:06:43 current lr: 0.01
03-04 09:06:43 Saved best checkpoint to ./checkpoint\SSF_PU_0304-090211\best_pt (val_loss=-0.9890)
03-04 09:06:43 Epoch 000 Train loss -0.9580 | Val loss -0.9890
03-04 09:06:43 -----Epoch 1/19-----
03-04 09:06:54 current lr: 0.0099385
03-04 09:06:54 Saved best checkpoint to ./checkpoint\SSF_PU_0304-090211\best_pt (val_loss=-0.9925)
03-04 09:06:54 Epoch 001 Train loss -0.9906 | Val loss -0.9925
03-04 09:06:54 -----Epoch 2/19-----
03-04 09:07:05 current lr: 0.00975553
03-04 09:07:05 Saved best checkpoint to ./checkpoint\SSF_PU_0304-090211\best_pt (val_loss=-0.9938)
03-04 09:07:05 Epoch 002 Train loss -0.9926 | Val loss -0.9938
03-04 09:07:05 -----Epoch 3/19-----
03-04 09:07:16 current lr: 0.00945558
03-04 09:07:16 Saved best checkpoint to ./checkpoint\SSF_PU_0304-090211\best_pt (val_loss=-0.9943)
03-04 09:07:16 Epoch 003 Train loss -0.9935 | Val loss -0.9943
03-04 09:07:16 -----Epoch 4/19-----
03-04 09:07:28 current lr: 0.00904604
03-04 09:07:28 Saved best checkpoint to ./checkpoint\SSF_PU_0304-090211\best_pt (val_loss=-0.9947)
03-04 09:07:28 Epoch 004 Train loss -0.9939 | Val loss -0.9947
03-04 09:07:28 -----Epoch 5/19-----
03-04 09:07:39 current lr: 0.008537
03-04 09:07:39 Saved best checkpoint to ./checkpoint\SSF_PU_0304-090211\best_pt (val_loss=-0.9949)
03-04 09:07:39 Epoch 005 Train loss -0.9942 | Val loss -0.9949
03-04 09:07:39 -----Epoch 6/19-----
03-04 09:07:50 current lr: 0.00794099
03-04 09:07:50 Saved best checkpoint to ./checkpoint\SSF_PU_0304-090211\best_pt (val_loss=-0.9951)
03-04 09:07:50 Epoch 006 Train loss -0.9944 | Val loss -0.9951
03-04 09:07:50 -----Epoch 7/19-----
03-04 09:08:02 current lr: 0.00727268
03-04 09:08:02 Saved best checkpoint to ./checkpoint\SSF_PU_0304-090211\best_pt (val_loss=-0.9954)
03-04 09:08:02 Epoch 007 Train loss -0.9946 | Val loss -0.9954
03-04 09:08:02 -----Epoch 8/19-----
03-04 09:08:13 current lr: 0.00654854
03-04 09:08:13 Saved best checkpoint to ./checkpoint\SSF_PU_0304-090211\best_pt (val_loss=-0.9956)
03-04 09:08:13 Epoch 008 Train loss -0.9948 | Val loss -0.9956
03-04 09:08:13 -----Epoch 9/19-----
03-04 09:08:24 current lr: 0.00578639
03-04 09:08:24 Saved best checkpoint to ./checkpoint\SSF_PU_0304-090211\best_pt (val_loss=-0.9957)
03-04 09:08:24 Epoch 009 Train loss -0.9950 | Val loss -0.9957
03-04 09:08:24 -----Epoch 10/19-----
03-04 09:08:35 current lr: 0.005005
03-04 09:08:35 Saved best checkpoint to ./checkpoint\SSF_PU_0304-090211\best_pt (val_loss=-0.9959)
03-04 09:08:35 Epoch 010 Train loss -0.9951 | Val loss -0.9959
03-04 09:08:35 -----Epoch 11/19-----
03-04 09:08:47 current lr: 0.00422361
03-04 09:08:47 Saved best checkpoint to ./checkpoint\SSF_PU_0304-090211\best_pt (val_loss=-0.9960)
03-04 09:08:47 Epoch 011 Train loss -0.9953 | Val loss -0.9960
03-04 09:08:47 -----Epoch 12/19-----
03-04 09:08:57 current lr: 0.00346146
03-04 09:08:57 Saved best checkpoint to ./checkpoint\SSF_PU_0304-090211\best_pt (val_loss=-0.9961)
03-04 09:08:57 Epoch 012 Train loss -0.9953 | Val loss -0.9961
03-04 09:08:57 -----Epoch 13/19-----
03-04 09:09:09 current lr: 0.00273732
03-04 09:09:09 Saved best checkpoint to ./checkpoint\SSF_PU_0304-090211\best_pt (val_loss=-0.9961)
03-04 09:09:09 Epoch 013 Train loss -0.9954 | Val loss -0.9961
03-04 09:09:09 -----Epoch 14/19-----
03-04 09:09:20 current lr: 0.00206901
03-04 09:09:20 Saved best checkpoint to ./checkpoint\SSF_PU_0304-090211\best_pt (val_loss=-0.9962)
03-04 09:09:20 Epoch 014 Train loss -0.9955 | Val loss -0.9962
03-04 09:09:20 -----Epoch 15/19-----
03-04 09:09:31 current lr: 0.001473
03-04 09:09:31 Saved best checkpoint to ./checkpoint\SSF_PU_0304-090211\best_pt (val_loss=-0.9962)
03-04 09:09:31 Epoch 015 Train loss -0.9955 | Val loss -0.9962
03-04 09:09:31 -----Epoch 16/19-----
03-04 09:09:43 current lr: 0.00096396
03-04 09:09:43 Saved best checkpoint to ./checkpoint\SSF_PU_0304-090211\best_pt (val_loss=-0.9962)
03-04 09:09:43 Epoch 016 Train loss -0.9955 | Val loss -0.9962
03-04 09:09:43 -----Epoch 17/19-----
03-04 09:09:55 current lr: 0.000554422
03-04 09:09:55 Saved best checkpoint to ./checkpoint\SSF_PU_0304-090211\best_pt (val_loss=-0.9962)
03-04 09:09:55 Epoch 017 Train loss -0.9955 | Val loss -0.9962
03-04 09:09:55 -----Epoch 18/19-----
03-04 09:10:06 current lr: 0.000254473
03-04 09:10:06 Saved best checkpoint to ./checkpoint\SSF_PU_0304-090211\best_pt (val_loss=-0.9962)
03-04 09:10:06 Epoch 018 Train loss -0.9955 | Val loss -0.9962
03-04 09:10:06 -----Epoch 19/19-----
03-04 09:10:17 current lr: 7.14967e-05
03-04 09:10:17 Saved best checkpoint to ./checkpoint\SSF_PU_0304-090211\best_pt (val_loss=-0.9962)
03-04 09:10:17 Epoch 019 Train loss -0.9955 | Val loss -0.9962
03-04 09:10:18 TEST (last): loss -0.9962
03-04 09:10:19 [LP epoch 00] train_loss=1.3680 train_acc=0.2969 | val_loss=1.3619 val_acc=0.3729 | 
03-04 09:10:19 [LP epoch 01] train_loss=1.2007 train_acc=0.5234 | val_loss=1.3063 val_acc=0.4467 | 
03-04 09:10:20 [LP epoch 02] train_loss=1.1288 train_acc=0.5352 | val_loss=1.2337 val_acc=0.4988 | 
03-04 09:10:20 [LP epoch 03] train_loss=1.0702 train_acc=0.5625 | val_loss=1.1647 val_acc=0.5454 | 
03-04 09:10:21 [LP epoch 04] train_loss=1.0196 train_acc=0.6172 | val_loss=1.1065 val_acc=0.5729 | 
03-04 09:10:22 [LP epoch 05] train_loss=0.9834 train_acc=0.6484 | val_loss=1.0673 val_acc=0.5875 | 
03-04 09:10:22 [LP epoch 06] train_loss=0.9458 train_acc=0.6523 | val_loss=1.0358 val_acc=0.5975 | 
03-04 09:10:23 [LP epoch 07] train_loss=0.9134 train_acc=0.6875 | val_loss=1.0162 val_acc=0.5942 | 
03-04 09:10:23 [LP epoch 08] train_loss=0.8783 train_acc=0.6992 | val_loss=0.9894 val_acc=0.6175 | 
03-04 09:10:24 [LP epoch 09] train_loss=0.8532 train_acc=0.7031 | val_loss=0.9774 val_acc=0.6138 | 
03-04 09:10:25 [LP epoch 10] train_loss=0.8257 train_acc=0.7188 | val_loss=0.9599 val_acc=0.6179 | 
03-04 09:10:25 [LP epoch 11] train_loss=0.8033 train_acc=0.7227 | val_loss=0.9494 val_acc=0.6246 | 
03-04 09:10:26 [LP epoch 12] train_loss=0.7770 train_acc=0.7227 | val_loss=0.9356 val_acc=0.6296 | 
03-04 09:10:27 [LP epoch 13] train_loss=0.7581 train_acc=0.7422 | val_loss=0.9280 val_acc=0.6321 | 
03-04 09:10:27 [LP epoch 14] train_loss=0.7381 train_acc=0.7383 | val_loss=0.9182 val_acc=0.6317 | 
03-04 09:10:28 [LP epoch 15] train_loss=0.7204 train_acc=0.7500 | val_loss=0.9165 val_acc=0.6354 | 
03-04 09:10:28 [LP epoch 16] train_loss=0.7009 train_acc=0.7656 | val_loss=0.9065 val_acc=0.6404 | 
03-04 09:10:29 [LP epoch 17] train_loss=0.6816 train_acc=0.7734 | val_loss=0.8971 val_acc=0.6421 | 
03-04 09:10:30 [LP epoch 18] train_loss=0.6677 train_acc=0.7852 | val_loss=0.8940 val_acc=0.6462 | 
03-04 09:10:30 [LP epoch 19] train_loss=0.6504 train_acc=0.7734 | val_loss=0.8810 val_acc=0.6462 | 
03-04 09:10:31 [LP epoch 20] train_loss=0.6359 train_acc=0.7969 | val_loss=0.8869 val_acc=0.6454 | 
03-04 09:10:31 [LP epoch 21] train_loss=0.6186 train_acc=0.7969 | val_loss=0.8767 val_acc=0.6479 | 
03-04 09:10:32 [LP epoch 22] train_loss=0.6134 train_acc=0.7891 | val_loss=0.8700 val_acc=0.6479 | 
03-04 09:10:33 [LP epoch 23] train_loss=0.5953 train_acc=0.7969 | val_loss=0.8633 val_acc=0.6504 | 
03-04 09:10:33 [LP epoch 24] train_loss=0.5812 train_acc=0.8008 | val_loss=0.8631 val_acc=0.6508 | 
03-04 09:10:34 [LP epoch 25] train_loss=0.5710 train_acc=0.8164 | val_loss=0.8635 val_acc=0.6500 | 
03-04 09:10:34 [LP epoch 26] train_loss=0.5477 train_acc=0.8320 | val_loss=0.8544 val_acc=0.6550 | 
03-04 09:10:35 [LP epoch 27] train_loss=0.5435 train_acc=0.8320 | val_loss=0.8514 val_acc=0.6575 | 
03-04 09:10:36 [LP epoch 28] train_loss=0.5284 train_acc=0.8242 | val_loss=0.8464 val_acc=0.6637 | 
03-04 09:10:36 [LP epoch 29] train_loss=0.5201 train_acc=0.8398 | val_loss=0.8483 val_acc=0.6617 | 
03-04 09:10:37 [LP epoch 30] train_loss=0.4998 train_acc=0.8359 | val_loss=0.8493 val_acc=0.6617 | 
03-04 09:10:38 [LP epoch 31] train_loss=0.4975 train_acc=0.8477 | val_loss=0.8558 val_acc=0.6587 | 
03-04 09:10:38 [LP epoch 32] train_loss=0.4867 train_acc=0.8516 | val_loss=0.8514 val_acc=0.6658 | 
03-04 09:10:39 [LP epoch 33] train_loss=0.4795 train_acc=0.8516 | val_loss=0.8419 val_acc=0.6646 | 
03-04 09:10:39 [LP epoch 34] train_loss=0.4708 train_acc=0.8516 | val_loss=0.8481 val_acc=0.6642 | 
03-04 09:10:40 [LP epoch 35] train_loss=0.4622 train_acc=0.8477 | val_loss=0.8490 val_acc=0.6671 | 
03-04 09:10:41 [LP epoch 36] train_loss=0.4463 train_acc=0.8711 | val_loss=0.8454 val_acc=0.6700 | 
03-04 09:10:41 [LP epoch 37] train_loss=0.4351 train_acc=0.8750 | val_loss=0.8483 val_acc=0.6725 | 
03-04 09:10:42 [LP epoch 38] train_loss=0.4214 train_acc=0.8828 | val_loss=0.8487 val_acc=0.6675 | 
03-04 09:10:43 [LP epoch 39] train_loss=0.4244 train_acc=0.8750 | val_loss=0.8484 val_acc=0.6725 | 
03-04 09:10:43 [LP epoch 40] train_loss=0.4067 train_acc=0.8672 | val_loss=0.8502 val_acc=0.6675 | 
03-04 09:10:44 [LP epoch 41] train_loss=0.3975 train_acc=0.8906 | val_loss=0.8460 val_acc=0.6771 | 
03-04 09:10:44 [LP epoch 42] train_loss=0.3950 train_acc=0.8789 | val_loss=0.8473 val_acc=0.6737 | 
03-04 09:10:45 [LP epoch 43] train_loss=0.3810 train_acc=0.8906 | val_loss=0.8576 val_acc=0.6775 | 
03-04 09:10:46 [LP epoch 44] train_loss=0.3843 train_acc=0.8828 | val_loss=0.8655 val_acc=0.6642 | 
03-04 09:10:46 [LP epoch 45] train_loss=0.3680 train_acc=0.8945 | val_loss=0.8453 val_acc=0.6829 | 
03-04 09:10:47 [LP epoch 46] train_loss=0.3654 train_acc=0.9023 | val_loss=0.8653 val_acc=0.6754 | 
03-04 09:10:48 [LP epoch 47] train_loss=0.3572 train_acc=0.9023 | val_loss=0.8578 val_acc=0.6725 | 
03-04 09:10:48 [LP epoch 48] train_loss=0.3508 train_acc=0.9023 | val_loss=0.8650 val_acc=0.6763 | 
03-04 09:10:49 [LP epoch 49] train_loss=0.3500 train_acc=0.9102 | val_loss=0.8478 val_acc=0.6775 | 
03-04 09:10:49 Saved linear-probe checkpoint: ./checkpoint\SSF_PU_0304-090211\linear_probe_best.pt (best_val_acc=0.6829)
03-04 09:10:49 TEST linear-probe: loss=0.7979 acc=0.6921
03-04 09:10:49 model_name: SSF
03-04 09:10:49 data_name: PU
03-04 09:10:49 aug_1: randomcrop
03-04 09:10:49 aug_2: scale
03-04 09:10:49 max_epoch: 20
03-04 09:10:49 classifier_epoch: 50
03-04 09:10:49 data_view: TwoViewDataset
03-04 09:10:49 cuda_device: 0
03-04 09:10:49 checkpoint_dir: ./checkpoint
03-04 09:10:49 batch_size: 32
03-04 09:10:49 data_dir: raw_data/PU
03-04 09:10:49 out_channel: 4
03-04 09:10:49 normlizetype: minus_one_one
03-04 09:10:49 processing_type: RA
03-04 09:10:49 opt: sgd
03-04 09:10:49 lr: 0.01
03-04 09:10:49 momentum: 0.9
03-04 09:10:49 weight_decay: 1e-05
03-04 09:10:49 lr_scheduler: cos
03-04 09:10:49 gamma: 0.1
03-04 09:10:49 eta_min: 1e-05
03-04 09:10:49 latent_space: 96
03-04 09:10:49 num_blocks_ssf: None
03-04 09:10:49 task: self_supervised
03-04 09:10:49 critetion: <class 'utils.loss_SSL.SimSiamLoss'>
03-04 09:10:49 using 1 gpus
03-04 09:10:49 Dataset class: <class 'data_utils.datasets.PU.PU'>
03-04 09:10:50 Split sizes: train=12607 val=2430 test=2702, classier=271
03-04 09:10:51 Label counts train: Counter({3: 3498, 1: 3493, 0: 3490, 2: 2095})
03-04 09:10:51 Label counts val:   Counter({3: 667, 0: 667, 1: 666, 2: 400})
03-04 09:10:51 Label counts test:  Counter({3: 751, 1: 750, 0: 750, 2: 451})
03-04 09:10:51 Label counts classifier:  Counter({1: 72, 0: 72, 3: 70, 2: 42})
03-04 09:10:51 -----Epoch 0/19-----
03-04 09:11:02 current lr: 0.01
03-04 09:11:02 Saved best checkpoint to ./checkpoint\SSF_PU_0304-090211\best_pt (val_loss=-0.9893)
03-04 09:11:02 Epoch 000 Train loss -0.9607 | Val loss -0.9893
03-04 09:11:02 -----Epoch 1/19-----
03-04 09:11:13 current lr: 0.0099385
03-04 09:11:13 Saved best checkpoint to ./checkpoint\SSF_PU_0304-090211\best_pt (val_loss=-0.9920)
03-04 09:11:13 Epoch 001 Train loss -0.9905 | Val loss -0.9920
03-04 09:11:13 -----Epoch 2/19-----
03-04 09:11:25 current lr: 0.00975553
03-04 09:11:25 Saved best checkpoint to ./checkpoint\SSF_PU_0304-090211\best_pt (val_loss=-0.9928)
03-04 09:11:25 Epoch 002 Train loss -0.9920 | Val loss -0.9928
03-04 09:11:25 -----Epoch 3/19-----
03-04 09:11:37 current lr: 0.00945558
03-04 09:11:37 Saved best checkpoint to ./checkpoint\SSF_PU_0304-090211\best_pt (val_loss=-0.9930)
03-04 09:11:37 Epoch 003 Train loss -0.9924 | Val loss -0.9930
03-04 09:11:37 -----Epoch 4/19-----
03-04 09:11:48 current lr: 0.00904604
03-04 09:11:48 Saved best checkpoint to ./checkpoint\SSF_PU_0304-090211\best_pt (val_loss=-0.9936)
03-04 09:11:48 Epoch 004 Train loss -0.9928 | Val loss -0.9936
03-04 09:11:48 -----Epoch 5/19-----
03-04 09:12:01 current lr: 0.008537
03-04 09:12:01 Saved best checkpoint to ./checkpoint\SSF_PU_0304-090211\best_pt (val_loss=-0.9941)
03-04 09:12:01 Epoch 005 Train loss -0.9934 | Val loss -0.9941
03-04 09:12:01 -----Epoch 6/19-----
03-04 09:12:12 current lr: 0.00794099
03-04 09:12:12 Saved best checkpoint to ./checkpoint\SSF_PU_0304-090211\best_pt (val_loss=-0.9945)
03-04 09:12:12 Epoch 006 Train loss -0.9938 | Val loss -0.9945
03-04 09:12:12 -----Epoch 7/19-----
03-04 09:12:23 current lr: 0.00727268
03-04 09:12:23 Saved best checkpoint to ./checkpoint\SSF_PU_0304-090211\best_pt (val_loss=-0.9947)
03-04 09:12:23 Epoch 007 Train loss -0.9941 | Val loss -0.9947
03-04 09:12:23 -----Epoch 8/19-----
03-04 09:12:34 current lr: 0.00654854
03-04 09:12:34 Saved best checkpoint to ./checkpoint\SSF_PU_0304-090211\best_pt (val_loss=-0.9947)
03-04 09:12:34 Epoch 008 Train loss -0.9941 | Val loss -0.9947
03-04 09:12:34 -----Epoch 9/19-----
