03-10 11:09:00 model_name: SSF
03-10 11:09:00 data_name: CWRU
03-10 11:09:00 aug_1: randomcrop
03-10 11:09:00 aug_2: scale
03-10 11:09:00 max_epoch: 20
03-10 11:09:00 classifier_epoch: 50
03-10 11:09:00 data_view: TwoViewDataset
03-10 11:09:00 cuda_device: 0
03-10 11:09:00 checkpoint_dir: ./anomaly_detection
03-10 11:09:00 batch_size: 64
03-10 11:09:00 data_dir: raw_data/CWRU
03-10 11:09:00 out_channel: 4
03-10 11:09:00 normlizetype: minus_one_one
03-10 11:09:00 processing_type: RA
03-10 11:09:00 opt: sgd
03-10 11:09:00 lr: 0.05
03-10 11:09:00 momentum: 0.9
03-10 11:09:00 weight_decay: 0.0001
03-10 11:09:00 lr_scheduler: cos
03-10 11:09:00 gamma: 0.95
03-10 11:09:00 eta_min: 1e-05
03-10 11:09:00 latent_space: 192
03-10 11:09:00 num_blocks_ssf: 5
03-10 11:09:00 hidden_channel: 128
03-10 11:09:00 task: self_supervised
03-10 11:09:00 critetion: <class 'utils.loss_SSL.SimSiamLoss'>
03-10 11:09:00 using 1 gpus
03-10 11:09:00 Dataset class: <class 'data_utils.datasets.CWRU.CWRU'>
03-10 11:09:00 Split sizes: train=400 val=400 test=400, classier=40
03-10 11:09:00 Label counts train: Counter({0: 100, 1: 100, 3: 100, 2: 100})
03-10 11:09:00 Label counts val:   Counter({0: 100, 1: 100, 2: 100, 3: 100})
03-10 11:09:00 Label counts test:  Counter({3: 100, 0: 100, 1: 100, 2: 100})
03-10 11:09:00 Label counts classifier:  Counter({0: 10, 3: 10, 2: 10, 1: 10})
