03-10 11:54:50 model_name: SSF
03-10 11:54:50 data_name: PU
03-10 11:54:50 aug_1: randomcrop
03-10 11:54:50 aug_2: scale
03-10 11:54:50 max_epoch: 20
03-10 11:54:50 classifier_epoch: 50
03-10 11:54:50 data_view: TwoViewDataset
03-10 11:54:50 cuda_device: 0
03-10 11:54:50 checkpoint_dir: ./anomaly_detection
03-10 11:54:50 batch_size: 64
03-10 11:54:50 data_dir: raw_data/PU
03-10 11:54:50 out_channel: 4
03-10 11:54:50 normlizetype: minus_one_one
03-10 11:54:50 processing_type: RA
03-10 11:54:50 opt: sgd
03-10 11:54:50 lr: 0.05
03-10 11:54:50 momentum: 0.9
03-10 11:54:50 weight_decay: 0.0001
03-10 11:54:50 lr_scheduler: cos
03-10 11:54:50 gamma: 0.95
03-10 11:54:50 eta_min: 1e-05
03-10 11:54:50 latent_space: 192
03-10 11:54:50 num_blocks_ssf: 5
03-10 11:54:50 hidden_channel: 128
03-10 11:54:50 task: self_supervised
03-10 11:54:50 critetion: <class 'utils.loss_SSL.SimSiamLoss'>
03-10 11:54:50 using 1 gpus
03-10 11:54:50 Dataset class: <class 'data_utils.datasets.PU.PU'>
03-10 11:54:51 Split sizes: train=1600 val=1600 test=1600, classier=2000
03-10 11:54:51 Label counts train: Counter({1: 400, 0: 400, 3: 400, 2: 400})
03-10 11:54:51 Label counts val:   Counter({0: 400, 3: 400, 1: 400, 2: 400})
03-10 11:54:51 Label counts test:  Counter({2: 400, 0: 400, 3: 400, 1: 400})
03-10 11:54:51 Label counts classifier:  Counter({1: 500, 3: 500, 0: 500, 2: 500})
03-10 11:54:53 -----Epoch 0/19-----
03-10 11:54:55 current lr: 0.05
03-10 11:54:55 Saved best checkpoint to ./anomaly_detection\SSF_PU_0310-115450\best_pt (val_loss=-0.9473)
03-10 11:54:55 Epoch 000 Train loss -0.8228 | Val loss -0.9473
03-10 11:54:55 -----Epoch 1/19-----
03-10 11:54:57 current lr: 0.0496923
03-10 11:54:57 Saved best checkpoint to ./anomaly_detection\SSF_PU_0310-115450\best_pt (val_loss=-0.9759)
03-10 11:54:57 Epoch 001 Train loss -0.9704 | Val loss -0.9759
03-10 11:54:57 -----Epoch 2/19-----
03-10 11:54:59 current lr: 0.0487767
03-10 11:54:59 Saved best checkpoint to ./anomaly_detection\SSF_PU_0310-115450\best_pt (val_loss=-0.9818)
03-10 11:54:59 Epoch 002 Train loss -0.9813 | Val loss -0.9818
03-10 11:54:59 -----Epoch 3/19-----
03-10 11:55:00 current lr: 0.0472757
03-10 11:55:00 Saved best checkpoint to ./anomaly_detection\SSF_PU_0310-115450\best_pt (val_loss=-0.9843)
03-10 11:55:00 Epoch 003 Train loss -0.9843 | Val loss -0.9843
03-10 11:55:00 -----Epoch 4/19-----
03-10 11:55:02 current lr: 0.0452264
03-10 11:55:02 Saved best checkpoint to ./anomaly_detection\SSF_PU_0310-115450\best_pt (val_loss=-0.9857)
03-10 11:55:02 Epoch 004 Train loss -0.9863 | Val loss -0.9857
03-10 11:55:02 -----Epoch 5/19-----
03-10 11:55:04 current lr: 0.0426791
03-10 11:55:04 Saved best checkpoint to ./anomaly_detection\SSF_PU_0310-115450\best_pt (val_loss=-0.9869)
03-10 11:55:04 Epoch 005 Train loss -0.9876 | Val loss -0.9869
03-10 11:55:04 -----Epoch 6/19-----
03-10 11:55:06 current lr: 0.0396967
03-10 11:55:06 Saved best checkpoint to ./anomaly_detection\SSF_PU_0310-115450\best_pt (val_loss=-0.9880)
03-10 11:55:06 Epoch 006 Train loss -0.9887 | Val loss -0.9880
03-10 11:55:06 -----Epoch 7/19-----
03-10 11:55:07 current lr: 0.0363525
03-10 11:55:07 Saved best checkpoint to ./anomaly_detection\SSF_PU_0310-115450\best_pt (val_loss=-0.9890)
03-10 11:55:07 Epoch 007 Train loss -0.9896 | Val loss -0.9890
03-10 11:55:07 -----Epoch 8/19-----
03-10 11:55:09 current lr: 0.0327289
03-10 11:55:09 Saved best checkpoint to ./anomaly_detection\SSF_PU_0310-115450\best_pt (val_loss=-0.9900)
03-10 11:55:09 Epoch 008 Train loss -0.9904 | Val loss -0.9900
03-10 11:55:09 -----Epoch 9/19-----
03-10 11:55:11 current lr: 0.0289151
03-10 11:55:11 Saved best checkpoint to ./anomaly_detection\SSF_PU_0310-115450\best_pt (val_loss=-0.9907)
03-10 11:55:11 Epoch 009 Train loss -0.9910 | Val loss -0.9907
03-10 11:55:11 -----Epoch 10/19-----
03-10 11:55:12 current lr: 0.025005
03-10 11:55:12 Saved best checkpoint to ./anomaly_detection\SSF_PU_0310-115450\best_pt (val_loss=-0.9913)
03-10 11:55:12 Epoch 010 Train loss -0.9915 | Val loss -0.9913
03-10 11:55:12 -----Epoch 11/19-----
03-10 11:55:14 current lr: 0.0210949
03-10 11:55:14 Saved best checkpoint to ./anomaly_detection\SSF_PU_0310-115450\best_pt (val_loss=-0.9917)
03-10 11:55:14 Epoch 011 Train loss -0.9919 | Val loss -0.9917
03-10 11:55:14 -----Epoch 12/19-----
03-10 11:55:16 current lr: 0.0172811
03-10 11:55:16 Saved best checkpoint to ./anomaly_detection\SSF_PU_0310-115450\best_pt (val_loss=-0.9920)
03-10 11:55:16 Epoch 012 Train loss -0.9922 | Val loss -0.9920
03-10 11:55:16 -----Epoch 13/19-----
03-10 11:55:18 current lr: 0.0136575
03-10 11:55:18 Saved best checkpoint to ./anomaly_detection\SSF_PU_0310-115450\best_pt (val_loss=-0.9922)
03-10 11:55:18 Epoch 013 Train loss -0.9924 | Val loss -0.9922
03-10 11:55:18 -----Epoch 14/19-----
03-10 11:55:19 current lr: 0.0103133
03-10 11:55:19 Saved best checkpoint to ./anomaly_detection\SSF_PU_0310-115450\best_pt (val_loss=-0.9924)
03-10 11:55:19 Epoch 014 Train loss -0.9926 | Val loss -0.9924
03-10 11:55:19 -----Epoch 15/19-----
03-10 11:55:21 current lr: 0.00733087
03-10 11:55:21 Saved best checkpoint to ./anomaly_detection\SSF_PU_0310-115450\best_pt (val_loss=-0.9925)
03-10 11:55:21 Epoch 015 Train loss -0.9928 | Val loss -0.9925
03-10 11:55:21 -----Epoch 16/19-----
03-10 11:55:23 current lr: 0.00478362
03-10 11:55:23 Saved best checkpoint to ./anomaly_detection\SSF_PU_0310-115450\best_pt (val_loss=-0.9926)
03-10 11:55:23 Epoch 016 Train loss -0.9928 | Val loss -0.9926
03-10 11:55:23 -----Epoch 17/19-----
03-10 11:55:25 current lr: 0.00273429
03-10 11:55:25 Saved best checkpoint to ./anomaly_detection\SSF_PU_0310-115450\best_pt (val_loss=-0.9926)
03-10 11:55:25 Epoch 017 Train loss -0.9929 | Val loss -0.9926
03-10 11:55:25 -----Epoch 18/19-----
03-10 11:55:26 current lr: 0.00123334
03-10 11:55:26 Saved best checkpoint to ./anomaly_detection\SSF_PU_0310-115450\best_pt (val_loss=-0.9926)
03-10 11:55:26 Epoch 018 Train loss -0.9929 | Val loss -0.9926
03-10 11:55:26 -----Epoch 19/19-----
03-10 11:55:28 current lr: 0.00031773
03-10 11:55:28 Saved best checkpoint to ./anomaly_detection\SSF_PU_0310-115450\best_pt (val_loss=-0.9926)
03-10 11:55:28 Epoch 019 Train loss -0.9929 | Val loss -0.9926
03-10 11:55:29 TEST (last): loss -0.9925
03-10 11:55:29 Loaded best checkpoint from ./anomaly_detection\SSF_PU_0310-115450\best_pt (val_loss=-0.9926297688484191)
03-10 11:55:29 TEST (best): loss -0.9925
03-10 11:55:31 [LP epoch 00] train_loss=1.1750 train_acc=0.5050 | val_loss=1.1257 val_acc=0.5550 | 
03-10 11:55:32 [LP epoch 01] train_loss=1.1058 train_acc=0.5695 | val_loss=1.0802 val_acc=0.6056 | 
03-10 11:55:34 [LP epoch 02] train_loss=1.0679 train_acc=0.5960 | val_loss=1.0596 val_acc=0.6012 | 
03-10 11:55:35 [LP epoch 03] train_loss=1.0237 train_acc=0.6255 | val_loss=1.0359 val_acc=0.6462 | 
03-10 11:55:36 [LP epoch 04] train_loss=0.9966 train_acc=0.6345 | val_loss=1.0037 val_acc=0.6362 | 
03-10 11:55:38 [LP epoch 05] train_loss=0.9797 train_acc=0.6395 | val_loss=1.0089 val_acc=0.6106 | 
03-10 11:55:39 [LP epoch 06] train_loss=0.9570 train_acc=0.6715 | val_loss=0.9857 val_acc=0.6288 | 
03-10 11:55:41 [LP epoch 07] train_loss=0.9591 train_acc=0.6600 | val_loss=0.9469 val_acc=0.6681 | 
03-10 11:55:42 [LP epoch 08] train_loss=0.9236 train_acc=0.6840 | val_loss=0.9853 val_acc=0.6438 | 
03-10 11:55:43 [LP epoch 09] train_loss=0.9253 train_acc=0.6750 | val_loss=0.9137 val_acc=0.6937 | 
03-10 11:55:45 [LP epoch 10] train_loss=0.9100 train_acc=0.6910 | val_loss=0.9179 val_acc=0.6975 | 
03-10 11:55:46 [LP epoch 11] train_loss=0.9137 train_acc=0.6820 | val_loss=0.9246 val_acc=0.6825 | 
03-10 11:55:48 [LP epoch 12] train_loss=0.8983 train_acc=0.6985 | val_loss=0.9270 val_acc=0.6787 | 
03-10 11:55:49 [LP epoch 13] train_loss=0.8937 train_acc=0.6995 | val_loss=0.8927 val_acc=0.6956 | 
03-10 11:55:50 [LP epoch 14] train_loss=0.8760 train_acc=0.6995 | val_loss=0.9179 val_acc=0.6881 | 
03-10 11:55:52 [LP epoch 15] train_loss=0.8818 train_acc=0.6995 | val_loss=0.9102 val_acc=0.6944 | 
03-10 11:55:53 [LP epoch 16] train_loss=0.8854 train_acc=0.7005 | val_loss=0.8902 val_acc=0.6987 | 
03-10 11:55:55 [LP epoch 17] train_loss=0.8574 train_acc=0.7150 | val_loss=0.8678 val_acc=0.7000 | 
03-10 11:55:56 [LP epoch 18] train_loss=0.8542 train_acc=0.7130 | val_loss=0.9188 val_acc=0.6769 | 
03-10 11:55:58 [LP epoch 19] train_loss=0.8621 train_acc=0.7160 | val_loss=0.8834 val_acc=0.7238 | 
03-10 11:55:59 [LP epoch 20] train_loss=0.8431 train_acc=0.7355 | val_loss=0.8619 val_acc=0.7094 | 
03-10 11:56:00 [LP epoch 21] train_loss=0.8437 train_acc=0.7200 | val_loss=0.8766 val_acc=0.7006 | 
03-10 11:56:02 [LP epoch 22] train_loss=0.8319 train_acc=0.7325 | val_loss=0.8515 val_acc=0.7150 | 
03-10 11:56:03 [LP epoch 23] train_loss=0.8382 train_acc=0.7350 | val_loss=0.8449 val_acc=0.7325 | 
03-10 11:56:05 [LP epoch 24] train_loss=0.8304 train_acc=0.7465 | val_loss=0.8662 val_acc=0.7131 | 
03-10 11:56:06 [LP epoch 25] train_loss=0.8310 train_acc=0.7405 | val_loss=0.8354 val_acc=0.7438 | 
03-10 11:56:07 [LP epoch 26] train_loss=0.8216 train_acc=0.7435 | val_loss=0.8601 val_acc=0.7175 | 
03-10 11:56:09 [LP epoch 27] train_loss=0.8146 train_acc=0.7525 | val_loss=0.8512 val_acc=0.7281 | 
03-10 11:56:10 [LP epoch 28] train_loss=0.8425 train_acc=0.7280 | val_loss=0.8883 val_acc=0.6944 | 
03-10 11:56:12 [LP epoch 29] train_loss=0.8261 train_acc=0.7480 | val_loss=0.8208 val_acc=0.7388 | 
03-10 11:56:13 [LP epoch 30] train_loss=0.8166 train_acc=0.7445 | val_loss=0.8416 val_acc=0.7362 | 
03-10 11:56:15 [LP epoch 31] train_loss=0.8052 train_acc=0.7510 | val_loss=0.8234 val_acc=0.7600 | 
03-10 11:56:16 [LP epoch 32] train_loss=0.7966 train_acc=0.7610 | val_loss=0.8317 val_acc=0.7531 | 
03-10 11:56:17 [LP epoch 33] train_loss=0.8092 train_acc=0.7500 | val_loss=0.8377 val_acc=0.7406 | 
03-10 11:56:19 [LP epoch 34] train_loss=0.8120 train_acc=0.7475 | val_loss=0.8190 val_acc=0.7538 | 
03-10 11:56:20 [LP epoch 35] train_loss=0.8091 train_acc=0.7455 | val_loss=0.8414 val_acc=0.7331 | 
03-10 11:56:22 [LP epoch 36] train_loss=0.8168 train_acc=0.7435 | val_loss=0.8264 val_acc=0.7262 | 
03-10 11:56:23 [LP epoch 37] train_loss=0.8012 train_acc=0.7560 | val_loss=0.8105 val_acc=0.7581 | 
03-10 11:56:24 [LP epoch 38] train_loss=0.7918 train_acc=0.7595 | val_loss=0.8475 val_acc=0.7281 | 
03-10 11:56:26 [LP epoch 39] train_loss=0.8068 train_acc=0.7610 | val_loss=0.8202 val_acc=0.7519 | 
03-10 11:56:27 [LP epoch 40] train_loss=0.7973 train_acc=0.7545 | val_loss=0.7975 val_acc=0.7625 | 
03-10 11:56:28 [LP epoch 41] train_loss=0.7986 train_acc=0.7695 | val_loss=0.8021 val_acc=0.7669 | 
03-10 11:56:30 [LP epoch 42] train_loss=0.7862 train_acc=0.7650 | val_loss=0.8237 val_acc=0.7362 | 
03-10 11:56:31 [LP epoch 43] train_loss=0.7699 train_acc=0.7800 | val_loss=0.8389 val_acc=0.7394 | 
03-10 11:56:33 [LP epoch 44] train_loss=0.7898 train_acc=0.7695 | val_loss=0.8660 val_acc=0.7163 | 
03-10 11:56:34 [LP epoch 45] train_loss=0.7773 train_acc=0.7770 | val_loss=0.7976 val_acc=0.7625 | 
03-10 11:56:36 [LP epoch 46] train_loss=0.7903 train_acc=0.7755 | val_loss=0.8122 val_acc=0.7469 | 
03-10 11:56:37 [LP epoch 47] train_loss=0.7762 train_acc=0.7750 | val_loss=0.7814 val_acc=0.7581 | 
03-10 11:56:38 [LP epoch 48] train_loss=0.7693 train_acc=0.7725 | val_loss=0.7984 val_acc=0.7619 | 
03-10 11:56:40 [LP epoch 49] train_loss=0.7594 train_acc=0.7885 | val_loss=0.7766 val_acc=0.7850 | 
03-10 11:56:40 Saved linear-probe checkpoint: ./anomaly_detection\SSF_PU_0310-115450\linear_probe_best.pt (best_val_acc=0.7850)
03-10 11:56:40 TEST linear-probe: loss=0.7803 acc=0.7700
