02-24 12:15:39 model_name: SSF
02-24 12:15:39 data_name: PU
02-24 12:15:39 aug_1: normal
02-24 12:15:39 aug_2: randomcrop
02-24 12:15:39 max_epoch: 20
02-24 12:15:39 classifier_epoch: 50
02-24 12:15:39 data_view: TwoViewDataset
02-24 12:15:39 cuda_device: 0
02-24 12:15:39 checkpoint_dir: ./checkpoint
02-24 12:15:39 batch_size: 32
02-24 12:15:39 data_dir: raw_data/PU
02-24 12:15:39 out_channel: 3
02-24 12:15:39 normlizetype: minus_one_one
02-24 12:15:39 processing_type: RA
02-24 12:15:39 opt: sgd
02-24 12:15:39 lr: 0.01
02-24 12:15:39 momentum: 0.9
02-24 12:15:39 weight_decay: 1e-05
02-24 12:15:39 lr_scheduler: cos
02-24 12:15:39 gamma: 0.1
02-24 12:15:39 eta_min: 1e-05
02-24 12:15:39 latent_space: 256
02-24 12:15:39 task: self_supervised
02-24 12:15:39 critetion: <class 'utils.loss_SSL.SimSiamLoss'>
02-24 12:15:39 using 1 gpus
02-24 12:15:39 Dataset class: <class 'data_utils.datasets.PU.PU'>
02-24 12:15:39 Split sizes: train=10504 val=1125 test=2252, classier=1126
02-24 12:15:40 Label counts train: Counter({2: 3504, 1: 3500, 0: 3500})
02-24 12:15:40 Label counts val:   Counter({0: 375, 2: 375, 1: 375})
02-24 12:15:40 Label counts test:  Counter({2: 751, 0: 751, 1: 750})
02-24 12:15:40 Label counts classifier:  Counter({2: 376, 0: 375, 1: 375})
02-24 12:15:41 -----Epoch 0/19-----
02-24 12:15:50 current lr: 0.01
02-24 12:15:50 Saved best checkpoint to ./checkpoint\SSF_PU_0224-121539\best_pt (val_loss=-0.9919)
02-24 12:15:50 Epoch 000 Train loss -0.9574 | Val loss -0.9919
02-24 12:15:50 -----Epoch 1/19-----
02-24 12:15:59 current lr: 0.0099385
02-24 12:15:59 Saved best checkpoint to ./checkpoint\SSF_PU_0224-121539\best_pt (val_loss=-0.9944)
02-24 12:15:59 Epoch 001 Train loss -0.9929 | Val loss -0.9944
02-24 12:15:59 -----Epoch 2/19-----
02-24 12:16:07 current lr: 0.00975553
02-24 12:16:07 Saved best checkpoint to ./checkpoint\SSF_PU_0224-121539\best_pt (val_loss=-0.9954)
02-24 12:16:07 Epoch 002 Train loss -0.9943 | Val loss -0.9954
02-24 12:16:07 -----Epoch 3/19-----
02-24 12:16:16 current lr: 0.00945558
02-24 12:16:16 Saved best checkpoint to ./checkpoint\SSF_PU_0224-121539\best_pt (val_loss=-0.9960)
02-24 12:16:16 Epoch 003 Train loss -0.9951 | Val loss -0.9960
02-24 12:16:16 -----Epoch 4/19-----
02-24 12:16:24 current lr: 0.00904604
02-24 12:16:24 Saved best checkpoint to ./checkpoint\SSF_PU_0224-121539\best_pt (val_loss=-0.9963)
02-24 12:16:24 Epoch 004 Train loss -0.9955 | Val loss -0.9963
02-24 12:16:24 -----Epoch 5/19-----
02-24 12:16:31 current lr: 0.008537
02-24 12:16:31 Saved best checkpoint to ./checkpoint\SSF_PU_0224-121539\best_pt (val_loss=-0.9966)
02-24 12:16:31 Epoch 005 Train loss -0.9959 | Val loss -0.9966
02-24 12:16:31 -----Epoch 6/19-----
02-24 12:16:38 current lr: 0.00794099
02-24 12:16:38 Saved best checkpoint to ./checkpoint\SSF_PU_0224-121539\best_pt (val_loss=-0.9968)
02-24 12:16:38 Epoch 006 Train loss -0.9961 | Val loss -0.9968
02-24 12:16:38 -----Epoch 7/19-----
02-24 12:16:45 current lr: 0.00727268
02-24 12:16:45 Saved best checkpoint to ./checkpoint\SSF_PU_0224-121539\best_pt (val_loss=-0.9970)
02-24 12:16:45 Epoch 007 Train loss -0.9963 | Val loss -0.9970
02-24 12:16:45 -----Epoch 8/19-----
02-24 12:16:53 current lr: 0.00654854
02-24 12:16:53 Saved best checkpoint to ./checkpoint\SSF_PU_0224-121539\best_pt (val_loss=-0.9971)
02-24 12:16:53 Epoch 008 Train loss -0.9964 | Val loss -0.9971
02-24 12:16:53 -----Epoch 9/19-----
02-24 12:16:59 current lr: 0.00578639
02-24 12:16:59 Saved best checkpoint to ./checkpoint\SSF_PU_0224-121539\best_pt (val_loss=-0.9972)
02-24 12:16:59 Epoch 009 Train loss -0.9966 | Val loss -0.9972
02-24 12:16:59 -----Epoch 10/19-----
02-24 12:17:06 current lr: 0.005005
02-24 12:17:06 Saved best checkpoint to ./checkpoint\SSF_PU_0224-121539\best_pt (val_loss=-0.9973)
02-24 12:17:06 Epoch 010 Train loss -0.9967 | Val loss -0.9973
02-24 12:17:06 -----Epoch 11/19-----
02-24 12:17:14 current lr: 0.00422361
02-24 12:17:14 Saved best checkpoint to ./checkpoint\SSF_PU_0224-121539\best_pt (val_loss=-0.9973)
02-24 12:17:14 Epoch 011 Train loss -0.9967 | Val loss -0.9973
02-24 12:17:14 -----Epoch 12/19-----
02-24 12:17:23 current lr: 0.00346146
02-24 12:17:23 Saved best checkpoint to ./checkpoint\SSF_PU_0224-121539\best_pt (val_loss=-0.9974)
02-24 12:17:23 Epoch 012 Train loss -0.9968 | Val loss -0.9974
02-24 12:17:23 -----Epoch 13/19-----
02-24 12:17:31 current lr: 0.00273732
02-24 12:17:31 Saved best checkpoint to ./checkpoint\SSF_PU_0224-121539\best_pt (val_loss=-0.9974)
02-24 12:17:31 Epoch 013 Train loss -0.9968 | Val loss -0.9974
02-24 12:17:31 -----Epoch 14/19-----
02-24 12:17:40 current lr: 0.00206901
02-24 12:17:40 Saved best checkpoint to ./checkpoint\SSF_PU_0224-121539\best_pt (val_loss=-0.9974)
02-24 12:17:40 Epoch 014 Train loss -0.9969 | Val loss -0.9974
02-24 12:17:40 -----Epoch 15/19-----
02-24 12:17:47 current lr: 0.001473
02-24 12:17:47 Saved best checkpoint to ./checkpoint\SSF_PU_0224-121539\best_pt (val_loss=-0.9975)
02-24 12:17:47 Epoch 015 Train loss -0.9969 | Val loss -0.9975
02-24 12:17:47 -----Epoch 16/19-----
02-24 12:17:54 current lr: 0.00096396
02-24 12:17:54 Saved best checkpoint to ./checkpoint\SSF_PU_0224-121539\best_pt (val_loss=-0.9975)
02-24 12:17:54 Epoch 016 Train loss -0.9969 | Val loss -0.9975
02-24 12:17:54 -----Epoch 17/19-----
02-24 12:18:03 current lr: 0.000554422
02-24 12:18:03 Saved best checkpoint to ./checkpoint\SSF_PU_0224-121539\best_pt (val_loss=-0.9975)
02-24 12:18:03 Epoch 017 Train loss -0.9969 | Val loss -0.9975
02-24 12:18:03 -----Epoch 18/19-----
02-24 12:18:11 current lr: 0.000254473
02-24 12:18:11 Saved best checkpoint to ./checkpoint\SSF_PU_0224-121539\best_pt (val_loss=-0.9975)
02-24 12:18:11 Epoch 018 Train loss -0.9969 | Val loss -0.9975
02-24 12:18:11 -----Epoch 19/19-----
02-24 12:18:19 current lr: 7.14967e-05
02-24 12:18:19 Epoch 019 Train loss -0.9969 | Val loss -0.9975
02-24 12:18:19 TEST (last): loss -0.9975
02-24 12:18:20 [LP epoch 00] train_loss=0.7999 train_acc=0.6172 | val_loss=820.5107 val_acc=0.6933 | 
02-24 12:18:21 [LP epoch 01] train_loss=0.6913 train_acc=0.6901 | val_loss=710.3788 val_acc=0.7351 | 
02-24 12:18:22 [LP epoch 02] train_loss=0.6500 train_acc=0.7096 | val_loss=687.7914 val_acc=0.7387 | 
02-24 12:18:22 [LP epoch 03] train_loss=0.6258 train_acc=0.7265 | val_loss=670.6421 val_acc=0.7351 | 
02-24 12:18:23 [LP epoch 04] train_loss=0.6145 train_acc=0.7274 | val_loss=640.6909 val_acc=0.7529 | 
02-24 12:18:24 [LP epoch 05] train_loss=0.5871 train_acc=0.7451 | val_loss=618.0865 val_acc=0.7618 | 
02-24 12:18:25 [LP epoch 06] train_loss=0.5831 train_acc=0.7487 | val_loss=618.4680 val_acc=0.7547 | 
02-24 12:18:26 [LP epoch 07] train_loss=0.5716 train_acc=0.7478 | val_loss=616.1804 val_acc=0.7609 | 
02-24 12:18:26 [LP epoch 08] train_loss=0.5559 train_acc=0.7620 | val_loss=601.2565 val_acc=0.7698 | 
02-24 12:18:27 [LP epoch 09] train_loss=0.5540 train_acc=0.7602 | val_loss=610.8735 val_acc=0.7484 | 
02-24 12:18:28 [LP epoch 10] train_loss=0.5403 train_acc=0.7709 | val_loss=592.7447 val_acc=0.7644 | 
02-24 12:18:29 [LP epoch 11] train_loss=0.5298 train_acc=0.7629 | val_loss=585.1119 val_acc=0.7636 | 
02-24 12:18:30 [LP epoch 12] train_loss=0.5240 train_acc=0.7798 | val_loss=576.9670 val_acc=0.7618 | 
02-24 12:18:30 [LP epoch 13] train_loss=0.5175 train_acc=0.7798 | val_loss=562.0087 val_acc=0.7876 | 
02-24 12:18:31 [LP epoch 14] train_loss=0.5060 train_acc=0.7842 | val_loss=564.2087 val_acc=0.7733 | 
02-24 12:18:32 [LP epoch 15] train_loss=0.5006 train_acc=0.7886 | val_loss=562.8982 val_acc=0.7680 | 
02-24 12:18:33 [LP epoch 16] train_loss=0.4974 train_acc=0.7904 | val_loss=551.0899 val_acc=0.7831 | 
02-24 12:18:33 [LP epoch 17] train_loss=0.4852 train_acc=0.7931 | val_loss=577.4124 val_acc=0.7636 | 
02-24 12:18:34 [LP epoch 18] train_loss=0.4818 train_acc=0.7948 | val_loss=547.1670 val_acc=0.7778 | 
02-24 12:18:35 [LP epoch 19] train_loss=0.4730 train_acc=0.7922 | val_loss=532.1106 val_acc=0.7947 | 
02-24 12:18:36 [LP epoch 20] train_loss=0.4727 train_acc=0.8028 | val_loss=541.3409 val_acc=0.7876 | 
02-24 12:18:36 [LP epoch 21] train_loss=0.4685 train_acc=0.8020 | val_loss=547.9607 val_acc=0.7760 | 
02-24 12:18:37 [LP epoch 22] train_loss=0.4636 train_acc=0.7993 | val_loss=535.3076 val_acc=0.7902 | 
02-24 12:18:38 [LP epoch 23] train_loss=0.4558 train_acc=0.8099 | val_loss=539.6780 val_acc=0.7831 | 
02-24 12:18:38 [LP epoch 24] train_loss=0.4486 train_acc=0.8144 | val_loss=553.0977 val_acc=0.7778 | 
02-24 12:18:39 [LP epoch 25] train_loss=0.4355 train_acc=0.8197 | val_loss=519.6493 val_acc=0.8009 | 
02-24 12:18:40 [LP epoch 26] train_loss=0.4357 train_acc=0.8179 | val_loss=520.9532 val_acc=0.7893 | 
02-24 12:18:41 [LP epoch 27] train_loss=0.4357 train_acc=0.8108 | val_loss=509.6590 val_acc=0.8027 | 
02-24 12:18:41 [LP epoch 28] train_loss=0.4308 train_acc=0.8197 | val_loss=502.3474 val_acc=0.7982 | 
02-24 12:18:42 [LP epoch 29] train_loss=0.4248 train_acc=0.8242 | val_loss=505.3598 val_acc=0.7973 | 
02-24 12:18:43 [LP epoch 30] train_loss=0.4338 train_acc=0.8135 | val_loss=494.7849 val_acc=0.8142 | 
02-24 12:18:43 [LP epoch 31] train_loss=0.4163 train_acc=0.8268 | val_loss=497.0532 val_acc=0.8053 | 
02-24 12:18:44 [LP epoch 32] train_loss=0.4096 train_acc=0.8339 | val_loss=492.1507 val_acc=0.8044 | 
02-24 12:18:45 [LP epoch 33] train_loss=0.4126 train_acc=0.8242 | val_loss=494.3029 val_acc=0.8018 | 
02-24 12:18:45 [LP epoch 34] train_loss=0.4015 train_acc=0.8357 | val_loss=476.3761 val_acc=0.8160 | 
02-24 12:18:46 [LP epoch 35] train_loss=0.3976 train_acc=0.8366 | val_loss=461.0636 val_acc=0.8222 | 
02-24 12:18:46 [LP epoch 36] train_loss=0.4006 train_acc=0.8393 | val_loss=456.1067 val_acc=0.8249 | 
02-24 12:18:47 [LP epoch 37] train_loss=0.3872 train_acc=0.8517 | val_loss=467.6338 val_acc=0.8133 | 
02-24 12:18:48 [LP epoch 38] train_loss=0.3832 train_acc=0.8508 | val_loss=464.3135 val_acc=0.8231 | 
02-24 12:18:49 [LP epoch 39] train_loss=0.4025 train_acc=0.8304 | val_loss=499.0492 val_acc=0.8080 | 
02-24 12:18:49 [LP epoch 40] train_loss=0.3869 train_acc=0.8366 | val_loss=470.4120 val_acc=0.8196 | 
02-24 12:18:50 [LP epoch 41] train_loss=0.3791 train_acc=0.8446 | val_loss=453.0138 val_acc=0.8240 | 
02-24 12:18:51 [LP epoch 42] train_loss=0.3826 train_acc=0.8490 | val_loss=470.1103 val_acc=0.8160 | 
02-24 12:18:52 [LP epoch 43] train_loss=0.3776 train_acc=0.8526 | val_loss=447.6459 val_acc=0.8276 | 
02-24 12:18:52 [LP epoch 44] train_loss=0.3621 train_acc=0.8552 | val_loss=465.3285 val_acc=0.8258 | 
02-24 12:18:53 [LP epoch 45] train_loss=0.3616 train_acc=0.8535 | val_loss=455.7560 val_acc=0.8276 | 
02-24 12:18:54 [LP epoch 46] train_loss=0.3612 train_acc=0.8517 | val_loss=459.5330 val_acc=0.8240 | 
02-24 12:18:54 [LP epoch 47] train_loss=0.3478 train_acc=0.8606 | val_loss=440.7637 val_acc=0.8356 | 
02-24 12:18:55 [LP epoch 48] train_loss=0.3544 train_acc=0.8552 | val_loss=458.9151 val_acc=0.8222 | 
02-24 12:18:56 [LP epoch 49] train_loss=0.3612 train_acc=0.8544 | val_loss=443.6266 val_acc=0.8293 | 
02-24 12:18:56 Saved linear-probe checkpoint: ./checkpoint\SSF_PU_0224-121539\linear_probe_best.pt (best_val_acc=0.8356)
02-24 12:18:56 TEST linear-probe: loss=0.4343 acc=0.8135
02-24 12:18:56 using 1 gpus
02-24 12:18:56 Dataset class: <class 'data_utils.datasets.PU.PU'>
02-24 12:18:57 Split sizes: train=10504 val=1125 test=2252, classier=1126
02-24 12:18:57 Label counts train: Counter({2: 3504, 1: 3500, 0: 3500})
02-24 12:18:58 Label counts val:   Counter({0: 375, 2: 375, 1: 375})
02-24 12:18:58 Label counts test:  Counter({2: 751, 0: 751, 1: 750})
02-24 12:18:58 Label counts classifier:  Counter({2: 376, 0: 375, 1: 375})
02-24 12:18:58 -----Epoch 0/19-----
02-24 12:19:05 current lr: 0.01
02-24 12:19:05 Saved best checkpoint to ./checkpoint\SSF_PU_0224-121539\best_pt (val_loss=-0.9917)
02-24 12:19:05 Epoch 000 Train loss -0.9578 | Val loss -0.9917
02-24 12:19:05 -----Epoch 1/19-----
