02-24 09:42:17 model_name: SSF
02-24 09:42:17 data_name: CWRU
02-24 09:42:17 aug_1: normal
02-24 09:42:17 aug_2: randomcrop
02-24 09:42:17 max_epoch: 20
02-24 09:42:17 classifier_epoch: 50
02-24 09:42:17 data_view: TwoViewDataset
02-24 09:42:17 cuda_device: 0
02-24 09:42:17 checkpoint_dir: ./checkpoint
02-24 09:42:17 batch_size: 32
02-24 09:42:17 data_dir: raw_data/CWRU
02-24 09:42:17 out_channel: 4
02-24 09:42:17 normlizetype: minus_one_one
02-24 09:42:17 processing_type: RA
02-24 09:42:17 opt: sgd
02-24 09:42:17 lr: 0.01
02-24 09:42:17 momentum: 0.9
02-24 09:42:17 weight_decay: 1e-05
02-24 09:42:17 lr_scheduler: cos
02-24 09:42:17 gamma: 0.1
02-24 09:42:17 eta_min: 1e-05
02-24 09:42:17 latent_space: 256
02-24 09:42:17 task: self_supervised
02-24 09:42:17 critetion: <class 'utils.loss_SSL.SimSiamLoss'>
02-24 09:42:17 using 1 gpus
02-24 09:42:17 Dataset class: <class 'data_utils.datasets.CWRU.CWRU'>
02-24 09:42:17 Split sizes: train=2156 val=308 test=462, classier=154
02-24 09:42:17 Label counts train: Counter({0: 1159, 1: 333, 3: 333, 2: 331})
02-24 09:42:17 Label counts val:   Counter({0: 166, 1: 48, 3: 47, 2: 47})
02-24 09:42:17 Label counts test:  Counter({0: 249, 2: 71, 3: 71, 1: 71})
02-24 09:42:17 Label counts test:  Counter({0: 82, 2: 24, 3: 24, 1: 24})
02-24 09:42:19 -----Epoch 0/19-----
02-24 09:42:21 current lr: 0.01
02-24 09:42:21 Saved best checkpoint to ./checkpoint\SSF_CWRU_0224-094217\best_pt (val_loss=-0.3550)
02-24 09:42:21 Epoch 000 Train loss -0.2126 | Val loss -0.3550
02-24 09:42:21 -----Epoch 1/19-----
02-24 09:42:23 current lr: 0.0099385
02-24 09:42:23 Saved best checkpoint to ./checkpoint\SSF_CWRU_0224-094217\best_pt (val_loss=-0.5747)
02-24 09:42:23 Epoch 001 Train loss -0.4687 | Val loss -0.5747
02-24 09:42:23 -----Epoch 2/19-----
02-24 09:42:25 current lr: 0.00975553
02-24 09:42:25 Saved best checkpoint to ./checkpoint\SSF_CWRU_0224-094217\best_pt (val_loss=-0.7182)
02-24 09:42:25 Epoch 002 Train loss -0.6523 | Val loss -0.7182
02-24 09:42:25 -----Epoch 3/19-----
02-24 09:42:27 current lr: 0.00945558
02-24 09:42:27 Saved best checkpoint to ./checkpoint\SSF_CWRU_0224-094217\best_pt (val_loss=-0.8058)
02-24 09:42:27 Epoch 003 Train loss -0.7669 | Val loss -0.8058
02-24 09:42:27 -----Epoch 4/19-----
02-24 09:42:28 current lr: 0.00904604
02-24 09:42:28 Saved best checkpoint to ./checkpoint\SSF_CWRU_0224-094217\best_pt (val_loss=-0.8574)
02-24 09:42:28 Epoch 004 Train loss -0.8350 | Val loss -0.8574
02-24 09:42:28 -----Epoch 5/19-----
02-24 09:42:30 current lr: 0.008537
02-24 09:42:30 Saved best checkpoint to ./checkpoint\SSF_CWRU_0224-094217\best_pt (val_loss=-0.8907)
02-24 09:42:30 Epoch 005 Train loss -0.8760 | Val loss -0.8907
02-24 09:42:30 -----Epoch 6/19-----
02-24 09:42:31 current lr: 0.00794099
02-24 09:42:31 Saved best checkpoint to ./checkpoint\SSF_CWRU_0224-094217\best_pt (val_loss=-0.9114)
02-24 09:42:31 Epoch 006 Train loss -0.9018 | Val loss -0.9114
02-24 09:42:31 -----Epoch 7/19-----
02-24 09:42:33 current lr: 0.00727268
02-24 09:42:33 Saved best checkpoint to ./checkpoint\SSF_CWRU_0224-094217\best_pt (val_loss=-0.9250)
02-24 09:42:33 Epoch 007 Train loss -0.9185 | Val loss -0.9250
02-24 09:42:33 -----Epoch 8/19-----
02-24 09:42:35 current lr: 0.00654854
02-24 09:42:35 Saved best checkpoint to ./checkpoint\SSF_CWRU_0224-094217\best_pt (val_loss=-0.9342)
02-24 09:42:35 Epoch 008 Train loss -0.9295 | Val loss -0.9342
02-24 09:42:35 -----Epoch 9/19-----
02-24 09:42:36 current lr: 0.00578639
02-24 09:42:36 Saved best checkpoint to ./checkpoint\SSF_CWRU_0224-094217\best_pt (val_loss=-0.9404)
02-24 09:42:36 Epoch 009 Train loss -0.9369 | Val loss -0.9404
02-24 09:42:36 -----Epoch 10/19-----
02-24 09:42:38 current lr: 0.005005
02-24 09:42:38 Saved best checkpoint to ./checkpoint\SSF_CWRU_0224-094217\best_pt (val_loss=-0.9447)
02-24 09:42:38 Epoch 010 Train loss -0.9420 | Val loss -0.9447
02-24 09:42:38 -----Epoch 11/19-----
02-24 09:42:39 current lr: 0.00422361
02-24 09:42:39 Saved best checkpoint to ./checkpoint\SSF_CWRU_0224-094217\best_pt (val_loss=-0.9478)
02-24 09:42:39 Epoch 011 Train loss -0.9455 | Val loss -0.9478
02-24 09:42:39 -----Epoch 12/19-----
02-24 09:42:41 current lr: 0.00346146
02-24 09:42:41 Saved best checkpoint to ./checkpoint\SSF_CWRU_0224-094217\best_pt (val_loss=-0.9499)
02-24 09:42:41 Epoch 012 Train loss -0.9480 | Val loss -0.9499
02-24 09:42:41 -----Epoch 13/19-----
02-24 09:42:43 current lr: 0.00273732
02-24 09:42:43 Saved best checkpoint to ./checkpoint\SSF_CWRU_0224-094217\best_pt (val_loss=-0.9514)
02-24 09:42:43 Epoch 013 Train loss -0.9497 | Val loss -0.9514
02-24 09:42:43 -----Epoch 14/19-----
02-24 09:42:44 current lr: 0.00206901
02-24 09:42:44 Saved best checkpoint to ./checkpoint\SSF_CWRU_0224-094217\best_pt (val_loss=-0.9525)
02-24 09:42:44 Epoch 014 Train loss -0.9509 | Val loss -0.9525
02-24 09:42:44 -----Epoch 15/19-----
02-24 09:42:46 current lr: 0.001473
02-24 09:42:46 Saved best checkpoint to ./checkpoint\SSF_CWRU_0224-094217\best_pt (val_loss=-0.9531)
02-24 09:42:46 Epoch 015 Train loss -0.9517 | Val loss -0.9531
02-24 09:42:46 -----Epoch 16/19-----
02-24 09:42:48 current lr: 0.00096396
02-24 09:42:48 Saved best checkpoint to ./checkpoint\SSF_CWRU_0224-094217\best_pt (val_loss=-0.9536)
02-24 09:42:48 Epoch 016 Train loss -0.9522 | Val loss -0.9536
02-24 09:42:48 -----Epoch 17/19-----
02-24 09:42:50 current lr: 0.000554422
02-24 09:42:50 Saved best checkpoint to ./checkpoint\SSF_CWRU_0224-094217\best_pt (val_loss=-0.9538)
02-24 09:42:50 Epoch 017 Train loss -0.9525 | Val loss -0.9538
02-24 09:42:50 -----Epoch 18/19-----
02-24 09:42:51 current lr: 0.000254473
02-24 09:42:51 Saved best checkpoint to ./checkpoint\SSF_CWRU_0224-094217\best_pt (val_loss=-0.9539)
02-24 09:42:51 Epoch 018 Train loss -0.9527 | Val loss -0.9539
02-24 09:42:51 -----Epoch 19/19-----
02-24 09:42:53 current lr: 7.14967e-05
02-24 09:42:53 Saved best checkpoint to ./checkpoint\SSF_CWRU_0224-094217\best_pt (val_loss=-0.9539)
02-24 09:42:53 Epoch 019 Train loss -0.9527 | Val loss -0.9539
02-24 09:42:53 TEST (last): loss -0.9513
02-24 09:42:54 [LP epoch 00] train_loss=1.1910 train_acc=0.7013 | val_loss=387.4555 val_acc=0.6916 | 
02-24 09:42:54 [LP epoch 01] train_loss=1.0388 train_acc=0.7857 | val_loss=365.0089 val_acc=0.6916 | 
02-24 09:42:54 [LP epoch 02] train_loss=0.9806 train_acc=0.8312 | val_loss=344.1200 val_acc=0.6916 | 
02-24 09:42:54 [LP epoch 03] train_loss=0.9409 train_acc=0.9026 | val_loss=326.8913 val_acc=0.6916 | 
02-24 09:42:54 [LP epoch 04] train_loss=0.9128 train_acc=0.9610 | val_loss=312.0943 val_acc=0.7110 | 
02-24 09:42:54 [LP epoch 05] train_loss=0.8904 train_acc=0.9740 | val_loss=297.4383 val_acc=0.8377 | 
02-24 09:42:54 [LP epoch 06] train_loss=0.8664 train_acc=0.9805 | val_loss=286.4637 val_acc=0.8961 | 
02-24 09:42:55 [LP epoch 07] train_loss=0.8429 train_acc=0.9805 | val_loss=277.6523 val_acc=0.9318 | 
02-24 09:42:55 [LP epoch 08] train_loss=0.8192 train_acc=0.9805 | val_loss=272.4748 val_acc=0.9351 | 
02-24 09:42:55 [LP epoch 09] train_loss=0.7956 train_acc=0.9805 | val_loss=266.4582 val_acc=0.9416 | 
02-24 09:42:55 [LP epoch 10] train_loss=0.7719 train_acc=0.9935 | val_loss=261.6576 val_acc=0.9448 | 
02-24 09:42:55 [LP epoch 11] train_loss=0.7490 train_acc=0.9935 | val_loss=257.2150 val_acc=0.9448 | 
02-24 09:42:55 [LP epoch 12] train_loss=0.7259 train_acc=0.9935 | val_loss=252.7723 val_acc=0.9643 | 
02-24 09:42:56 [LP epoch 13] train_loss=0.7033 train_acc=0.9935 | val_loss=246.2233 val_acc=0.9643 | 
02-24 09:42:56 [LP epoch 14] train_loss=0.6813 train_acc=0.9935 | val_loss=236.0203 val_acc=0.9740 | 
02-24 09:42:56 [LP epoch 15] train_loss=0.6600 train_acc=1.0000 | val_loss=225.2613 val_acc=0.9773 | 
02-24 09:42:56 [LP epoch 16] train_loss=0.6387 train_acc=1.0000 | val_loss=212.4435 val_acc=0.9935 | 
02-24 09:42:56 [LP epoch 17] train_loss=0.6176 train_acc=1.0000 | val_loss=198.9765 val_acc=0.9968 | 
02-24 09:42:56 [LP epoch 18] train_loss=0.5966 train_acc=1.0000 | val_loss=187.7316 val_acc=0.9968 | 
02-24 09:42:56 [LP epoch 19] train_loss=0.5765 train_acc=1.0000 | val_loss=175.4506 val_acc=0.9968 | 
02-24 09:42:57 [LP epoch 20] train_loss=0.5566 train_acc=1.0000 | val_loss=165.2361 val_acc=0.9968 | 
02-24 09:42:57 [LP epoch 21] train_loss=0.5371 train_acc=1.0000 | val_loss=154.1286 val_acc=0.9968 | 
02-24 09:42:57 [LP epoch 22] train_loss=0.5179 train_acc=1.0000 | val_loss=146.2967 val_acc=0.9968 | 
02-24 09:42:57 [LP epoch 23] train_loss=0.4993 train_acc=1.0000 | val_loss=140.5789 val_acc=0.9968 | 
02-24 09:42:57 [LP epoch 24] train_loss=0.4820 train_acc=1.0000 | val_loss=131.1045 val_acc=0.9968 | 
02-24 09:42:57 [LP epoch 25] train_loss=0.4651 train_acc=1.0000 | val_loss=125.4620 val_acc=0.9968 | 
02-24 09:42:57 [LP epoch 26] train_loss=0.4484 train_acc=1.0000 | val_loss=119.1601 val_acc=0.9968 | 
02-24 09:42:58 [LP epoch 27] train_loss=0.4324 train_acc=1.0000 | val_loss=117.0818 val_acc=0.9968 | 
02-24 09:42:58 [LP epoch 28] train_loss=0.4171 train_acc=1.0000 | val_loss=115.7228 val_acc=0.9968 | 
02-24 09:42:58 [LP epoch 29] train_loss=0.4021 train_acc=1.0000 | val_loss=112.5196 val_acc=0.9968 | 
02-24 09:42:58 [LP epoch 30] train_loss=0.3880 train_acc=1.0000 | val_loss=110.2477 val_acc=1.0000 | 
02-24 09:42:58 [LP epoch 31] train_loss=0.3742 train_acc=1.0000 | val_loss=105.3176 val_acc=1.0000 | 
02-24 09:42:58 [LP epoch 32] train_loss=0.3610 train_acc=1.0000 | val_loss=102.0257 val_acc=1.0000 | 
02-24 09:42:59 [LP epoch 33] train_loss=0.3484 train_acc=1.0000 | val_loss=98.4187 val_acc=1.0000 | 
02-24 09:42:59 [LP epoch 34] train_loss=0.3362 train_acc=1.0000 | val_loss=95.4663 val_acc=1.0000 | 
02-24 09:42:59 [LP epoch 35] train_loss=0.3244 train_acc=1.0000 | val_loss=93.1279 val_acc=1.0000 | 
02-24 09:42:59 [LP epoch 36] train_loss=0.3130 train_acc=1.0000 | val_loss=89.8332 val_acc=1.0000 | 
02-24 09:42:59 [LP epoch 37] train_loss=0.3017 train_acc=1.0000 | val_loss=86.9641 val_acc=1.0000 | 
02-24 09:42:59 [LP epoch 38] train_loss=0.2912 train_acc=1.0000 | val_loss=84.1790 val_acc=1.0000 | 
02-24 09:43:00 [LP epoch 39] train_loss=0.2811 train_acc=1.0000 | val_loss=82.2981 val_acc=1.0000 | 
02-24 09:43:00 [LP epoch 40] train_loss=0.2716 train_acc=1.0000 | val_loss=79.5587 val_acc=1.0000 | 
02-24 09:43:00 [LP epoch 41] train_loss=0.2625 train_acc=1.0000 | val_loss=77.5262 val_acc=1.0000 | 
02-24 09:43:00 [LP epoch 42] train_loss=0.2538 train_acc=1.0000 | val_loss=73.8671 val_acc=1.0000 | 
02-24 09:43:00 [LP epoch 43] train_loss=0.2452 train_acc=1.0000 | val_loss=71.5620 val_acc=1.0000 | 
02-24 09:43:00 [LP epoch 44] train_loss=0.2368 train_acc=1.0000 | val_loss=68.2432 val_acc=1.0000 | 
02-24 09:43:00 [LP epoch 45] train_loss=0.2286 train_acc=1.0000 | val_loss=65.2539 val_acc=1.0000 | 
02-24 09:43:01 [LP epoch 46] train_loss=0.2209 train_acc=1.0000 | val_loss=63.1117 val_acc=1.0000 | 
02-24 09:43:01 [LP epoch 47] train_loss=0.2133 train_acc=1.0000 | val_loss=60.2432 val_acc=1.0000 | 
02-24 09:43:01 [LP epoch 48] train_loss=0.2064 train_acc=1.0000 | val_loss=58.4031 val_acc=1.0000 | 
02-24 09:43:01 [LP epoch 49] train_loss=0.1996 train_acc=1.0000 | val_loss=56.0590 val_acc=1.0000 | 
02-24 09:43:01 Saved linear-probe checkpoint: ./checkpoint\SSF_CWRU_0224-094217\linear_probe_best.pt (best_val_acc=1.0000)
02-24 09:43:01 TEST linear-probe: loss=0.1917 acc=1.0000
02-24 09:43:01 using 1 gpus
02-24 09:43:01 Dataset class: <class 'data_utils.datasets.CWRU.CWRU'>
02-24 09:43:01 Split sizes: train=2156 val=308 test=462, classier=154
02-24 09:43:01 Label counts train: Counter({0: 1159, 1: 333, 3: 333, 2: 331})
02-24 09:43:01 Label counts val:   Counter({0: 166, 1: 48, 3: 47, 2: 47})
02-24 09:43:01 Label counts test:  Counter({0: 249, 2: 71, 3: 71, 1: 71})
02-24 09:43:02 Label counts test:  Counter({0: 82, 2: 24, 3: 24, 1: 24})
02-24 09:43:02 -----Epoch 0/19-----
02-24 09:43:03 current lr: 0.01
02-24 09:43:03 Saved best checkpoint to ./checkpoint\SSF_CWRU_0224-094217\best_pt (val_loss=-0.2855)
02-24 09:43:03 Epoch 000 Train loss -0.1251 | Val loss -0.2855
02-24 09:43:03 -----Epoch 1/19-----
02-24 09:43:05 current lr: 0.0099385
02-24 09:43:05 Saved best checkpoint to ./checkpoint\SSF_CWRU_0224-094217\best_pt (val_loss=-0.5448)
02-24 09:43:05 Epoch 001 Train loss -0.4204 | Val loss -0.5448
02-24 09:43:05 -----Epoch 2/19-----
02-24 09:43:07 current lr: 0.00975553
02-24 09:43:07 Saved best checkpoint to ./checkpoint\SSF_CWRU_0224-094217\best_pt (val_loss=-0.7051)
02-24 09:43:07 Epoch 002 Train loss -0.6335 | Val loss -0.7051
02-24 09:43:07 -----Epoch 3/19-----
02-24 09:43:08 current lr: 0.00945558
02-24 09:43:08 Saved best checkpoint to ./checkpoint\SSF_CWRU_0224-094217\best_pt (val_loss=-0.7901)
02-24 09:43:08 Epoch 003 Train loss -0.7527 | Val loss -0.7901
02-24 09:43:08 -----Epoch 4/19-----
02-24 09:43:10 current lr: 0.00904604
02-24 09:43:10 Saved best checkpoint to ./checkpoint\SSF_CWRU_0224-094217\best_pt (val_loss=-0.8369)
02-24 09:43:10 Epoch 004 Train loss -0.8156 | Val loss -0.8369
02-24 09:43:10 -----Epoch 5/19-----
02-24 09:43:11 current lr: 0.008537
02-24 09:43:11 Saved best checkpoint to ./checkpoint\SSF_CWRU_0224-094217\best_pt (val_loss=-0.8656)
02-24 09:43:11 Epoch 005 Train loss -0.8521 | Val loss -0.8656
02-24 09:43:11 -----Epoch 6/19-----
02-24 09:43:13 current lr: 0.00794099
02-24 09:43:13 Saved best checkpoint to ./checkpoint\SSF_CWRU_0224-094217\best_pt (val_loss=-0.8855)
02-24 09:43:13 Epoch 006 Train loss -0.8763 | Val loss -0.8855
02-24 09:43:13 -----Epoch 7/19-----
02-24 09:43:15 current lr: 0.00727268
02-24 09:43:15 Saved best checkpoint to ./checkpoint\SSF_CWRU_0224-094217\best_pt (val_loss=-0.9001)
02-24 09:43:15 Epoch 007 Train loss -0.8935 | Val loss -0.9001
02-24 09:43:15 -----Epoch 8/19-----
02-24 09:43:16 current lr: 0.00654854
02-24 09:43:16 Saved best checkpoint to ./checkpoint\SSF_CWRU_0224-094217\best_pt (val_loss=-0.9108)
02-24 09:43:16 Epoch 008 Train loss -0.9059 | Val loss -0.9108
02-24 09:43:16 -----Epoch 9/19-----
02-24 09:43:18 current lr: 0.00578639
02-24 09:43:18 Saved best checkpoint to ./checkpoint\SSF_CWRU_0224-094217\best_pt (val_loss=-0.9186)
02-24 09:43:18 Epoch 009 Train loss -0.9147 | Val loss -0.9186
02-24 09:43:18 -----Epoch 10/19-----
02-24 09:43:19 current lr: 0.005005
02-24 09:43:19 Saved best checkpoint to ./checkpoint\SSF_CWRU_0224-094217\best_pt (val_loss=-0.9243)
02-24 09:43:19 Epoch 010 Train loss -0.9212 | Val loss -0.9243
02-24 09:43:19 -----Epoch 11/19-----
02-24 09:43:21 current lr: 0.00422361
02-24 09:43:21 Saved best checkpoint to ./checkpoint\SSF_CWRU_0224-094217\best_pt (val_loss=-0.9284)
02-24 09:43:21 Epoch 011 Train loss -0.9259 | Val loss -0.9284
02-24 09:43:21 -----Epoch 12/19-----
02-24 09:43:23 current lr: 0.00346146
02-24 09:43:23 Saved best checkpoint to ./checkpoint\SSF_CWRU_0224-094217\best_pt (val_loss=-0.9316)
02-24 09:43:23 Epoch 012 Train loss -0.9294 | Val loss -0.9316
02-24 09:43:23 -----Epoch 13/19-----
02-24 09:43:24 current lr: 0.00273732
02-24 09:43:24 Saved best checkpoint to ./checkpoint\SSF_CWRU_0224-094217\best_pt (val_loss=-0.9338)
02-24 09:43:24 Epoch 013 Train loss -0.9320 | Val loss -0.9338
02-24 09:43:24 -----Epoch 14/19-----
02-24 09:43:26 current lr: 0.00206901
02-24 09:43:26 Saved best checkpoint to ./checkpoint\SSF_CWRU_0224-094217\best_pt (val_loss=-0.9354)
02-24 09:43:26 Epoch 014 Train loss -0.9338 | Val loss -0.9354
02-24 09:43:26 -----Epoch 15/19-----
02-24 09:43:28 current lr: 0.001473
02-24 09:43:28 Saved best checkpoint to ./checkpoint\SSF_CWRU_0224-094217\best_pt (val_loss=-0.9365)
02-24 09:43:28 Epoch 015 Train loss -0.9351 | Val loss -0.9365
02-24 09:43:28 -----Epoch 16/19-----
02-24 09:43:30 current lr: 0.00096396
02-24 09:43:30 Saved best checkpoint to ./checkpoint\SSF_CWRU_0224-094217\best_pt (val_loss=-0.9373)
02-24 09:43:30 Epoch 016 Train loss -0.9359 | Val loss -0.9373
02-24 09:43:30 -----Epoch 17/19-----
02-24 09:43:31 current lr: 0.000554422
02-24 09:43:31 Saved best checkpoint to ./checkpoint\SSF_CWRU_0224-094217\best_pt (val_loss=-0.9377)
02-24 09:43:31 Epoch 017 Train loss -0.9365 | Val loss -0.9377
02-24 09:43:31 -----Epoch 18/19-----
02-24 09:43:33 current lr: 0.000254473
02-24 09:43:33 Saved best checkpoint to ./checkpoint\SSF_CWRU_0224-094217\best_pt (val_loss=-0.9378)
02-24 09:43:33 Epoch 018 Train loss -0.9368 | Val loss -0.9378
02-24 09:43:33 -----Epoch 19/19-----
02-24 09:43:35 current lr: 7.14967e-05
02-24 09:43:35 Saved best checkpoint to ./checkpoint\SSF_CWRU_0224-094217\best_pt (val_loss=-0.9379)
02-24 09:43:35 Epoch 019 Train loss -0.9369 | Val loss -0.9379
02-24 09:43:35 TEST (last): loss -0.9356
02-24 09:43:35 [LP epoch 00] train_loss=1.2575 train_acc=0.4675 | val_loss=411.4341 val_acc=0.1558 | 
02-24 09:43:35 [LP epoch 01] train_loss=0.9463 train_acc=0.8377 | val_loss=374.0377 val_acc=0.5682 | 
02-24 09:43:35 [LP epoch 02] train_loss=0.9110 train_acc=0.8377 | val_loss=335.2680 val_acc=0.7890 | 
02-24 09:43:35 [LP epoch 03] train_loss=0.8845 train_acc=0.8377 | val_loss=302.7727 val_acc=0.8377 | 
02-24 09:43:35 [LP epoch 04] train_loss=0.8564 train_acc=0.8442 | val_loss=278.0075 val_acc=0.8442 | 
02-24 09:43:36 [LP epoch 05] train_loss=0.8291 train_acc=0.8442 | val_loss=259.8685 val_acc=0.8442 | 
02-24 09:43:36 [LP epoch 06] train_loss=0.8043 train_acc=0.8442 | val_loss=246.4299 val_acc=0.8409 | 
02-24 09:43:36 [LP epoch 07] train_loss=0.7811 train_acc=0.8442 | val_loss=236.7150 val_acc=0.8409 | 
02-24 09:43:36 [LP epoch 08] train_loss=0.7587 train_acc=0.8442 | val_loss=230.6954 val_acc=0.8409 | 
02-24 09:43:36 [LP epoch 09] train_loss=0.7369 train_acc=0.8442 | val_loss=226.0799 val_acc=0.8409 | 
02-24 09:43:36 [LP epoch 10] train_loss=0.7157 train_acc=0.8442 | val_loss=221.4491 val_acc=0.8409 | 
02-24 09:43:37 [LP epoch 11] train_loss=0.6953 train_acc=0.8442 | val_loss=217.9678 val_acc=0.8409 | 
02-24 09:43:37 [LP epoch 12] train_loss=0.6759 train_acc=0.8442 | val_loss=213.1414 val_acc=0.8409 | 
02-24 09:43:37 [LP epoch 13] train_loss=0.6572 train_acc=0.8442 | val_loss=204.6043 val_acc=0.8409 | 
02-24 09:43:37 [LP epoch 14] train_loss=0.6391 train_acc=0.8442 | val_loss=196.5283 val_acc=0.8442 | 
02-24 09:43:37 [LP epoch 15] train_loss=0.6219 train_acc=0.8442 | val_loss=190.1853 val_acc=0.8442 | 
02-24 09:43:37 [LP epoch 16] train_loss=0.6055 train_acc=0.8442 | val_loss=184.3910 val_acc=0.8442 | 
02-24 09:43:38 [LP epoch 17] train_loss=0.5897 train_acc=0.8442 | val_loss=178.1712 val_acc=0.8442 | 
02-24 09:43:38 [LP epoch 18] train_loss=0.5747 train_acc=0.8442 | val_loss=171.1238 val_acc=0.8442 | 
02-24 09:43:38 [LP epoch 19] train_loss=0.5607 train_acc=0.8442 | val_loss=164.5424 val_acc=0.8442 | 
02-24 09:43:38 [LP epoch 20] train_loss=0.5468 train_acc=0.8442 | val_loss=159.1796 val_acc=0.8442 | 
02-24 09:43:38 [LP epoch 21] train_loss=0.5348 train_acc=0.8442 | val_loss=155.2542 val_acc=0.8442 | 
02-24 09:43:38 [LP epoch 22] train_loss=0.5217 train_acc=0.8442 | val_loss=151.1074 val_acc=0.8442 | 
02-24 09:43:38 [LP epoch 23] train_loss=0.5118 train_acc=0.8442 | val_loss=148.7933 val_acc=0.8442 | 
02-24 09:43:39 [LP epoch 24] train_loss=0.4989 train_acc=0.8442 | val_loss=144.3771 val_acc=0.8442 | 
02-24 09:43:39 [LP epoch 25] train_loss=0.4899 train_acc=0.8442 | val_loss=143.6787 val_acc=0.8442 | 
02-24 09:43:39 [LP epoch 26] train_loss=0.4782 train_acc=0.8442 | val_loss=139.5332 val_acc=0.8442 | 
02-24 09:43:39 [LP epoch 27] train_loss=0.4685 train_acc=0.8442 | val_loss=137.0027 val_acc=0.8442 | 
02-24 09:43:39 [LP epoch 28] train_loss=0.4590 train_acc=0.8442 | val_loss=134.0583 val_acc=0.8442 | 
02-24 09:43:39 [LP epoch 29] train_loss=0.4498 train_acc=0.8442 | val_loss=131.4888 val_acc=0.8442 | 
02-24 09:43:40 [LP epoch 30] train_loss=0.4418 train_acc=0.8442 | val_loss=129.9036 val_acc=0.8442 | 
02-24 09:43:40 [LP epoch 31] train_loss=0.4329 train_acc=0.8442 | val_loss=126.2853 val_acc=0.8442 | 
02-24 09:43:40 [LP epoch 32] train_loss=0.4260 train_acc=0.8442 | val_loss=124.2905 val_acc=0.8442 | 
02-24 09:43:40 [LP epoch 33] train_loss=0.4174 train_acc=0.8442 | val_loss=120.4332 val_acc=0.8442 | 
02-24 09:43:40 [LP epoch 34] train_loss=0.4120 train_acc=0.8442 | val_loss=118.8078 val_acc=0.8442 | 
02-24 09:43:40 [LP epoch 35] train_loss=0.4037 train_acc=0.8442 | val_loss=115.2379 val_acc=0.8442 | 
02-24 09:43:41 [LP epoch 36] train_loss=0.3980 train_acc=0.8442 | val_loss=114.9591 val_acc=0.8442 | 
02-24 09:43:41 [LP epoch 37] train_loss=0.3910 train_acc=0.8442 | val_loss=111.5763 val_acc=0.8442 | 
02-24 09:43:41 [LP epoch 38] train_loss=0.3850 train_acc=0.8506 | val_loss=110.3760 val_acc=0.8442 | 
02-24 09:43:41 [LP epoch 39] train_loss=0.3792 train_acc=0.8506 | val_loss=108.4292 val_acc=0.8442 | 
02-24 09:43:41 [LP epoch 40] train_loss=0.3733 train_acc=0.8506 | val_loss=105.8940 val_acc=0.8442 | 
02-24 09:43:42 [LP epoch 41] train_loss=0.3682 train_acc=0.8506 | val_loss=104.6599 val_acc=0.8474 | 
02-24 09:43:42 [LP epoch 42] train_loss=0.3627 train_acc=0.8506 | val_loss=102.9869 val_acc=0.8474 | 
02-24 09:43:42 [LP epoch 43] train_loss=0.3579 train_acc=0.8506 | val_loss=102.2733 val_acc=0.8474 | 
02-24 09:43:42 [LP epoch 44] train_loss=0.3527 train_acc=0.8506 | val_loss=100.3576 val_acc=0.8506 | 
02-24 09:43:42 [LP epoch 45] train_loss=0.3487 train_acc=0.8506 | val_loss=99.3982 val_acc=0.8474 | 
02-24 09:43:42 [LP epoch 46] train_loss=0.3432 train_acc=0.8571 | val_loss=96.8043 val_acc=0.8506 | 
02-24 09:43:42 [LP epoch 47] train_loss=0.3403 train_acc=0.8636 | val_loss=97.3201 val_acc=0.8604 | 
02-24 09:43:43 [LP epoch 48] train_loss=0.3342 train_acc=0.8636 | val_loss=94.7960 val_acc=0.8506 | 
02-24 09:43:43 [LP epoch 49] train_loss=0.3312 train_acc=0.8636 | val_loss=94.9162 val_acc=0.8766 | 
02-24 09:43:43 Saved linear-probe checkpoint: ./checkpoint\SSF_CWRU_0224-094217\linear_probe_best.pt (best_val_acc=0.8766)
02-24 09:43:43 TEST linear-probe: loss=0.3154 acc=0.8766
