02-24 12:49:11 model_name: SSF
02-24 12:49:11 data_name: PU
02-24 12:49:11 aug_1: normal
02-24 12:49:11 aug_2: randomcrop
02-24 12:49:11 max_epoch: 20
02-24 12:49:11 classifier_epoch: 50
02-24 12:49:11 data_view: TwoViewDataset
02-24 12:49:11 cuda_device: 0
02-24 12:49:11 checkpoint_dir: ./checkpoint
02-24 12:49:11 batch_size: 32
02-24 12:49:11 data_dir: raw_data/PU
02-24 12:49:11 out_channel: 3
02-24 12:49:11 normlizetype: minus_one_one
02-24 12:49:11 processing_type: RA
02-24 12:49:11 opt: sgd
02-24 12:49:11 lr: 0.01
02-24 12:49:11 momentum: 0.9
02-24 12:49:11 weight_decay: 1e-05
02-24 12:49:11 lr_scheduler: cos
02-24 12:49:11 gamma: 0.1
02-24 12:49:11 eta_min: 1e-05
02-24 12:49:11 latent_space: 256
02-24 12:49:11 task: self_supervised
02-24 12:49:11 critetion: <class 'utils.loss_SSL.SimSiamLoss'>
02-24 12:49:11 using 1 gpus
02-24 12:49:11 Dataset class: <class 'data_utils.datasets.PU.PU'>
02-24 12:49:11 Split sizes: train=10504 val=1125 test=2252, classier=1126
02-24 12:49:12 Label counts train: Counter({2: 3504, 1: 3500, 0: 3500})
02-24 12:49:12 Label counts val:   Counter({0: 375, 2: 375, 1: 375})
02-24 12:49:12 Label counts test:  Counter({2: 751, 0: 751, 1: 750})
02-24 12:49:12 Label counts classifier:  Counter({2: 376, 0: 375, 1: 375})
02-24 12:49:14 Loaded best checkpoint from ./checkpoint/SSF_PU_0224-122003/best_pt (val_loss=-0.9973374103969997)
02-24 12:49:15 [LP epoch 00] train_loss=0.8199 train_acc=0.6261 | val_loss=850.8387 val_acc=0.6631 | 
02-24 12:49:16 [LP epoch 01] train_loss=0.7078 train_acc=0.6776 | val_loss=747.5465 val_acc=0.7191 | 
02-24 12:49:17 [LP epoch 02] train_loss=0.6754 train_acc=0.6936 | val_loss=712.4954 val_acc=0.7298 | 
02-24 12:49:17 [LP epoch 03] train_loss=0.6484 train_acc=0.7096 | val_loss=686.1528 val_acc=0.7404 | 
02-24 12:49:18 [LP epoch 04] train_loss=0.6248 train_acc=0.7229 | val_loss=661.7582 val_acc=0.7458 | 
02-24 12:49:19 [LP epoch 05] train_loss=0.6027 train_acc=0.7318 | val_loss=637.9301 val_acc=0.7511 | 
02-24 12:49:19 [LP epoch 06] train_loss=0.5943 train_acc=0.7389 | val_loss=648.4277 val_acc=0.7484 | 
02-24 12:49:20 [LP epoch 07] train_loss=0.5885 train_acc=0.7371 | val_loss=642.5100 val_acc=0.7547 | 
02-24 12:49:21 [LP epoch 08] train_loss=0.5667 train_acc=0.7558 | val_loss=614.7021 val_acc=0.7644 | 
02-24 12:49:21 [LP epoch 09] train_loss=0.5705 train_acc=0.7638 | val_loss=597.3043 val_acc=0.7698 | 
02-24 12:49:22 [LP epoch 10] train_loss=0.5571 train_acc=0.7531 | val_loss=616.1432 val_acc=0.7644 | 
02-24 12:49:23 [LP epoch 11] train_loss=0.5414 train_acc=0.7735 | val_loss=593.8417 val_acc=0.7671 | 
02-24 12:49:24 [LP epoch 12] train_loss=0.5270 train_acc=0.7700 | val_loss=573.1310 val_acc=0.7778 | 
02-24 12:49:24 [LP epoch 13] train_loss=0.5237 train_acc=0.7789 | val_loss=582.1454 val_acc=0.7707 | 
02-24 12:49:25 [LP epoch 14] train_loss=0.5156 train_acc=0.7771 | val_loss=563.2523 val_acc=0.7813 | 
02-24 12:49:26 [LP epoch 15] train_loss=0.5031 train_acc=0.7886 | val_loss=549.3305 val_acc=0.7858 | 
02-24 12:49:26 [LP epoch 16] train_loss=0.5020 train_acc=0.7860 | val_loss=542.1847 val_acc=0.7956 | 
02-24 12:49:27 [LP epoch 17] train_loss=0.5058 train_acc=0.7895 | val_loss=558.4115 val_acc=0.7778 | 
02-24 12:49:28 [LP epoch 18] train_loss=0.4862 train_acc=0.7948 | val_loss=553.7899 val_acc=0.7804 | 
02-24 12:49:28 [LP epoch 19] train_loss=0.4709 train_acc=0.8002 | val_loss=550.5164 val_acc=0.7769 | 
02-24 12:49:29 [LP epoch 20] train_loss=0.4735 train_acc=0.8082 | val_loss=569.8348 val_acc=0.7591 | 
02-24 12:49:30 [LP epoch 21] train_loss=0.4613 train_acc=0.8135 | val_loss=513.0145 val_acc=0.7973 | 
02-24 12:49:30 [LP epoch 22] train_loss=0.4613 train_acc=0.8117 | val_loss=517.7842 val_acc=0.7964 | 
02-24 12:49:31 [LP epoch 23] train_loss=0.4618 train_acc=0.8153 | val_loss=529.8739 val_acc=0.7778 | 
02-24 12:49:31 [LP epoch 24] train_loss=0.4581 train_acc=0.8108 | val_loss=537.9330 val_acc=0.7769 | 
02-24 12:49:32 [LP epoch 25] train_loss=0.4483 train_acc=0.8206 | val_loss=530.6893 val_acc=0.7778 | 
02-24 12:49:33 [LP epoch 26] train_loss=0.4449 train_acc=0.8082 | val_loss=504.1665 val_acc=0.7911 | 
02-24 12:49:34 [LP epoch 27] train_loss=0.4382 train_acc=0.8179 | val_loss=510.1725 val_acc=0.7947 | 
02-24 12:49:35 [LP epoch 28] train_loss=0.4336 train_acc=0.8330 | val_loss=511.9245 val_acc=0.7938 | 
02-24 12:49:35 [LP epoch 29] train_loss=0.4465 train_acc=0.8073 | val_loss=520.9975 val_acc=0.7778 | 
02-24 12:49:36 [LP epoch 30] train_loss=0.4369 train_acc=0.8179 | val_loss=526.0652 val_acc=0.7858 | 
02-24 12:49:37 [LP epoch 31] train_loss=0.4230 train_acc=0.8330 | val_loss=513.2852 val_acc=0.8027 | 
02-24 12:49:37 [LP epoch 32] train_loss=0.4331 train_acc=0.8321 | val_loss=520.4538 val_acc=0.7787 | 
02-24 12:49:38 [LP epoch 33] train_loss=0.4325 train_acc=0.8268 | val_loss=491.7619 val_acc=0.8009 | 
02-24 12:49:39 [LP epoch 34] train_loss=0.4113 train_acc=0.8339 | val_loss=485.2732 val_acc=0.8018 | 
02-24 12:49:39 [LP epoch 35] train_loss=0.4155 train_acc=0.8268 | val_loss=470.7654 val_acc=0.8071 | 
02-24 12:49:40 [LP epoch 36] train_loss=0.4390 train_acc=0.8206 | val_loss=497.1184 val_acc=0.8027 | 
02-24 12:49:41 [LP epoch 37] train_loss=0.4091 train_acc=0.8357 | val_loss=491.9369 val_acc=0.8027 | 
02-24 12:49:41 [LP epoch 38] train_loss=0.4130 train_acc=0.8419 | val_loss=488.4038 val_acc=0.8036 | 
02-24 12:49:42 [LP epoch 39] train_loss=0.4110 train_acc=0.8321 | val_loss=511.2020 val_acc=0.7840 | 
02-24 12:49:43 [LP epoch 40] train_loss=0.4032 train_acc=0.8384 | val_loss=487.4717 val_acc=0.8018 | 
02-24 12:49:43 [LP epoch 41] train_loss=0.3909 train_acc=0.8490 | val_loss=508.9095 val_acc=0.7858 | 
02-24 12:49:44 [LP epoch 42] train_loss=0.3945 train_acc=0.8419 | val_loss=452.5089 val_acc=0.8231 | 
02-24 12:49:45 [LP epoch 43] train_loss=0.4173 train_acc=0.8233 | val_loss=476.6515 val_acc=0.8009 | 
02-24 12:49:46 [LP epoch 44] train_loss=0.3820 train_acc=0.8526 | val_loss=478.5265 val_acc=0.8116 | 
02-24 12:49:46 [LP epoch 45] train_loss=0.3825 train_acc=0.8517 | val_loss=445.0678 val_acc=0.8267 | 
02-24 12:49:47 [LP epoch 46] train_loss=0.3785 train_acc=0.8535 | val_loss=427.1284 val_acc=0.8249 | 
02-24 12:49:48 [LP epoch 47] train_loss=0.3668 train_acc=0.8650 | val_loss=453.0270 val_acc=0.8222 | 
02-24 12:49:48 [LP epoch 48] train_loss=0.3568 train_acc=0.8650 | val_loss=457.2679 val_acc=0.8160 | 
02-24 12:49:49 [LP epoch 49] train_loss=0.3720 train_acc=0.8464 | val_loss=462.4485 val_acc=0.8151 | 
02-24 12:49:49 Saved linear-probe checkpoint: ./checkpoint\SSF_PU_0224-124911\linear_probe_best.pt (best_val_acc=0.8267)
02-24 12:49:49 TEST linear-probe: loss=0.4497 acc=0.8055
