03-10 09:52:23 model_name: SSF
03-10 09:52:23 data_name: PU
03-10 09:52:23 aug_1: randomcrop
03-10 09:52:23 aug_2: scale
03-10 09:52:23 max_epoch: 20
03-10 09:52:23 classifier_epoch: 50
03-10 09:52:23 data_view: TwoViewDataset
03-10 09:52:23 cuda_device: 0
03-10 09:52:23 checkpoint_dir: ./checkpoint
03-10 09:52:23 batch_size: 64
03-10 09:52:23 data_dir: raw_data/PU
03-10 09:52:23 out_channel: 4
03-10 09:52:23 normlizetype: minus_one_one
03-10 09:52:23 processing_type: RA
03-10 09:52:23 opt: sgd
03-10 09:52:23 lr: 0.05
03-10 09:52:23 momentum: 0.9
03-10 09:52:23 weight_decay: 0.0001
03-10 09:52:23 lr_scheduler: cos
03-10 09:52:23 gamma: 0.95
03-10 09:52:23 eta_min: 1e-05
03-10 09:52:23 latent_space: 192
03-10 09:52:23 num_blocks_ssf: 15
03-10 09:52:23 hidden_channel: 128
03-10 09:52:23 task: self_supervised
03-10 09:52:23 critetion: <class 'utils.loss_SSL.SimSiamLoss'>
03-10 09:52:23 using 1 gpus
03-10 09:52:23 Dataset class: <class 'data_utils.datasets.PU.PU'>
03-10 09:52:24 Split sizes: train=1600 val=1600 test=1600, classier=2000
03-10 09:52:24 Label counts train: Counter({1: 400, 0: 400, 3: 400, 2: 400})
03-10 09:52:24 Label counts val:   Counter({0: 400, 3: 400, 1: 400, 2: 400})
03-10 09:52:24 Label counts test:  Counter({2: 400, 0: 400, 3: 400, 1: 400})
03-10 09:52:25 Label counts classifier:  Counter({2: 500, 3: 500, 0: 500, 1: 500})
03-10 09:52:26 -----Epoch 0/19-----
03-10 09:52:32 current lr: 0.05
03-10 09:52:32 Saved best checkpoint to ./checkpoint\SSF_PU_0310-095223\best_pt (val_loss=-0.9325)
03-10 09:52:32 Epoch 000 Train loss -0.8167 | Val loss -0.9325
03-10 09:52:32 -----Epoch 1/19-----
03-10 09:52:36 current lr: 0.0496923
03-10 09:52:37 Saved best checkpoint to ./checkpoint\SSF_PU_0310-095223\best_pt (val_loss=-0.9563)
03-10 09:52:37 Epoch 001 Train loss -0.9552 | Val loss -0.9563
03-10 09:52:37 -----Epoch 2/19-----
03-10 09:52:41 current lr: 0.0487767
03-10 09:52:41 Saved best checkpoint to ./checkpoint\SSF_PU_0310-095223\best_pt (val_loss=-0.9704)
03-10 09:52:41 Epoch 002 Train loss -0.9685 | Val loss -0.9704
03-10 09:52:41 -----Epoch 3/19-----
03-10 09:52:46 current lr: 0.0472757
03-10 09:52:46 Saved best checkpoint to ./checkpoint\SSF_PU_0310-095223\best_pt (val_loss=-0.9763)
03-10 09:52:46 Epoch 003 Train loss -0.9752 | Val loss -0.9763
03-10 09:52:46 -----Epoch 4/19-----
03-10 09:52:51 current lr: 0.0452264
03-10 09:52:51 No improvement in val_loss for 1/10 epochs.
03-10 09:52:51 Epoch 004 Train loss -0.9779 | Val loss -0.9675
03-10 09:52:51 -----Epoch 5/19-----
03-10 09:52:56 current lr: 0.0426791
03-10 09:52:56 No improvement in val_loss for 2/10 epochs.
03-10 09:52:56 Epoch 005 Train loss -0.9763 | Val loss -0.9696
03-10 09:52:56 -----Epoch 6/19-----
03-10 09:53:01 current lr: 0.0396967
03-10 09:53:01 Saved best checkpoint to ./checkpoint\SSF_PU_0310-095223\best_pt (val_loss=-0.9783)
03-10 09:53:01 Epoch 006 Train loss -0.9772 | Val loss -0.9783
03-10 09:53:01 -----Epoch 7/19-----
03-10 09:53:06 current lr: 0.0363525
03-10 09:53:06 Saved best checkpoint to ./checkpoint\SSF_PU_0310-095223\best_pt (val_loss=-0.9827)
03-10 09:53:06 Epoch 007 Train loss -0.9814 | Val loss -0.9827
03-10 09:53:06 -----Epoch 8/19-----
03-10 09:53:11 current lr: 0.0327289
03-10 09:53:11 Saved best checkpoint to ./checkpoint\SSF_PU_0310-095223\best_pt (val_loss=-0.9845)
03-10 09:53:11 Epoch 008 Train loss -0.9851 | Val loss -0.9845
03-10 09:53:11 -----Epoch 9/19-----
03-10 09:53:16 current lr: 0.0289151
03-10 09:53:16 Saved best checkpoint to ./checkpoint\SSF_PU_0310-095223\best_pt (val_loss=-0.9867)
03-10 09:53:16 Epoch 009 Train loss -0.9866 | Val loss -0.9867
03-10 09:53:16 -----Epoch 10/19-----
03-10 09:53:21 current lr: 0.025005
03-10 09:53:21 No improvement in val_loss for 1/10 epochs.
03-10 09:53:21 Epoch 010 Train loss -0.9860 | Val loss -0.9855
03-10 09:53:21 -----Epoch 11/19-----
03-10 09:53:25 current lr: 0.0210949
03-10 09:53:25 Saved best checkpoint to ./checkpoint\SSF_PU_0310-095223\best_pt (val_loss=-0.9872)
03-10 09:53:25 Epoch 011 Train loss -0.9866 | Val loss -0.9872
03-10 09:53:25 -----Epoch 12/19-----
03-10 09:53:30 current lr: 0.0172811
03-10 09:53:30 Saved best checkpoint to ./checkpoint\SSF_PU_0310-095223\best_pt (val_loss=-0.9887)
03-10 09:53:30 Epoch 012 Train loss -0.9884 | Val loss -0.9887
03-10 09:53:30 -----Epoch 13/19-----
03-10 09:53:35 current lr: 0.0136575
03-10 09:53:35 Saved best checkpoint to ./checkpoint\SSF_PU_0310-095223\best_pt (val_loss=-0.9891)
03-10 09:53:35 Epoch 013 Train loss -0.9893 | Val loss -0.9891
03-10 09:53:35 -----Epoch 14/19-----
03-10 09:53:40 current lr: 0.0103133
03-10 09:53:40 Saved best checkpoint to ./checkpoint\SSF_PU_0310-095223\best_pt (val_loss=-0.9895)
03-10 09:53:40 Epoch 014 Train loss -0.9897 | Val loss -0.9895
03-10 09:53:40 -----Epoch 15/19-----
03-10 09:53:45 current lr: 0.00733087
03-10 09:53:45 Saved best checkpoint to ./checkpoint\SSF_PU_0310-095223\best_pt (val_loss=-0.9898)
03-10 09:53:45 Epoch 015 Train loss -0.9901 | Val loss -0.9898
03-10 09:53:45 -----Epoch 16/19-----
03-10 09:53:50 current lr: 0.00478362
03-10 09:53:50 Saved best checkpoint to ./checkpoint\SSF_PU_0310-095223\best_pt (val_loss=-0.9900)
03-10 09:53:50 Epoch 016 Train loss -0.9903 | Val loss -0.9900
03-10 09:53:50 -----Epoch 17/19-----
03-10 09:53:55 current lr: 0.00273429
03-10 09:53:55 Saved best checkpoint to ./checkpoint\SSF_PU_0310-095223\best_pt (val_loss=-0.9900)
03-10 09:53:55 Epoch 017 Train loss -0.9905 | Val loss -0.9900
03-10 09:53:55 -----Epoch 18/19-----
03-10 09:54:00 current lr: 0.00123334
03-10 09:54:00 Saved best checkpoint to ./checkpoint\SSF_PU_0310-095223\best_pt (val_loss=-0.9901)
03-10 09:54:00 Epoch 018 Train loss -0.9905 | Val loss -0.9901
03-10 09:54:00 -----Epoch 19/19-----
03-10 09:54:04 current lr: 0.00031773
03-10 09:54:04 Saved best checkpoint to ./checkpoint\SSF_PU_0310-095223\best_pt (val_loss=-0.9901)
03-10 09:54:04 Epoch 019 Train loss -0.9905 | Val loss -0.9901
03-10 09:54:06 TEST (last): loss -0.9899
03-10 09:54:06 Loaded best checkpoint from ./checkpoint\SSF_PU_0310-095223\best_pt (val_loss=-0.9900755286216736)
03-10 09:54:07 TEST (best): loss -0.9899
03-10 09:54:10 [LP epoch 00] train_loss=1.2052 train_acc=0.4840 | val_loss=1.1229 val_acc=0.5600 | 
03-10 09:54:13 [LP epoch 01] train_loss=1.1103 train_acc=0.5550 | val_loss=1.0824 val_acc=0.5731 | 
03-10 09:54:16 [LP epoch 02] train_loss=1.0812 train_acc=0.5830 | val_loss=1.0642 val_acc=0.5988 | 
03-10 09:54:19 [LP epoch 03] train_loss=1.0517 train_acc=0.5930 | val_loss=1.0362 val_acc=0.6094 | 
03-10 09:54:22 [LP epoch 04] train_loss=1.0180 train_acc=0.6340 | val_loss=1.0348 val_acc=0.6162 | 
03-10 09:54:25 [LP epoch 05] train_loss=1.0211 train_acc=0.6330 | val_loss=1.0286 val_acc=0.6369 | 
03-10 09:54:28 [LP epoch 06] train_loss=1.0013 train_acc=0.6310 | val_loss=1.0759 val_acc=0.6169 | 
03-10 09:54:31 [LP epoch 07] train_loss=1.0025 train_acc=0.6380 | val_loss=1.0051 val_acc=0.6300 | 
03-10 09:54:35 [LP epoch 08] train_loss=0.9824 train_acc=0.6530 | val_loss=1.0002 val_acc=0.6369 | 
03-10 09:54:38 [LP epoch 09] train_loss=0.9721 train_acc=0.6490 | val_loss=1.0078 val_acc=0.6525 | 
03-10 09:54:41 [LP epoch 10] train_loss=0.9701 train_acc=0.6610 | val_loss=0.9723 val_acc=0.6619 | 
03-10 09:54:44 [LP epoch 11] train_loss=0.9629 train_acc=0.6645 | val_loss=0.9821 val_acc=0.6506 | 
03-10 09:54:47 [LP epoch 12] train_loss=0.9633 train_acc=0.6630 | val_loss=0.9816 val_acc=0.6606 | 
03-10 09:54:50 [LP epoch 13] train_loss=0.9434 train_acc=0.6610 | val_loss=0.9952 val_acc=0.6488 | 
03-10 09:54:53 [LP epoch 14] train_loss=0.9479 train_acc=0.6685 | val_loss=0.9580 val_acc=0.6631 | 
03-10 09:54:56 [LP epoch 15] train_loss=0.9413 train_acc=0.6675 | val_loss=0.9556 val_acc=0.6713 | 
03-10 09:54:59 [LP epoch 16] train_loss=0.9420 train_acc=0.6760 | val_loss=0.9758 val_acc=0.6631 | 
03-10 09:55:02 [LP epoch 17] train_loss=0.9317 train_acc=0.6820 | val_loss=0.9620 val_acc=0.6562 | 
03-10 09:55:05 [LP epoch 18] train_loss=0.9160 train_acc=0.6930 | val_loss=0.9475 val_acc=0.6600 | 
03-10 09:55:07 [LP epoch 19] train_loss=0.9155 train_acc=0.6825 | val_loss=0.9441 val_acc=0.6713 | 
03-10 09:55:10 [LP epoch 20] train_loss=0.9258 train_acc=0.6810 | val_loss=0.9418 val_acc=0.6737 | 
03-10 09:55:13 [LP epoch 21] train_loss=0.9279 train_acc=0.6870 | val_loss=0.9543 val_acc=0.6569 | 
03-10 09:55:15 [LP epoch 22] train_loss=0.9228 train_acc=0.6780 | val_loss=0.9781 val_acc=0.6619 | 
03-10 09:55:18 [LP epoch 23] train_loss=0.9276 train_acc=0.6875 | val_loss=0.9653 val_acc=0.6619 | 
03-10 09:55:21 [LP epoch 24] train_loss=0.9149 train_acc=0.6925 | val_loss=0.9519 val_acc=0.6675 | 
03-10 09:55:24 [LP epoch 25] train_loss=0.9046 train_acc=0.7015 | val_loss=0.9418 val_acc=0.6831 | 
03-10 09:55:26 [LP epoch 26] train_loss=0.9107 train_acc=0.6935 | val_loss=0.9341 val_acc=0.6806 | 
03-10 09:55:30 [LP epoch 27] train_loss=0.9087 train_acc=0.6980 | val_loss=0.9533 val_acc=0.6681 | 
03-10 09:55:33 [LP epoch 28] train_loss=0.8933 train_acc=0.7135 | val_loss=0.9572 val_acc=0.6656 | 
03-10 09:55:36 [LP epoch 29] train_loss=0.9033 train_acc=0.7040 | val_loss=0.9385 val_acc=0.6725 | 
03-10 09:55:39 [LP epoch 30] train_loss=0.8965 train_acc=0.7055 | val_loss=0.9386 val_acc=0.6731 | 
03-10 09:55:42 [LP epoch 31] train_loss=0.8976 train_acc=0.7000 | val_loss=0.9260 val_acc=0.6781 | 
03-10 09:55:44 [LP epoch 32] train_loss=0.9019 train_acc=0.6955 | val_loss=0.9413 val_acc=0.6787 | 
03-10 09:55:47 [LP epoch 33] train_loss=0.8869 train_acc=0.7045 | val_loss=0.9239 val_acc=0.6669 | 
03-10 09:55:50 [LP epoch 34] train_loss=0.9030 train_acc=0.7015 | val_loss=0.9438 val_acc=0.6775 | 
03-10 09:55:53 [LP epoch 35] train_loss=0.8852 train_acc=0.7125 | val_loss=0.9287 val_acc=0.6863 | 
03-10 09:55:55 [LP epoch 36] train_loss=0.9050 train_acc=0.6975 | val_loss=0.9561 val_acc=0.6625 | 
03-10 09:55:58 [LP epoch 37] train_loss=0.8813 train_acc=0.7065 | val_loss=0.9418 val_acc=0.6894 | 
03-10 09:56:01 [LP epoch 38] train_loss=0.8889 train_acc=0.7090 | val_loss=0.9462 val_acc=0.6669 | 
03-10 09:56:04 [LP epoch 39] train_loss=0.9067 train_acc=0.7060 | val_loss=0.9384 val_acc=0.6725 | 
03-10 09:56:06 [LP epoch 40] train_loss=0.8896 train_acc=0.7155 | val_loss=0.9404 val_acc=0.6800 | 
03-10 09:56:09 [LP epoch 41] train_loss=0.8921 train_acc=0.7020 | val_loss=0.9141 val_acc=0.6956 | 
03-10 09:56:12 [LP epoch 42] train_loss=0.8817 train_acc=0.7175 | val_loss=0.9246 val_acc=0.6813 | 
03-10 09:56:15 [LP epoch 43] train_loss=0.8926 train_acc=0.7035 | val_loss=0.9330 val_acc=0.6831 | 
03-10 09:56:17 [LP epoch 44] train_loss=0.8783 train_acc=0.7210 | val_loss=0.9152 val_acc=0.6856 | 
03-10 09:56:20 [LP epoch 45] train_loss=0.8739 train_acc=0.7150 | val_loss=0.9136 val_acc=0.6900 | 
03-10 09:56:23 [LP epoch 46] train_loss=0.8784 train_acc=0.7115 | val_loss=0.9495 val_acc=0.6694 | 
03-10 09:56:26 [LP epoch 47] train_loss=0.8823 train_acc=0.7080 | val_loss=0.9117 val_acc=0.6931 | 
03-10 09:56:28 [LP epoch 48] train_loss=0.8694 train_acc=0.7170 | val_loss=0.9380 val_acc=0.6756 | 
03-10 09:56:31 [LP epoch 49] train_loss=0.8853 train_acc=0.7095 | val_loss=0.9382 val_acc=0.6725 | 
03-10 09:56:31 Saved linear-probe checkpoint: ./checkpoint\SSF_PU_0310-095223\linear_probe_best.pt (best_val_acc=0.6956)
03-10 09:56:32 TEST linear-probe: loss=0.9204 acc=0.6700
