05-06 10:25:50 ================================================================================
05-06 10:25:50 RUN: aug=('scale', 'gaussian') hidden=128 latent=160 blocks=7 seed=0
05-06 10:25:50 model_name: SSF
05-06 10:25:50 data_name: CWRU
05-06 10:25:50 aug_1: scale
05-06 10:25:50 aug_2: gaussian
05-06 10:25:50 data_view: TwoViewDataset
05-06 10:25:50 data_dir: raw_data/CWRU
05-06 10:25:50 out_channel: 4
05-06 10:25:50 normlizetype: None
05-06 10:25:50 processing_type: O_N
05-06 10:25:50 max_epoch: 50
05-06 10:25:50 classifier_epoch: 50
05-06 10:25:50 batch_size: 64
05-06 10:25:50 cuda_device: 0
05-06 10:25:50 checkpoint_dir: ./checkpoint
05-06 10:25:50 opt: sgd
05-06 10:25:50 lr: 0.05
05-06 10:25:50 momentum: 0.9
05-06 10:25:50 weight_decay: 0.0001
05-06 10:25:50 lr_scheduler: cos
05-06 10:25:50 gamma: 0.95
05-06 10:25:50 eta_min: 1e-05
05-06 10:25:50 latent_space: 160
05-06 10:25:50 num_blocks_ssf: 7
05-06 10:25:50 hidden_channel: 128
05-06 10:25:50 per_class_samples: 1000
05-06 10:25:50 classifier_samples: 100
05-06 10:25:50 task: self_supervised
05-06 10:25:50 critetion: <class 'utils.loss_SSL.SimSiamLoss'>
05-06 10:25:50 using 1 gpus
05-06 10:25:50 Dataset class: <class 'data_utils.datasets.CWRU.CWRU'>
05-06 10:25:50 Split sizes: train=993 val=331 test=878, classier=383
05-06 10:25:50 Label counts train: Counter({0: 993})
05-06 10:25:50 Label counts val:   Counter({0: 331})
05-06 10:25:50 Label counts test:  Counter({1: 238, 3: 238, 2: 236, 0: 166})
05-06 10:25:50 Label counts classifier:  Counter({3: 100, 1: 100, 2: 100, 0: 83})
05-06 10:25:50 Label counts classifier validation:  Counter({1: 100, 2: 100, 3: 100, 0: 83})
05-06 10:25:52 -----Epoch 0/49-----
05-06 10:25:54 current lr: 0.05
05-06 10:25:54 Saved best checkpoint to ./checkpoint\SSF_CWRU_0506-102550\best_pt (val_loss=-0.6118)
05-06 10:25:54 Epoch 000 Train loss -0.7057 | Val loss -0.6118
05-06 10:25:54 -----Epoch 1/49-----
05-06 10:25:55 current lr: 0.0499507
05-06 10:25:55 Saved best checkpoint to ./checkpoint\SSF_CWRU_0506-102550\best_pt (val_loss=-0.7535)
05-06 10:25:55 Epoch 001 Train loss -0.9587 | Val loss -0.7535
05-06 10:25:55 -----Epoch 2/49-----
05-06 10:25:56 current lr: 0.0498029
05-06 10:25:56 Saved best checkpoint to ./checkpoint\SSF_CWRU_0506-102550\best_pt (val_loss=-0.8798)
05-06 10:25:56 Epoch 002 Train loss -0.9638 | Val loss -0.8798
05-06 10:25:56 -----Epoch 3/49-----
05-06 10:25:57 current lr: 0.0495573
05-06 10:25:57 Saved best checkpoint to ./checkpoint\SSF_CWRU_0506-102550\best_pt (val_loss=-0.8963)
05-06 10:25:57 Epoch 003 Train loss -0.9670 | Val loss -0.8963
05-06 10:25:57 -----Epoch 4/49-----
05-06 10:25:58 current lr: 0.0492147
05-06 10:25:58 Saved best checkpoint to ./checkpoint\SSF_CWRU_0506-102550\best_pt (val_loss=-0.9005)
05-06 10:25:58 Epoch 004 Train loss -0.9694 | Val loss -0.9005
05-06 10:25:58 -----Epoch 5/49-----
05-06 10:26:00 current lr: 0.0487767
05-06 10:26:00 Saved best checkpoint to ./checkpoint\SSF_CWRU_0506-102550\best_pt (val_loss=-0.9140)
05-06 10:26:00 Epoch 005 Train loss -0.9708 | Val loss -0.9140
05-06 10:26:00 -----Epoch 6/49-----
05-06 10:26:01 current lr: 0.0482448
05-06 10:26:01 Saved best checkpoint to ./checkpoint\SSF_CWRU_0506-102550\best_pt (val_loss=-0.9191)
05-06 10:26:01 Epoch 006 Train loss -0.9730 | Val loss -0.9191
05-06 10:26:01 -----Epoch 7/49-----
05-06 10:26:02 current lr: 0.0476212
05-06 10:26:02 No improvement in val_loss for 1/10 epochs.
05-06 10:26:02 Epoch 007 Train loss -0.9733 | Val loss -0.9185
05-06 10:26:02 -----Epoch 8/49-----
05-06 10:26:03 current lr: 0.0469083
05-06 10:26:03 Saved best checkpoint to ./checkpoint\SSF_CWRU_0506-102550\best_pt (val_loss=-0.9204)
05-06 10:26:03 Epoch 008 Train loss -0.9744 | Val loss -0.9204
05-06 10:26:03 -----Epoch 9/49-----
05-06 10:26:04 current lr: 0.046109
05-06 10:26:04 Saved best checkpoint to ./checkpoint\SSF_CWRU_0506-102550\best_pt (val_loss=-0.9235)
05-06 10:26:04 Epoch 009 Train loss -0.9763 | Val loss -0.9235
05-06 10:26:04 -----Epoch 10/49-----
05-06 10:26:05 current lr: 0.0452264
05-06 10:26:05 Saved best checkpoint to ./checkpoint\SSF_CWRU_0506-102550\best_pt (val_loss=-0.9238)
05-06 10:26:05 Epoch 010 Train loss -0.9759 | Val loss -0.9238
05-06 10:26:05 -----Epoch 11/49-----
05-06 10:26:06 current lr: 0.044264
05-06 10:26:06 Saved best checkpoint to ./checkpoint\SSF_CWRU_0506-102550\best_pt (val_loss=-0.9295)
05-06 10:26:06 Epoch 011 Train loss -0.9777 | Val loss -0.9295
05-06 10:26:06 -----Epoch 12/49-----
05-06 10:26:08 current lr: 0.0432256
05-06 10:26:08 No improvement in val_loss for 1/10 epochs.
05-06 10:26:08 Epoch 012 Train loss -0.9781 | Val loss -0.9271
05-06 10:26:08 -----Epoch 13/49-----
05-06 10:26:09 current lr: 0.0421153
05-06 10:26:09 Saved best checkpoint to ./checkpoint\SSF_CWRU_0506-102550\best_pt (val_loss=-0.9333)
05-06 10:26:09 Epoch 013 Train loss -0.9781 | Val loss -0.9333
05-06 10:26:09 -----Epoch 14/49-----
05-06 10:26:10 current lr: 0.0409374
05-06 10:26:10 No improvement in val_loss for 1/10 epochs.
05-06 10:26:10 Epoch 014 Train loss -0.9785 | Val loss -0.9317
05-06 10:26:10 -----Epoch 15/49-----
05-06 10:26:11 current lr: 0.0396967
05-06 10:26:11 No improvement in val_loss for 2/10 epochs.
05-06 10:26:11 Epoch 015 Train loss -0.9787 | Val loss -0.9293
05-06 10:26:11 -----Epoch 16/49-----
05-06 10:26:12 current lr: 0.038398
05-06 10:26:12 Saved best checkpoint to ./checkpoint\SSF_CWRU_0506-102550\best_pt (val_loss=-0.9333)
05-06 10:26:12 Epoch 016 Train loss -0.9775 | Val loss -0.9333
05-06 10:26:12 -----Epoch 17/49-----
05-06 10:26:13 current lr: 0.0370464
05-06 10:26:13 No improvement in val_loss for 1/10 epochs.
05-06 10:26:13 Epoch 017 Train loss -0.9786 | Val loss -0.9320
05-06 10:26:13 -----Epoch 18/49-----
05-06 10:26:14 current lr: 0.0356474
05-06 10:26:14 No improvement in val_loss for 2/10 epochs.
05-06 10:26:14 Epoch 018 Train loss -0.9789 | Val loss -0.9298
05-06 10:26:14 -----Epoch 19/49-----
05-06 10:26:16 current lr: 0.0342063
05-06 10:26:16 No improvement in val_loss for 3/10 epochs.
05-06 10:26:16 Epoch 019 Train loss -0.9783 | Val loss -0.9295
05-06 10:26:16 -----Epoch 20/49-----
05-06 10:26:17 current lr: 0.0327289
05-06 10:26:17 No improvement in val_loss for 4/10 epochs.
05-06 10:26:17 Epoch 020 Train loss -0.9787 | Val loss -0.9311
05-06 10:26:17 -----Epoch 21/49-----
05-06 10:26:18 current lr: 0.031221
05-06 10:26:18 No improvement in val_loss for 5/10 epochs.
05-06 10:26:18 Epoch 021 Train loss -0.9787 | Val loss -0.9309
05-06 10:26:18 -----Epoch 22/49-----
05-06 10:26:19 current lr: 0.0296886
05-06 10:26:19 No improvement in val_loss for 6/10 epochs.
05-06 10:26:19 Epoch 022 Train loss -0.9796 | Val loss -0.9280
05-06 10:26:19 -----Epoch 23/49-----
05-06 10:26:20 current lr: 0.0281377
05-06 10:26:20 No improvement in val_loss for 7/10 epochs.
05-06 10:26:20 Epoch 023 Train loss -0.9787 | Val loss -0.9284
05-06 10:26:20 -----Epoch 24/49-----
05-06 10:26:21 current lr: 0.0265744
05-06 10:26:21 No improvement in val_loss for 8/10 epochs.
05-06 10:26:21 Epoch 024 Train loss -0.9792 | Val loss -0.9268
05-06 10:26:21 -----Epoch 25/49-----
05-06 10:26:22 current lr: 0.025005
05-06 10:26:22 No improvement in val_loss for 9/10 epochs.
05-06 10:26:22 Epoch 025 Train loss -0.9790 | Val loss -0.9320
05-06 10:26:22 -----Epoch 26/49-----
05-06 10:26:24 current lr: 0.0234356
05-06 10:26:24 Saved best checkpoint to ./checkpoint\SSF_CWRU_0506-102550\best_pt (val_loss=-0.9371)
05-06 10:26:24 Epoch 026 Train loss -0.9800 | Val loss -0.9371
05-06 10:26:24 -----Epoch 27/49-----
05-06 10:26:25 current lr: 0.0218723
05-06 10:26:25 No improvement in val_loss for 1/10 epochs.
05-06 10:26:25 Epoch 027 Train loss -0.9803 | Val loss -0.9330
05-06 10:26:25 -----Epoch 28/49-----
05-06 10:26:26 current lr: 0.0203214
05-06 10:26:26 No improvement in val_loss for 2/10 epochs.
05-06 10:26:26 Epoch 028 Train loss -0.9803 | Val loss -0.9363
05-06 10:26:26 -----Epoch 29/49-----
05-06 10:26:27 current lr: 0.018789
05-06 10:26:27 No improvement in val_loss for 3/10 epochs.
05-06 10:26:27 Epoch 029 Train loss -0.9804 | Val loss -0.9339
05-06 10:26:27 -----Epoch 30/49-----
05-06 10:26:28 current lr: 0.0172811
05-06 10:26:28 No improvement in val_loss for 4/10 epochs.
05-06 10:26:28 Epoch 030 Train loss -0.9804 | Val loss -0.9342
05-06 10:26:28 -----Epoch 31/49-----
05-06 10:26:29 current lr: 0.0158037
05-06 10:26:29 No improvement in val_loss for 5/10 epochs.
05-06 10:26:29 Epoch 031 Train loss -0.9793 | Val loss -0.9297
05-06 10:26:29 -----Epoch 32/49-----
05-06 10:26:30 current lr: 0.0143626
05-06 10:26:30 No improvement in val_loss for 6/10 epochs.
05-06 10:26:30 Epoch 032 Train loss -0.9799 | Val loss -0.9312
05-06 10:26:30 -----Epoch 33/49-----
05-06 10:26:32 current lr: 0.0129636
05-06 10:26:32 No improvement in val_loss for 7/10 epochs.
05-06 10:26:32 Epoch 033 Train loss -0.9795 | Val loss -0.9301
05-06 10:26:32 -----Epoch 34/49-----
05-06 10:26:33 current lr: 0.011612
05-06 10:26:33 No improvement in val_loss for 8/10 epochs.
05-06 10:26:33 Epoch 034 Train loss -0.9804 | Val loss -0.9319
05-06 10:26:33 -----Epoch 35/49-----
05-06 10:26:34 current lr: 0.0103133
05-06 10:26:34 No improvement in val_loss for 9/10 epochs.
05-06 10:26:34 Epoch 035 Train loss -0.9801 | Val loss -0.9352
05-06 10:26:34 -----Epoch 36/49-----
05-06 10:26:35 current lr: 0.00907259
05-06 10:26:35 No improvement in val_loss for 10/10 epochs.
05-06 10:26:35 Early stopping at epoch 36 (best val_loss=-0.9371).
05-06 10:26:35 TEST (last): loss -0.8004
05-06 10:26:35 Loaded best checkpoint from ./checkpoint\SSF_CWRU_0506-102550\best_pt (val_loss=-0.9370512677823669)
05-06 10:26:36 TEST (best): loss -0.7943
05-06 10:26:38 Threshold: 0.4431385365426128
05-06 10:26:38 Binary accuracy: 1.000000
05-06 10:26:38 Confusion matrix:
[[166   0]
 [  0 712]]
05-06 10:26:38 Report:
              precision    recall  f1-score   support

      normal       1.00      1.00      1.00       166
     anomaly       1.00      1.00      1.00       712

    accuracy                           1.00       878
   macro avg       1.00      1.00      1.00       878
weighted avg       1.00      1.00      1.00       878

05-06 10:26:38 Rates: {1: 1.0, 2: 1.0, 3: 1.0}
05-06 10:26:39 [LP epoch 00] train_loss=1.1180 train_acc=0.6867 | val_loss=1.0464 val_acc=0.6449 | 
05-06 10:26:39 [LP epoch 01] train_loss=0.7414 train_acc=0.9896 | val_loss=0.8862 val_acc=0.7389 | 
05-06 10:26:39 [LP epoch 02] train_loss=0.5795 train_acc=1.0000 | val_loss=0.6324 val_acc=1.0000 | 
05-06 10:26:40 [LP epoch 03] train_loss=0.5052 train_acc=1.0000 | val_loss=0.5616 val_acc=1.0000 | 
05-06 10:26:40 [LP epoch 04] train_loss=0.4630 train_acc=1.0000 | val_loss=0.4476 val_acc=1.0000 | 
05-06 10:26:40 [LP epoch 05] train_loss=0.4192 train_acc=1.0000 | val_loss=0.4121 val_acc=1.0000 | 
05-06 10:26:41 [LP epoch 06] train_loss=0.4029 train_acc=1.0000 | val_loss=0.3850 val_acc=1.0000 | 
05-06 10:26:41 [LP epoch 07] train_loss=0.3921 train_acc=1.0000 | val_loss=0.3694 val_acc=1.0000 | 
05-06 10:26:42 [LP epoch 08] train_loss=0.3877 train_acc=1.0000 | val_loss=0.3679 val_acc=1.0000 | 
05-06 10:26:42 [LP epoch 09] train_loss=0.3999 train_acc=1.0000 | val_loss=0.3834 val_acc=1.0000 | 
05-06 10:26:42 [LP epoch 10] train_loss=0.3796 train_acc=1.0000 | val_loss=0.3601 val_acc=1.0000 | 
05-06 10:26:43 [LP epoch 11] train_loss=0.3771 train_acc=1.0000 | val_loss=0.3958 val_acc=1.0000 | 
05-06 10:26:43 [LP epoch 12] train_loss=0.3832 train_acc=1.0000 | val_loss=0.3586 val_acc=1.0000 | 
05-06 10:26:43 [LP epoch 13] train_loss=0.3671 train_acc=1.0000 | val_loss=0.3703 val_acc=1.0000 | 
05-06 10:26:44 [LP epoch 14] train_loss=0.3731 train_acc=1.0000 | val_loss=0.3617 val_acc=1.0000 | 
05-06 10:26:44 [LP epoch 15] train_loss=0.3690 train_acc=1.0000 | val_loss=0.3556 val_acc=1.0000 | 
05-06 10:26:44 [LP epoch 16] train_loss=0.3726 train_acc=1.0000 | val_loss=0.3623 val_acc=1.0000 | 
05-06 10:26:45 [LP epoch 17] train_loss=0.3697 train_acc=1.0000 | val_loss=0.3547 val_acc=1.0000 | 
05-06 10:26:45 [LP epoch 18] train_loss=0.3690 train_acc=1.0000 | val_loss=0.3585 val_acc=1.0000 | 
05-06 10:26:45 [LP epoch 19] train_loss=0.3685 train_acc=1.0000 | val_loss=0.3550 val_acc=1.0000 | 
05-06 10:26:46 [LP epoch 20] train_loss=0.3645 train_acc=1.0000 | val_loss=0.3586 val_acc=1.0000 | 
05-06 10:26:46 [LP epoch 21] train_loss=0.3619 train_acc=1.0000 | val_loss=0.3556 val_acc=1.0000 | 
05-06 10:26:46 [LP epoch 22] train_loss=0.3723 train_acc=1.0000 | val_loss=0.3587 val_acc=1.0000 | 
05-06 10:26:47 [LP epoch 23] train_loss=0.3655 train_acc=1.0000 | val_loss=0.3578 val_acc=1.0000 | 
05-06 10:26:47 [LP epoch 24] train_loss=0.3620 train_acc=1.0000 | val_loss=0.3577 val_acc=1.0000 | 
05-06 10:26:47 [LP epoch 25] train_loss=0.3646 train_acc=1.0000 | val_loss=0.3538 val_acc=1.0000 | 
05-06 10:26:48 [LP epoch 26] train_loss=0.3616 train_acc=1.0000 | val_loss=0.3668 val_acc=1.0000 | 
05-06 10:26:48 [LP epoch 27] train_loss=0.3601 train_acc=1.0000 | val_loss=0.3593 val_acc=1.0000 | 
05-06 10:26:48 [LP epoch 28] train_loss=0.3589 train_acc=1.0000 | val_loss=0.3605 val_acc=1.0000 | 
05-06 10:26:49 [LP epoch 29] train_loss=0.3637 train_acc=1.0000 | val_loss=0.3548 val_acc=1.0000 | 
05-06 10:26:49 [LP epoch 30] train_loss=0.3650 train_acc=1.0000 | val_loss=0.3621 val_acc=1.0000 | 
05-06 10:26:49 [LP epoch 31] train_loss=0.3718 train_acc=1.0000 | val_loss=0.3641 val_acc=1.0000 | 
05-06 10:26:50 [LP epoch 32] train_loss=0.3630 train_acc=1.0000 | val_loss=0.3577 val_acc=1.0000 | 
05-06 10:26:50 [LP epoch 33] train_loss=0.3685 train_acc=1.0000 | val_loss=0.3590 val_acc=1.0000 | 
05-06 10:26:50 [LP epoch 34] train_loss=0.3734 train_acc=1.0000 | val_loss=0.3537 val_acc=1.0000 | 
05-06 10:26:51 [LP epoch 35] train_loss=0.3624 train_acc=1.0000 | val_loss=0.3556 val_acc=1.0000 | 
05-06 10:26:51 [LP epoch 36] train_loss=0.3595 train_acc=1.0000 | val_loss=0.3554 val_acc=1.0000 | 
05-06 10:26:51 [LP epoch 37] train_loss=0.3638 train_acc=1.0000 | val_loss=0.3675 val_acc=1.0000 | 
05-06 10:26:52 [LP epoch 38] train_loss=0.3627 train_acc=1.0000 | val_loss=0.3681 val_acc=1.0000 | 
05-06 10:26:52 [LP epoch 39] train_loss=0.3635 train_acc=1.0000 | val_loss=0.3600 val_acc=1.0000 | 
05-06 10:26:52 [LP epoch 40] train_loss=0.3671 train_acc=1.0000 | val_loss=0.3574 val_acc=1.0000 | 
05-06 10:26:53 [LP epoch 41] train_loss=0.3641 train_acc=1.0000 | val_loss=0.3543 val_acc=1.0000 | 
05-06 10:26:53 [LP epoch 42] train_loss=0.3670 train_acc=1.0000 | val_loss=0.3722 val_acc=1.0000 | 
05-06 10:26:53 [LP epoch 43] train_loss=0.3739 train_acc=1.0000 | val_loss=0.3680 val_acc=1.0000 | 
05-06 10:26:54 [LP epoch 44] train_loss=0.3661 train_acc=1.0000 | val_loss=0.3729 val_acc=1.0000 | 
05-06 10:26:54 [LP epoch 45] train_loss=0.3672 train_acc=1.0000 | val_loss=0.3588 val_acc=1.0000 | 
05-06 10:26:54 [LP epoch 46] train_loss=0.3683 train_acc=1.0000 | val_loss=0.3609 val_acc=1.0000 | 
05-06 10:26:55 [LP epoch 47] train_loss=0.3737 train_acc=1.0000 | val_loss=0.4176 val_acc=1.0000 | 
05-06 10:26:55 [LP epoch 48] train_loss=0.3686 train_acc=1.0000 | val_loss=0.3552 val_acc=1.0000 | 
05-06 10:26:55 [LP epoch 49] train_loss=0.3684 train_acc=1.0000 | val_loss=0.3623 val_acc=1.0000 | 
05-06 10:26:55 Saved linear-probe checkpoint: ./checkpoint\SSF_CWRU_0506-102550\linear_probe_best.pt (best_val_acc=1.0000)
05-06 10:26:55 TEST linear-probe: loss=0.3642 acc=1.0000
