03-10 13:05:14 model_name: SSF
03-10 13:05:14 data_name: CWRU
03-10 13:05:14 aug_1: randomcrop
03-10 13:05:14 aug_2: scale
03-10 13:05:14 max_epoch: 20
03-10 13:05:14 classifier_epoch: 50
03-10 13:05:14 data_view: TwoViewDataset
03-10 13:05:14 cuda_device: 0
03-10 13:05:14 checkpoint_dir: ./anomaly_detection
03-10 13:05:14 batch_size: 64
03-10 13:05:14 data_dir: raw_data/CWRU
03-10 13:05:14 out_channel: 4
03-10 13:05:14 normlizetype: minus_one_one
03-10 13:05:14 processing_type: RA
03-10 13:05:14 opt: sgd
03-10 13:05:14 lr: 0.05
03-10 13:05:14 momentum: 0.9
03-10 13:05:14 weight_decay: 0.0001
03-10 13:05:14 lr_scheduler: cos
03-10 13:05:14 gamma: 0.95
03-10 13:05:14 eta_min: 1e-05
03-10 13:05:14 latent_space: 192
03-10 13:05:14 num_blocks_ssf: 5
03-10 13:05:14 hidden_channel: 128
03-10 13:05:14 task: self_supervised
03-10 13:05:14 critetion: <class 'utils.loss_SSL.SimSiamLoss'>
03-10 13:05:14 using 1 gpus
03-10 13:05:14 Dataset class: <class 'data_utils.datasets.CWRU.CWRU'>
03-10 13:05:14 Split sizes: train=954 val=400 test=400, classier=40
03-10 13:05:14 Label counts train: Counter({0: 513, 1: 147, 3: 147, 2: 147})
03-10 13:05:14 Label counts val:   Counter({0: 100, 1: 100, 2: 100, 3: 100})
03-10 13:05:14 Label counts test:  Counter({3: 100, 0: 100, 1: 100, 2: 100})
03-10 13:05:14 Label counts classifier:  Counter({3: 10, 0: 10, 1: 10, 2: 10})
03-10 13:05:16 Loaded best checkpoint from ./anomaly_detection/SSF_PU_0310-115450/best_pt (val_loss=-0.9926297688484191)
03-10 13:05:16 Loaded best checkpoint from ./anomaly_detection/SSF_PU_0310-115450/best_pt (val_loss=-0.9926297688484191)
03-10 13:05:16 TEST (best): loss -0.9218
