03-10 11:20:23 model_name: SSF
03-10 11:20:23 data_name: CWRU
03-10 11:20:23 aug_1: randomcrop
03-10 11:20:23 aug_2: scale
03-10 11:20:23 max_epoch: 20
03-10 11:20:23 classifier_epoch: 50
03-10 11:20:23 data_view: TwoViewDataset
03-10 11:20:23 cuda_device: 0
03-10 11:20:23 checkpoint_dir: ./anomaly_detection
03-10 11:20:23 batch_size: 64
03-10 11:20:23 data_dir: raw_data/CWRU
03-10 11:20:23 out_channel: 4
03-10 11:20:23 normlizetype: minus_one_one
03-10 11:20:23 processing_type: RA
03-10 11:20:23 opt: sgd
03-10 11:20:23 lr: 0.05
03-10 11:20:23 momentum: 0.9
03-10 11:20:23 weight_decay: 0.0001
03-10 11:20:23 lr_scheduler: cos
03-10 11:20:23 gamma: 0.95
03-10 11:20:23 eta_min: 1e-05
03-10 11:20:23 latent_space: 192
03-10 11:20:23 num_blocks_ssf: 5
03-10 11:20:23 hidden_channel: 128
03-10 11:20:23 task: self_supervised
03-10 11:20:23 critetion: <class 'utils.loss_SSL.SimSiamLoss'>
03-10 11:20:23 using 1 gpus
03-10 11:20:23 Dataset class: <class 'data_utils.datasets.CWRU.CWRU'>
03-10 11:20:23 Split sizes: train=400 val=400 test=400, classier=40
03-10 11:20:23 Label counts train: Counter({0: 100, 1: 100, 3: 100, 2: 100})
03-10 11:20:23 Label counts val:   Counter({0: 100, 1: 100, 2: 100, 3: 100})
03-10 11:20:23 Label counts test:  Counter({3: 100, 0: 100, 1: 100, 2: 100})
03-10 11:20:23 Label counts classifier:  Counter({3: 10, 2: 10, 1: 10, 0: 10})
03-10 11:20:25 Loaded best checkpoint from ./anomaly_detection/SSF_CWRU_0310-110729/best_pt (val_loss=-0.9506997346878052)
03-10 11:20:25 Loaded best checkpoint from ./anomaly_detection/SSF_CWRU_0310-110729/best_pt (val_loss=-0.9506997346878052)
03-10 11:20:25 TEST (best): loss -0.9529
03-10 11:20:26 [LP epoch 00] train_loss=1.2659 train_acc=0.4000 | val_loss=1.3186 val_acc=0.5275 | 
03-10 11:20:26 [LP epoch 01] train_loss=1.0050 train_acc=0.8250 | val_loss=1.2653 val_acc=0.6300 | 
03-10 11:20:26 [LP epoch 02] train_loss=0.8669 train_acc=0.8500 | val_loss=1.2051 val_acc=0.7225 | 
03-10 11:20:26 [LP epoch 03] train_loss=0.8165 train_acc=0.8750 | val_loss=1.1435 val_acc=0.7900 | 
03-10 11:20:26 [LP epoch 04] train_loss=0.7610 train_acc=0.8500 | val_loss=1.0866 val_acc=0.8075 | 
03-10 11:20:26 [LP epoch 05] train_loss=0.7560 train_acc=0.8250 | val_loss=1.0301 val_acc=0.8375 | 
03-10 11:20:26 [LP epoch 06] train_loss=0.7150 train_acc=0.8250 | val_loss=0.9773 val_acc=0.8450 | 
03-10 11:20:27 [LP epoch 07] train_loss=0.7033 train_acc=0.8250 | val_loss=0.9297 val_acc=0.8550 | 
03-10 11:20:27 [LP epoch 08] train_loss=0.6679 train_acc=0.8500 | val_loss=0.8894 val_acc=0.8600 | 
03-10 11:20:27 [LP epoch 09] train_loss=0.6512 train_acc=0.9250 | val_loss=0.8506 val_acc=0.8700 | 
03-10 11:20:27 [LP epoch 10] train_loss=0.6173 train_acc=0.9000 | val_loss=0.8126 val_acc=0.8725 | 
03-10 11:20:27 [LP epoch 11] train_loss=0.5999 train_acc=0.8750 | val_loss=0.7718 val_acc=0.8800 | 
03-10 11:20:27 [LP epoch 12] train_loss=0.6207 train_acc=0.8750 | val_loss=0.7395 val_acc=0.8875 | 
03-10 11:20:28 [LP epoch 13] train_loss=0.5765 train_acc=0.9250 | val_loss=0.7077 val_acc=0.9025 | 
03-10 11:20:28 [LP epoch 14] train_loss=0.5710 train_acc=0.9250 | val_loss=0.6858 val_acc=0.8975 | 
03-10 11:20:28 [LP epoch 15] train_loss=0.5547 train_acc=0.9250 | val_loss=0.6656 val_acc=0.9000 | 
03-10 11:20:28 [LP epoch 16] train_loss=0.5366 train_acc=0.9750 | val_loss=0.6550 val_acc=0.9000 | 
03-10 11:20:28 [LP epoch 17] train_loss=0.5305 train_acc=0.9750 | val_loss=0.6383 val_acc=0.9075 | 
03-10 11:20:28 [LP epoch 18] train_loss=0.5274 train_acc=0.9750 | val_loss=0.6172 val_acc=0.9100 | 
03-10 11:20:28 [LP epoch 19] train_loss=0.5074 train_acc=0.9750 | val_loss=0.5945 val_acc=0.9150 | 
03-10 11:20:29 [LP epoch 20] train_loss=0.4947 train_acc=0.9750 | val_loss=0.5749 val_acc=0.9225 | 
03-10 11:20:29 [LP epoch 21] train_loss=0.4914 train_acc=0.9750 | val_loss=0.5575 val_acc=0.9250 | 
03-10 11:20:29 [LP epoch 22] train_loss=0.4834 train_acc=1.0000 | val_loss=0.5503 val_acc=0.9225 | 
03-10 11:20:29 [LP epoch 23] train_loss=0.4627 train_acc=1.0000 | val_loss=0.5471 val_acc=0.9175 | 
03-10 11:20:29 [LP epoch 24] train_loss=0.4623 train_acc=1.0000 | val_loss=0.5453 val_acc=0.9175 | 
03-10 11:20:29 [LP epoch 25] train_loss=0.4768 train_acc=0.9750 | val_loss=0.5553 val_acc=0.8950 | 
03-10 11:20:30 [LP epoch 26] train_loss=0.4578 train_acc=1.0000 | val_loss=0.5716 val_acc=0.8600 | 
03-10 11:20:30 [LP epoch 27] train_loss=0.4435 train_acc=1.0000 | val_loss=0.5727 val_acc=0.8525 | 
03-10 11:20:30 [LP epoch 28] train_loss=0.4424 train_acc=1.0000 | val_loss=0.5501 val_acc=0.8975 | 
03-10 11:20:30 [LP epoch 29] train_loss=0.4366 train_acc=1.0000 | val_loss=0.5155 val_acc=0.9475 | 
03-10 11:20:30 [LP epoch 30] train_loss=0.4171 train_acc=1.0000 | val_loss=0.4882 val_acc=0.9725 | 
03-10 11:20:30 [LP epoch 31] train_loss=0.4207 train_acc=1.0000 | val_loss=0.4692 val_acc=0.9750 | 
03-10 11:20:31 [LP epoch 32] train_loss=0.4311 train_acc=1.0000 | val_loss=0.4656 val_acc=0.9700 | 
03-10 11:20:31 [LP epoch 33] train_loss=0.4145 train_acc=1.0000 | val_loss=0.4688 val_acc=0.9750 | 
03-10 11:20:31 [LP epoch 34] train_loss=0.4186 train_acc=1.0000 | val_loss=0.4753 val_acc=0.9700 | 
03-10 11:20:31 [LP epoch 35] train_loss=0.4084 train_acc=1.0000 | val_loss=0.4761 val_acc=0.9775 | 
03-10 11:20:31 [LP epoch 36] train_loss=0.4000 train_acc=1.0000 | val_loss=0.4676 val_acc=0.9825 | 
03-10 11:20:31 [LP epoch 37] train_loss=0.4222 train_acc=1.0000 | val_loss=0.4560 val_acc=0.9825 | 
03-10 11:20:31 [LP epoch 38] train_loss=0.3925 train_acc=1.0000 | val_loss=0.4428 val_acc=0.9900 | 
03-10 11:20:32 [LP epoch 39] train_loss=0.4091 train_acc=1.0000 | val_loss=0.4363 val_acc=0.9900 | 
03-10 11:20:32 [LP epoch 40] train_loss=0.3935 train_acc=1.0000 | val_loss=0.4351 val_acc=0.9875 | 
03-10 11:20:32 [LP epoch 41] train_loss=0.3938 train_acc=0.9750 | val_loss=0.4333 val_acc=0.9850 | 
03-10 11:20:32 [LP epoch 42] train_loss=0.4094 train_acc=0.9750 | val_loss=0.4374 val_acc=0.9850 | 
03-10 11:20:32 [LP epoch 43] train_loss=0.4000 train_acc=1.0000 | val_loss=0.4565 val_acc=0.9850 | 
03-10 11:20:32 [LP epoch 44] train_loss=0.3948 train_acc=1.0000 | val_loss=0.4707 val_acc=0.9825 | 
03-10 11:20:33 [LP epoch 45] train_loss=0.3919 train_acc=1.0000 | val_loss=0.4583 val_acc=0.9850 | 
03-10 11:20:33 [LP epoch 46] train_loss=0.3817 train_acc=1.0000 | val_loss=0.4354 val_acc=0.9850 | 
03-10 11:20:33 [LP epoch 47] train_loss=0.3766 train_acc=1.0000 | val_loss=0.4209 val_acc=0.9850 | 
03-10 11:20:33 [LP epoch 48] train_loss=0.3844 train_acc=1.0000 | val_loss=0.4144 val_acc=0.9850 | 
03-10 11:20:33 [LP epoch 49] train_loss=0.3735 train_acc=1.0000 | val_loss=0.4104 val_acc=0.9850 | 
03-10 11:20:33 Saved linear-probe checkpoint: ./anomaly_detection\SSF_CWRU_0310-112023\linear_probe_best.pt (best_val_acc=0.9900)
03-10 11:20:33 TEST linear-probe: loss=0.4015 acc=0.9950
