02-24 12:04:17 model_name: SSF
02-24 12:04:17 data_name: PU
02-24 12:04:17 aug_1: normal
02-24 12:04:17 aug_2: randomcrop
02-24 12:04:17 max_epoch: 20
02-24 12:04:17 classifier_epoch: 50
02-24 12:04:17 data_view: TwoViewDataset
02-24 12:04:17 cuda_device: 0
02-24 12:04:17 checkpoint_dir: ./checkpoint
02-24 12:04:17 batch_size: 32
02-24 12:04:17 data_dir: raw_data/PU
02-24 12:04:17 out_channel: 3
02-24 12:04:17 normlizetype: minus_one_one
02-24 12:04:17 processing_type: RA
02-24 12:04:17 opt: sgd
02-24 12:04:17 lr: 0.01
02-24 12:04:17 momentum: 0.9
02-24 12:04:17 weight_decay: 1e-05
02-24 12:04:17 lr_scheduler: cos
02-24 12:04:17 gamma: 0.1
02-24 12:04:17 eta_min: 1e-05
02-24 12:04:17 latent_space: 256
02-24 12:04:17 task: self_supervised
02-24 12:04:17 critetion: <class 'utils.loss_SSL.SimSiamLoss'>
02-24 12:04:17 using 1 gpus
02-24 12:04:17 Dataset class: <class 'data_utils.datasets.PU.PU'>
02-24 12:04:18 Split sizes: train=10504 val=1125 test=2252, classier=1126
02-24 12:04:18 Label counts train: Counter({2: 3504, 1: 3500, 0: 3500})
02-24 12:04:19 Label counts val:   Counter({0: 375, 2: 375, 1: 375})
02-24 12:04:19 Label counts test:  Counter({2: 751, 0: 751, 1: 750})
02-24 12:04:19 Label counts classifier:  Counter({2: 376, 0: 375, 1: 375})
02-24 12:04:20 Loaded best checkpoint from ./checkpoint/SSF_PU_0224-115856/best_pt (val_loss=-0.9542445305718316)
02-24 12:04:21 [LP epoch 00] train_loss=0.9106 train_acc=0.5764 | val_loss=863.1396 val_acc=0.6667 | 
02-24 12:04:22 [LP epoch 01] train_loss=0.7397 train_acc=0.6554 | val_loss=877.2949 val_acc=0.6818 | 
02-24 12:04:23 [LP epoch 02] train_loss=0.6917 train_acc=0.6812 | val_loss=785.4564 val_acc=0.7058 | 
02-24 12:04:24 [LP epoch 03] train_loss=0.6474 train_acc=0.7069 | val_loss=761.3411 val_acc=0.7022 | 
02-24 12:04:24 [LP epoch 04] train_loss=0.6258 train_acc=0.7265 | val_loss=735.4854 val_acc=0.7173 | 
02-24 12:04:25 [LP epoch 05] train_loss=0.6176 train_acc=0.7291 | val_loss=709.3739 val_acc=0.7022 | 
02-24 12:04:26 [LP epoch 06] train_loss=0.5787 train_acc=0.7496 | val_loss=696.4913 val_acc=0.7236 | 
02-24 12:04:26 [LP epoch 07] train_loss=0.5726 train_acc=0.7460 | val_loss=717.5026 val_acc=0.7164 | 
02-24 12:04:27 [LP epoch 08] train_loss=0.5515 train_acc=0.7673 | val_loss=639.6148 val_acc=0.7413 | 
02-24 12:04:28 [LP epoch 09] train_loss=0.5440 train_acc=0.7682 | val_loss=642.5932 val_acc=0.7396 | 
02-24 12:04:29 [LP epoch 10] train_loss=0.5596 train_acc=0.7593 | val_loss=737.0058 val_acc=0.7209 | 
02-24 12:04:29 [LP epoch 11] train_loss=0.5254 train_acc=0.7682 | val_loss=672.3746 val_acc=0.7378 | 
02-24 12:04:30 [LP epoch 12] train_loss=0.5202 train_acc=0.7718 | val_loss=609.4392 val_acc=0.7538 | 
02-24 12:04:31 [LP epoch 13] train_loss=0.5210 train_acc=0.7735 | val_loss=598.7643 val_acc=0.7529 | 
02-24 12:04:31 [LP epoch 14] train_loss=0.4848 train_acc=0.7984 | val_loss=578.2037 val_acc=0.7769 | 
02-24 12:04:32 [LP epoch 15] train_loss=0.4946 train_acc=0.8055 | val_loss=645.2909 val_acc=0.7636 | 
02-24 12:04:33 [LP epoch 16] train_loss=0.5027 train_acc=0.8011 | val_loss=680.8818 val_acc=0.7502 | 
02-24 12:04:34 [LP epoch 17] train_loss=0.5033 train_acc=0.7975 | val_loss=640.3732 val_acc=0.7582 | 
02-24 12:04:34 [LP epoch 18] train_loss=0.4566 train_acc=0.8099 | val_loss=698.2229 val_acc=0.7520 | 
02-24 12:04:35 [LP epoch 19] train_loss=0.4670 train_acc=0.8126 | val_loss=669.9964 val_acc=0.7467 | 
02-24 12:04:36 [LP epoch 20] train_loss=0.4347 train_acc=0.8215 | val_loss=694.9562 val_acc=0.7484 | 
02-24 12:04:36 [LP epoch 21] train_loss=0.4584 train_acc=0.8135 | val_loss=718.5042 val_acc=0.7342 | 
02-24 12:04:37 [LP epoch 22] train_loss=0.4190 train_acc=0.8277 | val_loss=782.0686 val_acc=0.7307 | 
02-24 12:04:38 [LP epoch 23] train_loss=0.4255 train_acc=0.8259 | val_loss=653.4648 val_acc=0.7404 | 
02-24 12:04:38 [LP epoch 24] train_loss=0.4160 train_acc=0.8286 | val_loss=670.0393 val_acc=0.7556 | 
02-24 12:04:39 [LP epoch 25] train_loss=0.3946 train_acc=0.8357 | val_loss=615.2837 val_acc=0.7636 | 
02-24 12:04:40 [LP epoch 26] train_loss=0.4047 train_acc=0.8348 | val_loss=774.0448 val_acc=0.7378 | 
02-24 12:04:40 [LP epoch 27] train_loss=0.4326 train_acc=0.8366 | val_loss=592.9495 val_acc=0.7831 | 
02-24 12:04:41 [LP epoch 28] train_loss=0.3901 train_acc=0.8481 | val_loss=696.8937 val_acc=0.7636 | 
02-24 12:04:42 [LP epoch 29] train_loss=0.4021 train_acc=0.8410 | val_loss=796.2773 val_acc=0.7324 | 
02-24 12:04:42 [LP epoch 30] train_loss=0.3762 train_acc=0.8464 | val_loss=661.3084 val_acc=0.7724 | 
02-24 12:04:43 [LP epoch 31] train_loss=0.3872 train_acc=0.8401 | val_loss=740.8370 val_acc=0.7422 | 
02-24 12:04:44 [LP epoch 32] train_loss=0.3902 train_acc=0.8321 | val_loss=643.3594 val_acc=0.7573 | 
02-24 12:04:45 [LP epoch 33] train_loss=0.3617 train_acc=0.8428 | val_loss=699.1728 val_acc=0.7618 | 
02-24 12:04:45 [LP epoch 34] train_loss=0.3538 train_acc=0.8535 | val_loss=789.6930 val_acc=0.7529 | 
02-24 12:04:46 [LP epoch 35] train_loss=0.3566 train_acc=0.8552 | val_loss=698.1062 val_acc=0.7591 | 
02-24 12:04:47 [LP epoch 36] train_loss=0.3522 train_acc=0.8526 | val_loss=817.3312 val_acc=0.7440 | 
02-24 12:04:48 [LP epoch 37] train_loss=0.3547 train_acc=0.8552 | val_loss=912.6400 val_acc=0.7404 | 
02-24 12:04:48 [LP epoch 38] train_loss=0.3336 train_acc=0.8712 | val_loss=764.9212 val_acc=0.7538 | 
02-24 12:04:49 [LP epoch 39] train_loss=0.3176 train_acc=0.8730 | val_loss=702.0736 val_acc=0.7724 | 
02-24 12:04:50 [LP epoch 40] train_loss=0.3075 train_acc=0.8748 | val_loss=807.4693 val_acc=0.7493 | 
02-24 12:04:50 [LP epoch 41] train_loss=0.3037 train_acc=0.8694 | val_loss=709.8413 val_acc=0.7627 | 
02-24 12:04:51 [LP epoch 42] train_loss=0.3073 train_acc=0.8801 | val_loss=704.9994 val_acc=0.7636 | 
02-24 12:04:51 [LP epoch 43] train_loss=0.2980 train_acc=0.8837 | val_loss=747.7329 val_acc=0.7600 | 
02-24 12:04:52 [LP epoch 44] train_loss=0.2957 train_acc=0.8783 | val_loss=993.2987 val_acc=0.7298 | 
02-24 12:04:53 [LP epoch 45] train_loss=0.2949 train_acc=0.8961 | val_loss=638.7264 val_acc=0.7724 | 
02-24 12:04:54 [LP epoch 46] train_loss=0.2905 train_acc=0.8739 | val_loss=713.6002 val_acc=0.7511 | 
02-24 12:04:54 [LP epoch 47] train_loss=0.2865 train_acc=0.8810 | val_loss=609.5181 val_acc=0.7982 | 
02-24 12:04:55 [LP epoch 48] train_loss=0.2689 train_acc=0.8934 | val_loss=857.6695 val_acc=0.7378 | 
02-24 12:04:55 [LP epoch 49] train_loss=0.2639 train_acc=0.8934 | val_loss=719.8636 val_acc=0.7564 | 
02-24 12:04:55 Saved linear-probe checkpoint: ./checkpoint\SSF_PU_0224-120417\linear_probe_best.pt (best_val_acc=0.7982)
02-24 12:04:56 TEST linear-probe: loss=0.6843 acc=0.7589
