02-24 12:03:13 model_name: SSF
02-24 12:03:13 data_name: PU
02-24 12:03:13 aug_1: normal
02-24 12:03:13 aug_2: randomcrop
02-24 12:03:13 max_epoch: 20
02-24 12:03:13 classifier_epoch: 50
02-24 12:03:13 data_view: TwoViewDataset
02-24 12:03:13 cuda_device: 0
02-24 12:03:13 checkpoint_dir: ./checkpoint
02-24 12:03:13 batch_size: 32
02-24 12:03:13 data_dir: raw_data/PU
02-24 12:03:13 out_channel: 3
02-24 12:03:13 normlizetype: minus_one_one
02-24 12:03:13 processing_type: RA
02-24 12:03:13 opt: sgd
02-24 12:03:13 lr: 0.01
02-24 12:03:13 momentum: 0.9
02-24 12:03:13 weight_decay: 1e-05
02-24 12:03:13 lr_scheduler: cos
02-24 12:03:13 gamma: 0.1
02-24 12:03:13 eta_min: 1e-05
02-24 12:03:13 latent_space: 256
02-24 12:03:13 task: self_supervised
02-24 12:03:13 critetion: <class 'utils.loss_SSL.SimSiamLoss'>
02-24 12:03:13 using 1 gpus
02-24 12:03:13 Dataset class: <class 'data_utils.datasets.PU.PU'>
02-24 12:03:13 Split sizes: train=10504 val=1125 test=2252, classier=1126
02-24 12:03:14 Label counts train: Counter({2: 3504, 1: 3500, 0: 3500})
02-24 12:03:14 Label counts val:   Counter({0: 375, 2: 375, 1: 375})
02-24 12:03:14 Label counts test:  Counter({2: 751, 0: 751, 1: 750})
02-24 12:03:14 Label counts classifier:  Counter({2: 376, 0: 375, 1: 375})
02-24 12:03:16 Loaded best checkpoint from ./checkpoint/SSF_PU_0224-115856/best_pt (val_loss=-0.9542445305718316)
02-24 12:03:17 [LP epoch 00] train_loss=0.9341 train_acc=0.5311 | val_loss=1061.4355 val_acc=0.5342 | 
02-24 12:03:18 [LP epoch 01] train_loss=0.7391 train_acc=0.6528 | val_loss=766.4281 val_acc=0.6818 | 
02-24 12:03:19 [LP epoch 02] train_loss=0.6857 train_acc=0.6883 | val_loss=761.9933 val_acc=0.7004 | 
02-24 12:03:20 [LP epoch 03] train_loss=0.6257 train_acc=0.7229 | val_loss=648.7994 val_acc=0.7422 | 
02-24 12:03:21 [LP epoch 04] train_loss=0.5871 train_acc=0.7451 | val_loss=753.1612 val_acc=0.7138 | 
02-24 12:03:22 [LP epoch 05] train_loss=0.6242 train_acc=0.7282 | val_loss=688.8608 val_acc=0.7084 | 
02-24 12:03:23 [LP epoch 06] train_loss=0.5423 train_acc=0.7620 | val_loss=633.6566 val_acc=0.7307 | 
02-24 12:03:24 [LP epoch 07] train_loss=0.4952 train_acc=0.7806 | val_loss=598.3398 val_acc=0.7653 | 
02-24 12:03:25 [LP epoch 08] train_loss=0.5126 train_acc=0.7815 | val_loss=667.7081 val_acc=0.7511 | 
02-24 12:03:26 [LP epoch 09] train_loss=0.4896 train_acc=0.7975 | val_loss=565.7315 val_acc=0.7627 | 
02-24 12:03:27 [LP epoch 10] train_loss=0.4398 train_acc=0.8099 | val_loss=609.9164 val_acc=0.7564 | 
02-24 12:03:27 [LP epoch 11] train_loss=0.4320 train_acc=0.8144 | val_loss=599.4314 val_acc=0.7707 | 
02-24 12:03:28 [LP epoch 12] train_loss=0.4217 train_acc=0.8046 | val_loss=588.1633 val_acc=0.7760 | 
02-24 12:03:29 [LP epoch 13] train_loss=0.3845 train_acc=0.8277 | val_loss=647.5277 val_acc=0.7324 | 
02-24 12:03:30 [LP epoch 14] train_loss=0.3810 train_acc=0.8357 | val_loss=596.4159 val_acc=0.7538 | 
02-24 12:03:31 [LP epoch 15] train_loss=0.3584 train_acc=0.8455 | val_loss=574.3128 val_acc=0.7698 | 
02-24 12:03:32 [LP epoch 16] train_loss=0.3264 train_acc=0.8508 | val_loss=583.9781 val_acc=0.7707 | 
02-24 12:03:33 [LP epoch 17] train_loss=0.4122 train_acc=0.8073 | val_loss=673.6064 val_acc=0.7102 | 
02-24 12:03:34 [LP epoch 18] train_loss=0.3623 train_acc=0.8375 | val_loss=531.3769 val_acc=0.7831 | 
02-24 12:03:35 [LP epoch 19] train_loss=0.2980 train_acc=0.8703 | val_loss=618.6002 val_acc=0.7698 | 
02-24 12:03:36 [LP epoch 20] train_loss=0.3051 train_acc=0.8686 | val_loss=589.4112 val_acc=0.7716 | 
02-24 12:03:37 [LP epoch 21] train_loss=0.2940 train_acc=0.8641 | val_loss=684.8741 val_acc=0.7467 | 
02-24 12:03:38 [LP epoch 22] train_loss=0.2995 train_acc=0.8739 | val_loss=912.9219 val_acc=0.7209 | 
02-24 12:03:39 [LP epoch 23] train_loss=0.3134 train_acc=0.8748 | val_loss=545.3588 val_acc=0.7947 | 
02-24 12:03:40 [LP epoch 24] train_loss=0.2555 train_acc=0.8863 | val_loss=828.9382 val_acc=0.7360 | 
02-24 12:03:41 [LP epoch 25] train_loss=0.2562 train_acc=0.8801 | val_loss=658.4078 val_acc=0.7716 | 
02-24 12:03:42 [LP epoch 26] train_loss=0.2391 train_acc=0.8943 | val_loss=749.1478 val_acc=0.7876 | 
02-24 12:03:43 [LP epoch 27] train_loss=0.1951 train_acc=0.9165 | val_loss=714.9590 val_acc=0.7778 | 
02-24 12:03:44 [LP epoch 28] train_loss=0.2780 train_acc=0.8863 | val_loss=773.8428 val_acc=0.7298 | 
02-24 12:03:45 [LP epoch 29] train_loss=0.2683 train_acc=0.8845 | val_loss=589.4403 val_acc=0.7938 | 
02-24 12:03:46 [LP epoch 30] train_loss=0.2333 train_acc=0.9076 | val_loss=763.9858 val_acc=0.7529 | 
02-24 12:03:47 [LP epoch 31] train_loss=0.2140 train_acc=0.9210 | val_loss=732.2578 val_acc=0.7884 | 
02-24 12:03:48 [LP epoch 32] train_loss=0.1841 train_acc=0.9210 | val_loss=727.2381 val_acc=0.7822 | 
02-24 12:03:49 [LP epoch 33] train_loss=0.2426 train_acc=0.9023 | val_loss=946.9798 val_acc=0.7600 | 
02-24 12:03:49 [LP epoch 34] train_loss=0.2763 train_acc=0.8748 | val_loss=631.6090 val_acc=0.8009 | 
02-24 12:03:51 [LP epoch 35] train_loss=0.1927 train_acc=0.9254 | val_loss=731.0165 val_acc=0.7689 | 
02-24 12:03:51 [LP epoch 36] train_loss=0.1723 train_acc=0.9325 | val_loss=898.7060 val_acc=0.7404 | 
02-24 12:03:52 [LP epoch 37] train_loss=0.2643 train_acc=0.9041 | val_loss=1031.4845 val_acc=0.7129 | 
02-24 12:03:53 [LP epoch 38] train_loss=0.2943 train_acc=0.8828 | val_loss=945.4940 val_acc=0.7404 | 
02-24 12:03:54 [LP epoch 39] train_loss=0.2211 train_acc=0.9067 | val_loss=808.7969 val_acc=0.7591 | 
02-24 12:03:55 [LP epoch 40] train_loss=0.1764 train_acc=0.9272 | val_loss=1074.2071 val_acc=0.7360 | 
02-24 12:03:56 [LP epoch 41] train_loss=0.1844 train_acc=0.9227 | val_loss=935.9786 val_acc=0.7307 | 
02-24 12:03:57 [LP epoch 42] train_loss=0.1706 train_acc=0.9254 | val_loss=1186.9951 val_acc=0.7244 | 
02-24 12:03:58 [LP epoch 43] train_loss=0.1698 train_acc=0.9263 | val_loss=1039.0530 val_acc=0.7493 | 
02-24 12:03:59 [LP epoch 44] train_loss=0.2143 train_acc=0.9147 | val_loss=934.6285 val_acc=0.7369 | 
02-24 12:04:00 [LP epoch 45] train_loss=0.1926 train_acc=0.9201 | val_loss=1370.4497 val_acc=0.6987 | 
02-24 12:04:01 [LP epoch 46] train_loss=0.1824 train_acc=0.9254 | val_loss=919.5038 val_acc=0.7618 | 
02-24 12:04:02 [LP epoch 47] train_loss=0.1245 train_acc=0.9520 | val_loss=881.1116 val_acc=0.7573 | 
02-24 12:04:02 [LP epoch 48] train_loss=0.0930 train_acc=0.9583 | val_loss=916.2806 val_acc=0.7742 | 
02-24 12:04:03 [LP epoch 49] train_loss=0.0764 train_acc=0.9689 | val_loss=893.8307 val_acc=0.7796 | 
02-24 12:04:04 Saved linear-probe checkpoint: ./checkpoint\SSF_PU_0224-120313\linear_probe_best.pt (best_val_acc=0.8009)
02-24 12:04:04 TEST linear-probe: loss=0.8159 acc=0.7575
