02-24 13:45:36 model_name: SSF
02-24 13:45:36 data_name: PU
02-24 13:45:36 aug_1: normal
02-24 13:45:36 aug_2: randomcrop
02-24 13:45:36 max_epoch: 20
02-24 13:45:36 classifier_epoch: 50
02-24 13:45:36 data_view: TwoViewDataset
02-24 13:45:36 cuda_device: 0
02-24 13:45:36 checkpoint_dir: ./checkpoint
02-24 13:45:36 batch_size: 32
02-24 13:45:36 data_dir: raw_data/PU
02-24 13:45:36 out_channel: 4
02-24 13:45:36 normlizetype: minus_one_one
02-24 13:45:36 processing_type: RA
02-24 13:45:36 opt: sgd
02-24 13:45:36 lr: 0.01
02-24 13:45:36 momentum: 0.9
02-24 13:45:36 weight_decay: 1e-05
02-24 13:45:36 lr_scheduler: cos
02-24 13:45:36 gamma: 0.1
02-24 13:45:36 eta_min: 1e-05
02-24 13:45:36 latent_space: 16
02-24 13:45:36 task: self_supervised
02-24 13:45:36 critetion: <class 'utils.loss_SSL.SimSiamLoss'>
02-24 13:45:36 using 1 gpus
02-24 13:45:36 Dataset class: <class 'data_utils.datasets.PU.PU'>
02-24 13:45:36 Split sizes: train=21802 val=2336 test=4672, classier=2336
02-24 13:45:38 Label counts train: Counter({3: 8481, 1: 7718, 0: 3501, 2: 2102})
02-24 13:45:38 Label counts val:   Counter({3: 909, 1: 827, 0: 375, 2: 225})
02-24 13:45:38 Label counts test:  Counter({3: 1817, 1: 1654, 0: 750, 2: 451})
02-24 13:45:38 Label counts classifier:  Counter({3: 909, 1: 827, 0: 375, 2: 225})
02-24 13:45:40 -----Epoch 0/19-----
02-24 13:45:56 current lr: 0.01
02-24 13:45:56 Saved best checkpoint to ./checkpoint\SSF_PU_0224-134536\best_pt (val_loss=-0.9946)
02-24 13:45:56 Epoch 000 Train loss -0.9778 | Val loss -0.9946
02-24 13:45:56 -----Epoch 1/19-----
02-24 13:46:13 current lr: 0.0099385
02-24 13:46:13 Saved best checkpoint to ./checkpoint\SSF_PU_0224-134536\best_pt (val_loss=-0.9959)
02-24 13:46:13 Epoch 001 Train loss -0.9940 | Val loss -0.9959
02-24 13:46:13 -----Epoch 2/19-----
02-24 13:46:28 current lr: 0.00975553
02-24 13:46:28 Saved best checkpoint to ./checkpoint\SSF_PU_0224-134536\best_pt (val_loss=-0.9964)
02-24 13:46:28 Epoch 002 Train loss -0.9943 | Val loss -0.9964
02-24 13:46:28 -----Epoch 3/19-----
02-24 13:46:45 current lr: 0.00945558
02-24 13:46:45 Saved best checkpoint to ./checkpoint\SSF_PU_0224-134536\best_pt (val_loss=-0.9980)
02-24 13:46:45 Epoch 003 Train loss -0.9969 | Val loss -0.9980
02-24 13:46:45 -----Epoch 4/19-----
02-24 13:47:01 current lr: 0.00904604
02-24 13:47:01 Epoch 004 Train loss -0.9967 | Val loss -0.9959
02-24 13:47:01 -----Epoch 5/19-----
02-24 13:47:18 current lr: 0.008537
02-24 13:47:18 Epoch 005 Train loss -0.9962 | Val loss -0.9976
02-24 13:47:18 -----Epoch 6/19-----
02-24 13:47:34 current lr: 0.00794099
02-24 13:47:34 Epoch 006 Train loss -0.9965 | Val loss -0.9972
02-24 13:47:34 -----Epoch 7/19-----
02-24 13:47:51 current lr: 0.00727268
02-24 13:47:51 Epoch 007 Train loss -0.9968 | Val loss -0.9975
02-24 13:47:51 -----Epoch 8/19-----
02-24 13:48:07 current lr: 0.00654854
02-24 13:48:07 Epoch 008 Train loss -0.9961 | Val loss -0.9968
02-24 13:48:07 -----Epoch 9/19-----
02-24 13:48:24 current lr: 0.00578639
02-24 13:48:24 Epoch 009 Train loss -0.9952 | Val loss -0.9965
02-24 13:48:24 -----Epoch 10/19-----
02-24 13:48:40 current lr: 0.005005
02-24 13:48:40 Saved best checkpoint to ./checkpoint\SSF_PU_0224-134536\best_pt (val_loss=-0.9982)
02-24 13:48:40 Epoch 010 Train loss -0.9970 | Val loss -0.9982
02-24 13:48:40 -----Epoch 11/19-----
02-24 13:48:56 current lr: 0.00422361
02-24 13:48:56 Epoch 011 Train loss -0.9972 | Val loss -0.9982
02-24 13:48:56 -----Epoch 12/19-----
02-24 13:49:12 current lr: 0.00346146
02-24 13:49:12 Saved best checkpoint to ./checkpoint\SSF_PU_0224-134536\best_pt (val_loss=-0.9985)
02-24 13:49:12 Epoch 012 Train loss -0.9976 | Val loss -0.9985
02-24 13:49:12 -----Epoch 13/19-----
02-24 13:49:30 current lr: 0.00273732
02-24 13:49:30 Saved best checkpoint to ./checkpoint\SSF_PU_0224-134536\best_pt (val_loss=-0.9987)
02-24 13:49:30 Epoch 013 Train loss -0.9978 | Val loss -0.9987
02-24 13:49:30 -----Epoch 14/19-----
02-24 13:49:45 current lr: 0.00206901
02-24 13:49:45 Saved best checkpoint to ./checkpoint\SSF_PU_0224-134536\best_pt (val_loss=-0.9988)
02-24 13:49:45 Epoch 014 Train loss -0.9980 | Val loss -0.9988
02-24 13:49:45 -----Epoch 15/19-----
02-24 13:50:02 current lr: 0.001473
02-24 13:50:02 Saved best checkpoint to ./checkpoint\SSF_PU_0224-134536\best_pt (val_loss=-0.9989)
02-24 13:50:02 Epoch 015 Train loss -0.9981 | Val loss -0.9989
02-24 13:50:02 -----Epoch 16/19-----
02-24 13:50:18 current lr: 0.00096396
02-24 13:50:18 Epoch 016 Train loss -0.9981 | Val loss -0.9988
02-24 13:50:18 -----Epoch 17/19-----
02-24 13:50:35 current lr: 0.000554422
02-24 13:50:35 Epoch 017 Train loss -0.9981 | Val loss -0.9988
02-24 13:50:35 -----Epoch 18/19-----
02-24 13:50:50 current lr: 0.000254473
02-24 13:50:50 Epoch 018 Train loss -0.9980 | Val loss -0.9988
02-24 13:50:50 -----Epoch 19/19-----
02-24 13:51:07 current lr: 7.14967e-05
02-24 13:51:07 Epoch 019 Train loss -0.9980 | Val loss -0.9988
02-24 13:51:08 TEST (last): loss -0.9988
02-24 13:51:10 [LP epoch 00] train_loss=1.3608 train_acc=0.3416 | val_loss=1.3608 val_acc=0.3446 | 
02-24 13:51:11 [LP epoch 01] train_loss=1.2951 train_acc=0.3540 | val_loss=1.2951 val_acc=0.3703 | 
02-24 13:51:13 [LP epoch 02] train_loss=1.2570 train_acc=0.3990 | val_loss=1.2570 val_acc=0.3964 | 
02-24 13:51:15 [LP epoch 03] train_loss=1.2396 train_acc=0.4204 | val_loss=1.2396 val_acc=0.3990 | 
02-24 13:51:16 [LP epoch 04] train_loss=1.2317 train_acc=0.4182 | val_loss=1.2317 val_acc=0.4020 | 
02-24 13:51:18 [LP epoch 05] train_loss=1.2270 train_acc=0.4199 | val_loss=1.2270 val_acc=0.4003 | 
02-24 13:51:19 [LP epoch 06] train_loss=1.2209 train_acc=0.4178 | val_loss=1.2209 val_acc=0.4003 | 
02-24 13:51:21 [LP epoch 07] train_loss=1.2173 train_acc=0.4221 | val_loss=1.2173 val_acc=0.3994 | 
02-24 13:51:22 [LP epoch 08] train_loss=1.2135 train_acc=0.4221 | val_loss=1.2135 val_acc=0.3990 | 
02-24 13:51:24 [LP epoch 09] train_loss=1.2095 train_acc=0.4221 | val_loss=1.2095 val_acc=0.4003 | 
02-24 13:51:26 [LP epoch 10] train_loss=1.2043 train_acc=0.4199 | val_loss=1.2043 val_acc=0.4024 | 
02-24 13:51:27 [LP epoch 11] train_loss=1.1995 train_acc=0.4255 | val_loss=1.1995 val_acc=0.4058 | 
02-24 13:51:28 [LP epoch 12] train_loss=1.1959 train_acc=0.4238 | val_loss=1.1959 val_acc=0.4199 | 
02-24 13:51:30 [LP epoch 13] train_loss=1.1924 train_acc=0.4234 | val_loss=1.1924 val_acc=0.4217 | 
02-24 13:51:32 [LP epoch 14] train_loss=1.1900 train_acc=0.4259 | val_loss=1.1900 val_acc=0.4165 | 
02-24 13:51:33 [LP epoch 15] train_loss=1.1865 train_acc=0.4302 | val_loss=1.1865 val_acc=0.4217 | 
02-24 13:51:35 [LP epoch 16] train_loss=1.1836 train_acc=0.4285 | val_loss=1.1836 val_acc=0.4247 | 
02-24 13:51:36 [LP epoch 17] train_loss=1.1823 train_acc=0.4289 | val_loss=1.1823 val_acc=0.4152 | 
02-24 13:51:38 [LP epoch 18] train_loss=1.1782 train_acc=0.4328 | val_loss=1.1782 val_acc=0.4178 | 
02-24 13:51:39 [LP epoch 19] train_loss=1.1750 train_acc=0.4349 | val_loss=1.1750 val_acc=0.4148 | 
02-24 13:51:41 [LP epoch 20] train_loss=1.1719 train_acc=0.4366 | val_loss=1.1719 val_acc=0.4195 | 
02-24 13:51:43 [LP epoch 21] train_loss=1.1634 train_acc=0.4418 | val_loss=1.1634 val_acc=0.4431 | 
02-24 13:51:44 [LP epoch 22] train_loss=1.1543 train_acc=0.4482 | val_loss=1.1543 val_acc=0.4503 | 
02-24 13:51:46 [LP epoch 23] train_loss=1.1476 train_acc=0.4508 | val_loss=1.1476 val_acc=0.4495 | 
02-24 13:51:47 [LP epoch 24] train_loss=1.1413 train_acc=0.4529 | val_loss=1.1413 val_acc=0.4508 | 
02-24 13:51:49 [LP epoch 25] train_loss=1.1366 train_acc=0.4529 | val_loss=1.1366 val_acc=0.4396 | 
02-24 13:51:51 [LP epoch 26] train_loss=1.1323 train_acc=0.4538 | val_loss=1.1323 val_acc=0.4465 | 
02-24 13:51:52 [LP epoch 27] train_loss=1.1292 train_acc=0.4516 | val_loss=1.1292 val_acc=0.4491 | 
02-24 13:51:54 [LP epoch 28] train_loss=1.1261 train_acc=0.4525 | val_loss=1.1261 val_acc=0.4465 | 
02-24 13:51:55 [LP epoch 29] train_loss=1.1236 train_acc=0.4572 | val_loss=1.1236 val_acc=0.4516 | 
02-24 13:51:57 [LP epoch 30] train_loss=1.1210 train_acc=0.4529 | val_loss=1.1210 val_acc=0.4491 | 
02-24 13:51:58 [LP epoch 31] train_loss=1.1186 train_acc=0.4568 | val_loss=1.1186 val_acc=0.4559 | 
02-24 13:52:00 [LP epoch 32] train_loss=1.1167 train_acc=0.4568 | val_loss=1.1167 val_acc=0.4598 | 
02-24 13:52:01 [LP epoch 33] train_loss=1.1144 train_acc=0.4623 | val_loss=1.1144 val_acc=0.4692 | 
02-24 13:52:03 [LP epoch 34] train_loss=1.1107 train_acc=0.4735 | val_loss=1.1107 val_acc=0.4927 | 
02-24 13:52:04 [LP epoch 35] train_loss=1.1075 train_acc=0.4850 | val_loss=1.1075 val_acc=0.4859 | 
02-24 13:52:06 [LP epoch 36] train_loss=1.1062 train_acc=0.4893 | val_loss=1.1062 val_acc=0.4889 | 
02-24 13:52:07 [LP epoch 37] train_loss=1.1032 train_acc=0.4961 | val_loss=1.1032 val_acc=0.4820 | 
02-24 13:52:09 [LP epoch 38] train_loss=1.1003 train_acc=0.4914 | val_loss=1.1003 val_acc=0.4846 | 
02-24 13:52:10 [LP epoch 39] train_loss=1.0973 train_acc=0.4914 | val_loss=1.0973 val_acc=0.4854 | 
02-24 13:52:12 [LP epoch 40] train_loss=1.0942 train_acc=0.4953 | val_loss=1.0942 val_acc=0.4867 | 
02-24 13:52:14 [LP epoch 41] train_loss=1.0924 train_acc=0.4949 | val_loss=1.0924 val_acc=0.4923 | 
02-24 13:52:15 [LP epoch 42] train_loss=1.0906 train_acc=0.4957 | val_loss=1.0906 val_acc=0.4906 | 
02-24 13:52:17 [LP epoch 43] train_loss=1.0896 train_acc=0.5013 | val_loss=1.0896 val_acc=0.4919 | 
02-24 13:52:18 [LP epoch 44] train_loss=1.0886 train_acc=0.5004 | val_loss=1.0886 val_acc=0.4949 | 
02-24 13:52:20 [LP epoch 45] train_loss=1.0876 train_acc=0.5004 | val_loss=1.0876 val_acc=0.4957 | 
02-24 13:52:22 [LP epoch 46] train_loss=1.0869 train_acc=0.5004 | val_loss=1.0869 val_acc=0.4957 | 
02-24 13:52:23 [LP epoch 47] train_loss=1.0858 train_acc=0.5043 | val_loss=1.0858 val_acc=0.4914 | 
02-24 13:52:25 [LP epoch 48] train_loss=1.0850 train_acc=0.5056 | val_loss=1.0850 val_acc=0.4966 | 
02-24 13:52:26 [LP epoch 49] train_loss=1.0845 train_acc=0.5064 | val_loss=1.0845 val_acc=0.4957 | 
02-24 13:52:26 Saved linear-probe checkpoint: ./checkpoint\SSF_PU_0224-134536\linear_probe_best.pt (best_val_acc=0.4966)
02-24 13:52:27 TEST linear-probe: loss=1.1305 acc=0.4906
02-24 13:52:27 model_name: SSF
02-24 13:52:27 data_name: PU
02-24 13:52:27 aug_1: normal
02-24 13:52:27 aug_2: randomcrop
02-24 13:52:27 max_epoch: 20
02-24 13:52:27 classifier_epoch: 50
02-24 13:52:27 data_view: TwoViewDataset
02-24 13:52:27 cuda_device: 0
02-24 13:52:27 checkpoint_dir: ./checkpoint
02-24 13:52:27 batch_size: 32
02-24 13:52:27 data_dir: raw_data/PU
02-24 13:52:27 out_channel: 4
02-24 13:52:27 normlizetype: minus_one_one
02-24 13:52:27 processing_type: RA
02-24 13:52:27 opt: sgd
02-24 13:52:27 lr: 0.01
02-24 13:52:27 momentum: 0.9
02-24 13:52:27 weight_decay: 1e-05
02-24 13:52:27 lr_scheduler: cos
02-24 13:52:27 gamma: 0.1
02-24 13:52:27 eta_min: 1e-05
02-24 13:52:27 latent_space: 16
02-24 13:52:27 task: self_supervised
02-24 13:52:27 critetion: <class 'utils.loss_SSL.SimSiamLoss'>
02-24 13:52:27 using 1 gpus
02-24 13:52:27 Dataset class: <class 'data_utils.datasets.PU.PU'>
02-24 13:52:28 Split sizes: train=21802 val=2336 test=4672, classier=2336
02-24 13:52:29 Label counts train: Counter({3: 8481, 1: 7718, 0: 3501, 2: 2102})
02-24 13:52:29 Label counts val:   Counter({3: 909, 1: 827, 0: 375, 2: 225})
02-24 13:52:30 Label counts test:  Counter({3: 1817, 1: 1654, 0: 750, 2: 451})
02-24 13:52:30 Label counts classifier:  Counter({3: 909, 1: 827, 0: 375, 2: 225})
02-24 13:52:30 -----Epoch 0/19-----
02-24 13:52:46 current lr: 0.01
02-24 13:52:46 Saved best checkpoint to ./checkpoint\SSF_PU_0224-134536\best_pt (val_loss=-0.9938)
02-24 13:52:46 Epoch 000 Train loss -0.9754 | Val loss -0.9938
02-24 13:52:46 -----Epoch 1/19-----
02-24 13:53:02 current lr: 0.0099385
02-24 13:53:02 Saved best checkpoint to ./checkpoint\SSF_PU_0224-134536\best_pt (val_loss=-0.9977)
02-24 13:53:02 Epoch 001 Train loss -0.9954 | Val loss -0.9977
02-24 13:53:02 -----Epoch 2/19-----
02-24 13:53:18 current lr: 0.00975553
02-24 13:53:18 Saved best checkpoint to ./checkpoint\SSF_PU_0224-134536\best_pt (val_loss=-0.9980)
02-24 13:53:18 Epoch 002 Train loss -0.9972 | Val loss -0.9980
02-24 13:53:18 -----Epoch 3/19-----
02-24 13:53:34 current lr: 0.00945558
02-24 13:53:34 Saved best checkpoint to ./checkpoint\SSF_PU_0224-134536\best_pt (val_loss=-0.9980)
02-24 13:53:34 Epoch 003 Train loss -0.9974 | Val loss -0.9980
02-24 13:53:34 -----Epoch 4/19-----
02-24 13:53:49 current lr: 0.00904604
02-24 13:53:49 Saved best checkpoint to ./checkpoint\SSF_PU_0224-134536\best_pt (val_loss=-0.9981)
02-24 13:53:49 Epoch 004 Train loss -0.9975 | Val loss -0.9981
02-24 13:53:49 -----Epoch 5/19-----
02-24 13:54:05 current lr: 0.008537
02-24 13:54:05 Saved best checkpoint to ./checkpoint\SSF_PU_0224-134536\best_pt (val_loss=-0.9983)
02-24 13:54:05 Epoch 005 Train loss -0.9977 | Val loss -0.9983
02-24 13:54:05 -----Epoch 6/19-----
02-24 13:54:21 current lr: 0.00794099
02-24 13:54:21 Saved best checkpoint to ./checkpoint\SSF_PU_0224-134536\best_pt (val_loss=-0.9985)
02-24 13:54:21 Epoch 006 Train loss -0.9979 | Val loss -0.9985
02-24 13:54:21 -----Epoch 7/19-----
02-24 13:54:37 current lr: 0.00727268
02-24 13:54:37 Saved best checkpoint to ./checkpoint\SSF_PU_0224-134536\best_pt (val_loss=-0.9986)
02-24 13:54:37 Epoch 007 Train loss -0.9980 | Val loss -0.9986
02-24 13:54:37 -----Epoch 8/19-----
02-24 13:54:53 current lr: 0.00654854
02-24 13:54:53 Saved best checkpoint to ./checkpoint\SSF_PU_0224-134536\best_pt (val_loss=-0.9988)
02-24 13:54:53 Epoch 008 Train loss -0.9981 | Val loss -0.9988
02-24 13:54:53 -----Epoch 9/19-----
02-24 13:55:10 current lr: 0.00578639
02-24 13:55:10 Saved best checkpoint to ./checkpoint\SSF_PU_0224-134536\best_pt (val_loss=-0.9989)
02-24 13:55:10 Epoch 009 Train loss -0.9982 | Val loss -0.9989
02-24 13:55:10 -----Epoch 10/19-----
02-24 13:55:25 current lr: 0.005005
02-24 13:55:25 Saved best checkpoint to ./checkpoint\SSF_PU_0224-134536\best_pt (val_loss=-0.9990)
02-24 13:55:25 Epoch 010 Train loss -0.9983 | Val loss -0.9990
02-24 13:55:25 -----Epoch 11/19-----
02-24 13:55:42 current lr: 0.00422361
02-24 13:55:42 Saved best checkpoint to ./checkpoint\SSF_PU_0224-134536\best_pt (val_loss=-0.9990)
02-24 13:55:42 Epoch 011 Train loss -0.9984 | Val loss -0.9990
02-24 13:55:42 -----Epoch 12/19-----
02-24 13:55:57 current lr: 0.00346146
02-24 13:55:57 Saved best checkpoint to ./checkpoint\SSF_PU_0224-134536\best_pt (val_loss=-0.9991)
02-24 13:55:57 Epoch 012 Train loss -0.9984 | Val loss -0.9991
02-24 13:55:57 -----Epoch 13/19-----
02-24 13:56:14 current lr: 0.00273732
02-24 13:56:14 Saved best checkpoint to ./checkpoint\SSF_PU_0224-134536\best_pt (val_loss=-0.9991)
02-24 13:56:14 Epoch 013 Train loss -0.9985 | Val loss -0.9991
02-24 13:56:14 -----Epoch 14/19-----
02-24 13:56:30 current lr: 0.00206901
02-24 13:56:30 Saved best checkpoint to ./checkpoint\SSF_PU_0224-134536\best_pt (val_loss=-0.9991)
02-24 13:56:30 Epoch 014 Train loss -0.9985 | Val loss -0.9991
02-24 13:56:30 -----Epoch 15/19-----
02-24 13:56:45 current lr: 0.001473
02-24 13:56:46 Saved best checkpoint to ./checkpoint\SSF_PU_0224-134536\best_pt (val_loss=-0.9991)
02-24 13:56:46 Epoch 015 Train loss -0.9985 | Val loss -0.9991
02-24 13:56:46 -----Epoch 16/19-----
02-24 13:57:01 current lr: 0.00096396
02-24 13:57:01 Saved best checkpoint to ./checkpoint\SSF_PU_0224-134536\best_pt (val_loss=-0.9991)
02-24 13:57:01 Epoch 016 Train loss -0.9985 | Val loss -0.9991
02-24 13:57:01 -----Epoch 17/19-----
02-24 13:57:17 current lr: 0.000554422
02-24 13:57:17 Saved best checkpoint to ./checkpoint\SSF_PU_0224-134536\best_pt (val_loss=-0.9991)
02-24 13:57:17 Epoch 017 Train loss -0.9985 | Val loss -0.9991
02-24 13:57:17 -----Epoch 18/19-----
02-24 13:57:33 current lr: 0.000254473
02-24 13:57:33 Saved best checkpoint to ./checkpoint\SSF_PU_0224-134536\best_pt (val_loss=-0.9991)
02-24 13:57:33 Epoch 018 Train loss -0.9985 | Val loss -0.9991
02-24 13:57:33 -----Epoch 19/19-----
02-24 13:57:49 current lr: 7.14967e-05
02-24 13:57:49 Saved best checkpoint to ./checkpoint\SSF_PU_0224-134536\best_pt (val_loss=-0.9991)
02-24 13:57:49 Epoch 019 Train loss -0.9985 | Val loss -0.9991
02-24 13:57:50 TEST (last): loss -0.9991
02-24 13:57:52 [LP epoch 00] train_loss=1.3874 train_acc=0.3493 | val_loss=1.3874 val_acc=0.3652 | 
02-24 13:57:53 [LP epoch 01] train_loss=1.3000 train_acc=0.3900 | val_loss=1.3000 val_acc=0.3938 | 
02-24 13:57:54 [LP epoch 02] train_loss=1.2530 train_acc=0.4007 | val_loss=1.2530 val_acc=0.4041 | 
02-24 13:57:55 [LP epoch 03] train_loss=1.2233 train_acc=0.4294 | val_loss=1.2233 val_acc=0.4422 | 
02-24 13:57:57 [LP epoch 04] train_loss=1.2039 train_acc=0.4598 | val_loss=1.2039 val_acc=0.4632 | 
02-24 13:57:58 [LP epoch 05] train_loss=1.1914 train_acc=0.4747 | val_loss=1.1914 val_acc=0.4722 | 
02-24 13:58:00 [LP epoch 06] train_loss=1.1828 train_acc=0.4803 | val_loss=1.1828 val_acc=0.4820 | 
02-24 13:58:01 [LP epoch 07] train_loss=1.1763 train_acc=0.4816 | val_loss=1.1763 val_acc=0.4807 | 
02-24 13:58:03 [LP epoch 08] train_loss=1.1713 train_acc=0.4850 | val_loss=1.1713 val_acc=0.4795 | 
02-24 13:58:04 [LP epoch 09] train_loss=1.1651 train_acc=0.4850 | val_loss=1.1651 val_acc=0.4816 | 
02-24 13:58:06 [LP epoch 10] train_loss=1.1588 train_acc=0.4897 | val_loss=1.1588 val_acc=0.4829 | 
02-24 13:58:07 [LP epoch 11] train_loss=1.1530 train_acc=0.4927 | val_loss=1.1530 val_acc=0.4863 | 
02-24 13:58:08 [LP epoch 12] train_loss=1.1469 train_acc=0.4936 | val_loss=1.1469 val_acc=0.4850 | 
02-24 13:58:10 [LP epoch 13] train_loss=1.1421 train_acc=0.4919 | val_loss=1.1421 val_acc=0.4872 | 
02-24 13:58:11 [LP epoch 14] train_loss=1.1375 train_acc=0.4914 | val_loss=1.1375 val_acc=0.4872 | 
02-24 13:58:13 [LP epoch 15] train_loss=1.1339 train_acc=0.4936 | val_loss=1.1339 val_acc=0.4867 | 
02-24 13:58:14 [LP epoch 16] train_loss=1.1305 train_acc=0.4914 | val_loss=1.1305 val_acc=0.4906 | 
02-24 13:58:16 [LP epoch 17] train_loss=1.1271 train_acc=0.4906 | val_loss=1.1271 val_acc=0.4850 | 
02-24 13:58:17 [LP epoch 18] train_loss=1.1245 train_acc=0.4906 | val_loss=1.1245 val_acc=0.4884 | 
02-24 13:58:19 [LP epoch 19] train_loss=1.1218 train_acc=0.4910 | val_loss=1.1218 val_acc=0.4897 | 
02-24 13:58:20 [LP epoch 20] train_loss=1.1201 train_acc=0.4944 | val_loss=1.1201 val_acc=0.4914 | 
02-24 13:58:21 [LP epoch 21] train_loss=1.1176 train_acc=0.4953 | val_loss=1.1176 val_acc=0.4927 | 
02-24 13:58:23 [LP epoch 22] train_loss=1.1154 train_acc=0.4970 | val_loss=1.1154 val_acc=0.4897 | 
02-24 13:58:24 [LP epoch 23] train_loss=1.1138 train_acc=0.4961 | val_loss=1.1138 val_acc=0.4919 | 
02-24 13:58:26 [LP epoch 24] train_loss=1.1120 train_acc=0.4936 | val_loss=1.1120 val_acc=0.4936 | 
02-24 13:58:27 [LP epoch 25] train_loss=1.1101 train_acc=0.4961 | val_loss=1.1101 val_acc=0.4919 | 
02-24 13:58:29 [LP epoch 26] train_loss=1.1086 train_acc=0.4966 | val_loss=1.1086 val_acc=0.4987 | 
02-24 13:58:30 [LP epoch 27] train_loss=1.1070 train_acc=0.4983 | val_loss=1.1070 val_acc=0.4940 | 
02-24 13:58:31 [LP epoch 28] train_loss=1.1058 train_acc=0.4970 | val_loss=1.1058 val_acc=0.4979 | 
02-24 13:58:33 [LP epoch 29] train_loss=1.1046 train_acc=0.4987 | val_loss=1.1046 val_acc=0.4961 | 
02-24 13:58:34 [LP epoch 30] train_loss=1.1034 train_acc=0.4987 | val_loss=1.1034 val_acc=0.4991 | 
02-24 13:58:36 [LP epoch 31] train_loss=1.1022 train_acc=0.4983 | val_loss=1.1022 val_acc=0.4966 | 
02-24 13:58:37 [LP epoch 32] train_loss=1.0999 train_acc=0.4996 | val_loss=1.0999 val_acc=0.4940 | 
02-24 13:58:39 [LP epoch 33] train_loss=1.0988 train_acc=0.5000 | val_loss=1.0988 val_acc=0.4979 | 
02-24 13:58:40 [LP epoch 34] train_loss=1.0977 train_acc=0.4991 | val_loss=1.0977 val_acc=0.4996 | 
02-24 13:58:42 [LP epoch 35] train_loss=1.0968 train_acc=0.5013 | val_loss=1.0968 val_acc=0.5017 | 
02-24 13:58:43 [LP epoch 36] train_loss=1.0955 train_acc=0.5026 | val_loss=1.0955 val_acc=0.4996 | 
02-24 13:58:45 [LP epoch 37] train_loss=1.0944 train_acc=0.5013 | val_loss=1.0944 val_acc=0.5009 | 
02-24 13:58:46 [LP epoch 38] train_loss=1.0933 train_acc=0.5030 | val_loss=1.0933 val_acc=0.5021 | 
02-24 13:58:47 [LP epoch 39] train_loss=1.0925 train_acc=0.5039 | val_loss=1.0925 val_acc=0.5021 | 
02-24 13:58:49 [LP epoch 40] train_loss=1.0917 train_acc=0.5064 | val_loss=1.0917 val_acc=0.5051 | 
02-24 13:58:50 [LP epoch 41] train_loss=1.0908 train_acc=0.5056 | val_loss=1.0908 val_acc=0.5043 | 
02-24 13:58:52 [LP epoch 42] train_loss=1.0905 train_acc=0.5034 | val_loss=1.0905 val_acc=0.5051 | 
02-24 13:58:53 [LP epoch 43] train_loss=1.0898 train_acc=0.5030 | val_loss=1.0898 val_acc=0.5034 | 
02-24 13:58:55 [LP epoch 44] train_loss=1.0894 train_acc=0.5026 | val_loss=1.0894 val_acc=0.5073 | 
02-24 13:58:56 [LP epoch 45] train_loss=1.0879 train_acc=0.5030 | val_loss=1.0879 val_acc=0.5047 | 
02-24 13:58:58 [LP epoch 46] train_loss=1.0879 train_acc=0.5047 | val_loss=1.0879 val_acc=0.5017 | 
02-24 13:58:59 [LP epoch 47] train_loss=1.0870 train_acc=0.5030 | val_loss=1.0870 val_acc=0.5068 | 
02-24 13:59:00 [LP epoch 48] train_loss=1.0861 train_acc=0.5034 | val_loss=1.0861 val_acc=0.5094 | 
02-24 13:59:02 [LP epoch 49] train_loss=1.0853 train_acc=0.5039 | val_loss=1.0853 val_acc=0.5081 | 
02-24 13:59:02 Saved linear-probe checkpoint: ./checkpoint\SSF_PU_0224-134536\linear_probe_best.pt (best_val_acc=0.5094)
02-24 13:59:03 TEST linear-probe: loss=1.0966 acc=0.4987
02-24 13:59:03 model_name: SSF
02-24 13:59:03 data_name: PU
02-24 13:59:03 aug_1: normal
02-24 13:59:03 aug_2: randomcrop
02-24 13:59:03 max_epoch: 20
02-24 13:59:03 classifier_epoch: 50
02-24 13:59:03 data_view: TwoViewDataset
02-24 13:59:03 cuda_device: 0
02-24 13:59:03 checkpoint_dir: ./checkpoint
02-24 13:59:03 batch_size: 32
02-24 13:59:03 data_dir: raw_data/PU
02-24 13:59:03 out_channel: 4
02-24 13:59:03 normlizetype: minus_one_one
02-24 13:59:03 processing_type: RA
02-24 13:59:03 opt: sgd
02-24 13:59:03 lr: 0.01
02-24 13:59:03 momentum: 0.9
02-24 13:59:03 weight_decay: 1e-05
02-24 13:59:03 lr_scheduler: cos
02-24 13:59:03 gamma: 0.1
02-24 13:59:03 eta_min: 1e-05
02-24 13:59:03 latent_space: 16
02-24 13:59:03 task: self_supervised
02-24 13:59:03 critetion: <class 'utils.loss_SSL.SimSiamLoss'>
02-24 13:59:03 using 1 gpus
02-24 13:59:03 Dataset class: <class 'data_utils.datasets.PU.PU'>
02-24 13:59:04 Split sizes: train=21802 val=2336 test=4672, classier=2336
02-24 13:59:05 Label counts train: Counter({3: 8481, 1: 7718, 0: 3501, 2: 2102})
02-24 13:59:05 Label counts val:   Counter({3: 909, 1: 827, 0: 375, 2: 225})
02-24 13:59:06 Label counts test:  Counter({3: 1817, 1: 1654, 0: 750, 2: 451})
02-24 13:59:06 Label counts classifier:  Counter({3: 909, 1: 827, 0: 375, 2: 225})
02-24 13:59:06 -----Epoch 0/19-----
02-24 13:59:21 current lr: 0.01
02-24 13:59:21 Saved best checkpoint to ./checkpoint\SSF_PU_0224-134536\best_pt (val_loss=-0.9956)
02-24 13:59:21 Epoch 000 Train loss -0.9702 | Val loss -0.9956
02-24 13:59:21 -----Epoch 1/19-----
02-24 13:59:37 current lr: 0.0099385
02-24 13:59:37 Saved best checkpoint to ./checkpoint\SSF_PU_0224-134536\best_pt (val_loss=-0.9968)
02-24 13:59:37 Epoch 001 Train loss -0.9955 | Val loss -0.9968
02-24 13:59:37 -----Epoch 2/19-----
02-24 13:59:55 current lr: 0.00975553
02-24 13:59:55 Saved best checkpoint to ./checkpoint\SSF_PU_0224-134536\best_pt (val_loss=-0.9970)
02-24 13:59:55 Epoch 002 Train loss -0.9962 | Val loss -0.9970
02-24 13:59:55 -----Epoch 3/19-----
02-24 14:00:10 current lr: 0.00945558
02-24 14:00:10 Epoch 003 Train loss -0.9961 | Val loss -0.9967
02-24 14:00:10 -----Epoch 4/19-----
02-24 14:00:27 current lr: 0.00904604
02-24 14:00:27 Saved best checkpoint to ./checkpoint\SSF_PU_0224-134536\best_pt (val_loss=-0.9974)
02-24 14:00:27 Epoch 004 Train loss -0.9965 | Val loss -0.9974
02-24 14:00:27 -----Epoch 5/19-----
02-24 14:00:43 current lr: 0.008537
02-24 14:00:43 Epoch 005 Train loss -0.9961 | Val loss -0.9973
02-24 14:00:43 -----Epoch 6/19-----
02-24 14:01:01 current lr: 0.00794099
02-24 14:01:01 Saved best checkpoint to ./checkpoint\SSF_PU_0224-134536\best_pt (val_loss=-0.9983)
02-24 14:01:01 Epoch 006 Train loss -0.9973 | Val loss -0.9983
02-24 14:01:01 -----Epoch 7/19-----
02-24 14:01:17 current lr: 0.00727268
02-24 14:01:17 Saved best checkpoint to ./checkpoint\SSF_PU_0224-134536\best_pt (val_loss=-0.9986)
02-24 14:01:17 Epoch 007 Train loss -0.9978 | Val loss -0.9986
02-24 14:01:17 -----Epoch 8/19-----
02-24 14:01:34 current lr: 0.00654854
02-24 14:01:34 Saved best checkpoint to ./checkpoint\SSF_PU_0224-134536\best_pt (val_loss=-0.9987)
02-24 14:01:34 Epoch 008 Train loss -0.9980 | Val loss -0.9987
02-24 14:01:34 -----Epoch 9/19-----
