02-24 14:17:03 model_name: SSF
02-24 14:17:03 data_name: JNU
02-24 14:17:03 aug_1: normal
02-24 14:17:03 aug_2: randomcrop
02-24 14:17:03 max_epoch: 20
02-24 14:17:03 classifier_epoch: 50
02-24 14:17:03 data_view: TwoViewDataset
02-24 14:17:03 cuda_device: 0
02-24 14:17:03 checkpoint_dir: ./checkpoint
02-24 14:17:03 batch_size: 32
02-24 14:17:03 data_dir: raw_data/JNU/JNU-Bearing-Dataset-main
02-24 14:17:03 out_channel: 4
02-24 14:17:03 normlizetype: minus_one_one
02-24 14:17:03 processing_type: RA
02-24 14:17:03 opt: sgd
02-24 14:17:03 lr: 0.01
02-24 14:17:03 momentum: 0.9
02-24 14:17:03 weight_decay: 1e-05
02-24 14:17:03 lr_scheduler: cos
02-24 14:17:03 gamma: 0.1
02-24 14:17:03 eta_min: 1e-05
02-24 14:17:03 latent_space: 16
02-24 14:17:03 task: self_supervised
02-24 14:17:03 critetion: <class 'utils.loss_SSL.SimSiamLoss'>
02-24 14:17:03 using 1 cpu
02-24 14:17:03 Dataset class: <class 'data_utils.datasets.JNU.JNU'>
02-24 14:17:04 Split sizes: train=6153 val=659 test=1319, classier=659
02-24 14:17:04 Label counts train: Counter({0: 3078, 3: 1025, 1: 1025, 2: 1025})
02-24 14:17:04 Label counts val:   Counter({0: 330, 1: 110, 3: 110, 2: 109})
02-24 14:17:04 Label counts test:  Counter({0: 660, 2: 220, 3: 220, 1: 219})
02-24 14:17:04 Label counts classifier:  Counter({0: 330, 2: 110, 1: 110, 3: 109})
02-24 14:17:06 -----Epoch 0/19-----
