03-04 08:57:05 model_name: SimSiam
03-04 08:57:05 data_name: PU
03-04 08:57:05 aug_1: normal
03-04 08:57:05 aug_2: fft
03-04 08:57:05 max_epoch: 20
03-04 08:57:05 classifier_epoch: 50
03-04 08:57:05 data_view: TwoViewDataset
03-04 08:57:05 cuda_device: 0
03-04 08:57:05 checkpoint_dir: ./checkpoint
03-04 08:57:05 batch_size: 32
03-04 08:57:05 data_dir: raw_data/PU
03-04 08:57:05 out_channel: 4
03-04 08:57:05 normlizetype: minus_one_one
03-04 08:57:05 processing_type: RA
03-04 08:57:05 opt: sgd
03-04 08:57:05 lr: 0.01
03-04 08:57:05 momentum: 0.9
03-04 08:57:05 weight_decay: 1e-05
03-04 08:57:05 lr_scheduler: cos
03-04 08:57:05 gamma: 0.1
03-04 08:57:05 eta_min: 1e-05
03-04 08:57:05 latent_space: 96
03-04 08:57:05 num_blocks_ssf: None
03-04 08:57:05 task: self_supervised
03-04 08:57:05 critetion: <class 'utils.loss_SSL.SimSiamLoss'>
03-04 08:57:05 using 1 gpus
03-04 08:57:05 Dataset class: <class 'data_utils.datasets.PU.PU'>
03-04 08:57:06 Split sizes: train=12607 val=2430 test=2702, classier=271
03-04 08:57:07 Label counts train: Counter({3: 3498, 1: 3493, 0: 3490, 2: 2095})
03-04 08:57:07 Label counts val:   Counter({3: 667, 0: 667, 1: 666, 2: 400})
03-04 08:57:08 Label counts test:  Counter({3: 751, 1: 750, 0: 750, 2: 451})
03-04 08:57:08 Label counts classifier:  Counter({1: 72, 0: 72, 3: 70, 2: 42})
03-04 08:57:09 -----Epoch 0/19-----
03-04 08:57:21 current lr: 0.01
03-04 08:57:21 Saved best checkpoint to ./checkpoint\SimSiam_PU_0304-085705\best_pt (val_loss=-0.8117)
03-04 08:57:21 Epoch 000 Train loss -0.7266 | Val loss -0.8117
03-04 08:57:21 -----Epoch 1/19-----
03-04 08:57:32 current lr: 0.0099385
03-04 08:57:32 Saved best checkpoint to ./checkpoint\SimSiam_PU_0304-085705\best_pt (val_loss=-0.8322)
03-04 08:57:32 Epoch 001 Train loss -0.9079 | Val loss -0.8322
03-04 08:57:32 -----Epoch 2/19-----
03-04 08:57:45 current lr: 0.00975553
03-04 08:57:45 No improvement in val_loss for 1/5 epochs.
03-04 08:57:45 Epoch 002 Train loss -0.9268 | Val loss -0.8298
03-04 08:57:45 -----Epoch 3/19-----
03-04 08:57:56 current lr: 0.00945558
03-04 08:57:56 Saved best checkpoint to ./checkpoint\SimSiam_PU_0304-085705\best_pt (val_loss=-0.8328)
03-04 08:57:56 Epoch 003 Train loss -0.9362 | Val loss -0.8328
03-04 08:57:56 -----Epoch 4/19-----
03-04 08:58:08 current lr: 0.00904604
03-04 08:58:08 Saved best checkpoint to ./checkpoint\SimSiam_PU_0304-085705\best_pt (val_loss=-0.8374)
03-04 08:58:08 Epoch 004 Train loss -0.9422 | Val loss -0.8374
03-04 08:58:08 -----Epoch 5/19-----
03-04 08:58:20 current lr: 0.008537
03-04 08:58:20 Saved best checkpoint to ./checkpoint\SimSiam_PU_0304-085705\best_pt (val_loss=-0.8398)
03-04 08:58:20 Epoch 005 Train loss -0.9463 | Val loss -0.8398
03-04 08:58:20 -----Epoch 6/19-----
03-04 08:58:32 current lr: 0.00794099
03-04 08:58:32 Saved best checkpoint to ./checkpoint\SimSiam_PU_0304-085705\best_pt (val_loss=-0.8436)
03-04 08:58:32 Epoch 006 Train loss -0.9494 | Val loss -0.8436
03-04 08:58:32 -----Epoch 7/19-----
03-04 08:58:43 current lr: 0.00727268
03-04 08:58:43 Saved best checkpoint to ./checkpoint\SimSiam_PU_0304-085705\best_pt (val_loss=-0.8441)
03-04 08:58:43 Epoch 007 Train loss -0.9518 | Val loss -0.8441
03-04 08:58:43 -----Epoch 8/19-----
03-04 08:58:55 current lr: 0.00654854
03-04 08:58:55 Saved best checkpoint to ./checkpoint\SimSiam_PU_0304-085705\best_pt (val_loss=-0.8470)
03-04 08:58:55 Epoch 008 Train loss -0.9536 | Val loss -0.8470
03-04 08:58:55 -----Epoch 9/19-----
03-04 08:59:06 current lr: 0.00578639
03-04 08:59:07 Saved best checkpoint to ./checkpoint\SimSiam_PU_0304-085705\best_pt (val_loss=-0.8481)
03-04 08:59:07 Epoch 009 Train loss -0.9550 | Val loss -0.8481
03-04 08:59:07 -----Epoch 10/19-----
03-04 08:59:18 current lr: 0.005005
03-04 08:59:18 Saved best checkpoint to ./checkpoint\SimSiam_PU_0304-085705\best_pt (val_loss=-0.8493)
03-04 08:59:18 Epoch 010 Train loss -0.9563 | Val loss -0.8493
03-04 08:59:18 -----Epoch 11/19-----
03-04 08:59:30 current lr: 0.00422361
03-04 08:59:30 No improvement in val_loss for 1/5 epochs.
03-04 08:59:30 Epoch 011 Train loss -0.9573 | Val loss -0.8465
03-04 08:59:30 -----Epoch 12/19-----
03-04 08:59:41 current lr: 0.00346146
03-04 08:59:41 No improvement in val_loss for 2/5 epochs.
03-04 08:59:41 Epoch 012 Train loss -0.9582 | Val loss -0.8432
03-04 08:59:41 -----Epoch 13/19-----
03-04 08:59:52 current lr: 0.00273732
03-04 08:59:52 No improvement in val_loss for 3/5 epochs.
03-04 08:59:52 Epoch 013 Train loss -0.9590 | Val loss -0.8386
03-04 08:59:52 -----Epoch 14/19-----
03-04 09:00:04 current lr: 0.00206901
03-04 09:00:04 No improvement in val_loss for 4/5 epochs.
03-04 09:00:04 Epoch 014 Train loss -0.9597 | Val loss -0.8383
03-04 09:00:04 -----Epoch 15/19-----
03-04 09:00:16 current lr: 0.001473
03-04 09:00:16 No improvement in val_loss for 5/5 epochs.
03-04 09:00:16 Early stopping at epoch 15 (best val_loss=-0.8493).
03-04 09:00:16 Epoch 015 Train loss -0.9603 | Val loss -0.8401
03-04 09:00:16 -----Epoch 16/19-----
03-04 09:00:27 current lr: 0.00096396
03-04 09:00:27 No improvement in val_loss for 6/5 epochs.
03-04 09:00:27 Early stopping at epoch 16 (best val_loss=-0.8493).
03-04 09:00:27 Epoch 016 Train loss -0.9608 | Val loss -0.8428
03-04 09:00:27 -----Epoch 17/19-----
03-04 09:00:39 current lr: 0.000554422
03-04 09:00:39 No improvement in val_loss for 7/5 epochs.
03-04 09:00:39 Early stopping at epoch 17 (best val_loss=-0.8493).
03-04 09:00:39 Epoch 017 Train loss -0.9612 | Val loss -0.8434
03-04 09:00:39 -----Epoch 18/19-----
03-04 09:00:51 current lr: 0.000254473
03-04 09:00:51 No improvement in val_loss for 8/5 epochs.
03-04 09:00:51 Early stopping at epoch 18 (best val_loss=-0.8493).
03-04 09:00:51 Epoch 018 Train loss -0.9615 | Val loss -0.8432
03-04 09:00:51 -----Epoch 19/19-----
03-04 09:01:02 current lr: 7.14967e-05
03-04 09:01:02 No improvement in val_loss for 9/5 epochs.
03-04 09:01:02 Early stopping at epoch 19 (best val_loss=-0.8493).
03-04 09:01:02 Epoch 019 Train loss -0.9617 | Val loss -0.8440
03-04 09:01:02 TEST (last): loss -0.8445
03-04 09:01:03 [LP epoch 00] train_loss=1.4366 train_acc=0.2695 | val_loss=1.3898 val_acc=0.2779 | 
03-04 09:01:04 [LP epoch 01] train_loss=1.3722 train_acc=0.3203 | val_loss=1.3659 val_acc=0.3017 | 
03-04 09:01:04 [LP epoch 02] train_loss=1.3463 train_acc=0.3242 | val_loss=1.3635 val_acc=0.2967 | 
03-04 09:01:05 [LP epoch 03] train_loss=1.3267 train_acc=0.3398 | val_loss=1.3645 val_acc=0.3125 | 
03-04 09:01:05 [LP epoch 04] train_loss=1.2975 train_acc=0.3906 | val_loss=1.3715 val_acc=0.3054 | 
03-04 09:01:06 [LP epoch 05] train_loss=1.2879 train_acc=0.4258 | val_loss=1.3972 val_acc=0.2904 | 
03-04 09:01:07 [LP epoch 06] train_loss=1.2653 train_acc=0.4570 | val_loss=1.4217 val_acc=0.2779 | 
03-04 09:01:07 [LP epoch 07] train_loss=1.2482 train_acc=0.4297 | val_loss=1.6862 val_acc=0.2775 | 
03-04 09:01:08 [LP epoch 08] train_loss=1.2404 train_acc=0.4336 | val_loss=1.4884 val_acc=0.2900 | 
03-04 09:01:09 [LP epoch 09] train_loss=1.2295 train_acc=0.4414 | val_loss=1.6594 val_acc=0.3312 | 
03-04 09:01:09 [LP epoch 10] train_loss=1.2138 train_acc=0.4570 | val_loss=1.5588 val_acc=0.3400 | 
03-04 09:01:10 [LP epoch 11] train_loss=1.2122 train_acc=0.4531 | val_loss=1.4900 val_acc=0.4033 | 
03-04 09:01:10 [LP epoch 12] train_loss=1.1943 train_acc=0.4883 | val_loss=1.6527 val_acc=0.3175 | 
03-04 09:01:11 [LP epoch 13] train_loss=1.1860 train_acc=0.4805 | val_loss=1.4006 val_acc=0.4108 | 
03-04 09:01:12 [LP epoch 14] train_loss=1.1739 train_acc=0.4961 | val_loss=1.2738 val_acc=0.4188 | 
03-04 09:01:12 [LP epoch 15] train_loss=1.1609 train_acc=0.4922 | val_loss=1.3152 val_acc=0.3837 | 
03-04 09:01:13 [LP epoch 16] train_loss=1.1554 train_acc=0.4766 | val_loss=1.4821 val_acc=0.3021 | 
03-04 09:01:14 [LP epoch 17] train_loss=1.1434 train_acc=0.5234 | val_loss=2.6440 val_acc=0.2775 | 
03-04 09:01:14 [LP epoch 18] train_loss=1.1290 train_acc=0.4922 | val_loss=1.4793 val_acc=0.3083 | 
03-04 09:01:15 [LP epoch 19] train_loss=1.1199 train_acc=0.5312 | val_loss=1.4136 val_acc=0.3183 | 
03-04 09:01:16 [LP epoch 20] train_loss=1.1115 train_acc=0.5117 | val_loss=1.5448 val_acc=0.2850 | 
03-04 09:01:16 [LP epoch 21] train_loss=1.1047 train_acc=0.5234 | val_loss=1.3114 val_acc=0.3946 | 
03-04 09:01:17 [LP epoch 22] train_loss=1.0880 train_acc=0.5273 | val_loss=1.7045 val_acc=0.2838 | 
03-04 09:01:18 [LP epoch 23] train_loss=1.0817 train_acc=0.5586 | val_loss=1.6949 val_acc=0.3446 | 
03-04 09:01:18 [LP epoch 24] train_loss=1.0849 train_acc=0.5312 | val_loss=1.8077 val_acc=0.2917 | 
03-04 09:01:19 [LP epoch 25] train_loss=1.0716 train_acc=0.5664 | val_loss=1.5455 val_acc=0.3996 | 
03-04 09:01:20 [LP epoch 26] train_loss=1.0562 train_acc=0.5586 | val_loss=1.9517 val_acc=0.3088 | 
03-04 09:01:20 [LP epoch 27] train_loss=1.0655 train_acc=0.5625 | val_loss=1.6657 val_acc=0.2817 | 
03-04 09:01:21 [LP epoch 28] train_loss=1.0370 train_acc=0.5664 | val_loss=2.1345 val_acc=0.2792 | 
03-04 09:01:22 [LP epoch 29] train_loss=1.0404 train_acc=0.5781 | val_loss=1.5214 val_acc=0.3237 | 
03-04 09:01:22 [LP epoch 30] train_loss=1.0364 train_acc=0.5781 | val_loss=1.5409 val_acc=0.3896 | 
03-04 09:01:23 [LP epoch 31] train_loss=1.0174 train_acc=0.5938 | val_loss=1.4497 val_acc=0.3583 | 
03-04 09:01:24 [LP epoch 32] train_loss=1.0311 train_acc=0.5820 | val_loss=1.8706 val_acc=0.2767 | 
03-04 09:01:24 [LP epoch 33] train_loss=1.0006 train_acc=0.6094 | val_loss=2.0577 val_acc=0.2808 | 
03-04 09:01:25 [LP epoch 34] train_loss=0.9995 train_acc=0.6016 | val_loss=1.4874 val_acc=0.3054 | 
03-04 09:01:25 [LP epoch 35] train_loss=0.9931 train_acc=0.6133 | val_loss=3.1416 val_acc=0.2838 | 
03-04 09:01:26 [LP epoch 36] train_loss=0.9858 train_acc=0.6172 | val_loss=1.9860 val_acc=0.2829 | 
03-04 09:01:27 [LP epoch 37] train_loss=0.9760 train_acc=0.6133 | val_loss=1.6534 val_acc=0.3017 | 
