04-28 08:44:16 ================================================================================
04-28 08:44:16 RUN: aug=('gaussian', 'gaussian') hidden=128 latent=160 blocks=7 seed=0
04-28 08:44:16 model_name: SSF
04-28 08:44:16 data_name: CWRU
04-28 08:44:16 aug_1: gaussian
04-28 08:44:16 aug_2: gaussian
04-28 08:44:16 data_view: TwoViewDataset
04-28 08:44:16 data_dir: raw_data/CWRU
04-28 08:44:16 out_channel: 4
04-28 08:44:16 normlizetype: None
04-28 08:44:16 processing_type: O_N
04-28 08:44:16 max_epoch: 50
04-28 08:44:16 classifier_epoch: 50
04-28 08:44:16 batch_size: 64
04-28 08:44:16 cuda_device: 0
04-28 08:44:16 checkpoint_dir: ./checkpoint
04-28 08:44:16 opt: sgd
04-28 08:44:16 lr: 0.05
04-28 08:44:16 momentum: 0.9
04-28 08:44:16 weight_decay: 0.0001
04-28 08:44:16 lr_scheduler: cos
04-28 08:44:16 gamma: 0.95
04-28 08:44:16 eta_min: 1e-05
04-28 08:44:16 latent_space: 160
04-28 08:44:16 num_blocks_ssf: 7
04-28 08:44:16 hidden_channel: 128
04-28 08:44:16 per_class_samples: 100
04-28 08:44:16 classifier_samples: 10
04-28 08:44:16 task: self_supervised
04-28 08:44:16 critetion: <class 'utils.loss_SSL.SimSiamLoss'>
04-28 08:44:16 using 1 gpus
04-28 08:44:16 Dataset class: <class 'data_utils.datasets.CWRU.CWRU'>
04-28 08:44:16 Split sizes: train=100 val=100 test=400, classier=40
04-28 08:44:16 Label counts train: Counter({0: 100})
04-28 08:44:16 Label counts val:   Counter({0: 100})
04-28 08:44:16 Label counts test:  Counter({2: 100, 1: 100, 3: 100, 0: 100})
04-28 08:44:16 Label counts classifier:  Counter({0: 10, 1: 10, 3: 10, 2: 10})
04-28 08:44:16 Label counts classifier validation:  Counter({0: 10, 1: 10, 2: 10, 3: 10})
04-28 08:44:19 -----Epoch 0/49-----
04-28 08:44:19 current lr: 0.05
04-28 08:44:19 Saved best checkpoint to ./checkpoint\SSF_CWRU_0428-084416\best_pt (val_loss=-0.1575)
04-28 08:44:19 Epoch 000 Train loss -0.0201 | Val loss -0.1575
04-28 08:44:19 -----Epoch 1/49-----
04-28 08:44:19 current lr: 0.0499507
04-28 08:44:19 Saved best checkpoint to ./checkpoint\SSF_CWRU_0428-084416\best_pt (val_loss=-0.3983)
04-28 08:44:19 Epoch 001 Train loss -0.3466 | Val loss -0.3983
04-28 08:44:19 -----Epoch 2/49-----
04-28 08:44:19 current lr: 0.0498029
04-28 08:44:20 Saved best checkpoint to ./checkpoint\SSF_CWRU_0428-084416\best_pt (val_loss=-0.5027)
04-28 08:44:20 Epoch 002 Train loss -0.7173 | Val loss -0.5027
04-28 08:44:20 -----Epoch 3/49-----
04-28 08:44:20 current lr: 0.0495573
04-28 08:44:20 Saved best checkpoint to ./checkpoint\SSF_CWRU_0428-084416\best_pt (val_loss=-0.5338)
04-28 08:44:20 Epoch 003 Train loss -0.8883 | Val loss -0.5338
04-28 08:44:20 -----Epoch 4/49-----
04-28 08:44:20 current lr: 0.0492147
04-28 08:44:20 Saved best checkpoint to ./checkpoint\SSF_CWRU_0428-084416\best_pt (val_loss=-0.5523)
04-28 08:44:20 Epoch 004 Train loss -0.9445 | Val loss -0.5523
04-28 08:44:20 -----Epoch 5/49-----
04-28 08:44:20 current lr: 0.0487767
04-28 08:44:20 Saved best checkpoint to ./checkpoint\SSF_CWRU_0428-084416\best_pt (val_loss=-0.5656)
04-28 08:44:20 Epoch 005 Train loss -0.9648 | Val loss -0.5656
04-28 08:44:20 -----Epoch 6/49-----
04-28 08:44:20 current lr: 0.0482448
04-28 08:44:20 Saved best checkpoint to ./checkpoint\SSF_CWRU_0428-084416\best_pt (val_loss=-0.5681)
04-28 08:44:20 Epoch 006 Train loss -0.9722 | Val loss -0.5681
04-28 08:44:20 -----Epoch 7/49-----
04-28 08:44:20 current lr: 0.0476212
04-28 08:44:20 No improvement in val_loss for 1/10 epochs.
04-28 08:44:20 Epoch 007 Train loss -0.9759 | Val loss -0.5656
04-28 08:44:20 -----Epoch 8/49-----
04-28 08:44:21 current lr: 0.0469083
04-28 08:44:21 Saved best checkpoint to ./checkpoint\SSF_CWRU_0428-084416\best_pt (val_loss=-0.5722)
04-28 08:44:21 Epoch 008 Train loss -0.9782 | Val loss -0.5722
04-28 08:44:21 -----Epoch 9/49-----
04-28 08:44:21 current lr: 0.046109
04-28 08:44:21 Saved best checkpoint to ./checkpoint\SSF_CWRU_0428-084416\best_pt (val_loss=-0.5867)
04-28 08:44:21 Epoch 009 Train loss -0.9794 | Val loss -0.5867
04-28 08:44:21 -----Epoch 10/49-----
04-28 08:44:21 current lr: 0.0452264
04-28 08:44:21 Saved best checkpoint to ./checkpoint\SSF_CWRU_0428-084416\best_pt (val_loss=-0.6031)
04-28 08:44:21 Epoch 010 Train loss -0.9801 | Val loss -0.6031
04-28 08:44:21 -----Epoch 11/49-----
04-28 08:44:21 current lr: 0.044264
04-28 08:44:21 Saved best checkpoint to ./checkpoint\SSF_CWRU_0428-084416\best_pt (val_loss=-0.6202)
04-28 08:44:21 Epoch 011 Train loss -0.9810 | Val loss -0.6202
04-28 08:44:21 -----Epoch 12/49-----
04-28 08:44:21 current lr: 0.0432256
04-28 08:44:21 Saved best checkpoint to ./checkpoint\SSF_CWRU_0428-084416\best_pt (val_loss=-0.6385)
04-28 08:44:21 Epoch 012 Train loss -0.9815 | Val loss -0.6385
04-28 08:44:21 -----Epoch 13/49-----
04-28 08:44:21 current lr: 0.0421153
04-28 08:44:22 Saved best checkpoint to ./checkpoint\SSF_CWRU_0428-084416\best_pt (val_loss=-0.6579)
04-28 08:44:22 Epoch 013 Train loss -0.9822 | Val loss -0.6579
04-28 08:44:22 -----Epoch 14/49-----
04-28 08:44:22 current lr: 0.0409374
04-28 08:44:22 Saved best checkpoint to ./checkpoint\SSF_CWRU_0428-084416\best_pt (val_loss=-0.6780)
04-28 08:44:22 Epoch 014 Train loss -0.9823 | Val loss -0.6780
04-28 08:44:22 -----Epoch 15/49-----
04-28 08:44:22 current lr: 0.0396967
04-28 08:44:22 Saved best checkpoint to ./checkpoint\SSF_CWRU_0428-084416\best_pt (val_loss=-0.6976)
04-28 08:44:22 Epoch 015 Train loss -0.9835 | Val loss -0.6976
04-28 08:44:22 -----Epoch 16/49-----
04-28 08:44:22 current lr: 0.038398
04-28 08:44:22 Saved best checkpoint to ./checkpoint\SSF_CWRU_0428-084416\best_pt (val_loss=-0.7160)
04-28 08:44:22 Epoch 016 Train loss -0.9842 | Val loss -0.7160
04-28 08:44:22 -----Epoch 17/49-----
04-28 08:44:22 current lr: 0.0370464
04-28 08:44:22 Saved best checkpoint to ./checkpoint\SSF_CWRU_0428-084416\best_pt (val_loss=-0.7323)
04-28 08:44:22 Epoch 017 Train loss -0.9837 | Val loss -0.7323
04-28 08:44:22 -----Epoch 18/49-----
04-28 08:44:22 current lr: 0.0356474
04-28 08:44:22 Saved best checkpoint to ./checkpoint\SSF_CWRU_0428-084416\best_pt (val_loss=-0.7453)
04-28 08:44:22 Epoch 018 Train loss -0.9846 | Val loss -0.7453
04-28 08:44:22 -----Epoch 19/49-----
04-28 08:44:23 current lr: 0.0342063
04-28 08:44:23 Saved best checkpoint to ./checkpoint\SSF_CWRU_0428-084416\best_pt (val_loss=-0.7562)
04-28 08:44:23 Epoch 019 Train loss -0.9855 | Val loss -0.7562
04-28 08:44:23 -----Epoch 20/49-----
04-28 08:44:23 current lr: 0.0327289
04-28 08:44:23 Saved best checkpoint to ./checkpoint\SSF_CWRU_0428-084416\best_pt (val_loss=-0.7644)
04-28 08:44:23 Epoch 020 Train loss -0.9862 | Val loss -0.7644
04-28 08:44:23 -----Epoch 21/49-----
04-28 08:44:23 current lr: 0.031221
04-28 08:44:23 Saved best checkpoint to ./checkpoint\SSF_CWRU_0428-084416\best_pt (val_loss=-0.7713)
04-28 08:44:23 Epoch 021 Train loss -0.9865 | Val loss -0.7713
04-28 08:44:23 -----Epoch 22/49-----
04-28 08:44:23 current lr: 0.0296886
04-28 08:44:23 Saved best checkpoint to ./checkpoint\SSF_CWRU_0428-084416\best_pt (val_loss=-0.7758)
04-28 08:44:23 Epoch 022 Train loss -0.9865 | Val loss -0.7758
04-28 08:44:23 -----Epoch 23/49-----
04-28 08:44:23 current lr: 0.0281377
04-28 08:44:23 Saved best checkpoint to ./checkpoint\SSF_CWRU_0428-084416\best_pt (val_loss=-0.7800)
04-28 08:44:23 Epoch 023 Train loss -0.9866 | Val loss -0.7800
04-28 08:44:23 -----Epoch 24/49-----
04-28 08:44:23 current lr: 0.0265744
04-28 08:44:23 Saved best checkpoint to ./checkpoint\SSF_CWRU_0428-084416\best_pt (val_loss=-0.7832)
04-28 08:44:23 Epoch 024 Train loss -0.9871 | Val loss -0.7832
04-28 08:44:23 -----Epoch 25/49-----
04-28 08:44:24 current lr: 0.025005
04-28 08:44:24 Saved best checkpoint to ./checkpoint\SSF_CWRU_0428-084416\best_pt (val_loss=-0.7852)
04-28 08:44:24 Epoch 025 Train loss -0.9882 | Val loss -0.7852
04-28 08:44:24 -----Epoch 26/49-----
04-28 08:44:24 current lr: 0.0234356
04-28 08:44:24 Saved best checkpoint to ./checkpoint\SSF_CWRU_0428-084416\best_pt (val_loss=-0.7863)
04-28 08:44:24 Epoch 026 Train loss -0.9875 | Val loss -0.7863
04-28 08:44:24 -----Epoch 27/49-----
04-28 08:44:24 current lr: 0.0218723
04-28 08:44:24 Saved best checkpoint to ./checkpoint\SSF_CWRU_0428-084416\best_pt (val_loss=-0.7886)
04-28 08:44:24 Epoch 027 Train loss -0.9880 | Val loss -0.7886
04-28 08:44:24 -----Epoch 28/49-----
04-28 08:44:24 current lr: 0.0203214
04-28 08:44:24 Saved best checkpoint to ./checkpoint\SSF_CWRU_0428-084416\best_pt (val_loss=-0.7900)
04-28 08:44:24 Epoch 028 Train loss -0.9880 | Val loss -0.7900
04-28 08:44:24 -----Epoch 29/49-----
04-28 08:44:24 current lr: 0.018789
04-28 08:44:24 Saved best checkpoint to ./checkpoint\SSF_CWRU_0428-084416\best_pt (val_loss=-0.7904)
04-28 08:44:24 Epoch 029 Train loss -0.9877 | Val loss -0.7904
04-28 08:44:24 -----Epoch 30/49-----
04-28 08:44:25 current lr: 0.0172811
04-28 08:44:25 Saved best checkpoint to ./checkpoint\SSF_CWRU_0428-084416\best_pt (val_loss=-0.7916)
04-28 08:44:25 Epoch 030 Train loss -0.9888 | Val loss -0.7916
04-28 08:44:25 -----Epoch 31/49-----
04-28 08:44:25 current lr: 0.0158037
04-28 08:44:25 Saved best checkpoint to ./checkpoint\SSF_CWRU_0428-084416\best_pt (val_loss=-0.7919)
04-28 08:44:25 Epoch 031 Train loss -0.9885 | Val loss -0.7919
04-28 08:44:25 -----Epoch 32/49-----
04-28 08:44:25 current lr: 0.0143626
04-28 08:44:25 Saved best checkpoint to ./checkpoint\SSF_CWRU_0428-084416\best_pt (val_loss=-0.7928)
04-28 08:44:25 Epoch 032 Train loss -0.9883 | Val loss -0.7928
04-28 08:44:25 -----Epoch 33/49-----
04-28 08:44:25 current lr: 0.0129636
04-28 08:44:25 Saved best checkpoint to ./checkpoint\SSF_CWRU_0428-084416\best_pt (val_loss=-0.7938)
04-28 08:44:25 Epoch 033 Train loss -0.9888 | Val loss -0.7938
04-28 08:44:25 -----Epoch 34/49-----
04-28 08:44:25 current lr: 0.011612
04-28 08:44:25 No improvement in val_loss for 1/10 epochs.
04-28 08:44:25 Epoch 034 Train loss -0.9882 | Val loss -0.7937
04-28 08:44:25 -----Epoch 35/49-----
04-28 08:44:25 current lr: 0.0103133
04-28 08:44:25 Saved best checkpoint to ./checkpoint\SSF_CWRU_0428-084416\best_pt (val_loss=-0.7944)
04-28 08:44:25 Epoch 035 Train loss -0.9881 | Val loss -0.7944
04-28 08:44:25 -----Epoch 36/49-----
04-28 08:44:26 current lr: 0.00907259
04-28 08:44:26 Saved best checkpoint to ./checkpoint\SSF_CWRU_0428-084416\best_pt (val_loss=-0.7948)
04-28 08:44:26 Epoch 036 Train loss -0.9888 | Val loss -0.7948
04-28 08:44:26 -----Epoch 37/49-----
04-28 08:44:26 current lr: 0.00789475
04-28 08:44:26 Saved best checkpoint to ./checkpoint\SSF_CWRU_0428-084416\best_pt (val_loss=-0.7952)
04-28 08:44:26 Epoch 037 Train loss -0.9891 | Val loss -0.7952
04-28 08:44:26 -----Epoch 38/49-----
04-28 08:44:26 current lr: 0.00678443
04-28 08:44:26 Saved best checkpoint to ./checkpoint\SSF_CWRU_0428-084416\best_pt (val_loss=-0.7957)
04-28 08:44:26 Epoch 038 Train loss -0.9891 | Val loss -0.7957
04-28 08:44:26 -----Epoch 39/49-----
04-28 08:44:26 current lr: 0.00574602
04-28 08:44:26 No improvement in val_loss for 1/10 epochs.
04-28 08:44:26 Epoch 039 Train loss -0.9891 | Val loss -0.7955
04-28 08:44:26 -----Epoch 40/49-----
04-28 08:44:26 current lr: 0.00478362
04-28 08:44:26 No improvement in val_loss for 2/10 epochs.
04-28 08:44:26 Epoch 040 Train loss -0.9885 | Val loss -0.7951
04-28 08:44:26 -----Epoch 41/49-----
04-28 08:44:26 current lr: 0.00390102
04-28 08:44:26 No improvement in val_loss for 3/10 epochs.
04-28 08:44:26 Epoch 041 Train loss -0.9894 | Val loss -0.7951
04-28 08:44:26 -----Epoch 42/49-----
04-28 08:44:27 current lr: 0.00310171
04-28 08:44:27 No improvement in val_loss for 4/10 epochs.
04-28 08:44:27 Epoch 042 Train loss -0.9887 | Val loss -0.7953
04-28 08:44:27 -----Epoch 43/49-----
04-28 08:44:27 current lr: 0.00238885
04-28 08:44:27 No improvement in val_loss for 5/10 epochs.
04-28 08:44:27 Epoch 043 Train loss -0.9890 | Val loss -0.7953
04-28 08:44:27 -----Epoch 44/49-----
04-28 08:44:27 current lr: 0.00176524
04-28 08:44:27 No improvement in val_loss for 6/10 epochs.
04-28 08:44:27 Epoch 044 Train loss -0.9885 | Val loss -0.7953
04-28 08:44:27 -----Epoch 45/49-----
04-28 08:44:27 current lr: 0.00123334
04-28 08:44:27 No improvement in val_loss for 7/10 epochs.
04-28 08:44:27 Epoch 045 Train loss -0.9886 | Val loss -0.7955
04-28 08:44:27 -----Epoch 46/49-----
04-28 08:44:27 current lr: 0.000795264
04-28 08:44:27 Saved best checkpoint to ./checkpoint\SSF_CWRU_0428-084416\best_pt (val_loss=-0.7966)
04-28 08:44:27 Epoch 046 Train loss -0.9894 | Val loss -0.7966
04-28 08:44:27 -----Epoch 47/49-----
04-28 08:44:27 current lr: 0.00045273
04-28 08:44:27 Saved best checkpoint to ./checkpoint\SSF_CWRU_0428-084416\best_pt (val_loss=-0.7973)
04-28 08:44:27 Epoch 047 Train loss -0.9881 | Val loss -0.7973
04-28 08:44:27 -----Epoch 48/49-----
04-28 08:44:28 current lr: 0.000207093
04-28 08:44:28 No improvement in val_loss for 1/10 epochs.
04-28 08:44:28 Epoch 048 Train loss -0.9893 | Val loss -0.7971
04-28 08:44:28 -----Epoch 49/49-----
04-28 08:44:28 current lr: 5.93219e-05
04-28 08:44:28 No improvement in val_loss for 2/10 epochs.
04-28 08:44:28 Epoch 049 Train loss -0.9884 | Val loss -0.7968
04-28 08:44:28 TEST (last): loss -0.6731
04-28 08:44:28 Loaded best checkpoint from ./checkpoint\SSF_CWRU_0428-084416\best_pt (val_loss=-0.7973481726646423)
04-28 08:44:28 TEST (best): loss -0.6729
04-28 08:44:30 Threshold: 0.5530713167076682
04-28 08:44:30 Binary accuracy: 0.750000
04-28 08:44:30 Confusion matrix:
[[  0 100]
 [  0 300]]
04-28 08:44:30 Report:
              precision    recall  f1-score   support

      normal       0.00      0.00      0.00       100
     anomaly       0.75      1.00      0.86       300

    accuracy                           0.75       400
   macro avg       0.38      0.50      0.43       400
weighted avg       0.56      0.75      0.64       400

04-28 08:44:30 Rates: {1: 1.0, 2: 1.0, 3: 1.0}
04-28 08:44:30 [LP epoch 00] train_loss=1.4773 train_acc=0.0500 | val_loss=1.2163 val_acc=0.2750 | 
04-28 08:44:30 [LP epoch 01] train_loss=1.2239 train_acc=0.6000 | val_loss=1.1348 val_acc=0.4500 | 
04-28 08:44:30 [LP epoch 02] train_loss=1.1359 train_acc=0.6250 | val_loss=1.0500 val_acc=0.7250 | 
04-28 08:44:30 [LP epoch 03] train_loss=1.0142 train_acc=1.0000 | val_loss=0.9854 val_acc=0.7500 | 
04-28 08:44:30 [LP epoch 04] train_loss=0.9230 train_acc=1.0000 | val_loss=0.9548 val_acc=0.8500 | 
04-28 08:44:30 [LP epoch 05] train_loss=0.9018 train_acc=1.0000 | val_loss=0.9176 val_acc=0.9500 | 
04-28 08:44:31 [LP epoch 06] train_loss=0.8411 train_acc=1.0000 | val_loss=0.9023 val_acc=1.0000 | 
04-28 08:44:31 [LP epoch 07] train_loss=0.8077 train_acc=1.0000 | val_loss=0.8672 val_acc=0.9500 | 
04-28 08:44:31 [LP epoch 08] train_loss=0.7208 train_acc=1.0000 | val_loss=0.8480 val_acc=0.9000 | 
04-28 08:44:31 [LP epoch 09] train_loss=0.6800 train_acc=1.0000 | val_loss=0.8435 val_acc=0.9000 | 
04-28 08:44:31 [LP epoch 10] train_loss=0.6522 train_acc=1.0000 | val_loss=0.8291 val_acc=0.9500 | 
04-28 08:44:31 [LP epoch 11] train_loss=0.6088 train_acc=1.0000 | val_loss=0.7984 val_acc=1.0000 | 
04-28 08:44:31 [LP epoch 12] train_loss=0.5661 train_acc=1.0000 | val_loss=0.7556 val_acc=1.0000 | 
04-28 08:44:31 [LP epoch 13] train_loss=0.5871 train_acc=1.0000 | val_loss=0.7076 val_acc=1.0000 | 
04-28 08:44:31 [LP epoch 14] train_loss=0.5275 train_acc=1.0000 | val_loss=0.6749 val_acc=1.0000 | 
04-28 08:44:31 [LP epoch 15] train_loss=0.5244 train_acc=1.0000 | val_loss=0.6287 val_acc=1.0000 | 
04-28 08:44:31 [LP epoch 16] train_loss=0.5183 train_acc=1.0000 | val_loss=0.5833 val_acc=1.0000 | 
04-28 08:44:31 [LP epoch 17] train_loss=0.4896 train_acc=1.0000 | val_loss=0.5586 val_acc=1.0000 | 
04-28 08:44:31 [LP epoch 18] train_loss=0.5177 train_acc=1.0000 | val_loss=0.5444 val_acc=1.0000 | 
04-28 08:44:31 [LP epoch 19] train_loss=0.5539 train_acc=0.9750 | val_loss=0.5452 val_acc=1.0000 | 
04-28 08:44:31 [LP epoch 20] train_loss=0.5059 train_acc=1.0000 | val_loss=0.5134 val_acc=1.0000 | 
04-28 08:44:31 [LP epoch 21] train_loss=0.4756 train_acc=1.0000 | val_loss=0.4746 val_acc=1.0000 | 
04-28 08:44:32 [LP epoch 22] train_loss=0.5167 train_acc=1.0000 | val_loss=0.4579 val_acc=1.0000 | 
04-28 08:44:32 [LP epoch 23] train_loss=0.4735 train_acc=1.0000 | val_loss=0.4619 val_acc=1.0000 | 
04-28 08:44:32 [LP epoch 24] train_loss=0.4743 train_acc=1.0000 | val_loss=0.4658 val_acc=1.0000 | 
04-28 08:44:32 [LP epoch 25] train_loss=0.4915 train_acc=1.0000 | val_loss=0.4609 val_acc=1.0000 | 
04-28 08:44:32 [LP epoch 26] train_loss=0.4538 train_acc=1.0000 | val_loss=0.4588 val_acc=1.0000 | 
04-28 08:44:32 [LP epoch 27] train_loss=0.4617 train_acc=1.0000 | val_loss=0.4532 val_acc=1.0000 | 
04-28 08:44:32 [LP epoch 28] train_loss=0.4661 train_acc=1.0000 | val_loss=0.4480 val_acc=1.0000 | 
04-28 08:44:32 [LP epoch 29] train_loss=0.4723 train_acc=1.0000 | val_loss=0.4474 val_acc=1.0000 | 
04-28 08:44:32 [LP epoch 30] train_loss=0.4149 train_acc=1.0000 | val_loss=0.4824 val_acc=1.0000 | 
04-28 08:44:32 [LP epoch 31] train_loss=0.4309 train_acc=1.0000 | val_loss=0.4621 val_acc=1.0000 | 
04-28 08:44:32 [LP epoch 32] train_loss=0.4203 train_acc=1.0000 | val_loss=0.4189 val_acc=1.0000 | 
04-28 08:44:32 [LP epoch 33] train_loss=0.4338 train_acc=1.0000 | val_loss=0.4086 val_acc=1.0000 | 
04-28 08:44:32 [LP epoch 34] train_loss=0.4080 train_acc=1.0000 | val_loss=0.4081 val_acc=1.0000 | 
04-28 08:44:32 [LP epoch 35] train_loss=0.4583 train_acc=0.9750 | val_loss=0.4050 val_acc=1.0000 | 
04-28 08:44:33 [LP epoch 36] train_loss=0.4013 train_acc=1.0000 | val_loss=0.4167 val_acc=1.0000 | 
04-28 08:44:33 [LP epoch 37] train_loss=0.4015 train_acc=1.0000 | val_loss=0.4091 val_acc=1.0000 | 
04-28 08:44:33 [LP epoch 38] train_loss=0.4149 train_acc=1.0000 | val_loss=0.3938 val_acc=1.0000 | 
04-28 08:44:33 [LP epoch 39] train_loss=0.3999 train_acc=1.0000 | val_loss=0.3885 val_acc=1.0000 | 
04-28 08:44:33 [LP epoch 40] train_loss=0.4047 train_acc=1.0000 | val_loss=0.3899 val_acc=1.0000 | 
04-28 08:44:33 [LP epoch 41] train_loss=0.4044 train_acc=1.0000 | val_loss=0.3868 val_acc=1.0000 | 
04-28 08:44:33 [LP epoch 42] train_loss=0.4045 train_acc=1.0000 | val_loss=0.3826 val_acc=1.0000 | 
04-28 08:44:33 [LP epoch 43] train_loss=0.3902 train_acc=1.0000 | val_loss=0.3785 val_acc=1.0000 | 
04-28 08:44:33 [LP epoch 44] train_loss=0.4166 train_acc=1.0000 | val_loss=0.3756 val_acc=1.0000 | 
04-28 08:44:33 [LP epoch 45] train_loss=0.3907 train_acc=1.0000 | val_loss=0.3750 val_acc=1.0000 | 
04-28 08:44:33 [LP epoch 46] train_loss=0.4003 train_acc=1.0000 | val_loss=0.3767 val_acc=1.0000 | 
04-28 08:44:33 [LP epoch 47] train_loss=0.4065 train_acc=1.0000 | val_loss=0.3724 val_acc=1.0000 | 
04-28 08:44:33 [LP epoch 48] train_loss=0.3885 train_acc=1.0000 | val_loss=0.3684 val_acc=1.0000 | 
04-28 08:44:34 [LP epoch 49] train_loss=0.3803 train_acc=1.0000 | val_loss=0.3661 val_acc=1.0000 | 
04-28 08:44:34 Saved linear-probe checkpoint: ./checkpoint\SSF_CWRU_0428-084416\linear_probe_best.pt (best_val_acc=1.0000)
04-28 08:44:34 TEST linear-probe: loss=0.3729 acc=1.0000
04-28 08:44:34 ================================================================================
04-28 08:44:34 RUN: aug=('gaussian', 'gaussian') hidden=128 latent=160 blocks=7 seed=1
04-28 08:44:34 model_name: SSF
04-28 08:44:34 data_name: CWRU
04-28 08:44:34 aug_1: gaussian
04-28 08:44:34 aug_2: gaussian
04-28 08:44:34 data_view: TwoViewDataset
04-28 08:44:34 data_dir: raw_data/CWRU
04-28 08:44:34 out_channel: 4
04-28 08:44:34 normlizetype: None
04-28 08:44:34 processing_type: O_N
04-28 08:44:34 max_epoch: 50
04-28 08:44:34 classifier_epoch: 50
04-28 08:44:34 batch_size: 64
04-28 08:44:34 cuda_device: 0
04-28 08:44:34 checkpoint_dir: ./checkpoint
04-28 08:44:34 opt: sgd
04-28 08:44:34 lr: 0.05
04-28 08:44:34 momentum: 0.9
04-28 08:44:34 weight_decay: 0.0001
04-28 08:44:34 lr_scheduler: cos
04-28 08:44:34 gamma: 0.95
04-28 08:44:34 eta_min: 1e-05
04-28 08:44:34 latent_space: 160
04-28 08:44:34 num_blocks_ssf: 7
04-28 08:44:34 hidden_channel: 128
04-28 08:44:34 per_class_samples: 100
04-28 08:44:34 classifier_samples: 10
04-28 08:44:34 task: self_supervised
04-28 08:44:34 critetion: <class 'utils.loss_SSL.SimSiamLoss'>
04-28 08:44:34 using 1 gpus
04-28 08:44:34 Dataset class: <class 'data_utils.datasets.CWRU.CWRU'>
04-28 08:44:34 Split sizes: train=100 val=100 test=400, classier=40
04-28 08:44:34 Label counts train: Counter({0: 100})
04-28 08:44:34 Label counts val:   Counter({0: 100})
04-28 08:44:34 Label counts test:  Counter({2: 100, 1: 100, 3: 100, 0: 100})
04-28 08:44:34 Label counts classifier:  Counter({2: 10, 3: 10, 1: 10, 0: 10})
04-28 08:44:34 Label counts classifier validation:  Counter({3: 10, 1: 10, 0: 10, 2: 10})
04-28 08:44:34 -----Epoch 0/49-----
04-28 08:44:34 current lr: 0.05
04-28 08:44:34 Saved best checkpoint to ./checkpoint\SSF_CWRU_0428-084416\best_pt (val_loss=-0.0152)
04-28 08:44:34 Epoch 000 Train loss -0.0556 | Val loss -0.0152
04-28 08:44:34 -----Epoch 1/49-----
04-28 08:44:34 current lr: 0.0499507
04-28 08:44:34 Saved best checkpoint to ./checkpoint\SSF_CWRU_0428-084416\best_pt (val_loss=-0.3105)
04-28 08:44:34 Epoch 001 Train loss -0.3930 | Val loss -0.3105
04-28 08:44:34 -----Epoch 2/49-----
04-28 08:44:34 current lr: 0.0498029
04-28 08:44:34 Saved best checkpoint to ./checkpoint\SSF_CWRU_0428-084416\best_pt (val_loss=-0.4582)
04-28 08:44:34 Epoch 002 Train loss -0.7478 | Val loss -0.4582
04-28 08:44:34 -----Epoch 3/49-----
04-28 08:44:35 current lr: 0.0495573
04-28 08:44:35 Saved best checkpoint to ./checkpoint\SSF_CWRU_0428-084416\best_pt (val_loss=-0.5175)
04-28 08:44:35 Epoch 003 Train loss -0.9009 | Val loss -0.5175
04-28 08:44:35 -----Epoch 4/49-----
04-28 08:44:35 current lr: 0.0492147
04-28 08:44:35 Saved best checkpoint to ./checkpoint\SSF_CWRU_0428-084416\best_pt (val_loss=-0.5528)
04-28 08:44:35 Epoch 004 Train loss -0.9490 | Val loss -0.5528
04-28 08:44:35 -----Epoch 5/49-----
04-28 08:44:35 current lr: 0.0487767
04-28 08:44:35 Saved best checkpoint to ./checkpoint\SSF_CWRU_0428-084416\best_pt (val_loss=-0.5819)
04-28 08:44:35 Epoch 005 Train loss -0.9658 | Val loss -0.5819
04-28 08:44:35 -----Epoch 6/49-----
04-28 08:44:35 current lr: 0.0482448
04-28 08:44:35 Saved best checkpoint to ./checkpoint\SSF_CWRU_0428-084416\best_pt (val_loss=-0.5892)
04-28 08:44:35 Epoch 006 Train loss -0.9738 | Val loss -0.5892
04-28 08:44:35 -----Epoch 7/49-----
04-28 08:44:35 current lr: 0.0476212
04-28 08:44:35 No improvement in val_loss for 1/10 epochs.
04-28 08:44:35 Epoch 007 Train loss -0.9765 | Val loss -0.5878
04-28 08:44:35 -----Epoch 8/49-----
04-28 08:44:36 current lr: 0.0469083
04-28 08:44:36 No improvement in val_loss for 2/10 epochs.
04-28 08:44:36 Epoch 008 Train loss -0.9781 | Val loss -0.5851
04-28 08:44:36 -----Epoch 9/49-----
04-28 08:44:36 current lr: 0.046109
04-28 08:44:36 No improvement in val_loss for 3/10 epochs.
04-28 08:44:36 Epoch 009 Train loss -0.9789 | Val loss -0.5885
04-28 08:44:36 -----Epoch 10/49-----
04-28 08:44:36 current lr: 0.0452264
04-28 08:44:36 Saved best checkpoint to ./checkpoint\SSF_CWRU_0428-084416\best_pt (val_loss=-0.5972)
04-28 08:44:36 Epoch 010 Train loss -0.9805 | Val loss -0.5972
04-28 08:44:36 -----Epoch 11/49-----
04-28 08:44:36 current lr: 0.044264
04-28 08:44:36 Saved best checkpoint to ./checkpoint\SSF_CWRU_0428-084416\best_pt (val_loss=-0.6101)
04-28 08:44:36 Epoch 011 Train loss -0.9807 | Val loss -0.6101
04-28 08:44:36 -----Epoch 12/49-----
04-28 08:44:36 current lr: 0.0432256
04-28 08:44:36 Saved best checkpoint to ./checkpoint\SSF_CWRU_0428-084416\best_pt (val_loss=-0.6260)
04-28 08:44:36 Epoch 012 Train loss -0.9816 | Val loss -0.6260
04-28 08:44:36 -----Epoch 13/49-----
04-28 08:44:37 current lr: 0.0421153
04-28 08:44:37 Saved best checkpoint to ./checkpoint\SSF_CWRU_0428-084416\best_pt (val_loss=-0.6451)
04-28 08:44:37 Epoch 013 Train loss -0.9822 | Val loss -0.6451
04-28 08:44:37 -----Epoch 14/49-----
04-28 08:44:37 current lr: 0.0409374
04-28 08:44:37 Saved best checkpoint to ./checkpoint\SSF_CWRU_0428-084416\best_pt (val_loss=-0.6661)
04-28 08:44:37 Epoch 014 Train loss -0.9830 | Val loss -0.6661
04-28 08:44:37 -----Epoch 15/49-----
04-28 08:44:37 current lr: 0.0396967
04-28 08:44:37 Saved best checkpoint to ./checkpoint\SSF_CWRU_0428-084416\best_pt (val_loss=-0.6884)
04-28 08:44:37 Epoch 015 Train loss -0.9837 | Val loss -0.6884
04-28 08:44:37 -----Epoch 16/49-----
04-28 08:44:37 current lr: 0.038398
04-28 08:44:37 Saved best checkpoint to ./checkpoint\SSF_CWRU_0428-084416\best_pt (val_loss=-0.7108)
04-28 08:44:37 Epoch 016 Train loss -0.9835 | Val loss -0.7108
04-28 08:44:37 -----Epoch 17/49-----
04-28 08:44:37 current lr: 0.0370464
04-28 08:44:37 Saved best checkpoint to ./checkpoint\SSF_CWRU_0428-084416\best_pt (val_loss=-0.7305)
04-28 08:44:37 Epoch 017 Train loss -0.9849 | Val loss -0.7305
04-28 08:44:37 -----Epoch 18/49-----
04-28 08:44:38 current lr: 0.0356474
04-28 08:44:38 Saved best checkpoint to ./checkpoint\SSF_CWRU_0428-084416\best_pt (val_loss=-0.7473)
04-28 08:44:38 Epoch 018 Train loss -0.9849 | Val loss -0.7473
04-28 08:44:38 -----Epoch 19/49-----
04-28 08:44:38 current lr: 0.0342063
04-28 08:44:38 Saved best checkpoint to ./checkpoint\SSF_CWRU_0428-084416\best_pt (val_loss=-0.7607)
04-28 08:44:38 Epoch 019 Train loss -0.9856 | Val loss -0.7607
04-28 08:44:38 -----Epoch 20/49-----
04-28 08:44:38 current lr: 0.0327289
04-28 08:44:38 Saved best checkpoint to ./checkpoint\SSF_CWRU_0428-084416\best_pt (val_loss=-0.7708)
04-28 08:44:38 Epoch 020 Train loss -0.9859 | Val loss -0.7708
04-28 08:44:38 -----Epoch 21/49-----
04-28 08:44:38 current lr: 0.031221
04-28 08:44:38 Saved best checkpoint to ./checkpoint\SSF_CWRU_0428-084416\best_pt (val_loss=-0.7785)
04-28 08:44:38 Epoch 021 Train loss -0.9870 | Val loss -0.7785
04-28 08:44:38 -----Epoch 22/49-----
04-28 08:44:38 current lr: 0.0296886
04-28 08:44:38 Saved best checkpoint to ./checkpoint\SSF_CWRU_0428-084416\best_pt (val_loss=-0.7838)
04-28 08:44:38 Epoch 022 Train loss -0.9869 | Val loss -0.7838
04-28 08:44:38 -----Epoch 23/49-----
04-28 08:44:39 current lr: 0.0281377
04-28 08:44:39 Saved best checkpoint to ./checkpoint\SSF_CWRU_0428-084416\best_pt (val_loss=-0.7877)
04-28 08:44:39 Epoch 023 Train loss -0.9866 | Val loss -0.7877
04-28 08:44:39 -----Epoch 24/49-----
04-28 08:44:39 current lr: 0.0265744
04-28 08:44:39 Saved best checkpoint to ./checkpoint\SSF_CWRU_0428-084416\best_pt (val_loss=-0.7910)
04-28 08:44:39 Epoch 024 Train loss -0.9869 | Val loss -0.7910
04-28 08:44:39 -----Epoch 25/49-----
04-28 08:44:39 current lr: 0.025005
04-28 08:44:39 Saved best checkpoint to ./checkpoint\SSF_CWRU_0428-084416\best_pt (val_loss=-0.7934)
04-28 08:44:39 Epoch 025 Train loss -0.9881 | Val loss -0.7934
04-28 08:44:39 -----Epoch 26/49-----
04-28 08:44:39 current lr: 0.0234356
04-28 08:44:39 Saved best checkpoint to ./checkpoint\SSF_CWRU_0428-084416\best_pt (val_loss=-0.7956)
04-28 08:44:39 Epoch 026 Train loss -0.9878 | Val loss -0.7956
04-28 08:44:39 -----Epoch 27/49-----
04-28 08:44:39 current lr: 0.0218723
04-28 08:44:39 Saved best checkpoint to ./checkpoint\SSF_CWRU_0428-084416\best_pt (val_loss=-0.7966)
04-28 08:44:39 Epoch 027 Train loss -0.9879 | Val loss -0.7966
04-28 08:44:39 -----Epoch 28/49-----
04-28 08:44:40 current lr: 0.0203214
04-28 08:44:40 Saved best checkpoint to ./checkpoint\SSF_CWRU_0428-084416\best_pt (val_loss=-0.7978)
04-28 08:44:40 Epoch 028 Train loss -0.9878 | Val loss -0.7978
04-28 08:44:40 -----Epoch 29/49-----
04-28 08:44:40 current lr: 0.018789
04-28 08:44:40 Saved best checkpoint to ./checkpoint\SSF_CWRU_0428-084416\best_pt (val_loss=-0.7987)
04-28 08:44:40 Epoch 029 Train loss -0.9887 | Val loss -0.7987
04-28 08:44:40 -----Epoch 30/49-----
04-28 08:44:40 current lr: 0.0172811
04-28 08:44:40 Saved best checkpoint to ./checkpoint\SSF_CWRU_0428-084416\best_pt (val_loss=-0.7995)
04-28 08:44:40 Epoch 030 Train loss -0.9882 | Val loss -0.7995
04-28 08:44:40 -----Epoch 31/49-----
04-28 08:44:40 current lr: 0.0158037
04-28 08:44:40 Saved best checkpoint to ./checkpoint\SSF_CWRU_0428-084416\best_pt (val_loss=-0.8002)
04-28 08:44:40 Epoch 031 Train loss -0.9885 | Val loss -0.8002
04-28 08:44:40 -----Epoch 32/49-----
04-28 08:44:40 current lr: 0.0143626
04-28 08:44:41 Saved best checkpoint to ./checkpoint\SSF_CWRU_0428-084416\best_pt (val_loss=-0.8010)
04-28 08:44:41 Epoch 032 Train loss -0.9882 | Val loss -0.8010
04-28 08:44:41 -----Epoch 33/49-----
04-28 08:44:41 current lr: 0.0129636
04-28 08:44:41 Saved best checkpoint to ./checkpoint\SSF_CWRU_0428-084416\best_pt (val_loss=-0.8010)
04-28 08:44:41 Epoch 033 Train loss -0.9891 | Val loss -0.8010
04-28 08:44:41 -----Epoch 34/49-----
04-28 08:44:41 current lr: 0.011612
04-28 08:44:41 Saved best checkpoint to ./checkpoint\SSF_CWRU_0428-084416\best_pt (val_loss=-0.8018)
04-28 08:44:41 Epoch 034 Train loss -0.9887 | Val loss -0.8018
04-28 08:44:41 -----Epoch 35/49-----
04-28 08:44:41 current lr: 0.0103133
04-28 08:44:41 Saved best checkpoint to ./checkpoint\SSF_CWRU_0428-084416\best_pt (val_loss=-0.8020)
04-28 08:44:41 Epoch 035 Train loss -0.9889 | Val loss -0.8020
04-28 08:44:41 -----Epoch 36/49-----
04-28 08:44:41 current lr: 0.00907259
04-28 08:44:41 Saved best checkpoint to ./checkpoint\SSF_CWRU_0428-084416\best_pt (val_loss=-0.8025)
04-28 08:44:41 Epoch 036 Train loss -0.9882 | Val loss -0.8025
04-28 08:44:41 -----Epoch 37/49-----
04-28 08:44:42 current lr: 0.00789475
04-28 08:44:42 Saved best checkpoint to ./checkpoint\SSF_CWRU_0428-084416\best_pt (val_loss=-0.8028)
04-28 08:44:42 Epoch 037 Train loss -0.9891 | Val loss -0.8028
04-28 08:44:42 -----Epoch 38/49-----
04-28 08:44:42 current lr: 0.00678443
04-28 08:44:42 Saved best checkpoint to ./checkpoint\SSF_CWRU_0428-084416\best_pt (val_loss=-0.8031)
04-28 08:44:42 Epoch 038 Train loss -0.9886 | Val loss -0.8031
04-28 08:44:42 -----Epoch 39/49-----
04-28 08:44:42 current lr: 0.00574602
04-28 08:44:42 Saved best checkpoint to ./checkpoint\SSF_CWRU_0428-084416\best_pt (val_loss=-0.8033)
04-28 08:44:42 Epoch 039 Train loss -0.9896 | Val loss -0.8033
04-28 08:44:42 -----Epoch 40/49-----
04-28 08:44:42 current lr: 0.00478362
04-28 08:44:42 Saved best checkpoint to ./checkpoint\SSF_CWRU_0428-084416\best_pt (val_loss=-0.8037)
04-28 08:44:42 Epoch 040 Train loss -0.9889 | Val loss -0.8037
04-28 08:44:42 -----Epoch 41/49-----
