03-04 09:43:18 model_name: SSF
03-04 09:43:18 data_name: PU
03-04 09:43:18 aug_1: randomcrop
03-04 09:43:18 aug_2: scale
03-04 09:43:18 max_epoch: 50
03-04 09:43:18 classifier_epoch: 50
03-04 09:43:18 data_view: TwoViewDataset
03-04 09:43:18 cuda_device: 0
03-04 09:43:18 checkpoint_dir: ./checkpoint
03-04 09:43:18 batch_size: 64
03-04 09:43:18 data_dir: raw_data/PU
03-04 09:43:18 out_channel: 4
03-04 09:43:18 normlizetype: minus_one_one
03-04 09:43:18 processing_type: RA
03-04 09:43:18 opt: sgd
03-04 09:43:18 lr: 0.01
03-04 09:43:18 momentum: 0.9
03-04 09:43:18 weight_decay: 1e-05
03-04 09:43:18 lr_scheduler: cos
03-04 09:43:18 gamma: 0.1
03-04 09:43:18 eta_min: 1e-05
03-04 09:43:18 latent_space: 128
03-04 09:43:18 num_blocks_ssf: 5
03-04 09:43:18 task: self_supervised
03-04 09:43:18 critetion: <class 'utils.loss_SSL.SimSiamLoss'>
03-04 09:43:18 using 1 gpus
03-04 09:43:18 Dataset class: <class 'data_utils.datasets.PU.PU'>
03-04 09:43:19 Split sizes: train=400 val=400 test=400, classier=40
03-04 09:43:19 Label counts train: Counter({0: 100, 1: 100, 2: 100, 3: 84})
03-04 09:43:19 Label counts val:   Counter({0: 100, 1: 100, 2: 100, 3: 84})
03-04 09:43:19 Label counts test:  Counter({0: 100, 1: 100, 2: 100, 3: 100})
03-04 09:43:19 Label counts classifier:  Counter()
03-04 09:43:20 -----Epoch 0/49-----
03-04 09:43:21 current lr: 0.01
03-04 09:43:21 Saved best checkpoint to ./checkpoint\SSF_PU_0304-094318\best_pt (val_loss=-0.2610)
03-04 09:43:21 Epoch 000 Train loss -0.0909 | Val loss -0.2610
03-04 09:43:21 -----Epoch 1/49-----
03-04 09:43:21 current lr: 0.00999014
03-04 09:43:21 Saved best checkpoint to ./checkpoint\SSF_PU_0304-094318\best_pt (val_loss=-0.6413)
03-04 09:43:21 Epoch 001 Train loss -0.5442 | Val loss -0.6413
03-04 09:43:21 -----Epoch 2/49-----
03-04 09:43:22 current lr: 0.00996061
03-04 09:43:22 Saved best checkpoint to ./checkpoint\SSF_PU_0304-094318\best_pt (val_loss=-0.8020)
03-04 09:43:22 Epoch 002 Train loss -0.8122 | Val loss -0.8020
03-04 09:43:22 -----Epoch 3/49-----
03-04 09:43:22 current lr: 0.00991152
03-04 09:43:22 Saved best checkpoint to ./checkpoint\SSF_PU_0304-094318\best_pt (val_loss=-0.8792)
03-04 09:43:22 Epoch 003 Train loss -0.8921 | Val loss -0.8792
03-04 09:43:22 -----Epoch 4/49-----
03-04 09:43:22 current lr: 0.00984307
03-04 09:43:22 Saved best checkpoint to ./checkpoint\SSF_PU_0304-094318\best_pt (val_loss=-0.9148)
03-04 09:43:22 Epoch 004 Train loss -0.9193 | Val loss -0.9148
03-04 09:43:22 -----Epoch 5/49-----
03-04 09:43:22 current lr: 0.00975553
03-04 09:43:22 Saved best checkpoint to ./checkpoint\SSF_PU_0304-094318\best_pt (val_loss=-0.9312)
03-04 09:43:22 Epoch 005 Train loss -0.9329 | Val loss -0.9312
03-04 09:43:22 -----Epoch 6/49-----
03-04 09:43:23 current lr: 0.00964923
03-04 09:43:23 Saved best checkpoint to ./checkpoint\SSF_PU_0304-094318\best_pt (val_loss=-0.9405)
03-04 09:43:23 Epoch 006 Train loss -0.9422 | Val loss -0.9405
03-04 09:43:23 -----Epoch 7/49-----
03-04 09:43:23 current lr: 0.00952461
03-04 09:43:23 Saved best checkpoint to ./checkpoint\SSF_PU_0304-094318\best_pt (val_loss=-0.9475)
03-04 09:43:23 Epoch 007 Train loss -0.9489 | Val loss -0.9475
03-04 09:43:23 -----Epoch 8/49-----
03-04 09:43:23 current lr: 0.00938215
03-04 09:43:23 Saved best checkpoint to ./checkpoint\SSF_PU_0304-094318\best_pt (val_loss=-0.9533)
03-04 09:43:23 Epoch 008 Train loss -0.9543 | Val loss -0.9533
03-04 09:43:23 -----Epoch 9/49-----
03-04 09:43:23 current lr: 0.00922242
03-04 09:43:23 Saved best checkpoint to ./checkpoint\SSF_PU_0304-094318\best_pt (val_loss=-0.9576)
03-04 09:43:23 Epoch 009 Train loss -0.9587 | Val loss -0.9576
03-04 09:43:23 -----Epoch 10/49-----
03-04 09:43:24 current lr: 0.00904604
03-04 09:43:24 Saved best checkpoint to ./checkpoint\SSF_PU_0304-094318\best_pt (val_loss=-0.9609)
03-04 09:43:24 Epoch 010 Train loss -0.9622 | Val loss -0.9609
03-04 09:43:24 -----Epoch 11/49-----
03-04 09:43:24 current lr: 0.00885371
03-04 09:43:24 Saved best checkpoint to ./checkpoint\SSF_PU_0304-094318\best_pt (val_loss=-0.9636)
03-04 09:43:24 Epoch 011 Train loss -0.9649 | Val loss -0.9636
03-04 09:43:24 -----Epoch 12/49-----
03-04 09:43:24 current lr: 0.0086462
03-04 09:43:24 Saved best checkpoint to ./checkpoint\SSF_PU_0304-094318\best_pt (val_loss=-0.9658)
03-04 09:43:24 Epoch 012 Train loss -0.9672 | Val loss -0.9658
03-04 09:43:24 -----Epoch 13/49-----
03-04 09:43:25 current lr: 0.00842431
03-04 09:43:25 Saved best checkpoint to ./checkpoint\SSF_PU_0304-094318\best_pt (val_loss=-0.9676)
03-04 09:43:25 Epoch 013 Train loss -0.9690 | Val loss -0.9676
03-04 09:43:25 -----Epoch 14/49-----
03-04 09:43:25 current lr: 0.00818893
03-04 09:43:25 Saved best checkpoint to ./checkpoint\SSF_PU_0304-094318\best_pt (val_loss=-0.9691)
03-04 09:43:25 Epoch 014 Train loss -0.9704 | Val loss -0.9691
03-04 09:43:25 -----Epoch 15/49-----
03-04 09:43:25 current lr: 0.00794099
03-04 09:43:25 Saved best checkpoint to ./checkpoint\SSF_PU_0304-094318\best_pt (val_loss=-0.9704)
03-04 09:43:25 Epoch 015 Train loss -0.9717 | Val loss -0.9704
03-04 09:43:25 -----Epoch 16/49-----
03-04 09:43:25 current lr: 0.00768145
03-04 09:43:25 Saved best checkpoint to ./checkpoint\SSF_PU_0304-094318\best_pt (val_loss=-0.9715)
03-04 09:43:25 Epoch 016 Train loss -0.9728 | Val loss -0.9715
03-04 09:43:25 -----Epoch 17/49-----
03-04 09:43:26 current lr: 0.00741136
03-04 09:43:26 Saved best checkpoint to ./checkpoint\SSF_PU_0304-094318\best_pt (val_loss=-0.9725)
03-04 09:43:26 Epoch 017 Train loss -0.9737 | Val loss -0.9725
03-04 09:43:26 -----Epoch 18/49-----
03-04 09:43:26 current lr: 0.00713177
03-04 09:43:26 Saved best checkpoint to ./checkpoint\SSF_PU_0304-094318\best_pt (val_loss=-0.9733)
03-04 09:43:26 Epoch 018 Train loss -0.9746 | Val loss -0.9733
03-04 09:43:26 -----Epoch 19/49-----
03-04 09:43:26 current lr: 0.00684378
03-04 09:43:26 Saved best checkpoint to ./checkpoint\SSF_PU_0304-094318\best_pt (val_loss=-0.9740)
03-04 09:43:26 Epoch 019 Train loss -0.9753 | Val loss -0.9740
03-04 09:43:26 -----Epoch 20/49-----
03-04 09:43:26 current lr: 0.00654854
03-04 09:43:26 Saved best checkpoint to ./checkpoint\SSF_PU_0304-094318\best_pt (val_loss=-0.9747)
03-04 09:43:26 Epoch 020 Train loss -0.9759 | Val loss -0.9747
03-04 09:43:26 -----Epoch 21/49-----
03-04 09:43:27 current lr: 0.00624721
03-04 09:43:27 Saved best checkpoint to ./checkpoint\SSF_PU_0304-094318\best_pt (val_loss=-0.9752)
03-04 09:43:27 Epoch 021 Train loss -0.9764 | Val loss -0.9752
03-04 09:43:27 -----Epoch 22/49-----
03-04 09:43:27 current lr: 0.00594097
03-04 09:43:27 Saved best checkpoint to ./checkpoint\SSF_PU_0304-094318\best_pt (val_loss=-0.9757)
03-04 09:43:27 Epoch 022 Train loss -0.9770 | Val loss -0.9757
03-04 09:43:27 -----Epoch 23/49-----
03-04 09:43:27 current lr: 0.00563104
03-04 09:43:27 Saved best checkpoint to ./checkpoint\SSF_PU_0304-094318\best_pt (val_loss=-0.9762)
03-04 09:43:27 Epoch 023 Train loss -0.9774 | Val loss -0.9762
03-04 09:43:27 -----Epoch 24/49-----
03-04 09:43:28 current lr: 0.00531864
03-04 09:43:28 Saved best checkpoint to ./checkpoint\SSF_PU_0304-094318\best_pt (val_loss=-0.9766)
03-04 09:43:28 Epoch 024 Train loss -0.9778 | Val loss -0.9766
03-04 09:43:28 -----Epoch 25/49-----
03-04 09:43:28 current lr: 0.005005
03-04 09:43:28 Saved best checkpoint to ./checkpoint\SSF_PU_0304-094318\best_pt (val_loss=-0.9769)
03-04 09:43:28 Epoch 025 Train loss -0.9782 | Val loss -0.9769
03-04 09:43:28 -----Epoch 26/49-----
03-04 09:43:28 current lr: 0.00469136
03-04 09:43:28 Saved best checkpoint to ./checkpoint\SSF_PU_0304-094318\best_pt (val_loss=-0.9773)
03-04 09:43:28 Epoch 026 Train loss -0.9785 | Val loss -0.9773
03-04 09:43:28 -----Epoch 27/49-----
03-04 09:43:28 current lr: 0.00437896
03-04 09:43:28 Saved best checkpoint to ./checkpoint\SSF_PU_0304-094318\best_pt (val_loss=-0.9776)
03-04 09:43:28 Epoch 027 Train loss -0.9788 | Val loss -0.9776
03-04 09:43:28 -----Epoch 28/49-----
03-04 09:43:28 current lr: 0.00406903
03-04 09:43:29 Saved best checkpoint to ./checkpoint\SSF_PU_0304-094318\best_pt (val_loss=-0.9778)
03-04 09:43:29 Epoch 028 Train loss -0.9791 | Val loss -0.9778
03-04 09:43:29 -----Epoch 29/49-----
03-04 09:43:29 current lr: 0.00376279
03-04 09:43:29 Saved best checkpoint to ./checkpoint\SSF_PU_0304-094318\best_pt (val_loss=-0.9781)
03-04 09:43:29 Epoch 029 Train loss -0.9793 | Val loss -0.9781
03-04 09:43:29 -----Epoch 30/49-----
03-04 09:43:29 current lr: 0.00346146
03-04 09:43:29 Saved best checkpoint to ./checkpoint\SSF_PU_0304-094318\best_pt (val_loss=-0.9783)
03-04 09:43:29 Epoch 030 Train loss -0.9795 | Val loss -0.9783
03-04 09:43:29 -----Epoch 31/49-----
03-04 09:43:29 current lr: 0.00316622
03-04 09:43:29 Saved best checkpoint to ./checkpoint\SSF_PU_0304-094318\best_pt (val_loss=-0.9784)
03-04 09:43:29 Epoch 031 Train loss -0.9797 | Val loss -0.9784
03-04 09:43:29 -----Epoch 32/49-----
03-04 09:43:30 current lr: 0.00287823
03-04 09:43:30 Saved best checkpoint to ./checkpoint\SSF_PU_0304-094318\best_pt (val_loss=-0.9786)
03-04 09:43:30 Epoch 032 Train loss -0.9799 | Val loss -0.9786
03-04 09:43:30 -----Epoch 33/49-----
03-04 09:43:30 current lr: 0.00259864
03-04 09:43:30 Saved best checkpoint to ./checkpoint\SSF_PU_0304-094318\best_pt (val_loss=-0.9787)
03-04 09:43:30 Epoch 033 Train loss -0.9800 | Val loss -0.9787
03-04 09:43:30 -----Epoch 34/49-----
03-04 09:43:30 current lr: 0.00232855
03-04 09:43:30 Saved best checkpoint to ./checkpoint\SSF_PU_0304-094318\best_pt (val_loss=-0.9789)
03-04 09:43:30 Epoch 034 Train loss -0.9802 | Val loss -0.9789
03-04 09:43:30 -----Epoch 35/49-----
03-04 09:43:30 current lr: 0.00206901
03-04 09:43:30 Saved best checkpoint to ./checkpoint\SSF_PU_0304-094318\best_pt (val_loss=-0.9790)
03-04 09:43:30 Epoch 035 Train loss -0.9803 | Val loss -0.9790
03-04 09:43:30 -----Epoch 36/49-----
03-04 09:43:31 current lr: 0.00182107
03-04 09:43:31 Saved best checkpoint to ./checkpoint\SSF_PU_0304-094318\best_pt (val_loss=-0.9791)
03-04 09:43:31 Epoch 036 Train loss -0.9804 | Val loss -0.9791
03-04 09:43:31 -----Epoch 37/49-----
03-04 09:43:31 current lr: 0.00158569
03-04 09:43:31 Saved best checkpoint to ./checkpoint\SSF_PU_0304-094318\best_pt (val_loss=-0.9792)
03-04 09:43:31 Epoch 037 Train loss -0.9805 | Val loss -0.9792
03-04 09:43:31 -----Epoch 38/49-----
03-04 09:43:31 current lr: 0.0013638
03-04 09:43:31 Saved best checkpoint to ./checkpoint\SSF_PU_0304-094318\best_pt (val_loss=-0.9792)
03-04 09:43:31 Epoch 038 Train loss -0.9805 | Val loss -0.9792
03-04 09:43:31 -----Epoch 39/49-----
03-04 09:43:31 current lr: 0.00115629
03-04 09:43:31 Saved best checkpoint to ./checkpoint\SSF_PU_0304-094318\best_pt (val_loss=-0.9793)
03-04 09:43:31 Epoch 039 Train loss -0.9806 | Val loss -0.9793
03-04 09:43:31 -----Epoch 40/49-----
03-04 09:43:31 current lr: 0.00096396
03-04 09:43:31 Saved best checkpoint to ./checkpoint\SSF_PU_0304-094318\best_pt (val_loss=-0.9793)
03-04 09:43:31 Epoch 040 Train loss -0.9806 | Val loss -0.9793
03-04 09:43:31 -----Epoch 41/49-----
03-04 09:43:32 current lr: 0.000787582
03-04 09:43:32 Saved best checkpoint to ./checkpoint\SSF_PU_0304-094318\best_pt (val_loss=-0.9794)
03-04 09:43:32 Epoch 041 Train loss -0.9807 | Val loss -0.9794
03-04 09:43:32 -----Epoch 42/49-----
03-04 09:43:32 current lr: 0.000627848
03-04 09:43:32 Saved best checkpoint to ./checkpoint\SSF_PU_0304-094318\best_pt (val_loss=-0.9794)
03-04 09:43:32 Epoch 042 Train loss -0.9807 | Val loss -0.9794
03-04 09:43:32 -----Epoch 43/49-----
03-04 09:43:32 current lr: 0.000485389
03-04 09:43:32 Saved best checkpoint to ./checkpoint\SSF_PU_0304-094318\best_pt (val_loss=-0.9794)
03-04 09:43:32 Epoch 043 Train loss -0.9807 | Val loss -0.9794
03-04 09:43:32 -----Epoch 44/49-----
03-04 09:43:32 current lr: 0.000360766
03-04 09:43:32 Saved best checkpoint to ./checkpoint\SSF_PU_0304-094318\best_pt (val_loss=-0.9795)
03-04 09:43:32 Epoch 044 Train loss -0.9808 | Val loss -0.9795
03-04 09:43:32 -----Epoch 45/49-----
03-04 09:43:33 current lr: 0.000254473
03-04 09:43:33 Saved best checkpoint to ./checkpoint\SSF_PU_0304-094318\best_pt (val_loss=-0.9795)
03-04 09:43:33 Epoch 045 Train loss -0.9807 | Val loss -0.9795
03-04 09:43:33 -----Epoch 46/49-----
03-04 09:43:33 current lr: 0.000166927
03-04 09:43:33 Saved best checkpoint to ./checkpoint\SSF_PU_0304-094318\best_pt (val_loss=-0.9795)
03-04 09:43:33 Epoch 046 Train loss -0.9808 | Val loss -0.9795
03-04 09:43:33 -----Epoch 47/49-----
03-04 09:43:33 current lr: 9.84752e-05
03-04 09:43:33 Saved best checkpoint to ./checkpoint\SSF_PU_0304-094318\best_pt (val_loss=-0.9795)
03-04 09:43:33 Epoch 047 Train loss -0.9808 | Val loss -0.9795
03-04 09:43:33 -----Epoch 48/49-----
03-04 09:43:34 current lr: 4.93871e-05
03-04 09:43:34 Saved best checkpoint to ./checkpoint\SSF_PU_0304-094318\best_pt (val_loss=-0.9795)
03-04 09:43:34 Epoch 048 Train loss -0.9808 | Val loss -0.9795
03-04 09:43:34 -----Epoch 49/49-----
03-04 09:43:34 current lr: 1.98565e-05
03-04 09:43:34 No improvement in val_loss for 1/5 epochs.
03-04 09:43:34 Epoch 049 Train loss -0.9808 | Val loss -0.9795
03-04 09:43:34 TEST (last): loss -0.9792
03-04 09:43:34 [LP epoch 00] train_loss=0.0000 train_acc=0.0000 | val_loss=1.3805 val_acc=0.2630 | 
03-04 09:43:34 [LP epoch 01] train_loss=0.0000 train_acc=0.0000 | val_loss=1.3805 val_acc=0.2630 | 
03-04 09:43:34 [LP epoch 02] train_loss=0.0000 train_acc=0.0000 | val_loss=1.3805 val_acc=0.2630 | 
03-04 09:43:34 [LP epoch 03] train_loss=0.0000 train_acc=0.0000 | val_loss=1.3805 val_acc=0.2630 | 
03-04 09:43:34 [LP epoch 04] train_loss=0.0000 train_acc=0.0000 | val_loss=1.3805 val_acc=0.2630 | 
03-04 09:43:34 [LP epoch 05] train_loss=0.0000 train_acc=0.0000 | val_loss=1.3805 val_acc=0.2630 | 
03-04 09:43:35 [LP epoch 06] train_loss=0.0000 train_acc=0.0000 | val_loss=1.3805 val_acc=0.2630 | 
03-04 09:43:35 [LP epoch 07] train_loss=0.0000 train_acc=0.0000 | val_loss=1.3805 val_acc=0.2630 | 
03-04 09:43:35 [LP epoch 08] train_loss=0.0000 train_acc=0.0000 | val_loss=1.3805 val_acc=0.2630 | 
03-04 09:43:35 [LP epoch 09] train_loss=0.0000 train_acc=0.0000 | val_loss=1.3805 val_acc=0.2630 | 
03-04 09:43:35 [LP epoch 10] train_loss=0.0000 train_acc=0.0000 | val_loss=1.3805 val_acc=0.2630 | 
03-04 09:43:35 [LP epoch 11] train_loss=0.0000 train_acc=0.0000 | val_loss=1.3805 val_acc=0.2630 | 
03-04 09:43:35 [LP epoch 12] train_loss=0.0000 train_acc=0.0000 | val_loss=1.3805 val_acc=0.2630 | 
03-04 09:43:35 [LP epoch 13] train_loss=0.0000 train_acc=0.0000 | val_loss=1.3805 val_acc=0.2630 | 
03-04 09:43:35 [LP epoch 14] train_loss=0.0000 train_acc=0.0000 | val_loss=1.3805 val_acc=0.2630 | 
03-04 09:43:35 [LP epoch 15] train_loss=0.0000 train_acc=0.0000 | val_loss=1.3805 val_acc=0.2630 | 
03-04 09:43:35 [LP epoch 16] train_loss=0.0000 train_acc=0.0000 | val_loss=1.3805 val_acc=0.2630 | 
03-04 09:43:35 [LP epoch 17] train_loss=0.0000 train_acc=0.0000 | val_loss=1.3805 val_acc=0.2630 | 
03-04 09:43:35 [LP epoch 18] train_loss=0.0000 train_acc=0.0000 | val_loss=1.3805 val_acc=0.2630 | 
03-04 09:43:35 [LP epoch 19] train_loss=0.0000 train_acc=0.0000 | val_loss=1.3805 val_acc=0.2630 | 
03-04 09:43:36 [LP epoch 20] train_loss=0.0000 train_acc=0.0000 | val_loss=1.3805 val_acc=0.2630 | 
03-04 09:43:36 [LP epoch 21] train_loss=0.0000 train_acc=0.0000 | val_loss=1.3805 val_acc=0.2630 | 
03-04 09:43:36 [LP epoch 22] train_loss=0.0000 train_acc=0.0000 | val_loss=1.3805 val_acc=0.2630 | 
03-04 09:43:36 [LP epoch 23] train_loss=0.0000 train_acc=0.0000 | val_loss=1.3805 val_acc=0.2630 | 
03-04 09:43:36 [LP epoch 24] train_loss=0.0000 train_acc=0.0000 | val_loss=1.3805 val_acc=0.2630 | 
03-04 09:43:36 [LP epoch 25] train_loss=0.0000 train_acc=0.0000 | val_loss=1.3805 val_acc=0.2630 | 
03-04 09:43:36 [LP epoch 26] train_loss=0.0000 train_acc=0.0000 | val_loss=1.3805 val_acc=0.2630 | 
03-04 09:43:36 [LP epoch 27] train_loss=0.0000 train_acc=0.0000 | val_loss=1.3805 val_acc=0.2630 | 
03-04 09:43:36 [LP epoch 28] train_loss=0.0000 train_acc=0.0000 | val_loss=1.3805 val_acc=0.2630 | 
03-04 09:43:36 [LP epoch 29] train_loss=0.0000 train_acc=0.0000 | val_loss=1.3805 val_acc=0.2630 | 
03-04 09:43:36 [LP epoch 30] train_loss=0.0000 train_acc=0.0000 | val_loss=1.3805 val_acc=0.2630 | 
03-04 09:43:36 [LP epoch 31] train_loss=0.0000 train_acc=0.0000 | val_loss=1.3805 val_acc=0.2630 | 
03-04 09:43:36 [LP epoch 32] train_loss=0.0000 train_acc=0.0000 | val_loss=1.3805 val_acc=0.2630 | 
03-04 09:43:36 [LP epoch 33] train_loss=0.0000 train_acc=0.0000 | val_loss=1.3805 val_acc=0.2630 | 
03-04 09:43:36 [LP epoch 34] train_loss=0.0000 train_acc=0.0000 | val_loss=1.3805 val_acc=0.2630 | 
03-04 09:43:36 [LP epoch 35] train_loss=0.0000 train_acc=0.0000 | val_loss=1.3805 val_acc=0.2630 | 
03-04 09:43:37 [LP epoch 36] train_loss=0.0000 train_acc=0.0000 | val_loss=1.3805 val_acc=0.2630 | 
03-04 09:43:37 [LP epoch 37] train_loss=0.0000 train_acc=0.0000 | val_loss=1.3805 val_acc=0.2630 | 
03-04 09:43:37 [LP epoch 38] train_loss=0.0000 train_acc=0.0000 | val_loss=1.3805 val_acc=0.2630 | 
03-04 09:43:37 [LP epoch 39] train_loss=0.0000 train_acc=0.0000 | val_loss=1.3805 val_acc=0.2630 | 
03-04 09:43:37 [LP epoch 40] train_loss=0.0000 train_acc=0.0000 | val_loss=1.3805 val_acc=0.2630 | 
03-04 09:43:37 [LP epoch 41] train_loss=0.0000 train_acc=0.0000 | val_loss=1.3805 val_acc=0.2630 | 
03-04 09:43:37 [LP epoch 42] train_loss=0.0000 train_acc=0.0000 | val_loss=1.3805 val_acc=0.2630 | 
03-04 09:43:37 [LP epoch 43] train_loss=0.0000 train_acc=0.0000 | val_loss=1.3805 val_acc=0.2630 | 
03-04 09:43:37 [LP epoch 44] train_loss=0.0000 train_acc=0.0000 | val_loss=1.3805 val_acc=0.2630 | 
03-04 09:43:37 [LP epoch 45] train_loss=0.0000 train_acc=0.0000 | val_loss=1.3805 val_acc=0.2630 | 
03-04 09:43:37 [LP epoch 46] train_loss=0.0000 train_acc=0.0000 | val_loss=1.3805 val_acc=0.2630 | 
03-04 09:43:37 [LP epoch 47] train_loss=0.0000 train_acc=0.0000 | val_loss=1.3805 val_acc=0.2630 | 
03-04 09:43:37 [LP epoch 48] train_loss=0.0000 train_acc=0.0000 | val_loss=1.3805 val_acc=0.2630 | 
03-04 09:43:37 [LP epoch 49] train_loss=0.0000 train_acc=0.0000 | val_loss=1.3805 val_acc=0.2630 | 
03-04 09:43:37 Saved linear-probe checkpoint: ./checkpoint\SSF_PU_0304-094318\linear_probe_best.pt (best_val_acc=0.2630)
03-04 09:43:37 TEST linear-probe: loss=1.3840 acc=0.2600
03-04 09:43:37 model_name: SSF
03-04 09:43:37 data_name: PU
03-04 09:43:37 aug_1: randomcrop
03-04 09:43:37 aug_2: scale
03-04 09:43:37 max_epoch: 50
03-04 09:43:37 classifier_epoch: 50
03-04 09:43:37 data_view: TwoViewDataset
03-04 09:43:37 cuda_device: 0
03-04 09:43:37 checkpoint_dir: ./checkpoint
03-04 09:43:37 batch_size: 64
03-04 09:43:37 data_dir: raw_data/PU
03-04 09:43:37 out_channel: 4
03-04 09:43:37 normlizetype: minus_one_one
03-04 09:43:37 processing_type: RA
03-04 09:43:37 opt: sgd
03-04 09:43:37 lr: 0.01
03-04 09:43:37 momentum: 0.9
03-04 09:43:37 weight_decay: 1e-05
03-04 09:43:37 lr_scheduler: cos
03-04 09:43:37 gamma: 0.1
03-04 09:43:37 eta_min: 1e-05
03-04 09:43:37 latent_space: 128
03-04 09:43:37 num_blocks_ssf: 5
03-04 09:43:37 task: self_supervised
03-04 09:43:37 critetion: <class 'utils.loss_SSL.SimSiamLoss'>
03-04 09:43:37 using 1 gpus
03-04 09:43:37 Dataset class: <class 'data_utils.datasets.PU.PU'>
03-04 09:43:38 Split sizes: train=400 val=400 test=400, classier=40
03-04 09:43:38 Label counts train: Counter({0: 100, 1: 100, 2: 100, 3: 84})
03-04 09:43:38 Label counts val:   Counter({0: 100, 1: 100, 2: 100, 3: 84})
03-04 09:43:38 Label counts test:  Counter({0: 100, 1: 100, 2: 100, 3: 100})
03-04 09:43:38 Label counts classifier:  Counter()
03-04 09:43:38 -----Epoch 0/49-----
03-04 09:43:38 current lr: 0.01
03-04 09:43:38 Saved best checkpoint to ./checkpoint\SSF_PU_0304-094318\best_pt (val_loss=-0.4074)
03-04 09:43:38 Epoch 000 Train loss -0.1271 | Val loss -0.4074
03-04 09:43:38 -----Epoch 1/49-----
03-04 09:43:39 current lr: 0.00999014
03-04 09:43:39 Saved best checkpoint to ./checkpoint\SSF_PU_0304-094318\best_pt (val_loss=-0.7130)
03-04 09:43:39 Epoch 001 Train loss -0.5827 | Val loss -0.7130
03-04 09:43:39 -----Epoch 2/49-----
03-04 09:43:39 current lr: 0.00996061
03-04 09:43:39 Saved best checkpoint to ./checkpoint\SSF_PU_0304-094318\best_pt (val_loss=-0.8331)
03-04 09:43:39 Epoch 002 Train loss -0.8346 | Val loss -0.8331
03-04 09:43:39 -----Epoch 3/49-----
03-04 09:43:39 current lr: 0.00991152
03-04 09:43:39 Saved best checkpoint to ./checkpoint\SSF_PU_0304-094318\best_pt (val_loss=-0.8985)
03-04 09:43:39 Epoch 003 Train loss -0.9093 | Val loss -0.8985
03-04 09:43:39 -----Epoch 4/49-----
03-04 09:43:39 current lr: 0.00984307
03-04 09:43:39 Saved best checkpoint to ./checkpoint\SSF_PU_0304-094318\best_pt (val_loss=-0.9275)
03-04 09:43:39 Epoch 004 Train loss -0.9321 | Val loss -0.9275
03-04 09:43:39 -----Epoch 5/49-----
03-04 09:43:39 current lr: 0.00975553
03-04 09:43:39 Saved best checkpoint to ./checkpoint\SSF_PU_0304-094318\best_pt (val_loss=-0.9411)
03-04 09:43:39 Epoch 005 Train loss -0.9425 | Val loss -0.9411
03-04 09:43:39 -----Epoch 6/49-----
03-04 09:43:40 current lr: 0.00964923
03-04 09:43:40 Saved best checkpoint to ./checkpoint\SSF_PU_0304-094318\best_pt (val_loss=-0.9489)
03-04 09:43:40 Epoch 006 Train loss -0.9497 | Val loss -0.9489
03-04 09:43:40 -----Epoch 7/49-----
03-04 09:43:40 current lr: 0.00952461
03-04 09:43:40 Saved best checkpoint to ./checkpoint\SSF_PU_0304-094318\best_pt (val_loss=-0.9547)
03-04 09:43:40 Epoch 007 Train loss -0.9555 | Val loss -0.9547
03-04 09:43:40 -----Epoch 8/49-----
03-04 09:43:40 current lr: 0.00938215
03-04 09:43:40 Saved best checkpoint to ./checkpoint\SSF_PU_0304-094318\best_pt (val_loss=-0.9593)
03-04 09:43:40 Epoch 008 Train loss -0.9601 | Val loss -0.9593
03-04 09:43:40 -----Epoch 9/49-----
03-04 09:43:41 current lr: 0.00922242
03-04 09:43:41 Saved best checkpoint to ./checkpoint\SSF_PU_0304-094318\best_pt (val_loss=-0.9629)
03-04 09:43:41 Epoch 009 Train loss -0.9637 | Val loss -0.9629
03-04 09:43:41 -----Epoch 10/49-----
03-04 09:43:41 current lr: 0.00904604
03-04 09:43:41 Saved best checkpoint to ./checkpoint\SSF_PU_0304-094318\best_pt (val_loss=-0.9658)
03-04 09:43:41 Epoch 010 Train loss -0.9666 | Val loss -0.9658
03-04 09:43:41 -----Epoch 11/49-----
03-04 09:43:41 current lr: 0.00885371
03-04 09:43:41 Saved best checkpoint to ./checkpoint\SSF_PU_0304-094318\best_pt (val_loss=-0.9681)
03-04 09:43:41 Epoch 011 Train loss -0.9689 | Val loss -0.9681
03-04 09:43:41 -----Epoch 12/49-----
03-04 09:43:41 current lr: 0.0086462
03-04 09:43:41 Saved best checkpoint to ./checkpoint\SSF_PU_0304-094318\best_pt (val_loss=-0.9700)
03-04 09:43:41 Epoch 012 Train loss -0.9708 | Val loss -0.9700
03-04 09:43:41 -----Epoch 13/49-----
03-04 09:43:41 current lr: 0.00842431
03-04 09:43:41 Saved best checkpoint to ./checkpoint\SSF_PU_0304-094318\best_pt (val_loss=-0.9716)
03-04 09:43:41 Epoch 013 Train loss -0.9723 | Val loss -0.9716
03-04 09:43:41 -----Epoch 14/49-----
03-04 09:43:42 current lr: 0.00818893
03-04 09:43:42 Saved best checkpoint to ./checkpoint\SSF_PU_0304-094318\best_pt (val_loss=-0.9728)
03-04 09:43:42 Epoch 014 Train loss -0.9736 | Val loss -0.9728
03-04 09:43:42 -----Epoch 15/49-----
03-04 09:43:42 current lr: 0.00794099
03-04 09:43:42 Saved best checkpoint to ./checkpoint\SSF_PU_0304-094318\best_pt (val_loss=-0.9738)
03-04 09:43:42 Epoch 015 Train loss -0.9746 | Val loss -0.9738
03-04 09:43:42 -----Epoch 16/49-----
03-04 09:43:42 current lr: 0.00768145
03-04 09:43:42 Saved best checkpoint to ./checkpoint\SSF_PU_0304-094318\best_pt (val_loss=-0.9747)
03-04 09:43:42 Epoch 016 Train loss -0.9755 | Val loss -0.9747
03-04 09:43:42 -----Epoch 17/49-----
03-04 09:43:42 current lr: 0.00741136
03-04 09:43:42 Saved best checkpoint to ./checkpoint\SSF_PU_0304-094318\best_pt (val_loss=-0.9755)
03-04 09:43:42 Epoch 017 Train loss -0.9763 | Val loss -0.9755
03-04 09:43:42 -----Epoch 18/49-----
03-04 09:43:43 current lr: 0.00713177
03-04 09:43:43 Saved best checkpoint to ./checkpoint\SSF_PU_0304-094318\best_pt (val_loss=-0.9762)
03-04 09:43:43 Epoch 018 Train loss -0.9770 | Val loss -0.9762
03-04 09:43:43 -----Epoch 19/49-----
03-04 09:43:43 current lr: 0.00684378
03-04 09:43:43 Saved best checkpoint to ./checkpoint\SSF_PU_0304-094318\best_pt (val_loss=-0.9768)
03-04 09:43:43 Epoch 019 Train loss -0.9776 | Val loss -0.9768
03-04 09:43:43 -----Epoch 20/49-----
03-04 09:43:43 current lr: 0.00654854
