02-24 10:09:28 model_name: SSF
02-24 10:09:28 data_name: CWRU
02-24 10:09:28 aug_1: normal
02-24 10:09:28 aug_2: randomcrop
02-24 10:09:28 max_epoch: 20
02-24 10:09:28 classifier_epoch: 50
02-24 10:09:28 data_view: TwoViewDataset
02-24 10:09:28 cuda_device: 0
02-24 10:09:28 checkpoint_dir: ./checkpoint
02-24 10:09:28 batch_size: 32
02-24 10:09:28 data_dir: raw_data/CWRU
02-24 10:09:28 out_channel: 4
02-24 10:09:28 normlizetype: minus_one_one
02-24 10:09:28 processing_type: RA
02-24 10:09:28 opt: sgd
02-24 10:09:28 lr: 0.01
02-24 10:09:28 momentum: 0.9
02-24 10:09:28 weight_decay: 1e-05
02-24 10:09:28 lr_scheduler: cos
02-24 10:09:28 gamma: 0.1
02-24 10:09:28 eta_min: 1e-05
02-24 10:09:28 latent_space: 256
02-24 10:09:28 task: self_supervised
02-24 10:09:28 critetion: <class 'utils.loss_SSL.SimSiamLoss'>
02-24 10:09:28 using 1 gpus
02-24 10:09:28 Dataset class: <class 'data_utils.datasets.CWRU.CWRU'>
02-24 10:09:28 Split sizes: train=2156 val=231 test=462, classier=231
02-24 10:09:28 Label counts train: Counter({0: 1159, 1: 333, 3: 333, 2: 331})
02-24 10:09:28 Label counts val:   Counter({0: 124, 1: 36, 3: 36, 2: 35})
02-24 10:09:28 Label counts test:  Counter({0: 249, 2: 71, 3: 71, 1: 71})
02-24 10:09:28 Label counts classifier:  Counter({0: 124, 2: 36, 1: 36, 3: 35})
