03-10 10:13:14 model_name: SSF
03-10 10:13:14 data_name: PU
03-10 10:13:14 aug_1: randomcrop
03-10 10:13:14 aug_2: scale
03-10 10:13:14 max_epoch: 20
03-10 10:13:14 classifier_epoch: 50
03-10 10:13:14 data_view: TwoViewDataset
03-10 10:13:14 cuda_device: 0
03-10 10:13:14 checkpoint_dir: ./checkpoint
03-10 10:13:14 batch_size: 64
03-10 10:13:14 data_dir: raw_data/PU
03-10 10:13:14 out_channel: 4
03-10 10:13:14 normlizetype: minus_one_one
03-10 10:13:14 processing_type: RA
03-10 10:13:14 opt: sgd
03-10 10:13:14 lr: 0.05
03-10 10:13:14 momentum: 0.9
03-10 10:13:14 weight_decay: 0.0001
03-10 10:13:14 lr_scheduler: cos
03-10 10:13:14 gamma: 0.95
03-10 10:13:14 eta_min: 1e-05
03-10 10:13:14 latent_space: 192
03-10 10:13:14 num_blocks_ssf: 50
03-10 10:13:14 hidden_channel: 128
03-10 10:13:14 task: self_supervised
03-10 10:13:14 critetion: <class 'utils.loss_SSL.SimSiamLoss'>
03-10 10:13:14 using 1 gpus
03-10 10:13:14 Dataset class: <class 'data_utils.datasets.PU.PU'>
03-10 10:13:15 Split sizes: train=1600 val=1600 test=1600, classier=2000
03-10 10:13:15 Label counts train: Counter({1: 400, 0: 400, 3: 400, 2: 400})
03-10 10:13:15 Label counts val:   Counter({0: 400, 3: 400, 1: 400, 2: 400})
03-10 10:13:15 Label counts test:  Counter({2: 400, 0: 400, 3: 400, 1: 400})
03-10 10:13:15 Label counts classifier:  Counter({1: 500, 2: 500, 3: 500, 0: 500})
03-10 10:13:17 -----Epoch 0/19-----
03-10 10:14:36 current lr: 0.05
03-10 10:14:36 Saved best checkpoint to ./checkpoint\SSF_PU_0310-101314\best_pt (val_loss=-0.8359)
03-10 10:14:36 Epoch 000 Train loss -0.8117 | Val loss -0.8359
03-10 10:14:36 -----Epoch 1/19-----
03-10 10:15:59 current lr: 0.0496923
03-10 10:15:59 Saved best checkpoint to ./checkpoint\SSF_PU_0310-101314\best_pt (val_loss=-0.9572)
03-10 10:15:59 Epoch 001 Train loss -0.9492 | Val loss -0.9572
03-10 10:15:59 -----Epoch 2/19-----
03-10 10:17:20 current lr: 0.0487767
03-10 10:17:20 Saved best checkpoint to ./checkpoint\SSF_PU_0310-101314\best_pt (val_loss=-0.9672)
03-10 10:17:20 Epoch 002 Train loss -0.9717 | Val loss -0.9672
03-10 10:17:20 -----Epoch 3/19-----
03-10 10:18:41 current lr: 0.0472757
03-10 10:18:41 No improvement in val_loss for 1/10 epochs.
03-10 10:18:41 Epoch 003 Train loss -0.9755 | Val loss -0.9575
03-10 10:18:41 -----Epoch 4/19-----
03-10 10:20:03 current lr: 0.0452264
03-10 10:20:03 Saved best checkpoint to ./checkpoint\SSF_PU_0310-101314\best_pt (val_loss=-0.9722)
03-10 10:20:03 Epoch 004 Train loss -0.9767 | Val loss -0.9722
03-10 10:20:03 -----Epoch 5/19-----
03-10 10:21:25 current lr: 0.0426791
03-10 10:21:25 Saved best checkpoint to ./checkpoint\SSF_PU_0310-101314\best_pt (val_loss=-0.9765)
03-10 10:21:25 Epoch 005 Train loss -0.9783 | Val loss -0.9765
03-10 10:21:25 -----Epoch 6/19-----
03-10 10:22:48 current lr: 0.0396967
03-10 10:22:48 No improvement in val_loss for 1/10 epochs.
03-10 10:22:48 Epoch 006 Train loss -0.9807 | Val loss -0.9743
03-10 10:22:48 -----Epoch 7/19-----
03-10 10:24:09 current lr: 0.0363525
03-10 10:24:10 Saved best checkpoint to ./checkpoint\SSF_PU_0310-101314\best_pt (val_loss=-0.9847)
03-10 10:24:10 Epoch 007 Train loss -0.9822 | Val loss -0.9847
03-10 10:24:10 -----Epoch 8/19-----
03-10 10:25:28 current lr: 0.0327289
03-10 10:25:28 Saved best checkpoint to ./checkpoint\SSF_PU_0310-101314\best_pt (val_loss=-0.9893)
03-10 10:25:28 Epoch 008 Train loss -0.9817 | Val loss -0.9893
03-10 10:25:28 -----Epoch 9/19-----
03-10 10:26:47 current lr: 0.0289151
03-10 10:26:47 No improvement in val_loss for 1/10 epochs.
03-10 10:26:47 Epoch 009 Train loss -0.9805 | Val loss -0.9833
03-10 10:26:47 -----Epoch 10/19-----
03-10 10:28:05 current lr: 0.025005
03-10 10:28:05 No improvement in val_loss for 2/10 epochs.
03-10 10:28:05 Epoch 010 Train loss -0.9814 | Val loss -0.9736
03-10 10:28:05 -----Epoch 11/19-----
03-10 10:29:23 current lr: 0.0210949
03-10 10:29:23 Saved best checkpoint to ./checkpoint\SSF_PU_0310-101314\best_pt (val_loss=-0.9922)
03-10 10:29:23 Epoch 011 Train loss -0.9823 | Val loss -0.9922
03-10 10:29:23 -----Epoch 12/19-----
03-10 10:30:41 current lr: 0.0172811
03-10 10:30:41 Saved best checkpoint to ./checkpoint\SSF_PU_0310-101314\best_pt (val_loss=-0.9934)
03-10 10:30:41 Epoch 012 Train loss -0.9836 | Val loss -0.9934
03-10 10:30:41 -----Epoch 13/19-----
03-10 10:32:00 current lr: 0.0136575
03-10 10:32:00 No improvement in val_loss for 1/10 epochs.
03-10 10:32:00 Epoch 013 Train loss -0.9852 | Val loss -0.9916
03-10 10:32:00 -----Epoch 14/19-----
03-10 10:33:23 current lr: 0.0103133
03-10 10:33:23 Saved best checkpoint to ./checkpoint\SSF_PU_0310-101314\best_pt (val_loss=-0.9939)
03-10 10:33:23 Epoch 014 Train loss -0.9860 | Val loss -0.9939
03-10 10:33:23 -----Epoch 15/19-----
03-10 10:34:45 current lr: 0.00733087
03-10 10:34:45 Saved best checkpoint to ./checkpoint\SSF_PU_0310-101314\best_pt (val_loss=-0.9942)
03-10 10:34:45 Epoch 015 Train loss -0.9845 | Val loss -0.9942
03-10 10:34:45 -----Epoch 16/19-----
03-10 10:36:08 current lr: 0.00478362
03-10 10:36:08 Saved best checkpoint to ./checkpoint\SSF_PU_0310-101314\best_pt (val_loss=-0.9943)
03-10 10:36:08 Epoch 016 Train loss -0.9837 | Val loss -0.9943
03-10 10:36:08 -----Epoch 17/19-----
03-10 10:37:31 current lr: 0.00273429
03-10 10:37:31 No improvement in val_loss for 1/10 epochs.
03-10 10:37:31 Epoch 017 Train loss -0.9848 | Val loss -0.9942
03-10 10:37:31 -----Epoch 18/19-----
03-10 10:38:53 current lr: 0.00123334
03-10 10:38:53 Saved best checkpoint to ./checkpoint\SSF_PU_0310-101314\best_pt (val_loss=-0.9943)
03-10 10:38:53 Epoch 018 Train loss -0.9837 | Val loss -0.9943
03-10 10:38:53 -----Epoch 19/19-----
03-10 10:40:13 current lr: 0.00031773
03-10 10:40:13 No improvement in val_loss for 1/10 epochs.
03-10 10:40:13 Epoch 019 Train loss -0.9850 | Val loss -0.9942
03-10 10:40:18 TEST (last): loss -0.9941
03-10 10:40:18 Loaded best checkpoint from ./checkpoint\SSF_PU_0310-101314\best_pt (val_loss=-0.9942522621154786)
03-10 10:40:22 TEST (best): loss -0.9941
03-10 10:40:54 [LP epoch 00] train_loss=1.3654 train_acc=0.3205 | val_loss=1.3409 val_acc=0.3656 | 
03-10 10:41:23 [LP epoch 01] train_loss=1.3345 train_acc=0.3615 | val_loss=1.3424 val_acc=0.3675 | 
03-10 10:41:51 [LP epoch 02] train_loss=1.3374 train_acc=0.3535 | val_loss=1.3457 val_acc=0.3281 | 
03-10 10:42:19 [LP epoch 03] train_loss=1.3376 train_acc=0.3600 | val_loss=1.3426 val_acc=0.3575 | 
03-10 10:42:44 [LP epoch 04] train_loss=1.3376 train_acc=0.3705 | val_loss=1.3377 val_acc=0.3575 | 
03-10 10:43:09 [LP epoch 05] train_loss=1.3383 train_acc=0.3635 | val_loss=1.3339 val_acc=0.3619 | 
03-10 10:43:35 [LP epoch 06] train_loss=1.3395 train_acc=0.3545 | val_loss=1.3377 val_acc=0.3606 | 
03-10 10:44:03 [LP epoch 07] train_loss=1.3363 train_acc=0.3685 | val_loss=1.3335 val_acc=0.3594 | 
03-10 10:44:31 [LP epoch 08] train_loss=1.3319 train_acc=0.3735 | val_loss=1.3377 val_acc=0.3600 | 
03-10 10:44:59 [LP epoch 09] train_loss=1.3365 train_acc=0.3690 | val_loss=1.3375 val_acc=0.3638 | 
03-10 10:45:27 [LP epoch 10] train_loss=1.3329 train_acc=0.3685 | val_loss=1.3362 val_acc=0.3600 | 
03-10 10:45:55 [LP epoch 11] train_loss=1.3299 train_acc=0.3665 | val_loss=1.3316 val_acc=0.3656 | 
03-10 10:46:23 [LP epoch 12] train_loss=1.3336 train_acc=0.3685 | val_loss=1.3341 val_acc=0.3644 | 
03-10 10:46:51 [LP epoch 13] train_loss=1.3313 train_acc=0.3695 | val_loss=1.3390 val_acc=0.3706 | 
03-10 10:47:19 [LP epoch 14] train_loss=1.3293 train_acc=0.3650 | val_loss=1.3430 val_acc=0.3538 | 
03-10 10:47:47 [LP epoch 15] train_loss=1.3325 train_acc=0.3680 | val_loss=1.3380 val_acc=0.3525 | 
03-10 10:48:15 [LP epoch 16] train_loss=1.3353 train_acc=0.3600 | val_loss=1.3324 val_acc=0.3688 | 
03-10 10:48:43 [LP epoch 17] train_loss=1.3319 train_acc=0.3670 | val_loss=1.3463 val_acc=0.3619 | 
03-10 10:49:11 [LP epoch 18] train_loss=1.3305 train_acc=0.3615 | val_loss=1.3352 val_acc=0.3538 | 
03-10 10:49:39 [LP epoch 19] train_loss=1.3336 train_acc=0.3600 | val_loss=1.3368 val_acc=0.3638 | 
03-10 10:50:06 [LP epoch 20] train_loss=1.3297 train_acc=0.3720 | val_loss=1.3345 val_acc=0.3594 | 
03-10 10:50:34 [LP epoch 21] train_loss=1.3283 train_acc=0.3625 | val_loss=1.3416 val_acc=0.3631 | 
03-10 10:51:02 [LP epoch 22] train_loss=1.3327 train_acc=0.3630 | val_loss=1.3406 val_acc=0.3656 | 
03-10 10:51:30 [LP epoch 23] train_loss=1.3315 train_acc=0.3665 | val_loss=1.3361 val_acc=0.3669 | 
03-10 10:51:58 [LP epoch 24] train_loss=1.3277 train_acc=0.3740 | val_loss=1.3385 val_acc=0.3606 | 
03-10 10:52:26 [LP epoch 25] train_loss=1.3335 train_acc=0.3715 | val_loss=1.3329 val_acc=0.3631 | 
03-10 10:52:54 [LP epoch 26] train_loss=1.3286 train_acc=0.3775 | val_loss=1.3363 val_acc=0.3713 | 
03-10 10:53:23 [LP epoch 27] train_loss=1.3294 train_acc=0.3635 | val_loss=1.3385 val_acc=0.3675 | 
03-10 10:53:51 [LP epoch 28] train_loss=1.3284 train_acc=0.3685 | val_loss=1.3395 val_acc=0.3581 | 
03-10 10:54:19 [LP epoch 29] train_loss=1.3287 train_acc=0.3745 | val_loss=1.3381 val_acc=0.3681 | 
03-10 10:54:48 [LP epoch 30] train_loss=1.3295 train_acc=0.3745 | val_loss=1.3370 val_acc=0.3731 | 
03-10 10:55:19 [LP epoch 31] train_loss=1.3304 train_acc=0.3705 | val_loss=1.3352 val_acc=0.3694 | 
03-10 10:55:51 [LP epoch 32] train_loss=1.3317 train_acc=0.3630 | val_loss=1.3386 val_acc=0.3644 | 
03-10 10:56:22 [LP epoch 33] train_loss=1.3296 train_acc=0.3660 | val_loss=1.3349 val_acc=0.3556 | 
03-10 10:56:53 [LP epoch 34] train_loss=1.3319 train_acc=0.3660 | val_loss=1.3398 val_acc=0.3631 | 
03-10 10:57:22 [LP epoch 35] train_loss=1.3330 train_acc=0.3710 | val_loss=1.3359 val_acc=0.3594 | 
03-10 10:57:51 [LP epoch 36] train_loss=1.3306 train_acc=0.3650 | val_loss=1.3402 val_acc=0.3713 | 
03-10 10:58:23 [LP epoch 37] train_loss=1.3277 train_acc=0.3695 | val_loss=1.3344 val_acc=0.3588 | 
03-10 10:58:52 [LP epoch 38] train_loss=1.3283 train_acc=0.3705 | val_loss=1.3375 val_acc=0.3625 | 
03-10 10:59:21 [LP epoch 39] train_loss=1.3271 train_acc=0.3755 | val_loss=1.3396 val_acc=0.3538 | 
03-10 10:59:52 [LP epoch 40] train_loss=1.3285 train_acc=0.3770 | val_loss=1.3355 val_acc=0.3650 | 
03-10 11:00:21 [LP epoch 41] train_loss=1.3337 train_acc=0.3590 | val_loss=1.3386 val_acc=0.3675 | 
03-10 11:00:50 [LP epoch 42] train_loss=1.3309 train_acc=0.3770 | val_loss=1.3379 val_acc=0.3613 | 
03-10 11:01:19 [LP epoch 43] train_loss=1.3331 train_acc=0.3635 | val_loss=1.3363 val_acc=0.3719 | 
03-10 11:01:47 [LP epoch 44] train_loss=1.3278 train_acc=0.3785 | val_loss=1.3362 val_acc=0.3625 | 
03-10 11:02:16 [LP epoch 45] train_loss=1.3301 train_acc=0.3745 | val_loss=1.3384 val_acc=0.3669 | 
03-10 11:02:45 [LP epoch 46] train_loss=1.3321 train_acc=0.3675 | val_loss=1.3357 val_acc=0.3594 | 
03-10 11:03:14 [LP epoch 47] train_loss=1.3295 train_acc=0.3795 | val_loss=1.3360 val_acc=0.3613 | 
03-10 11:03:42 [LP epoch 48] train_loss=1.3273 train_acc=0.3730 | val_loss=1.3345 val_acc=0.3625 | 
03-10 11:04:11 [LP epoch 49] train_loss=1.3292 train_acc=0.3735 | val_loss=1.3348 val_acc=0.3650 | 
03-10 11:04:11 Saved linear-probe checkpoint: ./checkpoint\SSF_PU_0310-101314\linear_probe_best.pt (best_val_acc=0.3731)
03-10 11:04:15 TEST linear-probe: loss=1.3298 acc=0.3619
