03-10 11:07:29 model_name: SSF
03-10 11:07:29 data_name: CWRU
03-10 11:07:29 aug_1: randomcrop
03-10 11:07:29 aug_2: scale
03-10 11:07:29 max_epoch: 20
03-10 11:07:29 classifier_epoch: 50
03-10 11:07:29 data_view: TwoViewDataset
03-10 11:07:29 cuda_device: 0
03-10 11:07:29 checkpoint_dir: ./anomaly_detection
03-10 11:07:29 batch_size: 64
03-10 11:07:29 data_dir: raw_data/CWRU
03-10 11:07:29 out_channel: 4
03-10 11:07:29 normlizetype: minus_one_one
03-10 11:07:29 processing_type: RA
03-10 11:07:29 opt: sgd
03-10 11:07:29 lr: 0.05
03-10 11:07:29 momentum: 0.9
03-10 11:07:29 weight_decay: 0.0001
03-10 11:07:29 lr_scheduler: cos
03-10 11:07:29 gamma: 0.95
03-10 11:07:29 eta_min: 1e-05
03-10 11:07:29 latent_space: 192
03-10 11:07:29 num_blocks_ssf: 5
03-10 11:07:29 hidden_channel: 128
03-10 11:07:29 task: self_supervised
03-10 11:07:29 critetion: <class 'utils.loss_SSL.SimSiamLoss'>
03-10 11:07:29 using 1 gpus
03-10 11:07:29 Dataset class: <class 'data_utils.datasets.CWRU.CWRU'>
03-10 11:07:29 Split sizes: train=400 val=400 test=400, classier=40
03-10 11:07:30 Label counts train: Counter({0: 100, 1: 100, 3: 100, 2: 100})
03-10 11:07:30 Label counts val:   Counter({0: 100, 1: 100, 2: 100, 3: 100})
03-10 11:07:30 Label counts test:  Counter({3: 100, 0: 100, 1: 100, 2: 100})
03-10 11:07:30 Label counts classifier:  Counter({1: 10, 2: 10, 3: 10, 0: 10})
03-10 11:07:31 -----Epoch 0/19-----
03-10 11:07:32 current lr: 0.05
03-10 11:07:32 Saved best checkpoint to ./anomaly_detection\SSF_CWRU_0310-110729\best_pt (val_loss=-0.6229)
03-10 11:07:32 Epoch 000 Train loss -0.4247 | Val loss -0.6229
03-10 11:07:32 -----Epoch 1/19-----
03-10 11:07:33 current lr: 0.0496923
03-10 11:07:33 Saved best checkpoint to ./anomaly_detection\SSF_CWRU_0310-110729\best_pt (val_loss=-0.8099)
03-10 11:07:33 Epoch 001 Train loss -0.9067 | Val loss -0.8099
03-10 11:07:33 -----Epoch 2/19-----
03-10 11:07:33 current lr: 0.0487767
03-10 11:07:33 Saved best checkpoint to ./anomaly_detection\SSF_CWRU_0310-110729\best_pt (val_loss=-0.8804)
03-10 11:07:33 Epoch 002 Train loss -0.9331 | Val loss -0.8804
03-10 11:07:33 -----Epoch 3/19-----
03-10 11:07:34 current lr: 0.0472757
03-10 11:07:34 Saved best checkpoint to ./anomaly_detection\SSF_CWRU_0310-110729\best_pt (val_loss=-0.9058)
03-10 11:07:34 Epoch 003 Train loss -0.9451 | Val loss -0.9058
03-10 11:07:34 -----Epoch 4/19-----
03-10 11:07:34 current lr: 0.0452264
03-10 11:07:34 Saved best checkpoint to ./anomaly_detection\SSF_CWRU_0310-110729\best_pt (val_loss=-0.9196)
03-10 11:07:34 Epoch 004 Train loss -0.9554 | Val loss -0.9196
03-10 11:07:34 -----Epoch 5/19-----
03-10 11:07:35 current lr: 0.0426791
03-10 11:07:35 Saved best checkpoint to ./anomaly_detection\SSF_CWRU_0310-110729\best_pt (val_loss=-0.9290)
03-10 11:07:35 Epoch 005 Train loss -0.9629 | Val loss -0.9290
03-10 11:07:35 -----Epoch 6/19-----
03-10 11:07:35 current lr: 0.0396967
03-10 11:07:35 Saved best checkpoint to ./anomaly_detection\SSF_CWRU_0310-110729\best_pt (val_loss=-0.9355)
03-10 11:07:35 Epoch 006 Train loss -0.9681 | Val loss -0.9355
03-10 11:07:35 -----Epoch 7/19-----
03-10 11:07:35 current lr: 0.0363525
03-10 11:07:35 Saved best checkpoint to ./anomaly_detection\SSF_CWRU_0310-110729\best_pt (val_loss=-0.9400)
03-10 11:07:35 Epoch 007 Train loss -0.9715 | Val loss -0.9400
03-10 11:07:35 -----Epoch 8/19-----
03-10 11:07:36 current lr: 0.0327289
03-10 11:07:36 Saved best checkpoint to ./anomaly_detection\SSF_CWRU_0310-110729\best_pt (val_loss=-0.9429)
03-10 11:07:36 Epoch 008 Train loss -0.9735 | Val loss -0.9429
03-10 11:07:36 -----Epoch 9/19-----
03-10 11:07:36 current lr: 0.0289151
03-10 11:07:36 Saved best checkpoint to ./anomaly_detection\SSF_CWRU_0310-110729\best_pt (val_loss=-0.9450)
03-10 11:07:36 Epoch 009 Train loss -0.9750 | Val loss -0.9450
03-10 11:07:36 -----Epoch 10/19-----
03-10 11:07:37 current lr: 0.025005
03-10 11:07:37 Saved best checkpoint to ./anomaly_detection\SSF_CWRU_0310-110729\best_pt (val_loss=-0.9467)
03-10 11:07:37 Epoch 010 Train loss -0.9760 | Val loss -0.9467
03-10 11:07:37 -----Epoch 11/19-----
03-10 11:07:37 current lr: 0.0210949
03-10 11:07:37 Saved best checkpoint to ./anomaly_detection\SSF_CWRU_0310-110729\best_pt (val_loss=-0.9481)
03-10 11:07:37 Epoch 011 Train loss -0.9768 | Val loss -0.9481
03-10 11:07:37 -----Epoch 12/19-----
03-10 11:07:38 current lr: 0.0172811
03-10 11:07:38 Saved best checkpoint to ./anomaly_detection\SSF_CWRU_0310-110729\best_pt (val_loss=-0.9490)
03-10 11:07:38 Epoch 012 Train loss -0.9772 | Val loss -0.9490
03-10 11:07:38 -----Epoch 13/19-----
03-10 11:07:38 current lr: 0.0136575
03-10 11:07:38 Saved best checkpoint to ./anomaly_detection\SSF_CWRU_0310-110729\best_pt (val_loss=-0.9496)
03-10 11:07:38 Epoch 013 Train loss -0.9777 | Val loss -0.9496
03-10 11:07:38 -----Epoch 14/19-----
03-10 11:07:39 current lr: 0.0103133
03-10 11:07:39 Saved best checkpoint to ./anomaly_detection\SSF_CWRU_0310-110729\best_pt (val_loss=-0.9501)
03-10 11:07:39 Epoch 014 Train loss -0.9780 | Val loss -0.9501
03-10 11:07:39 -----Epoch 15/19-----
03-10 11:07:39 current lr: 0.00733087
03-10 11:07:39 Saved best checkpoint to ./anomaly_detection\SSF_CWRU_0310-110729\best_pt (val_loss=-0.9504)
03-10 11:07:39 Epoch 015 Train loss -0.9782 | Val loss -0.9504
03-10 11:07:39 -----Epoch 16/19-----
03-10 11:07:40 current lr: 0.00478362
03-10 11:07:40 Saved best checkpoint to ./anomaly_detection\SSF_CWRU_0310-110729\best_pt (val_loss=-0.9506)
03-10 11:07:40 Epoch 016 Train loss -0.9784 | Val loss -0.9506
03-10 11:07:40 -----Epoch 17/19-----
03-10 11:07:40 current lr: 0.00273429
03-10 11:07:40 Saved best checkpoint to ./anomaly_detection\SSF_CWRU_0310-110729\best_pt (val_loss=-0.9506)
03-10 11:07:40 Epoch 017 Train loss -0.9784 | Val loss -0.9506
03-10 11:07:40 -----Epoch 18/19-----
03-10 11:07:41 current lr: 0.00123334
03-10 11:07:41 Saved best checkpoint to ./anomaly_detection\SSF_CWRU_0310-110729\best_pt (val_loss=-0.9507)
03-10 11:07:41 Epoch 018 Train loss -0.9785 | Val loss -0.9507
03-10 11:07:41 -----Epoch 19/19-----
03-10 11:07:41 current lr: 0.00031773
03-10 11:07:41 Saved best checkpoint to ./anomaly_detection\SSF_CWRU_0310-110729\best_pt (val_loss=-0.9507)
03-10 11:07:41 Epoch 019 Train loss -0.9785 | Val loss -0.9507
03-10 11:07:41 TEST (last): loss -0.9529
03-10 11:07:41 Loaded best checkpoint from ./anomaly_detection\SSF_CWRU_0310-110729\best_pt (val_loss=-0.9506997346878052)
03-10 11:07:41 TEST (best): loss -0.9529
03-10 11:07:42 [LP epoch 00] train_loss=1.5108 train_acc=0.2750 | val_loss=1.3967 val_acc=0.2500 | 
03-10 11:07:42 [LP epoch 01] train_loss=1.2130 train_acc=0.4750 | val_loss=1.3428 val_acc=0.5225 | 
03-10 11:07:42 [LP epoch 02] train_loss=1.0805 train_acc=0.6500 | val_loss=1.2813 val_acc=0.7150 | 
03-10 11:07:42 [LP epoch 03] train_loss=0.9524 train_acc=0.7750 | val_loss=1.2151 val_acc=0.7675 | 
03-10 11:07:42 [LP epoch 04] train_loss=0.8796 train_acc=0.8250 | val_loss=1.1461 val_acc=0.7925 | 
03-10 11:07:43 [LP epoch 05] train_loss=0.8212 train_acc=0.7750 | val_loss=1.0786 val_acc=0.8200 | 
03-10 11:07:43 [LP epoch 06] train_loss=0.7630 train_acc=0.8250 | val_loss=1.0127 val_acc=0.8350 | 
03-10 11:07:43 [LP epoch 07] train_loss=0.7416 train_acc=0.8500 | val_loss=0.9536 val_acc=0.8400 | 
03-10 11:07:43 [LP epoch 08] train_loss=0.7116 train_acc=0.8000 | val_loss=0.9014 val_acc=0.8575 | 
03-10 11:07:43 [LP epoch 09] train_loss=0.6810 train_acc=0.8750 | val_loss=0.8509 val_acc=0.8625 | 
03-10 11:07:43 [LP epoch 10] train_loss=0.6702 train_acc=0.8500 | val_loss=0.8097 val_acc=0.8750 | 
03-10 11:07:43 [LP epoch 11] train_loss=0.6568 train_acc=0.8750 | val_loss=0.7703 val_acc=0.8825 | 
03-10 11:07:44 [LP epoch 12] train_loss=0.6284 train_acc=0.8500 | val_loss=0.7405 val_acc=0.8825 | 
03-10 11:07:44 [LP epoch 13] train_loss=0.6217 train_acc=0.9250 | val_loss=0.7145 val_acc=0.8800 | 
03-10 11:07:44 [LP epoch 14] train_loss=0.5955 train_acc=0.9000 | val_loss=0.6896 val_acc=0.8875 | 
03-10 11:07:44 [LP epoch 15] train_loss=0.5920 train_acc=0.9500 | val_loss=0.6692 val_acc=0.8875 | 
03-10 11:07:44 [LP epoch 16] train_loss=0.5659 train_acc=0.9000 | val_loss=0.6513 val_acc=0.8900 | 
03-10 11:07:44 [LP epoch 17] train_loss=0.5762 train_acc=0.9500 | val_loss=0.6348 val_acc=0.9000 | 
03-10 11:07:45 [LP epoch 18] train_loss=0.5455 train_acc=0.9500 | val_loss=0.6174 val_acc=0.9050 | 
03-10 11:07:45 [LP epoch 19] train_loss=0.6061 train_acc=0.9500 | val_loss=0.6100 val_acc=0.9025 | 
03-10 11:07:45 [LP epoch 20] train_loss=0.5617 train_acc=1.0000 | val_loss=0.5963 val_acc=0.9050 | 
03-10 11:07:45 [LP epoch 21] train_loss=0.5689 train_acc=0.9750 | val_loss=0.5857 val_acc=0.9100 | 
03-10 11:07:45 [LP epoch 22] train_loss=0.5224 train_acc=1.0000 | val_loss=0.5704 val_acc=0.9225 | 
03-10 11:07:45 [LP epoch 23] train_loss=0.5322 train_acc=0.9750 | val_loss=0.5583 val_acc=0.9225 | 
03-10 11:07:45 [LP epoch 24] train_loss=0.5086 train_acc=1.0000 | val_loss=0.5485 val_acc=0.9225 | 
03-10 11:07:46 [LP epoch 25] train_loss=0.5117 train_acc=1.0000 | val_loss=0.5298 val_acc=0.9400 | 
03-10 11:07:46 [LP epoch 26] train_loss=0.5025 train_acc=1.0000 | val_loss=0.5166 val_acc=0.9525 | 
03-10 11:07:46 [LP epoch 27] train_loss=0.4997 train_acc=0.9750 | val_loss=0.5109 val_acc=0.9500 | 
03-10 11:07:46 [LP epoch 28] train_loss=0.5273 train_acc=0.9500 | val_loss=0.5042 val_acc=0.9525 | 
03-10 11:07:46 [LP epoch 29] train_loss=0.4892 train_acc=1.0000 | val_loss=0.5006 val_acc=0.9625 | 
03-10 11:07:46 [LP epoch 30] train_loss=0.4564 train_acc=1.0000 | val_loss=0.4961 val_acc=0.9650 | 
03-10 11:07:47 [LP epoch 31] train_loss=0.4706 train_acc=1.0000 | val_loss=0.4927 val_acc=0.9650 | 
03-10 11:07:47 [LP epoch 32] train_loss=0.4741 train_acc=0.9750 | val_loss=0.4933 val_acc=0.9600 | 
03-10 11:07:47 [LP epoch 33] train_loss=0.4422 train_acc=1.0000 | val_loss=0.5029 val_acc=0.9575 | 
03-10 11:07:47 [LP epoch 34] train_loss=0.4504 train_acc=1.0000 | val_loss=0.5117 val_acc=0.9450 | 
03-10 11:07:47 [LP epoch 35] train_loss=0.4309 train_acc=1.0000 | val_loss=0.5193 val_acc=0.9375 | 
03-10 11:07:47 [LP epoch 36] train_loss=0.4444 train_acc=1.0000 | val_loss=0.5152 val_acc=0.9525 | 
03-10 11:07:47 [LP epoch 37] train_loss=0.4212 train_acc=1.0000 | val_loss=0.5072 val_acc=0.9600 | 
03-10 11:07:48 [LP epoch 38] train_loss=0.4328 train_acc=1.0000 | val_loss=0.4854 val_acc=0.9850 | 
03-10 11:07:48 [LP epoch 39] train_loss=0.4110 train_acc=1.0000 | val_loss=0.4658 val_acc=0.9875 | 
03-10 11:07:48 [LP epoch 40] train_loss=0.4041 train_acc=1.0000 | val_loss=0.4521 val_acc=0.9875 | 
03-10 11:07:48 [LP epoch 41] train_loss=0.4070 train_acc=1.0000 | val_loss=0.4438 val_acc=0.9900 | 
03-10 11:07:48 [LP epoch 42] train_loss=0.4288 train_acc=1.0000 | val_loss=0.4380 val_acc=0.9875 | 
03-10 11:07:48 [LP epoch 43] train_loss=0.4114 train_acc=0.9750 | val_loss=0.4367 val_acc=0.9925 | 
03-10 11:07:49 [LP epoch 44] train_loss=0.3971 train_acc=1.0000 | val_loss=0.4357 val_acc=0.9900 | 
03-10 11:07:49 [LP epoch 45] train_loss=0.4061 train_acc=1.0000 | val_loss=0.4419 val_acc=0.9875 | 
03-10 11:07:49 [LP epoch 46] train_loss=0.3937 train_acc=1.0000 | val_loss=0.4425 val_acc=0.9875 | 
03-10 11:07:49 [LP epoch 47] train_loss=0.4042 train_acc=1.0000 | val_loss=0.4427 val_acc=0.9850 | 
03-10 11:07:49 [LP epoch 48] train_loss=0.3887 train_acc=1.0000 | val_loss=0.4399 val_acc=0.9875 | 
03-10 11:07:49 [LP epoch 49] train_loss=0.3786 train_acc=1.0000 | val_loss=0.4356 val_acc=0.9875 | 
03-10 11:07:49 Saved linear-probe checkpoint: ./anomaly_detection\SSF_CWRU_0310-110729\linear_probe_best.pt (best_val_acc=0.9925)
03-10 11:07:49 TEST linear-probe: loss=0.4299 acc=0.9925
