03-10 11:12:38 model_name: SSF
03-10 11:12:38 data_name: CWRU
03-10 11:12:38 aug_1: randomcrop
03-10 11:12:38 aug_2: scale
03-10 11:12:38 max_epoch: 20
03-10 11:12:38 classifier_epoch: 50
03-10 11:12:38 data_view: TwoViewDataset
03-10 11:12:38 cuda_device: 0
03-10 11:12:38 checkpoint_dir: ./anomaly_detection
03-10 11:12:38 batch_size: 64
03-10 11:12:38 data_dir: raw_data/CWRU
03-10 11:12:38 out_channel: 4
03-10 11:12:38 normlizetype: minus_one_one
03-10 11:12:38 processing_type: RA
03-10 11:12:38 opt: sgd
03-10 11:12:38 lr: 0.05
03-10 11:12:38 momentum: 0.9
03-10 11:12:38 weight_decay: 0.0001
03-10 11:12:38 lr_scheduler: cos
03-10 11:12:38 gamma: 0.95
03-10 11:12:38 eta_min: 1e-05
03-10 11:12:38 latent_space: 192
03-10 11:12:38 num_blocks_ssf: 5
03-10 11:12:38 hidden_channel: 128
03-10 11:12:38 task: self_supervised
03-10 11:12:38 critetion: <class 'utils.loss_SSL.SimSiamLoss'>
03-10 11:12:38 using 1 gpus
03-10 11:12:38 Dataset class: <class 'data_utils.datasets.CWRU.CWRU'>
03-10 11:12:38 Split sizes: train=400 val=400 test=400, classier=40
03-10 11:12:38 Label counts train: Counter({0: 100, 1: 100, 3: 100, 2: 100})
03-10 11:12:38 Label counts val:   Counter({0: 100, 1: 100, 2: 100, 3: 100})
03-10 11:12:38 Label counts test:  Counter({3: 100, 0: 100, 1: 100, 2: 100})
03-10 11:12:38 Label counts classifier:  Counter({0: 10, 2: 10, 3: 10, 1: 10})
03-10 11:12:39 Loaded best checkpoint from ./anomaly_detection/SSF_CWRU_0310-110729/best_pt (val_loss=-0.9506997346878052)
03-10 11:12:39 Loaded best checkpoint from ./anomaly_detection/SSF_CWRU_0310-110729/best_pt (val_loss=-0.9506997346878052)
03-10 11:12:40 TEST (best): loss -0.9529
03-10 11:12:40 [LP epoch 00] train_loss=1.3183 train_acc=0.4000 | val_loss=1.3109 val_acc=0.5850 | 
03-10 11:12:40 [LP epoch 01] train_loss=1.0407 train_acc=0.8500 | val_loss=1.2485 val_acc=0.7975 | 
03-10 11:12:40 [LP epoch 02] train_loss=0.9328 train_acc=0.8250 | val_loss=1.1908 val_acc=0.8300 | 
03-10 11:12:41 [LP epoch 03] train_loss=0.8563 train_acc=0.8500 | val_loss=1.1353 val_acc=0.8375 | 
03-10 11:12:41 [LP epoch 04] train_loss=0.8001 train_acc=0.8750 | val_loss=1.0809 val_acc=0.8625 | 
03-10 11:12:41 [LP epoch 05] train_loss=0.7776 train_acc=0.8750 | val_loss=1.0293 val_acc=0.8750 | 
03-10 11:12:41 [LP epoch 06] train_loss=0.7296 train_acc=0.9000 | val_loss=0.9803 val_acc=0.8700 | 
03-10 11:12:41 [LP epoch 07] train_loss=0.6955 train_acc=0.9000 | val_loss=0.9339 val_acc=0.8800 | 
03-10 11:12:41 [LP epoch 08] train_loss=0.7083 train_acc=0.8250 | val_loss=0.8869 val_acc=0.8825 | 
03-10 11:12:41 [LP epoch 09] train_loss=0.6622 train_acc=0.8750 | val_loss=0.8446 val_acc=0.8900 | 
03-10 11:12:42 [LP epoch 10] train_loss=0.6470 train_acc=0.8750 | val_loss=0.8044 val_acc=0.8950 | 
03-10 11:12:42 [LP epoch 11] train_loss=0.6455 train_acc=0.8750 | val_loss=0.7675 val_acc=0.8975 | 
03-10 11:12:42 [LP epoch 12] train_loss=0.6465 train_acc=0.8750 | val_loss=0.7354 val_acc=0.9000 | 
03-10 11:12:42 [LP epoch 13] train_loss=0.6237 train_acc=0.9000 | val_loss=0.7096 val_acc=0.9000 | 
03-10 11:12:42 [LP epoch 14] train_loss=0.5932 train_acc=0.9250 | val_loss=0.6844 val_acc=0.8950 | 
03-10 11:12:42 [LP epoch 15] train_loss=0.5731 train_acc=0.9500 | val_loss=0.6602 val_acc=0.9000 | 
03-10 11:12:43 [LP epoch 16] train_loss=0.5905 train_acc=0.9000 | val_loss=0.6370 val_acc=0.9000 | 
03-10 11:12:43 [LP epoch 17] train_loss=0.5509 train_acc=0.9500 | val_loss=0.6204 val_acc=0.9050 | 
03-10 11:12:43 [LP epoch 18] train_loss=0.5610 train_acc=0.9500 | val_loss=0.6096 val_acc=0.9000 | 
03-10 11:12:43 [LP epoch 19] train_loss=0.5416 train_acc=1.0000 | val_loss=0.5957 val_acc=0.9050 | 
03-10 11:12:43 [LP epoch 20] train_loss=0.5273 train_acc=0.9750 | val_loss=0.5804 val_acc=0.9075 | 
03-10 11:12:43 [LP epoch 21] train_loss=0.5141 train_acc=0.9750 | val_loss=0.5695 val_acc=0.9050 | 
03-10 11:12:44 [LP epoch 22] train_loss=0.4997 train_acc=0.9750 | val_loss=0.5595 val_acc=0.9125 | 
03-10 11:12:44 [LP epoch 23] train_loss=0.5137 train_acc=0.9750 | val_loss=0.5524 val_acc=0.9125 | 
03-10 11:12:44 [LP epoch 24] train_loss=0.5540 train_acc=0.9250 | val_loss=0.5475 val_acc=0.9100 | 
03-10 11:12:44 [LP epoch 25] train_loss=0.4777 train_acc=0.9750 | val_loss=0.5375 val_acc=0.9200 | 
03-10 11:12:44 [LP epoch 26] train_loss=0.4652 train_acc=0.9750 | val_loss=0.5314 val_acc=0.9250 | 
03-10 11:12:44 [LP epoch 27] train_loss=0.4936 train_acc=1.0000 | val_loss=0.5216 val_acc=0.9250 | 
03-10 11:12:44 [LP epoch 28] train_loss=0.4716 train_acc=1.0000 | val_loss=0.5119 val_acc=0.9425 | 
03-10 11:12:45 [LP epoch 29] train_loss=0.4438 train_acc=1.0000 | val_loss=0.5064 val_acc=0.9450 | 
03-10 11:12:45 [LP epoch 30] train_loss=0.4617 train_acc=1.0000 | val_loss=0.5034 val_acc=0.9450 | 
03-10 11:12:45 [LP epoch 31] train_loss=0.4417 train_acc=1.0000 | val_loss=0.4994 val_acc=0.9500 | 
03-10 11:12:45 [LP epoch 32] train_loss=0.4538 train_acc=1.0000 | val_loss=0.4904 val_acc=0.9575 | 
03-10 11:12:45 [LP epoch 33] train_loss=0.4442 train_acc=1.0000 | val_loss=0.4836 val_acc=0.9575 | 
03-10 11:12:45 [LP epoch 34] train_loss=0.4216 train_acc=1.0000 | val_loss=0.4855 val_acc=0.9525 | 
03-10 11:12:46 [LP epoch 35] train_loss=0.4173 train_acc=1.0000 | val_loss=0.4871 val_acc=0.9600 | 
03-10 11:12:46 [LP epoch 36] train_loss=0.4315 train_acc=1.0000 | val_loss=0.4851 val_acc=0.9600 | 
03-10 11:12:46 [LP epoch 37] train_loss=0.4476 train_acc=1.0000 | val_loss=0.4798 val_acc=0.9650 | 
03-10 11:12:46 [LP epoch 38] train_loss=0.4157 train_acc=1.0000 | val_loss=0.4739 val_acc=0.9675 | 
03-10 11:12:46 [LP epoch 39] train_loss=0.3998 train_acc=1.0000 | val_loss=0.4625 val_acc=0.9825 | 
03-10 11:12:46 [LP epoch 40] train_loss=0.4189 train_acc=1.0000 | val_loss=0.4580 val_acc=0.9850 | 
03-10 11:12:46 [LP epoch 41] train_loss=0.4006 train_acc=1.0000 | val_loss=0.4511 val_acc=0.9850 | 
03-10 11:12:47 [LP epoch 42] train_loss=0.3967 train_acc=1.0000 | val_loss=0.4396 val_acc=0.9875 | 
03-10 11:12:47 [LP epoch 43] train_loss=0.3956 train_acc=1.0000 | val_loss=0.4290 val_acc=0.9875 | 
03-10 11:12:47 [LP epoch 44] train_loss=0.3986 train_acc=1.0000 | val_loss=0.4178 val_acc=0.9900 | 
03-10 11:12:47 [LP epoch 45] train_loss=0.4268 train_acc=0.9750 | val_loss=0.4167 val_acc=0.9875 | 
03-10 11:12:47 [LP epoch 46] train_loss=0.4033 train_acc=1.0000 | val_loss=0.4328 val_acc=0.9875 | 
03-10 11:12:47 [LP epoch 47] train_loss=0.3960 train_acc=1.0000 | val_loss=0.4494 val_acc=0.9850 | 
03-10 11:12:48 [LP epoch 48] train_loss=0.4490 train_acc=0.9750 | val_loss=0.4616 val_acc=0.9825 | 
03-10 11:12:48 [LP epoch 49] train_loss=0.4013 train_acc=1.0000 | val_loss=0.4629 val_acc=0.9825 | 
03-10 11:12:48 Saved linear-probe checkpoint: ./anomaly_detection\SSF_CWRU_0310-111238\linear_probe_best.pt (best_val_acc=0.9900)
03-10 11:12:48 TEST linear-probe: loss=0.4523 acc=0.9900
