02-24 09:24:34 model_name: SSF
02-24 09:24:34 data_name: PU
02-24 09:24:34 aug_1: normal
02-24 09:24:34 aug_2: randomcrop
02-24 09:24:34 max_epoch: 20
02-24 09:24:34 classifier_epoch: 50
02-24 09:24:34 data_view: TwoViewDataset
02-24 09:24:34 cuda_device: 0
02-24 09:24:34 checkpoint_dir: ./checkpoint
02-24 09:24:34 batch_size: 32
02-24 09:24:34 data_dir: raw_data/PU
02-24 09:24:34 out_channel: 4
02-24 09:24:34 normlizetype: minus_one_one
02-24 09:24:34 processing_type: RA
02-24 09:24:34 opt: sgd
02-24 09:24:34 lr: 0.01
02-24 09:24:34 momentum: 0.9
02-24 09:24:34 weight_decay: 1e-05
02-24 09:24:34 lr_scheduler: cos
02-24 09:24:34 gamma: 0.1
02-24 09:24:34 eta_min: 1e-05
02-24 09:24:34 latent_space: 256
02-24 09:24:34 task: self_supervised
02-24 09:24:34 critetion: <class 'utils.loss_SSL.SimSiamLoss'>
02-24 09:24:34 using 1 gpus
02-24 09:24:34 Dataset class: <class 'data_utils.datasets.PU.PU'>
02-24 09:24:34 Split sizes: train=22502 val=4822 test=4823
02-24 09:24:36 Label counts train: Counter({1: 8481, 3: 7718, 0: 4201, 2: 2102})
02-24 09:24:36 Label counts val:   Counter({1: 1817, 3: 1654, 0: 900, 2: 451})
02-24 09:24:37 Label counts test:  Counter({1: 1818, 3: 1654, 0: 901, 2: 450})
02-24 09:24:38 -----Epoch 0/19-----
02-24 09:24:56 current lr: 0.01
02-24 09:24:56 Saved best checkpoint to ./checkpoint\SSF_PU_0224-092434\best_pt (val_loss=-0.9011)
02-24 09:24:56 Epoch 000 Train loss -0.7191 | Val loss -0.9011
02-24 09:24:56 -----Epoch 1/19-----
02-24 09:25:13 current lr: 0.0099385
02-24 09:25:13 Saved best checkpoint to ./checkpoint\SSF_PU_0224-092434\best_pt (val_loss=-0.9388)
02-24 09:25:13 Epoch 001 Train loss -0.9264 | Val loss -0.9388
02-24 09:25:13 -----Epoch 2/19-----
02-24 09:25:31 current lr: 0.00975553
02-24 09:25:31 Saved best checkpoint to ./checkpoint\SSF_PU_0224-092434\best_pt (val_loss=-0.9513)
02-24 09:25:31 Epoch 002 Train loss -0.9480 | Val loss -0.9513
02-24 09:25:31 -----Epoch 3/19-----
02-24 09:25:48 current lr: 0.00945558
02-24 09:25:48 Saved best checkpoint to ./checkpoint\SSF_PU_0224-092434\best_pt (val_loss=-0.9584)
02-24 09:25:48 Epoch 003 Train loss -0.9573 | Val loss -0.9584
02-24 09:25:48 -----Epoch 4/19-----
02-24 09:26:05 current lr: 0.00904604
02-24 09:26:05 Saved best checkpoint to ./checkpoint\SSF_PU_0224-092434\best_pt (val_loss=-0.9633)
02-24 09:26:05 Epoch 004 Train loss -0.9631 | Val loss -0.9633
02-24 09:26:05 -----Epoch 5/19-----
02-24 09:26:22 current lr: 0.008537
02-24 09:26:22 Saved best checkpoint to ./checkpoint\SSF_PU_0224-092434\best_pt (val_loss=-0.9667)
02-24 09:26:22 Epoch 005 Train loss -0.9669 | Val loss -0.9667
02-24 09:26:22 -----Epoch 6/19-----
02-24 09:26:40 current lr: 0.00794099
02-24 09:26:40 Saved best checkpoint to ./checkpoint\SSF_PU_0224-092434\best_pt (val_loss=-0.9690)
02-24 09:26:40 Epoch 006 Train loss -0.9694 | Val loss -0.9690
02-24 09:26:40 -----Epoch 7/19-----
02-24 09:26:58 current lr: 0.00727268
02-24 09:26:58 Saved best checkpoint to ./checkpoint\SSF_PU_0224-092434\best_pt (val_loss=-0.9707)
02-24 09:26:58 Epoch 007 Train loss -0.9713 | Val loss -0.9707
02-24 09:26:58 -----Epoch 8/19-----
02-24 09:27:15 current lr: 0.00654854
02-24 09:27:15 Saved best checkpoint to ./checkpoint\SSF_PU_0224-092434\best_pt (val_loss=-0.9722)
02-24 09:27:15 Epoch 008 Train loss -0.9728 | Val loss -0.9722
02-24 09:27:15 -----Epoch 9/19-----
02-24 09:27:33 current lr: 0.00578639
02-24 09:27:33 Saved best checkpoint to ./checkpoint\SSF_PU_0224-092434\best_pt (val_loss=-0.9734)
02-24 09:27:33 Epoch 009 Train loss -0.9740 | Val loss -0.9734
02-24 09:27:33 -----Epoch 10/19-----
02-24 09:27:51 current lr: 0.005005
02-24 09:27:51 Saved best checkpoint to ./checkpoint\SSF_PU_0224-092434\best_pt (val_loss=-0.9745)
02-24 09:27:51 Epoch 010 Train loss -0.9751 | Val loss -0.9745
02-24 09:27:51 -----Epoch 11/19-----
02-24 09:28:09 current lr: 0.00422361
02-24 09:28:09 Saved best checkpoint to ./checkpoint\SSF_PU_0224-092434\best_pt (val_loss=-0.9754)
02-24 09:28:09 Epoch 011 Train loss -0.9759 | Val loss -0.9754
02-24 09:28:09 -----Epoch 12/19-----
02-24 09:28:27 current lr: 0.00346146
02-24 09:28:27 Saved best checkpoint to ./checkpoint\SSF_PU_0224-092434\best_pt (val_loss=-0.9761)
02-24 09:28:27 Epoch 012 Train loss -0.9766 | Val loss -0.9761
02-24 09:28:27 -----Epoch 13/19-----
02-24 09:28:44 current lr: 0.00273732
02-24 09:28:44 Saved best checkpoint to ./checkpoint\SSF_PU_0224-092434\best_pt (val_loss=-0.9766)
02-24 09:28:44 Epoch 013 Train loss -0.9772 | Val loss -0.9766
02-24 09:28:44 -----Epoch 14/19-----
02-24 09:29:01 current lr: 0.00206901
02-24 09:29:01 Saved best checkpoint to ./checkpoint\SSF_PU_0224-092434\best_pt (val_loss=-0.9770)
02-24 09:29:01 Epoch 014 Train loss -0.9777 | Val loss -0.9770
02-24 09:29:01 -----Epoch 15/19-----
02-24 09:29:19 current lr: 0.001473
02-24 09:29:19 Saved best checkpoint to ./checkpoint\SSF_PU_0224-092434\best_pt (val_loss=-0.9773)
02-24 09:29:19 Epoch 015 Train loss -0.9780 | Val loss -0.9773
02-24 09:29:19 -----Epoch 16/19-----
02-24 09:29:36 current lr: 0.00096396
02-24 09:29:36 Saved best checkpoint to ./checkpoint\SSF_PU_0224-092434\best_pt (val_loss=-0.9775)
02-24 09:29:36 Epoch 016 Train loss -0.9782 | Val loss -0.9775
02-24 09:29:36 -----Epoch 17/19-----
02-24 09:29:54 current lr: 0.000554422
02-24 09:29:54 Saved best checkpoint to ./checkpoint\SSF_PU_0224-092434\best_pt (val_loss=-0.9776)
02-24 09:29:54 Epoch 017 Train loss -0.9783 | Val loss -0.9776
02-24 09:29:54 -----Epoch 18/19-----
02-24 09:30:11 current lr: 0.000254473
02-24 09:30:11 Saved best checkpoint to ./checkpoint\SSF_PU_0224-092434\best_pt (val_loss=-0.9777)
02-24 09:30:11 Epoch 018 Train loss -0.9784 | Val loss -0.9777
02-24 09:30:11 -----Epoch 19/19-----
02-24 09:30:29 current lr: 7.14967e-05
02-24 09:30:29 Epoch 019 Train loss -0.9785 | Val loss -0.9777
02-24 09:30:30 TEST (last): loss -0.9771
02-24 09:30:38 [LP epoch 00] train_loss=1.1276 train_acc=0.4736 | val_loss=4855.8905 val_acc=0.5149 | 
02-24 09:30:48 [LP epoch 01] train_loss=0.9901 train_acc=0.5501 | val_loss=4487.9016 val_acc=0.5821 | 
02-24 09:30:57 [LP epoch 02] train_loss=0.9424 train_acc=0.5867 | val_loss=4349.6640 val_acc=0.5910 | 
02-24 09:31:05 [LP epoch 03] train_loss=0.9096 train_acc=0.6011 | val_loss=4102.7140 val_acc=0.6203 | 
02-24 09:31:14 [LP epoch 04] train_loss=0.8873 train_acc=0.6123 | val_loss=3994.3612 val_acc=0.6338 | 
02-24 09:31:21 [LP epoch 05] train_loss=0.8675 train_acc=0.6217 | val_loss=3945.5978 val_acc=0.6427 | 
02-24 09:31:29 [LP epoch 06] train_loss=0.8535 train_acc=0.6297 | val_loss=3827.1649 val_acc=0.6495 | 
02-24 09:31:38 [LP epoch 07] train_loss=0.8407 train_acc=0.6351 | val_loss=3773.4112 val_acc=0.6549 | 
02-24 09:31:46 [LP epoch 08] train_loss=0.8289 train_acc=0.6397 | val_loss=3744.2129 val_acc=0.6595 | 
02-24 09:31:53 [LP epoch 09] train_loss=0.8200 train_acc=0.6434 | val_loss=3742.5957 val_acc=0.6555 | 
02-24 09:32:01 [LP epoch 10] train_loss=0.8082 train_acc=0.6470 | val_loss=3681.0936 val_acc=0.6672 | 
02-24 09:32:10 [LP epoch 11] train_loss=0.8014 train_acc=0.6520 | val_loss=3637.7969 val_acc=0.6630 | 
02-24 09:32:18 [LP epoch 12] train_loss=0.7945 train_acc=0.6545 | val_loss=3605.4648 val_acc=0.6705 | 
02-24 09:32:27 [LP epoch 13] train_loss=0.7854 train_acc=0.6582 | val_loss=3584.7504 val_acc=0.6730 | 
02-24 09:32:36 [LP epoch 14] train_loss=0.7794 train_acc=0.6590 | val_loss=3585.1093 val_acc=0.6734 | 
02-24 09:32:46 [LP epoch 15] train_loss=0.7711 train_acc=0.6659 | val_loss=3542.9266 val_acc=0.6765 | 
02-24 09:32:55 [LP epoch 16] train_loss=0.7677 train_acc=0.6679 | val_loss=3513.6763 val_acc=0.6794 | 
02-24 09:33:02 [LP epoch 17] train_loss=0.7632 train_acc=0.6701 | val_loss=3444.3681 val_acc=0.6906 | 
02-24 09:33:11 [LP epoch 18] train_loss=0.7546 train_acc=0.6756 | val_loss=3448.8238 val_acc=0.6873 | 
02-24 09:33:20 [LP epoch 19] train_loss=0.7520 train_acc=0.6784 | val_loss=3424.7036 val_acc=0.6906 | 
02-24 09:33:28 [LP epoch 20] train_loss=0.7468 train_acc=0.6775 | val_loss=3433.2502 val_acc=0.6906 | 
02-24 09:33:37 [LP epoch 21] train_loss=0.7426 train_acc=0.6810 | val_loss=3403.6725 val_acc=0.6910 | 
02-24 09:33:45 [LP epoch 22] train_loss=0.7384 train_acc=0.6842 | val_loss=3420.4271 val_acc=0.6922 | 
02-24 09:33:53 [LP epoch 23] train_loss=0.7351 train_acc=0.6852 | val_loss=3374.3816 val_acc=0.6962 | 
02-24 09:34:01 [LP epoch 24] train_loss=0.7309 train_acc=0.6875 | val_loss=3341.9860 val_acc=0.7007 | 
02-24 09:34:10 [LP epoch 25] train_loss=0.7294 train_acc=0.6889 | val_loss=3325.8862 val_acc=0.7026 | 
02-24 09:34:19 [LP epoch 26] train_loss=0.7275 train_acc=0.6886 | val_loss=3308.8025 val_acc=0.7051 | 
02-24 09:34:27 [LP epoch 27] train_loss=0.7246 train_acc=0.6907 | val_loss=3330.0211 val_acc=0.7039 | 
02-24 09:34:36 [LP epoch 28] train_loss=0.7224 train_acc=0.6910 | val_loss=3312.7137 val_acc=0.7068 | 
02-24 09:34:45 [LP epoch 29] train_loss=0.7204 train_acc=0.6931 | val_loss=3287.1570 val_acc=0.7057 | 
02-24 09:34:53 [LP epoch 30] train_loss=0.7183 train_acc=0.6932 | val_loss=3285.1057 val_acc=0.7086 | 
02-24 09:35:02 [LP epoch 31] train_loss=0.7167 train_acc=0.6933 | val_loss=3269.3238 val_acc=0.7076 | 
02-24 09:35:11 [LP epoch 32] train_loss=0.7140 train_acc=0.6935 | val_loss=3299.0817 val_acc=0.7090 | 
02-24 09:35:20 [LP epoch 33] train_loss=0.7133 train_acc=0.6939 | val_loss=3335.2337 val_acc=0.7016 | 
02-24 09:35:30 [LP epoch 34] train_loss=0.7102 train_acc=0.6956 | val_loss=3261.6849 val_acc=0.7084 | 
02-24 09:35:38 [LP epoch 35] train_loss=0.7098 train_acc=0.6955 | val_loss=3314.4809 val_acc=0.7084 | 
02-24 09:35:47 [LP epoch 36] train_loss=0.7088 train_acc=0.6977 | val_loss=3305.6542 val_acc=0.7074 | 
02-24 09:35:56 [LP epoch 37] train_loss=0.7048 train_acc=0.6965 | val_loss=3273.2263 val_acc=0.7128 | 
02-24 09:36:06 [LP epoch 38] train_loss=0.7051 train_acc=0.6976 | val_loss=3240.4131 val_acc=0.7144 | 
