03-10 11:16:23 model_name: SSF
03-10 11:16:23 data_name: CWRU
03-10 11:16:23 aug_1: randomcrop
03-10 11:16:23 aug_2: scale
03-10 11:16:23 max_epoch: 20
03-10 11:16:23 classifier_epoch: 50
03-10 11:16:23 data_view: TwoViewDataset
03-10 11:16:23 cuda_device: 0
03-10 11:16:23 checkpoint_dir: ./anomaly_detection
03-10 11:16:23 batch_size: 64
03-10 11:16:23 data_dir: raw_data/CWRU
03-10 11:16:23 out_channel: 4
03-10 11:16:23 normlizetype: minus_one_one
03-10 11:16:23 processing_type: RA
03-10 11:16:23 opt: sgd
03-10 11:16:23 lr: 0.05
03-10 11:16:23 momentum: 0.9
03-10 11:16:23 weight_decay: 0.0001
03-10 11:16:23 lr_scheduler: cos
03-10 11:16:23 gamma: 0.95
03-10 11:16:23 eta_min: 1e-05
03-10 11:16:23 latent_space: 192
03-10 11:16:23 num_blocks_ssf: 5
03-10 11:16:23 hidden_channel: 128
03-10 11:16:23 task: self_supervised
03-10 11:16:23 critetion: <class 'utils.loss_SSL.SimSiamLoss'>
03-10 11:16:23 using 1 gpus
03-10 11:16:23 Dataset class: <class 'data_utils.datasets.CWRU.CWRU'>
03-10 11:16:23 Split sizes: train=400 val=400 test=400, classier=40
03-10 11:16:23 Label counts train: Counter({0: 100, 1: 100, 3: 100, 2: 100})
03-10 11:16:23 Label counts val:   Counter({0: 100, 1: 100, 2: 100, 3: 100})
03-10 11:16:23 Label counts test:  Counter({3: 100, 0: 100, 1: 100, 2: 100})
03-10 11:16:23 Label counts classifier:  Counter({3: 10, 0: 10, 1: 10, 2: 10})
03-10 11:16:25 Loaded best checkpoint from ./anomaly_detection/SSF_CWRU_0310-110729/best_pt (val_loss=-0.9506997346878052)
03-10 11:16:25 Loaded best checkpoint from ./anomaly_detection/SSF_CWRU_0310-110729/best_pt (val_loss=-0.9506997346878052)
03-10 11:16:25 TEST (best): loss -0.9529
03-10 11:16:26 [LP epoch 00] train_loss=1.3087 train_acc=0.4000 | val_loss=1.2795 val_acc=0.6075 | 
03-10 11:16:26 [LP epoch 01] train_loss=1.0819 train_acc=0.6000 | val_loss=1.2219 val_acc=0.7700 | 
03-10 11:16:26 [LP epoch 02] train_loss=0.9810 train_acc=0.6250 | val_loss=1.1735 val_acc=0.7975 | 
03-10 11:16:26 [LP epoch 03] train_loss=0.9110 train_acc=0.8000 | val_loss=1.1283 val_acc=0.8075 | 
03-10 11:16:26 [LP epoch 04] train_loss=0.8414 train_acc=0.9000 | val_loss=1.0803 val_acc=0.8375 | 
03-10 11:16:27 [LP epoch 05] train_loss=0.8323 train_acc=0.9000 | val_loss=1.0366 val_acc=0.8600 | 
03-10 11:16:27 [LP epoch 06] train_loss=0.7780 train_acc=0.9000 | val_loss=0.9887 val_acc=0.8775 | 
03-10 11:16:27 [LP epoch 07] train_loss=0.7566 train_acc=0.9000 | val_loss=0.9480 val_acc=0.8925 | 
03-10 11:16:27 [LP epoch 08] train_loss=0.7439 train_acc=0.9250 | val_loss=0.9084 val_acc=0.9000 | 
03-10 11:16:27 [LP epoch 09] train_loss=0.7131 train_acc=0.9000 | val_loss=0.8719 val_acc=0.9000 | 
03-10 11:16:27 [LP epoch 10] train_loss=0.6962 train_acc=0.9000 | val_loss=0.8388 val_acc=0.8950 | 
03-10 11:16:28 [LP epoch 11] train_loss=0.7116 train_acc=0.9000 | val_loss=0.8049 val_acc=0.9000 | 
03-10 11:16:28 [LP epoch 12] train_loss=0.6622 train_acc=0.9250 | val_loss=0.7735 val_acc=0.9000 | 
03-10 11:16:28 [LP epoch 13] train_loss=0.6358 train_acc=0.9750 | val_loss=0.7443 val_acc=0.9025 | 
03-10 11:16:28 [LP epoch 14] train_loss=0.6274 train_acc=0.9750 | val_loss=0.7136 val_acc=0.9050 | 
03-10 11:16:28 [LP epoch 15] train_loss=0.6441 train_acc=0.9500 | val_loss=0.6868 val_acc=0.9100 | 
03-10 11:16:28 [LP epoch 16] train_loss=0.5872 train_acc=0.9750 | val_loss=0.6636 val_acc=0.9100 | 
03-10 11:16:28 [LP epoch 17] train_loss=0.5742 train_acc=0.9750 | val_loss=0.6422 val_acc=0.9100 | 
03-10 11:16:29 [LP epoch 18] train_loss=0.6221 train_acc=0.9250 | val_loss=0.6251 val_acc=0.9075 | 
03-10 11:16:29 [LP epoch 19] train_loss=0.5816 train_acc=0.9250 | val_loss=0.6119 val_acc=0.9100 | 
03-10 11:16:29 [LP epoch 20] train_loss=0.5367 train_acc=1.0000 | val_loss=0.6015 val_acc=0.9025 | 
03-10 11:16:29 [LP epoch 21] train_loss=0.5396 train_acc=0.9750 | val_loss=0.5912 val_acc=0.9000 | 
03-10 11:16:29 [LP epoch 22] train_loss=0.5443 train_acc=1.0000 | val_loss=0.5816 val_acc=0.9025 | 
03-10 11:16:29 [LP epoch 23] train_loss=0.5372 train_acc=1.0000 | val_loss=0.5729 val_acc=0.8975 | 
03-10 11:16:30 [LP epoch 24] train_loss=0.5224 train_acc=0.9750 | val_loss=0.5711 val_acc=0.8950 | 
03-10 11:16:30 [LP epoch 25] train_loss=0.4974 train_acc=1.0000 | val_loss=0.5669 val_acc=0.8950 | 
03-10 11:16:30 [LP epoch 26] train_loss=0.4902 train_acc=1.0000 | val_loss=0.5507 val_acc=0.9075 | 
03-10 11:16:30 [LP epoch 27] train_loss=0.4895 train_acc=0.9750 | val_loss=0.5364 val_acc=0.9150 | 
03-10 11:16:30 [LP epoch 28] train_loss=0.4756 train_acc=1.0000 | val_loss=0.5217 val_acc=0.9300 | 
03-10 11:16:30 [LP epoch 29] train_loss=0.4592 train_acc=1.0000 | val_loss=0.5083 val_acc=0.9300 | 
03-10 11:16:30 [LP epoch 30] train_loss=0.4927 train_acc=1.0000 | val_loss=0.4972 val_acc=0.9350 | 
03-10 11:16:31 [LP epoch 31] train_loss=0.4416 train_acc=1.0000 | val_loss=0.4865 val_acc=0.9600 | 
03-10 11:16:31 [LP epoch 32] train_loss=0.4648 train_acc=0.9750 | val_loss=0.4805 val_acc=0.9750 | 
03-10 11:16:31 [LP epoch 33] train_loss=0.4331 train_acc=1.0000 | val_loss=0.4774 val_acc=0.9775 | 
03-10 11:16:31 [LP epoch 34] train_loss=0.5406 train_acc=0.9500 | val_loss=0.4681 val_acc=0.9800 | 
03-10 11:16:31 [LP epoch 35] train_loss=0.4299 train_acc=1.0000 | val_loss=0.4642 val_acc=0.9925 | 
03-10 11:16:31 [LP epoch 36] train_loss=0.4222 train_acc=1.0000 | val_loss=0.4635 val_acc=0.9900 | 
03-10 11:16:32 [LP epoch 37] train_loss=0.4251 train_acc=1.0000 | val_loss=0.4611 val_acc=0.9900 | 
03-10 11:16:32 [LP epoch 38] train_loss=0.4707 train_acc=0.9500 | val_loss=0.4639 val_acc=0.9900 | 
03-10 11:16:32 [LP epoch 39] train_loss=0.4683 train_acc=1.0000 | val_loss=0.4752 val_acc=0.9925 | 
03-10 11:16:32 [LP epoch 40] train_loss=0.4325 train_acc=1.0000 | val_loss=0.4760 val_acc=0.9900 | 
03-10 11:16:32 [LP epoch 41] train_loss=0.4445 train_acc=1.0000 | val_loss=0.4584 val_acc=0.9875 | 
03-10 11:16:32 [LP epoch 42] train_loss=0.4334 train_acc=1.0000 | val_loss=0.4406 val_acc=0.9900 | 
03-10 11:16:32 [LP epoch 43] train_loss=0.4107 train_acc=1.0000 | val_loss=0.4345 val_acc=0.9925 | 
03-10 11:16:33 [LP epoch 44] train_loss=0.4162 train_acc=1.0000 | val_loss=0.4358 val_acc=0.9900 | 
03-10 11:16:33 [LP epoch 45] train_loss=0.4281 train_acc=1.0000 | val_loss=0.4313 val_acc=0.9900 | 
03-10 11:16:33 [LP epoch 46] train_loss=0.4008 train_acc=1.0000 | val_loss=0.4278 val_acc=0.9900 | 
03-10 11:16:33 [LP epoch 47] train_loss=0.4076 train_acc=1.0000 | val_loss=0.4268 val_acc=0.9925 | 
03-10 11:16:33 [LP epoch 48] train_loss=0.3980 train_acc=1.0000 | val_loss=0.4312 val_acc=0.9950 | 
03-10 11:16:34 [LP epoch 49] train_loss=0.4198 train_acc=1.0000 | val_loss=0.4406 val_acc=0.9925 | 
03-10 11:16:34 Saved linear-probe checkpoint: ./anomaly_detection\SSF_CWRU_0310-111623\linear_probe_best.pt (best_val_acc=0.9950)
03-10 11:16:34 TEST linear-probe: loss=0.4421 acc=0.9975
