03-04 10:12:08 model_name: SSF
03-04 10:12:08 data_name: CWRU
03-04 10:12:08 aug_1: randomcrop
03-04 10:12:08 aug_2: scale
03-04 10:12:08 max_epoch: 100
03-04 10:12:08 classifier_epoch: 50
03-04 10:12:08 data_view: TwoViewDataset
03-04 10:12:08 cuda_device: 0
03-04 10:12:08 checkpoint_dir: ./checkpoint
03-04 10:12:08 batch_size: 64
03-04 10:12:08 data_dir: raw_data/CWRU
03-04 10:12:08 out_channel: 4
03-04 10:12:08 normlizetype: minus_one_one
03-04 10:12:08 processing_type: RA
03-04 10:12:08 opt: sgd
03-04 10:12:08 lr: 0.05
03-04 10:12:08 momentum: 0.9
03-04 10:12:08 weight_decay: 1e-05
03-04 10:12:08 lr_scheduler: cos
03-04 10:12:08 gamma: 0.95
03-04 10:12:08 eta_min: 1e-05
03-04 10:12:08 latent_space: 128
03-04 10:12:08 num_blocks_ssf: 5
03-04 10:12:08 hidden_channel: 256
03-04 10:12:08 task: self_supervised
03-04 10:12:08 critetion: <class 'utils.loss_SSL.SimSiamLoss'>
03-04 10:12:08 using 1 gpus
03-04 10:12:08 Dataset class: <class 'data_utils.datasets.CWRU.CWRU'>
03-04 10:12:08 Split sizes: train=2870 val=100 test=100, classier=10
03-04 10:12:08 Label counts train: Counter({0: 1543, 1: 443, 3: 443, 2: 441})
03-04 10:12:08 Label counts val:   Counter({0: 54, 1: 16, 3: 15, 2: 15})
03-04 10:12:08 Label counts test:  Counter({0: 54, 1: 16, 3: 15, 2: 15})
03-04 10:12:08 Label counts classifier:  Counter({0: 5, 2: 2, 3: 2, 1: 1})
03-04 10:12:10 -----Epoch 0/99-----
03-04 10:12:12 current lr: 0.05
03-04 10:12:12 Saved best checkpoint to ./checkpoint\SSF_CWRU_0304-101208\best_pt (val_loss=-0.9772)
03-04 10:12:12 Epoch 000 Train loss -0.8875 | Val loss -0.9772
03-04 10:12:12 -----Epoch 1/99-----
03-04 10:12:14 current lr: 0.0499877
03-04 10:12:14 Saved best checkpoint to ./checkpoint\SSF_CWRU_0304-101208\best_pt (val_loss=-0.9802)
03-04 10:12:14 Epoch 001 Train loss -0.9758 | Val loss -0.9802
03-04 10:12:14 -----Epoch 2/99-----
03-04 10:12:15 current lr: 0.0499507
03-04 10:12:15 Saved best checkpoint to ./checkpoint\SSF_CWRU_0304-101208\best_pt (val_loss=-0.9895)
03-04 10:12:15 Epoch 002 Train loss -0.9859 | Val loss -0.9895
03-04 10:12:15 -----Epoch 3/99-----
03-04 10:12:17 current lr: 0.0498891
03-04 10:12:17 Saved best checkpoint to ./checkpoint\SSF_CWRU_0304-101208\best_pt (val_loss=-0.9933)
03-04 10:12:17 Epoch 003 Train loss -0.9899 | Val loss -0.9933
03-04 10:12:17 -----Epoch 4/99-----
03-04 10:12:19 current lr: 0.0498029
03-04 10:12:19 Saved best checkpoint to ./checkpoint\SSF_CWRU_0304-101208\best_pt (val_loss=-0.9946)
03-04 10:12:19 Epoch 004 Train loss -0.9926 | Val loss -0.9946
03-04 10:12:19 -----Epoch 5/99-----
03-04 10:12:20 current lr: 0.0496923
03-04 10:12:20 Saved best checkpoint to ./checkpoint\SSF_CWRU_0304-101208\best_pt (val_loss=-0.9950)
03-04 10:12:20 Epoch 005 Train loss -0.9936 | Val loss -0.9950
03-04 10:12:20 -----Epoch 6/99-----
