02-24 10:03:08 model_name: SSF
02-24 10:03:08 data_name: XJTU
02-24 10:03:08 aug_1: normal
02-24 10:03:08 aug_2: randomcrop
02-24 10:03:08 max_epoch: 20
02-24 10:03:08 classifier_epoch: 50
02-24 10:03:08 data_view: TwoViewDataset
02-24 10:03:08 cuda_device: 0
02-24 10:03:08 checkpoint_dir: ./checkpoint
02-24 10:03:08 batch_size: 32
02-24 10:03:08 data_dir: raw_data/XJTU/XJTU-SY_Bearing_Datasets/XJTU-SY_Bearing_Datasets
02-24 10:03:08 out_channel: 10
02-24 10:03:08 normlizetype: minus_one_one
02-24 10:03:08 processing_type: RA
02-24 10:03:08 opt: sgd
02-24 10:03:08 lr: 0.01
02-24 10:03:08 momentum: 0.9
02-24 10:03:08 weight_decay: 1e-05
02-24 10:03:08 lr_scheduler: cos
02-24 10:03:08 gamma: 0.1
02-24 10:03:08 eta_min: 1e-05
02-24 10:03:08 latent_space: 256
02-24 10:03:08 task: self_supervised
02-24 10:03:08 critetion: <class 'utils.loss_SSL.SimSiamLoss'>
02-24 10:03:08 using 1 gpus
02-24 10:03:08 Dataset class: <class 'data_utils.datasets.XJTU.XJTU'>
02-24 10:03:09 Split sizes: train=1344 val=144 test=288, classier=144
02-24 10:03:09 Label counts train: Counter({5: 90, 14: 90, 13: 90, 9: 90, 11: 90, 0: 90, 1: 90, 2: 90, 8: 90, 3: 89, 6: 89, 7: 89, 10: 89, 4: 89, 12: 89})
02-24 10:03:09 Label counts val:   Counter({4: 10, 0: 10, 7: 10, 13: 10, 12: 10, 3: 10, 10: 10, 11: 10, 2: 10, 5: 9, 14: 9, 9: 9, 8: 9, 1: 9, 6: 9})
02-24 10:03:09 Label counts test:  Counter({7: 20, 10: 20, 6: 20, 11: 19, 5: 19, 9: 19, 14: 19, 8: 19, 0: 19, 12: 19, 2: 19, 13: 19, 4: 19, 3: 19, 1: 19})
02-24 10:03:09 Label counts classifier:  Counter({9: 10, 8: 10, 1: 10, 6: 10, 5: 10, 3: 10, 4: 10, 12: 10, 14: 10, 2: 9, 0: 9, 11: 9, 10: 9, 7: 9, 13: 9})
02-24 10:03:10 -----Epoch 0/19-----
02-24 10:03:12 current lr: 0.01
02-24 10:03:12 Saved best checkpoint to ./checkpoint\SSF_XJTU_0224-100308\best_pt (val_loss=-0.1831)
02-24 10:03:12 Epoch 000 Train loss -0.1033 | Val loss -0.1831
02-24 10:03:12 -----Epoch 1/19-----
02-24 10:03:13 current lr: 0.0099385
02-24 10:03:13 Saved best checkpoint to ./checkpoint\SSF_XJTU_0224-100308\best_pt (val_loss=-0.4263)
02-24 10:03:13 Epoch 001 Train loss -0.3169 | Val loss -0.4263
02-24 10:03:13 -----Epoch 2/19-----
02-24 10:03:14 current lr: 0.00975553
02-24 10:03:14 Saved best checkpoint to ./checkpoint\SSF_XJTU_0224-100308\best_pt (val_loss=-0.5779)
02-24 10:03:14 Epoch 002 Train loss -0.5003 | Val loss -0.5779
02-24 10:03:14 -----Epoch 3/19-----
02-24 10:03:15 current lr: 0.00945558
02-24 10:03:15 Saved best checkpoint to ./checkpoint\SSF_XJTU_0224-100308\best_pt (val_loss=-0.6542)
02-24 10:03:15 Epoch 003 Train loss -0.6340 | Val loss -0.6542
02-24 10:03:15 -----Epoch 4/19-----
02-24 10:03:16 current lr: 0.00904604
02-24 10:03:16 Saved best checkpoint to ./checkpoint\SSF_XJTU_0224-100308\best_pt (val_loss=-0.7528)
02-24 10:03:16 Epoch 004 Train loss -0.7212 | Val loss -0.7528
02-24 10:03:16 -----Epoch 5/19-----
02-24 10:03:17 current lr: 0.008537
02-24 10:03:17 Saved best checkpoint to ./checkpoint\SSF_XJTU_0224-100308\best_pt (val_loss=-0.7982)
02-24 10:03:17 Epoch 005 Train loss -0.7800 | Val loss -0.7982
02-24 10:03:17 -----Epoch 6/19-----
02-24 10:03:18 current lr: 0.00794099
02-24 10:03:18 Saved best checkpoint to ./checkpoint\SSF_XJTU_0224-100308\best_pt (val_loss=-0.8316)
02-24 10:03:18 Epoch 006 Train loss -0.8192 | Val loss -0.8316
02-24 10:03:18 -----Epoch 7/19-----
02-24 10:03:19 current lr: 0.00727268
02-24 10:03:19 Saved best checkpoint to ./checkpoint\SSF_XJTU_0224-100308\best_pt (val_loss=-0.8519)
02-24 10:03:19 Epoch 007 Train loss -0.8454 | Val loss -0.8519
02-24 10:03:19 -----Epoch 8/19-----
02-24 10:03:20 current lr: 0.00654854
02-24 10:03:20 Saved best checkpoint to ./checkpoint\SSF_XJTU_0224-100308\best_pt (val_loss=-0.8660)
02-24 10:03:20 Epoch 008 Train loss -0.8626 | Val loss -0.8660
02-24 10:03:20 -----Epoch 9/19-----
02-24 10:03:21 current lr: 0.00578639
02-24 10:03:21 Saved best checkpoint to ./checkpoint\SSF_XJTU_0224-100308\best_pt (val_loss=-0.8758)
02-24 10:03:21 Epoch 009 Train loss -0.8739 | Val loss -0.8758
02-24 10:03:21 -----Epoch 10/19-----
02-24 10:03:22 current lr: 0.005005
02-24 10:03:22 Saved best checkpoint to ./checkpoint\SSF_XJTU_0224-100308\best_pt (val_loss=-0.8813)
02-24 10:03:22 Epoch 010 Train loss -0.8816 | Val loss -0.8813
02-24 10:03:22 -----Epoch 11/19-----
02-24 10:03:23 current lr: 0.00422361
02-24 10:03:23 Saved best checkpoint to ./checkpoint\SSF_XJTU_0224-100308\best_pt (val_loss=-0.8861)
02-24 10:03:23 Epoch 011 Train loss -0.8873 | Val loss -0.8861
02-24 10:03:23 -----Epoch 12/19-----
02-24 10:03:24 current lr: 0.00346146
02-24 10:03:24 Saved best checkpoint to ./checkpoint\SSF_XJTU_0224-100308\best_pt (val_loss=-0.8893)
02-24 10:03:24 Epoch 012 Train loss -0.8916 | Val loss -0.8893
02-24 10:03:24 -----Epoch 13/19-----
02-24 10:03:25 current lr: 0.00273732
02-24 10:03:25 Saved best checkpoint to ./checkpoint\SSF_XJTU_0224-100308\best_pt (val_loss=-0.8919)
02-24 10:03:25 Epoch 013 Train loss -0.8947 | Val loss -0.8919
02-24 10:03:25 -----Epoch 14/19-----
02-24 10:03:26 current lr: 0.00206901
02-24 10:03:26 Saved best checkpoint to ./checkpoint\SSF_XJTU_0224-100308\best_pt (val_loss=-0.8942)
02-24 10:03:26 Epoch 014 Train loss -0.8969 | Val loss -0.8942
02-24 10:03:26 -----Epoch 15/19-----
02-24 10:03:27 current lr: 0.001473
02-24 10:03:27 Saved best checkpoint to ./checkpoint\SSF_XJTU_0224-100308\best_pt (val_loss=-0.8957)
02-24 10:03:27 Epoch 015 Train loss -0.8984 | Val loss -0.8957
02-24 10:03:27 -----Epoch 16/19-----
02-24 10:03:28 current lr: 0.00096396
02-24 10:03:28 Saved best checkpoint to ./checkpoint\SSF_XJTU_0224-100308\best_pt (val_loss=-0.8965)
02-24 10:03:28 Epoch 016 Train loss -0.8995 | Val loss -0.8965
02-24 10:03:28 -----Epoch 17/19-----
02-24 10:03:29 current lr: 0.000554422
02-24 10:03:29 Saved best checkpoint to ./checkpoint\SSF_XJTU_0224-100308\best_pt (val_loss=-0.8968)
02-24 10:03:29 Epoch 017 Train loss -0.9002 | Val loss -0.8968
02-24 10:03:29 -----Epoch 18/19-----
02-24 10:03:30 current lr: 0.000254473
02-24 10:03:30 Saved best checkpoint to ./checkpoint\SSF_XJTU_0224-100308\best_pt (val_loss=-0.8970)
02-24 10:03:30 Epoch 018 Train loss -0.9005 | Val loss -0.8970
02-24 10:03:30 -----Epoch 19/19-----
02-24 10:03:31 current lr: 7.14967e-05
02-24 10:03:31 Saved best checkpoint to ./checkpoint\SSF_XJTU_0224-100308\best_pt (val_loss=-0.8971)
02-24 10:03:31 Epoch 019 Train loss -0.9007 | Val loss -0.8971
02-24 10:03:31 TEST (last): loss -0.8965
