03-03 09:30:38 model_name: SSF
03-03 09:30:38 data_name: PU
03-03 09:30:38 aug_1: gaussian
03-03 09:30:38 aug_2: gaussian
03-03 09:30:38 max_epoch: 20
03-03 09:30:38 classifier_epoch: 50
03-03 09:30:38 data_view: TwoViewDataset
03-03 09:30:38 cuda_device: 0
03-03 09:30:38 checkpoint_dir: ./checkpoint
03-03 09:30:38 batch_size: 32
03-03 09:30:38 data_dir: raw_data/PU
03-03 09:30:38 out_channel: 4
03-03 09:30:38 normlizetype: minus_one_one
03-03 09:30:38 processing_type: RA
03-03 09:30:38 opt: sgd
03-03 09:30:38 lr: 0.01
03-03 09:30:38 momentum: 0.9
03-03 09:30:38 weight_decay: 1e-05
03-03 09:30:38 lr_scheduler: cos
03-03 09:30:38 gamma: 0.1
03-03 09:30:38 eta_min: 1e-05
03-03 09:30:38 latent_space: 96
03-03 09:30:38 num_blocks_ssf: 5
03-03 09:30:38 task: self_supervised
03-03 09:30:38 critetion: <class 'utils.loss_SSL.SimSiamLoss'>
03-03 09:30:38 using 1 gpus
03-03 09:30:38 Dataset class: <class 'data_utils.datasets.PU.PU'>
03-03 09:30:39 Split sizes: train=12607 val=1350 test=2702, classier=1351
03-03 09:30:40 Label counts train: Counter({3: 3504, 0: 3501, 1: 3500, 2: 2102})
03-03 09:30:40 Label counts val:   Counter({1: 375, 0: 375, 3: 375, 2: 225})
03-03 09:30:41 Label counts test:  Counter({3: 751, 1: 750, 0: 750, 2: 451})
03-03 09:30:41 Label counts classifier:  Counter({3: 376, 1: 375, 0: 375, 2: 225})
03-03 09:30:42 -----Epoch 0/19-----
03-03 09:30:53 current lr: 0.01
03-03 09:30:53 Saved best checkpoint to ./checkpoint\SSF_PU_0303-093038\best_pt (val_loss=-0.9876)
03-03 09:30:53 Epoch 000 Train loss -0.9597 | Val loss -0.9876
03-03 09:30:53 -----Epoch 1/19-----
03-03 09:31:04 current lr: 0.0099385
03-03 09:31:04 Saved best checkpoint to ./checkpoint\SSF_PU_0303-093038\best_pt (val_loss=-0.9904)
03-03 09:31:04 Epoch 001 Train loss -0.9897 | Val loss -0.9904
03-03 09:31:04 -----Epoch 2/19-----
03-03 09:31:16 current lr: 0.00975553
03-03 09:31:16 Saved best checkpoint to ./checkpoint\SSF_PU_0303-093038\best_pt (val_loss=-0.9912)
03-03 09:31:16 Epoch 002 Train loss -0.9909 | Val loss -0.9912
03-03 09:31:16 -----Epoch 3/19-----
03-03 09:31:26 current lr: 0.00945558
03-03 09:31:26 Saved best checkpoint to ./checkpoint\SSF_PU_0303-093038\best_pt (val_loss=-0.9927)
03-03 09:31:26 Epoch 003 Train loss -0.9919 | Val loss -0.9927
03-03 09:31:26 -----Epoch 4/19-----
03-03 09:31:37 current lr: 0.00904604
03-03 09:31:37 Saved best checkpoint to ./checkpoint\SSF_PU_0303-093038\best_pt (val_loss=-0.9938)
03-03 09:31:37 Epoch 004 Train loss -0.9930 | Val loss -0.9938
03-03 09:31:37 -----Epoch 5/19-----
03-03 09:31:49 current lr: 0.008537
03-03 09:31:49 Saved best checkpoint to ./checkpoint\SSF_PU_0303-093038\best_pt (val_loss=-0.9944)
03-03 09:31:49 Epoch 005 Train loss -0.9937 | Val loss -0.9944
03-03 09:31:49 -----Epoch 6/19-----
03-03 09:31:59 current lr: 0.00794099
03-03 09:31:59 Saved best checkpoint to ./checkpoint\SSF_PU_0303-093038\best_pt (val_loss=-0.9948)
03-03 09:31:59 Epoch 006 Train loss -0.9941 | Val loss -0.9948
03-03 09:31:59 -----Epoch 7/19-----
03-03 09:32:09 current lr: 0.00727268
03-03 09:32:10 Saved best checkpoint to ./checkpoint\SSF_PU_0303-093038\best_pt (val_loss=-0.9951)
03-03 09:32:10 Epoch 007 Train loss -0.9944 | Val loss -0.9951
03-03 09:32:10 -----Epoch 8/19-----
03-03 09:32:20 current lr: 0.00654854
03-03 09:32:20 Saved best checkpoint to ./checkpoint\SSF_PU_0303-093038\best_pt (val_loss=-0.9953)
03-03 09:32:20 Epoch 008 Train loss -0.9947 | Val loss -0.9953
03-03 09:32:20 -----Epoch 9/19-----
03-03 09:32:30 current lr: 0.00578639
03-03 09:32:30 Saved best checkpoint to ./checkpoint\SSF_PU_0303-093038\best_pt (val_loss=-0.9955)
03-03 09:32:30 Epoch 009 Train loss -0.9948 | Val loss -0.9955
03-03 09:32:30 -----Epoch 10/19-----
03-03 09:32:41 current lr: 0.005005
03-03 09:32:41 Saved best checkpoint to ./checkpoint\SSF_PU_0303-093038\best_pt (val_loss=-0.9956)
03-03 09:32:41 Epoch 010 Train loss -0.9950 | Val loss -0.9956
03-03 09:32:41 -----Epoch 11/19-----
03-03 09:32:53 current lr: 0.00422361
03-03 09:32:53 Saved best checkpoint to ./checkpoint\SSF_PU_0303-093038\best_pt (val_loss=-0.9957)
03-03 09:32:53 Epoch 011 Train loss -0.9951 | Val loss -0.9957
03-03 09:32:53 -----Epoch 12/19-----
03-03 09:33:02 current lr: 0.00346146
03-03 09:33:02 Saved best checkpoint to ./checkpoint\SSF_PU_0303-093038\best_pt (val_loss=-0.9958)
03-03 09:33:02 Epoch 012 Train loss -0.9951 | Val loss -0.9958
03-03 09:33:02 -----Epoch 13/19-----
03-03 09:33:13 current lr: 0.00273732
03-03 09:33:13 Saved best checkpoint to ./checkpoint\SSF_PU_0303-093038\best_pt (val_loss=-0.9958)
03-03 09:33:13 Epoch 013 Train loss -0.9952 | Val loss -0.9958
03-03 09:33:13 -----Epoch 14/19-----
03-03 09:33:25 current lr: 0.00206901
03-03 09:33:25 Saved best checkpoint to ./checkpoint\SSF_PU_0303-093038\best_pt (val_loss=-0.9959)
03-03 09:33:25 Epoch 014 Train loss -0.9952 | Val loss -0.9959
03-03 09:33:25 -----Epoch 15/19-----
03-03 09:33:36 current lr: 0.001473
03-03 09:33:36 Saved best checkpoint to ./checkpoint\SSF_PU_0303-093038\best_pt (val_loss=-0.9959)
03-03 09:33:36 Epoch 015 Train loss -0.9953 | Val loss -0.9959
03-03 09:33:36 -----Epoch 16/19-----
03-03 09:33:47 current lr: 0.00096396
03-03 09:33:47 Saved best checkpoint to ./checkpoint\SSF_PU_0303-093038\best_pt (val_loss=-0.9959)
03-03 09:33:47 Epoch 016 Train loss -0.9953 | Val loss -0.9959
03-03 09:33:47 -----Epoch 17/19-----
03-03 09:33:58 current lr: 0.000554422
03-03 09:33:58 Saved best checkpoint to ./checkpoint\SSF_PU_0303-093038\best_pt (val_loss=-0.9959)
03-03 09:33:58 Epoch 017 Train loss -0.9953 | Val loss -0.9959
03-03 09:33:58 -----Epoch 18/19-----
03-03 09:34:08 current lr: 0.000254473
03-03 09:34:08 Saved best checkpoint to ./checkpoint\SSF_PU_0303-093038\best_pt (val_loss=-0.9959)
03-03 09:34:08 Epoch 018 Train loss -0.9953 | Val loss -0.9959
03-03 09:34:08 -----Epoch 19/19-----
03-03 09:34:20 current lr: 7.14967e-05
03-03 09:34:20 Saved best checkpoint to ./checkpoint\SSF_PU_0303-093038\best_pt (val_loss=-0.9959)
03-03 09:34:20 Epoch 019 Train loss -0.9953 | Val loss -0.9959
03-03 09:34:20 TEST (last): loss -0.9959
03-03 09:34:21 [LP epoch 00] train_loss=1.2682 train_acc=0.4463 | val_loss=1.1803 val_acc=0.5430 | 
03-03 09:34:22 [LP epoch 01] train_loss=1.0826 train_acc=0.5922 | val_loss=1.0421 val_acc=0.5993 | 
03-03 09:34:23 [LP epoch 02] train_loss=0.9849 train_acc=0.6321 | val_loss=0.9633 val_acc=0.6304 | 
03-03 09:34:24 [LP epoch 03] train_loss=0.9137 train_acc=0.6573 | val_loss=0.9221 val_acc=0.6496 | 
03-03 09:34:25 [LP epoch 04] train_loss=0.8707 train_acc=0.6832 | val_loss=0.8857 val_acc=0.6600 | 
03-03 09:34:25 [LP epoch 05] train_loss=0.8374 train_acc=0.6913 | val_loss=0.8611 val_acc=0.6644 | 
03-03 09:34:26 [LP epoch 06] train_loss=0.8063 train_acc=0.7017 | val_loss=0.8382 val_acc=0.6800 | 
03-03 09:34:27 [LP epoch 07] train_loss=0.7802 train_acc=0.7047 | val_loss=0.8163 val_acc=0.6800 | 
03-03 09:34:28 [LP epoch 08] train_loss=0.7575 train_acc=0.7209 | val_loss=0.7992 val_acc=0.6859 | 
03-03 09:34:29 [LP epoch 09] train_loss=0.7351 train_acc=0.7291 | val_loss=0.7780 val_acc=0.6844 | 
03-03 09:34:30 [LP epoch 10] train_loss=0.7167 train_acc=0.7343 | val_loss=0.7703 val_acc=0.6926 | 
03-03 09:34:30 [LP epoch 11] train_loss=0.7058 train_acc=0.7380 | val_loss=0.7639 val_acc=0.6956 | 
03-03 09:34:31 [LP epoch 12] train_loss=0.6950 train_acc=0.7432 | val_loss=0.7498 val_acc=0.7022 | 
03-03 09:34:32 [LP epoch 13] train_loss=0.6819 train_acc=0.7513 | val_loss=0.7411 val_acc=0.7111 | 
03-03 09:34:33 [LP epoch 14] train_loss=0.6636 train_acc=0.7602 | val_loss=0.7273 val_acc=0.7067 | 
03-03 09:34:34 [LP epoch 15] train_loss=0.6546 train_acc=0.7580 | val_loss=0.7228 val_acc=0.7059 | 
03-03 09:34:35 [LP epoch 16] train_loss=0.6556 train_acc=0.7557 | val_loss=0.7243 val_acc=0.7030 | 
03-03 09:34:35 [LP epoch 17] train_loss=0.6422 train_acc=0.7528 | val_loss=0.7216 val_acc=0.7089 | 
03-03 09:34:36 [LP epoch 18] train_loss=0.6358 train_acc=0.7594 | val_loss=0.7102 val_acc=0.7141 | 
03-03 09:34:37 [LP epoch 19] train_loss=0.6243 train_acc=0.7594 | val_loss=0.7194 val_acc=0.7067 | 
03-03 09:34:38 [LP epoch 20] train_loss=0.6213 train_acc=0.7668 | val_loss=0.7057 val_acc=0.7215 | 
03-03 09:34:39 [LP epoch 21] train_loss=0.6074 train_acc=0.7639 | val_loss=0.7128 val_acc=0.7230 | 
03-03 09:34:39 [LP epoch 22] train_loss=0.6038 train_acc=0.7735 | val_loss=0.7033 val_acc=0.7148 | 
03-03 09:34:40 [LP epoch 23] train_loss=0.5946 train_acc=0.7720 | val_loss=0.6936 val_acc=0.7185 | 
03-03 09:34:41 [LP epoch 24] train_loss=0.5889 train_acc=0.7683 | val_loss=0.6966 val_acc=0.7244 | 
03-03 09:34:42 [LP epoch 25] train_loss=0.5752 train_acc=0.7735 | val_loss=0.6835 val_acc=0.7259 | 
03-03 09:34:42 [LP epoch 26] train_loss=0.5689 train_acc=0.7765 | val_loss=0.6920 val_acc=0.7311 | 
03-03 09:34:43 [LP epoch 27] train_loss=0.5621 train_acc=0.7772 | val_loss=0.6959 val_acc=0.7222 | 
03-03 09:34:44 [LP epoch 28] train_loss=0.5629 train_acc=0.7868 | val_loss=0.6863 val_acc=0.7259 | 
03-03 09:34:45 [LP epoch 29] train_loss=0.5529 train_acc=0.7876 | val_loss=0.6859 val_acc=0.7296 | 
03-03 09:34:45 [LP epoch 30] train_loss=0.5427 train_acc=0.7890 | val_loss=0.6791 val_acc=0.7296 | 
03-03 09:34:46 [LP epoch 31] train_loss=0.5480 train_acc=0.7779 | val_loss=0.6717 val_acc=0.7341 | 
03-03 09:34:47 [LP epoch 32] train_loss=0.5438 train_acc=0.7802 | val_loss=0.6777 val_acc=0.7281 | 
03-03 09:34:48 [LP epoch 33] train_loss=0.5481 train_acc=0.7853 | val_loss=0.6795 val_acc=0.7244 | 
03-03 09:34:49 [LP epoch 34] train_loss=0.5335 train_acc=0.7972 | val_loss=0.6684 val_acc=0.7356 | 
03-03 09:34:50 [LP epoch 35] train_loss=0.5405 train_acc=0.7853 | val_loss=0.6725 val_acc=0.7289 | 
03-03 09:34:51 [LP epoch 36] train_loss=0.5337 train_acc=0.7942 | val_loss=0.6662 val_acc=0.7281 | 
03-03 09:34:51 [LP epoch 37] train_loss=0.5237 train_acc=0.8001 | val_loss=0.6716 val_acc=0.7230 | 
03-03 09:34:52 [LP epoch 38] train_loss=0.5218 train_acc=0.8016 | val_loss=0.6643 val_acc=0.7304 | 
03-03 09:34:53 [LP epoch 39] train_loss=0.5231 train_acc=0.7972 | val_loss=0.6627 val_acc=0.7326 | 
03-03 09:34:53 [LP epoch 40] train_loss=0.5113 train_acc=0.8075 | val_loss=0.6722 val_acc=0.7326 | 
03-03 09:34:54 [LP epoch 41] train_loss=0.5101 train_acc=0.8090 | val_loss=0.6652 val_acc=0.7333 | 
03-03 09:34:55 [LP epoch 42] train_loss=0.5125 train_acc=0.8061 | val_loss=0.6625 val_acc=0.7333 | 
03-03 09:34:56 [LP epoch 43] train_loss=0.5065 train_acc=0.8061 | val_loss=0.6654 val_acc=0.7348 | 
03-03 09:34:57 [LP epoch 44] train_loss=0.4981 train_acc=0.8083 | val_loss=0.6726 val_acc=0.7304 | 
03-03 09:34:57 [LP epoch 45] train_loss=0.5048 train_acc=0.8009 | val_loss=0.6706 val_acc=0.7267 | 
03-03 09:34:58 [LP epoch 46] train_loss=0.4961 train_acc=0.8113 | val_loss=0.6603 val_acc=0.7378 | 
03-03 09:34:59 [LP epoch 47] train_loss=0.4842 train_acc=0.8194 | val_loss=0.6673 val_acc=0.7326 | 
03-03 09:35:00 [LP epoch 48] train_loss=0.4931 train_acc=0.8068 | val_loss=0.6737 val_acc=0.7326 | 
03-03 09:35:01 [LP epoch 49] train_loss=0.4936 train_acc=0.8135 | val_loss=0.6674 val_acc=0.7341 | 
03-03 09:35:01 Saved linear-probe checkpoint: ./checkpoint\SSF_PU_0303-093038\linear_probe_best.pt (best_val_acc=0.7378)
03-03 09:35:02 TEST linear-probe: loss=0.6231 acc=0.7594
03-03 09:35:02 model_name: SSF
03-03 09:35:02 data_name: PU
03-03 09:35:02 aug_1: gaussian
03-03 09:35:02 aug_2: normal
03-03 09:35:02 max_epoch: 20
03-03 09:35:02 classifier_epoch: 50
03-03 09:35:02 data_view: TwoViewDataset
03-03 09:35:02 cuda_device: 0
03-03 09:35:02 checkpoint_dir: ./checkpoint
03-03 09:35:02 batch_size: 32
03-03 09:35:02 data_dir: raw_data/PU
03-03 09:35:02 out_channel: 4
03-03 09:35:02 normlizetype: minus_one_one
03-03 09:35:02 processing_type: RA
03-03 09:35:02 opt: sgd
03-03 09:35:02 lr: 0.01
03-03 09:35:02 momentum: 0.9
03-03 09:35:02 weight_decay: 1e-05
03-03 09:35:02 lr_scheduler: cos
03-03 09:35:02 gamma: 0.1
03-03 09:35:02 eta_min: 1e-05
03-03 09:35:02 latent_space: 96
03-03 09:35:02 num_blocks_ssf: 5
03-03 09:35:02 task: self_supervised
03-03 09:35:02 critetion: <class 'utils.loss_SSL.SimSiamLoss'>
03-03 09:35:02 using 1 gpus
03-03 09:35:02 Dataset class: <class 'data_utils.datasets.PU.PU'>
03-03 09:35:02 Split sizes: train=12607 val=1350 test=2702, classier=1351
03-03 09:35:03 Label counts train: Counter({3: 3504, 0: 3501, 1: 3500, 2: 2102})
03-03 09:35:03 Label counts val:   Counter({1: 375, 0: 375, 3: 375, 2: 225})
03-03 09:35:03 Label counts test:  Counter({3: 751, 1: 750, 0: 750, 2: 451})
03-03 09:35:03 Label counts classifier:  Counter({3: 376, 1: 375, 0: 375, 2: 225})
03-03 09:35:03 -----Epoch 0/19-----
03-03 09:35:15 current lr: 0.01
03-03 09:35:15 Saved best checkpoint to ./checkpoint\SSF_PU_0303-093038\best_pt (val_loss=-0.9877)
03-03 09:35:15 Epoch 000 Train loss -0.9559 | Val loss -0.9877
03-03 09:35:15 -----Epoch 1/19-----
03-03 09:35:25 current lr: 0.0099385
03-03 09:35:25 Saved best checkpoint to ./checkpoint\SSF_PU_0303-093038\best_pt (val_loss=-0.9917)
03-03 09:35:25 Epoch 001 Train loss -0.9895 | Val loss -0.9917
03-03 09:35:25 -----Epoch 2/19-----
03-03 09:35:36 current lr: 0.00975553
03-03 09:35:36 Saved best checkpoint to ./checkpoint\SSF_PU_0303-093038\best_pt (val_loss=-0.9931)
03-03 09:35:36 Epoch 002 Train loss -0.9919 | Val loss -0.9931
03-03 09:35:36 -----Epoch 3/19-----
03-03 09:35:47 current lr: 0.00945558
03-03 09:35:47 Saved best checkpoint to ./checkpoint\SSF_PU_0303-093038\best_pt (val_loss=-0.9940)
03-03 09:35:47 Epoch 003 Train loss -0.9929 | Val loss -0.9940
03-03 09:35:47 -----Epoch 4/19-----
03-03 09:35:57 current lr: 0.00904604
03-03 09:35:57 Saved best checkpoint to ./checkpoint\SSF_PU_0303-093038\best_pt (val_loss=-0.9946)
03-03 09:35:57 Epoch 004 Train loss -0.9936 | Val loss -0.9946
03-03 09:35:57 -----Epoch 5/19-----
03-03 09:36:08 current lr: 0.008537
03-03 09:36:08 Saved best checkpoint to ./checkpoint\SSF_PU_0303-093038\best_pt (val_loss=-0.9950)
03-03 09:36:08 Epoch 005 Train loss -0.9940 | Val loss -0.9950
03-03 09:36:08 -----Epoch 6/19-----
03-03 09:36:20 current lr: 0.00794099
03-03 09:36:20 Saved best checkpoint to ./checkpoint\SSF_PU_0303-093038\best_pt (val_loss=-0.9953)
03-03 09:36:20 Epoch 006 Train loss -0.9944 | Val loss -0.9953
03-03 09:36:20 -----Epoch 7/19-----
03-03 09:36:30 current lr: 0.00727268
03-03 09:36:30 Saved best checkpoint to ./checkpoint\SSF_PU_0303-093038\best_pt (val_loss=-0.9955)
03-03 09:36:30 Epoch 007 Train loss -0.9946 | Val loss -0.9955
03-03 09:36:30 -----Epoch 8/19-----
03-03 09:36:40 current lr: 0.00654854
03-03 09:36:40 Saved best checkpoint to ./checkpoint\SSF_PU_0303-093038\best_pt (val_loss=-0.9956)
03-03 09:36:40 Epoch 008 Train loss -0.9948 | Val loss -0.9956
03-03 09:36:40 -----Epoch 9/19-----
03-03 09:36:52 current lr: 0.00578639
03-03 09:36:52 Saved best checkpoint to ./checkpoint\SSF_PU_0303-093038\best_pt (val_loss=-0.9958)
03-03 09:36:52 Epoch 009 Train loss -0.9949 | Val loss -0.9958
03-03 09:36:52 -----Epoch 10/19-----
03-03 09:37:02 current lr: 0.005005
03-03 09:37:02 Saved best checkpoint to ./checkpoint\SSF_PU_0303-093038\best_pt (val_loss=-0.9958)
03-03 09:37:02 Epoch 010 Train loss -0.9950 | Val loss -0.9958
03-03 09:37:02 -----Epoch 11/19-----
03-03 09:37:13 current lr: 0.00422361
03-03 09:37:13 Saved best checkpoint to ./checkpoint\SSF_PU_0303-093038\best_pt (val_loss=-0.9959)
03-03 09:37:13 Epoch 011 Train loss -0.9951 | Val loss -0.9959
03-03 09:37:13 -----Epoch 12/19-----
03-03 09:37:24 current lr: 0.00346146
03-03 09:37:24 Saved best checkpoint to ./checkpoint\SSF_PU_0303-093038\best_pt (val_loss=-0.9959)
03-03 09:37:24 Epoch 012 Train loss -0.9951 | Val loss -0.9959
03-03 09:37:24 -----Epoch 13/19-----
03-03 09:37:35 current lr: 0.00273732
03-03 09:37:35 Saved best checkpoint to ./checkpoint\SSF_PU_0303-093038\best_pt (val_loss=-0.9960)
03-03 09:37:35 Epoch 013 Train loss -0.9952 | Val loss -0.9960
03-03 09:37:35 -----Epoch 14/19-----
03-03 09:37:45 current lr: 0.00206901
03-03 09:37:45 Saved best checkpoint to ./checkpoint\SSF_PU_0303-093038\best_pt (val_loss=-0.9960)
03-03 09:37:45 Epoch 014 Train loss -0.9952 | Val loss -0.9960
03-03 09:37:45 -----Epoch 15/19-----
03-03 09:37:55 current lr: 0.001473
03-03 09:37:55 Saved best checkpoint to ./checkpoint\SSF_PU_0303-093038\best_pt (val_loss=-0.9960)
03-03 09:37:55 Epoch 015 Train loss -0.9952 | Val loss -0.9960
03-03 09:37:55 -----Epoch 16/19-----
03-03 09:38:07 current lr: 0.00096396
03-03 09:38:07 Saved best checkpoint to ./checkpoint\SSF_PU_0303-093038\best_pt (val_loss=-0.9960)
03-03 09:38:07 Epoch 016 Train loss -0.9953 | Val loss -0.9960
03-03 09:38:07 -----Epoch 17/19-----
03-03 09:38:17 current lr: 0.000554422
03-03 09:38:17 Saved best checkpoint to ./checkpoint\SSF_PU_0303-093038\best_pt (val_loss=-0.9960)
03-03 09:38:17 Epoch 017 Train loss -0.9953 | Val loss -0.9960
03-03 09:38:17 -----Epoch 18/19-----
03-03 09:38:27 current lr: 0.000254473
03-03 09:38:27 Saved best checkpoint to ./checkpoint\SSF_PU_0303-093038\best_pt (val_loss=-0.9960)
03-03 09:38:27 Epoch 018 Train loss -0.9953 | Val loss -0.9960
03-03 09:38:27 -----Epoch 19/19-----
03-03 09:38:38 current lr: 7.14967e-05
03-03 09:38:38 Saved best checkpoint to ./checkpoint\SSF_PU_0303-093038\best_pt (val_loss=-0.9960)
03-03 09:38:38 Epoch 019 Train loss -0.9953 | Val loss -0.9960
03-03 09:38:39 TEST (last): loss -0.9960
03-03 09:38:40 [LP epoch 00] train_loss=1.2601 train_acc=0.4641 | val_loss=1.1882 val_acc=0.5437 | 
03-03 09:38:40 [LP epoch 01] train_loss=1.0849 train_acc=0.5759 | val_loss=1.0568 val_acc=0.5874 | 
03-03 09:38:41 [LP epoch 02] train_loss=1.0046 train_acc=0.6218 | val_loss=0.9989 val_acc=0.6141 | 
03-03 09:38:42 [LP epoch 03] train_loss=0.9426 train_acc=0.6336 | val_loss=0.9452 val_acc=0.6326 | 
03-03 09:38:43 [LP epoch 04] train_loss=0.8967 train_acc=0.6491 | val_loss=0.9049 val_acc=0.6511 | 
03-03 09:38:43 [LP epoch 05] train_loss=0.8633 train_acc=0.6640 | val_loss=0.8835 val_acc=0.6541 | 
03-03 09:38:44 [LP epoch 06] train_loss=0.8315 train_acc=0.6817 | val_loss=0.8538 val_acc=0.6726 | 
03-03 09:38:45 [LP epoch 07] train_loss=0.8017 train_acc=0.6973 | val_loss=0.8296 val_acc=0.6748 | 
03-03 09:38:46 [LP epoch 08] train_loss=0.7850 train_acc=0.6965 | val_loss=0.8225 val_acc=0.6844 | 
03-03 09:38:46 [LP epoch 09] train_loss=0.7699 train_acc=0.7061 | val_loss=0.8089 val_acc=0.6881 | 
03-03 09:38:47 [LP epoch 10] train_loss=0.7506 train_acc=0.7039 | val_loss=0.8004 val_acc=0.6911 | 
03-03 09:38:48 [LP epoch 11] train_loss=0.7361 train_acc=0.7106 | val_loss=0.7824 val_acc=0.6993 | 
03-03 09:38:49 [LP epoch 12] train_loss=0.7292 train_acc=0.7195 | val_loss=0.7672 val_acc=0.6911 | 
03-03 09:38:50 [LP epoch 13] train_loss=0.7162 train_acc=0.7276 | val_loss=0.7664 val_acc=0.6963 | 
03-03 09:38:50 [LP epoch 14] train_loss=0.7080 train_acc=0.7246 | val_loss=0.7932 val_acc=0.6859 | 
03-03 09:38:51 [LP epoch 15] train_loss=0.7084 train_acc=0.7209 | val_loss=0.7609 val_acc=0.6956 | 
03-03 09:38:52 [LP epoch 16] train_loss=0.6866 train_acc=0.7298 | val_loss=0.7499 val_acc=0.7096 | 
03-03 09:38:52 [LP epoch 17] train_loss=0.6935 train_acc=0.7291 | val_loss=0.7415 val_acc=0.7030 | 
03-03 09:38:53 [LP epoch 18] train_loss=0.6705 train_acc=0.7372 | val_loss=0.7420 val_acc=0.7015 | 
03-03 09:38:54 [LP epoch 19] train_loss=0.6665 train_acc=0.7395 | val_loss=0.7329 val_acc=0.7081 | 
03-03 09:38:55 [LP epoch 20] train_loss=0.6529 train_acc=0.7476 | val_loss=0.7493 val_acc=0.7030 | 
03-03 09:38:56 [LP epoch 21] train_loss=0.6567 train_acc=0.7409 | val_loss=0.7334 val_acc=0.7067 | 
03-03 09:38:56 [LP epoch 22] train_loss=0.6468 train_acc=0.7432 | val_loss=0.7278 val_acc=0.7096 | 
03-03 09:38:58 [LP epoch 23] train_loss=0.6422 train_acc=0.7520 | val_loss=0.7440 val_acc=0.7000 | 
03-03 09:38:59 [LP epoch 24] train_loss=0.6350 train_acc=0.7587 | val_loss=0.7234 val_acc=0.7111 | 
03-03 09:38:59 [LP epoch 25] train_loss=0.6208 train_acc=0.7668 | val_loss=0.7227 val_acc=0.7141 | 
03-03 09:39:00 [LP epoch 26] train_loss=0.6217 train_acc=0.7580 | val_loss=0.7185 val_acc=0.7178 | 
03-03 09:39:01 [LP epoch 27] train_loss=0.6184 train_acc=0.7506 | val_loss=0.7127 val_acc=0.7111 | 
03-03 09:39:02 [LP epoch 28] train_loss=0.6051 train_acc=0.7602 | val_loss=0.7053 val_acc=0.7178 | 
03-03 09:39:03 [LP epoch 29] train_loss=0.6078 train_acc=0.7587 | val_loss=0.7050 val_acc=0.7178 | 
03-03 09:39:04 [LP epoch 30] train_loss=0.6015 train_acc=0.7705 | val_loss=0.7194 val_acc=0.7022 | 
03-03 09:39:04 [LP epoch 31] train_loss=0.5963 train_acc=0.7676 | val_loss=0.6924 val_acc=0.7281 | 
03-03 09:39:05 [LP epoch 32] train_loss=0.5831 train_acc=0.7742 | val_loss=0.7012 val_acc=0.7215 | 
03-03 09:39:06 [LP epoch 33] train_loss=0.5793 train_acc=0.7713 | val_loss=0.6995 val_acc=0.7200 | 
03-03 09:39:06 [LP epoch 34] train_loss=0.5815 train_acc=0.7728 | val_loss=0.6894 val_acc=0.7326 | 
03-03 09:39:08 [LP epoch 35] train_loss=0.5701 train_acc=0.7802 | val_loss=0.6796 val_acc=0.7311 | 
03-03 09:39:08 [LP epoch 36] train_loss=0.5662 train_acc=0.7728 | val_loss=0.6821 val_acc=0.7341 | 
03-03 09:39:09 [LP epoch 37] train_loss=0.5664 train_acc=0.7831 | val_loss=0.6799 val_acc=0.7370 | 
03-03 09:39:10 [LP epoch 38] train_loss=0.5665 train_acc=0.7905 | val_loss=0.6760 val_acc=0.7363 | 
03-03 09:39:11 [LP epoch 39] train_loss=0.5605 train_acc=0.7831 | val_loss=0.6781 val_acc=0.7319 | 
03-03 09:39:11 [LP epoch 40] train_loss=0.5591 train_acc=0.7898 | val_loss=0.6788 val_acc=0.7311 | 
03-03 09:39:12 [LP epoch 41] train_loss=0.5507 train_acc=0.7890 | val_loss=0.6839 val_acc=0.7311 | 
03-03 09:39:13 [LP epoch 42] train_loss=0.5452 train_acc=0.7883 | val_loss=0.6907 val_acc=0.7267 | 
03-03 09:39:14 [LP epoch 43] train_loss=0.5381 train_acc=0.7987 | val_loss=0.6667 val_acc=0.7385 | 
03-03 09:39:15 [LP epoch 44] train_loss=0.5306 train_acc=0.7972 | val_loss=0.6732 val_acc=0.7341 | 
03-03 09:39:16 [LP epoch 45] train_loss=0.5297 train_acc=0.8031 | val_loss=0.6662 val_acc=0.7378 | 
03-03 09:39:17 [LP epoch 46] train_loss=0.5275 train_acc=0.7964 | val_loss=0.6740 val_acc=0.7422 | 
03-03 09:39:18 [LP epoch 47] train_loss=0.5281 train_acc=0.7957 | val_loss=0.6653 val_acc=0.7437 | 
03-03 09:39:19 [LP epoch 48] train_loss=0.5161 train_acc=0.8053 | val_loss=0.6728 val_acc=0.7415 | 
03-03 09:39:20 [LP epoch 49] train_loss=0.5235 train_acc=0.8016 | val_loss=0.6599 val_acc=0.7370 | 
03-03 09:39:20 Saved linear-probe checkpoint: ./checkpoint\SSF_PU_0303-093038\linear_probe_best.pt (best_val_acc=0.7437)
03-03 09:39:20 TEST linear-probe: loss=0.5891 acc=0.7761
03-03 09:39:20 model_name: SSF
03-03 09:39:20 data_name: PU
03-03 09:39:20 aug_1: gaussian
03-03 09:39:20 aug_2: scale
03-03 09:39:20 max_epoch: 20
03-03 09:39:20 classifier_epoch: 50
03-03 09:39:20 data_view: TwoViewDataset
03-03 09:39:20 cuda_device: 0
03-03 09:39:20 checkpoint_dir: ./checkpoint
03-03 09:39:20 batch_size: 32
03-03 09:39:20 data_dir: raw_data/PU
03-03 09:39:20 out_channel: 4
03-03 09:39:20 normlizetype: minus_one_one
03-03 09:39:20 processing_type: RA
03-03 09:39:20 opt: sgd
03-03 09:39:20 lr: 0.01
03-03 09:39:20 momentum: 0.9
03-03 09:39:20 weight_decay: 1e-05
03-03 09:39:20 lr_scheduler: cos
03-03 09:39:20 gamma: 0.1
03-03 09:39:20 eta_min: 1e-05
03-03 09:39:20 latent_space: 96
03-03 09:39:20 num_blocks_ssf: 5
03-03 09:39:20 task: self_supervised
03-03 09:39:20 critetion: <class 'utils.loss_SSL.SimSiamLoss'>
03-03 09:39:20 using 1 gpus
03-03 09:39:20 Dataset class: <class 'data_utils.datasets.PU.PU'>
03-03 09:39:21 Split sizes: train=12607 val=1350 test=2702, classier=1351
03-03 09:39:22 Label counts train: Counter({3: 3504, 0: 3501, 1: 3500, 2: 2102})
03-03 09:39:22 Label counts val:   Counter({1: 375, 0: 375, 3: 375, 2: 225})
03-03 09:39:22 Label counts test:  Counter({3: 751, 1: 750, 0: 750, 2: 451})
03-03 09:39:22 Label counts classifier:  Counter({3: 376, 1: 375, 0: 375, 2: 225})
03-03 09:39:22 -----Epoch 0/19-----
03-03 09:39:33 current lr: 0.01
03-03 09:39:33 Saved best checkpoint to ./checkpoint\SSF_PU_0303-093038\best_pt (val_loss=-0.9887)
03-03 09:39:33 Epoch 000 Train loss -0.9540 | Val loss -0.9887
03-03 09:39:33 -----Epoch 1/19-----
03-03 09:39:44 current lr: 0.0099385
03-03 09:39:44 Saved best checkpoint to ./checkpoint\SSF_PU_0303-093038\best_pt (val_loss=-0.9910)
03-03 09:39:44 Epoch 001 Train loss -0.9895 | Val loss -0.9910
03-03 09:39:44 -----Epoch 2/19-----
03-03 09:39:55 current lr: 0.00975553
03-03 09:39:55 Saved best checkpoint to ./checkpoint\SSF_PU_0303-093038\best_pt (val_loss=-0.9933)
03-03 09:39:55 Epoch 002 Train loss -0.9917 | Val loss -0.9933
03-03 09:39:55 -----Epoch 3/19-----
03-03 09:40:07 current lr: 0.00945558
03-03 09:40:07 Saved best checkpoint to ./checkpoint\SSF_PU_0303-093038\best_pt (val_loss=-0.9941)
03-03 09:40:07 Epoch 003 Train loss -0.9930 | Val loss -0.9941
03-03 09:40:07 -----Epoch 4/19-----
03-03 09:40:17 current lr: 0.00904604
03-03 09:40:17 Saved best checkpoint to ./checkpoint\SSF_PU_0303-093038\best_pt (val_loss=-0.9947)
03-03 09:40:17 Epoch 004 Train loss -0.9936 | Val loss -0.9947
03-03 09:40:17 -----Epoch 5/19-----
03-03 09:40:28 current lr: 0.008537
03-03 09:40:28 Saved best checkpoint to ./checkpoint\SSF_PU_0303-093038\best_pt (val_loss=-0.9951)
03-03 09:40:28 Epoch 005 Train loss -0.9941 | Val loss -0.9951
03-03 09:40:28 -----Epoch 6/19-----
03-03 09:40:40 current lr: 0.00794099
03-03 09:40:40 Saved best checkpoint to ./checkpoint\SSF_PU_0303-093038\best_pt (val_loss=-0.9953)
03-03 09:40:40 Epoch 006 Train loss -0.9944 | Val loss -0.9953
03-03 09:40:40 -----Epoch 7/19-----
03-03 09:40:50 current lr: 0.00727268
03-03 09:40:50 Saved best checkpoint to ./checkpoint\SSF_PU_0303-093038\best_pt (val_loss=-0.9954)
03-03 09:40:50 Epoch 007 Train loss -0.9946 | Val loss -0.9954
03-03 09:40:50 -----Epoch 8/19-----
03-03 09:41:02 current lr: 0.00654854
03-03 09:41:02 Saved best checkpoint to ./checkpoint\SSF_PU_0303-093038\best_pt (val_loss=-0.9955)
03-03 09:41:02 Epoch 008 Train loss -0.9946 | Val loss -0.9955
03-03 09:41:02 -----Epoch 9/19-----
03-03 09:41:14 current lr: 0.00578639
03-03 09:41:14 Saved best checkpoint to ./checkpoint\SSF_PU_0303-093038\best_pt (val_loss=-0.9955)
03-03 09:41:14 Epoch 009 Train loss -0.9947 | Val loss -0.9955
03-03 09:41:14 -----Epoch 10/19-----
03-03 09:41:24 current lr: 0.005005
03-03 09:41:24 Saved best checkpoint to ./checkpoint\SSF_PU_0303-093038\best_pt (val_loss=-0.9956)
03-03 09:41:24 Epoch 010 Train loss -0.9948 | Val loss -0.9956
03-03 09:41:24 -----Epoch 11/19-----
03-03 09:41:36 current lr: 0.00422361
03-03 09:41:36 Saved best checkpoint to ./checkpoint\SSF_PU_0303-093038\best_pt (val_loss=-0.9957)
03-03 09:41:36 Epoch 011 Train loss -0.9949 | Val loss -0.9957
03-03 09:41:36 -----Epoch 12/19-----
03-03 09:41:47 current lr: 0.00346146
03-03 09:41:47 Saved best checkpoint to ./checkpoint\SSF_PU_0303-093038\best_pt (val_loss=-0.9958)
03-03 09:41:47 Epoch 012 Train loss -0.9950 | Val loss -0.9958
03-03 09:41:47 -----Epoch 13/19-----
03-03 09:41:57 current lr: 0.00273732
03-03 09:41:57 Saved best checkpoint to ./checkpoint\SSF_PU_0303-093038\best_pt (val_loss=-0.9959)
03-03 09:41:57 Epoch 013 Train loss -0.9951 | Val loss -0.9959
03-03 09:41:57 -----Epoch 14/19-----
03-03 09:42:08 current lr: 0.00206901
03-03 09:42:08 Saved best checkpoint to ./checkpoint\SSF_PU_0303-093038\best_pt (val_loss=-0.9959)
03-03 09:42:08 Epoch 014 Train loss -0.9951 | Val loss -0.9959
03-03 09:42:08 -----Epoch 15/19-----
03-03 09:42:18 current lr: 0.001473
03-03 09:42:18 Saved best checkpoint to ./checkpoint\SSF_PU_0303-093038\best_pt (val_loss=-0.9960)
03-03 09:42:18 Epoch 015 Train loss -0.9952 | Val loss -0.9960
03-03 09:42:18 -----Epoch 16/19-----
03-03 09:42:28 current lr: 0.00096396
03-03 09:42:28 Saved best checkpoint to ./checkpoint\SSF_PU_0303-093038\best_pt (val_loss=-0.9960)
03-03 09:42:28 Epoch 016 Train loss -0.9952 | Val loss -0.9960
03-03 09:42:28 -----Epoch 17/19-----
03-03 09:42:39 current lr: 0.000554422
03-03 09:42:39 Saved best checkpoint to ./checkpoint\SSF_PU_0303-093038\best_pt (val_loss=-0.9960)
03-03 09:42:39 Epoch 017 Train loss -0.9952 | Val loss -0.9960
03-03 09:42:39 -----Epoch 18/19-----
03-03 09:42:50 current lr: 0.000254473
03-03 09:42:50 Saved best checkpoint to ./checkpoint\SSF_PU_0303-093038\best_pt (val_loss=-0.9960)
03-03 09:42:50 Epoch 018 Train loss -0.9952 | Val loss -0.9960
03-03 09:42:50 -----Epoch 19/19-----
03-03 09:43:00 current lr: 7.14967e-05
03-03 09:43:00 No improvement in val_loss for 1/5 epochs.
03-03 09:43:00 Epoch 019 Train loss -0.9952 | Val loss -0.9960
03-03 09:43:01 TEST (last): loss -0.9961
03-03 09:43:02 [LP epoch 00] train_loss=1.2793 train_acc=0.4071 | val_loss=1.1925 val_acc=0.5237 | 
03-03 09:43:03 [LP epoch 01] train_loss=1.0678 train_acc=0.5677 | val_loss=1.0205 val_acc=0.5867 | 
03-03 09:43:03 [LP epoch 02] train_loss=0.9845 train_acc=0.6025 | val_loss=0.9750 val_acc=0.6141 | 
03-03 09:43:04 [LP epoch 03] train_loss=0.9368 train_acc=0.6403 | val_loss=0.9295 val_acc=0.6244 | 
03-03 09:43:05 [LP epoch 04] train_loss=0.8993 train_acc=0.6543 | val_loss=0.9048 val_acc=0.6437 | 
03-03 09:43:06 [LP epoch 05] train_loss=0.8650 train_acc=0.6699 | val_loss=0.8827 val_acc=0.6496 | 
03-03 09:43:07 [LP epoch 06] train_loss=0.8345 train_acc=0.6788 | val_loss=0.8577 val_acc=0.6593 | 
03-03 09:43:08 [LP epoch 07] train_loss=0.8183 train_acc=0.6839 | val_loss=0.8426 val_acc=0.6637 | 
03-03 09:43:08 [LP epoch 08] train_loss=0.7943 train_acc=0.6980 | val_loss=0.8221 val_acc=0.6763 | 
03-03 09:43:10 [LP epoch 09] train_loss=0.7734 train_acc=0.7069 | val_loss=0.8060 val_acc=0.6807 | 
03-03 09:43:10 [LP epoch 10] train_loss=0.7636 train_acc=0.7106 | val_loss=0.8022 val_acc=0.6867 | 
03-03 09:43:11 [LP epoch 11] train_loss=0.7598 train_acc=0.7195 | val_loss=0.7900 val_acc=0.6889 | 
03-03 09:43:12 [LP epoch 12] train_loss=0.7332 train_acc=0.7254 | val_loss=0.7882 val_acc=0.6830 | 
03-03 09:43:12 [LP epoch 13] train_loss=0.7248 train_acc=0.7276 | val_loss=0.7739 val_acc=0.6896 | 
03-03 09:43:13 [LP epoch 14] train_loss=0.7123 train_acc=0.7291 | val_loss=0.7666 val_acc=0.6926 | 
03-03 09:43:14 [LP epoch 15] train_loss=0.7047 train_acc=0.7306 | val_loss=0.7651 val_acc=0.6933 | 
03-03 09:43:15 [LP epoch 16] train_loss=0.6961 train_acc=0.7254 | val_loss=0.7530 val_acc=0.6978 | 
03-03 09:43:16 [LP epoch 17] train_loss=0.6875 train_acc=0.7321 | val_loss=0.7429 val_acc=0.7030 | 
03-03 09:43:17 [LP epoch 18] train_loss=0.6822 train_acc=0.7358 | val_loss=0.7475 val_acc=0.6956 | 
03-03 09:43:17 [LP epoch 19] train_loss=0.6767 train_acc=0.7395 | val_loss=0.7380 val_acc=0.6956 | 
03-03 09:43:18 [LP epoch 20] train_loss=0.6579 train_acc=0.7424 | val_loss=0.7256 val_acc=0.7022 | 
03-03 09:43:19 [LP epoch 21] train_loss=0.6504 train_acc=0.7498 | val_loss=0.7228 val_acc=0.7081 | 
03-03 09:43:20 [LP epoch 22] train_loss=0.6464 train_acc=0.7498 | val_loss=0.7244 val_acc=0.7059 | 
03-03 09:43:21 [LP epoch 23] train_loss=0.6451 train_acc=0.7491 | val_loss=0.7187 val_acc=0.7022 | 
03-03 09:43:21 [LP epoch 24] train_loss=0.6328 train_acc=0.7602 | val_loss=0.7212 val_acc=0.7052 | 
03-03 09:43:22 [LP epoch 25] train_loss=0.6351 train_acc=0.7557 | val_loss=0.7375 val_acc=0.6956 | 
03-03 09:43:23 [LP epoch 26] train_loss=0.6246 train_acc=0.7594 | val_loss=0.7082 val_acc=0.7141 | 
03-03 09:43:24 [LP epoch 27] train_loss=0.6177 train_acc=0.7543 | val_loss=0.7143 val_acc=0.7104 | 
03-03 09:43:25 [LP epoch 28] train_loss=0.6231 train_acc=0.7535 | val_loss=0.7201 val_acc=0.7037 | 
03-03 09:43:25 [LP epoch 29] train_loss=0.6113 train_acc=0.7587 | val_loss=0.6957 val_acc=0.7170 | 
03-03 09:43:26 [LP epoch 30] train_loss=0.5997 train_acc=0.7646 | val_loss=0.7021 val_acc=0.7170 | 
03-03 09:43:27 [LP epoch 31] train_loss=0.6010 train_acc=0.7646 | val_loss=0.6898 val_acc=0.7252 | 
03-03 09:43:28 [LP epoch 32] train_loss=0.5941 train_acc=0.7668 | val_loss=0.7016 val_acc=0.7215 | 
03-03 09:43:28 [LP epoch 33] train_loss=0.5888 train_acc=0.7705 | val_loss=0.6992 val_acc=0.7141 | 
03-03 09:43:29 [LP epoch 34] train_loss=0.5848 train_acc=0.7631 | val_loss=0.6884 val_acc=0.7215 | 
03-03 09:43:30 [LP epoch 35] train_loss=0.5828 train_acc=0.7705 | val_loss=0.6879 val_acc=0.7356 | 
03-03 09:43:31 [LP epoch 36] train_loss=0.5760 train_acc=0.7742 | val_loss=0.6881 val_acc=0.7252 | 
03-03 09:43:31 [LP epoch 37] train_loss=0.5712 train_acc=0.7661 | val_loss=0.6974 val_acc=0.7222 | 
03-03 09:43:32 [LP epoch 38] train_loss=0.5788 train_acc=0.7713 | val_loss=0.6833 val_acc=0.7252 | 
03-03 09:43:33 [LP epoch 39] train_loss=0.5705 train_acc=0.7831 | val_loss=0.6842 val_acc=0.7259 | 
03-03 09:43:34 [LP epoch 40] train_loss=0.5586 train_acc=0.7839 | val_loss=0.6803 val_acc=0.7341 | 
03-03 09:43:35 [LP epoch 41] train_loss=0.5566 train_acc=0.7831 | val_loss=0.6763 val_acc=0.7415 | 
03-03 09:43:36 [LP epoch 42] train_loss=0.5601 train_acc=0.7794 | val_loss=0.6815 val_acc=0.7333 | 
03-03 09:43:37 [LP epoch 43] train_loss=0.5499 train_acc=0.7905 | val_loss=0.6788 val_acc=0.7333 | 
03-03 09:43:37 [LP epoch 44] train_loss=0.5496 train_acc=0.7861 | val_loss=0.6830 val_acc=0.7333 | 
03-03 09:43:38 [LP epoch 45] train_loss=0.5485 train_acc=0.7898 | val_loss=0.6924 val_acc=0.7252 | 
03-03 09:43:39 [LP epoch 46] train_loss=0.5447 train_acc=0.7883 | val_loss=0.6841 val_acc=0.7281 | 
03-03 09:43:40 [LP epoch 47] train_loss=0.5530 train_acc=0.7831 | val_loss=0.7054 val_acc=0.7200 | 
03-03 09:43:40 [LP epoch 48] train_loss=0.5414 train_acc=0.7868 | val_loss=0.6816 val_acc=0.7333 | 
03-03 09:43:41 [LP epoch 49] train_loss=0.5295 train_acc=0.7935 | val_loss=0.6699 val_acc=0.7333 | 
03-03 09:43:41 Saved linear-probe checkpoint: ./checkpoint\SSF_PU_0303-093038\linear_probe_best.pt (best_val_acc=0.7415)
03-03 09:43:42 TEST linear-probe: loss=0.6317 acc=0.7446
03-03 09:43:42 model_name: SSF
03-03 09:43:42 data_name: PU
03-03 09:43:42 aug_1: gaussian
03-03 09:43:42 aug_2: randomstrech
03-03 09:43:42 max_epoch: 20
03-03 09:43:42 classifier_epoch: 50
03-03 09:43:42 data_view: TwoViewDataset
03-03 09:43:42 cuda_device: 0
03-03 09:43:42 checkpoint_dir: ./checkpoint
03-03 09:43:42 batch_size: 32
03-03 09:43:42 data_dir: raw_data/PU
03-03 09:43:42 out_channel: 4
03-03 09:43:42 normlizetype: minus_one_one
03-03 09:43:42 processing_type: RA
03-03 09:43:42 opt: sgd
03-03 09:43:42 lr: 0.01
03-03 09:43:42 momentum: 0.9
03-03 09:43:42 weight_decay: 1e-05
03-03 09:43:42 lr_scheduler: cos
03-03 09:43:42 gamma: 0.1
03-03 09:43:42 eta_min: 1e-05
03-03 09:43:42 latent_space: 96
03-03 09:43:42 num_blocks_ssf: 5
03-03 09:43:42 task: self_supervised
03-03 09:43:42 critetion: <class 'utils.loss_SSL.SimSiamLoss'>
03-03 09:43:42 using 1 gpus
03-03 09:43:42 Dataset class: <class 'data_utils.datasets.PU.PU'>
03-03 09:43:42 Split sizes: train=12607 val=1350 test=2702, classier=1351
03-03 09:43:45 Label counts train: Counter({3: 3504, 0: 3501, 1: 3500, 2: 2102})
03-03 09:43:45 Label counts val:   Counter({1: 375, 0: 375, 3: 375, 2: 225})
03-03 09:43:45 Label counts test:  Counter({3: 751, 1: 750, 0: 750, 2: 451})
03-03 09:43:45 Label counts classifier:  Counter({3: 376, 1: 375, 0: 375, 2: 225})
03-03 09:43:45 -----Epoch 0/19-----
03-03 09:43:57 current lr: 0.01
03-03 09:43:57 Saved best checkpoint to ./checkpoint\SSF_PU_0303-093038\best_pt (val_loss=-0.9888)
03-03 09:43:57 Epoch 000 Train loss -0.9557 | Val loss -0.9888
03-03 09:43:57 -----Epoch 1/19-----
03-03 09:44:08 current lr: 0.0099385
03-03 09:44:08 Saved best checkpoint to ./checkpoint\SSF_PU_0303-093038\best_pt (val_loss=-0.9913)
03-03 09:44:08 Epoch 001 Train loss -0.9890 | Val loss -0.9913
03-03 09:44:08 -----Epoch 2/19-----
03-03 09:44:18 current lr: 0.00975553
03-03 09:44:18 Saved best checkpoint to ./checkpoint\SSF_PU_0303-093038\best_pt (val_loss=-0.9923)
03-03 09:44:18 Epoch 002 Train loss -0.9904 | Val loss -0.9923
03-03 09:44:18 -----Epoch 3/19-----
