02-24 11:58:56 model_name: SSF
02-24 11:58:56 data_name: PU
02-24 11:58:56 aug_1: normal
02-24 11:58:56 aug_2: randomcrop
02-24 11:58:56 max_epoch: 20
02-24 11:58:56 classifier_epoch: 50
02-24 11:58:56 data_view: TwoViewDataset
02-24 11:58:56 cuda_device: 0
02-24 11:58:56 checkpoint_dir: ./checkpoint
02-24 11:58:56 batch_size: 32
02-24 11:58:56 data_dir: raw_data/PU
02-24 11:58:56 out_channel: 3
02-24 11:58:56 normlizetype: minus_one_one
02-24 11:58:56 processing_type: RA
02-24 11:58:56 opt: sgd
02-24 11:58:56 lr: 0.01
02-24 11:58:56 momentum: 0.9
02-24 11:58:56 weight_decay: 1e-05
02-24 11:58:56 lr_scheduler: cos
02-24 11:58:56 gamma: 0.1
02-24 11:58:56 eta_min: 1e-05
02-24 11:58:56 latent_space: 256
02-24 11:58:56 task: self_supervised
02-24 11:58:56 critetion: <class 'utils.loss_SSL.SimSiamLoss'>
02-24 11:58:56 using 1 gpus
02-24 11:58:56 Dataset class: <class 'data_utils.datasets.PU.PU'>
02-24 11:58:56 Split sizes: train=10504 val=1125 test=2252, classier=1126
02-24 11:58:57 Label counts train: Counter({2: 3504, 1: 3500, 0: 3500})
02-24 11:58:57 Label counts val:   Counter({0: 375, 2: 375, 1: 375})
02-24 11:58:57 Label counts test:  Counter({2: 751, 0: 751, 1: 750})
02-24 11:58:57 Label counts classifier:  Counter({2: 376, 0: 375, 1: 375})
02-24 11:58:58 -----Epoch 0/19-----
02-24 11:59:07 current lr: 0.01
02-24 11:59:07 Saved best checkpoint to ./checkpoint\SSF_PU_0224-115856\best_pt (val_loss=-0.8307)
02-24 11:59:07 Epoch 000 Train loss -0.5631 | Val loss -0.8307
02-24 11:59:07 -----Epoch 1/19-----
02-24 11:59:14 current lr: 0.0099385
02-24 11:59:14 Saved best checkpoint to ./checkpoint\SSF_PU_0224-115856\best_pt (val_loss=-0.9054)
02-24 11:59:14 Epoch 001 Train loss -0.8853 | Val loss -0.9054
02-24 11:59:14 -----Epoch 2/19-----
02-24 11:59:22 current lr: 0.00975553
02-24 11:59:22 Saved best checkpoint to ./checkpoint\SSF_PU_0224-115856\best_pt (val_loss=-0.9227)
02-24 11:59:22 Epoch 002 Train loss -0.9161 | Val loss -0.9227
02-24 11:59:22 -----Epoch 3/19-----
02-24 11:59:31 current lr: 0.00945558
02-24 11:59:31 Saved best checkpoint to ./checkpoint\SSF_PU_0224-115856\best_pt (val_loss=-0.9333)
02-24 11:59:31 Epoch 003 Train loss -0.9299 | Val loss -0.9333
02-24 11:59:31 -----Epoch 4/19-----
02-24 11:59:38 current lr: 0.00904604
02-24 11:59:38 Saved best checkpoint to ./checkpoint\SSF_PU_0224-115856\best_pt (val_loss=-0.9391)
02-24 11:59:38 Epoch 004 Train loss -0.9378 | Val loss -0.9391
02-24 11:59:38 -----Epoch 5/19-----
02-24 11:59:46 current lr: 0.008537
02-24 11:59:46 Saved best checkpoint to ./checkpoint\SSF_PU_0224-115856\best_pt (val_loss=-0.9426)
02-24 11:59:46 Epoch 005 Train loss -0.9424 | Val loss -0.9426
02-24 11:59:46 -----Epoch 6/19-----
02-24 11:59:54 current lr: 0.00794099
02-24 11:59:54 Saved best checkpoint to ./checkpoint\SSF_PU_0224-115856\best_pt (val_loss=-0.9450)
02-24 11:59:54 Epoch 006 Train loss -0.9452 | Val loss -0.9450
02-24 11:59:54 -----Epoch 7/19-----
02-24 12:00:02 current lr: 0.00727268
02-24 12:00:02 Saved best checkpoint to ./checkpoint\SSF_PU_0224-115856\best_pt (val_loss=-0.9468)
02-24 12:00:02 Epoch 007 Train loss -0.9472 | Val loss -0.9468
02-24 12:00:02 -----Epoch 8/19-----
02-24 12:00:10 current lr: 0.00654854
02-24 12:00:10 Saved best checkpoint to ./checkpoint\SSF_PU_0224-115856\best_pt (val_loss=-0.9483)
02-24 12:00:10 Epoch 008 Train loss -0.9488 | Val loss -0.9483
02-24 12:00:10 -----Epoch 9/19-----
02-24 12:00:18 current lr: 0.00578639
02-24 12:00:18 Saved best checkpoint to ./checkpoint\SSF_PU_0224-115856\best_pt (val_loss=-0.9495)
02-24 12:00:18 Epoch 009 Train loss -0.9501 | Val loss -0.9495
02-24 12:00:18 -----Epoch 10/19-----
02-24 12:00:27 current lr: 0.005005
02-24 12:00:27 Saved best checkpoint to ./checkpoint\SSF_PU_0224-115856\best_pt (val_loss=-0.9507)
02-24 12:00:27 Epoch 010 Train loss -0.9513 | Val loss -0.9507
02-24 12:00:27 -----Epoch 11/19-----
02-24 12:00:34 current lr: 0.00422361
02-24 12:00:34 Saved best checkpoint to ./checkpoint\SSF_PU_0224-115856\best_pt (val_loss=-0.9516)
02-24 12:00:34 Epoch 011 Train loss -0.9523 | Val loss -0.9516
02-24 12:00:34 -----Epoch 12/19-----
02-24 12:00:42 current lr: 0.00346146
02-24 12:00:42 Saved best checkpoint to ./checkpoint\SSF_PU_0224-115856\best_pt (val_loss=-0.9524)
02-24 12:00:42 Epoch 012 Train loss -0.9532 | Val loss -0.9524
02-24 12:00:42 -----Epoch 13/19-----
02-24 12:00:50 current lr: 0.00273732
02-24 12:00:50 Saved best checkpoint to ./checkpoint\SSF_PU_0224-115856\best_pt (val_loss=-0.9530)
02-24 12:00:50 Epoch 013 Train loss -0.9539 | Val loss -0.9530
02-24 12:00:50 -----Epoch 14/19-----
02-24 12:00:58 current lr: 0.00206901
02-24 12:00:58 Saved best checkpoint to ./checkpoint\SSF_PU_0224-115856\best_pt (val_loss=-0.9535)
02-24 12:00:59 Epoch 014 Train loss -0.9544 | Val loss -0.9535
02-24 12:00:59 -----Epoch 15/19-----
02-24 12:01:07 current lr: 0.001473
02-24 12:01:07 Saved best checkpoint to ./checkpoint\SSF_PU_0224-115856\best_pt (val_loss=-0.9539)
02-24 12:01:07 Epoch 015 Train loss -0.9548 | Val loss -0.9539
02-24 12:01:07 -----Epoch 16/19-----
02-24 12:01:16 current lr: 0.00096396
02-24 12:01:16 Saved best checkpoint to ./checkpoint\SSF_PU_0224-115856\best_pt (val_loss=-0.9541)
02-24 12:01:16 Epoch 016 Train loss -0.9551 | Val loss -0.9541
02-24 12:01:16 -----Epoch 17/19-----
02-24 12:01:25 current lr: 0.000554422
02-24 12:01:25 Saved best checkpoint to ./checkpoint\SSF_PU_0224-115856\best_pt (val_loss=-0.9542)
02-24 12:01:25 Epoch 017 Train loss -0.9553 | Val loss -0.9542
02-24 12:01:25 -----Epoch 18/19-----
02-24 12:01:33 current lr: 0.000254473
02-24 12:01:33 Saved best checkpoint to ./checkpoint\SSF_PU_0224-115856\best_pt (val_loss=-0.9542)
02-24 12:01:33 Epoch 018 Train loss -0.9554 | Val loss -0.9542
02-24 12:01:33 -----Epoch 19/19-----
02-24 12:01:41 current lr: 7.14967e-05
02-24 12:01:41 Saved best checkpoint to ./checkpoint\SSF_PU_0224-115856\best_pt (val_loss=-0.9542)
02-24 12:01:41 Epoch 019 Train loss -0.9554 | Val loss -0.9542
02-24 12:01:42 TEST (last): loss -0.9549
02-24 12:01:42 [LP epoch 00] train_loss=0.8423 train_acc=0.6101 | val_loss=910.6138 val_acc=0.6578 | 
02-24 12:01:43 [LP epoch 01] train_loss=0.7242 train_acc=0.6696 | val_loss=780.8380 val_acc=0.6978 | 
02-24 12:01:44 [LP epoch 02] train_loss=0.6810 train_acc=0.6909 | val_loss=754.2569 val_acc=0.7022 | 
02-24 12:01:44 [LP epoch 03] train_loss=0.6546 train_acc=0.7176 | val_loss=725.7128 val_acc=0.7173 | 
02-24 12:01:45 [LP epoch 04] train_loss=0.6250 train_acc=0.7274 | val_loss=728.4198 val_acc=0.7040 | 
02-24 12:01:46 [LP epoch 05] train_loss=0.5909 train_acc=0.7442 | val_loss=668.4187 val_acc=0.7360 | 
02-24 12:01:46 [LP epoch 06] train_loss=0.5847 train_acc=0.7451 | val_loss=685.9611 val_acc=0.7102 | 
02-24 12:01:47 [LP epoch 07] train_loss=0.5558 train_acc=0.7611 | val_loss=649.1657 val_acc=0.7467 | 
02-24 12:01:48 [LP epoch 08] train_loss=0.5607 train_acc=0.7620 | val_loss=657.4700 val_acc=0.7342 | 
02-24 12:01:49 [LP epoch 09] train_loss=0.5591 train_acc=0.7629 | val_loss=690.7933 val_acc=0.7271 | 
02-24 12:01:49 [LP epoch 10] train_loss=0.5279 train_acc=0.7798 | val_loss=609.6771 val_acc=0.7556 | 
02-24 12:01:50 [LP epoch 11] train_loss=0.5103 train_acc=0.7877 | val_loss=622.5344 val_acc=0.7502 | 
02-24 12:01:51 [LP epoch 12] train_loss=0.5089 train_acc=0.7806 | val_loss=601.1087 val_acc=0.7556 | 
02-24 12:01:52 [LP epoch 13] train_loss=0.4970 train_acc=0.7886 | val_loss=564.9577 val_acc=0.7716 | 
02-24 12:01:53 [LP epoch 14] train_loss=0.4870 train_acc=0.8002 | val_loss=567.5947 val_acc=0.7733 | 
02-24 12:01:54 [LP epoch 15] train_loss=0.4889 train_acc=0.7966 | val_loss=594.4175 val_acc=0.7662 | 
02-24 12:01:54 [LP epoch 16] train_loss=0.4893 train_acc=0.7975 | val_loss=589.7822 val_acc=0.7680 | 
02-24 12:01:55 [LP epoch 17] train_loss=0.4781 train_acc=0.8082 | val_loss=560.6383 val_acc=0.7742 | 
02-24 12:01:56 [LP epoch 18] train_loss=0.4869 train_acc=0.7913 | val_loss=608.1404 val_acc=0.7547 | 
02-24 12:01:56 [LP epoch 19] train_loss=0.4670 train_acc=0.8020 | val_loss=589.9652 val_acc=0.7600 | 
02-24 12:01:57 [LP epoch 20] train_loss=0.4436 train_acc=0.8162 | val_loss=565.4443 val_acc=0.7644 | 
02-24 12:01:58 [LP epoch 21] train_loss=0.4422 train_acc=0.8224 | val_loss=558.5228 val_acc=0.7733 | 
02-24 12:01:59 [LP epoch 22] train_loss=0.4395 train_acc=0.8179 | val_loss=543.5031 val_acc=0.7804 | 
02-24 12:02:00 [LP epoch 23] train_loss=0.4210 train_acc=0.8321 | val_loss=528.1860 val_acc=0.7867 | 
02-24 12:02:00 [LP epoch 24] train_loss=0.4133 train_acc=0.8321 | val_loss=544.3868 val_acc=0.7884 | 
02-24 12:02:01 [LP epoch 25] train_loss=0.4085 train_acc=0.8375 | val_loss=569.3448 val_acc=0.7867 | 
02-24 12:02:02 [LP epoch 26] train_loss=0.4185 train_acc=0.8277 | val_loss=585.2471 val_acc=0.7618 | 
02-24 12:02:03 [LP epoch 27] train_loss=0.4038 train_acc=0.8428 | val_loss=525.0933 val_acc=0.7938 | 
02-24 12:02:04 [LP epoch 28] train_loss=0.4133 train_acc=0.8321 | val_loss=544.3666 val_acc=0.7778 | 
02-24 12:02:05 [LP epoch 29] train_loss=0.3907 train_acc=0.8366 | val_loss=547.7572 val_acc=0.7796 | 
02-24 12:02:06 [LP epoch 30] train_loss=0.3831 train_acc=0.8401 | val_loss=548.4521 val_acc=0.7760 | 
02-24 12:02:07 [LP epoch 31] train_loss=0.3704 train_acc=0.8490 | val_loss=585.6975 val_acc=0.7769 | 
02-24 12:02:07 [LP epoch 32] train_loss=0.3779 train_acc=0.8481 | val_loss=527.0195 val_acc=0.7893 | 
02-24 12:02:08 [LP epoch 33] train_loss=0.3671 train_acc=0.8561 | val_loss=541.0279 val_acc=0.7831 | 
02-24 12:02:09 [LP epoch 34] train_loss=0.3590 train_acc=0.8535 | val_loss=498.2940 val_acc=0.8124 | 
02-24 12:02:10 [LP epoch 35] train_loss=0.3520 train_acc=0.8552 | val_loss=487.8785 val_acc=0.8018 | 
02-24 12:02:11 [LP epoch 36] train_loss=0.3549 train_acc=0.8544 | val_loss=576.9837 val_acc=0.7760 | 
02-24 12:02:12 [LP epoch 37] train_loss=0.3519 train_acc=0.8561 | val_loss=493.7793 val_acc=0.8009 | 
02-24 12:02:12 [LP epoch 38] train_loss=0.3359 train_acc=0.8650 | val_loss=461.3656 val_acc=0.8249 | 
02-24 12:02:13 [LP epoch 39] train_loss=0.3369 train_acc=0.8712 | val_loss=475.3544 val_acc=0.8151 | 
02-24 12:02:14 [LP epoch 40] train_loss=0.3320 train_acc=0.8650 | val_loss=491.0718 val_acc=0.8062 | 
02-24 12:02:15 [LP epoch 41] train_loss=0.3183 train_acc=0.8810 | val_loss=474.4981 val_acc=0.8231 | 
02-24 12:02:15 [LP epoch 42] train_loss=0.3218 train_acc=0.8783 | val_loss=484.6110 val_acc=0.8089 | 
02-24 12:02:16 [LP epoch 43] train_loss=0.3263 train_acc=0.8748 | val_loss=482.4386 val_acc=0.8062 | 
02-24 12:02:17 [LP epoch 44] train_loss=0.3281 train_acc=0.8774 | val_loss=501.3678 val_acc=0.7964 | 
02-24 12:02:17 [LP epoch 45] train_loss=0.3138 train_acc=0.8828 | val_loss=460.3811 val_acc=0.8142 | 
02-24 12:02:18 [LP epoch 46] train_loss=0.3150 train_acc=0.8801 | val_loss=496.3377 val_acc=0.8116 | 
02-24 12:02:19 [LP epoch 47] train_loss=0.3017 train_acc=0.8837 | val_loss=453.3312 val_acc=0.8133 | 
02-24 12:02:20 [LP epoch 48] train_loss=0.3053 train_acc=0.8845 | val_loss=532.7517 val_acc=0.8027 | 
02-24 12:02:20 [LP epoch 49] train_loss=0.3102 train_acc=0.8819 | val_loss=463.2825 val_acc=0.8178 | 
02-24 12:02:20 Saved linear-probe checkpoint: ./checkpoint\SSF_PU_0224-115856\linear_probe_best.pt (best_val_acc=0.8249)
02-24 12:02:21 TEST linear-probe: loss=0.4430 acc=0.8184
02-24 12:02:21 using 1 gpus
02-24 12:02:21 Dataset class: <class 'data_utils.datasets.PU.PU'>
02-24 12:02:21 Split sizes: train=10504 val=1125 test=2252, classier=1126
02-24 12:02:22 Label counts train: Counter({2: 3504, 1: 3500, 0: 3500})
02-24 12:02:22 Label counts val:   Counter({0: 375, 2: 375, 1: 375})
02-24 12:02:22 Label counts test:  Counter({2: 751, 0: 751, 1: 750})
02-24 12:02:23 Label counts classifier:  Counter({2: 376, 0: 375, 1: 375})
02-24 12:02:23 Loaded best checkpoint from ./checkpoint/SSF_PU_0224-112038/best_pt (val_loss=-0.9765873131589838)
02-24 12:02:23 [LP epoch 00] train_loss=0.8447 train_acc=0.6119 | val_loss=901.8558 val_acc=0.6560 | 
02-24 12:02:24 [LP epoch 01] train_loss=0.7270 train_acc=0.6758 | val_loss=786.2815 val_acc=0.6827 | 
02-24 12:02:25 [LP epoch 02] train_loss=0.6850 train_acc=0.6972 | val_loss=732.1459 val_acc=0.7227 | 
02-24 12:02:26 [LP epoch 03] train_loss=0.6507 train_acc=0.7105 | val_loss=744.5693 val_acc=0.7200 | 
02-24 12:02:26 [LP epoch 04] train_loss=0.6406 train_acc=0.7167 | val_loss=718.0392 val_acc=0.7164 | 
02-24 12:02:27 [LP epoch 05] train_loss=0.6187 train_acc=0.7345 | val_loss=703.4513 val_acc=0.7120 | 
02-24 12:02:28 [LP epoch 06] train_loss=0.5914 train_acc=0.7531 | val_loss=660.8100 val_acc=0.7298 | 
02-24 12:02:28 [LP epoch 07] train_loss=0.5851 train_acc=0.7460 | val_loss=677.2651 val_acc=0.7182 | 
02-24 12:02:29 [LP epoch 08] train_loss=0.5663 train_acc=0.7584 | val_loss=621.9372 val_acc=0.7476 | 
02-24 12:02:29 [LP epoch 09] train_loss=0.5540 train_acc=0.7682 | val_loss=616.7566 val_acc=0.7502 | 
02-24 12:02:30 [LP epoch 10] train_loss=0.5485 train_acc=0.7673 | val_loss=659.6840 val_acc=0.7280 | 
02-24 12:02:31 [LP epoch 11] train_loss=0.5342 train_acc=0.7726 | val_loss=634.1290 val_acc=0.7404 | 
02-24 12:02:32 [LP epoch 12] train_loss=0.5208 train_acc=0.7771 | val_loss=616.1673 val_acc=0.7511 | 
02-24 12:02:32 [LP epoch 13] train_loss=0.5187 train_acc=0.7833 | val_loss=599.6838 val_acc=0.7378 | 
02-24 12:02:33 [LP epoch 14] train_loss=0.4949 train_acc=0.7860 | val_loss=639.6146 val_acc=0.7324 | 
02-24 12:02:33 [LP epoch 15] train_loss=0.4982 train_acc=0.7877 | val_loss=597.5362 val_acc=0.7520 | 
02-24 12:02:34 [LP epoch 16] train_loss=0.4929 train_acc=0.7877 | val_loss=568.5432 val_acc=0.7751 | 
02-24 12:02:35 [LP epoch 17] train_loss=0.4966 train_acc=0.7913 | val_loss=592.4267 val_acc=0.7556 | 
02-24 12:02:35 [LP epoch 18] train_loss=0.4940 train_acc=0.7993 | val_loss=583.2281 val_acc=0.7582 | 
02-24 12:02:36 [LP epoch 19] train_loss=0.4797 train_acc=0.8028 | val_loss=588.3482 val_acc=0.7564 | 
02-24 12:02:37 [LP epoch 20] train_loss=0.4635 train_acc=0.8091 | val_loss=585.7767 val_acc=0.7653 | 
02-24 12:02:37 [LP epoch 21] train_loss=0.4635 train_acc=0.8046 | val_loss=585.4132 val_acc=0.7591 | 
02-24 12:02:38 [LP epoch 22] train_loss=0.4585 train_acc=0.8082 | val_loss=560.0994 val_acc=0.7733 | 
02-24 12:02:38 [LP epoch 23] train_loss=0.4447 train_acc=0.8171 | val_loss=578.9151 val_acc=0.7662 | 
02-24 12:02:39 [LP epoch 24] train_loss=0.4380 train_acc=0.8179 | val_loss=555.9337 val_acc=0.7769 | 
02-24 12:02:40 [LP epoch 25] train_loss=0.4240 train_acc=0.8117 | val_loss=537.8069 val_acc=0.7876 | 
02-24 12:02:41 [LP epoch 26] train_loss=0.4281 train_acc=0.8188 | val_loss=574.5411 val_acc=0.7751 | 
02-24 12:02:41 [LP epoch 27] train_loss=0.4204 train_acc=0.8126 | val_loss=604.4215 val_acc=0.7564 | 
02-24 12:02:42 [LP epoch 28] train_loss=0.4090 train_acc=0.8224 | val_loss=542.7280 val_acc=0.7831 | 
02-24 12:02:42 [LP epoch 29] train_loss=0.4008 train_acc=0.8419 | val_loss=526.0609 val_acc=0.7876 | 
02-24 12:02:43 [LP epoch 30] train_loss=0.4014 train_acc=0.8268 | val_loss=539.6594 val_acc=0.7867 | 
02-24 12:02:44 [LP epoch 31] train_loss=0.3889 train_acc=0.8330 | val_loss=557.5492 val_acc=0.7796 | 
02-24 12:02:44 [LP epoch 32] train_loss=0.4069 train_acc=0.8304 | val_loss=562.0978 val_acc=0.7849 | 
02-24 12:02:45 [LP epoch 33] train_loss=0.3963 train_acc=0.8295 | val_loss=517.4352 val_acc=0.8036 | 
02-24 12:02:46 [LP epoch 34] train_loss=0.3826 train_acc=0.8410 | val_loss=543.1321 val_acc=0.7858 | 
02-24 12:02:47 [LP epoch 35] train_loss=0.3807 train_acc=0.8455 | val_loss=525.2585 val_acc=0.7964 | 
02-24 12:02:47 [LP epoch 36] train_loss=0.3746 train_acc=0.8419 | val_loss=511.1545 val_acc=0.8044 | 
02-24 12:02:48 [LP epoch 37] train_loss=0.3842 train_acc=0.8419 | val_loss=510.8353 val_acc=0.7956 | 
02-24 12:02:49 [LP epoch 38] train_loss=0.3722 train_acc=0.8464 | val_loss=510.0459 val_acc=0.8009 | 
02-24 12:02:49 [LP epoch 39] train_loss=0.3700 train_acc=0.8401 | val_loss=521.8597 val_acc=0.7973 | 
02-24 12:02:50 [LP epoch 40] train_loss=0.3651 train_acc=0.8508 | val_loss=576.9964 val_acc=0.7733 | 
02-24 12:02:50 [LP epoch 41] train_loss=0.3758 train_acc=0.8410 | val_loss=503.7770 val_acc=0.8089 | 
02-24 12:02:51 [LP epoch 42] train_loss=0.3508 train_acc=0.8499 | val_loss=551.7000 val_acc=0.8018 | 
02-24 12:02:51 [LP epoch 43] train_loss=0.3403 train_acc=0.8623 | val_loss=484.3945 val_acc=0.8124 | 
02-24 12:02:52 [LP epoch 44] train_loss=0.3496 train_acc=0.8526 | val_loss=523.9254 val_acc=0.8036 | 
02-24 12:02:53 [LP epoch 45] train_loss=0.3406 train_acc=0.8606 | val_loss=496.6942 val_acc=0.8027 | 
02-24 12:02:53 [LP epoch 46] train_loss=0.3333 train_acc=0.8588 | val_loss=596.3696 val_acc=0.7884 | 
02-24 12:02:54 [LP epoch 47] train_loss=0.3452 train_acc=0.8570 | val_loss=532.5400 val_acc=0.7956 | 
02-24 12:02:55 [LP epoch 48] train_loss=0.3268 train_acc=0.8686 | val_loss=512.9810 val_acc=0.8142 | 
02-24 12:02:56 [LP epoch 49] train_loss=0.3196 train_acc=0.8677 | val_loss=452.6878 val_acc=0.8320 | 
02-24 12:02:56 Saved linear-probe checkpoint: ./checkpoint\SSF_PU_0224-115856\linear_probe_best.pt (best_val_acc=0.8320)
02-24 12:02:56 TEST linear-probe: loss=0.4448 acc=0.8206
