03-24 13:55:13 ================================================================================
03-24 13:55:13 RUN: aug=('gaussian', 'gaussian') hidden=256 latent=256 blocks=5 seed=0
03-24 13:55:13 model_name: SSF
03-24 13:55:13 data_name: PU
03-24 13:55:13 aug_1: gaussian
03-24 13:55:13 aug_2: gaussian
03-24 13:55:13 data_view: TwoViewDataset
03-24 13:55:13 data_dir: raw_data/PU
03-24 13:55:13 out_channel: 4
03-24 13:55:13 normlizetype: mean_std
03-24 13:55:13 processing_type: O_N
03-24 13:55:13 max_epoch: 50
03-24 13:55:13 classifier_epoch: 50
03-24 13:55:13 batch_size: 64
03-24 13:55:13 cuda_device: 0
03-24 13:55:13 checkpoint_dir: ./checkpoint
03-24 13:55:13 opt: sgd
03-24 13:55:13 lr: 0.05
03-24 13:55:13 momentum: 0.9
03-24 13:55:13 weight_decay: 0.0001
03-24 13:55:13 lr_scheduler: cos
03-24 13:55:13 gamma: 0.95
03-24 13:55:13 eta_min: 1e-05
03-24 13:55:13 latent_space: 256
03-24 13:55:13 num_blocks_ssf: 5
03-24 13:55:13 hidden_channel: 256
03-24 13:55:13 per_class_samples: 2000
03-24 13:55:13 classifier_samples: 200
03-24 13:55:13 task: self_supervised
03-24 13:55:13 critetion: <class 'utils.loss_SSL.SimSiamLoss'>
03-24 13:55:13 using 1 gpus
03-24 13:55:13 Dataset class: <class 'data_utils.datasets.PU.PU'>
03-24 13:55:14 Split sizes: train=2000 val=2000 test=8000, classier=800
03-24 13:55:14 Label counts train: Counter({0: 2000})
03-24 13:55:14 Label counts val:   Counter({0: 2000})
03-24 13:55:15 Label counts test:  Counter({0: 2000, 2: 2000, 3: 2000, 1: 2000})
03-24 13:55:15 Label counts classifier:  Counter({2: 200, 3: 200, 0: 200, 1: 200})
03-24 13:55:15 Label counts classifier validation:  Counter({2: 200, 0: 200, 1: 200, 3: 200})
03-24 13:55:16 -----Epoch 0/49-----
03-24 13:55:21 current lr: 0.05
03-24 13:55:21 Saved best checkpoint to ./checkpoint\SSF_PU_0324-135513\best_pt (val_loss=-0.9843)
03-24 13:55:21 Epoch 000 Train loss -0.8701 | Val loss -0.9843
03-24 13:55:21 -----Epoch 1/49-----
03-24 13:55:25 current lr: 0.0499507
03-24 13:55:25 Saved best checkpoint to ./checkpoint\SSF_PU_0324-135513\best_pt (val_loss=-0.9929)
03-24 13:55:25 Epoch 001 Train loss -0.9906 | Val loss -0.9929
03-24 13:55:25 -----Epoch 2/49-----
03-24 13:55:29 current lr: 0.0498029
03-24 13:55:29 Saved best checkpoint to ./checkpoint\SSF_PU_0324-135513\best_pt (val_loss=-0.9942)
03-24 13:55:29 Epoch 002 Train loss -0.9934 | Val loss -0.9942
03-24 13:55:29 -----Epoch 3/49-----
03-24 13:55:33 current lr: 0.0495573
03-24 13:55:33 Saved best checkpoint to ./checkpoint\SSF_PU_0324-135513\best_pt (val_loss=-0.9951)
03-24 13:55:33 Epoch 003 Train loss -0.9944 | Val loss -0.9951
03-24 13:55:33 -----Epoch 4/49-----
03-24 13:55:37 current lr: 0.0492147
03-24 13:55:37 Saved best checkpoint to ./checkpoint\SSF_PU_0324-135513\best_pt (val_loss=-0.9956)
03-24 13:55:37 Epoch 004 Train loss -0.9951 | Val loss -0.9956
03-24 13:55:37 -----Epoch 5/49-----
03-24 13:55:41 current lr: 0.0487767
03-24 13:55:41 Saved best checkpoint to ./checkpoint\SSF_PU_0324-135513\best_pt (val_loss=-0.9961)
03-24 13:55:41 Epoch 005 Train loss -0.9956 | Val loss -0.9961
03-24 13:55:41 -----Epoch 6/49-----
03-24 13:55:46 current lr: 0.0482448
03-24 13:55:46 Saved best checkpoint to ./checkpoint\SSF_PU_0324-135513\best_pt (val_loss=-0.9964)
03-24 13:55:46 Epoch 006 Train loss -0.9959 | Val loss -0.9964
03-24 13:55:46 -----Epoch 7/49-----
03-24 13:55:50 current lr: 0.0476212
03-24 13:55:50 Saved best checkpoint to ./checkpoint\SSF_PU_0324-135513\best_pt (val_loss=-0.9967)
03-24 13:55:50 Epoch 007 Train loss -0.9962 | Val loss -0.9967
03-24 13:55:50 -----Epoch 8/49-----
03-24 13:55:54 current lr: 0.0469083
03-24 13:55:54 Saved best checkpoint to ./checkpoint\SSF_PU_0324-135513\best_pt (val_loss=-0.9969)
03-24 13:55:54 Epoch 008 Train loss -0.9965 | Val loss -0.9969
03-24 13:55:54 -----Epoch 9/49-----
03-24 13:55:58 current lr: 0.046109
03-24 13:55:58 Saved best checkpoint to ./checkpoint\SSF_PU_0324-135513\best_pt (val_loss=-0.9971)
03-24 13:55:58 Epoch 009 Train loss -0.9967 | Val loss -0.9971
03-24 13:55:58 -----Epoch 10/49-----
03-24 13:56:02 current lr: 0.0452264
03-24 13:56:02 Saved best checkpoint to ./checkpoint\SSF_PU_0324-135513\best_pt (val_loss=-0.9972)
03-24 13:56:02 Epoch 010 Train loss -0.9968 | Val loss -0.9972
03-24 13:56:02 -----Epoch 11/49-----
03-24 13:56:06 current lr: 0.044264
03-24 13:56:06 Saved best checkpoint to ./checkpoint\SSF_PU_0324-135513\best_pt (val_loss=-0.9973)
03-24 13:56:06 Epoch 011 Train loss -0.9970 | Val loss -0.9973
03-24 13:56:06 -----Epoch 12/49-----
03-24 13:56:10 current lr: 0.0432256
03-24 13:56:10 Saved best checkpoint to ./checkpoint\SSF_PU_0324-135513\best_pt (val_loss=-0.9974)
03-24 13:56:10 Epoch 012 Train loss -0.9971 | Val loss -0.9974
03-24 13:56:10 -----Epoch 13/49-----
03-24 13:56:14 current lr: 0.0421153
03-24 13:56:14 Saved best checkpoint to ./checkpoint\SSF_PU_0324-135513\best_pt (val_loss=-0.9975)
03-24 13:56:14 Epoch 013 Train loss -0.9972 | Val loss -0.9975
03-24 13:56:14 -----Epoch 14/49-----
03-24 13:56:18 current lr: 0.0409374
03-24 13:56:18 Saved best checkpoint to ./checkpoint\SSF_PU_0324-135513\best_pt (val_loss=-0.9976)
03-24 13:56:18 Epoch 014 Train loss -0.9973 | Val loss -0.9976
03-24 13:56:18 -----Epoch 15/49-----
03-24 13:56:23 current lr: 0.0396967
03-24 13:56:23 Saved best checkpoint to ./checkpoint\SSF_PU_0324-135513\best_pt (val_loss=-0.9976)
03-24 13:56:23 Epoch 015 Train loss -0.9974 | Val loss -0.9976
03-24 13:56:23 -----Epoch 16/49-----
03-24 13:56:27 current lr: 0.038398
03-24 13:56:27 Saved best checkpoint to ./checkpoint\SSF_PU_0324-135513\best_pt (val_loss=-0.9977)
03-24 13:56:27 Epoch 016 Train loss -0.9974 | Val loss -0.9977
03-24 13:56:27 -----Epoch 17/49-----
03-24 13:56:31 current lr: 0.0370464
03-24 13:56:31 Saved best checkpoint to ./checkpoint\SSF_PU_0324-135513\best_pt (val_loss=-0.9978)
03-24 13:56:31 Epoch 017 Train loss -0.9975 | Val loss -0.9978
03-24 13:56:31 -----Epoch 18/49-----
03-24 13:56:35 current lr: 0.0356474
03-24 13:56:35 Saved best checkpoint to ./checkpoint\SSF_PU_0324-135513\best_pt (val_loss=-0.9978)
03-24 13:56:35 Epoch 018 Train loss -0.9975 | Val loss -0.9978
03-24 13:56:35 -----Epoch 19/49-----
03-24 13:56:39 current lr: 0.0342063
03-24 13:56:39 Saved best checkpoint to ./checkpoint\SSF_PU_0324-135513\best_pt (val_loss=-0.9978)
03-24 13:56:39 Epoch 019 Train loss -0.9976 | Val loss -0.9978
03-24 13:56:39 -----Epoch 20/49-----
03-24 13:56:44 current lr: 0.0327289
03-24 13:56:44 Saved best checkpoint to ./checkpoint\SSF_PU_0324-135513\best_pt (val_loss=-0.9979)
03-24 13:56:44 Epoch 020 Train loss -0.9976 | Val loss -0.9979
03-24 13:56:44 -----Epoch 21/49-----
03-24 13:56:48 current lr: 0.031221
03-24 13:56:48 Saved best checkpoint to ./checkpoint\SSF_PU_0324-135513\best_pt (val_loss=-0.9979)
03-24 13:56:48 Epoch 021 Train loss -0.9977 | Val loss -0.9979
03-24 13:56:48 -----Epoch 22/49-----
03-24 13:56:52 current lr: 0.0296886
03-24 13:56:52 Saved best checkpoint to ./checkpoint\SSF_PU_0324-135513\best_pt (val_loss=-0.9979)
03-24 13:56:52 Epoch 022 Train loss -0.9977 | Val loss -0.9979
03-24 13:56:52 -----Epoch 23/49-----
03-24 13:56:56 current lr: 0.0281377
03-24 13:56:56 Saved best checkpoint to ./checkpoint\SSF_PU_0324-135513\best_pt (val_loss=-0.9980)
03-24 13:56:56 Epoch 023 Train loss -0.9977 | Val loss -0.9980
03-24 13:56:56 -----Epoch 24/49-----
03-24 13:57:00 current lr: 0.0265744
03-24 13:57:00 Saved best checkpoint to ./checkpoint\SSF_PU_0324-135513\best_pt (val_loss=-0.9980)
03-24 13:57:00 Epoch 024 Train loss -0.9978 | Val loss -0.9980
03-24 13:57:00 -----Epoch 25/49-----
03-24 13:57:04 current lr: 0.025005
03-24 13:57:04 Saved best checkpoint to ./checkpoint\SSF_PU_0324-135513\best_pt (val_loss=-0.9980)
03-24 13:57:04 Epoch 025 Train loss -0.9978 | Val loss -0.9980
03-24 13:57:04 -----Epoch 26/49-----
03-24 13:57:09 current lr: 0.0234356
03-24 13:57:09 Saved best checkpoint to ./checkpoint\SSF_PU_0324-135513\best_pt (val_loss=-0.9980)
03-24 13:57:09 Epoch 026 Train loss -0.9978 | Val loss -0.9980
03-24 13:57:09 -----Epoch 27/49-----
03-24 13:57:13 current lr: 0.0218723
03-24 13:57:13 Saved best checkpoint to ./checkpoint\SSF_PU_0324-135513\best_pt (val_loss=-0.9980)
03-24 13:57:13 Epoch 027 Train loss -0.9978 | Val loss -0.9980
03-24 13:57:13 -----Epoch 28/49-----
03-24 13:57:17 current lr: 0.0203214
03-24 13:57:17 Saved best checkpoint to ./checkpoint\SSF_PU_0324-135513\best_pt (val_loss=-0.9981)
03-24 13:57:17 Epoch 028 Train loss -0.9978 | Val loss -0.9981
03-24 13:57:17 -----Epoch 29/49-----
03-24 13:57:21 current lr: 0.018789
03-24 13:57:21 Saved best checkpoint to ./checkpoint\SSF_PU_0324-135513\best_pt (val_loss=-0.9981)
03-24 13:57:21 Epoch 029 Train loss -0.9979 | Val loss -0.9981
03-24 13:57:21 -----Epoch 30/49-----
03-24 13:57:25 current lr: 0.0172811
03-24 13:57:25 Saved best checkpoint to ./checkpoint\SSF_PU_0324-135513\best_pt (val_loss=-0.9981)
03-24 13:57:25 Epoch 030 Train loss -0.9979 | Val loss -0.9981
03-24 13:57:25 -----Epoch 31/49-----
03-24 13:57:29 current lr: 0.0158037
03-24 13:57:29 Saved best checkpoint to ./checkpoint\SSF_PU_0324-135513\best_pt (val_loss=-0.9981)
03-24 13:57:29 Epoch 031 Train loss -0.9979 | Val loss -0.9981
03-24 13:57:29 -----Epoch 32/49-----
03-24 13:57:34 current lr: 0.0143626
03-24 13:57:34 Saved best checkpoint to ./checkpoint\SSF_PU_0324-135513\best_pt (val_loss=-0.9981)
03-24 13:57:34 Epoch 032 Train loss -0.9979 | Val loss -0.9981
03-24 13:57:34 -----Epoch 33/49-----
03-24 13:57:38 current lr: 0.0129636
03-24 13:57:38 Saved best checkpoint to ./checkpoint\SSF_PU_0324-135513\best_pt (val_loss=-0.9981)
03-24 13:57:38 Epoch 033 Train loss -0.9979 | Val loss -0.9981
03-24 13:57:38 -----Epoch 34/49-----
03-24 13:57:42 current lr: 0.011612
03-24 13:57:42 Saved best checkpoint to ./checkpoint\SSF_PU_0324-135513\best_pt (val_loss=-0.9981)
03-24 13:57:42 Epoch 034 Train loss -0.9979 | Val loss -0.9981
03-24 13:57:42 -----Epoch 35/49-----
03-24 13:57:46 current lr: 0.0103133
03-24 13:57:46 No improvement in val_loss for 1/10 epochs.
03-24 13:57:46 Epoch 035 Train loss -0.9979 | Val loss -0.9981
03-24 13:57:46 -----Epoch 36/49-----
03-24 13:57:50 current lr: 0.00907259
03-24 13:57:50 No improvement in val_loss for 2/10 epochs.
03-24 13:57:50 Epoch 036 Train loss -0.9980 | Val loss -0.9981
03-24 13:57:50 -----Epoch 37/49-----
03-24 13:57:54 current lr: 0.00789475
03-24 13:57:54 No improvement in val_loss for 3/10 epochs.
03-24 13:57:54 Epoch 037 Train loss -0.9980 | Val loss -0.9981
03-24 13:57:54 -----Epoch 38/49-----
03-24 13:57:59 current lr: 0.00678443
03-24 13:57:59 No improvement in val_loss for 4/10 epochs.
03-24 13:57:59 Epoch 038 Train loss -0.9980 | Val loss -0.9981
03-24 13:57:59 -----Epoch 39/49-----
03-24 13:58:03 current lr: 0.00574602
03-24 13:58:03 No improvement in val_loss for 5/10 epochs.
03-24 13:58:03 Epoch 039 Train loss -0.9980 | Val loss -0.9981
03-24 13:58:03 -----Epoch 40/49-----
03-24 13:58:07 current lr: 0.00478362
03-24 13:58:07 No improvement in val_loss for 6/10 epochs.
03-24 13:58:07 Epoch 040 Train loss -0.9980 | Val loss -0.9981
03-24 13:58:07 -----Epoch 41/49-----
03-24 13:58:11 current lr: 0.00390102
03-24 13:58:11 No improvement in val_loss for 7/10 epochs.
03-24 13:58:11 Epoch 041 Train loss -0.9980 | Val loss -0.9981
03-24 13:58:11 -----Epoch 42/49-----
03-24 13:58:15 current lr: 0.00310171
03-24 13:58:15 Saved best checkpoint to ./checkpoint\SSF_PU_0324-135513\best_pt (val_loss=-0.9981)
03-24 13:58:15 Epoch 042 Train loss -0.9980 | Val loss -0.9981
03-24 13:58:15 -----Epoch 43/49-----
03-24 13:58:19 current lr: 0.00238885
03-24 13:58:19 Saved best checkpoint to ./checkpoint\SSF_PU_0324-135513\best_pt (val_loss=-0.9982)
03-24 13:58:19 Epoch 043 Train loss -0.9980 | Val loss -0.9982
03-24 13:58:19 -----Epoch 44/49-----
03-24 13:58:23 current lr: 0.00176524
03-24 13:58:23 Saved best checkpoint to ./checkpoint\SSF_PU_0324-135513\best_pt (val_loss=-0.9982)
03-24 13:58:23 Epoch 044 Train loss -0.9980 | Val loss -0.9982
03-24 13:58:23 -----Epoch 45/49-----
03-24 13:58:28 current lr: 0.00123334
03-24 13:58:28 Saved best checkpoint to ./checkpoint\SSF_PU_0324-135513\best_pt (val_loss=-0.9982)
03-24 13:58:28 Epoch 045 Train loss -0.9980 | Val loss -0.9982
03-24 13:58:28 -----Epoch 46/49-----
03-24 13:58:32 current lr: 0.000795264
03-24 13:58:32 Saved best checkpoint to ./checkpoint\SSF_PU_0324-135513\best_pt (val_loss=-0.9982)
03-24 13:58:32 Epoch 046 Train loss -0.9980 | Val loss -0.9982
03-24 13:58:32 -----Epoch 47/49-----
03-24 13:58:36 current lr: 0.00045273
03-24 13:58:36 Saved best checkpoint to ./checkpoint\SSF_PU_0324-135513\best_pt (val_loss=-0.9982)
03-24 13:58:36 Epoch 047 Train loss -0.9980 | Val loss -0.9982
03-24 13:58:36 -----Epoch 48/49-----
03-24 13:58:40 current lr: 0.000207093
03-24 13:58:40 Saved best checkpoint to ./checkpoint\SSF_PU_0324-135513\best_pt (val_loss=-0.9982)
03-24 13:58:40 Epoch 048 Train loss -0.9980 | Val loss -0.9982
03-24 13:58:40 -----Epoch 49/49-----
03-24 13:58:44 current lr: 5.93219e-05
03-24 13:58:44 No improvement in val_loss for 1/10 epochs.
03-24 13:58:44 Epoch 049 Train loss -0.9980 | Val loss -0.9982
03-24 13:58:49 TEST (last): loss -0.9935
03-24 13:58:49 Loaded best checkpoint from ./checkpoint\SSF_PU_0324-135513\best_pt (val_loss=-0.9981685209274292)
03-24 13:58:53 TEST (best): loss -0.9935
03-24 13:59:54 Threshold: 0.38781900071989006
03-24 13:59:54 Binary accuracy: 0.608625
03-24 13:59:54 Confusion matrix:
[[1928   72]
 [3059 2941]]
03-24 13:59:54 Report:
              precision    recall  f1-score   support

      normal       0.39      0.96      0.55      2000
     anomaly       0.98      0.49      0.65      6000

    accuracy                           0.61      8000
   macro avg       0.68      0.73      0.60      8000
weighted avg       0.83      0.61      0.63      8000

03-24 13:59:54 Rates: {1: 0.2015, 2: 0.775, 3: 0.494}
03-24 13:59:55 [LP epoch 00] train_loss=1.0703 train_acc=0.5700 | val_loss=1.1628 val_acc=0.5725 | 
03-24 13:59:56 [LP epoch 01] train_loss=0.9601 train_acc=0.6388 | val_loss=0.9899 val_acc=0.6500 | 
03-24 13:59:57 [LP epoch 02] train_loss=0.9019 train_acc=0.6925 | val_loss=0.9290 val_acc=0.6575 | 
03-24 13:59:58 [LP epoch 03] train_loss=0.8749 train_acc=0.7238 | val_loss=0.9033 val_acc=0.7025 | 
03-24 13:59:59 [LP epoch 04] train_loss=0.8474 train_acc=0.7300 | val_loss=0.8812 val_acc=0.7113 | 
03-24 14:00:00 [LP epoch 05] train_loss=0.8266 train_acc=0.7438 | val_loss=0.8954 val_acc=0.7050 | 
03-24 14:00:01 [LP epoch 06] train_loss=0.8079 train_acc=0.7538 | val_loss=0.8760 val_acc=0.7338 | 
03-24 14:00:02 [LP epoch 07] train_loss=0.7942 train_acc=0.7712 | val_loss=0.8762 val_acc=0.7125 | 
03-24 14:00:03 [LP epoch 08] train_loss=0.7949 train_acc=0.7812 | val_loss=0.8504 val_acc=0.7462 | 
03-24 14:00:04 [LP epoch 09] train_loss=0.7813 train_acc=0.7762 | val_loss=0.8931 val_acc=0.7113 | 
03-24 14:00:04 [LP epoch 10] train_loss=0.7927 train_acc=0.7750 | val_loss=0.8015 val_acc=0.8013 | 
03-24 14:00:05 [LP epoch 11] train_loss=0.7644 train_acc=0.7875 | val_loss=0.8430 val_acc=0.7500 | 
03-24 14:00:06 [LP epoch 12] train_loss=0.7516 train_acc=0.7963 | val_loss=0.8282 val_acc=0.7588 | 
03-24 14:00:07 [LP epoch 13] train_loss=0.7358 train_acc=0.8025 | val_loss=0.8137 val_acc=0.7887 | 
03-24 14:00:08 [LP epoch 14] train_loss=0.7528 train_acc=0.8013 | val_loss=0.8212 val_acc=0.7462 | 
03-24 14:00:09 [LP epoch 15] train_loss=0.7334 train_acc=0.8113 | val_loss=0.7750 val_acc=0.7863 | 
03-24 14:00:10 [LP epoch 16] train_loss=0.7347 train_acc=0.8100 | val_loss=0.8331 val_acc=0.7338 | 
03-24 14:00:11 [LP epoch 17] train_loss=0.7252 train_acc=0.8175 | val_loss=0.8167 val_acc=0.7650 | 
03-24 14:00:12 [LP epoch 18] train_loss=0.7431 train_acc=0.8025 | val_loss=0.7945 val_acc=0.7837 | 
03-24 14:00:13 [LP epoch 19] train_loss=0.7193 train_acc=0.8137 | val_loss=0.7831 val_acc=0.7950 | 
03-24 14:00:14 [LP epoch 20] train_loss=0.7216 train_acc=0.8050 | val_loss=0.7695 val_acc=0.8025 | 
03-24 14:00:15 [LP epoch 21] train_loss=0.7005 train_acc=0.8313 | val_loss=0.7778 val_acc=0.7812 | 
03-24 14:00:16 [LP epoch 22] train_loss=0.6940 train_acc=0.8375 | val_loss=0.7419 val_acc=0.8175 | 
03-24 14:00:17 [LP epoch 23] train_loss=0.6840 train_acc=0.8500 | val_loss=0.7890 val_acc=0.7725 | 
03-24 14:00:18 [LP epoch 24] train_loss=0.6705 train_acc=0.8462 | val_loss=0.7516 val_acc=0.7800 | 
03-24 14:00:19 [LP epoch 25] train_loss=0.6875 train_acc=0.8400 | val_loss=0.7606 val_acc=0.7875 | 
03-24 14:00:20 [LP epoch 26] train_loss=0.6928 train_acc=0.8287 | val_loss=0.7551 val_acc=0.7937 | 
03-24 14:00:21 [LP epoch 27] train_loss=0.6681 train_acc=0.8562 | val_loss=0.7355 val_acc=0.8025 | 
03-24 14:00:22 [LP epoch 28] train_loss=0.6753 train_acc=0.8512 | val_loss=0.7652 val_acc=0.7950 | 
03-24 14:00:23 [LP epoch 29] train_loss=0.6738 train_acc=0.8462 | val_loss=0.7455 val_acc=0.8087 | 
03-24 14:00:23 [LP epoch 30] train_loss=0.6843 train_acc=0.8413 | val_loss=0.7897 val_acc=0.7675 | 
03-24 14:00:24 [LP epoch 31] train_loss=0.6636 train_acc=0.8538 | val_loss=0.7245 val_acc=0.8187 | 
03-24 14:00:25 [LP epoch 32] train_loss=0.6614 train_acc=0.8600 | val_loss=0.7126 val_acc=0.8337 | 
03-24 14:00:26 [LP epoch 33] train_loss=0.6602 train_acc=0.8500 | val_loss=0.7385 val_acc=0.8087 | 
03-24 14:00:27 [LP epoch 34] train_loss=0.6689 train_acc=0.8562 | val_loss=0.8070 val_acc=0.7675 | 
03-24 14:00:28 [LP epoch 35] train_loss=0.6679 train_acc=0.8475 | val_loss=0.7412 val_acc=0.8037 | 
03-24 14:00:29 [LP epoch 36] train_loss=0.6510 train_acc=0.8788 | val_loss=0.7955 val_acc=0.7575 | 
03-24 14:00:30 [LP epoch 37] train_loss=0.6731 train_acc=0.8450 | val_loss=0.7169 val_acc=0.8087 | 
03-24 14:00:31 [LP epoch 38] train_loss=0.6539 train_acc=0.8438 | val_loss=0.7312 val_acc=0.8137 | 
03-24 14:00:32 [LP epoch 39] train_loss=0.6346 train_acc=0.8812 | val_loss=0.7122 val_acc=0.8150 | 
03-24 14:00:33 [LP epoch 40] train_loss=0.6322 train_acc=0.8612 | val_loss=0.7666 val_acc=0.7887 | 
03-24 14:00:34 [LP epoch 41] train_loss=0.6542 train_acc=0.8500 | val_loss=0.7065 val_acc=0.8213 | 
03-24 14:00:35 [LP epoch 42] train_loss=0.6281 train_acc=0.8800 | val_loss=0.7438 val_acc=0.7987 | 
03-24 14:00:36 [LP epoch 43] train_loss=0.6202 train_acc=0.8662 | val_loss=0.7437 val_acc=0.8113 | 
03-24 14:00:37 [LP epoch 44] train_loss=0.6276 train_acc=0.8750 | val_loss=0.7468 val_acc=0.8150 | 
03-24 14:00:38 [LP epoch 45] train_loss=0.6417 train_acc=0.8725 | val_loss=0.7531 val_acc=0.7963 | 
03-24 14:00:39 [LP epoch 46] train_loss=0.6437 train_acc=0.8638 | val_loss=0.7474 val_acc=0.8100 | 
03-24 14:00:40 [LP epoch 47] train_loss=0.6498 train_acc=0.8462 | val_loss=0.7238 val_acc=0.8187 | 
03-24 14:00:41 [LP epoch 48] train_loss=0.6293 train_acc=0.8812 | val_loss=0.7013 val_acc=0.8250 | 
03-24 14:00:42 [LP epoch 49] train_loss=0.6232 train_acc=0.8712 | val_loss=0.7568 val_acc=0.7913 | 
03-24 14:00:42 Saved linear-probe checkpoint: ./checkpoint\SSF_PU_0324-135513\linear_probe_best.pt (best_val_acc=0.8337)
03-24 14:00:46 TEST linear-probe: loss=0.7551 acc=0.7950
03-24 14:00:46 ================================================================================
03-24 14:00:46 RUN: aug=('gaussian', 'gaussian') hidden=256 latent=256 blocks=5 seed=1
03-24 14:00:46 model_name: SSF
03-24 14:00:46 data_name: PU
03-24 14:00:46 aug_1: gaussian
03-24 14:00:46 aug_2: gaussian
03-24 14:00:46 data_view: TwoViewDataset
03-24 14:00:46 data_dir: raw_data/PU
03-24 14:00:46 out_channel: 4
03-24 14:00:46 normlizetype: mean_std
03-24 14:00:46 processing_type: O_N
03-24 14:00:46 max_epoch: 50
03-24 14:00:46 classifier_epoch: 50
03-24 14:00:46 batch_size: 64
03-24 14:00:46 cuda_device: 0
03-24 14:00:46 checkpoint_dir: ./checkpoint
03-24 14:00:46 opt: sgd
03-24 14:00:46 lr: 0.05
03-24 14:00:46 momentum: 0.9
03-24 14:00:46 weight_decay: 0.0001
03-24 14:00:46 lr_scheduler: cos
03-24 14:00:46 gamma: 0.95
03-24 14:00:46 eta_min: 1e-05
03-24 14:00:46 latent_space: 256
03-24 14:00:46 num_blocks_ssf: 5
03-24 14:00:46 hidden_channel: 256
03-24 14:00:46 per_class_samples: 2000
03-24 14:00:46 classifier_samples: 200
03-24 14:00:46 task: self_supervised
03-24 14:00:46 critetion: <class 'utils.loss_SSL.SimSiamLoss'>
03-24 14:00:46 using 1 gpus
03-24 14:00:46 Dataset class: <class 'data_utils.datasets.PU.PU'>
03-24 14:00:46 Split sizes: train=2000 val=2000 test=8000, classier=800
03-24 14:00:47 Label counts train: Counter({0: 2000})
03-24 14:00:47 Label counts val:   Counter({0: 2000})
03-24 14:00:48 Label counts test:  Counter({0: 2000, 2: 2000, 3: 2000, 1: 2000})
03-24 14:00:48 Label counts classifier:  Counter({3: 200, 0: 200, 2: 200, 1: 200})
03-24 14:00:48 Label counts classifier validation:  Counter({3: 200, 2: 200, 0: 200, 1: 200})
03-24 14:00:48 -----Epoch 0/49-----
03-24 14:00:52 current lr: 0.05
03-24 14:00:52 Saved best checkpoint to ./checkpoint\SSF_PU_0324-135513\best_pt (val_loss=-0.9809)
03-24 14:00:52 Epoch 000 Train loss -0.8654 | Val loss -0.9809
03-24 14:00:52 -----Epoch 1/49-----
03-24 14:00:56 current lr: 0.0499507
03-24 14:00:56 Saved best checkpoint to ./checkpoint\SSF_PU_0324-135513\best_pt (val_loss=-0.9925)
03-24 14:00:56 Epoch 001 Train loss -0.9896 | Val loss -0.9925
03-24 14:00:56 -----Epoch 2/49-----
03-24 14:01:00 current lr: 0.0498029
03-24 14:01:00 Saved best checkpoint to ./checkpoint\SSF_PU_0324-135513\best_pt (val_loss=-0.9944)
03-24 14:01:00 Epoch 002 Train loss -0.9934 | Val loss -0.9944
03-24 14:01:00 -----Epoch 3/49-----
03-24 14:01:04 current lr: 0.0495573
03-24 14:01:04 Saved best checkpoint to ./checkpoint\SSF_PU_0324-135513\best_pt (val_loss=-0.9953)
03-24 14:01:04 Epoch 003 Train loss -0.9946 | Val loss -0.9953
03-24 14:01:04 -----Epoch 4/49-----
03-24 14:01:08 current lr: 0.0492147
03-24 14:01:08 Saved best checkpoint to ./checkpoint\SSF_PU_0324-135513\best_pt (val_loss=-0.9958)
03-24 14:01:08 Epoch 004 Train loss -0.9953 | Val loss -0.9958
03-24 14:01:08 -----Epoch 5/49-----
03-24 14:01:13 current lr: 0.0487767
03-24 14:01:13 Saved best checkpoint to ./checkpoint\SSF_PU_0324-135513\best_pt (val_loss=-0.9962)
03-24 14:01:13 Epoch 005 Train loss -0.9958 | Val loss -0.9962
03-24 14:01:13 -----Epoch 6/49-----
03-24 14:01:17 current lr: 0.0482448
03-24 14:01:17 Saved best checkpoint to ./checkpoint\SSF_PU_0324-135513\best_pt (val_loss=-0.9965)
03-24 14:01:17 Epoch 006 Train loss -0.9961 | Val loss -0.9965
03-24 14:01:17 -----Epoch 7/49-----
03-24 14:01:21 current lr: 0.0476212
03-24 14:01:21 Saved best checkpoint to ./checkpoint\SSF_PU_0324-135513\best_pt (val_loss=-0.9968)
03-24 14:01:21 Epoch 007 Train loss -0.9964 | Val loss -0.9968
03-24 14:01:21 -----Epoch 8/49-----
03-24 14:01:25 current lr: 0.0469083
03-24 14:01:25 Saved best checkpoint to ./checkpoint\SSF_PU_0324-135513\best_pt (val_loss=-0.9970)
03-24 14:01:25 Epoch 008 Train loss -0.9966 | Val loss -0.9970
03-24 14:01:25 -----Epoch 9/49-----
03-24 14:01:29 current lr: 0.046109
03-24 14:01:29 Saved best checkpoint to ./checkpoint\SSF_PU_0324-135513\best_pt (val_loss=-0.9971)
03-24 14:01:29 Epoch 009 Train loss -0.9968 | Val loss -0.9971
03-24 14:01:29 -----Epoch 10/49-----
03-24 14:01:33 current lr: 0.0452264
03-24 14:01:33 Saved best checkpoint to ./checkpoint\SSF_PU_0324-135513\best_pt (val_loss=-0.9973)
03-24 14:01:33 Epoch 010 Train loss -0.9969 | Val loss -0.9973
03-24 14:01:33 -----Epoch 11/49-----
03-24 14:01:38 current lr: 0.044264
03-24 14:01:38 Saved best checkpoint to ./checkpoint\SSF_PU_0324-135513\best_pt (val_loss=-0.9974)
03-24 14:01:38 Epoch 011 Train loss -0.9971 | Val loss -0.9974
03-24 14:01:38 -----Epoch 12/49-----
03-24 14:01:42 current lr: 0.0432256
03-24 14:01:42 Saved best checkpoint to ./checkpoint\SSF_PU_0324-135513\best_pt (val_loss=-0.9975)
03-24 14:01:42 Epoch 012 Train loss -0.9972 | Val loss -0.9975
03-24 14:01:42 -----Epoch 13/49-----
03-24 14:01:46 current lr: 0.0421153
03-24 14:01:46 Saved best checkpoint to ./checkpoint\SSF_PU_0324-135513\best_pt (val_loss=-0.9976)
03-24 14:01:46 Epoch 013 Train loss -0.9973 | Val loss -0.9976
03-24 14:01:46 -----Epoch 14/49-----
03-24 14:01:51 current lr: 0.0409374
03-24 14:01:51 Saved best checkpoint to ./checkpoint\SSF_PU_0324-135513\best_pt (val_loss=-0.9976)
03-24 14:01:51 Epoch 014 Train loss -0.9974 | Val loss -0.9976
03-24 14:01:51 -----Epoch 15/49-----
03-24 14:01:56 current lr: 0.0396967
03-24 14:01:56 Saved best checkpoint to ./checkpoint\SSF_PU_0324-135513\best_pt (val_loss=-0.9977)
03-24 14:01:56 Epoch 015 Train loss -0.9974 | Val loss -0.9977
03-24 14:01:56 -----Epoch 16/49-----
03-24 14:02:01 current lr: 0.038398
03-24 14:02:01 Saved best checkpoint to ./checkpoint\SSF_PU_0324-135513\best_pt (val_loss=-0.9977)
03-24 14:02:01 Epoch 016 Train loss -0.9975 | Val loss -0.9977
03-24 14:02:01 -----Epoch 17/49-----
03-24 14:02:05 current lr: 0.0370464
03-24 14:02:05 Saved best checkpoint to ./checkpoint\SSF_PU_0324-135513\best_pt (val_loss=-0.9978)
03-24 14:02:05 Epoch 017 Train loss -0.9975 | Val loss -0.9978
03-24 14:02:05 -----Epoch 18/49-----
03-24 14:02:10 current lr: 0.0356474
03-24 14:02:10 Saved best checkpoint to ./checkpoint\SSF_PU_0324-135513\best_pt (val_loss=-0.9978)
03-24 14:02:10 Epoch 018 Train loss -0.9976 | Val loss -0.9978
03-24 14:02:10 -----Epoch 19/49-----
03-24 14:02:14 current lr: 0.0342063
03-24 14:02:15 Saved best checkpoint to ./checkpoint\SSF_PU_0324-135513\best_pt (val_loss=-0.9979)
03-24 14:02:15 Epoch 019 Train loss -0.9976 | Val loss -0.9979
03-24 14:02:15 -----Epoch 20/49-----
03-24 14:02:19 current lr: 0.0327289
03-24 14:02:19 Saved best checkpoint to ./checkpoint\SSF_PU_0324-135513\best_pt (val_loss=-0.9979)
03-24 14:02:19 Epoch 020 Train loss -0.9977 | Val loss -0.9979
03-24 14:02:19 -----Epoch 21/49-----
03-24 14:02:24 current lr: 0.031221
03-24 14:02:24 Saved best checkpoint to ./checkpoint\SSF_PU_0324-135513\best_pt (val_loss=-0.9979)
03-24 14:02:24 Epoch 021 Train loss -0.9977 | Val loss -0.9979
03-24 14:02:24 -----Epoch 22/49-----
03-24 14:02:28 current lr: 0.0296886
03-24 14:02:28 Saved best checkpoint to ./checkpoint\SSF_PU_0324-135513\best_pt (val_loss=-0.9980)
03-24 14:02:28 Epoch 022 Train loss -0.9977 | Val loss -0.9980
03-24 14:02:28 -----Epoch 23/49-----
03-24 14:02:33 current lr: 0.0281377
03-24 14:02:33 Saved best checkpoint to ./checkpoint\SSF_PU_0324-135513\best_pt (val_loss=-0.9980)
03-24 14:02:33 Epoch 023 Train loss -0.9978 | Val loss -0.9980
03-24 14:02:33 -----Epoch 24/49-----
03-24 14:02:38 current lr: 0.0265744
03-24 14:02:38 Saved best checkpoint to ./checkpoint\SSF_PU_0324-135513\best_pt (val_loss=-0.9980)
03-24 14:02:38 Epoch 024 Train loss -0.9978 | Val loss -0.9980
03-24 14:02:38 -----Epoch 25/49-----
03-24 14:02:42 current lr: 0.025005
03-24 14:02:42 Saved best checkpoint to ./checkpoint\SSF_PU_0324-135513\best_pt (val_loss=-0.9980)
03-24 14:02:42 Epoch 025 Train loss -0.9978 | Val loss -0.9980
03-24 14:02:42 -----Epoch 26/49-----
03-24 14:02:47 current lr: 0.0234356
03-24 14:02:47 Saved best checkpoint to ./checkpoint\SSF_PU_0324-135513\best_pt (val_loss=-0.9981)
03-24 14:02:47 Epoch 026 Train loss -0.9978 | Val loss -0.9981
03-24 14:02:47 -----Epoch 27/49-----
03-24 14:02:52 current lr: 0.0218723
03-24 14:02:52 Saved best checkpoint to ./checkpoint\SSF_PU_0324-135513\best_pt (val_loss=-0.9981)
03-24 14:02:52 Epoch 027 Train loss -0.9979 | Val loss -0.9981
03-24 14:02:52 -----Epoch 28/49-----
03-24 14:02:57 current lr: 0.0203214
03-24 14:02:57 Saved best checkpoint to ./checkpoint\SSF_PU_0324-135513\best_pt (val_loss=-0.9981)
03-24 14:02:57 Epoch 028 Train loss -0.9979 | Val loss -0.9981
03-24 14:02:57 -----Epoch 29/49-----
03-24 14:03:02 current lr: 0.018789
03-24 14:03:02 Saved best checkpoint to ./checkpoint\SSF_PU_0324-135513\best_pt (val_loss=-0.9981)
03-24 14:03:02 Epoch 029 Train loss -0.9979 | Val loss -0.9981
03-24 14:03:02 -----Epoch 30/49-----
03-24 14:03:07 current lr: 0.0172811
03-24 14:03:07 Saved best checkpoint to ./checkpoint\SSF_PU_0324-135513\best_pt (val_loss=-0.9981)
03-24 14:03:07 Epoch 030 Train loss -0.9979 | Val loss -0.9981
03-24 14:03:07 -----Epoch 31/49-----
03-24 14:03:12 current lr: 0.0158037
03-24 14:03:12 Saved best checkpoint to ./checkpoint\SSF_PU_0324-135513\best_pt (val_loss=-0.9981)
03-24 14:03:12 Epoch 031 Train loss -0.9979 | Val loss -0.9981
03-24 14:03:12 -----Epoch 32/49-----
03-24 14:03:17 current lr: 0.0143626
03-24 14:03:17 Saved best checkpoint to ./checkpoint\SSF_PU_0324-135513\best_pt (val_loss=-0.9981)
03-24 14:03:17 Epoch 032 Train loss -0.9980 | Val loss -0.9981
03-24 14:03:17 -----Epoch 33/49-----
03-24 14:03:21 current lr: 0.0129636
03-24 14:03:21 Saved best checkpoint to ./checkpoint\SSF_PU_0324-135513\best_pt (val_loss=-0.9981)
03-24 14:03:21 Epoch 033 Train loss -0.9980 | Val loss -0.9981
03-24 14:03:21 -----Epoch 34/49-----
03-24 14:03:26 current lr: 0.011612
03-24 14:03:26 Saved best checkpoint to ./checkpoint\SSF_PU_0324-135513\best_pt (val_loss=-0.9981)
03-24 14:03:26 Epoch 034 Train loss -0.9980 | Val loss -0.9981
03-24 14:03:26 -----Epoch 35/49-----
03-24 14:03:31 current lr: 0.0103133
03-24 14:03:31 No improvement in val_loss for 1/10 epochs.
03-24 14:03:31 Epoch 035 Train loss -0.9980 | Val loss -0.9981
03-24 14:03:31 -----Epoch 36/49-----
03-24 14:03:36 current lr: 0.00907259
03-24 14:03:36 No improvement in val_loss for 2/10 epochs.
03-24 14:03:36 Epoch 036 Train loss -0.9980 | Val loss -0.9981
03-24 14:03:36 -----Epoch 37/49-----
03-24 14:03:40 current lr: 0.00789475
03-24 14:03:40 No improvement in val_loss for 3/10 epochs.
03-24 14:03:40 Epoch 037 Train loss -0.9980 | Val loss -0.9981
03-24 14:03:40 -----Epoch 38/49-----
03-24 14:03:45 current lr: 0.00678443
03-24 14:03:45 No improvement in val_loss for 4/10 epochs.
03-24 14:03:45 Epoch 038 Train loss -0.9980 | Val loss -0.9981
03-24 14:03:45 -----Epoch 39/49-----
03-24 14:03:50 current lr: 0.00574602
03-24 14:03:50 No improvement in val_loss for 5/10 epochs.
03-24 14:03:50 Epoch 039 Train loss -0.9980 | Val loss -0.9981
03-24 14:03:50 -----Epoch 40/49-----
03-24 14:03:55 current lr: 0.00478362
03-24 14:03:55 No improvement in val_loss for 6/10 epochs.
03-24 14:03:55 Epoch 040 Train loss -0.9980 | Val loss -0.9981
03-24 14:03:55 -----Epoch 41/49-----
03-24 14:04:00 current lr: 0.00390102
03-24 14:04:00 Saved best checkpoint to ./checkpoint\SSF_PU_0324-135513\best_pt (val_loss=-0.9982)
03-24 14:04:00 Epoch 041 Train loss -0.9980 | Val loss -0.9982
03-24 14:04:00 -----Epoch 42/49-----
03-24 14:04:04 current lr: 0.00310171
03-24 14:04:04 Saved best checkpoint to ./checkpoint\SSF_PU_0324-135513\best_pt (val_loss=-0.9982)
03-24 14:04:04 Epoch 042 Train loss -0.9980 | Val loss -0.9982
03-24 14:04:04 -----Epoch 43/49-----
03-24 14:04:09 current lr: 0.00238885
03-24 14:04:09 Saved best checkpoint to ./checkpoint\SSF_PU_0324-135513\best_pt (val_loss=-0.9982)
03-24 14:04:09 Epoch 043 Train loss -0.9980 | Val loss -0.9982
03-24 14:04:09 -----Epoch 44/49-----
03-24 14:04:13 current lr: 0.00176524
03-24 14:04:13 Saved best checkpoint to ./checkpoint\SSF_PU_0324-135513\best_pt (val_loss=-0.9982)
03-24 14:04:13 Epoch 044 Train loss -0.9980 | Val loss -0.9982
03-24 14:04:13 -----Epoch 45/49-----
03-24 14:04:17 current lr: 0.00123334
03-24 14:04:17 Saved best checkpoint to ./checkpoint\SSF_PU_0324-135513\best_pt (val_loss=-0.9982)
03-24 14:04:17 Epoch 045 Train loss -0.9980 | Val loss -0.9982
03-24 14:04:17 -----Epoch 46/49-----
03-24 14:04:21 current lr: 0.000795264
03-24 14:04:21 Saved best checkpoint to ./checkpoint\SSF_PU_0324-135513\best_pt (val_loss=-0.9982)
03-24 14:04:21 Epoch 046 Train loss -0.9980 | Val loss -0.9982
03-24 14:04:21 -----Epoch 47/49-----
03-24 14:04:26 current lr: 0.00045273
03-24 14:04:26 No improvement in val_loss for 1/10 epochs.
03-24 14:04:26 Epoch 047 Train loss -0.9980 | Val loss -0.9982
03-24 14:04:26 -----Epoch 48/49-----
03-24 14:04:30 current lr: 0.000207093
03-24 14:04:30 Saved best checkpoint to ./checkpoint\SSF_PU_0324-135513\best_pt (val_loss=-0.9982)
03-24 14:04:30 Epoch 048 Train loss -0.9981 | Val loss -0.9982
03-24 14:04:30 -----Epoch 49/49-----
03-24 14:04:34 current lr: 5.93219e-05
03-24 14:04:34 No improvement in val_loss for 1/10 epochs.
03-24 14:04:34 Epoch 049 Train loss -0.9981 | Val loss -0.9982
03-24 14:04:38 TEST (last): loss -0.9938
03-24 14:04:38 Loaded best checkpoint from ./checkpoint\SSF_PU_0324-135513\best_pt (val_loss=-0.9981736764907837)
03-24 14:04:43 TEST (best): loss -0.9938
03-24 14:05:44 Threshold: 0.3781079108650503
03-24 14:05:44 Binary accuracy: 0.630625
03-24 14:05:44 Confusion matrix:
[[1926   74]
 [2881 3119]]
03-24 14:05:44 Report:
              precision    recall  f1-score   support

      normal       0.40      0.96      0.57      2000
     anomaly       0.98      0.52      0.68      6000

    accuracy                           0.63      8000
   macro avg       0.69      0.74      0.62      8000
weighted avg       0.83      0.63      0.65      8000

03-24 14:05:44 Rates: {1: 0.238, 2: 0.7845, 3: 0.537}
03-24 14:05:45 [LP epoch 00] train_loss=1.0941 train_acc=0.5700 | val_loss=1.1776 val_acc=0.5500 | 
03-24 14:05:46 [LP epoch 01] train_loss=0.9551 train_acc=0.6650 | val_loss=0.9943 val_acc=0.6175 | 
03-24 14:05:47 [LP epoch 02] train_loss=0.9239 train_acc=0.6825 | val_loss=0.9425 val_acc=0.6625 | 
03-24 14:05:48 [LP epoch 03] train_loss=0.8805 train_acc=0.7212 | val_loss=0.9264 val_acc=0.6700 | 
03-24 14:05:49 [LP epoch 04] train_loss=0.8634 train_acc=0.7388 | val_loss=0.8948 val_acc=0.7000 | 
03-24 14:05:50 [LP epoch 05] train_loss=0.8247 train_acc=0.7475 | val_loss=0.8740 val_acc=0.7250 | 
03-24 14:05:51 [LP epoch 06] train_loss=0.8213 train_acc=0.7400 | val_loss=0.8813 val_acc=0.7238 | 
03-24 14:05:52 [LP epoch 07] train_loss=0.8250 train_acc=0.7488 | val_loss=0.9072 val_acc=0.7200 | 
03-24 14:05:53 [LP epoch 08] train_loss=0.7880 train_acc=0.7712 | val_loss=0.8746 val_acc=0.7450 | 
03-24 14:05:53 [LP epoch 09] train_loss=0.7861 train_acc=0.7850 | val_loss=0.9209 val_acc=0.6813 | 
03-24 14:05:54 [LP epoch 10] train_loss=0.7838 train_acc=0.7712 | val_loss=0.8013 val_acc=0.7863 | 
03-24 14:05:55 [LP epoch 11] train_loss=0.7720 train_acc=0.7900 | val_loss=0.8433 val_acc=0.7425 | 
03-24 14:05:56 [LP epoch 12] train_loss=0.7584 train_acc=0.7937 | val_loss=0.8999 val_acc=0.7075 | 
03-24 14:05:57 [LP epoch 13] train_loss=0.7347 train_acc=0.8200 | val_loss=0.8356 val_acc=0.7262 | 
03-24 14:05:58 [LP epoch 14] train_loss=0.7410 train_acc=0.8013 | val_loss=0.7757 val_acc=0.7950 | 
03-24 14:05:59 [LP epoch 15] train_loss=0.7475 train_acc=0.7987 | val_loss=0.7959 val_acc=0.7775 | 
03-24 14:06:00 [LP epoch 16] train_loss=0.7305 train_acc=0.8225 | val_loss=0.9053 val_acc=0.6913 | 
03-24 14:06:01 [LP epoch 17] train_loss=0.7190 train_acc=0.8250 | val_loss=0.9178 val_acc=0.6913 | 
03-24 14:06:02 [LP epoch 18] train_loss=0.7296 train_acc=0.8237 | val_loss=0.7653 val_acc=0.7887 | 
03-24 14:06:03 [LP epoch 19] train_loss=0.7122 train_acc=0.8250 | val_loss=0.8104 val_acc=0.7438 | 
03-24 14:06:04 [LP epoch 20] train_loss=0.7084 train_acc=0.8337 | val_loss=0.7892 val_acc=0.7588 | 
03-24 14:06:05 [LP epoch 21] train_loss=0.7178 train_acc=0.8200 | val_loss=0.8853 val_acc=0.7238 | 
03-24 14:06:06 [LP epoch 22] train_loss=0.7212 train_acc=0.8237 | val_loss=0.7802 val_acc=0.7925 | 
03-24 14:06:07 [LP epoch 23] train_loss=0.6858 train_acc=0.8500 | val_loss=0.7356 val_acc=0.8100 | 
03-24 14:06:08 [LP epoch 24] train_loss=0.6981 train_acc=0.8438 | val_loss=0.7832 val_acc=0.7825 | 
03-24 14:06:09 [LP epoch 25] train_loss=0.6823 train_acc=0.8475 | val_loss=0.7456 val_acc=0.8013 | 
03-24 14:06:10 [LP epoch 26] train_loss=0.6857 train_acc=0.8387 | val_loss=0.7437 val_acc=0.7950 | 
03-24 14:06:11 [LP epoch 27] train_loss=0.6834 train_acc=0.8387 | val_loss=0.7467 val_acc=0.8063 | 
03-24 14:06:12 [LP epoch 28] train_loss=0.6688 train_acc=0.8488 | val_loss=0.7912 val_acc=0.7625 | 
03-24 14:06:13 [LP epoch 29] train_loss=0.6732 train_acc=0.8525 | val_loss=0.7451 val_acc=0.8137 | 
03-24 14:06:13 [LP epoch 30] train_loss=0.6490 train_acc=0.8675 | val_loss=0.9368 val_acc=0.6875 | 
03-24 14:06:14 [LP epoch 31] train_loss=0.6385 train_acc=0.8650 | val_loss=0.6945 val_acc=0.8625 | 
03-24 14:06:15 [LP epoch 32] train_loss=0.6593 train_acc=0.8600 | val_loss=0.7296 val_acc=0.8087 | 
03-24 14:06:16 [LP epoch 33] train_loss=0.6670 train_acc=0.8662 | val_loss=0.7457 val_acc=0.7987 | 
03-24 14:06:17 [LP epoch 34] train_loss=0.6549 train_acc=0.8538 | val_loss=0.7373 val_acc=0.8137 | 
03-24 14:06:18 [LP epoch 35] train_loss=0.6521 train_acc=0.8650 | val_loss=0.8118 val_acc=0.7488 | 
03-24 14:06:19 [LP epoch 36] train_loss=0.6708 train_acc=0.8525 | val_loss=0.7191 val_acc=0.8450 | 
03-24 14:06:20 [LP epoch 37] train_loss=0.6635 train_acc=0.8475 | val_loss=0.7735 val_acc=0.7950 | 
03-24 14:06:21 [LP epoch 38] train_loss=0.6485 train_acc=0.8675 | val_loss=0.7258 val_acc=0.8150 | 
03-24 14:06:22 [LP epoch 39] train_loss=0.6422 train_acc=0.8712 | val_loss=0.8452 val_acc=0.7288 | 
03-24 14:06:23 [LP epoch 40] train_loss=0.6173 train_acc=0.8762 | val_loss=0.7691 val_acc=0.7812 | 
03-24 14:06:24 [LP epoch 41] train_loss=0.6322 train_acc=0.8750 | val_loss=0.7234 val_acc=0.8225 | 
03-24 14:06:25 [LP epoch 42] train_loss=0.6320 train_acc=0.8750 | val_loss=0.7818 val_acc=0.7638 | 
03-24 14:06:26 [LP epoch 43] train_loss=0.6304 train_acc=0.8900 | val_loss=0.7298 val_acc=0.8050 | 
03-24 14:06:27 [LP epoch 44] train_loss=0.6195 train_acc=0.8775 | val_loss=0.7136 val_acc=0.8387 | 
03-24 14:06:28 [LP epoch 45] train_loss=0.6304 train_acc=0.8775 | val_loss=0.7272 val_acc=0.8250 | 
03-24 14:06:29 [LP epoch 46] train_loss=0.6183 train_acc=0.8800 | val_loss=0.7293 val_acc=0.8137 | 
03-24 14:06:30 [LP epoch 47] train_loss=0.6047 train_acc=0.8888 | val_loss=0.7193 val_acc=0.8237 | 
03-24 14:06:31 [LP epoch 48] train_loss=0.6246 train_acc=0.8788 | val_loss=0.6987 val_acc=0.8375 | 
03-24 14:06:32 [LP epoch 49] train_loss=0.6285 train_acc=0.8775 | val_loss=0.7463 val_acc=0.8175 | 
03-24 14:06:32 Saved linear-probe checkpoint: ./checkpoint\SSF_PU_0324-135513\linear_probe_best.pt (best_val_acc=0.8625)
03-24 14:06:36 TEST linear-probe: loss=0.7466 acc=0.7981
03-24 14:06:36 ================================================================================
03-24 14:06:36 RUN: aug=('gaussian', 'gaussian') hidden=256 latent=256 blocks=5 seed=2
03-24 14:06:36 model_name: SSF
03-24 14:06:36 data_name: PU
03-24 14:06:36 aug_1: gaussian
03-24 14:06:36 aug_2: gaussian
03-24 14:06:36 data_view: TwoViewDataset
03-24 14:06:36 data_dir: raw_data/PU
03-24 14:06:36 out_channel: 4
03-24 14:06:36 normlizetype: mean_std
03-24 14:06:36 processing_type: O_N
03-24 14:06:36 max_epoch: 50
03-24 14:06:36 classifier_epoch: 50
03-24 14:06:36 batch_size: 64
03-24 14:06:36 cuda_device: 0
03-24 14:06:36 checkpoint_dir: ./checkpoint
03-24 14:06:36 opt: sgd
03-24 14:06:36 lr: 0.05
03-24 14:06:36 momentum: 0.9
03-24 14:06:36 weight_decay: 0.0001
03-24 14:06:36 lr_scheduler: cos
03-24 14:06:36 gamma: 0.95
03-24 14:06:36 eta_min: 1e-05
03-24 14:06:36 latent_space: 256
03-24 14:06:36 num_blocks_ssf: 5
03-24 14:06:36 hidden_channel: 256
03-24 14:06:36 per_class_samples: 2000
03-24 14:06:36 classifier_samples: 200
03-24 14:06:36 task: self_supervised
03-24 14:06:36 critetion: <class 'utils.loss_SSL.SimSiamLoss'>
03-24 14:06:36 using 1 gpus
03-24 14:06:36 Dataset class: <class 'data_utils.datasets.PU.PU'>
03-24 14:06:36 Split sizes: train=2000 val=2000 test=8000, classier=800
03-24 14:06:37 Label counts train: Counter({0: 2000})
03-24 14:06:37 Label counts val:   Counter({0: 2000})
03-24 14:06:38 Label counts test:  Counter({0: 2000, 2: 2000, 3: 2000, 1: 2000})
03-24 14:06:38 Label counts classifier:  Counter({3: 200, 2: 200, 1: 200, 0: 200})
03-24 14:06:38 Label counts classifier validation:  Counter({1: 200, 2: 200, 0: 200, 3: 200})
03-24 14:06:38 -----Epoch 0/49-----
03-24 14:06:42 current lr: 0.05
03-24 14:06:42 Saved best checkpoint to ./checkpoint\SSF_PU_0324-135513\best_pt (val_loss=-0.9832)
03-24 14:06:42 Epoch 000 Train loss -0.8798 | Val loss -0.9832
03-24 14:06:42 -----Epoch 1/49-----
03-24 14:06:46 current lr: 0.0499507
03-24 14:06:46 Saved best checkpoint to ./checkpoint\SSF_PU_0324-135513\best_pt (val_loss=-0.9930)
03-24 14:06:46 Epoch 001 Train loss -0.9902 | Val loss -0.9930
03-24 14:06:46 -----Epoch 2/49-----
03-24 14:06:50 current lr: 0.0498029
03-24 14:06:50 Saved best checkpoint to ./checkpoint\SSF_PU_0324-135513\best_pt (val_loss=-0.9946)
03-24 14:06:50 Epoch 002 Train loss -0.9937 | Val loss -0.9946
03-24 14:06:50 -----Epoch 3/49-----
03-24 14:06:54 current lr: 0.0495573
03-24 14:06:54 Saved best checkpoint to ./checkpoint\SSF_PU_0324-135513\best_pt (val_loss=-0.9955)
03-24 14:06:54 Epoch 003 Train loss -0.9949 | Val loss -0.9955
03-24 14:06:54 -----Epoch 4/49-----
03-24 14:06:58 current lr: 0.0492147
03-24 14:06:59 Saved best checkpoint to ./checkpoint\SSF_PU_0324-135513\best_pt (val_loss=-0.9960)
03-24 14:06:59 Epoch 004 Train loss -0.9955 | Val loss -0.9960
03-24 14:06:59 -----Epoch 5/49-----
03-24 14:07:03 current lr: 0.0487767
03-24 14:07:03 Saved best checkpoint to ./checkpoint\SSF_PU_0324-135513\best_pt (val_loss=-0.9964)
03-24 14:07:03 Epoch 005 Train loss -0.9959 | Val loss -0.9964
03-24 14:07:03 -----Epoch 6/49-----
03-24 14:07:07 current lr: 0.0482448
03-24 14:07:07 Saved best checkpoint to ./checkpoint\SSF_PU_0324-135513\best_pt (val_loss=-0.9967)
03-24 14:07:07 Epoch 006 Train loss -0.9963 | Val loss -0.9967
03-24 14:07:07 -----Epoch 7/49-----
03-24 14:07:11 current lr: 0.0476212
03-24 14:07:11 Saved best checkpoint to ./checkpoint\SSF_PU_0324-135513\best_pt (val_loss=-0.9969)
03-24 14:07:11 Epoch 007 Train loss -0.9965 | Val loss -0.9969
03-24 14:07:11 -----Epoch 8/49-----
03-24 14:07:15 current lr: 0.0469083
03-24 14:07:15 Saved best checkpoint to ./checkpoint\SSF_PU_0324-135513\best_pt (val_loss=-0.9971)
03-24 14:07:15 Epoch 008 Train loss -0.9967 | Val loss -0.9971
03-24 14:07:15 -----Epoch 9/49-----
03-24 14:07:19 current lr: 0.046109
03-24 14:07:19 Saved best checkpoint to ./checkpoint\SSF_PU_0324-135513\best_pt (val_loss=-0.9972)
03-24 14:07:19 Epoch 009 Train loss -0.9969 | Val loss -0.9972
03-24 14:07:19 -----Epoch 10/49-----
03-24 14:07:23 current lr: 0.0452264
03-24 14:07:23 Saved best checkpoint to ./checkpoint\SSF_PU_0324-135513\best_pt (val_loss=-0.9973)
03-24 14:07:23 Epoch 010 Train loss -0.9970 | Val loss -0.9973
03-24 14:07:23 -----Epoch 11/49-----
03-24 14:07:27 current lr: 0.044264
03-24 14:07:27 Saved best checkpoint to ./checkpoint\SSF_PU_0324-135513\best_pt (val_loss=-0.9974)
03-24 14:07:27 Epoch 011 Train loss -0.9971 | Val loss -0.9974
03-24 14:07:27 -----Epoch 12/49-----
03-24 14:07:32 current lr: 0.0432256
03-24 14:07:32 Saved best checkpoint to ./checkpoint\SSF_PU_0324-135513\best_pt (val_loss=-0.9975)
03-24 14:07:32 Epoch 012 Train loss -0.9972 | Val loss -0.9975
03-24 14:07:32 -----Epoch 13/49-----
03-24 14:07:36 current lr: 0.0421153
03-24 14:07:36 Saved best checkpoint to ./checkpoint\SSF_PU_0324-135513\best_pt (val_loss=-0.9976)
03-24 14:07:36 Epoch 013 Train loss -0.9973 | Val loss -0.9976
03-24 14:07:36 -----Epoch 14/49-----
03-24 14:07:40 current lr: 0.0409374
03-24 14:07:40 Saved best checkpoint to ./checkpoint\SSF_PU_0324-135513\best_pt (val_loss=-0.9976)
03-24 14:07:40 Epoch 014 Train loss -0.9974 | Val loss -0.9976
03-24 14:07:40 -----Epoch 15/49-----
03-24 14:07:44 current lr: 0.0396967
03-24 14:07:44 Saved best checkpoint to ./checkpoint\SSF_PU_0324-135513\best_pt (val_loss=-0.9977)
03-24 14:07:44 Epoch 015 Train loss -0.9975 | Val loss -0.9977
03-24 14:07:44 -----Epoch 16/49-----
03-24 14:07:48 current lr: 0.038398
03-24 14:07:48 Saved best checkpoint to ./checkpoint\SSF_PU_0324-135513\best_pt (val_loss=-0.9978)
03-24 14:07:48 Epoch 016 Train loss -0.9975 | Val loss -0.9978
03-24 14:07:48 -----Epoch 17/49-----
03-24 14:07:53 current lr: 0.0370464
03-24 14:07:53 Saved best checkpoint to ./checkpoint\SSF_PU_0324-135513\best_pt (val_loss=-0.9978)
03-24 14:07:53 Epoch 017 Train loss -0.9976 | Val loss -0.9978
03-24 14:07:53 -----Epoch 18/49-----
03-24 14:07:57 current lr: 0.0356474
03-24 14:07:57 Saved best checkpoint to ./checkpoint\SSF_PU_0324-135513\best_pt (val_loss=-0.9979)
03-24 14:07:57 Epoch 018 Train loss -0.9976 | Val loss -0.9979
03-24 14:07:57 -----Epoch 19/49-----
03-24 14:08:01 current lr: 0.0342063
03-24 14:08:01 Saved best checkpoint to ./checkpoint\SSF_PU_0324-135513\best_pt (val_loss=-0.9979)
03-24 14:08:01 Epoch 019 Train loss -0.9977 | Val loss -0.9979
03-24 14:08:01 -----Epoch 20/49-----
03-24 14:08:06 current lr: 0.0327289
03-24 14:08:06 Saved best checkpoint to ./checkpoint\SSF_PU_0324-135513\best_pt (val_loss=-0.9979)
03-24 14:08:06 Epoch 020 Train loss -0.9977 | Val loss -0.9979
03-24 14:08:06 -----Epoch 21/49-----
03-24 14:08:10 current lr: 0.031221
03-24 14:08:10 Saved best checkpoint to ./checkpoint\SSF_PU_0324-135513\best_pt (val_loss=-0.9980)
03-24 14:08:10 Epoch 021 Train loss -0.9977 | Val loss -0.9980
03-24 14:08:10 -----Epoch 22/49-----
03-24 14:08:14 current lr: 0.0296886
03-24 14:08:14 Saved best checkpoint to ./checkpoint\SSF_PU_0324-135513\best_pt (val_loss=-0.9980)
03-24 14:08:14 Epoch 022 Train loss -0.9978 | Val loss -0.9980
03-24 14:08:14 -----Epoch 23/49-----
03-24 14:08:18 current lr: 0.0281377
03-24 14:08:18 Saved best checkpoint to ./checkpoint\SSF_PU_0324-135513\best_pt (val_loss=-0.9980)
03-24 14:08:18 Epoch 023 Train loss -0.9978 | Val loss -0.9980
03-24 14:08:18 -----Epoch 24/49-----
03-24 14:08:22 current lr: 0.0265744
03-24 14:08:22 Saved best checkpoint to ./checkpoint\SSF_PU_0324-135513\best_pt (val_loss=-0.9980)
03-24 14:08:22 Epoch 024 Train loss -0.9978 | Val loss -0.9980
03-24 14:08:22 -----Epoch 25/49-----
03-24 14:08:27 current lr: 0.025005
03-24 14:08:27 Saved best checkpoint to ./checkpoint\SSF_PU_0324-135513\best_pt (val_loss=-0.9981)
03-24 14:08:27 Epoch 025 Train loss -0.9979 | Val loss -0.9981
03-24 14:08:27 -----Epoch 26/49-----
03-24 14:08:31 current lr: 0.0234356
03-24 14:08:31 Saved best checkpoint to ./checkpoint\SSF_PU_0324-135513\best_pt (val_loss=-0.9981)
03-24 14:08:31 Epoch 026 Train loss -0.9979 | Val loss -0.9981
03-24 14:08:31 -----Epoch 27/49-----
03-24 14:08:35 current lr: 0.0218723
03-24 14:08:35 Saved best checkpoint to ./checkpoint\SSF_PU_0324-135513\best_pt (val_loss=-0.9981)
03-24 14:08:35 Epoch 027 Train loss -0.9979 | Val loss -0.9981
03-24 14:08:35 -----Epoch 28/49-----
03-24 14:08:40 current lr: 0.0203214
03-24 14:08:40 Saved best checkpoint to ./checkpoint\SSF_PU_0324-135513\best_pt (val_loss=-0.9981)
03-24 14:08:40 Epoch 028 Train loss -0.9979 | Val loss -0.9981
03-24 14:08:40 -----Epoch 29/49-----
03-24 14:08:45 current lr: 0.018789
03-24 14:08:45 Saved best checkpoint to ./checkpoint\SSF_PU_0324-135513\best_pt (val_loss=-0.9981)
03-24 14:08:45 Epoch 029 Train loss -0.9980 | Val loss -0.9981
03-24 14:08:45 -----Epoch 30/49-----
03-24 14:08:49 current lr: 0.0172811
03-24 14:08:50 Saved best checkpoint to ./checkpoint\SSF_PU_0324-135513\best_pt (val_loss=-0.9982)
03-24 14:08:50 Epoch 030 Train loss -0.9980 | Val loss -0.9982
03-24 14:08:50 -----Epoch 31/49-----
03-24 14:08:54 current lr: 0.0158037
03-24 14:08:54 Saved best checkpoint to ./checkpoint\SSF_PU_0324-135513\best_pt (val_loss=-0.9982)
03-24 14:08:54 Epoch 031 Train loss -0.9980 | Val loss -0.9982
03-24 14:08:54 -----Epoch 32/49-----
