02-24 12:19:13 model_name: SSF
02-24 12:19:13 data_name: PU
02-24 12:19:13 aug_1: normal
02-24 12:19:13 aug_2: randomcrop
02-24 12:19:13 max_epoch: 20
02-24 12:19:13 classifier_epoch: 50
02-24 12:19:13 data_view: TwoViewDataset
02-24 12:19:13 cuda_device: 0
02-24 12:19:13 checkpoint_dir: ./checkpoint
02-24 12:19:13 batch_size: 32
02-24 12:19:13 data_dir: raw_data/PU
02-24 12:19:13 out_channel: 3
02-24 12:19:13 normlizetype: minus_one_one
02-24 12:19:13 processing_type: RA
02-24 12:19:13 opt: sgd
02-24 12:19:13 lr: 0.01
02-24 12:19:13 momentum: 0.9
02-24 12:19:13 weight_decay: 1e-05
02-24 12:19:13 lr_scheduler: cos
02-24 12:19:13 gamma: 0.1
02-24 12:19:13 eta_min: 1e-05
02-24 12:19:13 latent_space: 256
02-24 12:19:13 task: self_supervised
02-24 12:19:13 critetion: <class 'utils.loss_SSL.SimSiamLoss'>
02-24 12:19:13 using 1 gpus
02-24 12:19:13 Dataset class: <class 'data_utils.datasets.PU.PU'>
02-24 12:19:13 Split sizes: train=10504 val=1125 test=2252, classier=1126
02-24 12:19:14 Label counts train: Counter({2: 3504, 1: 3500, 0: 3500})
02-24 12:19:14 Label counts val:   Counter({0: 375, 2: 375, 1: 375})
02-24 12:19:14 Label counts test:  Counter({2: 751, 0: 751, 1: 750})
02-24 12:19:14 Label counts classifier:  Counter({2: 376, 0: 375, 1: 375})
02-24 12:19:16 Loaded best checkpoint from ./checkpoint/SSF_PU_0224-121539/best_pt (val_loss=-0.9916759221288893)
02-24 12:19:17 [LP epoch 00] train_loss=0.8633 train_acc=0.6075 | val_loss=892.4227 val_acc=0.6676 | 
02-24 12:19:18 [LP epoch 01] train_loss=0.7602 train_acc=0.6536 | val_loss=797.7386 val_acc=0.6907 | 
02-24 12:19:18 [LP epoch 02] train_loss=0.7254 train_acc=0.6634 | val_loss=761.8206 val_acc=0.7058 | 
02-24 12:19:19 [LP epoch 03] train_loss=0.6963 train_acc=0.6758 | val_loss=750.7443 val_acc=0.7040 | 
02-24 12:19:20 [LP epoch 04] train_loss=0.6789 train_acc=0.6954 | val_loss=710.3568 val_acc=0.7298 | 
02-24 12:19:21 [LP epoch 05] train_loss=0.6622 train_acc=0.7052 | val_loss=711.0942 val_acc=0.7209 | 
02-24 12:19:22 [LP epoch 06] train_loss=0.6345 train_acc=0.7202 | val_loss=696.2564 val_acc=0.7280 | 
02-24 12:19:22 [LP epoch 07] train_loss=0.6201 train_acc=0.7327 | val_loss=679.3868 val_acc=0.7280 | 
02-24 12:19:23 [LP epoch 08] train_loss=0.6088 train_acc=0.7380 | val_loss=674.7425 val_acc=0.7351 | 
02-24 12:19:24 [LP epoch 09] train_loss=0.6101 train_acc=0.7274 | val_loss=656.0914 val_acc=0.7440 | 
02-24 12:19:25 [LP epoch 10] train_loss=0.5975 train_acc=0.7362 | val_loss=661.3472 val_acc=0.7476 | 
02-24 12:19:25 [LP epoch 11] train_loss=0.5888 train_acc=0.7389 | val_loss=625.3848 val_acc=0.7618 | 
02-24 12:19:26 [LP epoch 12] train_loss=0.5844 train_acc=0.7389 | val_loss=645.8631 val_acc=0.7431 | 
02-24 12:19:27 [LP epoch 13] train_loss=0.5737 train_acc=0.7496 | val_loss=618.0892 val_acc=0.7698 | 
02-24 12:19:28 [LP epoch 14] train_loss=0.5652 train_acc=0.7575 | val_loss=609.9316 val_acc=0.7564 | 
02-24 12:19:28 [LP epoch 15] train_loss=0.5585 train_acc=0.7540 | val_loss=608.8533 val_acc=0.7636 | 
02-24 12:19:29 [LP epoch 16] train_loss=0.5524 train_acc=0.7531 | val_loss=599.8098 val_acc=0.7653 | 
02-24 12:19:30 [LP epoch 17] train_loss=0.5375 train_acc=0.7700 | val_loss=593.4282 val_acc=0.7582 | 
02-24 12:19:31 [LP epoch 18] train_loss=0.5394 train_acc=0.7655 | val_loss=599.6190 val_acc=0.7618 | 
02-24 12:19:31 [LP epoch 19] train_loss=0.5274 train_acc=0.7798 | val_loss=592.7142 val_acc=0.7733 | 
02-24 12:19:32 [LP epoch 20] train_loss=0.5195 train_acc=0.7833 | val_loss=567.2409 val_acc=0.7796 | 
02-24 12:19:33 [LP epoch 21] train_loss=0.5164 train_acc=0.7842 | val_loss=570.3579 val_acc=0.7769 | 
02-24 12:19:33 [LP epoch 22] train_loss=0.4949 train_acc=0.7922 | val_loss=573.4923 val_acc=0.7724 | 
02-24 12:19:34 [LP epoch 23] train_loss=0.4955 train_acc=0.7984 | val_loss=554.2398 val_acc=0.7831 | 
02-24 12:19:35 [LP epoch 24] train_loss=0.5049 train_acc=0.7922 | val_loss=555.5635 val_acc=0.7947 | 
02-24 12:19:36 [LP epoch 25] train_loss=0.5025 train_acc=0.7931 | val_loss=567.3063 val_acc=0.7769 | 
02-24 12:19:36 [LP epoch 26] train_loss=0.4841 train_acc=0.7993 | val_loss=533.6362 val_acc=0.8000 | 
02-24 12:19:37 [LP epoch 27] train_loss=0.4898 train_acc=0.7940 | val_loss=570.1371 val_acc=0.7733 | 
02-24 12:19:37 [LP epoch 28] train_loss=0.4743 train_acc=0.8117 | val_loss=532.7722 val_acc=0.7973 | 
02-24 12:19:38 [LP epoch 29] train_loss=0.4697 train_acc=0.8135 | val_loss=548.1566 val_acc=0.7822 | 
02-24 12:19:39 [LP epoch 30] train_loss=0.4602 train_acc=0.8206 | val_loss=529.3502 val_acc=0.7956 | 
02-24 12:19:39 [LP epoch 31] train_loss=0.4510 train_acc=0.8224 | val_loss=539.8077 val_acc=0.7893 | 
02-24 12:19:40 [LP epoch 32] train_loss=0.4690 train_acc=0.8011 | val_loss=536.7551 val_acc=0.7849 | 
02-24 12:19:41 [LP epoch 33] train_loss=0.4591 train_acc=0.8108 | val_loss=542.0187 val_acc=0.7947 | 
02-24 12:19:41 [LP epoch 34] train_loss=0.4557 train_acc=0.8117 | val_loss=531.1528 val_acc=0.7902 | 
02-24 12:19:42 [LP epoch 35] train_loss=0.4513 train_acc=0.8242 | val_loss=515.4067 val_acc=0.8000 | 
02-24 12:19:42 [LP epoch 36] train_loss=0.4491 train_acc=0.8197 | val_loss=506.1378 val_acc=0.8018 | 
02-24 12:19:43 [LP epoch 37] train_loss=0.4346 train_acc=0.8224 | val_loss=517.4386 val_acc=0.8116 | 
02-24 12:19:44 [LP epoch 38] train_loss=0.4333 train_acc=0.8295 | val_loss=503.2457 val_acc=0.8124 | 
02-24 12:19:44 [LP epoch 39] train_loss=0.4479 train_acc=0.8082 | val_loss=518.1535 val_acc=0.7929 | 
02-24 12:19:45 [LP epoch 40] train_loss=0.4302 train_acc=0.8206 | val_loss=494.4814 val_acc=0.8133 | 
02-24 12:19:45 [LP epoch 41] train_loss=0.4294 train_acc=0.8215 | val_loss=503.6643 val_acc=0.8053 | 
02-24 12:19:46 [LP epoch 42] train_loss=0.4320 train_acc=0.8330 | val_loss=503.6673 val_acc=0.8098 | 
