04-21 13:06:08 ================================================================================
04-21 13:06:08 RUN: aug=('normal', 'scale') hidden=256 latent=256 blocks=1 seed=0
04-21 13:06:08 model_name: SSF
04-21 13:06:08 data_name: CWRU
04-21 13:06:08 aug_1: normal
04-21 13:06:08 aug_2: scale
04-21 13:06:08 data_view: TwoViewDataset
04-21 13:06:08 data_dir: raw_data/CWRU
04-21 13:06:08 out_channel: 4
04-21 13:06:08 normlizetype: mean_std
04-21 13:06:08 processing_type: O_N
04-21 13:06:08 max_epoch: 50
04-21 13:06:08 classifier_epoch: 50
04-21 13:06:08 batch_size: 64
04-21 13:06:08 cuda_device: 0
04-21 13:06:08 checkpoint_dir: ./checkpoint
04-21 13:06:08 opt: sgd
04-21 13:06:08 lr: 0.05
04-21 13:06:08 momentum: 0.9
04-21 13:06:08 weight_decay: 0.0001
04-21 13:06:08 lr_scheduler: cos
04-21 13:06:08 gamma: 0.95
04-21 13:06:08 eta_min: 1e-05
04-21 13:06:08 latent_space: 256
04-21 13:06:08 num_blocks_ssf: 1
04-21 13:06:08 hidden_channel: 256
04-21 13:06:08 per_class_samples: 100
04-21 13:06:08 classifier_samples: 10
04-21 13:06:08 task: self_supervised
04-21 13:06:08 critetion: <class 'utils.loss_SSL.SimSiamLoss'>
04-21 13:06:08 using 1 gpus
04-21 13:06:08 Dataset class: <class 'data_utils.datasets.CWRU.CWRU'>
04-21 13:06:08 Split sizes: train=100 val=100 test=400, classier=40
04-21 13:06:08 Label counts train: Counter({0: 100})
04-21 13:06:08 Label counts val:   Counter({0: 100})
04-21 13:06:08 Label counts test:  Counter({2: 100, 1: 100, 3: 100, 0: 100})
04-21 13:06:08 Label counts classifier:  Counter({0: 10, 2: 10, 1: 10, 3: 10})
04-21 13:06:08 Label counts classifier validation:  Counter({1: 10, 3: 10, 2: 10, 0: 10})
04-21 13:06:10 -----Epoch 0/49-----
04-21 13:06:10 current lr: 0.05
04-21 13:06:10 Saved best checkpoint to ./checkpoint\SSF_CWRU_0421-130608\best_pt (val_loss=-0.1763)
04-21 13:06:10 Epoch 000 Train loss -0.0555 | Val loss -0.1763
04-21 13:06:10 -----Epoch 1/49-----
04-21 13:06:10 current lr: 0.0499507
04-21 13:06:10 Saved best checkpoint to ./checkpoint\SSF_CWRU_0421-130608\best_pt (val_loss=-0.5348)
04-21 13:06:10 Epoch 001 Train loss -0.4340 | Val loss -0.5348
04-21 13:06:10 -----Epoch 2/49-----
04-21 13:06:10 current lr: 0.0498029
04-21 13:06:10 Saved best checkpoint to ./checkpoint\SSF_CWRU_0421-130608\best_pt (val_loss=-0.7455)
04-21 13:06:10 Epoch 002 Train loss -0.7921 | Val loss -0.7455
04-21 13:06:10 -----Epoch 3/49-----
04-21 13:06:10 current lr: 0.0495573
04-21 13:06:10 Saved best checkpoint to ./checkpoint\SSF_CWRU_0421-130608\best_pt (val_loss=-0.8347)
04-21 13:06:10 Epoch 003 Train loss -0.9323 | Val loss -0.8347
04-21 13:06:10 -----Epoch 4/49-----
04-21 13:06:11 current lr: 0.0492147
04-21 13:06:11 Saved best checkpoint to ./checkpoint\SSF_CWRU_0421-130608\best_pt (val_loss=-0.8815)
04-21 13:06:11 Epoch 004 Train loss -0.9728 | Val loss -0.8815
04-21 13:06:11 -----Epoch 5/49-----
04-21 13:06:11 current lr: 0.0487767
04-21 13:06:11 Saved best checkpoint to ./checkpoint\SSF_CWRU_0421-130608\best_pt (val_loss=-0.9108)
04-21 13:06:11 Epoch 005 Train loss -0.9841 | Val loss -0.9108
04-21 13:06:11 -----Epoch 6/49-----
04-21 13:06:11 current lr: 0.0482448
04-21 13:06:11 Saved best checkpoint to ./checkpoint\SSF_CWRU_0421-130608\best_pt (val_loss=-0.9304)
04-21 13:06:11 Epoch 006 Train loss -0.9871 | Val loss -0.9304
04-21 13:06:11 -----Epoch 7/49-----
04-21 13:06:11 current lr: 0.0476212
04-21 13:06:11 Saved best checkpoint to ./checkpoint\SSF_CWRU_0421-130608\best_pt (val_loss=-0.9441)
04-21 13:06:11 Epoch 007 Train loss -0.9881 | Val loss -0.9441
04-21 13:06:11 -----Epoch 8/49-----
04-21 13:06:11 current lr: 0.0469083
04-21 13:06:11 Saved best checkpoint to ./checkpoint\SSF_CWRU_0421-130608\best_pt (val_loss=-0.9541)
04-21 13:06:11 Epoch 008 Train loss -0.9884 | Val loss -0.9541
04-21 13:06:11 -----Epoch 9/49-----
04-21 13:06:11 current lr: 0.046109
04-21 13:06:11 Saved best checkpoint to ./checkpoint\SSF_CWRU_0421-130608\best_pt (val_loss=-0.9617)
04-21 13:06:11 Epoch 009 Train loss -0.9888 | Val loss -0.9617
04-21 13:06:11 -----Epoch 10/49-----
04-21 13:06:11 current lr: 0.0452264
04-21 13:06:11 Saved best checkpoint to ./checkpoint\SSF_CWRU_0421-130608\best_pt (val_loss=-0.9679)
04-21 13:06:11 Epoch 010 Train loss -0.9891 | Val loss -0.9679
04-21 13:06:11 -----Epoch 11/49-----
04-21 13:06:11 current lr: 0.044264
04-21 13:06:11 Saved best checkpoint to ./checkpoint\SSF_CWRU_0421-130608\best_pt (val_loss=-0.9730)
04-21 13:06:11 Epoch 011 Train loss -0.9899 | Val loss -0.9730
04-21 13:06:11 -----Epoch 12/49-----
04-21 13:06:12 current lr: 0.0432256
04-21 13:06:12 Saved best checkpoint to ./checkpoint\SSF_CWRU_0421-130608\best_pt (val_loss=-0.9776)
04-21 13:06:12 Epoch 012 Train loss -0.9906 | Val loss -0.9776
04-21 13:06:12 -----Epoch 13/49-----
04-21 13:06:12 current lr: 0.0421153
04-21 13:06:12 Saved best checkpoint to ./checkpoint\SSF_CWRU_0421-130608\best_pt (val_loss=-0.9816)
04-21 13:06:12 Epoch 013 Train loss -0.9913 | Val loss -0.9816
04-21 13:06:12 -----Epoch 14/49-----
04-21 13:06:12 current lr: 0.0409374
04-21 13:06:12 Saved best checkpoint to ./checkpoint\SSF_CWRU_0421-130608\best_pt (val_loss=-0.9850)
04-21 13:06:12 Epoch 014 Train loss -0.9920 | Val loss -0.9850
04-21 13:06:12 -----Epoch 15/49-----
04-21 13:06:12 current lr: 0.0396967
04-21 13:06:12 Saved best checkpoint to ./checkpoint\SSF_CWRU_0421-130608\best_pt (val_loss=-0.9877)
04-21 13:06:12 Epoch 015 Train loss -0.9927 | Val loss -0.9877
04-21 13:06:12 -----Epoch 16/49-----
04-21 13:06:12 current lr: 0.038398
04-21 13:06:12 Saved best checkpoint to ./checkpoint\SSF_CWRU_0421-130608\best_pt (val_loss=-0.9898)
04-21 13:06:12 Epoch 016 Train loss -0.9935 | Val loss -0.9898
04-21 13:06:12 -----Epoch 17/49-----
04-21 13:06:12 current lr: 0.0370464
04-21 13:06:12 Saved best checkpoint to ./checkpoint\SSF_CWRU_0421-130608\best_pt (val_loss=-0.9915)
04-21 13:06:12 Epoch 017 Train loss -0.9940 | Val loss -0.9915
04-21 13:06:12 -----Epoch 18/49-----
04-21 13:06:12 current lr: 0.0356474
04-21 13:06:12 Saved best checkpoint to ./checkpoint\SSF_CWRU_0421-130608\best_pt (val_loss=-0.9927)
04-21 13:06:12 Epoch 018 Train loss -0.9946 | Val loss -0.9927
04-21 13:06:12 -----Epoch 19/49-----
04-21 13:06:12 current lr: 0.0342063
04-21 13:06:12 Saved best checkpoint to ./checkpoint\SSF_CWRU_0421-130608\best_pt (val_loss=-0.9935)
04-21 13:06:12 Epoch 019 Train loss -0.9950 | Val loss -0.9935
04-21 13:06:12 -----Epoch 20/49-----
04-21 13:06:13 current lr: 0.0327289
04-21 13:06:13 Saved best checkpoint to ./checkpoint\SSF_CWRU_0421-130608\best_pt (val_loss=-0.9942)
04-21 13:06:13 Epoch 020 Train loss -0.9954 | Val loss -0.9942
04-21 13:06:13 -----Epoch 21/49-----
04-21 13:06:13 current lr: 0.031221
04-21 13:06:13 Saved best checkpoint to ./checkpoint\SSF_CWRU_0421-130608\best_pt (val_loss=-0.9947)
04-21 13:06:13 Epoch 021 Train loss -0.9957 | Val loss -0.9947
04-21 13:06:13 -----Epoch 22/49-----
04-21 13:06:13 current lr: 0.0296886
04-21 13:06:13 Saved best checkpoint to ./checkpoint\SSF_CWRU_0421-130608\best_pt (val_loss=-0.9951)
04-21 13:06:13 Epoch 022 Train loss -0.9959 | Val loss -0.9951
04-21 13:06:13 -----Epoch 23/49-----
04-21 13:06:13 current lr: 0.0281377
04-21 13:06:13 Saved best checkpoint to ./checkpoint\SSF_CWRU_0421-130608\best_pt (val_loss=-0.9954)
04-21 13:06:13 Epoch 023 Train loss -0.9962 | Val loss -0.9954
04-21 13:06:13 -----Epoch 24/49-----
04-21 13:06:13 current lr: 0.0265744
04-21 13:06:13 Saved best checkpoint to ./checkpoint\SSF_CWRU_0421-130608\best_pt (val_loss=-0.9957)
04-21 13:06:13 Epoch 024 Train loss -0.9965 | Val loss -0.9957
04-21 13:06:13 -----Epoch 25/49-----
04-21 13:06:13 current lr: 0.025005
04-21 13:06:13 Saved best checkpoint to ./checkpoint\SSF_CWRU_0421-130608\best_pt (val_loss=-0.9960)
04-21 13:06:13 Epoch 025 Train loss -0.9966 | Val loss -0.9960
04-21 13:06:13 -----Epoch 26/49-----
04-21 13:06:13 current lr: 0.0234356
04-21 13:06:13 Saved best checkpoint to ./checkpoint\SSF_CWRU_0421-130608\best_pt (val_loss=-0.9962)
04-21 13:06:13 Epoch 026 Train loss -0.9968 | Val loss -0.9962
04-21 13:06:13 -----Epoch 27/49-----
04-21 13:06:13 current lr: 0.0218723
04-21 13:06:13 Saved best checkpoint to ./checkpoint\SSF_CWRU_0421-130608\best_pt (val_loss=-0.9963)
04-21 13:06:13 Epoch 027 Train loss -0.9969 | Val loss -0.9963
04-21 13:06:13 -----Epoch 28/49-----
04-21 13:06:14 current lr: 0.0203214
04-21 13:06:14 Saved best checkpoint to ./checkpoint\SSF_CWRU_0421-130608\best_pt (val_loss=-0.9965)
04-21 13:06:14 Epoch 028 Train loss -0.9970 | Val loss -0.9965
04-21 13:06:14 -----Epoch 29/49-----
04-21 13:06:14 current lr: 0.018789
04-21 13:06:14 Saved best checkpoint to ./checkpoint\SSF_CWRU_0421-130608\best_pt (val_loss=-0.9966)
04-21 13:06:14 Epoch 029 Train loss -0.9971 | Val loss -0.9966
04-21 13:06:14 -----Epoch 30/49-----
04-21 13:06:14 current lr: 0.0172811
04-21 13:06:14 Saved best checkpoint to ./checkpoint\SSF_CWRU_0421-130608\best_pt (val_loss=-0.9967)
04-21 13:06:14 Epoch 030 Train loss -0.9972 | Val loss -0.9967
04-21 13:06:14 -----Epoch 31/49-----
04-21 13:06:14 current lr: 0.0158037
04-21 13:06:14 Saved best checkpoint to ./checkpoint\SSF_CWRU_0421-130608\best_pt (val_loss=-0.9968)
04-21 13:06:14 Epoch 031 Train loss -0.9972 | Val loss -0.9968
04-21 13:06:14 -----Epoch 32/49-----
04-21 13:06:14 current lr: 0.0143626
04-21 13:06:14 Saved best checkpoint to ./checkpoint\SSF_CWRU_0421-130608\best_pt (val_loss=-0.9969)
04-21 13:06:14 Epoch 032 Train loss -0.9973 | Val loss -0.9969
04-21 13:06:14 -----Epoch 33/49-----
04-21 13:06:14 current lr: 0.0129636
04-21 13:06:14 Saved best checkpoint to ./checkpoint\SSF_CWRU_0421-130608\best_pt (val_loss=-0.9969)
04-21 13:06:14 Epoch 033 Train loss -0.9973 | Val loss -0.9969
04-21 13:06:14 -----Epoch 34/49-----
04-21 13:06:14 current lr: 0.011612
04-21 13:06:14 Saved best checkpoint to ./checkpoint\SSF_CWRU_0421-130608\best_pt (val_loss=-0.9970)
04-21 13:06:14 Epoch 034 Train loss -0.9973 | Val loss -0.9970
04-21 13:06:14 -----Epoch 35/49-----
04-21 13:06:14 current lr: 0.0103133
04-21 13:06:14 Saved best checkpoint to ./checkpoint\SSF_CWRU_0421-130608\best_pt (val_loss=-0.9970)
04-21 13:06:14 Epoch 035 Train loss -0.9973 | Val loss -0.9970
04-21 13:06:14 -----Epoch 36/49-----
04-21 13:06:14 current lr: 0.00907259
04-21 13:06:14 Saved best checkpoint to ./checkpoint\SSF_CWRU_0421-130608\best_pt (val_loss=-0.9971)
04-21 13:06:14 Epoch 036 Train loss -0.9974 | Val loss -0.9971
04-21 13:06:14 -----Epoch 37/49-----
04-21 13:06:15 current lr: 0.00789475
04-21 13:06:15 Saved best checkpoint to ./checkpoint\SSF_CWRU_0421-130608\best_pt (val_loss=-0.9971)
04-21 13:06:15 Epoch 037 Train loss -0.9974 | Val loss -0.9971
04-21 13:06:15 -----Epoch 38/49-----
04-21 13:06:15 current lr: 0.00678443
04-21 13:06:15 Saved best checkpoint to ./checkpoint\SSF_CWRU_0421-130608\best_pt (val_loss=-0.9971)
04-21 13:06:15 Epoch 038 Train loss -0.9974 | Val loss -0.9971
04-21 13:06:15 -----Epoch 39/49-----
04-21 13:06:15 current lr: 0.00574602
04-21 13:06:15 Saved best checkpoint to ./checkpoint\SSF_CWRU_0421-130608\best_pt (val_loss=-0.9971)
04-21 13:06:15 Epoch 039 Train loss -0.9974 | Val loss -0.9971
04-21 13:06:15 -----Epoch 40/49-----
04-21 13:06:15 current lr: 0.00478362
04-21 13:06:15 Saved best checkpoint to ./checkpoint\SSF_CWRU_0421-130608\best_pt (val_loss=-0.9972)
04-21 13:06:15 Epoch 040 Train loss -0.9975 | Val loss -0.9972
04-21 13:06:15 -----Epoch 41/49-----
04-21 13:06:15 current lr: 0.00390102
04-21 13:06:15 Saved best checkpoint to ./checkpoint\SSF_CWRU_0421-130608\best_pt (val_loss=-0.9972)
04-21 13:06:15 Epoch 041 Train loss -0.9975 | Val loss -0.9972
04-21 13:06:15 -----Epoch 42/49-----
04-21 13:06:15 current lr: 0.00310171
04-21 13:06:15 Saved best checkpoint to ./checkpoint\SSF_CWRU_0421-130608\best_pt (val_loss=-0.9972)
04-21 13:06:15 Epoch 042 Train loss -0.9974 | Val loss -0.9972
04-21 13:06:15 -----Epoch 43/49-----
04-21 13:06:15 current lr: 0.00238885
04-21 13:06:15 Saved best checkpoint to ./checkpoint\SSF_CWRU_0421-130608\best_pt (val_loss=-0.9972)
04-21 13:06:15 Epoch 043 Train loss -0.9975 | Val loss -0.9972
04-21 13:06:15 -----Epoch 44/49-----
04-21 13:06:15 current lr: 0.00176524
04-21 13:06:15 Saved best checkpoint to ./checkpoint\SSF_CWRU_0421-130608\best_pt (val_loss=-0.9972)
04-21 13:06:15 Epoch 044 Train loss -0.9975 | Val loss -0.9972
04-21 13:06:15 -----Epoch 45/49-----
04-21 13:06:15 current lr: 0.00123334
04-21 13:06:15 Saved best checkpoint to ./checkpoint\SSF_CWRU_0421-130608\best_pt (val_loss=-0.9972)
04-21 13:06:15 Epoch 045 Train loss -0.9975 | Val loss -0.9972
04-21 13:06:15 -----Epoch 46/49-----
04-21 13:06:16 current lr: 0.000795264
04-21 13:06:16 Saved best checkpoint to ./checkpoint\SSF_CWRU_0421-130608\best_pt (val_loss=-0.9972)
04-21 13:06:16 Epoch 046 Train loss -0.9976 | Val loss -0.9972
04-21 13:06:16 -----Epoch 47/49-----
04-21 13:06:16 current lr: 0.00045273
04-21 13:06:16 Saved best checkpoint to ./checkpoint\SSF_CWRU_0421-130608\best_pt (val_loss=-0.9972)
04-21 13:06:16 Epoch 047 Train loss -0.9975 | Val loss -0.9972
04-21 13:06:16 -----Epoch 48/49-----
04-21 13:06:16 current lr: 0.000207093
04-21 13:06:16 Saved best checkpoint to ./checkpoint\SSF_CWRU_0421-130608\best_pt (val_loss=-0.9972)
04-21 13:06:16 Epoch 048 Train loss -0.9975 | Val loss -0.9972
04-21 13:06:16 -----Epoch 49/49-----
04-21 13:06:16 current lr: 5.93219e-05
04-21 13:06:16 Saved best checkpoint to ./checkpoint\SSF_CWRU_0421-130608\best_pt (val_loss=-0.9972)
04-21 13:06:16 Epoch 049 Train loss -0.9975 | Val loss -0.9972
04-21 13:06:16 TEST (last): loss -0.8106
04-21 13:06:16 Loaded best checkpoint from ./checkpoint\SSF_CWRU_0421-130608\best_pt (val_loss=-0.9972053575515747)
04-21 13:06:16 TEST (best): loss -0.8106
04-21 13:06:18 Threshold: 0.22483244419713996
04-21 13:06:18 Binary accuracy: 0.992500
04-21 13:06:18 Confusion matrix:
[[ 97   3]
 [  0 300]]
04-21 13:06:18 Report:
              precision    recall  f1-score   support

      normal       1.00      0.97      0.98       100
     anomaly       0.99      1.00      1.00       300

    accuracy                           0.99       400
   macro avg       1.00      0.98      0.99       400
weighted avg       0.99      0.99      0.99       400

04-21 13:06:18 Rates: {1: 1.0, 2: 1.0, 3: 1.0}
04-21 13:06:18 [LP epoch 00] train_loss=1.2905 train_acc=0.4000 | val_loss=1.3675 val_acc=0.2500 | 
04-21 13:06:18 [LP epoch 01] train_loss=0.9819 train_acc=0.9250 | val_loss=1.3190 val_acc=0.4500 | 
04-21 13:06:18 [LP epoch 02] train_loss=0.8755 train_acc=0.9250 | val_loss=1.2814 val_acc=0.5000 | 
04-21 13:06:18 [LP epoch 03] train_loss=0.8141 train_acc=0.9250 | val_loss=1.2314 val_acc=0.5000 | 
04-21 13:06:18 [LP epoch 04] train_loss=0.7685 train_acc=1.0000 | val_loss=1.1767 val_acc=0.5000 | 
04-21 13:06:18 [LP epoch 05] train_loss=0.7926 train_acc=0.9500 | val_loss=1.1269 val_acc=0.5500 | 
04-21 13:06:18 [LP epoch 06] train_loss=0.7011 train_acc=1.0000 | val_loss=1.1003 val_acc=0.6250 | 
04-21 13:06:19 [LP epoch 07] train_loss=0.6436 train_acc=1.0000 | val_loss=1.0733 val_acc=0.5500 | 
04-21 13:06:19 [LP epoch 08] train_loss=0.6165 train_acc=1.0000 | val_loss=1.0191 val_acc=0.5750 | 
04-21 13:06:19 [LP epoch 09] train_loss=0.5996 train_acc=1.0000 | val_loss=0.9827 val_acc=0.7000 | 
04-21 13:06:19 [LP epoch 10] train_loss=0.5893 train_acc=1.0000 | val_loss=0.9474 val_acc=0.7500 | 
04-21 13:06:19 [LP epoch 11] train_loss=0.5468 train_acc=1.0000 | val_loss=0.9009 val_acc=0.7500 | 
04-21 13:06:19 [LP epoch 12] train_loss=0.5475 train_acc=1.0000 | val_loss=0.8598 val_acc=0.7500 | 
04-21 13:06:19 [LP epoch 13] train_loss=0.5317 train_acc=1.0000 | val_loss=0.8391 val_acc=0.7500 | 
04-21 13:06:19 [LP epoch 14] train_loss=0.5330 train_acc=1.0000 | val_loss=0.8230 val_acc=0.7500 | 
04-21 13:06:19 [LP epoch 15] train_loss=0.5333 train_acc=1.0000 | val_loss=0.7761 val_acc=0.7500 | 
04-21 13:06:19 [LP epoch 16] train_loss=0.5017 train_acc=1.0000 | val_loss=0.7285 val_acc=0.7750 | 
04-21 13:06:19 [LP epoch 17] train_loss=0.4775 train_acc=1.0000 | val_loss=0.6839 val_acc=0.9250 | 
04-21 13:06:19 [LP epoch 18] train_loss=0.4891 train_acc=1.0000 | val_loss=0.6731 val_acc=0.9000 | 
04-21 13:06:19 [LP epoch 19] train_loss=0.4630 train_acc=1.0000 | val_loss=0.6523 val_acc=1.0000 | 
04-21 13:06:19 [LP epoch 20] train_loss=0.4520 train_acc=1.0000 | val_loss=0.6105 val_acc=1.0000 | 
04-21 13:06:19 [LP epoch 21] train_loss=0.4511 train_acc=1.0000 | val_loss=0.5884 val_acc=1.0000 | 
04-21 13:06:19 [LP epoch 22] train_loss=0.4853 train_acc=0.9750 | val_loss=0.5769 val_acc=1.0000 | 
04-21 13:06:19 [LP epoch 23] train_loss=0.4331 train_acc=1.0000 | val_loss=0.5876 val_acc=1.0000 | 
04-21 13:06:19 [LP epoch 24] train_loss=0.4606 train_acc=1.0000 | val_loss=0.6700 val_acc=0.7750 | 
04-21 13:06:19 [LP epoch 25] train_loss=0.4417 train_acc=1.0000 | val_loss=0.6947 val_acc=0.7500 | 
04-21 13:06:19 [LP epoch 26] train_loss=0.4430 train_acc=1.0000 | val_loss=0.5801 val_acc=1.0000 | 
04-21 13:06:19 [LP epoch 27] train_loss=0.4212 train_acc=1.0000 | val_loss=0.5341 val_acc=1.0000 | 
04-21 13:06:19 [LP epoch 28] train_loss=0.4158 train_acc=1.0000 | val_loss=0.5810 val_acc=0.8500 | 
04-21 13:06:20 [LP epoch 29] train_loss=0.4066 train_acc=1.0000 | val_loss=0.5783 val_acc=0.8750 | 
04-21 13:06:20 [LP epoch 30] train_loss=0.4040 train_acc=1.0000 | val_loss=0.5739 val_acc=0.8500 | 
04-21 13:06:20 [LP epoch 31] train_loss=0.4001 train_acc=1.0000 | val_loss=0.5565 val_acc=0.8500 | 
04-21 13:06:20 [LP epoch 32] train_loss=0.4410 train_acc=0.9500 | val_loss=0.5267 val_acc=0.9750 | 
04-21 13:06:20 [LP epoch 33] train_loss=0.4109 train_acc=1.0000 | val_loss=0.5056 val_acc=1.0000 | 
04-21 13:06:20 [LP epoch 34] train_loss=0.4212 train_acc=1.0000 | val_loss=0.4925 val_acc=1.0000 | 
04-21 13:06:20 [LP epoch 35] train_loss=0.4129 train_acc=1.0000 | val_loss=0.4682 val_acc=1.0000 | 
04-21 13:06:20 [LP epoch 36] train_loss=0.4226 train_acc=1.0000 | val_loss=0.4645 val_acc=1.0000 | 
04-21 13:06:20 [LP epoch 37] train_loss=0.4195 train_acc=1.0000 | val_loss=0.4291 val_acc=1.0000 | 
04-21 13:06:20 [LP epoch 38] train_loss=0.3892 train_acc=1.0000 | val_loss=0.5224 val_acc=1.0000 | 
04-21 13:06:20 [LP epoch 39] train_loss=0.4633 train_acc=0.9250 | val_loss=0.6432 val_acc=0.7500 | 
04-21 13:06:20 [LP epoch 40] train_loss=0.4073 train_acc=1.0000 | val_loss=0.5429 val_acc=0.9250 | 
04-21 13:06:20 [LP epoch 41] train_loss=0.3975 train_acc=1.0000 | val_loss=0.5072 val_acc=1.0000 | 
04-21 13:06:20 [LP epoch 42] train_loss=0.3827 train_acc=1.0000 | val_loss=0.4934 val_acc=1.0000 | 
04-21 13:06:20 [LP epoch 43] train_loss=0.3919 train_acc=1.0000 | val_loss=0.4570 val_acc=1.0000 | 
04-21 13:06:20 [LP epoch 44] train_loss=0.3876 train_acc=1.0000 | val_loss=0.4544 val_acc=1.0000 | 
04-21 13:06:20 [LP epoch 45] train_loss=0.4167 train_acc=1.0000 | val_loss=0.4428 val_acc=1.0000 | 
04-21 13:06:20 [LP epoch 46] train_loss=0.3722 train_acc=1.0000 | val_loss=0.4125 val_acc=1.0000 | 
04-21 13:06:20 [LP epoch 47] train_loss=0.3660 train_acc=1.0000 | val_loss=0.3904 val_acc=1.0000 | 
04-21 13:06:20 [LP epoch 48] train_loss=0.3748 train_acc=1.0000 | val_loss=0.3907 val_acc=1.0000 | 
04-21 13:06:20 [LP epoch 49] train_loss=0.3735 train_acc=1.0000 | val_loss=0.3809 val_acc=1.0000 | 
04-21 13:06:20 Saved linear-probe checkpoint: ./checkpoint\SSF_CWRU_0421-130608\linear_probe_best.pt (best_val_acc=1.0000)
04-21 13:06:20 TEST linear-probe: loss=0.3866 acc=1.0000
04-21 13:06:20 ================================================================================
04-21 13:06:20 RUN: aug=('normal', 'scale') hidden=256 latent=256 blocks=1 seed=1
04-21 13:06:20 model_name: SSF
04-21 13:06:20 data_name: CWRU
04-21 13:06:20 aug_1: normal
04-21 13:06:20 aug_2: scale
04-21 13:06:20 data_view: TwoViewDataset
04-21 13:06:20 data_dir: raw_data/CWRU
04-21 13:06:20 out_channel: 4
04-21 13:06:20 normlizetype: mean_std
04-21 13:06:20 processing_type: O_N
04-21 13:06:20 max_epoch: 50
04-21 13:06:20 classifier_epoch: 50
04-21 13:06:20 batch_size: 64
04-21 13:06:20 cuda_device: 0
04-21 13:06:20 checkpoint_dir: ./checkpoint
04-21 13:06:20 opt: sgd
04-21 13:06:20 lr: 0.05
04-21 13:06:20 momentum: 0.9
04-21 13:06:20 weight_decay: 0.0001
04-21 13:06:20 lr_scheduler: cos
04-21 13:06:20 gamma: 0.95
04-21 13:06:20 eta_min: 1e-05
04-21 13:06:20 latent_space: 256
04-21 13:06:20 num_blocks_ssf: 1
04-21 13:06:20 hidden_channel: 256
04-21 13:06:20 per_class_samples: 100
04-21 13:06:20 classifier_samples: 10
04-21 13:06:20 task: self_supervised
04-21 13:06:20 critetion: <class 'utils.loss_SSL.SimSiamLoss'>
04-21 13:06:20 using 1 gpus
04-21 13:06:20 Dataset class: <class 'data_utils.datasets.CWRU.CWRU'>
04-21 13:06:20 Split sizes: train=100 val=100 test=400, classier=40
04-21 13:06:20 Label counts train: Counter({0: 100})
04-21 13:06:20 Label counts val:   Counter({0: 100})
04-21 13:06:20 Label counts test:  Counter({2: 100, 1: 100, 3: 100, 0: 100})
04-21 13:06:20 Label counts classifier:  Counter({3: 10, 1: 10, 2: 10, 0: 10})
04-21 13:06:20 Label counts classifier validation:  Counter({1: 10, 3: 10, 0: 10, 2: 10})
04-21 13:06:20 -----Epoch 0/49-----
04-21 13:06:20 current lr: 0.05
04-21 13:06:21 Saved best checkpoint to ./checkpoint\SSF_CWRU_0421-130608\best_pt (val_loss=-0.0835)
04-21 13:06:21 Epoch 000 Train loss 0.0250 | Val loss -0.0835
04-21 13:06:21 -----Epoch 1/49-----
04-21 13:06:21 current lr: 0.0499507
04-21 13:06:21 Saved best checkpoint to ./checkpoint\SSF_CWRU_0421-130608\best_pt (val_loss=-0.4998)
04-21 13:06:21 Epoch 001 Train loss -0.3555 | Val loss -0.4998
04-21 13:06:21 -----Epoch 2/49-----
04-21 13:06:21 current lr: 0.0498029
04-21 13:06:21 Saved best checkpoint to ./checkpoint\SSF_CWRU_0421-130608\best_pt (val_loss=-0.7461)
04-21 13:06:21 Epoch 002 Train loss -0.7458 | Val loss -0.7461
04-21 13:06:21 -----Epoch 3/49-----
04-21 13:06:21 current lr: 0.0495573
04-21 13:06:21 Saved best checkpoint to ./checkpoint\SSF_CWRU_0421-130608\best_pt (val_loss=-0.8386)
04-21 13:06:21 Epoch 003 Train loss -0.9140 | Val loss -0.8386
04-21 13:06:21 -----Epoch 4/49-----
04-21 13:06:21 current lr: 0.0492147
04-21 13:06:21 Saved best checkpoint to ./checkpoint\SSF_CWRU_0421-130608\best_pt (val_loss=-0.8814)
04-21 13:06:21 Epoch 004 Train loss -0.9653 | Val loss -0.8814
04-21 13:06:21 -----Epoch 5/49-----
04-21 13:06:21 current lr: 0.0487767
04-21 13:06:21 Saved best checkpoint to ./checkpoint\SSF_CWRU_0421-130608\best_pt (val_loss=-0.9095)
04-21 13:06:21 Epoch 005 Train loss -0.9820 | Val loss -0.9095
04-21 13:06:21 -----Epoch 6/49-----
04-21 13:06:21 current lr: 0.0482448
04-21 13:06:21 Saved best checkpoint to ./checkpoint\SSF_CWRU_0421-130608\best_pt (val_loss=-0.9310)
04-21 13:06:21 Epoch 006 Train loss -0.9870 | Val loss -0.9310
04-21 13:06:21 -----Epoch 7/49-----
04-21 13:06:21 current lr: 0.0476212
04-21 13:06:21 Saved best checkpoint to ./checkpoint\SSF_CWRU_0421-130608\best_pt (val_loss=-0.9471)
04-21 13:06:21 Epoch 007 Train loss -0.9888 | Val loss -0.9471
04-21 13:06:21 -----Epoch 8/49-----
04-21 13:06:21 current lr: 0.0469083
04-21 13:06:21 Saved best checkpoint to ./checkpoint\SSF_CWRU_0421-130608\best_pt (val_loss=-0.9592)
04-21 13:06:21 Epoch 008 Train loss -0.9895 | Val loss -0.9592
04-21 13:06:21 -----Epoch 9/49-----
04-21 13:06:22 current lr: 0.046109
04-21 13:06:22 Saved best checkpoint to ./checkpoint\SSF_CWRU_0421-130608\best_pt (val_loss=-0.9681)
04-21 13:06:22 Epoch 009 Train loss -0.9899 | Val loss -0.9681
04-21 13:06:22 -----Epoch 10/49-----
04-21 13:06:22 current lr: 0.0452264
04-21 13:06:22 Saved best checkpoint to ./checkpoint\SSF_CWRU_0421-130608\best_pt (val_loss=-0.9745)
04-21 13:06:22 Epoch 010 Train loss -0.9903 | Val loss -0.9745
04-21 13:06:22 -----Epoch 11/49-----
04-21 13:06:22 current lr: 0.044264
04-21 13:06:22 Saved best checkpoint to ./checkpoint\SSF_CWRU_0421-130608\best_pt (val_loss=-0.9788)
04-21 13:06:22 Epoch 011 Train loss -0.9907 | Val loss -0.9788
04-21 13:06:22 -----Epoch 12/49-----
04-21 13:06:22 current lr: 0.0432256
04-21 13:06:22 Saved best checkpoint to ./checkpoint\SSF_CWRU_0421-130608\best_pt (val_loss=-0.9821)
04-21 13:06:22 Epoch 012 Train loss -0.9913 | Val loss -0.9821
04-21 13:06:22 -----Epoch 13/49-----
04-21 13:06:22 current lr: 0.0421153
04-21 13:06:22 Saved best checkpoint to ./checkpoint\SSF_CWRU_0421-130608\best_pt (val_loss=-0.9849)
04-21 13:06:22 Epoch 013 Train loss -0.9919 | Val loss -0.9849
04-21 13:06:22 -----Epoch 14/49-----
04-21 13:06:22 current lr: 0.0409374
04-21 13:06:22 Saved best checkpoint to ./checkpoint\SSF_CWRU_0421-130608\best_pt (val_loss=-0.9873)
04-21 13:06:22 Epoch 014 Train loss -0.9925 | Val loss -0.9873
04-21 13:06:22 -----Epoch 15/49-----
04-21 13:06:22 current lr: 0.0396967
04-21 13:06:22 Saved best checkpoint to ./checkpoint\SSF_CWRU_0421-130608\best_pt (val_loss=-0.9892)
04-21 13:06:22 Epoch 015 Train loss -0.9931 | Val loss -0.9892
04-21 13:06:22 -----Epoch 16/49-----
04-21 13:06:22 current lr: 0.038398
04-21 13:06:22 Saved best checkpoint to ./checkpoint\SSF_CWRU_0421-130608\best_pt (val_loss=-0.9908)
04-21 13:06:22 Epoch 016 Train loss -0.9936 | Val loss -0.9908
04-21 13:06:22 -----Epoch 17/49-----
04-21 13:06:22 current lr: 0.0370464
04-21 13:06:22 Saved best checkpoint to ./checkpoint\SSF_CWRU_0421-130608\best_pt (val_loss=-0.9920)
04-21 13:06:22 Epoch 017 Train loss -0.9941 | Val loss -0.9920
04-21 13:06:22 -----Epoch 18/49-----
04-21 13:06:23 current lr: 0.0356474
04-21 13:06:23 Saved best checkpoint to ./checkpoint\SSF_CWRU_0421-130608\best_pt (val_loss=-0.9929)
04-21 13:06:23 Epoch 018 Train loss -0.9946 | Val loss -0.9929
04-21 13:06:23 -----Epoch 19/49-----
04-21 13:06:23 current lr: 0.0342063
04-21 13:06:23 Saved best checkpoint to ./checkpoint\SSF_CWRU_0421-130608\best_pt (val_loss=-0.9936)
04-21 13:06:23 Epoch 019 Train loss -0.9950 | Val loss -0.9936
04-21 13:06:23 -----Epoch 20/49-----
04-21 13:06:23 current lr: 0.0327289
04-21 13:06:23 Saved best checkpoint to ./checkpoint\SSF_CWRU_0421-130608\best_pt (val_loss=-0.9942)
04-21 13:06:23 Epoch 020 Train loss -0.9953 | Val loss -0.9942
04-21 13:06:23 -----Epoch 21/49-----
04-21 13:06:23 current lr: 0.031221
04-21 13:06:23 Saved best checkpoint to ./checkpoint\SSF_CWRU_0421-130608\best_pt (val_loss=-0.9947)
04-21 13:06:23 Epoch 021 Train loss -0.9956 | Val loss -0.9947
04-21 13:06:23 -----Epoch 22/49-----
04-21 13:06:23 current lr: 0.0296886
04-21 13:06:23 Saved best checkpoint to ./checkpoint\SSF_CWRU_0421-130608\best_pt (val_loss=-0.9951)
04-21 13:06:23 Epoch 022 Train loss -0.9959 | Val loss -0.9951
04-21 13:06:23 -----Epoch 23/49-----
04-21 13:06:23 current lr: 0.0281377
04-21 13:06:23 Saved best checkpoint to ./checkpoint\SSF_CWRU_0421-130608\best_pt (val_loss=-0.9954)
04-21 13:06:23 Epoch 023 Train loss -0.9961 | Val loss -0.9954
04-21 13:06:23 -----Epoch 24/49-----
04-21 13:06:23 current lr: 0.0265744
04-21 13:06:23 Saved best checkpoint to ./checkpoint\SSF_CWRU_0421-130608\best_pt (val_loss=-0.9956)
04-21 13:06:23 Epoch 024 Train loss -0.9963 | Val loss -0.9956
04-21 13:06:23 -----Epoch 25/49-----
04-21 13:06:24 current lr: 0.025005
04-21 13:06:24 Saved best checkpoint to ./checkpoint\SSF_CWRU_0421-130608\best_pt (val_loss=-0.9959)
04-21 13:06:24 Epoch 025 Train loss -0.9964 | Val loss -0.9959
04-21 13:06:24 -----Epoch 26/49-----
04-21 13:06:24 current lr: 0.0234356
04-21 13:06:24 Saved best checkpoint to ./checkpoint\SSF_CWRU_0421-130608\best_pt (val_loss=-0.9961)
04-21 13:06:24 Epoch 026 Train loss -0.9966 | Val loss -0.9961
04-21 13:06:24 -----Epoch 27/49-----
04-21 13:06:24 current lr: 0.0218723
04-21 13:06:24 Saved best checkpoint to ./checkpoint\SSF_CWRU_0421-130608\best_pt (val_loss=-0.9962)
04-21 13:06:24 Epoch 027 Train loss -0.9967 | Val loss -0.9962
04-21 13:06:24 -----Epoch 28/49-----
04-21 13:06:24 current lr: 0.0203214
04-21 13:06:24 Saved best checkpoint to ./checkpoint\SSF_CWRU_0421-130608\best_pt (val_loss=-0.9964)
04-21 13:06:24 Epoch 028 Train loss -0.9968 | Val loss -0.9964
04-21 13:06:24 -----Epoch 29/49-----
04-21 13:06:24 current lr: 0.018789
04-21 13:06:24 Saved best checkpoint to ./checkpoint\SSF_CWRU_0421-130608\best_pt (val_loss=-0.9965)
04-21 13:06:24 Epoch 029 Train loss -0.9970 | Val loss -0.9965
04-21 13:06:24 -----Epoch 30/49-----
04-21 13:06:24 current lr: 0.0172811
04-21 13:06:24 Saved best checkpoint to ./checkpoint\SSF_CWRU_0421-130608\best_pt (val_loss=-0.9966)
04-21 13:06:24 Epoch 030 Train loss -0.9969 | Val loss -0.9966
04-21 13:06:24 -----Epoch 31/49-----
04-21 13:06:24 current lr: 0.0158037
04-21 13:06:24 Saved best checkpoint to ./checkpoint\SSF_CWRU_0421-130608\best_pt (val_loss=-0.9966)
04-21 13:06:24 Epoch 031 Train loss -0.9970 | Val loss -0.9966
04-21 13:06:24 -----Epoch 32/49-----
04-21 13:06:25 current lr: 0.0143626
04-21 13:06:25 Saved best checkpoint to ./checkpoint\SSF_CWRU_0421-130608\best_pt (val_loss=-0.9967)
04-21 13:06:25 Epoch 032 Train loss -0.9971 | Val loss -0.9967
04-21 13:06:25 -----Epoch 33/49-----
04-21 13:06:25 current lr: 0.0129636
04-21 13:06:25 Saved best checkpoint to ./checkpoint\SSF_CWRU_0421-130608\best_pt (val_loss=-0.9968)
04-21 13:06:25 Epoch 033 Train loss -0.9971 | Val loss -0.9968
04-21 13:06:25 -----Epoch 34/49-----
04-21 13:06:25 current lr: 0.011612
04-21 13:06:25 Saved best checkpoint to ./checkpoint\SSF_CWRU_0421-130608\best_pt (val_loss=-0.9968)
04-21 13:06:25 Epoch 034 Train loss -0.9972 | Val loss -0.9968
04-21 13:06:25 -----Epoch 35/49-----
04-21 13:06:25 current lr: 0.0103133
04-21 13:06:25 Saved best checkpoint to ./checkpoint\SSF_CWRU_0421-130608\best_pt (val_loss=-0.9969)
04-21 13:06:25 Epoch 035 Train loss -0.9971 | Val loss -0.9969
04-21 13:06:25 -----Epoch 36/49-----
04-21 13:06:25 current lr: 0.00907259
04-21 13:06:25 Saved best checkpoint to ./checkpoint\SSF_CWRU_0421-130608\best_pt (val_loss=-0.9969)
04-21 13:06:25 Epoch 036 Train loss -0.9972 | Val loss -0.9969
04-21 13:06:25 -----Epoch 37/49-----
04-21 13:06:25 current lr: 0.00789475
04-21 13:06:25 Saved best checkpoint to ./checkpoint\SSF_CWRU_0421-130608\best_pt (val_loss=-0.9969)
04-21 13:06:25 Epoch 037 Train loss -0.9972 | Val loss -0.9969
04-21 13:06:25 -----Epoch 38/49-----
04-21 13:06:26 current lr: 0.00678443
04-21 13:06:26 Saved best checkpoint to ./checkpoint\SSF_CWRU_0421-130608\best_pt (val_loss=-0.9969)
04-21 13:06:26 Epoch 038 Train loss -0.9972 | Val loss -0.9969
04-21 13:06:26 -----Epoch 39/49-----
04-21 13:06:26 current lr: 0.00574602
04-21 13:06:26 Saved best checkpoint to ./checkpoint\SSF_CWRU_0421-130608\best_pt (val_loss=-0.9970)
04-21 13:06:26 Epoch 039 Train loss -0.9972 | Val loss -0.9970
04-21 13:06:26 -----Epoch 40/49-----
04-21 13:06:26 current lr: 0.00478362
04-21 13:06:26 Saved best checkpoint to ./checkpoint\SSF_CWRU_0421-130608\best_pt (val_loss=-0.9970)
04-21 13:06:26 Epoch 040 Train loss -0.9973 | Val loss -0.9970
04-21 13:06:26 -----Epoch 41/49-----
04-21 13:06:26 current lr: 0.00390102
04-21 13:06:26 Saved best checkpoint to ./checkpoint\SSF_CWRU_0421-130608\best_pt (val_loss=-0.9970)
04-21 13:06:26 Epoch 041 Train loss -0.9973 | Val loss -0.9970
04-21 13:06:26 -----Epoch 42/49-----
04-21 13:06:26 current lr: 0.00310171
04-21 13:06:26 Saved best checkpoint to ./checkpoint\SSF_CWRU_0421-130608\best_pt (val_loss=-0.9970)
04-21 13:06:26 Epoch 042 Train loss -0.9973 | Val loss -0.9970
04-21 13:06:26 -----Epoch 43/49-----
04-21 13:06:26 current lr: 0.00238885
04-21 13:06:26 Saved best checkpoint to ./checkpoint\SSF_CWRU_0421-130608\best_pt (val_loss=-0.9970)
04-21 13:06:26 Epoch 043 Train loss -0.9973 | Val loss -0.9970
04-21 13:06:26 -----Epoch 44/49-----
04-21 13:06:26 current lr: 0.00176524
04-21 13:06:27 Saved best checkpoint to ./checkpoint\SSF_CWRU_0421-130608\best_pt (val_loss=-0.9970)
04-21 13:06:27 Epoch 044 Train loss -0.9973 | Val loss -0.9970
04-21 13:06:27 -----Epoch 45/49-----
04-21 13:06:27 current lr: 0.00123334
04-21 13:06:27 Saved best checkpoint to ./checkpoint\SSF_CWRU_0421-130608\best_pt (val_loss=-0.9970)
04-21 13:06:27 Epoch 045 Train loss -0.9973 | Val loss -0.9970
04-21 13:06:27 -----Epoch 46/49-----
04-21 13:06:27 current lr: 0.000795264
04-21 13:06:27 Saved best checkpoint to ./checkpoint\SSF_CWRU_0421-130608\best_pt (val_loss=-0.9970)
04-21 13:06:27 Epoch 046 Train loss -0.9974 | Val loss -0.9970
04-21 13:06:27 -----Epoch 47/49-----
04-21 13:06:27 current lr: 0.00045273
04-21 13:06:27 Saved best checkpoint to ./checkpoint\SSF_CWRU_0421-130608\best_pt (val_loss=-0.9970)
04-21 13:06:27 Epoch 047 Train loss -0.9973 | Val loss -0.9970
04-21 13:06:27 -----Epoch 48/49-----
04-21 13:06:27 current lr: 0.000207093
04-21 13:06:27 Saved best checkpoint to ./checkpoint\SSF_CWRU_0421-130608\best_pt (val_loss=-0.9970)
04-21 13:06:27 Epoch 048 Train loss -0.9973 | Val loss -0.9970
04-21 13:06:27 -----Epoch 49/49-----
04-21 13:06:27 current lr: 5.93219e-05
04-21 13:06:27 Saved best checkpoint to ./checkpoint\SSF_CWRU_0421-130608\best_pt (val_loss=-0.9970)
04-21 13:06:27 Epoch 049 Train loss -0.9972 | Val loss -0.9970
04-21 13:06:27 TEST (last): loss -0.8163
04-21 13:06:28 Loaded best checkpoint from ./checkpoint\SSF_CWRU_0421-130608\best_pt (val_loss=-0.9970235395431518)
04-21 13:06:28 TEST (best): loss -0.8163
04-21 13:06:28 Threshold: 0.22383983613244052
04-21 13:06:28 Binary accuracy: 0.990000
04-21 13:06:28 Confusion matrix:
[[ 96   4]
 [  0 300]]
04-21 13:06:28 Report:
              precision    recall  f1-score   support

      normal       1.00      0.96      0.98       100
     anomaly       0.99      1.00      0.99       300

    accuracy                           0.99       400
   macro avg       0.99      0.98      0.99       400
weighted avg       0.99      0.99      0.99       400

04-21 13:06:28 Rates: {1: 1.0, 2: 1.0, 3: 1.0}
04-21 13:06:28 [LP epoch 00] train_loss=1.3538 train_acc=0.3250 | val_loss=1.4123 val_acc=0.2500 | 
04-21 13:06:28 [LP epoch 01] train_loss=1.1262 train_acc=0.6500 | val_loss=1.3817 val_acc=0.2500 | 
04-21 13:06:28 [LP epoch 02] train_loss=0.9019 train_acc=1.0000 | val_loss=1.3467 val_acc=0.2500 | 
04-21 13:06:28 [LP epoch 03] train_loss=0.8431 train_acc=1.0000 | val_loss=1.2837 val_acc=0.5000 | 
04-21 13:06:28 [LP epoch 04] train_loss=0.7513 train_acc=1.0000 | val_loss=1.2130 val_acc=0.5000 | 
04-21 13:06:28 [LP epoch 05] train_loss=0.7059 train_acc=1.0000 | val_loss=1.1405 val_acc=0.5750 | 
04-21 13:06:28 [LP epoch 06] train_loss=0.7272 train_acc=0.9000 | val_loss=1.0685 val_acc=0.7500 | 
04-21 13:06:28 [LP epoch 07] train_loss=0.6662 train_acc=1.0000 | val_loss=1.0388 val_acc=0.7500 | 
04-21 13:06:29 [LP epoch 08] train_loss=0.5924 train_acc=1.0000 | val_loss=1.0107 val_acc=0.7500 | 
04-21 13:06:29 [LP epoch 09] train_loss=0.5919 train_acc=1.0000 | val_loss=0.9852 val_acc=0.7500 | 
04-21 13:06:29 [LP epoch 10] train_loss=0.5507 train_acc=1.0000 | val_loss=0.9491 val_acc=0.7500 | 
04-21 13:06:29 [LP epoch 11] train_loss=0.5720 train_acc=0.9500 | val_loss=0.9027 val_acc=0.7500 | 
04-21 13:06:29 [LP epoch 12] train_loss=0.5571 train_acc=1.0000 | val_loss=0.8614 val_acc=0.7500 | 
04-21 13:06:29 [LP epoch 13] train_loss=0.5074 train_acc=1.0000 | val_loss=0.8356 val_acc=0.7500 | 
04-21 13:06:29 [LP epoch 14] train_loss=0.5457 train_acc=0.9750 | val_loss=0.8055 val_acc=0.7500 | 
04-21 13:06:29 [LP epoch 15] train_loss=0.4873 train_acc=1.0000 | val_loss=0.7836 val_acc=0.7500 | 
04-21 13:06:29 [LP epoch 16] train_loss=0.4968 train_acc=1.0000 | val_loss=0.7295 val_acc=0.7750 | 
04-21 13:06:29 [LP epoch 17] train_loss=0.5038 train_acc=0.9750 | val_loss=0.6762 val_acc=0.8500 | 
04-21 13:06:29 [LP epoch 18] train_loss=0.4725 train_acc=1.0000 | val_loss=0.6453 val_acc=0.8500 | 
04-21 13:06:29 [LP epoch 19] train_loss=0.4672 train_acc=0.9500 | val_loss=0.6055 val_acc=1.0000 | 
04-21 13:06:29 [LP epoch 20] train_loss=0.4348 train_acc=1.0000 | val_loss=0.5984 val_acc=1.0000 | 
04-21 13:06:29 [LP epoch 21] train_loss=0.4441 train_acc=1.0000 | val_loss=0.5879 val_acc=1.0000 | 
04-21 13:06:29 [LP epoch 22] train_loss=0.4285 train_acc=1.0000 | val_loss=0.5727 val_acc=1.0000 | 
04-21 13:06:30 [LP epoch 23] train_loss=0.4208 train_acc=1.0000 | val_loss=0.5555 val_acc=1.0000 | 
04-21 13:06:30 [LP epoch 24] train_loss=0.4040 train_acc=1.0000 | val_loss=0.5443 val_acc=1.0000 | 
04-21 13:06:30 [LP epoch 25] train_loss=0.3918 train_acc=1.0000 | val_loss=0.5247 val_acc=1.0000 | 
04-21 13:06:30 [LP epoch 26] train_loss=0.4483 train_acc=0.9750 | val_loss=0.4707 val_acc=1.0000 | 
04-21 13:06:30 [LP epoch 27] train_loss=0.3829 train_acc=1.0000 | val_loss=0.4510 val_acc=1.0000 | 
04-21 13:06:30 [LP epoch 28] train_loss=0.4225 train_acc=1.0000 | val_loss=0.4361 val_acc=1.0000 | 
04-21 13:06:30 [LP epoch 29] train_loss=0.3853 train_acc=1.0000 | val_loss=0.4317 val_acc=1.0000 | 
04-21 13:06:30 [LP epoch 30] train_loss=0.3829 train_acc=1.0000 | val_loss=0.4404 val_acc=1.0000 | 
04-21 13:06:30 [LP epoch 31] train_loss=0.4061 train_acc=1.0000 | val_loss=0.4726 val_acc=1.0000 | 
04-21 13:06:30 [LP epoch 32] train_loss=0.4063 train_acc=0.9750 | val_loss=0.4537 val_acc=1.0000 | 
04-21 13:06:30 [LP epoch 33] train_loss=0.4354 train_acc=1.0000 | val_loss=0.4685 val_acc=1.0000 | 
04-21 13:06:30 [LP epoch 34] train_loss=0.4298 train_acc=1.0000 | val_loss=0.5159 val_acc=1.0000 | 
04-21 13:06:30 [LP epoch 35] train_loss=0.4059 train_acc=1.0000 | val_loss=0.4587 val_acc=1.0000 | 
04-21 13:06:30 [LP epoch 36] train_loss=0.3996 train_acc=1.0000 | val_loss=0.4155 val_acc=1.0000 | 
04-21 13:06:30 [LP epoch 37] train_loss=0.4093 train_acc=0.9750 | val_loss=0.4394 val_acc=1.0000 | 
04-21 13:06:30 [LP epoch 38] train_loss=0.3808 train_acc=1.0000 | val_loss=0.4769 val_acc=1.0000 | 
04-21 13:06:31 [LP epoch 39] train_loss=0.3867 train_acc=1.0000 | val_loss=0.5244 val_acc=0.9000 | 
04-21 13:06:31 [LP epoch 40] train_loss=0.4013 train_acc=1.0000 | val_loss=0.4543 val_acc=1.0000 | 
04-21 13:06:31 [LP epoch 41] train_loss=0.4084 train_acc=1.0000 | val_loss=0.4264 val_acc=1.0000 | 
04-21 13:06:31 [LP epoch 42] train_loss=0.3999 train_acc=1.0000 | val_loss=0.4179 val_acc=1.0000 | 
04-21 13:06:31 [LP epoch 43] train_loss=0.4111 train_acc=1.0000 | val_loss=0.4146 val_acc=1.0000 | 
