02-24 10:24:56 model_name: SSF
02-24 10:24:56 data_name: JNU
02-24 10:24:56 aug_1: normal
02-24 10:24:56 aug_2: randomcrop
02-24 10:24:56 max_epoch: 20
02-24 10:24:56 classifier_epoch: 50
02-24 10:24:56 data_view: TwoViewDataset
02-24 10:24:56 cuda_device: 0
02-24 10:24:56 checkpoint_dir: ./checkpoint
02-24 10:24:56 batch_size: 32
02-24 10:24:56 data_dir: raw_data/JNU/JNU-Bearing-Dataset-main
02-24 10:24:56 out_channel: 12
02-24 10:24:56 normlizetype: minus_one_one
02-24 10:24:56 processing_type: RA
02-24 10:24:56 opt: sgd
02-24 10:24:56 lr: 0.01
02-24 10:24:56 momentum: 0.9
02-24 10:24:56 weight_decay: 1e-05
02-24 10:24:56 lr_scheduler: cos
02-24 10:24:56 gamma: 0.1
02-24 10:24:56 eta_min: 1e-05
02-24 10:24:56 latent_space: 256
02-24 10:24:56 task: self_supervised
02-24 10:24:56 critetion: <class 'utils.loss_SSL.SimSiamLoss'>
02-24 10:24:56 using 1 gpus
02-24 10:24:56 Dataset class: <class 'data_utils.datasets.JNU.JNU'>
02-24 10:24:57 Split sizes: train=6153 val=659 test=1319, classier=659
02-24 10:24:57 Label counts train: Counter({1: 1026, 5: 1026, 9: 1026, 10: 342, 7: 342, 2: 342, 11: 342, 3: 342, 0: 342, 6: 341, 8: 341, 4: 341})
02-24 10:24:57 Label counts val:   Counter({1: 110, 5: 110, 9: 110, 8: 37, 11: 37, 0: 37, 4: 37, 2: 37, 7: 36, 10: 36, 3: 36, 6: 36})
02-24 10:24:57 Label counts test:  Counter({1: 220, 9: 220, 5: 220, 8: 74, 6: 74, 3: 73, 0: 73, 2: 73, 11: 73, 10: 73, 4: 73, 7: 73})
02-24 10:24:57 Label counts classifier:  Counter({9: 110, 1: 110, 5: 110, 4: 37, 3: 37, 6: 37, 7: 37, 10: 37, 11: 36, 0: 36, 2: 36, 8: 36})
02-24 10:24:59 -----Epoch 0/19-----
02-24 10:25:04 current lr: 0.01
02-24 10:25:04 Saved best checkpoint to ./checkpoint\SSF_JNU_0224-102456\best_pt (val_loss=-0.6116)
02-24 10:25:04 Epoch 000 Train loss -0.3427 | Val loss -0.6116
02-24 10:25:04 -----Epoch 1/19-----
02-24 10:25:09 current lr: 0.0099385
02-24 10:25:09 Saved best checkpoint to ./checkpoint\SSF_JNU_0224-102456\best_pt (val_loss=-0.8051)
02-24 10:25:09 Epoch 001 Train loss -0.7359 | Val loss -0.8051
02-24 10:25:09 -----Epoch 2/19-----
02-24 10:25:13 current lr: 0.00975553
02-24 10:25:13 Saved best checkpoint to ./checkpoint\SSF_JNU_0224-102456\best_pt (val_loss=-0.8661)
02-24 10:25:13 Epoch 002 Train loss -0.8450 | Val loss -0.8661
02-24 10:25:13 -----Epoch 3/19-----
02-24 10:25:18 current lr: 0.00945558
02-24 10:25:18 Saved best checkpoint to ./checkpoint\SSF_JNU_0224-102456\best_pt (val_loss=-0.8924)
02-24 10:25:18 Epoch 003 Train loss -0.8848 | Val loss -0.8924
02-24 10:25:18 -----Epoch 4/19-----
02-24 10:25:23 current lr: 0.00904604
02-24 10:25:23 Saved best checkpoint to ./checkpoint\SSF_JNU_0224-102456\best_pt (val_loss=-0.9060)
02-24 10:25:23 Epoch 004 Train loss -0.9038 | Val loss -0.9060
02-24 10:25:23 -----Epoch 5/19-----
02-24 10:25:27 current lr: 0.008537
02-24 10:25:27 Saved best checkpoint to ./checkpoint\SSF_JNU_0224-102456\best_pt (val_loss=-0.9144)
02-24 10:25:27 Epoch 005 Train loss -0.9147 | Val loss -0.9144
02-24 10:25:27 -----Epoch 6/19-----
02-24 10:25:32 current lr: 0.00794099
02-24 10:25:32 Saved best checkpoint to ./checkpoint\SSF_JNU_0224-102456\best_pt (val_loss=-0.9207)
02-24 10:25:32 Epoch 006 Train loss -0.9223 | Val loss -0.9207
02-24 10:25:32 -----Epoch 7/19-----
02-24 10:25:36 current lr: 0.00727268
02-24 10:25:36 Saved best checkpoint to ./checkpoint\SSF_JNU_0224-102456\best_pt (val_loss=-0.9255)
02-24 10:25:36 Epoch 007 Train loss -0.9280 | Val loss -0.9255
02-24 10:25:36 -----Epoch 8/19-----
02-24 10:25:40 current lr: 0.00654854
02-24 10:25:40 Saved best checkpoint to ./checkpoint\SSF_JNU_0224-102456\best_pt (val_loss=-0.9295)
02-24 10:25:40 Epoch 008 Train loss -0.9326 | Val loss -0.9295
02-24 10:25:40 -----Epoch 9/19-----
02-24 10:25:45 current lr: 0.00578639
02-24 10:25:45 Saved best checkpoint to ./checkpoint\SSF_JNU_0224-102456\best_pt (val_loss=-0.9327)
02-24 10:25:45 Epoch 009 Train loss -0.9363 | Val loss -0.9327
02-24 10:25:45 -----Epoch 10/19-----
02-24 10:25:50 current lr: 0.005005
02-24 10:25:50 Saved best checkpoint to ./checkpoint\SSF_JNU_0224-102456\best_pt (val_loss=-0.9353)
02-24 10:25:50 Epoch 010 Train loss -0.9392 | Val loss -0.9353
02-24 10:25:50 -----Epoch 11/19-----
02-24 10:25:54 current lr: 0.00422361
02-24 10:25:54 Saved best checkpoint to ./checkpoint\SSF_JNU_0224-102456\best_pt (val_loss=-0.9374)
02-24 10:25:54 Epoch 011 Train loss -0.9417 | Val loss -0.9374
02-24 10:25:54 -----Epoch 12/19-----
02-24 10:25:59 current lr: 0.00346146
02-24 10:25:59 Saved best checkpoint to ./checkpoint\SSF_JNU_0224-102456\best_pt (val_loss=-0.9391)
02-24 10:25:59 Epoch 012 Train loss -0.9435 | Val loss -0.9391
02-24 10:25:59 -----Epoch 13/19-----
02-24 10:26:03 current lr: 0.00273732
02-24 10:26:03 Saved best checkpoint to ./checkpoint\SSF_JNU_0224-102456\best_pt (val_loss=-0.9403)
02-24 10:26:03 Epoch 013 Train loss -0.9450 | Val loss -0.9403
02-24 10:26:03 -----Epoch 14/19-----
02-24 10:26:07 current lr: 0.00206901
02-24 10:26:07 Saved best checkpoint to ./checkpoint\SSF_JNU_0224-102456\best_pt (val_loss=-0.9412)
02-24 10:26:07 Epoch 014 Train loss -0.9460 | Val loss -0.9412
02-24 10:26:07 -----Epoch 15/19-----
02-24 10:26:12 current lr: 0.001473
02-24 10:26:12 Saved best checkpoint to ./checkpoint\SSF_JNU_0224-102456\best_pt (val_loss=-0.9419)
02-24 10:26:12 Epoch 015 Train loss -0.9468 | Val loss -0.9419
02-24 10:26:12 -----Epoch 16/19-----
02-24 10:26:17 current lr: 0.00096396
02-24 10:26:17 Saved best checkpoint to ./checkpoint\SSF_JNU_0224-102456\best_pt (val_loss=-0.9422)
02-24 10:26:17 Epoch 016 Train loss -0.9473 | Val loss -0.9422
02-24 10:26:17 -----Epoch 17/19-----
02-24 10:26:22 current lr: 0.000554422
02-24 10:26:22 Saved best checkpoint to ./checkpoint\SSF_JNU_0224-102456\best_pt (val_loss=-0.9424)
02-24 10:26:22 Epoch 017 Train loss -0.9476 | Val loss -0.9424
02-24 10:26:22 -----Epoch 18/19-----
02-24 10:26:27 current lr: 0.000254473
02-24 10:26:27 Saved best checkpoint to ./checkpoint\SSF_JNU_0224-102456\best_pt (val_loss=-0.9425)
02-24 10:26:27 Epoch 018 Train loss -0.9478 | Val loss -0.9425
02-24 10:26:27 -----Epoch 19/19-----
02-24 10:26:31 current lr: 7.14967e-05
02-24 10:26:31 Saved best checkpoint to ./checkpoint\SSF_JNU_0224-102456\best_pt (val_loss=-0.9426)
02-24 10:26:31 Epoch 019 Train loss -0.9478 | Val loss -0.9426
02-24 10:26:31 TEST (last): loss -0.9445
