03-10 13:06:11 model_name: SSF
03-10 13:06:11 data_name: CWRU
03-10 13:06:11 aug_1: randomcrop
03-10 13:06:11 aug_2: scale
03-10 13:06:11 max_epoch: 20
03-10 13:06:11 classifier_epoch: 50
03-10 13:06:11 data_view: TwoViewDataset
03-10 13:06:11 cuda_device: 0
03-10 13:06:11 checkpoint_dir: ./anomaly_detection
03-10 13:06:11 batch_size: 64
03-10 13:06:11 data_dir: raw_data/CWRU
03-10 13:06:11 out_channel: 4
03-10 13:06:11 normlizetype: minus_one_one
03-10 13:06:11 processing_type: O_N
03-10 13:06:11 opt: sgd
03-10 13:06:11 lr: 0.05
03-10 13:06:11 momentum: 0.9
03-10 13:06:11 weight_decay: 0.0001
03-10 13:06:11 lr_scheduler: cos
03-10 13:06:11 gamma: 0.95
03-10 13:06:11 eta_min: 1e-05
03-10 13:06:11 latent_space: 192
03-10 13:06:11 num_blocks_ssf: 5
03-10 13:06:11 hidden_channel: 128
03-10 13:06:11 task: self_supervised
03-10 13:06:11 critetion: <class 'utils.loss_SSL.SimSiamLoss'>
03-10 13:06:11 using 1 gpus
03-10 13:06:11 Dataset class: <class 'data_utils.datasets.CWRU.CWRU'>
03-10 13:06:11 Split sizes: train=993 val=100 test=400, classier=40
03-10 13:06:11 Label counts train: Counter({0: 993})
03-10 13:06:11 Label counts val:   Counter({0: 100})
03-10 13:06:11 Label counts test:  Counter({2: 100, 1: 100, 3: 100, 0: 100})
03-10 13:06:11 Label counts classifier:  Counter({3: 10, 1: 10, 0: 10, 2: 10})
03-10 13:06:13 Loaded best checkpoint from ./anomaly_detection/SSF_PU_0310-115450/best_pt (val_loss=-0.9926297688484191)
03-10 13:06:13 Loaded best checkpoint from ./anomaly_detection/SSF_PU_0310-115450/best_pt (val_loss=-0.9926297688484191)
03-10 13:06:13 TEST (best): loss -0.9212
