02-24 11:50:03 model_name: SSF
02-24 11:50:03 data_name: PU
02-24 11:50:03 aug_1: normal
02-24 11:50:03 aug_2: randomcrop
02-24 11:50:03 max_epoch: 20
02-24 11:50:03 classifier_epoch: 50
02-24 11:50:03 data_view: TwoViewDataset
02-24 11:50:03 cuda_device: 0
02-24 11:50:03 checkpoint_dir: ./checkpoint
02-24 11:50:03 batch_size: 32
02-24 11:50:03 data_dir: raw_data/PU
02-24 11:50:03 out_channel: 4
02-24 11:50:03 normlizetype: minus_one_one
02-24 11:50:03 processing_type: RA
02-24 11:50:03 opt: sgd
02-24 11:50:03 lr: 0.01
02-24 11:50:03 momentum: 0.9
02-24 11:50:03 weight_decay: 1e-05
02-24 11:50:03 lr_scheduler: cos
02-24 11:50:03 gamma: 0.1
02-24 11:50:03 eta_min: 1e-05
02-24 11:50:03 latent_space: 256
02-24 11:50:03 task: self_supervised
02-24 11:50:03 critetion: <class 'utils.loss_SSL.SimSiamLoss'>
02-24 11:50:03 using 1 gpus
02-24 11:50:03 Dataset class: <class 'data_utils.datasets.PU.PU'>
02-24 11:50:04 Split sizes: train=22502 val=2411 test=4823, classier=2411
02-24 11:50:06 Label counts train: Counter({1: 8481, 3: 7718, 0: 4201, 2: 2102})
02-24 11:50:06 Label counts val:   Counter({1: 908, 3: 827, 0: 450, 2: 226})
02-24 11:50:06 Label counts test:  Counter({1: 1818, 3: 1654, 0: 901, 2: 450})
02-24 11:50:06 Label counts classifier:  Counter({1: 909, 3: 827, 0: 450, 2: 225})
02-24 11:50:08 Loaded best checkpoint from ./checkpoint/SSF_PU_0224-112038/best_pt (val_loss=-0.9765873131589838)
