03-04 14:10:23 model_name: SSF
03-04 14:10:23 data_name: JNU
03-04 14:10:23 aug_1: randomcrop
03-04 14:10:23 aug_2: scale
03-04 14:10:23 max_epoch: 50
03-04 14:10:23 classifier_epoch: 50
03-04 14:10:23 data_view: TwoViewDataset
03-04 14:10:23 cuda_device: 0
03-04 14:10:23 checkpoint_dir: ./checkpoint
03-04 14:10:23 batch_size: 64
03-04 14:10:23 data_dir: raw_data/JNU/JNU-Bearing-Dataset-main
03-04 14:10:23 out_channel: 4
03-04 14:10:23 normlizetype: minus_one_one
03-04 14:10:23 processing_type: RA
03-04 14:10:23 opt: sgd
03-04 14:10:23 lr: 0.05
03-04 14:10:23 momentum: 0.9
03-04 14:10:23 weight_decay: 0.0001
03-04 14:10:23 lr_scheduler: cos
03-04 14:10:23 gamma: 0.95
03-04 14:10:23 eta_min: 1e-05
03-04 14:10:23 latent_space: 64
03-04 14:10:23 num_blocks_ssf: None
03-04 14:10:23 hidden_channel: 256
03-04 14:10:23 task: self_supervised
03-04 14:10:23 critetion: <class 'utils.loss_SSL.SimSiamLoss'>
03-04 14:10:23 using 1 gpus
03-04 14:10:23 Dataset class: <class 'data_utils.datasets.JNU.JNU'>
03-04 14:10:25 Split sizes: train=400 val=400 test=400, classier=40
03-04 14:10:25 Label counts train: Counter({0: 100, 1: 100, 2: 100, 3: 100})
03-04 14:10:25 Label counts val:   Counter({0: 100, 1: 100, 2: 100, 3: 100})
03-04 14:10:25 Label counts test:  Counter({0: 100, 1: 100, 2: 100, 3: 100})
03-04 14:10:25 Label counts classifier:  Counter({0: 10, 1: 10, 2: 10, 3: 10})
03-04 14:10:26 -----Epoch 0/49-----
03-04 14:10:27 current lr: 0.05
03-04 14:10:27 Saved best checkpoint to ./checkpoint\SSF_JNU_0304-141023\best_pt (val_loss=-0.6874)
03-04 14:10:27 Epoch 000 Train loss -0.4874 | Val loss -0.6874
03-04 14:10:27 -----Epoch 1/49-----
03-04 14:10:28 current lr: 0.0499507
03-04 14:10:28 Saved best checkpoint to ./checkpoint\SSF_JNU_0304-141023\best_pt (val_loss=-0.8523)
03-04 14:10:28 Epoch 001 Train loss -0.8821 | Val loss -0.8523
03-04 14:10:28 -----Epoch 2/49-----
03-04 14:10:28 current lr: 0.0498029
03-04 14:10:28 Saved best checkpoint to ./checkpoint\SSF_JNU_0304-141023\best_pt (val_loss=-0.9028)
03-04 14:10:28 Epoch 002 Train loss -0.9138 | Val loss -0.9028
03-04 14:10:28 -----Epoch 3/49-----
03-04 14:10:28 current lr: 0.0495573
03-04 14:10:28 Saved best checkpoint to ./checkpoint\SSF_JNU_0304-141023\best_pt (val_loss=-0.9266)
03-04 14:10:28 Epoch 003 Train loss -0.9315 | Val loss -0.9266
03-04 14:10:28 -----Epoch 4/49-----
03-04 14:10:28 current lr: 0.0492147
03-04 14:10:28 Saved best checkpoint to ./checkpoint\SSF_JNU_0304-141023\best_pt (val_loss=-0.9386)
03-04 14:10:28 Epoch 004 Train loss -0.9447 | Val loss -0.9386
03-04 14:10:28 -----Epoch 5/49-----
03-04 14:10:29 current lr: 0.0487767
03-04 14:10:29 Saved best checkpoint to ./checkpoint\SSF_JNU_0304-141023\best_pt (val_loss=-0.9472)
03-04 14:10:29 Epoch 005 Train loss -0.9520 | Val loss -0.9472
03-04 14:10:29 -----Epoch 6/49-----
03-04 14:10:29 current lr: 0.0482448
03-04 14:10:29 Saved best checkpoint to ./checkpoint\SSF_JNU_0304-141023\best_pt (val_loss=-0.9545)
03-04 14:10:29 Epoch 006 Train loss -0.9582 | Val loss -0.9545
03-04 14:10:29 -----Epoch 7/49-----
03-04 14:10:29 current lr: 0.0476212
03-04 14:10:29 Saved best checkpoint to ./checkpoint\SSF_JNU_0304-141023\best_pt (val_loss=-0.9596)
03-04 14:10:29 Epoch 007 Train loss -0.9632 | Val loss -0.9596
03-04 14:10:29 -----Epoch 8/49-----
03-04 14:10:30 current lr: 0.0469083
03-04 14:10:30 Saved best checkpoint to ./checkpoint\SSF_JNU_0304-141023\best_pt (val_loss=-0.9627)
03-04 14:10:30 Epoch 008 Train loss -0.9660 | Val loss -0.9627
03-04 14:10:30 -----Epoch 9/49-----
03-04 14:10:30 current lr: 0.046109
03-04 14:10:30 Saved best checkpoint to ./checkpoint\SSF_JNU_0304-141023\best_pt (val_loss=-0.9642)
03-04 14:10:30 Epoch 009 Train loss -0.9682 | Val loss -0.9642
03-04 14:10:30 -----Epoch 10/49-----
03-04 14:10:30 current lr: 0.0452264
03-04 14:10:30 Saved best checkpoint to ./checkpoint\SSF_JNU_0304-141023\best_pt (val_loss=-0.9649)
03-04 14:10:30 Epoch 010 Train loss -0.9692 | Val loss -0.9649
03-04 14:10:30 -----Epoch 11/49-----
03-04 14:10:31 current lr: 0.044264
03-04 14:10:31 No improvement in val_loss for 1/10 epochs.
03-04 14:10:31 Epoch 011 Train loss -0.9697 | Val loss -0.9647
03-04 14:10:31 -----Epoch 12/49-----
03-04 14:10:31 current lr: 0.0432256
03-04 14:10:31 No improvement in val_loss for 2/10 epochs.
03-04 14:10:31 Epoch 012 Train loss -0.9702 | Val loss -0.9647
03-04 14:10:31 -----Epoch 13/49-----
03-04 14:10:31 current lr: 0.0421153
03-04 14:10:31 Saved best checkpoint to ./checkpoint\SSF_JNU_0304-141023\best_pt (val_loss=-0.9669)
03-04 14:10:31 Epoch 013 Train loss -0.9713 | Val loss -0.9669
03-04 14:10:31 -----Epoch 14/49-----
03-04 14:10:32 current lr: 0.0409374
03-04 14:10:32 Saved best checkpoint to ./checkpoint\SSF_JNU_0304-141023\best_pt (val_loss=-0.9695)
03-04 14:10:32 Epoch 014 Train loss -0.9727 | Val loss -0.9695
03-04 14:10:32 -----Epoch 15/49-----
03-04 14:10:32 current lr: 0.0396967
03-04 14:10:32 Saved best checkpoint to ./checkpoint\SSF_JNU_0304-141023\best_pt (val_loss=-0.9710)
03-04 14:10:32 Epoch 015 Train loss -0.9738 | Val loss -0.9710
03-04 14:10:32 -----Epoch 16/49-----
03-04 14:10:32 current lr: 0.038398
03-04 14:10:32 Saved best checkpoint to ./checkpoint\SSF_JNU_0304-141023\best_pt (val_loss=-0.9726)
03-04 14:10:32 Epoch 016 Train loss -0.9746 | Val loss -0.9726
03-04 14:10:32 -----Epoch 17/49-----
03-04 14:10:32 current lr: 0.0370464
03-04 14:10:32 Saved best checkpoint to ./checkpoint\SSF_JNU_0304-141023\best_pt (val_loss=-0.9740)
03-04 14:10:32 Epoch 017 Train loss -0.9756 | Val loss -0.9740
03-04 14:10:32 -----Epoch 18/49-----
03-04 14:10:33 current lr: 0.0356474
03-04 14:10:33 Saved best checkpoint to ./checkpoint\SSF_JNU_0304-141023\best_pt (val_loss=-0.9747)
03-04 14:10:33 Epoch 018 Train loss -0.9764 | Val loss -0.9747
03-04 14:10:33 -----Epoch 19/49-----
03-04 14:10:33 current lr: 0.0342063
03-04 14:10:33 Saved best checkpoint to ./checkpoint\SSF_JNU_0304-141023\best_pt (val_loss=-0.9750)
03-04 14:10:33 Epoch 019 Train loss -0.9767 | Val loss -0.9750
03-04 14:10:33 -----Epoch 20/49-----
03-04 14:10:33 current lr: 0.0327289
03-04 14:10:33 No improvement in val_loss for 1/10 epochs.
03-04 14:10:33 Epoch 020 Train loss -0.9770 | Val loss -0.9749
03-04 14:10:33 -----Epoch 21/49-----
03-04 14:10:33 current lr: 0.031221
03-04 14:10:33 No improvement in val_loss for 2/10 epochs.
03-04 14:10:33 Epoch 021 Train loss -0.9768 | Val loss -0.9745
03-04 14:10:33 -----Epoch 22/49-----
03-04 14:10:34 current lr: 0.0296886
03-04 14:10:34 No improvement in val_loss for 3/10 epochs.
03-04 14:10:34 Epoch 022 Train loss -0.9767 | Val loss -0.9741
03-04 14:10:34 -----Epoch 23/49-----
03-04 14:10:34 current lr: 0.0281377
03-04 14:10:34 No improvement in val_loss for 4/10 epochs.
03-04 14:10:34 Epoch 023 Train loss -0.9770 | Val loss -0.9743
03-04 14:10:34 -----Epoch 24/49-----
03-04 14:10:34 current lr: 0.0265744
03-04 14:10:34 No improvement in val_loss for 5/10 epochs.
03-04 14:10:34 Epoch 024 Train loss -0.9775 | Val loss -0.9747
03-04 14:10:34 -----Epoch 25/49-----
03-04 14:10:35 current lr: 0.025005
03-04 14:10:35 Saved best checkpoint to ./checkpoint\SSF_JNU_0304-141023\best_pt (val_loss=-0.9752)
03-04 14:10:35 Epoch 025 Train loss -0.9778 | Val loss -0.9752
03-04 14:10:35 -----Epoch 26/49-----
03-04 14:10:35 current lr: 0.0234356
03-04 14:10:35 Saved best checkpoint to ./checkpoint\SSF_JNU_0304-141023\best_pt (val_loss=-0.9757)
03-04 14:10:35 Epoch 026 Train loss -0.9781 | Val loss -0.9757
03-04 14:10:35 -----Epoch 27/49-----
03-04 14:10:35 current lr: 0.0218723
03-04 14:10:35 Saved best checkpoint to ./checkpoint\SSF_JNU_0304-141023\best_pt (val_loss=-0.9759)
03-04 14:10:35 Epoch 027 Train loss -0.9786 | Val loss -0.9759
03-04 14:10:35 -----Epoch 28/49-----
03-04 14:10:35 current lr: 0.0203214
03-04 14:10:35 Saved best checkpoint to ./checkpoint\SSF_JNU_0304-141023\best_pt (val_loss=-0.9764)
03-04 14:10:35 Epoch 028 Train loss -0.9787 | Val loss -0.9764
03-04 14:10:35 -----Epoch 29/49-----
03-04 14:10:36 current lr: 0.018789
03-04 14:10:36 Saved best checkpoint to ./checkpoint\SSF_JNU_0304-141023\best_pt (val_loss=-0.9769)
03-04 14:10:36 Epoch 029 Train loss -0.9792 | Val loss -0.9769
03-04 14:10:36 -----Epoch 30/49-----
03-04 14:10:36 current lr: 0.0172811
03-04 14:10:36 Saved best checkpoint to ./checkpoint\SSF_JNU_0304-141023\best_pt (val_loss=-0.9775)
03-04 14:10:36 Epoch 030 Train loss -0.9797 | Val loss -0.9775
03-04 14:10:36 -----Epoch 31/49-----
03-04 14:10:36 current lr: 0.0158037
03-04 14:10:36 Saved best checkpoint to ./checkpoint\SSF_JNU_0304-141023\best_pt (val_loss=-0.9779)
03-04 14:10:36 Epoch 031 Train loss -0.9802 | Val loss -0.9779
03-04 14:10:36 -----Epoch 32/49-----
03-04 14:10:36 current lr: 0.0143626
03-04 14:10:36 Saved best checkpoint to ./checkpoint\SSF_JNU_0304-141023\best_pt (val_loss=-0.9781)
03-04 14:10:36 Epoch 032 Train loss -0.9805 | Val loss -0.9781
03-04 14:10:36 -----Epoch 33/49-----
03-04 14:10:37 current lr: 0.0129636
03-04 14:10:37 Saved best checkpoint to ./checkpoint\SSF_JNU_0304-141023\best_pt (val_loss=-0.9783)
03-04 14:10:37 Epoch 033 Train loss -0.9808 | Val loss -0.9783
03-04 14:10:37 -----Epoch 34/49-----
03-04 14:10:37 current lr: 0.011612
03-04 14:10:37 Saved best checkpoint to ./checkpoint\SSF_JNU_0304-141023\best_pt (val_loss=-0.9785)
03-04 14:10:37 Epoch 034 Train loss -0.9809 | Val loss -0.9785
03-04 14:10:37 -----Epoch 35/49-----
03-04 14:10:37 current lr: 0.0103133
03-04 14:10:37 Saved best checkpoint to ./checkpoint\SSF_JNU_0304-141023\best_pt (val_loss=-0.9787)
03-04 14:10:37 Epoch 035 Train loss -0.9812 | Val loss -0.9787
03-04 14:10:37 -----Epoch 36/49-----
03-04 14:10:37 current lr: 0.00907259
03-04 14:10:37 Saved best checkpoint to ./checkpoint\SSF_JNU_0304-141023\best_pt (val_loss=-0.9789)
03-04 14:10:37 Epoch 036 Train loss -0.9816 | Val loss -0.9789
03-04 14:10:37 -----Epoch 37/49-----
03-04 14:10:38 current lr: 0.00789475
03-04 14:10:38 Saved best checkpoint to ./checkpoint\SSF_JNU_0304-141023\best_pt (val_loss=-0.9791)
03-04 14:10:38 Epoch 037 Train loss -0.9819 | Val loss -0.9791
03-04 14:10:38 -----Epoch 38/49-----
03-04 14:10:38 current lr: 0.00678443
03-04 14:10:38 Saved best checkpoint to ./checkpoint\SSF_JNU_0304-141023\best_pt (val_loss=-0.9793)
03-04 14:10:38 Epoch 038 Train loss -0.9820 | Val loss -0.9793
03-04 14:10:38 -----Epoch 39/49-----
03-04 14:10:38 current lr: 0.00574602
03-04 14:10:39 Saved best checkpoint to ./checkpoint\SSF_JNU_0304-141023\best_pt (val_loss=-0.9795)
03-04 14:10:39 Epoch 039 Train loss -0.9822 | Val loss -0.9795
03-04 14:10:39 -----Epoch 40/49-----
03-04 14:10:39 current lr: 0.00478362
03-04 14:10:39 Saved best checkpoint to ./checkpoint\SSF_JNU_0304-141023\best_pt (val_loss=-0.9796)
03-04 14:10:39 Epoch 040 Train loss -0.9824 | Val loss -0.9796
03-04 14:10:39 -----Epoch 41/49-----
03-04 14:10:39 current lr: 0.00390102
03-04 14:10:39 Saved best checkpoint to ./checkpoint\SSF_JNU_0304-141023\best_pt (val_loss=-0.9797)
03-04 14:10:39 Epoch 041 Train loss -0.9825 | Val loss -0.9797
03-04 14:10:39 -----Epoch 42/49-----
03-04 14:10:40 current lr: 0.00310171
03-04 14:10:40 Saved best checkpoint to ./checkpoint\SSF_JNU_0304-141023\best_pt (val_loss=-0.9798)
03-04 14:10:40 Epoch 042 Train loss -0.9826 | Val loss -0.9798
03-04 14:10:40 -----Epoch 43/49-----
03-04 14:10:40 current lr: 0.00238885
03-04 14:10:40 Saved best checkpoint to ./checkpoint\SSF_JNU_0304-141023\best_pt (val_loss=-0.9799)
03-04 14:10:40 Epoch 043 Train loss -0.9827 | Val loss -0.9799
03-04 14:10:40 -----Epoch 44/49-----
03-04 14:10:40 current lr: 0.00176524
03-04 14:10:40 Saved best checkpoint to ./checkpoint\SSF_JNU_0304-141023\best_pt (val_loss=-0.9800)
03-04 14:10:40 Epoch 044 Train loss -0.9829 | Val loss -0.9800
03-04 14:10:40 -----Epoch 45/49-----
03-04 14:10:41 current lr: 0.00123334
03-04 14:10:41 Saved best checkpoint to ./checkpoint\SSF_JNU_0304-141023\best_pt (val_loss=-0.9800)
03-04 14:10:41 Epoch 045 Train loss -0.9828 | Val loss -0.9800
03-04 14:10:41 -----Epoch 46/49-----
03-04 14:10:41 current lr: 0.000795264
03-04 14:10:41 Saved best checkpoint to ./checkpoint\SSF_JNU_0304-141023\best_pt (val_loss=-0.9800)
03-04 14:10:41 Epoch 046 Train loss -0.9830 | Val loss -0.9800
03-04 14:10:41 -----Epoch 47/49-----
03-04 14:10:41 current lr: 0.00045273
03-04 14:10:41 Saved best checkpoint to ./checkpoint\SSF_JNU_0304-141023\best_pt (val_loss=-0.9800)
03-04 14:10:41 Epoch 047 Train loss -0.9830 | Val loss -0.9800
03-04 14:10:41 -----Epoch 48/49-----
03-04 14:10:42 current lr: 0.000207093
03-04 14:10:42 Saved best checkpoint to ./checkpoint\SSF_JNU_0304-141023\best_pt (val_loss=-0.9801)
03-04 14:10:42 Epoch 048 Train loss -0.9829 | Val loss -0.9801
03-04 14:10:42 -----Epoch 49/49-----
03-04 14:10:42 current lr: 5.93219e-05
03-04 14:10:42 Saved best checkpoint to ./checkpoint\SSF_JNU_0304-141023\best_pt (val_loss=-0.9801)
03-04 14:10:42 Epoch 049 Train loss -0.9829 | Val loss -0.9801
03-04 14:10:42 TEST (last): loss -0.9804
03-04 14:10:42 Loaded best checkpoint from ./checkpoint\SSF_JNU_0304-141023\best_pt (val_loss=-0.9800557255744934)
03-04 14:10:42 TEST (best): loss -0.9804
03-04 14:10:42 [LP epoch 00] train_loss=1.4214 train_acc=0.3000 | val_loss=1.3922 val_acc=0.2575 | 
03-04 14:10:42 [LP epoch 01] train_loss=1.3805 train_acc=0.3000 | val_loss=1.3865 val_acc=0.2750 | 
03-04 14:10:42 [LP epoch 02] train_loss=1.3504 train_acc=0.3000 | val_loss=1.3800 val_acc=0.2850 | 
03-04 14:10:43 [LP epoch 03] train_loss=1.3252 train_acc=0.3250 | val_loss=1.3727 val_acc=0.3100 | 
03-04 14:10:43 [LP epoch 04] train_loss=1.3039 train_acc=0.3500 | val_loss=1.3643 val_acc=0.3300 | 
03-04 14:10:43 [LP epoch 05] train_loss=1.2855 train_acc=0.4250 | val_loss=1.3559 val_acc=0.3550 | 
03-04 14:10:43 [LP epoch 06] train_loss=1.2697 train_acc=0.5000 | val_loss=1.3474 val_acc=0.3650 | 
03-04 14:10:43 [LP epoch 07] train_loss=1.2563 train_acc=0.4750 | val_loss=1.3384 val_acc=0.3850 | 
03-04 14:10:43 [LP epoch 08] train_loss=1.2449 train_acc=0.4750 | val_loss=1.3296 val_acc=0.3875 | 
03-04 14:10:43 [LP epoch 09] train_loss=1.2352 train_acc=0.5000 | val_loss=1.3210 val_acc=0.3750 | 
03-04 14:10:43 [LP epoch 10] train_loss=1.2268 train_acc=0.4750 | val_loss=1.3129 val_acc=0.3700 | 
03-04 14:10:43 [LP epoch 11] train_loss=1.2196 train_acc=0.4750 | val_loss=1.3054 val_acc=0.3625 | 
03-04 14:10:43 [LP epoch 12] train_loss=1.2130 train_acc=0.5000 | val_loss=1.2986 val_acc=0.3525 | 
03-04 14:10:43 [LP epoch 13] train_loss=1.2070 train_acc=0.5000 | val_loss=1.2925 val_acc=0.3575 | 
03-04 14:10:44 [LP epoch 14] train_loss=1.2011 train_acc=0.5000 | val_loss=1.2871 val_acc=0.3450 | 
03-04 14:10:44 [LP epoch 15] train_loss=1.1956 train_acc=0.5000 | val_loss=1.2825 val_acc=0.3500 | 
03-04 14:10:44 [LP epoch 16] train_loss=1.1902 train_acc=0.5000 | val_loss=1.2787 val_acc=0.3475 | 
03-04 14:10:44 [LP epoch 17] train_loss=1.1850 train_acc=0.5500 | val_loss=1.2753 val_acc=0.3475 | 
03-04 14:10:44 [LP epoch 18] train_loss=1.1799 train_acc=0.5500 | val_loss=1.2719 val_acc=0.3600 | 
03-04 14:10:44 [LP epoch 19] train_loss=1.1750 train_acc=0.5500 | val_loss=1.2683 val_acc=0.3550 | 
03-04 14:10:44 [LP epoch 20] train_loss=1.1701 train_acc=0.5250 | val_loss=1.2647 val_acc=0.3575 | 
03-04 14:10:44 [LP epoch 21] train_loss=1.1651 train_acc=0.5250 | val_loss=1.2615 val_acc=0.3675 | 
03-04 14:10:44 [LP epoch 22] train_loss=1.1603 train_acc=0.5250 | val_loss=1.2590 val_acc=0.3750 | 
03-04 14:10:44 [LP epoch 23] train_loss=1.1554 train_acc=0.5250 | val_loss=1.2571 val_acc=0.3750 | 
03-04 14:10:45 [LP epoch 24] train_loss=1.1504 train_acc=0.5250 | val_loss=1.2554 val_acc=0.3750 | 
03-04 14:10:45 [LP epoch 25] train_loss=1.1458 train_acc=0.5500 | val_loss=1.2538 val_acc=0.3850 | 
03-04 14:10:45 [LP epoch 26] train_loss=1.1416 train_acc=0.5750 | val_loss=1.2524 val_acc=0.3925 | 
03-04 14:10:45 [LP epoch 27] train_loss=1.1370 train_acc=0.6000 | val_loss=1.2509 val_acc=0.3900 | 
03-04 14:10:45 [LP epoch 28] train_loss=1.1322 train_acc=0.6000 | val_loss=1.2495 val_acc=0.3950 | 
03-04 14:10:45 [LP epoch 29] train_loss=1.1277 train_acc=0.6000 | val_loss=1.2480 val_acc=0.3950 | 
03-04 14:10:45 [LP epoch 30] train_loss=1.1235 train_acc=0.6500 | val_loss=1.2466 val_acc=0.4025 | 
03-04 14:10:45 [LP epoch 31] train_loss=1.1192 train_acc=0.6500 | val_loss=1.2446 val_acc=0.4100 | 
03-04 14:10:45 [LP epoch 32] train_loss=1.1152 train_acc=0.6500 | val_loss=1.2425 val_acc=0.4150 | 
03-04 14:10:45 [LP epoch 33] train_loss=1.1112 train_acc=0.6500 | val_loss=1.2413 val_acc=0.4125 | 
03-04 14:10:46 [LP epoch 34] train_loss=1.1071 train_acc=0.6500 | val_loss=1.2407 val_acc=0.4225 | 
03-04 14:10:46 [LP epoch 35] train_loss=1.1030 train_acc=0.6500 | val_loss=1.2402 val_acc=0.4200 | 
03-04 14:10:46 [LP epoch 36] train_loss=1.0985 train_acc=0.6500 | val_loss=1.2398 val_acc=0.4175 | 
03-04 14:10:46 [LP epoch 37] train_loss=1.0945 train_acc=0.6500 | val_loss=1.2398 val_acc=0.4225 | 
03-04 14:10:46 [LP epoch 38] train_loss=1.0903 train_acc=0.6750 | val_loss=1.2400 val_acc=0.4175 | 
03-04 14:10:46 [LP epoch 39] train_loss=1.0858 train_acc=0.6750 | val_loss=1.2402 val_acc=0.4150 | 
03-04 14:10:46 [LP epoch 40] train_loss=1.0817 train_acc=0.6750 | val_loss=1.2403 val_acc=0.4125 | 
03-04 14:10:46 [LP epoch 41] train_loss=1.0776 train_acc=0.6750 | val_loss=1.2405 val_acc=0.4100 | 
03-04 14:10:46 [LP epoch 42] train_loss=1.0741 train_acc=0.6750 | val_loss=1.2410 val_acc=0.4050 | 
03-04 14:10:47 [LP epoch 43] train_loss=1.0704 train_acc=0.7000 | val_loss=1.2415 val_acc=0.4050 | 
03-04 14:10:47 [LP epoch 44] train_loss=1.0672 train_acc=0.7000 | val_loss=1.2418 val_acc=0.4075 | 
03-04 14:10:47 [LP epoch 45] train_loss=1.0635 train_acc=0.7000 | val_loss=1.2420 val_acc=0.4175 | 
03-04 14:10:47 [LP epoch 46] train_loss=1.0601 train_acc=0.6500 | val_loss=1.2402 val_acc=0.4225 | 
03-04 14:10:47 [LP epoch 47] train_loss=1.0564 train_acc=0.6750 | val_loss=1.2406 val_acc=0.4200 | 
03-04 14:10:47 [LP epoch 48] train_loss=1.0526 train_acc=0.6750 | val_loss=1.2417 val_acc=0.4050 | 
03-04 14:10:47 [LP epoch 49] train_loss=1.0497 train_acc=0.6750 | val_loss=1.2435 val_acc=0.4025 | 
03-04 14:10:47 Saved linear-probe checkpoint: ./checkpoint\SSF_JNU_0304-141023\linear_probe_best.pt (best_val_acc=0.4225)
03-04 14:10:47 TEST linear-probe: loss=1.2290 acc=0.3625
03-04 14:10:47 model_name: SSF
03-04 14:10:47 data_name: JNU
03-04 14:10:47 aug_1: randomcrop
03-04 14:10:47 aug_2: scale
03-04 14:10:47 max_epoch: 50
03-04 14:10:47 classifier_epoch: 50
03-04 14:10:47 data_view: TwoViewDataset
03-04 14:10:47 cuda_device: 0
03-04 14:10:47 checkpoint_dir: ./checkpoint
03-04 14:10:47 batch_size: 64
03-04 14:10:47 data_dir: raw_data/JNU/JNU-Bearing-Dataset-main
03-04 14:10:47 out_channel: 4
03-04 14:10:47 normlizetype: minus_one_one
03-04 14:10:47 processing_type: RA
03-04 14:10:47 opt: sgd
03-04 14:10:47 lr: 0.05
03-04 14:10:47 momentum: 0.9
03-04 14:10:47 weight_decay: 0.0001
03-04 14:10:47 lr_scheduler: cos
03-04 14:10:47 gamma: 0.95
03-04 14:10:47 eta_min: 1e-05
03-04 14:10:47 latent_space: 64
03-04 14:10:47 num_blocks_ssf: None
03-04 14:10:47 hidden_channel: 256
03-04 14:10:47 task: self_supervised
03-04 14:10:47 critetion: <class 'utils.loss_SSL.SimSiamLoss'>
03-04 14:10:47 using 1 gpus
03-04 14:10:47 Dataset class: <class 'data_utils.datasets.JNU.JNU'>
03-04 14:10:48 Split sizes: train=400 val=400 test=400, classier=40
03-04 14:10:48 Label counts train: Counter({0: 100, 1: 100, 2: 100, 3: 100})
03-04 14:10:48 Label counts val:   Counter({0: 100, 1: 100, 2: 100, 3: 100})
03-04 14:10:49 Label counts test:  Counter({0: 100, 1: 100, 2: 100, 3: 100})
03-04 14:10:49 Label counts classifier:  Counter({0: 10, 1: 10, 2: 10, 3: 10})
03-04 14:10:49 -----Epoch 0/49-----
03-04 14:10:49 current lr: 0.05
03-04 14:10:49 Saved best checkpoint to ./checkpoint\SSF_JNU_0304-141023\best_pt (val_loss=-0.8026)
03-04 14:10:49 Epoch 000 Train loss -0.3810 | Val loss -0.8026
03-04 14:10:49 -----Epoch 1/49-----
03-04 14:10:49 current lr: 0.0499507
03-04 14:10:49 Saved best checkpoint to ./checkpoint\SSF_JNU_0304-141023\best_pt (val_loss=-0.8783)
03-04 14:10:49 Epoch 001 Train loss -0.8764 | Val loss -0.8783
03-04 14:10:49 -----Epoch 2/49-----
03-04 14:10:49 current lr: 0.0498029
03-04 14:10:49 Saved best checkpoint to ./checkpoint\SSF_JNU_0304-141023\best_pt (val_loss=-0.9087)
03-04 14:10:49 Epoch 002 Train loss -0.9145 | Val loss -0.9087
03-04 14:10:49 -----Epoch 3/49-----
03-04 14:10:50 current lr: 0.0495573
03-04 14:10:50 Saved best checkpoint to ./checkpoint\SSF_JNU_0304-141023\best_pt (val_loss=-0.9288)
03-04 14:10:50 Epoch 003 Train loss -0.9364 | Val loss -0.9288
03-04 14:10:50 -----Epoch 4/49-----
03-04 14:10:50 current lr: 0.0492147
03-04 14:10:50 Saved best checkpoint to ./checkpoint\SSF_JNU_0304-141023\best_pt (val_loss=-0.9419)
03-04 14:10:50 Epoch 004 Train loss -0.9508 | Val loss -0.9419
03-04 14:10:50 -----Epoch 5/49-----
03-04 14:10:50 current lr: 0.0487767
03-04 14:10:50 Saved best checkpoint to ./checkpoint\SSF_JNU_0304-141023\best_pt (val_loss=-0.9484)
03-04 14:10:50 Epoch 005 Train loss -0.9595 | Val loss -0.9484
03-04 14:10:50 -----Epoch 6/49-----
03-04 14:10:50 current lr: 0.0482448
03-04 14:10:50 Saved best checkpoint to ./checkpoint\SSF_JNU_0304-141023\best_pt (val_loss=-0.9507)
03-04 14:10:50 Epoch 006 Train loss -0.9635 | Val loss -0.9507
03-04 14:10:50 -----Epoch 7/49-----
03-04 14:10:51 current lr: 0.0476212
03-04 14:10:51 No improvement in val_loss for 1/10 epochs.
03-04 14:10:51 Epoch 007 Train loss -0.9622 | Val loss -0.9482
03-04 14:10:51 -----Epoch 8/49-----
03-04 14:10:51 current lr: 0.0469083
03-04 14:10:51 No improvement in val_loss for 2/10 epochs.
03-04 14:10:51 Epoch 008 Train loss -0.9574 | Val loss -0.9427
03-04 14:10:51 -----Epoch 9/49-----
03-04 14:10:51 current lr: 0.046109
03-04 14:10:51 No improvement in val_loss for 3/10 epochs.
03-04 14:10:51 Epoch 009 Train loss -0.9589 | Val loss -0.9463
03-04 14:10:51 -----Epoch 10/49-----
03-04 14:10:51 current lr: 0.0452264
03-04 14:10:51 Saved best checkpoint to ./checkpoint\SSF_JNU_0304-141023\best_pt (val_loss=-0.9541)
03-04 14:10:51 Epoch 010 Train loss -0.9645 | Val loss -0.9541
03-04 14:10:51 -----Epoch 11/49-----
03-04 14:10:52 current lr: 0.044264
03-04 14:10:52 Saved best checkpoint to ./checkpoint\SSF_JNU_0304-141023\best_pt (val_loss=-0.9583)
03-04 14:10:52 Epoch 011 Train loss -0.9699 | Val loss -0.9583
03-04 14:10:52 -----Epoch 12/49-----
03-04 14:10:52 current lr: 0.0432256
03-04 14:10:52 Saved best checkpoint to ./checkpoint\SSF_JNU_0304-141023\best_pt (val_loss=-0.9613)
03-04 14:10:52 Epoch 012 Train loss -0.9732 | Val loss -0.9613
03-04 14:10:52 -----Epoch 13/49-----
03-04 14:10:52 current lr: 0.0421153
03-04 14:10:52 Saved best checkpoint to ./checkpoint\SSF_JNU_0304-141023\best_pt (val_loss=-0.9647)
03-04 14:10:52 Epoch 013 Train loss -0.9749 | Val loss -0.9647
03-04 14:10:52 -----Epoch 14/49-----
03-04 14:10:53 current lr: 0.0409374
03-04 14:10:53 Saved best checkpoint to ./checkpoint\SSF_JNU_0304-141023\best_pt (val_loss=-0.9675)
03-04 14:10:53 Epoch 014 Train loss -0.9762 | Val loss -0.9675
03-04 14:10:53 -----Epoch 15/49-----
03-04 14:10:53 current lr: 0.0396967
03-04 14:10:53 Saved best checkpoint to ./checkpoint\SSF_JNU_0304-141023\best_pt (val_loss=-0.9686)
03-04 14:10:53 Epoch 015 Train loss -0.9767 | Val loss -0.9686
03-04 14:10:53 -----Epoch 16/49-----
03-04 14:10:53 current lr: 0.038398
03-04 14:10:53 No improvement in val_loss for 1/10 epochs.
03-04 14:10:53 Epoch 016 Train loss -0.9757 | Val loss -0.9681
03-04 14:10:53 -----Epoch 17/49-----
03-04 14:10:53 current lr: 0.0370464
03-04 14:10:53 Saved best checkpoint to ./checkpoint\SSF_JNU_0304-141023\best_pt (val_loss=-0.9692)
03-04 14:10:53 Epoch 017 Train loss -0.9751 | Val loss -0.9692
03-04 14:10:53 -----Epoch 18/49-----
03-04 14:10:54 current lr: 0.0356474
03-04 14:10:54 Saved best checkpoint to ./checkpoint\SSF_JNU_0304-141023\best_pt (val_loss=-0.9717)
03-04 14:10:54 Epoch 018 Train loss -0.9764 | Val loss -0.9717
03-04 14:10:54 -----Epoch 19/49-----
03-04 14:10:54 current lr: 0.0342063
03-04 14:10:54 Saved best checkpoint to ./checkpoint\SSF_JNU_0304-141023\best_pt (val_loss=-0.9742)
03-04 14:10:54 Epoch 019 Train loss -0.9782 | Val loss -0.9742
03-04 14:10:54 -----Epoch 20/49-----
03-04 14:10:54 current lr: 0.0327289
03-04 14:10:54 Saved best checkpoint to ./checkpoint\SSF_JNU_0304-141023\best_pt (val_loss=-0.9756)
03-04 14:10:54 Epoch 020 Train loss -0.9795 | Val loss -0.9756
03-04 14:10:54 -----Epoch 21/49-----
03-04 14:10:54 current lr: 0.031221
03-04 14:10:54 No improvement in val_loss for 1/10 epochs.
03-04 14:10:54 Epoch 021 Train loss -0.9792 | Val loss -0.9738
03-04 14:10:54 -----Epoch 22/49-----
03-04 14:10:55 current lr: 0.0296886
03-04 14:10:55 No improvement in val_loss for 2/10 epochs.
03-04 14:10:55 Epoch 022 Train loss -0.9766 | Val loss -0.9686
03-04 14:10:55 -----Epoch 23/49-----
03-04 14:10:55 current lr: 0.0281377
03-04 14:10:55 No improvement in val_loss for 3/10 epochs.
03-04 14:10:55 Epoch 023 Train loss -0.9731 | Val loss -0.9649
03-04 14:10:55 -----Epoch 24/49-----
03-04 14:10:55 current lr: 0.0265744
03-04 14:10:55 No improvement in val_loss for 4/10 epochs.
03-04 14:10:55 Epoch 024 Train loss -0.9713 | Val loss -0.9647
03-04 14:10:55 -----Epoch 25/49-----
03-04 14:10:56 current lr: 0.025005
03-04 14:10:56 No improvement in val_loss for 5/10 epochs.
03-04 14:10:56 Epoch 025 Train loss -0.9715 | Val loss -0.9656
03-04 14:10:56 -----Epoch 26/49-----
03-04 14:10:56 current lr: 0.0234356
03-04 14:10:56 No improvement in val_loss for 6/10 epochs.
03-04 14:10:56 Epoch 026 Train loss -0.9724 | Val loss -0.9671
03-04 14:10:56 -----Epoch 27/49-----
03-04 14:10:56 current lr: 0.0218723
03-04 14:10:56 No improvement in val_loss for 7/10 epochs.
03-04 14:10:56 Epoch 027 Train loss -0.9739 | Val loss -0.9692
03-04 14:10:56 -----Epoch 28/49-----
03-04 14:10:57 current lr: 0.0203214
03-04 14:10:57 No improvement in val_loss for 8/10 epochs.
03-04 14:10:57 Epoch 028 Train loss -0.9756 | Val loss -0.9716
03-04 14:10:57 -----Epoch 29/49-----
03-04 14:10:57 current lr: 0.018789
03-04 14:10:57 No improvement in val_loss for 9/10 epochs.
03-04 14:10:57 Epoch 029 Train loss -0.9776 | Val loss -0.9738
03-04 14:10:57 -----Epoch 30/49-----
03-04 14:10:57 current lr: 0.0172811
03-04 14:10:57 No improvement in val_loss for 10/10 epochs.
03-04 14:10:57 Early stopping at epoch 30 (best val_loss=-0.9756).
03-04 14:10:57 TEST (last): loss -0.9758
03-04 14:10:58 Loaded best checkpoint from ./checkpoint\SSF_JNU_0304-141023\best_pt (val_loss=-0.9756265687942505)
03-04 14:10:58 TEST (best): loss -0.9764
03-04 14:10:58 [LP epoch 00] train_loss=1.5222 train_acc=0.3250 | val_loss=1.4155 val_acc=0.2500 | 
03-04 14:10:58 [LP epoch 01] train_loss=1.4591 train_acc=0.4000 | val_loss=1.4099 val_acc=0.2500 | 
03-04 14:10:58 [LP epoch 02] train_loss=1.4051 train_acc=0.3500 | val_loss=1.4041 val_acc=0.2500 | 
03-04 14:10:58 [LP epoch 03] train_loss=1.3592 train_acc=0.3000 | val_loss=1.3970 val_acc=0.2500 | 
03-04 14:10:58 [LP epoch 04] train_loss=1.3255 train_acc=0.3500 | val_loss=1.3888 val_acc=0.2500 | 
03-04 14:10:58 [LP epoch 05] train_loss=1.3012 train_acc=0.4500 | val_loss=1.3799 val_acc=0.2500 | 
03-04 14:10:59 [LP epoch 06] train_loss=1.2822 train_acc=0.4500 | val_loss=1.3703 val_acc=0.2500 | 
03-04 14:10:59 [LP epoch 07] train_loss=1.2667 train_acc=0.4500 | val_loss=1.3598 val_acc=0.2725 | 
03-04 14:10:59 [LP epoch 08] train_loss=1.2537 train_acc=0.4500 | val_loss=1.3485 val_acc=0.2725 | 
03-04 14:10:59 [LP epoch 09] train_loss=1.2424 train_acc=0.4750 | val_loss=1.3364 val_acc=0.3000 | 
03-04 14:10:59 [LP epoch 10] train_loss=1.2324 train_acc=0.5000 | val_loss=1.3240 val_acc=0.3150 | 
03-04 14:10:59 [LP epoch 11] train_loss=1.2235 train_acc=0.5000 | val_loss=1.3119 val_acc=0.3225 | 
03-04 14:10:59 [LP epoch 12] train_loss=1.2155 train_acc=0.5000 | val_loss=1.3003 val_acc=0.3650 | 
03-04 14:11:00 [LP epoch 13] train_loss=1.2080 train_acc=0.5000 | val_loss=1.2897 val_acc=0.4050 | 
03-04 14:11:00 [LP epoch 14] train_loss=1.2014 train_acc=0.5000 | val_loss=1.2802 val_acc=0.4300 | 
03-04 14:11:00 [LP epoch 15] train_loss=1.1954 train_acc=0.5000 | val_loss=1.2720 val_acc=0.4375 | 
03-04 14:11:00 [LP epoch 16] train_loss=1.1900 train_acc=0.5000 | val_loss=1.2652 val_acc=0.4375 | 
03-04 14:11:00 [LP epoch 17] train_loss=1.1850 train_acc=0.5000 | val_loss=1.2601 val_acc=0.4400 | 
