03-10 13:45:24 model_name: SSF
03-10 13:45:24 data_name: SEU
03-10 13:45:24 aug_1: randomcrop
03-10 13:45:24 aug_2: scale
03-10 13:45:24 max_epoch: 20
03-10 13:45:24 classifier_epoch: 50
03-10 13:45:24 data_view: TwoViewDataset
03-10 13:45:24 cuda_device: 0
03-10 13:45:24 checkpoint_dir: ./anomaly_detection
03-10 13:45:24 batch_size: 64
03-10 13:45:24 data_dir: raw_data/SEU/gearbox
03-10 13:45:24 out_channel: 5
03-10 13:45:24 normlizetype: minus_one_one
03-10 13:45:24 processing_type: O_N
03-10 13:45:24 opt: sgd
03-10 13:45:24 lr: 0.05
03-10 13:45:24 momentum: 0.9
03-10 13:45:24 weight_decay: 0.0001
03-10 13:45:24 lr_scheduler: cos
03-10 13:45:24 gamma: 0.95
03-10 13:45:24 eta_min: 1e-05
03-10 13:45:24 latent_space: 192
03-10 13:45:24 num_blocks_ssf: 5
03-10 13:45:24 hidden_channel: 128
03-10 13:45:24 task: self_supervised
03-10 13:45:24 critetion: <class 'utils.loss_SSL.SimSiamLoss'>
03-10 13:45:24 using 1 gpus
03-10 13:45:24 Dataset class: <class 'data_utils.datasets.SEU.SEU'>
03-10 13:46:39 Split sizes: train=122 val=41 test=428, classier=429
03-10 13:46:39 Label counts train: Counter({0: 122})
03-10 13:46:39 Label counts val:   Counter({0: 41})
03-10 13:46:39 Label counts test:  Counter({2: 102, 1: 102, 4: 102, 3: 102, 0: 20})
03-10 13:46:39 Label counts classifier:  Counter({2: 102, 4: 102, 3: 102, 1: 102, 0: 21})
03-10 13:46:41 -----Epoch 0/19-----
03-10 13:46:41 current lr: 0.05
03-10 13:46:41 Saved best checkpoint to ./anomaly_detection\SSF_SEU_0310-134524\best_pt (val_loss=-0.1787)
03-10 13:46:41 Epoch 000 Train loss -0.0542 | Val loss -0.1787
03-10 13:46:41 -----Epoch 1/19-----
03-10 13:46:41 current lr: 0.0496923
03-10 13:46:42 Saved best checkpoint to ./anomaly_detection\SSF_SEU_0310-134524\best_pt (val_loss=-0.4344)
03-10 13:46:42 Epoch 001 Train loss -0.4716 | Val loss -0.4344
03-10 13:46:42 -----Epoch 2/19-----
03-10 13:46:42 current lr: 0.0487767
03-10 13:46:42 Saved best checkpoint to ./anomaly_detection\SSF_SEU_0310-134524\best_pt (val_loss=-0.5760)
03-10 13:46:42 Epoch 002 Train loss -0.7728 | Val loss -0.5760
03-10 13:46:42 -----Epoch 3/19-----
03-10 13:46:42 current lr: 0.0472757
03-10 13:46:42 Saved best checkpoint to ./anomaly_detection\SSF_SEU_0310-134524\best_pt (val_loss=-0.6437)
03-10 13:46:42 Epoch 003 Train loss -0.8838 | Val loss -0.6437
03-10 13:46:42 -----Epoch 4/19-----
03-10 13:46:42 current lr: 0.0452264
03-10 13:46:42 Saved best checkpoint to ./anomaly_detection\SSF_SEU_0310-134524\best_pt (val_loss=-0.7015)
03-10 13:46:42 Epoch 004 Train loss -0.9209 | Val loss -0.7015
03-10 13:46:42 -----Epoch 5/19-----
03-10 13:46:42 current lr: 0.0426791
03-10 13:46:42 Saved best checkpoint to ./anomaly_detection\SSF_SEU_0310-134524\best_pt (val_loss=-0.7593)
03-10 13:46:42 Epoch 005 Train loss -0.9331 | Val loss -0.7593
03-10 13:46:42 -----Epoch 6/19-----
03-10 13:46:42 current lr: 0.0396967
03-10 13:46:42 Saved best checkpoint to ./anomaly_detection\SSF_SEU_0310-134524\best_pt (val_loss=-0.8135)
03-10 13:46:42 Epoch 006 Train loss -0.9389 | Val loss -0.8135
03-10 13:46:42 -----Epoch 7/19-----
03-10 13:46:42 current lr: 0.0363525
03-10 13:46:42 Saved best checkpoint to ./anomaly_detection\SSF_SEU_0310-134524\best_pt (val_loss=-0.8603)
03-10 13:46:42 Epoch 007 Train loss -0.9433 | Val loss -0.8603
03-10 13:46:42 -----Epoch 8/19-----
03-10 13:46:42 current lr: 0.0327289
03-10 13:46:42 Saved best checkpoint to ./anomaly_detection\SSF_SEU_0310-134524\best_pt (val_loss=-0.8959)
03-10 13:46:42 Epoch 008 Train loss -0.9469 | Val loss -0.8959
03-10 13:46:42 -----Epoch 9/19-----
03-10 13:46:43 current lr: 0.0289151
03-10 13:46:43 Saved best checkpoint to ./anomaly_detection\SSF_SEU_0310-134524\best_pt (val_loss=-0.9207)
03-10 13:46:43 Epoch 009 Train loss -0.9497 | Val loss -0.9207
03-10 13:46:43 -----Epoch 10/19-----
03-10 13:46:43 current lr: 0.025005
03-10 13:46:43 Saved best checkpoint to ./anomaly_detection\SSF_SEU_0310-134524\best_pt (val_loss=-0.9369)
03-10 13:46:43 Epoch 010 Train loss -0.9525 | Val loss -0.9369
03-10 13:46:43 -----Epoch 11/19-----
03-10 13:46:43 current lr: 0.0210949
03-10 13:46:43 Saved best checkpoint to ./anomaly_detection\SSF_SEU_0310-134524\best_pt (val_loss=-0.9473)
03-10 13:46:43 Epoch 011 Train loss -0.9549 | Val loss -0.9473
03-10 13:46:43 -----Epoch 12/19-----
03-10 13:46:43 current lr: 0.0172811
03-10 13:46:43 Saved best checkpoint to ./anomaly_detection\SSF_SEU_0310-134524\best_pt (val_loss=-0.9539)
03-10 13:46:43 Epoch 012 Train loss -0.9569 | Val loss -0.9539
03-10 13:46:43 -----Epoch 13/19-----
03-10 13:46:43 current lr: 0.0136575
03-10 13:46:43 Saved best checkpoint to ./anomaly_detection\SSF_SEU_0310-134524\best_pt (val_loss=-0.9582)
03-10 13:46:43 Epoch 013 Train loss -0.9587 | Val loss -0.9582
03-10 13:46:43 -----Epoch 14/19-----
03-10 13:46:43 current lr: 0.0103133
03-10 13:46:43 Saved best checkpoint to ./anomaly_detection\SSF_SEU_0310-134524\best_pt (val_loss=-0.9609)
03-10 13:46:43 Epoch 014 Train loss -0.9598 | Val loss -0.9609
03-10 13:46:43 -----Epoch 15/19-----
03-10 13:46:44 current lr: 0.00733087
03-10 13:46:44 Saved best checkpoint to ./anomaly_detection\SSF_SEU_0310-134524\best_pt (val_loss=-0.9626)
03-10 13:46:44 Epoch 015 Train loss -0.9610 | Val loss -0.9626
03-10 13:46:44 -----Epoch 16/19-----
03-10 13:46:44 current lr: 0.00478362
03-10 13:46:44 Saved best checkpoint to ./anomaly_detection\SSF_SEU_0310-134524\best_pt (val_loss=-0.9636)
03-10 13:46:44 Epoch 016 Train loss -0.9617 | Val loss -0.9636
03-10 13:46:44 -----Epoch 17/19-----
03-10 13:46:44 current lr: 0.00273429
03-10 13:46:44 Saved best checkpoint to ./anomaly_detection\SSF_SEU_0310-134524\best_pt (val_loss=-0.9641)
03-10 13:46:44 Epoch 017 Train loss -0.9622 | Val loss -0.9641
03-10 13:46:44 -----Epoch 18/19-----
03-10 13:46:44 current lr: 0.00123334
03-10 13:46:44 Saved best checkpoint to ./anomaly_detection\SSF_SEU_0310-134524\best_pt (val_loss=-0.9644)
03-10 13:46:44 Epoch 018 Train loss -0.9626 | Val loss -0.9644
03-10 13:46:44 -----Epoch 19/19-----
03-10 13:46:44 current lr: 0.00031773
03-10 13:46:44 Saved best checkpoint to ./anomaly_detection\SSF_SEU_0310-134524\best_pt (val_loss=-0.9645)
03-10 13:46:44 Epoch 019 Train loss -0.9627 | Val loss -0.9645
03-10 13:46:44 TEST (last): loss -0.9461
03-10 13:46:44 Loaded best checkpoint from ./anomaly_detection\SSF_SEU_0310-134524\best_pt (val_loss=-0.9645165801048279)
03-10 13:46:44 TEST (best): loss -0.9461
03-10 13:46:45 [LP epoch 00] train_loss=1.5661 train_acc=0.3054 | val_loss=1.7251 val_acc=0.0000 | 
03-10 13:46:45 [LP epoch 01] train_loss=1.3961 train_acc=0.4988 | val_loss=1.8767 val_acc=0.0000 | 
03-10 13:46:45 [LP epoch 02] train_loss=1.2902 train_acc=0.6340 | val_loss=1.9886 val_acc=0.0000 | 
03-10 13:46:46 [LP epoch 03] train_loss=1.1730 train_acc=0.6900 | val_loss=1.9367 val_acc=0.0000 | 
03-10 13:46:46 [LP epoch 04] train_loss=1.1074 train_acc=0.7249 | val_loss=1.7842 val_acc=0.0732 | 
03-10 13:46:46 [LP epoch 05] train_loss=1.0474 train_acc=0.7226 | val_loss=1.8327 val_acc=0.0732 | 
03-10 13:46:46 [LP epoch 06] train_loss=0.9978 train_acc=0.7413 | val_loss=1.8244 val_acc=0.1463 | 
03-10 13:46:46 [LP epoch 07] train_loss=0.9431 train_acc=0.7646 | val_loss=1.6698 val_acc=0.1707 | 
03-10 13:46:47 [LP epoch 08] train_loss=0.9039 train_acc=0.7949 | val_loss=1.5385 val_acc=0.2195 | 
03-10 13:46:47 [LP epoch 09] train_loss=0.8787 train_acc=0.7879 | val_loss=1.5484 val_acc=0.2683 | 
03-10 13:46:47 [LP epoch 10] train_loss=0.8526 train_acc=0.8065 | val_loss=1.5616 val_acc=0.3659 | 
03-10 13:46:47 [LP epoch 11] train_loss=0.8527 train_acc=0.8042 | val_loss=1.3944 val_acc=0.4634 | 
03-10 13:46:47 [LP epoch 12] train_loss=0.8239 train_acc=0.8345 | val_loss=1.4608 val_acc=0.3171 | 
03-10 13:46:48 [LP epoch 13] train_loss=0.8165 train_acc=0.8205 | val_loss=1.4280 val_acc=0.4390 | 
03-10 13:46:48 [LP epoch 14] train_loss=0.8133 train_acc=0.8065 | val_loss=1.4320 val_acc=0.4878 | 
03-10 13:46:48 [LP epoch 15] train_loss=0.8170 train_acc=0.7902 | val_loss=1.2273 val_acc=0.6341 | 
03-10 13:46:48 [LP epoch 16] train_loss=0.7995 train_acc=0.8275 | val_loss=1.3749 val_acc=0.5122 | 
03-10 13:46:49 [LP epoch 17] train_loss=0.7789 train_acc=0.8531 | val_loss=1.3114 val_acc=0.4634 | 
03-10 13:46:49 [LP epoch 18] train_loss=0.7464 train_acc=0.8392 | val_loss=1.1635 val_acc=0.6829 | 
03-10 13:46:49 [LP epoch 19] train_loss=0.7647 train_acc=0.8508 | val_loss=1.1973 val_acc=0.5854 | 
03-10 13:46:49 [LP epoch 20] train_loss=0.7579 train_acc=0.8368 | val_loss=1.2681 val_acc=0.5854 | 
03-10 13:46:49 [LP epoch 21] train_loss=0.7373 train_acc=0.8508 | val_loss=1.2918 val_acc=0.5610 | 
03-10 13:46:50 [LP epoch 22] train_loss=0.7250 train_acc=0.8531 | val_loss=1.0702 val_acc=0.7073 | 
03-10 13:46:50 [LP epoch 23] train_loss=0.7144 train_acc=0.8695 | val_loss=1.1489 val_acc=0.7073 | 
03-10 13:46:50 [LP epoch 24] train_loss=0.7127 train_acc=0.8508 | val_loss=1.4205 val_acc=0.5366 | 
03-10 13:46:50 [LP epoch 25] train_loss=0.7081 train_acc=0.8415 | val_loss=1.1969 val_acc=0.5366 | 
03-10 13:46:51 [LP epoch 26] train_loss=0.7360 train_acc=0.8322 | val_loss=1.1816 val_acc=0.7561 | 
03-10 13:46:51 [LP epoch 27] train_loss=0.7040 train_acc=0.8671 | val_loss=1.2773 val_acc=0.5366 | 
03-10 13:46:51 [LP epoch 28] train_loss=0.6833 train_acc=0.8718 | val_loss=1.0814 val_acc=0.7317 | 
03-10 13:46:51 [LP epoch 29] train_loss=0.6695 train_acc=0.8951 | val_loss=1.0955 val_acc=0.6829 | 
03-10 13:46:51 [LP epoch 30] train_loss=0.6933 train_acc=0.8718 | val_loss=1.0803 val_acc=0.7561 | 
03-10 13:46:52 [LP epoch 31] train_loss=0.6937 train_acc=0.8741 | val_loss=0.9756 val_acc=0.7317 | 
03-10 13:46:52 [LP epoch 32] train_loss=0.6981 train_acc=0.8625 | val_loss=1.1038 val_acc=0.6829 | 
03-10 13:46:52 [LP epoch 33] train_loss=0.6901 train_acc=0.8788 | val_loss=1.2011 val_acc=0.7317 | 
03-10 13:46:52 [LP epoch 34] train_loss=0.6632 train_acc=0.8834 | val_loss=1.1478 val_acc=0.7561 | 
03-10 13:46:53 [LP epoch 35] train_loss=0.6601 train_acc=0.8858 | val_loss=0.9832 val_acc=0.6829 | 
03-10 13:46:53 [LP epoch 36] train_loss=0.6795 train_acc=0.8904 | val_loss=1.0211 val_acc=0.7561 | 
03-10 13:46:53 [LP epoch 37] train_loss=0.6766 train_acc=0.8858 | val_loss=1.0756 val_acc=0.7073 | 
03-10 13:46:53 [LP epoch 38] train_loss=0.6662 train_acc=0.8811 | val_loss=1.2047 val_acc=0.6341 | 
03-10 13:46:54 [LP epoch 39] train_loss=0.6765 train_acc=0.8765 | val_loss=1.0766 val_acc=0.6829 | 
03-10 13:46:54 [LP epoch 40] train_loss=0.6569 train_acc=0.9114 | val_loss=1.1100 val_acc=0.7317 | 
03-10 13:46:54 [LP epoch 41] train_loss=0.6398 train_acc=0.8904 | val_loss=1.0188 val_acc=0.7561 | 
03-10 13:46:54 [LP epoch 42] train_loss=0.6469 train_acc=0.8881 | val_loss=0.9745 val_acc=0.7073 | 
03-10 13:46:54 [LP epoch 43] train_loss=0.6257 train_acc=0.9091 | val_loss=1.1165 val_acc=0.7317 | 
03-10 13:46:55 [LP epoch 44] train_loss=0.6302 train_acc=0.9044 | val_loss=1.0886 val_acc=0.6585 | 
03-10 13:46:55 [LP epoch 45] train_loss=0.6410 train_acc=0.9021 | val_loss=1.0893 val_acc=0.7317 | 
03-10 13:46:55 [LP epoch 46] train_loss=0.6653 train_acc=0.8834 | val_loss=1.1109 val_acc=0.6829 | 
03-10 13:46:55 [LP epoch 47] train_loss=0.6447 train_acc=0.8998 | val_loss=1.0604 val_acc=0.6829 | 
03-10 13:46:55 [LP epoch 48] train_loss=0.6399 train_acc=0.9114 | val_loss=0.9945 val_acc=0.7317 | 
03-10 13:46:56 [LP epoch 49] train_loss=0.6139 train_acc=0.9091 | val_loss=1.0150 val_acc=0.7073 | 
03-10 13:46:56 Saved linear-probe checkpoint: ./anomaly_detection\SSF_SEU_0310-134524\linear_probe_best.pt (best_val_acc=0.7561)
03-10 13:46:56 TEST linear-probe: loss=0.7867 acc=0.8084
