02-24 11:11:46 model_name: SSF
02-24 11:11:46 data_name: CWRU
02-24 11:11:46 aug_1: normal
02-24 11:11:46 aug_2: randomcrop
02-24 11:11:46 max_epoch: 20
02-24 11:11:46 classifier_epoch: 50
02-24 11:11:46 data_view: TwoViewDataset
02-24 11:11:46 cuda_device: 0
02-24 11:11:46 checkpoint_dir: ./checkpoint
02-24 11:11:46 batch_size: 32
02-24 11:11:46 data_dir: raw_data/CWRU
02-24 11:11:46 out_channel: 4
02-24 11:11:46 normlizetype: minus_one_one
02-24 11:11:46 processing_type: RA
02-24 11:11:46 opt: sgd
02-24 11:11:46 lr: 0.01
02-24 11:11:46 momentum: 0.9
02-24 11:11:46 weight_decay: 1e-05
02-24 11:11:46 lr_scheduler: cos
02-24 11:11:46 gamma: 0.1
02-24 11:11:46 eta_min: 1e-05
02-24 11:11:46 latent_space: 256
02-24 11:11:46 task: self_supervised
02-24 11:11:46 critetion: <class 'utils.loss_SSL.SimSiamLoss'>
02-24 11:11:46 using 1 gpus
02-24 11:11:46 Dataset class: <class 'data_utils.datasets.CWRU.CWRU'>
02-24 11:11:46 Split sizes: train=2156 val=231 test=462, classier=231
02-24 11:11:46 Label counts train: Counter({0: 1159, 1: 333, 3: 333, 2: 331})
02-24 11:11:46 Label counts val:   Counter({0: 124, 1: 36, 3: 36, 2: 35})
02-24 11:11:46 Label counts test:  Counter({0: 249, 2: 71, 3: 71, 1: 71})
02-24 11:11:46 Label counts classifier:  Counter({0: 124, 2: 36, 1: 36, 3: 35})
02-24 11:11:47 -----Epoch 0/19-----
02-24 11:11:50 current lr: 0.01
02-24 11:11:50 Saved best checkpoint to ./checkpoint\SSF_CWRU_0224-111146\best_pt (val_loss=-0.3266)
02-24 11:11:50 Epoch 000 Train loss -0.1686 | Val loss -0.3266
02-24 11:11:50 -----Epoch 1/19-----
02-24 11:11:52 current lr: 0.0099385
02-24 11:11:52 Saved best checkpoint to ./checkpoint\SSF_CWRU_0224-111146\best_pt (val_loss=-0.5893)
02-24 11:11:52 Epoch 001 Train loss -0.4661 | Val loss -0.5893
02-24 11:11:52 -----Epoch 2/19-----
02-24 11:11:53 current lr: 0.00975553
02-24 11:11:53 Saved best checkpoint to ./checkpoint\SSF_CWRU_0224-111146\best_pt (val_loss=-0.7459)
02-24 11:11:53 Epoch 002 Train loss -0.6770 | Val loss -0.7459
02-24 11:11:53 -----Epoch 3/19-----
02-24 11:11:55 current lr: 0.00945558
02-24 11:11:55 Saved best checkpoint to ./checkpoint\SSF_CWRU_0224-111146\best_pt (val_loss=-0.8239)
02-24 11:11:55 Epoch 003 Train loss -0.7907 | Val loss -0.8239
02-24 11:11:55 -----Epoch 4/19-----
02-24 11:11:57 current lr: 0.00904604
02-24 11:11:57 Saved best checkpoint to ./checkpoint\SSF_CWRU_0224-111146\best_pt (val_loss=-0.8651)
02-24 11:11:57 Epoch 004 Train loss -0.8473 | Val loss -0.8651
02-24 11:11:57 -----Epoch 5/19-----
02-24 11:11:58 current lr: 0.008537
02-24 11:11:58 Saved best checkpoint to ./checkpoint\SSF_CWRU_0224-111146\best_pt (val_loss=-0.8885)
02-24 11:11:58 Epoch 005 Train loss -0.8783 | Val loss -0.8885
02-24 11:11:58 -----Epoch 6/19-----
02-24 11:12:00 current lr: 0.00794099
02-24 11:12:00 Saved best checkpoint to ./checkpoint\SSF_CWRU_0224-111146\best_pt (val_loss=-0.9035)
02-24 11:12:00 Epoch 006 Train loss -0.8967 | Val loss -0.9035
02-24 11:12:00 -----Epoch 7/19-----
02-24 11:12:01 current lr: 0.00727268
02-24 11:12:01 Saved best checkpoint to ./checkpoint\SSF_CWRU_0224-111146\best_pt (val_loss=-0.9138)
02-24 11:12:01 Epoch 007 Train loss -0.9090 | Val loss -0.9138
02-24 11:12:01 -----Epoch 8/19-----
02-24 11:12:03 current lr: 0.00654854
02-24 11:12:03 Saved best checkpoint to ./checkpoint\SSF_CWRU_0224-111146\best_pt (val_loss=-0.9211)
02-24 11:12:03 Epoch 008 Train loss -0.9176 | Val loss -0.9211
02-24 11:12:03 -----Epoch 9/19-----
02-24 11:12:04 current lr: 0.00578639
02-24 11:12:04 Saved best checkpoint to ./checkpoint\SSF_CWRU_0224-111146\best_pt (val_loss=-0.9266)
02-24 11:12:04 Epoch 009 Train loss -0.9238 | Val loss -0.9266
02-24 11:12:04 -----Epoch 10/19-----
02-24 11:12:06 current lr: 0.005005
02-24 11:12:06 Saved best checkpoint to ./checkpoint\SSF_CWRU_0224-111146\best_pt (val_loss=-0.9306)
02-24 11:12:06 Epoch 010 Train loss -0.9284 | Val loss -0.9306
02-24 11:12:06 -----Epoch 11/19-----
02-24 11:12:07 current lr: 0.00422361
02-24 11:12:08 Saved best checkpoint to ./checkpoint\SSF_CWRU_0224-111146\best_pt (val_loss=-0.9337)
02-24 11:12:08 Epoch 011 Train loss -0.9318 | Val loss -0.9337
02-24 11:12:08 -----Epoch 12/19-----
02-24 11:12:09 current lr: 0.00346146
02-24 11:12:09 Saved best checkpoint to ./checkpoint\SSF_CWRU_0224-111146\best_pt (val_loss=-0.9359)
02-24 11:12:09 Epoch 012 Train loss -0.9344 | Val loss -0.9359
02-24 11:12:09 -----Epoch 13/19-----
02-24 11:12:11 current lr: 0.00273732
02-24 11:12:11 Saved best checkpoint to ./checkpoint\SSF_CWRU_0224-111146\best_pt (val_loss=-0.9375)
02-24 11:12:11 Epoch 013 Train loss -0.9363 | Val loss -0.9375
02-24 11:12:11 -----Epoch 14/19-----
02-24 11:12:13 current lr: 0.00206901
02-24 11:12:13 Saved best checkpoint to ./checkpoint\SSF_CWRU_0224-111146\best_pt (val_loss=-0.9386)
02-24 11:12:13 Epoch 014 Train loss -0.9376 | Val loss -0.9386
02-24 11:12:13 -----Epoch 15/19-----
02-24 11:12:15 current lr: 0.001473
02-24 11:12:15 Saved best checkpoint to ./checkpoint\SSF_CWRU_0224-111146\best_pt (val_loss=-0.9394)
02-24 11:12:15 Epoch 015 Train loss -0.9386 | Val loss -0.9394
02-24 11:12:15 -----Epoch 16/19-----
02-24 11:12:16 current lr: 0.00096396
02-24 11:12:16 Saved best checkpoint to ./checkpoint\SSF_CWRU_0224-111146\best_pt (val_loss=-0.9399)
02-24 11:12:16 Epoch 016 Train loss -0.9392 | Val loss -0.9399
02-24 11:12:16 -----Epoch 17/19-----
02-24 11:12:18 current lr: 0.000554422
02-24 11:12:18 Saved best checkpoint to ./checkpoint\SSF_CWRU_0224-111146\best_pt (val_loss=-0.9402)
02-24 11:12:18 Epoch 017 Train loss -0.9396 | Val loss -0.9402
02-24 11:12:18 -----Epoch 18/19-----
02-24 11:12:20 current lr: 0.000254473
02-24 11:12:20 Saved best checkpoint to ./checkpoint\SSF_CWRU_0224-111146\best_pt (val_loss=-0.9403)
02-24 11:12:20 Epoch 018 Train loss -0.9398 | Val loss -0.9403
02-24 11:12:20 -----Epoch 19/19-----
02-24 11:12:22 current lr: 7.14967e-05
02-24 11:12:22 Saved best checkpoint to ./checkpoint\SSF_CWRU_0224-111146\best_pt (val_loss=-0.9403)
02-24 11:12:22 Epoch 019 Train loss -0.9398 | Val loss -0.9403
02-24 11:12:22 TEST (last): loss -0.9395
02-24 11:12:22 [LP epoch 00] train_loss=0.8073 train_acc=0.7662 | val_loss=300.0689 val_acc=0.5368 | 
02-24 11:12:23 [LP epoch 01] train_loss=0.2478 train_acc=0.9567 | val_loss=262.7076 val_acc=0.5368 | 
02-24 11:12:23 [LP epoch 02] train_loss=0.1119 train_acc=0.9913 | val_loss=200.1294 val_acc=0.6840 | 
02-24 11:12:23 [LP epoch 03] train_loss=0.0605 train_acc=0.9957 | val_loss=119.9115 val_acc=0.7013 | 
02-24 11:12:23 [LP epoch 04] train_loss=0.0338 train_acc=1.0000 | val_loss=37.0412 val_acc=0.9784 | 
02-24 11:12:23 [LP epoch 05] train_loss=0.0246 train_acc=1.0000 | val_loss=12.7939 val_acc=0.9957 | 
02-24 11:12:24 [LP epoch 06] train_loss=0.0109 train_acc=1.0000 | val_loss=9.9171 val_acc=0.9957 | 
02-24 11:12:24 [LP epoch 07] train_loss=0.0068 train_acc=1.0000 | val_loss=8.4023 val_acc=0.9957 | 
02-24 11:12:24 [LP epoch 08] train_loss=0.0048 train_acc=1.0000 | val_loss=7.8467 val_acc=0.9957 | 
02-24 11:12:24 [LP epoch 09] train_loss=0.0037 train_acc=1.0000 | val_loss=7.7442 val_acc=0.9957 | 
02-24 11:12:25 [LP epoch 10] train_loss=0.0030 train_acc=1.0000 | val_loss=7.7938 val_acc=0.9957 | 
02-24 11:12:25 [LP epoch 11] train_loss=0.0025 train_acc=1.0000 | val_loss=7.8554 val_acc=0.9957 | 
02-24 11:12:25 [LP epoch 12] train_loss=0.0022 train_acc=1.0000 | val_loss=7.9376 val_acc=0.9957 | 
02-24 11:12:25 [LP epoch 13] train_loss=0.0019 train_acc=1.0000 | val_loss=8.0371 val_acc=0.9957 | 
02-24 11:12:26 [LP epoch 14] train_loss=0.0017 train_acc=1.0000 | val_loss=8.1326 val_acc=0.9957 | 
02-24 11:12:26 [LP epoch 15] train_loss=0.0016 train_acc=1.0000 | val_loss=8.2185 val_acc=0.9957 | 
02-24 11:12:26 [LP epoch 16] train_loss=0.0014 train_acc=1.0000 | val_loss=8.3034 val_acc=0.9957 | 
02-24 11:12:26 [LP epoch 17] train_loss=0.0013 train_acc=1.0000 | val_loss=8.3858 val_acc=0.9957 | 
02-24 11:12:27 [LP epoch 18] train_loss=0.0012 train_acc=1.0000 | val_loss=8.4625 val_acc=0.9957 | 
02-24 11:12:27 [LP epoch 19] train_loss=0.0011 train_acc=1.0000 | val_loss=8.5261 val_acc=0.9957 | 
02-24 11:12:27 [LP epoch 20] train_loss=0.0010 train_acc=1.0000 | val_loss=8.5953 val_acc=0.9957 | 
02-24 11:12:27 [LP epoch 21] train_loss=0.0010 train_acc=1.0000 | val_loss=8.6593 val_acc=0.9957 | 
02-24 11:12:28 [LP epoch 22] train_loss=0.0009 train_acc=1.0000 | val_loss=8.7189 val_acc=0.9957 | 
02-24 11:12:28 [LP epoch 23] train_loss=0.0008 train_acc=1.0000 | val_loss=8.7756 val_acc=0.9957 | 
02-24 11:12:28 [LP epoch 24] train_loss=0.0008 train_acc=1.0000 | val_loss=8.8310 val_acc=0.9957 | 
02-24 11:12:28 [LP epoch 25] train_loss=0.0007 train_acc=1.0000 | val_loss=8.8819 val_acc=0.9957 | 
02-24 11:12:29 [LP epoch 26] train_loss=0.0007 train_acc=1.0000 | val_loss=8.9338 val_acc=0.9957 | 
02-24 11:12:29 [LP epoch 27] train_loss=0.0007 train_acc=1.0000 | val_loss=8.9823 val_acc=0.9957 | 
02-24 11:12:29 [LP epoch 28] train_loss=0.0006 train_acc=1.0000 | val_loss=9.0295 val_acc=0.9957 | 
02-24 11:12:29 [LP epoch 29] train_loss=0.0006 train_acc=1.0000 | val_loss=9.0760 val_acc=0.9957 | 
02-24 11:12:30 [LP epoch 30] train_loss=0.0006 train_acc=1.0000 | val_loss=9.1192 val_acc=0.9957 | 
02-24 11:12:30 [LP epoch 31] train_loss=0.0005 train_acc=1.0000 | val_loss=9.1613 val_acc=0.9957 | 
02-24 11:12:30 [LP epoch 32] train_loss=0.0005 train_acc=1.0000 | val_loss=9.2063 val_acc=0.9957 | 
02-24 11:12:30 [LP epoch 33] train_loss=0.0005 train_acc=1.0000 | val_loss=9.2470 val_acc=0.9957 | 
02-24 11:12:31 [LP epoch 34] train_loss=0.0005 train_acc=1.0000 | val_loss=9.2827 val_acc=0.9957 | 
02-24 11:12:31 [LP epoch 35] train_loss=0.0004 train_acc=1.0000 | val_loss=9.3216 val_acc=0.9957 | 
02-24 11:12:31 [LP epoch 36] train_loss=0.0004 train_acc=1.0000 | val_loss=9.3574 val_acc=0.9957 | 
02-24 11:12:31 [LP epoch 37] train_loss=0.0004 train_acc=1.0000 | val_loss=9.3916 val_acc=0.9957 | 
02-24 11:12:32 [LP epoch 38] train_loss=0.0004 train_acc=1.0000 | val_loss=9.4289 val_acc=0.9957 | 
02-24 11:12:32 [LP epoch 39] train_loss=0.0004 train_acc=1.0000 | val_loss=9.4668 val_acc=0.9957 | 
02-24 11:12:32 [LP epoch 40] train_loss=0.0004 train_acc=1.0000 | val_loss=9.5023 val_acc=0.9957 | 
02-24 11:12:32 [LP epoch 41] train_loss=0.0003 train_acc=1.0000 | val_loss=9.5307 val_acc=0.9957 | 
02-24 11:12:32 [LP epoch 42] train_loss=0.0003 train_acc=1.0000 | val_loss=9.5679 val_acc=0.9957 | 
02-24 11:12:33 [LP epoch 43] train_loss=0.0003 train_acc=1.0000 | val_loss=9.5969 val_acc=0.9957 | 
02-24 11:12:33 [LP epoch 44] train_loss=0.0003 train_acc=1.0000 | val_loss=9.6249 val_acc=0.9957 | 
02-24 11:12:33 [LP epoch 45] train_loss=0.0003 train_acc=1.0000 | val_loss=9.6595 val_acc=0.9957 | 
02-24 11:12:33 [LP epoch 46] train_loss=0.0003 train_acc=1.0000 | val_loss=9.6934 val_acc=0.9957 | 
02-24 11:12:34 [LP epoch 47] train_loss=0.0003 train_acc=1.0000 | val_loss=9.7221 val_acc=0.9957 | 
02-24 11:12:34 [LP epoch 48] train_loss=0.0003 train_acc=1.0000 | val_loss=9.7522 val_acc=0.9957 | 
02-24 11:12:34 [LP epoch 49] train_loss=0.0003 train_acc=1.0000 | val_loss=9.7800 val_acc=0.9957 | 
02-24 11:12:34 Saved linear-probe checkpoint: ./checkpoint\SSF_CWRU_0224-111146\linear_probe_best.pt (best_val_acc=0.9957)
02-24 11:12:34 TEST linear-probe: loss=0.0166 acc=0.9978
02-24 11:12:34 using 1 gpus
02-24 11:12:34 Dataset class: <class 'data_utils.datasets.CWRU.CWRU'>
02-24 11:12:34 Split sizes: train=2156 val=231 test=462, classier=231
02-24 11:12:34 Label counts train: Counter({0: 1159, 1: 333, 3: 333, 2: 331})
02-24 11:12:34 Label counts val:   Counter({0: 124, 1: 36, 3: 36, 2: 35})
02-24 11:12:34 Label counts test:  Counter({0: 249, 2: 71, 3: 71, 1: 71})
02-24 11:12:34 Label counts classifier:  Counter({0: 124, 2: 36, 1: 36, 3: 35})
02-24 11:12:34 -----Epoch 0/19-----
02-24 11:12:36 current lr: 0.01
02-24 11:12:36 Saved best checkpoint to ./checkpoint\SSF_CWRU_0224-111146\best_pt (val_loss=-0.3082)
02-24 11:12:36 Epoch 000 Train loss -0.1348 | Val loss -0.3082
02-24 11:12:36 -----Epoch 1/19-----
02-24 11:12:37 current lr: 0.0099385
02-24 11:12:38 Saved best checkpoint to ./checkpoint\SSF_CWRU_0224-111146\best_pt (val_loss=-0.5590)
02-24 11:12:38 Epoch 001 Train loss -0.4361 | Val loss -0.5590
02-24 11:12:38 -----Epoch 2/19-----
02-24 11:12:39 current lr: 0.00975553
02-24 11:12:39 Saved best checkpoint to ./checkpoint\SSF_CWRU_0224-111146\best_pt (val_loss=-0.7019)
02-24 11:12:39 Epoch 002 Train loss -0.6380 | Val loss -0.7019
02-24 11:12:39 -----Epoch 3/19-----
02-24 11:12:41 current lr: 0.00945558
02-24 11:12:41 Saved best checkpoint to ./checkpoint\SSF_CWRU_0224-111146\best_pt (val_loss=-0.7831)
02-24 11:12:41 Epoch 003 Train loss -0.7524 | Val loss -0.7831
02-24 11:12:41 -----Epoch 4/19-----
02-24 11:12:43 current lr: 0.00904604
02-24 11:12:43 Saved best checkpoint to ./checkpoint\SSF_CWRU_0224-111146\best_pt (val_loss=-0.8352)
02-24 11:12:43 Epoch 004 Train loss -0.8142 | Val loss -0.8352
02-24 11:12:43 -----Epoch 5/19-----
02-24 11:12:44 current lr: 0.008537
02-24 11:12:44 Saved best checkpoint to ./checkpoint\SSF_CWRU_0224-111146\best_pt (val_loss=-0.8631)
02-24 11:12:44 Epoch 005 Train loss -0.8509 | Val loss -0.8631
02-24 11:12:44 -----Epoch 6/19-----
02-24 11:12:45 current lr: 0.00794099
02-24 11:12:45 Saved best checkpoint to ./checkpoint\SSF_CWRU_0224-111146\best_pt (val_loss=-0.8817)
02-24 11:12:45 Epoch 006 Train loss -0.8732 | Val loss -0.8817
02-24 11:12:45 -----Epoch 7/19-----
02-24 11:12:47 current lr: 0.00727268
02-24 11:12:47 Saved best checkpoint to ./checkpoint\SSF_CWRU_0224-111146\best_pt (val_loss=-0.8950)
02-24 11:12:47 Epoch 007 Train loss -0.8887 | Val loss -0.8950
02-24 11:12:47 -----Epoch 8/19-----
02-24 11:12:49 current lr: 0.00654854
02-24 11:12:49 Saved best checkpoint to ./checkpoint\SSF_CWRU_0224-111146\best_pt (val_loss=-0.9044)
02-24 11:12:49 Epoch 008 Train loss -0.9002 | Val loss -0.9044
02-24 11:12:49 -----Epoch 9/19-----
02-24 11:12:51 current lr: 0.00578639
02-24 11:12:51 Saved best checkpoint to ./checkpoint\SSF_CWRU_0224-111146\best_pt (val_loss=-0.9118)
02-24 11:12:51 Epoch 009 Train loss -0.9087 | Val loss -0.9118
02-24 11:12:51 -----Epoch 10/19-----
02-24 11:12:52 current lr: 0.005005
02-24 11:12:52 Saved best checkpoint to ./checkpoint\SSF_CWRU_0224-111146\best_pt (val_loss=-0.9174)
02-24 11:12:52 Epoch 010 Train loss -0.9149 | Val loss -0.9174
02-24 11:12:52 -----Epoch 11/19-----
02-24 11:12:54 current lr: 0.00422361
02-24 11:12:54 Saved best checkpoint to ./checkpoint\SSF_CWRU_0224-111146\best_pt (val_loss=-0.9216)
02-24 11:12:54 Epoch 011 Train loss -0.9197 | Val loss -0.9216
02-24 11:12:54 -----Epoch 12/19-----
02-24 11:12:56 current lr: 0.00346146
02-24 11:12:56 Saved best checkpoint to ./checkpoint\SSF_CWRU_0224-111146\best_pt (val_loss=-0.9248)
02-24 11:12:56 Epoch 012 Train loss -0.9233 | Val loss -0.9248
02-24 11:12:56 -----Epoch 13/19-----
02-24 11:12:57 current lr: 0.00273732
02-24 11:12:57 Saved best checkpoint to ./checkpoint\SSF_CWRU_0224-111146\best_pt (val_loss=-0.9271)
02-24 11:12:57 Epoch 013 Train loss -0.9260 | Val loss -0.9271
02-24 11:12:57 -----Epoch 14/19-----
02-24 11:12:59 current lr: 0.00206901
02-24 11:12:59 Saved best checkpoint to ./checkpoint\SSF_CWRU_0224-111146\best_pt (val_loss=-0.9287)
02-24 11:12:59 Epoch 014 Train loss -0.9278 | Val loss -0.9287
02-24 11:12:59 -----Epoch 15/19-----
02-24 11:13:01 current lr: 0.001473
02-24 11:13:01 Saved best checkpoint to ./checkpoint\SSF_CWRU_0224-111146\best_pt (val_loss=-0.9299)
02-24 11:13:01 Epoch 015 Train loss -0.9292 | Val loss -0.9299
02-24 11:13:01 -----Epoch 16/19-----
02-24 11:13:02 current lr: 0.00096396
02-24 11:13:02 Saved best checkpoint to ./checkpoint\SSF_CWRU_0224-111146\best_pt (val_loss=-0.9306)
02-24 11:13:02 Epoch 016 Train loss -0.9301 | Val loss -0.9306
02-24 11:13:02 -----Epoch 17/19-----
02-24 11:13:04 current lr: 0.000554422
02-24 11:13:04 Saved best checkpoint to ./checkpoint\SSF_CWRU_0224-111146\best_pt (val_loss=-0.9310)
02-24 11:13:04 Epoch 017 Train loss -0.9306 | Val loss -0.9310
02-24 11:13:04 -----Epoch 18/19-----
02-24 11:13:05 current lr: 0.000254473
02-24 11:13:05 Saved best checkpoint to ./checkpoint\SSF_CWRU_0224-111146\best_pt (val_loss=-0.9312)
02-24 11:13:05 Epoch 018 Train loss -0.9308 | Val loss -0.9312
02-24 11:13:05 -----Epoch 19/19-----
02-24 11:13:07 current lr: 7.14967e-05
02-24 11:13:07 Saved best checkpoint to ./checkpoint\SSF_CWRU_0224-111146\best_pt (val_loss=-0.9312)
02-24 11:13:07 Epoch 019 Train loss -0.9310 | Val loss -0.9312
02-24 11:13:07 TEST (last): loss -0.9301
02-24 11:13:08 [LP epoch 00] train_loss=0.8747 train_acc=0.7879 | val_loss=302.1447 val_acc=0.5368 | 
02-24 11:13:08 [LP epoch 01] train_loss=0.2389 train_acc=0.9870 | val_loss=255.3366 val_acc=0.5368 | 
02-24 11:13:08 [LP epoch 02] train_loss=0.1214 train_acc=0.9870 | val_loss=196.8798 val_acc=0.6580 | 
02-24 11:13:08 [LP epoch 03] train_loss=0.0635 train_acc=0.9913 | val_loss=113.9067 val_acc=0.8355 | 
02-24 11:13:08 [LP epoch 04] train_loss=0.0502 train_acc=0.9913 | val_loss=42.3580 val_acc=0.9394 | 
02-24 11:13:09 [LP epoch 05] train_loss=0.0469 train_acc=1.0000 | val_loss=31.4275 val_acc=0.9610 | 
02-24 11:13:09 [LP epoch 06] train_loss=0.0225 train_acc=1.0000 | val_loss=7.1181 val_acc=0.9957 | 
02-24 11:13:09 [LP epoch 07] train_loss=0.0107 train_acc=1.0000 | val_loss=2.1825 val_acc=1.0000 | 
02-24 11:13:09 [LP epoch 08] train_loss=0.0062 train_acc=1.0000 | val_loss=1.3482 val_acc=1.0000 | 
02-24 11:13:10 [LP epoch 09] train_loss=0.0043 train_acc=1.0000 | val_loss=1.0700 val_acc=1.0000 | 
02-24 11:13:10 [LP epoch 10] train_loss=0.0033 train_acc=1.0000 | val_loss=0.9524 val_acc=1.0000 | 
02-24 11:13:10 [LP epoch 11] train_loss=0.0027 train_acc=1.0000 | val_loss=0.8645 val_acc=1.0000 | 
02-24 11:13:10 [LP epoch 12] train_loss=0.0023 train_acc=1.0000 | val_loss=0.7893 val_acc=1.0000 | 
02-24 11:13:10 [LP epoch 13] train_loss=0.0020 train_acc=1.0000 | val_loss=0.7193 val_acc=1.0000 | 
02-24 11:13:11 [LP epoch 14] train_loss=0.0018 train_acc=1.0000 | val_loss=0.6551 val_acc=1.0000 | 
02-24 11:13:11 [LP epoch 15] train_loss=0.0016 train_acc=1.0000 | val_loss=0.5995 val_acc=1.0000 | 
02-24 11:13:11 [LP epoch 16] train_loss=0.0014 train_acc=1.0000 | val_loss=0.5514 val_acc=1.0000 | 
02-24 11:13:11 [LP epoch 17] train_loss=0.0013 train_acc=1.0000 | val_loss=0.5111 val_acc=1.0000 | 
02-24 11:13:12 [LP epoch 18] train_loss=0.0012 train_acc=1.0000 | val_loss=0.4757 val_acc=1.0000 | 
02-24 11:13:12 [LP epoch 19] train_loss=0.0011 train_acc=1.0000 | val_loss=0.4448 val_acc=1.0000 | 
02-24 11:13:12 [LP epoch 20] train_loss=0.0010 train_acc=1.0000 | val_loss=0.4179 val_acc=1.0000 | 
02-24 11:13:12 [LP epoch 21] train_loss=0.0010 train_acc=1.0000 | val_loss=0.3929 val_acc=1.0000 | 
02-24 11:13:13 [LP epoch 22] train_loss=0.0009 train_acc=1.0000 | val_loss=0.3712 val_acc=1.0000 | 
02-24 11:13:13 [LP epoch 23] train_loss=0.0008 train_acc=1.0000 | val_loss=0.3512 val_acc=1.0000 | 
02-24 11:13:13 [LP epoch 24] train_loss=0.0008 train_acc=1.0000 | val_loss=0.3331 val_acc=1.0000 | 
02-24 11:13:13 [LP epoch 25] train_loss=0.0007 train_acc=1.0000 | val_loss=0.3163 val_acc=1.0000 | 
02-24 11:13:13 [LP epoch 26] train_loss=0.0007 train_acc=1.0000 | val_loss=0.3008 val_acc=1.0000 | 
02-24 11:13:14 [LP epoch 27] train_loss=0.0006 train_acc=1.0000 | val_loss=0.2871 val_acc=1.0000 | 
02-24 11:13:14 [LP epoch 28] train_loss=0.0006 train_acc=1.0000 | val_loss=0.2745 val_acc=1.0000 | 
02-24 11:13:14 [LP epoch 29] train_loss=0.0006 train_acc=1.0000 | val_loss=0.2630 val_acc=1.0000 | 
02-24 11:13:14 [LP epoch 30] train_loss=0.0005 train_acc=1.0000 | val_loss=0.2521 val_acc=1.0000 | 
02-24 11:13:15 [LP epoch 31] train_loss=0.0005 train_acc=1.0000 | val_loss=0.2414 val_acc=1.0000 | 
02-24 11:13:15 [LP epoch 32] train_loss=0.0005 train_acc=1.0000 | val_loss=0.2319 val_acc=1.0000 | 
02-24 11:13:15 [LP epoch 33] train_loss=0.0005 train_acc=1.0000 | val_loss=0.2229 val_acc=1.0000 | 
02-24 11:13:15 [LP epoch 34] train_loss=0.0005 train_acc=1.0000 | val_loss=0.2148 val_acc=1.0000 | 
02-24 11:13:16 [LP epoch 35] train_loss=0.0004 train_acc=1.0000 | val_loss=0.2068 val_acc=1.0000 | 
02-24 11:13:16 [LP epoch 36] train_loss=0.0004 train_acc=1.0000 | val_loss=0.1999 val_acc=1.0000 | 
02-24 11:13:16 [LP epoch 37] train_loss=0.0004 train_acc=1.0000 | val_loss=0.1928 val_acc=1.0000 | 
02-24 11:13:16 [LP epoch 38] train_loss=0.0004 train_acc=1.0000 | val_loss=0.1862 val_acc=1.0000 | 
02-24 11:13:16 [LP epoch 39] train_loss=0.0004 train_acc=1.0000 | val_loss=0.1805 val_acc=1.0000 | 
02-24 11:13:17 [LP epoch 40] train_loss=0.0003 train_acc=1.0000 | val_loss=0.1742 val_acc=1.0000 | 
02-24 11:13:17 [LP epoch 41] train_loss=0.0003 train_acc=1.0000 | val_loss=0.1686 val_acc=1.0000 | 
02-24 11:13:17 [LP epoch 42] train_loss=0.0003 train_acc=1.0000 | val_loss=0.1637 val_acc=1.0000 | 
02-24 11:13:17 [LP epoch 43] train_loss=0.0003 train_acc=1.0000 | val_loss=0.1588 val_acc=1.0000 | 
02-24 11:13:17 [LP epoch 44] train_loss=0.0003 train_acc=1.0000 | val_loss=0.1538 val_acc=1.0000 | 
02-24 11:13:18 [LP epoch 45] train_loss=0.0003 train_acc=1.0000 | val_loss=0.1495 val_acc=1.0000 | 
02-24 11:13:18 [LP epoch 46] train_loss=0.0003 train_acc=1.0000 | val_loss=0.1450 val_acc=1.0000 | 
02-24 11:13:18 [LP epoch 47] train_loss=0.0003 train_acc=1.0000 | val_loss=0.1411 val_acc=1.0000 | 
02-24 11:13:18 [LP epoch 48] train_loss=0.0003 train_acc=1.0000 | val_loss=0.1375 val_acc=1.0000 | 
02-24 11:13:19 [LP epoch 49] train_loss=0.0003 train_acc=1.0000 | val_loss=0.1340 val_acc=1.0000 | 
02-24 11:13:19 Saved linear-probe checkpoint: ./checkpoint\SSF_CWRU_0224-111146\linear_probe_best.pt (best_val_acc=1.0000)
02-24 11:13:19 TEST linear-probe: loss=0.0045 acc=0.9978
