02-24 12:11:41 model_name: SSF
02-24 12:11:41 data_name: PU
02-24 12:11:41 aug_1: normal
02-24 12:11:41 aug_2: randomcrop
02-24 12:11:41 max_epoch: 20
02-24 12:11:41 classifier_epoch: 50
02-24 12:11:41 data_view: TwoViewDataset
02-24 12:11:41 cuda_device: 0
02-24 12:11:41 checkpoint_dir: ./checkpoint
02-24 12:11:41 batch_size: 32
02-24 12:11:41 data_dir: raw_data/PU
02-24 12:11:41 out_channel: 3
02-24 12:11:41 normlizetype: minus_one_one
02-24 12:11:41 processing_type: RA
02-24 12:11:41 opt: sgd
02-24 12:11:41 lr: 0.01
02-24 12:11:41 momentum: 0.9
02-24 12:11:41 weight_decay: 1e-05
02-24 12:11:41 lr_scheduler: cos
02-24 12:11:41 gamma: 0.1
02-24 12:11:41 eta_min: 1e-05
02-24 12:11:41 latent_space: 256
02-24 12:11:41 task: self_supervised
02-24 12:11:41 critetion: <class 'utils.loss_SSL.SimSiamLoss'>
02-24 12:11:41 using 1 gpus
02-24 12:11:41 Dataset class: <class 'data_utils.datasets.PU.PU'>
02-24 12:11:41 Split sizes: train=10504 val=1125 test=2252, classier=1126
02-24 12:11:42 Label counts train: Counter({2: 3504, 1: 3500, 0: 3500})
02-24 12:11:42 Label counts val:   Counter({0: 375, 2: 375, 1: 375})
02-24 12:11:42 Label counts test:  Counter({2: 751, 0: 751, 1: 750})
02-24 12:11:42 Label counts classifier:  Counter({2: 376, 0: 375, 1: 375})
02-24 12:11:44 Loaded best checkpoint from ./checkpoint/SSF_PU_0224-115856/best_pt (val_loss=-0.9542445305718316)
02-24 12:11:45 [LP epoch 00] train_loss=0.8822 train_acc=0.5773 | val_loss=901.1122 val_acc=0.6453 | 
02-24 12:11:45 [LP epoch 01] train_loss=0.7342 train_acc=0.6687 | val_loss=784.2803 val_acc=0.7004 | 
02-24 12:11:46 [LP epoch 02] train_loss=0.6980 train_acc=0.6785 | val_loss=774.3914 val_acc=0.7049 | 
02-24 12:11:47 [LP epoch 03] train_loss=0.6593 train_acc=0.7087 | val_loss=715.7851 val_acc=0.7191 | 
02-24 12:11:47 [LP epoch 04] train_loss=0.6282 train_acc=0.7202 | val_loss=706.2500 val_acc=0.7067 | 
02-24 12:11:48 [LP epoch 05] train_loss=0.6129 train_acc=0.7274 | val_loss=740.4948 val_acc=0.7102 | 
02-24 12:11:49 [LP epoch 06] train_loss=0.6013 train_acc=0.7425 | val_loss=674.5396 val_acc=0.7236 | 
02-24 12:11:50 [LP epoch 07] train_loss=0.5868 train_acc=0.7460 | val_loss=684.5363 val_acc=0.7262 | 
02-24 12:11:50 [LP epoch 08] train_loss=0.5665 train_acc=0.7638 | val_loss=628.7305 val_acc=0.7467 | 
02-24 12:11:51 [LP epoch 09] train_loss=0.5521 train_acc=0.7673 | val_loss=647.4821 val_acc=0.7413 | 
02-24 12:11:52 [LP epoch 10] train_loss=0.5524 train_acc=0.7611 | val_loss=638.4640 val_acc=0.7431 | 
02-24 12:11:52 [LP epoch 11] train_loss=0.5311 train_acc=0.7771 | val_loss=606.1462 val_acc=0.7564 | 
02-24 12:11:53 [LP epoch 12] train_loss=0.5212 train_acc=0.7860 | val_loss=642.9987 val_acc=0.7360 | 
02-24 12:11:54 [LP epoch 13] train_loss=0.5155 train_acc=0.7815 | val_loss=639.4150 val_acc=0.7360 | 
02-24 12:11:54 [LP epoch 14] train_loss=0.5041 train_acc=0.7913 | val_loss=601.7925 val_acc=0.7582 | 
02-24 12:11:55 [LP epoch 15] train_loss=0.4838 train_acc=0.8020 | val_loss=592.8714 val_acc=0.7502 | 
02-24 12:11:56 [LP epoch 16] train_loss=0.4671 train_acc=0.8046 | val_loss=561.9645 val_acc=0.7733 | 
02-24 12:11:56 [LP epoch 17] train_loss=0.4701 train_acc=0.8011 | val_loss=591.9561 val_acc=0.7582 | 
02-24 12:11:57 [LP epoch 18] train_loss=0.4625 train_acc=0.8064 | val_loss=557.1731 val_acc=0.7609 | 
02-24 12:11:58 [LP epoch 19] train_loss=0.4608 train_acc=0.8082 | val_loss=574.5308 val_acc=0.7733 | 
02-24 12:11:59 [LP epoch 20] train_loss=0.4469 train_acc=0.8179 | val_loss=510.4582 val_acc=0.8018 | 
02-24 12:11:59 [LP epoch 21] train_loss=0.4433 train_acc=0.8206 | val_loss=573.0248 val_acc=0.7689 | 
02-24 12:12:00 [LP epoch 22] train_loss=0.4341 train_acc=0.8233 | val_loss=559.4263 val_acc=0.7724 | 
02-24 12:12:01 [LP epoch 23] train_loss=0.4183 train_acc=0.8295 | val_loss=541.7918 val_acc=0.7893 | 
02-24 12:12:02 [LP epoch 24] train_loss=0.4105 train_acc=0.8313 | val_loss=534.1646 val_acc=0.7893 | 
02-24 12:12:02 [LP epoch 25] train_loss=0.4249 train_acc=0.8242 | val_loss=515.1785 val_acc=0.7884 | 
02-24 12:12:03 [LP epoch 26] train_loss=0.4025 train_acc=0.8428 | val_loss=541.8871 val_acc=0.7849 | 
02-24 12:12:04 [LP epoch 27] train_loss=0.4089 train_acc=0.8384 | val_loss=504.7995 val_acc=0.8027 | 
02-24 12:12:05 [LP epoch 28] train_loss=0.3975 train_acc=0.8304 | val_loss=551.2754 val_acc=0.7813 | 
02-24 12:12:05 [LP epoch 29] train_loss=0.3913 train_acc=0.8384 | val_loss=517.2674 val_acc=0.7920 | 
02-24 12:12:06 [LP epoch 30] train_loss=0.3894 train_acc=0.8375 | val_loss=486.9726 val_acc=0.8044 | 
02-24 12:12:07 [LP epoch 31] train_loss=0.3917 train_acc=0.8304 | val_loss=533.7252 val_acc=0.7796 | 
02-24 12:12:07 [LP epoch 32] train_loss=0.3765 train_acc=0.8472 | val_loss=509.8669 val_acc=0.8018 | 
02-24 12:12:08 [LP epoch 33] train_loss=0.3820 train_acc=0.8366 | val_loss=506.8415 val_acc=0.7973 | 
02-24 12:12:09 [LP epoch 34] train_loss=0.3859 train_acc=0.8375 | val_loss=513.1423 val_acc=0.8062 | 
02-24 12:12:09 [LP epoch 35] train_loss=0.3759 train_acc=0.8437 | val_loss=517.3296 val_acc=0.7893 | 
02-24 12:12:10 [LP epoch 36] train_loss=0.3672 train_acc=0.8552 | val_loss=494.9866 val_acc=0.8107 | 
02-24 12:12:11 [LP epoch 37] train_loss=0.3580 train_acc=0.8481 | val_loss=523.8610 val_acc=0.7938 | 
02-24 12:12:11 [LP epoch 38] train_loss=0.3519 train_acc=0.8526 | val_loss=476.5391 val_acc=0.8133 | 
02-24 12:12:12 [LP epoch 39] train_loss=0.3486 train_acc=0.8579 | val_loss=538.3768 val_acc=0.7920 | 
02-24 12:12:13 [LP epoch 40] train_loss=0.3483 train_acc=0.8588 | val_loss=500.0181 val_acc=0.8062 | 
02-24 12:12:13 [LP epoch 41] train_loss=0.3442 train_acc=0.8615 | val_loss=525.6748 val_acc=0.8018 | 
02-24 12:12:14 [LP epoch 42] train_loss=0.3401 train_acc=0.8588 | val_loss=484.1802 val_acc=0.8116 | 
02-24 12:12:15 [LP epoch 43] train_loss=0.3471 train_acc=0.8597 | val_loss=527.9457 val_acc=0.7884 | 
02-24 12:12:15 [LP epoch 44] train_loss=0.3175 train_acc=0.8694 | val_loss=519.7295 val_acc=0.8062 | 
02-24 12:12:16 [LP epoch 45] train_loss=0.3281 train_acc=0.8659 | val_loss=500.2099 val_acc=0.7982 | 
02-24 12:12:17 [LP epoch 46] train_loss=0.3196 train_acc=0.8801 | val_loss=454.9396 val_acc=0.8222 | 
02-24 12:12:17 [LP epoch 47] train_loss=0.3137 train_acc=0.8783 | val_loss=492.5568 val_acc=0.8080 | 
02-24 12:12:18 [LP epoch 48] train_loss=0.3185 train_acc=0.8774 | val_loss=483.6808 val_acc=0.8027 | 
02-24 12:12:19 [LP epoch 49] train_loss=0.2987 train_acc=0.8810 | val_loss=483.8228 val_acc=0.8124 | 
02-24 12:12:19 Saved linear-probe checkpoint: ./checkpoint\SSF_PU_0224-121141\linear_probe_best.pt (best_val_acc=0.8222)
02-24 12:12:19 TEST linear-probe: loss=0.4600 acc=0.8148
02-24 12:12:19 using 1 gpus
02-24 12:12:19 Dataset class: <class 'data_utils.datasets.PU.PU'>
02-24 12:12:20 Split sizes: train=10504 val=1125 test=2252, classier=1126
02-24 12:12:20 Label counts train: Counter({2: 3504, 1: 3500, 0: 3500})
02-24 12:12:21 Label counts val:   Counter({0: 375, 2: 375, 1: 375})
02-24 12:12:21 Label counts test:  Counter({2: 751, 0: 751, 1: 750})
02-24 12:12:21 Label counts classifier:  Counter({2: 376, 0: 375, 1: 375})
02-24 12:12:21 Loaded best checkpoint from ./checkpoint/SSF_PU_0224-115856/best_pt (val_loss=-0.9542445305718316)
02-24 12:12:22 [LP epoch 00] train_loss=0.8537 train_acc=0.5968 | val_loss=904.5410 val_acc=0.6409 | 
02-24 12:12:22 [LP epoch 01] train_loss=0.7255 train_acc=0.6625 | val_loss=774.0356 val_acc=0.6969 | 
02-24 12:12:23 [LP epoch 02] train_loss=0.6728 train_acc=0.6972 | val_loss=729.2169 val_acc=0.7271 | 
02-24 12:12:24 [LP epoch 03] train_loss=0.6484 train_acc=0.7131 | val_loss=736.9384 val_acc=0.7049 | 
02-24 12:12:25 [LP epoch 04] train_loss=0.6235 train_acc=0.7274 | val_loss=700.5273 val_acc=0.7182 | 
02-24 12:12:25 [LP epoch 05] train_loss=0.6042 train_acc=0.7336 | val_loss=698.8272 val_acc=0.7164 | 
02-24 12:12:26 [LP epoch 06] train_loss=0.5863 train_acc=0.7478 | val_loss=659.6827 val_acc=0.7324 | 
02-24 12:12:27 [LP epoch 07] train_loss=0.5720 train_acc=0.7478 | val_loss=651.3843 val_acc=0.7404 | 
02-24 12:12:27 [LP epoch 08] train_loss=0.5478 train_acc=0.7682 | val_loss=645.9771 val_acc=0.7396 | 
02-24 12:12:28 [LP epoch 09] train_loss=0.5425 train_acc=0.7664 | val_loss=650.6821 val_acc=0.7440 | 
02-24 12:12:29 [LP epoch 10] train_loss=0.5329 train_acc=0.7726 | val_loss=672.7068 val_acc=0.7244 | 
02-24 12:12:30 [LP epoch 11] train_loss=0.5247 train_acc=0.7806 | val_loss=596.8393 val_acc=0.7591 | 
02-24 12:12:30 [LP epoch 12] train_loss=0.5225 train_acc=0.7877 | val_loss=602.3673 val_acc=0.7742 | 
02-24 12:12:31 [LP epoch 13] train_loss=0.5151 train_acc=0.7780 | val_loss=620.9991 val_acc=0.7520 | 
02-24 12:12:32 [LP epoch 14] train_loss=0.4938 train_acc=0.7922 | val_loss=630.6416 val_acc=0.7440 | 
02-24 12:12:33 [LP epoch 15] train_loss=0.4868 train_acc=0.8002 | val_loss=593.1398 val_acc=0.7707 | 
02-24 12:12:33 [LP epoch 16] train_loss=0.4878 train_acc=0.7922 | val_loss=602.3360 val_acc=0.7538 | 
02-24 12:12:34 [LP epoch 17] train_loss=0.4634 train_acc=0.8073 | val_loss=595.4213 val_acc=0.7511 | 
02-24 12:12:35 [LP epoch 18] train_loss=0.4628 train_acc=0.8117 | val_loss=550.0140 val_acc=0.7831 | 
02-24 12:12:35 [LP epoch 19] train_loss=0.4539 train_acc=0.8064 | val_loss=570.6600 val_acc=0.7742 | 
02-24 12:12:36 [LP epoch 20] train_loss=0.4374 train_acc=0.8259 | val_loss=553.6939 val_acc=0.7813 | 
02-24 12:12:36 [LP epoch 21] train_loss=0.4460 train_acc=0.8108 | val_loss=539.9154 val_acc=0.7778 | 
02-24 12:12:37 [LP epoch 22] train_loss=0.4345 train_acc=0.8171 | val_loss=593.8694 val_acc=0.7609 | 
02-24 12:12:38 [LP epoch 23] train_loss=0.4232 train_acc=0.8188 | val_loss=518.9830 val_acc=0.7991 | 
02-24 12:12:38 [LP epoch 24] train_loss=0.4379 train_acc=0.8179 | val_loss=559.7066 val_acc=0.7671 | 
02-24 12:12:39 [LP epoch 25] train_loss=0.4148 train_acc=0.8277 | val_loss=536.4151 val_acc=0.7876 | 
02-24 12:12:40 [LP epoch 26] train_loss=0.4156 train_acc=0.8304 | val_loss=554.1286 val_acc=0.7849 | 
02-24 12:12:41 [LP epoch 27] train_loss=0.4096 train_acc=0.8313 | val_loss=543.2844 val_acc=0.7849 | 
02-24 12:12:41 [LP epoch 28] train_loss=0.4034 train_acc=0.8330 | val_loss=551.6958 val_acc=0.7813 | 
02-24 12:12:42 [LP epoch 29] train_loss=0.3816 train_acc=0.8384 | val_loss=501.9055 val_acc=0.7973 | 
02-24 12:12:43 [LP epoch 30] train_loss=0.3806 train_acc=0.8410 | val_loss=522.4711 val_acc=0.7858 | 
02-24 12:12:43 [LP epoch 31] train_loss=0.3863 train_acc=0.8446 | val_loss=519.9742 val_acc=0.7884 | 
02-24 12:12:44 [LP epoch 32] train_loss=0.3741 train_acc=0.8428 | val_loss=485.5761 val_acc=0.8080 | 
02-24 12:12:45 [LP epoch 33] train_loss=0.3653 train_acc=0.8499 | val_loss=530.0206 val_acc=0.7840 | 
02-24 12:12:45 [LP epoch 34] train_loss=0.3675 train_acc=0.8490 | val_loss=501.8479 val_acc=0.7911 | 
02-24 12:12:46 [LP epoch 35] train_loss=0.3589 train_acc=0.8579 | val_loss=515.9796 val_acc=0.8036 | 
02-24 12:12:47 [LP epoch 36] train_loss=0.3582 train_acc=0.8508 | val_loss=470.9947 val_acc=0.8116 | 
02-24 12:12:47 [LP epoch 37] train_loss=0.3774 train_acc=0.8508 | val_loss=505.6102 val_acc=0.7947 | 
02-24 12:12:48 [LP epoch 38] train_loss=0.3619 train_acc=0.8561 | val_loss=499.7030 val_acc=0.7920 | 
02-24 12:12:48 [LP epoch 39] train_loss=0.3426 train_acc=0.8579 | val_loss=545.3169 val_acc=0.7769 | 
02-24 12:12:49 [LP epoch 40] train_loss=0.3443 train_acc=0.8615 | val_loss=576.7797 val_acc=0.7751 | 
02-24 12:12:50 [LP epoch 41] train_loss=0.3381 train_acc=0.8570 | val_loss=490.4013 val_acc=0.8062 | 
02-24 12:12:51 [LP epoch 42] train_loss=0.3133 train_acc=0.8766 | val_loss=518.1074 val_acc=0.7973 | 
02-24 12:12:51 [LP epoch 43] train_loss=0.3134 train_acc=0.8730 | val_loss=555.6943 val_acc=0.7858 | 
02-24 12:12:52 [LP epoch 44] train_loss=0.3126 train_acc=0.8801 | val_loss=491.9039 val_acc=0.8000 | 
02-24 12:12:52 [LP epoch 45] train_loss=0.3130 train_acc=0.8783 | val_loss=498.2245 val_acc=0.8071 | 
02-24 12:12:53 [LP epoch 46] train_loss=0.3043 train_acc=0.8810 | val_loss=512.9321 val_acc=0.7973 | 
02-24 12:12:54 [LP epoch 47] train_loss=0.2959 train_acc=0.8819 | val_loss=461.1129 val_acc=0.8231 | 
02-24 12:12:54 [LP epoch 48] train_loss=0.3030 train_acc=0.8872 | val_loss=488.7666 val_acc=0.8107 | 
02-24 12:12:55 [LP epoch 49] train_loss=0.2908 train_acc=0.8890 | val_loss=526.3449 val_acc=0.8036 | 
02-24 12:12:55 Saved linear-probe checkpoint: ./checkpoint\SSF_PU_0224-121141\linear_probe_best.pt (best_val_acc=0.8231)
02-24 12:12:55 TEST linear-probe: loss=0.4997 acc=0.8015
