03-04 11:18:07 model_name: SSF
03-04 11:18:07 data_name: CWRU
03-04 11:18:07 aug_1: randomcrop
03-04 11:18:07 aug_2: scale
03-04 11:18:07 max_epoch: 100
03-04 11:18:07 classifier_epoch: 50
03-04 11:18:07 data_view: TwoViewDataset
03-04 11:18:07 cuda_device: 0
03-04 11:18:07 checkpoint_dir: ./checkpoint
03-04 11:18:07 batch_size: 64
03-04 11:18:07 data_dir: raw_data/CWRU
03-04 11:18:07 out_channel: 4
03-04 11:18:07 normlizetype: minus_one_one
03-04 11:18:07 processing_type: RA
03-04 11:18:07 opt: sgd
03-04 11:18:07 lr: 0.05
03-04 11:18:07 momentum: 0.9
03-04 11:18:07 weight_decay: 1e-05
03-04 11:18:07 lr_scheduler: cos
03-04 11:18:07 gamma: 0.95
03-04 11:18:07 eta_min: 1e-05
03-04 11:18:07 latent_space: 64
03-04 11:18:07 num_blocks_ssf: 10
03-04 11:18:07 hidden_channel: 256
03-04 11:18:07 task: self_supervised
03-04 11:18:07 critetion: <class 'utils.loss_SSL.SimSiamLoss'>
03-04 11:18:07 using 1 cpu
03-04 11:18:07 Dataset class: <class 'data_utils.datasets.CWRU.CWRU'>
03-04 11:18:08 Split sizes: train=400 val=278 test=400, classier=40
03-04 11:18:08 Label counts train: Counter({2: 100, 0: 100, 1: 100, 3: 100})
03-04 11:18:08 Label counts val:   Counter({0: 100, 3: 60, 1: 59, 2: 59})
03-04 11:18:08 Label counts test:  Counter({0: 100, 3: 100, 1: 100, 2: 100})
03-04 11:18:08 Label counts classifier:  Counter({0: 10, 1: 10, 2: 10, 3: 10})
03-04 11:18:09 -----Epoch 0/99-----
03-04 11:18:17 current lr: 0.05
03-04 11:18:17 Saved best checkpoint to ./checkpoint\SSF_CWRU_0304-111807\best_pt (val_loss=-0.6024)
03-04 11:18:17 Epoch 000 Train loss -0.3540 | Val loss -0.6024
03-04 11:18:17 -----Epoch 1/99-----
03-04 11:18:26 current lr: 0.0499877
03-04 11:18:26 Saved best checkpoint to ./checkpoint\SSF_CWRU_0304-111807\best_pt (val_loss=-0.7926)
03-04 11:18:26 Epoch 001 Train loss -0.7835 | Val loss -0.7926
03-04 11:18:26 -----Epoch 2/99-----
03-04 11:18:34 current lr: 0.0499507
03-04 11:18:34 Saved best checkpoint to ./checkpoint\SSF_CWRU_0304-111807\best_pt (val_loss=-0.8601)
03-04 11:18:34 Epoch 002 Train loss -0.8584 | Val loss -0.8601
03-04 11:18:34 -----Epoch 3/99-----
03-04 11:18:42 current lr: 0.0498891
03-04 11:18:42 Saved best checkpoint to ./checkpoint\SSF_CWRU_0304-111807\best_pt (val_loss=-0.8892)
03-04 11:18:42 Epoch 003 Train loss -0.9014 | Val loss -0.8892
03-04 11:18:42 -----Epoch 4/99-----
03-04 11:18:51 current lr: 0.0498029
03-04 11:18:51 Saved best checkpoint to ./checkpoint\SSF_CWRU_0304-111807\best_pt (val_loss=-0.9135)
03-04 11:18:51 Epoch 004 Train loss -0.9312 | Val loss -0.9135
03-04 11:18:51 -----Epoch 5/99-----
03-04 11:19:00 current lr: 0.0496923
03-04 11:19:00 Saved best checkpoint to ./checkpoint\SSF_CWRU_0304-111807\best_pt (val_loss=-0.9310)
03-04 11:19:00 Epoch 005 Train loss -0.9490 | Val loss -0.9310
03-04 11:19:00 -----Epoch 6/99-----
03-04 11:19:08 current lr: 0.0495573
03-04 11:19:08 Saved best checkpoint to ./checkpoint\SSF_CWRU_0304-111807\best_pt (val_loss=-0.9401)
03-04 11:19:08 Epoch 006 Train loss -0.9562 | Val loss -0.9401
03-04 11:19:08 -----Epoch 7/99-----
03-04 11:19:17 current lr: 0.049398
03-04 11:19:17 Saved best checkpoint to ./checkpoint\SSF_CWRU_0304-111807\best_pt (val_loss=-0.9437)
03-04 11:19:17 Epoch 007 Train loss -0.9563 | Val loss -0.9437
03-04 11:19:17 -----Epoch 8/99-----
03-04 11:19:26 current lr: 0.0492147
03-04 11:19:26 No improvement in val_loss for 1/15 epochs.
03-04 11:19:26 Epoch 008 Train loss -0.9553 | Val loss -0.9437
03-04 11:19:26 -----Epoch 9/99-----
03-04 11:19:34 current lr: 0.0490075
03-04 11:19:34 No improvement in val_loss for 2/15 epochs.
03-04 11:19:34 Epoch 009 Train loss -0.9535 | Val loss -0.9408
03-04 11:19:34 -----Epoch 10/99-----
03-04 11:19:43 current lr: 0.0487767
03-04 11:19:43 No improvement in val_loss for 3/15 epochs.
03-04 11:19:43 Epoch 010 Train loss -0.9502 | Val loss -0.9382
03-04 11:19:43 -----Epoch 11/99-----
03-04 11:19:52 current lr: 0.0485223
03-04 11:19:52 No improvement in val_loss for 4/15 epochs.
03-04 11:19:52 Epoch 011 Train loss -0.9480 | Val loss -0.9411
03-04 11:19:52 -----Epoch 12/99-----
03-04 11:20:01 current lr: 0.0482448
03-04 11:20:01 Saved best checkpoint to ./checkpoint\SSF_CWRU_0304-111807\best_pt (val_loss=-0.9488)
03-04 11:20:01 Epoch 012 Train loss -0.9529 | Val loss -0.9488
03-04 11:20:01 -----Epoch 13/99-----
03-04 11:20:10 current lr: 0.0479443
03-04 11:20:10 Saved best checkpoint to ./checkpoint\SSF_CWRU_0304-111807\best_pt (val_loss=-0.9535)
03-04 11:20:10 Epoch 013 Train loss -0.9585 | Val loss -0.9535
03-04 11:20:10 -----Epoch 14/99-----
03-04 11:20:19 current lr: 0.0476212
03-04 11:20:19 No improvement in val_loss for 1/15 epochs.
03-04 11:20:19 Epoch 014 Train loss -0.9590 | Val loss -0.9516
03-04 11:20:19 -----Epoch 15/99-----
03-04 11:20:28 current lr: 0.0472757
03-04 11:20:28 No improvement in val_loss for 2/15 epochs.
03-04 11:20:28 Epoch 015 Train loss -0.9599 | Val loss -0.9510
03-04 11:20:28 -----Epoch 16/99-----
03-04 11:20:38 current lr: 0.0469083
03-04 11:20:38 Saved best checkpoint to ./checkpoint\SSF_CWRU_0304-111807\best_pt (val_loss=-0.9554)
03-04 11:20:38 Epoch 016 Train loss -0.9608 | Val loss -0.9554
03-04 11:20:38 -----Epoch 17/99-----
03-04 11:20:47 current lr: 0.0465192
03-04 11:20:47 Saved best checkpoint to ./checkpoint\SSF_CWRU_0304-111807\best_pt (val_loss=-0.9628)
03-04 11:20:47 Epoch 017 Train loss -0.9645 | Val loss -0.9628
03-04 11:20:47 -----Epoch 18/99-----
03-04 11:20:57 current lr: 0.046109
03-04 11:20:57 Saved best checkpoint to ./checkpoint\SSF_CWRU_0304-111807\best_pt (val_loss=-0.9675)
03-04 11:20:57 Epoch 018 Train loss -0.9701 | Val loss -0.9675
03-04 11:20:57 -----Epoch 19/99-----
03-04 11:21:07 current lr: 0.0456779
03-04 11:21:07 Saved best checkpoint to ./checkpoint\SSF_CWRU_0304-111807\best_pt (val_loss=-0.9683)
03-04 11:21:07 Epoch 019 Train loss -0.9722 | Val loss -0.9683
03-04 11:21:07 -----Epoch 20/99-----
03-04 11:21:17 current lr: 0.0452264
03-04 11:21:17 No improvement in val_loss for 1/15 epochs.
03-04 11:21:17 Epoch 020 Train loss -0.9719 | Val loss -0.9668
03-04 11:21:17 -----Epoch 21/99-----
03-04 11:21:27 current lr: 0.0447549
03-04 11:21:27 No improvement in val_loss for 2/15 epochs.
03-04 11:21:27 Epoch 021 Train loss -0.9710 | Val loss -0.9652
03-04 11:21:27 -----Epoch 22/99-----
03-04 11:21:36 current lr: 0.044264
03-04 11:21:36 No improvement in val_loss for 3/15 epochs.
03-04 11:21:36 Epoch 022 Train loss -0.9703 | Val loss -0.9649
03-04 11:21:36 -----Epoch 23/99-----
03-04 11:21:46 current lr: 0.043754
03-04 11:21:46 No improvement in val_loss for 4/15 epochs.
03-04 11:21:46 Epoch 023 Train loss -0.9715 | Val loss -0.9653
03-04 11:21:46 -----Epoch 24/99-----
03-04 11:21:56 current lr: 0.0432256
03-04 11:21:56 No improvement in val_loss for 5/15 epochs.
03-04 11:21:56 Epoch 024 Train loss -0.9730 | Val loss -0.9653
03-04 11:21:56 -----Epoch 25/99-----
03-04 11:22:05 current lr: 0.0426791
03-04 11:22:05 No improvement in val_loss for 6/15 epochs.
03-04 11:22:05 Epoch 025 Train loss -0.9731 | Val loss -0.9657
03-04 11:22:05 -----Epoch 26/99-----
03-04 11:22:15 current lr: 0.0421153
03-04 11:22:15 No improvement in val_loss for 7/15 epochs.
03-04 11:22:15 Epoch 026 Train loss -0.9743 | Val loss -0.9674
03-04 11:22:15 -----Epoch 27/99-----
03-04 11:22:25 current lr: 0.0415345
03-04 11:22:25 No improvement in val_loss for 8/15 epochs.
03-04 11:22:25 Epoch 027 Train loss -0.9745 | Val loss -0.9682
03-04 11:22:25 -----Epoch 28/99-----
03-04 11:22:34 current lr: 0.0409374
03-04 11:22:34 No improvement in val_loss for 9/15 epochs.
03-04 11:22:34 Epoch 028 Train loss -0.9726 | Val loss -0.9674
03-04 11:22:34 -----Epoch 29/99-----
03-04 11:22:44 current lr: 0.0403246
03-04 11:22:44 No improvement in val_loss for 10/15 epochs.
03-04 11:22:44 Epoch 029 Train loss -0.9723 | Val loss -0.9666
03-04 11:22:44 -----Epoch 30/99-----
03-04 11:22:54 current lr: 0.0396967
03-04 11:22:54 No improvement in val_loss for 11/15 epochs.
03-04 11:22:54 Epoch 030 Train loss -0.9723 | Val loss -0.9674
03-04 11:22:54 -----Epoch 31/99-----
03-04 11:23:04 current lr: 0.0390543
03-04 11:23:04 Saved best checkpoint to ./checkpoint\SSF_CWRU_0304-111807\best_pt (val_loss=-0.9691)
03-04 11:23:04 Epoch 031 Train loss -0.9729 | Val loss -0.9691
03-04 11:23:04 -----Epoch 32/99-----
03-04 11:23:14 current lr: 0.038398
03-04 11:23:14 Saved best checkpoint to ./checkpoint\SSF_CWRU_0304-111807\best_pt (val_loss=-0.9703)
03-04 11:23:14 Epoch 032 Train loss -0.9737 | Val loss -0.9703
03-04 11:23:14 -----Epoch 33/99-----
03-04 11:23:25 current lr: 0.0377285
03-04 11:23:25 Saved best checkpoint to ./checkpoint\SSF_CWRU_0304-111807\best_pt (val_loss=-0.9705)
03-04 11:23:25 Epoch 033 Train loss -0.9756 | Val loss -0.9705
03-04 11:23:25 -----Epoch 34/99-----
03-04 11:23:38 current lr: 0.0370464
03-04 11:23:38 No improvement in val_loss for 1/15 epochs.
03-04 11:23:38 Epoch 034 Train loss -0.9762 | Val loss -0.9698
03-04 11:23:38 -----Epoch 35/99-----
03-04 11:23:48 current lr: 0.0363525
03-04 11:23:48 No improvement in val_loss for 2/15 epochs.
03-04 11:23:48 Epoch 035 Train loss -0.9757 | Val loss -0.9696
03-04 11:23:48 -----Epoch 36/99-----
03-04 11:23:58 current lr: 0.0356474
03-04 11:23:58 No improvement in val_loss for 3/15 epochs.
03-04 11:23:58 Epoch 036 Train loss -0.9755 | Val loss -0.9694
03-04 11:23:58 -----Epoch 37/99-----
03-04 11:24:10 current lr: 0.0349317
03-04 11:24:10 No improvement in val_loss for 4/15 epochs.
03-04 11:24:10 Epoch 037 Train loss -0.9757 | Val loss -0.9697
03-04 11:24:10 -----Epoch 38/99-----
03-04 11:24:19 current lr: 0.0342063
03-04 11:24:19 No improvement in val_loss for 5/15 epochs.
03-04 11:24:19 Epoch 038 Train loss -0.9761 | Val loss -0.9700
03-04 11:24:19 -----Epoch 39/99-----
03-04 11:24:29 current lr: 0.0334718
03-04 11:24:29 No improvement in val_loss for 6/15 epochs.
03-04 11:24:29 Epoch 039 Train loss -0.9762 | Val loss -0.9699
03-04 11:24:29 -----Epoch 40/99-----
03-04 11:24:39 current lr: 0.0327289
03-04 11:24:39 No improvement in val_loss for 7/15 epochs.
03-04 11:24:39 Epoch 040 Train loss -0.9760 | Val loss -0.9696
03-04 11:24:39 -----Epoch 41/99-----
03-04 11:24:49 current lr: 0.0319784
03-04 11:24:49 No improvement in val_loss for 8/15 epochs.
03-04 11:24:49 Epoch 041 Train loss -0.9763 | Val loss -0.9694
03-04 11:24:49 -----Epoch 42/99-----
03-04 11:24:59 current lr: 0.031221
03-04 11:24:59 No improvement in val_loss for 9/15 epochs.
03-04 11:24:59 Epoch 042 Train loss -0.9764 | Val loss -0.9694
03-04 11:24:59 -----Epoch 43/99-----
03-04 11:25:09 current lr: 0.0304575
03-04 11:25:09 No improvement in val_loss for 10/15 epochs.
03-04 11:25:09 Epoch 043 Train loss -0.9762 | Val loss -0.9691
03-04 11:25:09 -----Epoch 44/99-----
03-04 11:25:20 current lr: 0.0296886
03-04 11:25:20 No improvement in val_loss for 11/15 epochs.
03-04 11:25:20 Epoch 044 Train loss -0.9759 | Val loss -0.9686
03-04 11:25:20 -----Epoch 45/99-----
03-04 11:25:29 current lr: 0.0289151
03-04 11:25:29 No improvement in val_loss for 12/15 epochs.
03-04 11:25:29 Epoch 045 Train loss -0.9745 | Val loss -0.9683
03-04 11:25:29 -----Epoch 46/99-----
03-04 11:25:40 current lr: 0.0281377
03-04 11:25:40 No improvement in val_loss for 13/15 epochs.
03-04 11:25:40 Epoch 046 Train loss -0.9745 | Val loss -0.9682
03-04 11:25:40 -----Epoch 47/99-----
03-04 11:25:50 current lr: 0.0273572
03-04 11:25:50 No improvement in val_loss for 14/15 epochs.
03-04 11:25:50 Epoch 047 Train loss -0.9747 | Val loss -0.9681
03-04 11:25:50 -----Epoch 48/99-----
03-04 11:26:00 current lr: 0.0265744
03-04 11:26:00 No improvement in val_loss for 15/15 epochs.
03-04 11:26:00 Early stopping at epoch 48 (best val_loss=-0.9705).
03-04 11:26:03 TEST (last): loss -0.9682
03-04 11:26:03 Loaded best checkpoint from ./checkpoint\SSF_CWRU_0304-111807\best_pt (val_loss=-0.9704647390104884)
03-04 11:26:05 TEST (best): loss -0.9714
03-04 11:26:08 [LP epoch 00] train_loss=1.7319 train_acc=0.0750 | val_loss=1.4347 val_acc=0.2194 | 
03-04 11:26:10 [LP epoch 01] train_loss=1.6866 train_acc=0.1000 | val_loss=1.4284 val_acc=0.2194 | 
03-04 11:26:12 [LP epoch 02] train_loss=1.6407 train_acc=0.1250 | val_loss=1.4218 val_acc=0.2122 | 
03-04 11:26:14 [LP epoch 03] train_loss=1.5943 train_acc=0.1250 | val_loss=1.4146 val_acc=0.2194 | 
03-04 11:26:16 [LP epoch 04] train_loss=1.5479 train_acc=0.1750 | val_loss=1.4064 val_acc=0.2302 | 
03-04 11:26:18 [LP epoch 05] train_loss=1.5046 train_acc=0.1750 | val_loss=1.3971 val_acc=0.2446 | 
03-04 11:26:20 [LP epoch 06] train_loss=1.4624 train_acc=0.1750 | val_loss=1.3867 val_acc=0.2878 | 
03-04 11:26:22 [LP epoch 07] train_loss=1.4211 train_acc=0.2750 | val_loss=1.3756 val_acc=0.3201 | 
03-04 11:26:24 [LP epoch 08] train_loss=1.3834 train_acc=0.4000 | val_loss=1.3638 val_acc=0.3705 | 
03-04 11:26:27 [LP epoch 09] train_loss=1.3476 train_acc=0.4750 | val_loss=1.3518 val_acc=0.4137 | 
03-04 11:26:29 [LP epoch 10] train_loss=1.3125 train_acc=0.5000 | val_loss=1.3400 val_acc=0.4532 | 
03-04 11:26:31 [LP epoch 11] train_loss=1.2788 train_acc=0.5500 | val_loss=1.3278 val_acc=0.4640 | 
03-04 11:26:33 [LP epoch 12] train_loss=1.2469 train_acc=0.5750 | val_loss=1.3152 val_acc=0.4784 | 
03-04 11:26:35 [LP epoch 13] train_loss=1.2172 train_acc=0.6250 | val_loss=1.3020 val_acc=0.5180 | 
03-04 11:26:37 [LP epoch 14] train_loss=1.1892 train_acc=0.6250 | val_loss=1.2878 val_acc=0.5288 | 
03-04 11:26:39 [LP epoch 15] train_loss=1.1630 train_acc=0.6500 | val_loss=1.2725 val_acc=0.5396 | 
03-04 11:26:41 [LP epoch 16] train_loss=1.1380 train_acc=0.6500 | val_loss=1.2565 val_acc=0.5540 | 
03-04 11:26:43 [LP epoch 17] train_loss=1.1147 train_acc=0.6500 | val_loss=1.2398 val_acc=0.5719 | 
03-04 11:26:45 [LP epoch 18] train_loss=1.0926 train_acc=0.6500 | val_loss=1.2225 val_acc=0.5827 | 
03-04 11:26:47 [LP epoch 19] train_loss=1.0726 train_acc=0.6750 | val_loss=1.2045 val_acc=0.6079 | 
03-04 11:26:49 [LP epoch 20] train_loss=1.0543 train_acc=0.7500 | val_loss=1.1860 val_acc=0.6187 | 
03-04 11:26:51 [LP epoch 21] train_loss=1.0370 train_acc=0.7500 | val_loss=1.1673 val_acc=0.6403 | 
03-04 11:26:53 [LP epoch 22] train_loss=1.0214 train_acc=0.7750 | val_loss=1.1486 val_acc=0.6619 | 
03-04 11:26:55 [LP epoch 23] train_loss=1.0072 train_acc=0.7750 | val_loss=1.1299 val_acc=0.6691 | 
03-04 11:26:58 [LP epoch 24] train_loss=0.9939 train_acc=0.7750 | val_loss=1.1113 val_acc=0.6763 | 
03-04 11:27:00 [LP epoch 25] train_loss=0.9812 train_acc=0.7750 | val_loss=1.0931 val_acc=0.6799 | 
03-04 11:27:02 [LP epoch 26] train_loss=0.9691 train_acc=0.7750 | val_loss=1.0753 val_acc=0.6727 | 
03-04 11:27:04 [LP epoch 27] train_loss=0.9573 train_acc=0.7750 | val_loss=1.0579 val_acc=0.6835 | 
03-04 11:27:06 [LP epoch 28] train_loss=0.9457 train_acc=0.7750 | val_loss=1.0411 val_acc=0.6799 | 
03-04 11:27:08 [LP epoch 29] train_loss=0.9344 train_acc=0.7750 | val_loss=1.0249 val_acc=0.6799 | 
03-04 11:27:10 [LP epoch 30] train_loss=0.9234 train_acc=0.7750 | val_loss=1.0093 val_acc=0.6799 | 
03-04 11:27:12 [LP epoch 31] train_loss=0.9124 train_acc=0.7750 | val_loss=0.9943 val_acc=0.6799 | 
03-04 11:27:14 [LP epoch 32] train_loss=0.9010 train_acc=0.7750 | val_loss=0.9799 val_acc=0.6835 | 
03-04 11:27:16 [LP epoch 33] train_loss=0.8898 train_acc=0.7750 | val_loss=0.9660 val_acc=0.6835 | 
03-04 11:27:18 [LP epoch 34] train_loss=0.8788 train_acc=0.8000 | val_loss=0.9527 val_acc=0.6835 | 
03-04 11:27:20 [LP epoch 35] train_loss=0.8679 train_acc=0.8000 | val_loss=0.9400 val_acc=0.6835 | 
03-04 11:27:22 [LP epoch 36] train_loss=0.8572 train_acc=0.8000 | val_loss=0.9277 val_acc=0.6799 | 
03-04 11:27:24 [LP epoch 37] train_loss=0.8470 train_acc=0.8000 | val_loss=0.9160 val_acc=0.6799 | 
03-04 11:27:27 [LP epoch 38] train_loss=0.8371 train_acc=0.8000 | val_loss=0.9048 val_acc=0.6835 | 
03-04 11:27:29 [LP epoch 39] train_loss=0.8275 train_acc=0.8000 | val_loss=0.8941 val_acc=0.6871 | 
03-04 11:27:31 [LP epoch 40] train_loss=0.8183 train_acc=0.8000 | val_loss=0.8841 val_acc=0.6906 | 
03-04 11:27:33 [LP epoch 41] train_loss=0.8094 train_acc=0.8000 | val_loss=0.8747 val_acc=0.6906 | 
03-04 11:27:35 [LP epoch 42] train_loss=0.8008 train_acc=0.8000 | val_loss=0.8660 val_acc=0.6942 | 
03-04 11:27:37 [LP epoch 43] train_loss=0.7924 train_acc=0.8000 | val_loss=0.8577 val_acc=0.6942 | 
03-04 11:27:40 [LP epoch 44] train_loss=0.7841 train_acc=0.8000 | val_loss=0.8500 val_acc=0.6978 | 
03-04 11:27:42 [LP epoch 45] train_loss=0.7762 train_acc=0.8000 | val_loss=0.8425 val_acc=0.6978 | 
03-04 11:27:44 [LP epoch 46] train_loss=0.7683 train_acc=0.8000 | val_loss=0.8355 val_acc=0.6978 | 
03-04 11:27:46 [LP epoch 47] train_loss=0.7604 train_acc=0.8000 | val_loss=0.8287 val_acc=0.6978 | 
03-04 11:27:48 [LP epoch 48] train_loss=0.7526 train_acc=0.8000 | val_loss=0.8223 val_acc=0.6978 | 
03-04 11:27:50 [LP epoch 49] train_loss=0.7449 train_acc=0.8000 | val_loss=0.8162 val_acc=0.7014 | 
03-04 11:27:50 Saved linear-probe checkpoint: ./checkpoint\SSF_CWRU_0304-111807\linear_probe_best.pt (best_val_acc=0.7014)
03-04 11:27:53 TEST linear-probe: loss=0.9155 acc=0.6525
03-04 11:27:53 model_name: SSF
03-04 11:27:53 data_name: CWRU
03-04 11:27:53 aug_1: randomcrop
03-04 11:27:53 aug_2: scale
03-04 11:27:53 max_epoch: 100
03-04 11:27:53 classifier_epoch: 50
03-04 11:27:53 data_view: TwoViewDataset
03-04 11:27:53 cuda_device: 0
03-04 11:27:53 checkpoint_dir: ./checkpoint
03-04 11:27:53 batch_size: 64
03-04 11:27:53 data_dir: raw_data/CWRU
03-04 11:27:53 out_channel: 4
03-04 11:27:53 normlizetype: minus_one_one
03-04 11:27:53 processing_type: RA
03-04 11:27:53 opt: sgd
03-04 11:27:53 lr: 0.05
03-04 11:27:53 momentum: 0.9
03-04 11:27:53 weight_decay: 1e-05
03-04 11:27:53 lr_scheduler: cos
03-04 11:27:53 gamma: 0.95
03-04 11:27:53 eta_min: 1e-05
03-04 11:27:53 latent_space: 64
03-04 11:27:53 num_blocks_ssf: 10
03-04 11:27:53 hidden_channel: 256
03-04 11:27:53 task: self_supervised
03-04 11:27:53 critetion: <class 'utils.loss_SSL.SimSiamLoss'>
03-04 11:27:53 using 1 cpu
03-04 11:27:53 Dataset class: <class 'data_utils.datasets.CWRU.CWRU'>
03-04 11:27:53 Split sizes: train=400 val=278 test=400, classier=40
03-04 11:27:53 Label counts train: Counter({2: 100, 0: 100, 1: 100, 3: 100})
03-04 11:27:53 Label counts val:   Counter({0: 100, 3: 60, 1: 59, 2: 59})
03-04 11:27:53 Label counts test:  Counter({0: 100, 3: 100, 1: 100, 2: 100})
03-04 11:27:53 Label counts classifier:  Counter({0: 10, 1: 10, 2: 10, 3: 10})
03-04 11:27:53 -----Epoch 0/99-----
03-04 11:28:03 current lr: 0.05
03-04 11:28:03 Saved best checkpoint to ./checkpoint\SSF_CWRU_0304-111807\best_pt (val_loss=-0.6517)
03-04 11:28:03 Epoch 000 Train loss -0.2996 | Val loss -0.6517
03-04 11:28:03 -----Epoch 1/99-----
03-04 11:28:12 current lr: 0.0499877
03-04 11:28:12 Saved best checkpoint to ./checkpoint\SSF_CWRU_0304-111807\best_pt (val_loss=-0.7602)
03-04 11:28:12 Epoch 001 Train loss -0.7723 | Val loss -0.7602
03-04 11:28:12 -----Epoch 2/99-----
03-04 11:28:22 current lr: 0.0499507
03-04 11:28:22 Saved best checkpoint to ./checkpoint\SSF_CWRU_0304-111807\best_pt (val_loss=-0.8320)
03-04 11:28:22 Epoch 002 Train loss -0.8349 | Val loss -0.8320
03-04 11:28:22 -----Epoch 3/99-----
03-04 11:28:31 current lr: 0.0498891
03-04 11:28:31 Saved best checkpoint to ./checkpoint\SSF_CWRU_0304-111807\best_pt (val_loss=-0.8674)
03-04 11:28:31 Epoch 003 Train loss -0.8707 | Val loss -0.8674
03-04 11:28:31 -----Epoch 4/99-----
03-04 11:28:41 current lr: 0.0498029
03-04 11:28:41 Saved best checkpoint to ./checkpoint\SSF_CWRU_0304-111807\best_pt (val_loss=-0.8999)
03-04 11:28:41 Epoch 004 Train loss -0.9038 | Val loss -0.8999
03-04 11:28:41 -----Epoch 5/99-----
03-04 11:28:51 current lr: 0.0496923
03-04 11:28:51 Saved best checkpoint to ./checkpoint\SSF_CWRU_0304-111807\best_pt (val_loss=-0.9256)
03-04 11:28:51 Epoch 005 Train loss -0.9274 | Val loss -0.9256
03-04 11:28:51 -----Epoch 6/99-----
03-04 11:29:00 current lr: 0.0495573
03-04 11:29:01 Saved best checkpoint to ./checkpoint\SSF_CWRU_0304-111807\best_pt (val_loss=-0.9456)
03-04 11:29:01 Epoch 006 Train loss -0.9438 | Val loss -0.9456
03-04 11:29:01 -----Epoch 7/99-----
03-04 11:29:10 current lr: 0.049398
03-04 11:29:10 Saved best checkpoint to ./checkpoint\SSF_CWRU_0304-111807\best_pt (val_loss=-0.9550)
03-04 11:29:10 Epoch 007 Train loss -0.9517 | Val loss -0.9550
03-04 11:29:10 -----Epoch 8/99-----
03-04 11:29:20 current lr: 0.0492147
03-04 11:29:20 Saved best checkpoint to ./checkpoint\SSF_CWRU_0304-111807\best_pt (val_loss=-0.9576)
03-04 11:29:20 Epoch 008 Train loss -0.9550 | Val loss -0.9576
03-04 11:29:20 -----Epoch 9/99-----
03-04 11:29:29 current lr: 0.0490075
03-04 11:29:29 No improvement in val_loss for 1/15 epochs.
03-04 11:29:29 Epoch 009 Train loss -0.9523 | Val loss -0.9557
03-04 11:29:29 -----Epoch 10/99-----
03-04 11:29:39 current lr: 0.0487767
03-04 11:29:39 Saved best checkpoint to ./checkpoint\SSF_CWRU_0304-111807\best_pt (val_loss=-0.9590)
03-04 11:29:39 Epoch 010 Train loss -0.9525 | Val loss -0.9590
03-04 11:29:39 -----Epoch 11/99-----
03-04 11:29:48 current lr: 0.0485223
03-04 11:29:48 Saved best checkpoint to ./checkpoint\SSF_CWRU_0304-111807\best_pt (val_loss=-0.9614)
03-04 11:29:48 Epoch 011 Train loss -0.9556 | Val loss -0.9614
03-04 11:29:48 -----Epoch 12/99-----
03-04 11:29:58 current lr: 0.0482448
03-04 11:29:58 Saved best checkpoint to ./checkpoint\SSF_CWRU_0304-111807\best_pt (val_loss=-0.9631)
03-04 11:29:58 Epoch 012 Train loss -0.9581 | Val loss -0.9631
03-04 11:29:58 -----Epoch 13/99-----
03-04 11:30:08 current lr: 0.0479443
03-04 11:30:08 Saved best checkpoint to ./checkpoint\SSF_CWRU_0304-111807\best_pt (val_loss=-0.9653)
03-04 11:30:08 Epoch 013 Train loss -0.9617 | Val loss -0.9653
03-04 11:30:08 -----Epoch 14/99-----
03-04 11:30:17 current lr: 0.0476212
03-04 11:30:17 Saved best checkpoint to ./checkpoint\SSF_CWRU_0304-111807\best_pt (val_loss=-0.9655)
03-04 11:30:17 Epoch 014 Train loss -0.9658 | Val loss -0.9655
03-04 11:30:17 -----Epoch 15/99-----
03-04 11:30:28 current lr: 0.0472757
03-04 11:30:28 No improvement in val_loss for 1/15 epochs.
03-04 11:30:28 Epoch 015 Train loss -0.9661 | Val loss -0.9648
03-04 11:30:28 -----Epoch 16/99-----
03-04 11:30:38 current lr: 0.0469083
03-04 11:30:38 No improvement in val_loss for 2/15 epochs.
03-04 11:30:38 Epoch 016 Train loss -0.9662 | Val loss -0.9648
03-04 11:30:38 -----Epoch 17/99-----
03-04 11:30:48 current lr: 0.0465192
03-04 11:30:48 No improvement in val_loss for 3/15 epochs.
03-04 11:30:48 Epoch 017 Train loss -0.9679 | Val loss -0.9640
03-04 11:30:48 -----Epoch 18/99-----
03-04 11:30:58 current lr: 0.046109
03-04 11:30:58 No improvement in val_loss for 4/15 epochs.
03-04 11:30:58 Epoch 018 Train loss -0.9700 | Val loss -0.9636
03-04 11:30:58 -----Epoch 19/99-----
03-04 11:31:08 current lr: 0.0456779
03-04 11:31:08 No improvement in val_loss for 5/15 epochs.
03-04 11:31:08 Epoch 019 Train loss -0.9708 | Val loss -0.9646
03-04 11:31:08 -----Epoch 20/99-----
03-04 11:31:18 current lr: 0.0452264
03-04 11:31:18 Saved best checkpoint to ./checkpoint\SSF_CWRU_0304-111807\best_pt (val_loss=-0.9655)
03-04 11:31:18 Epoch 020 Train loss -0.9725 | Val loss -0.9655
03-04 11:31:18 -----Epoch 21/99-----
03-04 11:31:29 current lr: 0.0447549
03-04 11:31:29 No improvement in val_loss for 1/15 epochs.
03-04 11:31:29 Epoch 021 Train loss -0.9731 | Val loss -0.9650
03-04 11:31:29 -----Epoch 22/99-----
03-04 11:31:39 current lr: 0.044264
03-04 11:31:39 No improvement in val_loss for 2/15 epochs.
03-04 11:31:39 Epoch 022 Train loss -0.9726 | Val loss -0.9636
03-04 11:31:39 -----Epoch 23/99-----
03-04 11:31:48 current lr: 0.043754
03-04 11:31:48 No improvement in val_loss for 3/15 epochs.
03-04 11:31:48 Epoch 023 Train loss -0.9718 | Val loss -0.9629
03-04 11:31:48 -----Epoch 24/99-----
03-04 11:31:58 current lr: 0.0432256
03-04 11:31:58 No improvement in val_loss for 4/15 epochs.
03-04 11:31:58 Epoch 024 Train loss -0.9699 | Val loss -0.9638
03-04 11:31:58 -----Epoch 25/99-----
03-04 11:32:07 current lr: 0.0426791
03-04 11:32:07 Saved best checkpoint to ./checkpoint\SSF_CWRU_0304-111807\best_pt (val_loss=-0.9662)
03-04 11:32:07 Epoch 025 Train loss -0.9713 | Val loss -0.9662
03-04 11:32:07 -----Epoch 26/99-----
03-04 11:32:16 current lr: 0.0421153
03-04 11:32:16 Saved best checkpoint to ./checkpoint\SSF_CWRU_0304-111807\best_pt (val_loss=-0.9692)
03-04 11:32:16 Epoch 026 Train loss -0.9719 | Val loss -0.9692
03-04 11:32:16 -----Epoch 27/99-----
03-04 11:32:26 current lr: 0.0415345
03-04 11:32:26 Saved best checkpoint to ./checkpoint\SSF_CWRU_0304-111807\best_pt (val_loss=-0.9715)
03-04 11:32:26 Epoch 027 Train loss -0.9722 | Val loss -0.9715
03-04 11:32:26 -----Epoch 28/99-----
03-04 11:32:35 current lr: 0.0409374
03-04 11:32:35 Saved best checkpoint to ./checkpoint\SSF_CWRU_0304-111807\best_pt (val_loss=-0.9718)
03-04 11:32:35 Epoch 028 Train loss -0.9713 | Val loss -0.9718
03-04 11:32:35 -----Epoch 29/99-----
03-04 11:32:45 current lr: 0.0403246
03-04 11:32:45 No improvement in val_loss for 1/15 epochs.
03-04 11:32:45 Epoch 029 Train loss -0.9719 | Val loss -0.9705
03-04 11:32:45 -----Epoch 30/99-----
03-04 11:32:54 current lr: 0.0396967
03-04 11:32:54 No improvement in val_loss for 2/15 epochs.
03-04 11:32:54 Epoch 030 Train loss -0.9708 | Val loss -0.9697
03-04 11:32:54 -----Epoch 31/99-----
03-04 11:33:03 current lr: 0.0390543
03-04 11:33:03 No improvement in val_loss for 3/15 epochs.
03-04 11:33:03 Epoch 031 Train loss -0.9703 | Val loss -0.9687
03-04 11:33:03 -----Epoch 32/99-----
03-04 11:33:12 current lr: 0.038398
03-04 11:33:12 No improvement in val_loss for 4/15 epochs.
03-04 11:33:12 Epoch 032 Train loss -0.9700 | Val loss -0.9672
03-04 11:33:12 -----Epoch 33/99-----
03-04 11:33:22 current lr: 0.0377285
03-04 11:33:22 No improvement in val_loss for 5/15 epochs.
03-04 11:33:22 Epoch 033 Train loss -0.9698 | Val loss -0.9660
03-04 11:33:22 -----Epoch 34/99-----
03-04 11:33:31 current lr: 0.0370464
03-04 11:33:31 No improvement in val_loss for 6/15 epochs.
03-04 11:33:31 Epoch 034 Train loss -0.9684 | Val loss -0.9654
03-04 11:33:31 -----Epoch 35/99-----
03-04 11:33:40 current lr: 0.0363525
03-04 11:33:40 No improvement in val_loss for 7/15 epochs.
03-04 11:33:40 Epoch 035 Train loss -0.9697 | Val loss -0.9664
03-04 11:33:40 -----Epoch 36/99-----
03-04 11:33:50 current lr: 0.0356474
03-04 11:33:50 No improvement in val_loss for 8/15 epochs.
03-04 11:33:50 Epoch 036 Train loss -0.9704 | Val loss -0.9673
03-04 11:33:50 -----Epoch 37/99-----
03-04 11:33:59 current lr: 0.0349317
03-04 11:33:59 No improvement in val_loss for 9/15 epochs.
03-04 11:33:59 Epoch 037 Train loss -0.9712 | Val loss -0.9694
03-04 11:33:59 -----Epoch 38/99-----
03-04 11:34:08 current lr: 0.0342063
03-04 11:34:08 No improvement in val_loss for 10/15 epochs.
03-04 11:34:08 Epoch 038 Train loss -0.9726 | Val loss -0.9683
03-04 11:34:08 -----Epoch 39/99-----
03-04 11:34:18 current lr: 0.0334718
03-04 11:34:18 No improvement in val_loss for 11/15 epochs.
03-04 11:34:18 Epoch 039 Train loss -0.9711 | Val loss -0.9671
03-04 11:34:18 -----Epoch 40/99-----
03-04 11:34:27 current lr: 0.0327289
03-04 11:34:27 No improvement in val_loss for 12/15 epochs.
03-04 11:34:27 Epoch 040 Train loss -0.9708 | Val loss -0.9670
03-04 11:34:27 -----Epoch 41/99-----
03-04 11:34:36 current lr: 0.0319784
03-04 11:34:36 No improvement in val_loss for 13/15 epochs.
03-04 11:34:36 Epoch 041 Train loss -0.9725 | Val loss -0.9681
03-04 11:34:36 -----Epoch 42/99-----
03-04 11:34:45 current lr: 0.031221
03-04 11:34:45 No improvement in val_loss for 14/15 epochs.
03-04 11:34:45 Epoch 042 Train loss -0.9725 | Val loss -0.9680
03-04 11:34:45 -----Epoch 43/99-----
03-04 11:34:55 current lr: 0.0304575
03-04 11:34:55 No improvement in val_loss for 15/15 epochs.
03-04 11:34:55 Early stopping at epoch 43 (best val_loss=-0.9718).
03-04 11:34:57 TEST (last): loss -0.9676
03-04 11:34:57 Loaded best checkpoint from ./checkpoint\SSF_CWRU_0304-111807\best_pt (val_loss=-0.9717704868145126)
03-04 11:35:00 TEST (best): loss -0.9705
03-04 11:35:02 [LP epoch 00] train_loss=1.3365 train_acc=0.3750 | val_loss=1.3915 val_acc=0.3237 | 
03-04 11:35:04 [LP epoch 01] train_loss=1.3020 train_acc=0.4250 | val_loss=1.3826 val_acc=0.3309 | 
03-04 11:35:06 [LP epoch 02] train_loss=1.2715 train_acc=0.4750 | val_loss=1.3732 val_acc=0.3525 | 
03-04 11:35:08 [LP epoch 03] train_loss=1.2438 train_acc=0.4750 | val_loss=1.3639 val_acc=0.3525 | 
03-04 11:35:10 [LP epoch 04] train_loss=1.2170 train_acc=0.4750 | val_loss=1.3548 val_acc=0.3561 | 
03-04 11:35:12 [LP epoch 05] train_loss=1.1907 train_acc=0.4750 | val_loss=1.3461 val_acc=0.3633 | 
03-04 11:35:14 [LP epoch 06] train_loss=1.1650 train_acc=0.4750 | val_loss=1.3376 val_acc=0.3669 | 
03-04 11:35:16 [LP epoch 07] train_loss=1.1397 train_acc=0.4750 | val_loss=1.3292 val_acc=0.3705 | 
03-04 11:35:19 [LP epoch 08] train_loss=1.1157 train_acc=0.4750 | val_loss=1.3208 val_acc=0.3705 | 
03-04 11:35:21 [LP epoch 09] train_loss=1.0937 train_acc=0.4750 | val_loss=1.3123 val_acc=0.3705 | 
03-04 11:35:23 [LP epoch 10] train_loss=1.0734 train_acc=0.5000 | val_loss=1.3038 val_acc=0.3669 | 
03-04 11:35:25 [LP epoch 11] train_loss=1.0538 train_acc=0.5500 | val_loss=1.2953 val_acc=0.3813 | 
03-04 11:35:27 [LP epoch 12] train_loss=1.0355 train_acc=0.5750 | val_loss=1.2866 val_acc=0.3921 | 
03-04 11:35:29 [LP epoch 13] train_loss=1.0182 train_acc=0.6000 | val_loss=1.2776 val_acc=0.3957 | 
03-04 11:35:31 [LP epoch 14] train_loss=1.0011 train_acc=0.6500 | val_loss=1.2683 val_acc=0.3957 | 
03-04 11:35:33 [LP epoch 15] train_loss=0.9849 train_acc=0.7000 | val_loss=1.2586 val_acc=0.4065 | 
03-04 11:35:35 [LP epoch 16] train_loss=0.9695 train_acc=0.7250 | val_loss=1.2486 val_acc=0.4245 | 
03-04 11:35:37 [LP epoch 17] train_loss=0.9547 train_acc=0.8000 | val_loss=1.2381 val_acc=0.4424 | 
03-04 11:35:39 [LP epoch 18] train_loss=0.9403 train_acc=0.8250 | val_loss=1.2273 val_acc=0.4676 | 
03-04 11:35:41 [LP epoch 19] train_loss=0.9264 train_acc=0.8250 | val_loss=1.2162 val_acc=0.4820 | 
03-04 11:35:43 [LP epoch 20] train_loss=0.9126 train_acc=0.8250 | val_loss=1.2049 val_acc=0.4964 | 
03-04 11:35:45 [LP epoch 21] train_loss=0.8997 train_acc=0.8250 | val_loss=1.1932 val_acc=0.5036 | 
03-04 11:35:48 [LP epoch 22] train_loss=0.8874 train_acc=0.8250 | val_loss=1.1811 val_acc=0.5108 | 
03-04 11:35:50 [LP epoch 23] train_loss=0.8749 train_acc=0.8250 | val_loss=1.1688 val_acc=0.5216 | 
03-04 11:35:52 [LP epoch 24] train_loss=0.8625 train_acc=0.8250 | val_loss=1.1562 val_acc=0.5324 | 
03-04 11:35:54 [LP epoch 25] train_loss=0.8501 train_acc=0.8250 | val_loss=1.1434 val_acc=0.5468 | 
03-04 11:35:56 [LP epoch 26] train_loss=0.8377 train_acc=0.8250 | val_loss=1.1306 val_acc=0.5971 | 
03-04 11:35:58 [LP epoch 27] train_loss=0.8261 train_acc=0.8250 | val_loss=1.1174 val_acc=0.6223 | 
03-04 11:36:00 [LP epoch 28] train_loss=0.8151 train_acc=0.8500 | val_loss=1.1040 val_acc=0.6439 | 
03-04 11:36:02 [LP epoch 29] train_loss=0.8046 train_acc=0.8500 | val_loss=1.0905 val_acc=0.6763 | 
03-04 11:36:04 [LP epoch 30] train_loss=0.7943 train_acc=0.8500 | val_loss=1.0769 val_acc=0.7086 | 
03-04 11:36:06 [LP epoch 31] train_loss=0.7840 train_acc=0.8500 | val_loss=1.0635 val_acc=0.7482 | 
03-04 11:36:08 [LP epoch 32] train_loss=0.7735 train_acc=0.8500 | val_loss=1.0501 val_acc=0.7590 | 
03-04 11:36:10 [LP epoch 33] train_loss=0.7637 train_acc=0.8500 | val_loss=1.0370 val_acc=0.7698 | 
03-04 11:36:12 [LP epoch 34] train_loss=0.7543 train_acc=0.8500 | val_loss=1.0243 val_acc=0.7914 | 
03-04 11:36:14 [LP epoch 35] train_loss=0.7447 train_acc=0.8750 | val_loss=1.0121 val_acc=0.7950 | 
03-04 11:36:16 [LP epoch 36] train_loss=0.7347 train_acc=0.9000 | val_loss=1.0004 val_acc=0.7950 | 
03-04 11:36:19 [LP epoch 37] train_loss=0.7246 train_acc=0.9000 | val_loss=0.9890 val_acc=0.7986 | 
03-04 11:36:21 [LP epoch 38] train_loss=0.7145 train_acc=0.9000 | val_loss=0.9778 val_acc=0.7986 | 
03-04 11:36:23 [LP epoch 39] train_loss=0.7047 train_acc=0.9000 | val_loss=0.9666 val_acc=0.8058 | 
03-04 11:36:25 [LP epoch 40] train_loss=0.6952 train_acc=0.9000 | val_loss=0.9550 val_acc=0.8094 | 
03-04 11:36:27 [LP epoch 41] train_loss=0.6857 train_acc=0.9250 | val_loss=0.9429 val_acc=0.8129 | 
03-04 11:36:29 [LP epoch 42] train_loss=0.6752 train_acc=0.9250 | val_loss=0.9310 val_acc=0.8129 | 
03-04 11:36:31 [LP epoch 43] train_loss=0.6650 train_acc=0.9250 | val_loss=0.9189 val_acc=0.8129 | 
03-04 11:36:33 [LP epoch 44] train_loss=0.6546 train_acc=0.9250 | val_loss=0.9067 val_acc=0.8094 | 
03-04 11:36:35 [LP epoch 45] train_loss=0.6447 train_acc=0.9250 | val_loss=0.8947 val_acc=0.8129 | 
03-04 11:36:37 [LP epoch 46] train_loss=0.6351 train_acc=0.9750 | val_loss=0.8833 val_acc=0.8165 | 
03-04 11:36:39 [LP epoch 47] train_loss=0.6264 train_acc=0.9750 | val_loss=0.8727 val_acc=0.8165 | 
03-04 11:36:41 [LP epoch 48] train_loss=0.6181 train_acc=0.9750 | val_loss=0.8625 val_acc=0.8165 | 
03-04 11:36:44 [LP epoch 49] train_loss=0.6097 train_acc=0.9750 | val_loss=0.8528 val_acc=0.8165 | 
03-04 11:36:44 Saved linear-probe checkpoint: ./checkpoint\SSF_CWRU_0304-111807\linear_probe_best.pt (best_val_acc=0.8165)
03-04 11:36:46 TEST linear-probe: loss=0.7993 acc=0.8275
03-04 11:36:46 model_name: SSF
03-04 11:36:46 data_name: CWRU
03-04 11:36:46 aug_1: randomcrop
03-04 11:36:46 aug_2: scale
03-04 11:36:46 max_epoch: 100
03-04 11:36:46 classifier_epoch: 50
03-04 11:36:46 data_view: TwoViewDataset
03-04 11:36:46 cuda_device: 0
03-04 11:36:46 checkpoint_dir: ./checkpoint
03-04 11:36:46 batch_size: 64
03-04 11:36:46 data_dir: raw_data/CWRU
03-04 11:36:46 out_channel: 4
03-04 11:36:46 normlizetype: minus_one_one
03-04 11:36:46 processing_type: RA
03-04 11:36:46 opt: sgd
03-04 11:36:46 lr: 0.05
03-04 11:36:46 momentum: 0.9
03-04 11:36:46 weight_decay: 1e-05
03-04 11:36:46 lr_scheduler: cos
03-04 11:36:46 gamma: 0.95
03-04 11:36:46 eta_min: 1e-05
03-04 11:36:46 latent_space: 64
03-04 11:36:46 num_blocks_ssf: 9
03-04 11:36:46 hidden_channel: 256
03-04 11:36:46 task: self_supervised
03-04 11:36:46 critetion: <class 'utils.loss_SSL.SimSiamLoss'>
03-04 11:36:46 using 1 cpu
03-04 11:36:46 Dataset class: <class 'data_utils.datasets.CWRU.CWRU'>
03-04 11:36:46 Split sizes: train=400 val=278 test=400, classier=40
03-04 11:36:47 Label counts train: Counter({2: 100, 0: 100, 1: 100, 3: 100})
03-04 11:36:47 Label counts val:   Counter({0: 100, 3: 60, 1: 59, 2: 59})
03-04 11:36:47 Label counts test:  Counter({0: 100, 3: 100, 1: 100, 2: 100})
03-04 11:36:47 Label counts classifier:  Counter({0: 10, 1: 10, 2: 10, 3: 10})
03-04 11:36:47 -----Epoch 0/99-----
03-04 11:36:56 current lr: 0.05
03-04 11:36:56 Saved best checkpoint to ./checkpoint\SSF_CWRU_0304-111807\best_pt (val_loss=-0.6550)
03-04 11:36:56 Epoch 000 Train loss -0.3503 | Val loss -0.6550
03-04 11:36:56 -----Epoch 1/99-----
03-04 11:37:05 current lr: 0.0499877
03-04 11:37:05 Saved best checkpoint to ./checkpoint\SSF_CWRU_0304-111807\best_pt (val_loss=-0.7589)
03-04 11:37:05 Epoch 001 Train loss -0.7932 | Val loss -0.7589
03-04 11:37:05 -----Epoch 2/99-----
03-04 11:37:14 current lr: 0.0499507
03-04 11:37:14 Saved best checkpoint to ./checkpoint\SSF_CWRU_0304-111807\best_pt (val_loss=-0.8154)
03-04 11:37:14 Epoch 002 Train loss -0.8414 | Val loss -0.8154
03-04 11:37:14 -----Epoch 3/99-----
03-04 11:37:24 current lr: 0.0498891
03-04 11:37:24 Saved best checkpoint to ./checkpoint\SSF_CWRU_0304-111807\best_pt (val_loss=-0.8427)
03-04 11:37:24 Epoch 003 Train loss -0.8810 | Val loss -0.8427
03-04 11:37:24 -----Epoch 4/99-----
03-04 11:37:33 current lr: 0.0498029
03-04 11:37:33 Saved best checkpoint to ./checkpoint\SSF_CWRU_0304-111807\best_pt (val_loss=-0.8727)
03-04 11:37:33 Epoch 004 Train loss -0.9110 | Val loss -0.8727
03-04 11:37:33 -----Epoch 5/99-----
03-04 11:37:42 current lr: 0.0496923
03-04 11:37:42 Saved best checkpoint to ./checkpoint\SSF_CWRU_0304-111807\best_pt (val_loss=-0.9011)
03-04 11:37:42 Epoch 005 Train loss -0.9319 | Val loss -0.9011
03-04 11:37:42 -----Epoch 6/99-----
03-04 11:37:52 current lr: 0.0495573
03-04 11:37:52 Saved best checkpoint to ./checkpoint\SSF_CWRU_0304-111807\best_pt (val_loss=-0.9251)
03-04 11:37:52 Epoch 006 Train loss -0.9461 | Val loss -0.9251
03-04 11:37:52 -----Epoch 7/99-----
03-04 11:38:01 current lr: 0.049398
03-04 11:38:01 Saved best checkpoint to ./checkpoint\SSF_CWRU_0304-111807\best_pt (val_loss=-0.9363)
03-04 11:38:01 Epoch 007 Train loss -0.9559 | Val loss -0.9363
03-04 11:38:01 -----Epoch 8/99-----
03-04 11:38:11 current lr: 0.0492147
03-04 11:38:11 Saved best checkpoint to ./checkpoint\SSF_CWRU_0304-111807\best_pt (val_loss=-0.9408)
03-04 11:38:11 Epoch 008 Train loss -0.9623 | Val loss -0.9408
03-04 11:38:11 -----Epoch 9/99-----
03-04 11:38:20 current lr: 0.0490075
03-04 11:38:20 Saved best checkpoint to ./checkpoint\SSF_CWRU_0304-111807\best_pt (val_loss=-0.9441)
03-04 11:38:20 Epoch 009 Train loss -0.9647 | Val loss -0.9441
03-04 11:38:20 -----Epoch 10/99-----
03-04 11:38:29 current lr: 0.0487767
03-04 11:38:29 No improvement in val_loss for 1/15 epochs.
03-04 11:38:29 Epoch 010 Train loss -0.9632 | Val loss -0.9429
03-04 11:38:29 -----Epoch 11/99-----
03-04 11:38:38 current lr: 0.0485223
03-04 11:38:38 No improvement in val_loss for 2/15 epochs.
03-04 11:38:38 Epoch 011 Train loss -0.9574 | Val loss -0.9412
03-04 11:38:38 -----Epoch 12/99-----
03-04 11:38:48 current lr: 0.0482448
03-04 11:38:48 Saved best checkpoint to ./checkpoint\SSF_CWRU_0304-111807\best_pt (val_loss=-0.9474)
03-04 11:38:48 Epoch 012 Train loss -0.9559 | Val loss -0.9474
03-04 11:38:48 -----Epoch 13/99-----
03-04 11:38:57 current lr: 0.0479443
03-04 11:38:57 Saved best checkpoint to ./checkpoint\SSF_CWRU_0304-111807\best_pt (val_loss=-0.9519)
03-04 11:38:57 Epoch 013 Train loss -0.9598 | Val loss -0.9519
03-04 11:38:57 -----Epoch 14/99-----
03-04 11:39:06 current lr: 0.0476212
03-04 11:39:06 Saved best checkpoint to ./checkpoint\SSF_CWRU_0304-111807\best_pt (val_loss=-0.9528)
03-04 11:39:06 Epoch 014 Train loss -0.9601 | Val loss -0.9528
03-04 11:39:06 -----Epoch 15/99-----
03-04 11:39:15 current lr: 0.0472757
03-04 11:39:15 No improvement in val_loss for 1/15 epochs.
03-04 11:39:15 Epoch 015 Train loss -0.9577 | Val loss -0.9520
03-04 11:39:15 -----Epoch 16/99-----
03-04 11:39:25 current lr: 0.0469083
03-04 11:39:25 No improvement in val_loss for 2/15 epochs.
03-04 11:39:25 Epoch 016 Train loss -0.9592 | Val loss -0.9492
03-04 11:39:25 -----Epoch 17/99-----
03-04 11:39:34 current lr: 0.0465192
03-04 11:39:34 No improvement in val_loss for 3/15 epochs.
03-04 11:39:34 Epoch 017 Train loss -0.9583 | Val loss -0.9493
03-04 11:39:34 -----Epoch 18/99-----
03-04 11:39:43 current lr: 0.046109
03-04 11:39:43 No improvement in val_loss for 4/15 epochs.
03-04 11:39:43 Epoch 018 Train loss -0.9621 | Val loss -0.9513
03-04 11:39:43 -----Epoch 19/99-----
03-04 11:39:52 current lr: 0.0456779
03-04 11:39:52 Saved best checkpoint to ./checkpoint\SSF_CWRU_0304-111807\best_pt (val_loss=-0.9532)
03-04 11:39:52 Epoch 019 Train loss -0.9682 | Val loss -0.9532
03-04 11:39:52 -----Epoch 20/99-----
03-04 11:40:01 current lr: 0.0452264
03-04 11:40:01 Saved best checkpoint to ./checkpoint\SSF_CWRU_0304-111807\best_pt (val_loss=-0.9556)
03-04 11:40:01 Epoch 020 Train loss -0.9706 | Val loss -0.9556
03-04 11:40:01 -----Epoch 21/99-----
03-04 11:40:11 current lr: 0.0447549
03-04 11:40:11 Saved best checkpoint to ./checkpoint\SSF_CWRU_0304-111807\best_pt (val_loss=-0.9589)
03-04 11:40:11 Epoch 021 Train loss -0.9729 | Val loss -0.9589
03-04 11:40:11 -----Epoch 22/99-----
03-04 11:40:20 current lr: 0.044264
03-04 11:40:20 Saved best checkpoint to ./checkpoint\SSF_CWRU_0304-111807\best_pt (val_loss=-0.9600)
03-04 11:40:20 Epoch 022 Train loss -0.9739 | Val loss -0.9600
03-04 11:40:20 -----Epoch 23/99-----
03-04 11:40:29 current lr: 0.043754
03-04 11:40:29 No improvement in val_loss for 1/15 epochs.
03-04 11:40:29 Epoch 023 Train loss -0.9731 | Val loss -0.9599
03-04 11:40:29 -----Epoch 24/99-----
03-04 11:40:38 current lr: 0.0432256
03-04 11:40:38 No improvement in val_loss for 2/15 epochs.
03-04 11:40:38 Epoch 024 Train loss -0.9723 | Val loss -0.9599
03-04 11:40:38 -----Epoch 25/99-----
03-04 11:40:48 current lr: 0.0426791
03-04 11:40:48 No improvement in val_loss for 3/15 epochs.
03-04 11:40:48 Epoch 025 Train loss -0.9724 | Val loss -0.9594
03-04 11:40:48 -----Epoch 26/99-----
03-04 11:40:57 current lr: 0.0421153
03-04 11:40:57 No improvement in val_loss for 4/15 epochs.
03-04 11:40:57 Epoch 026 Train loss -0.9727 | Val loss -0.9584
03-04 11:40:57 -----Epoch 27/99-----
03-04 11:41:06 current lr: 0.0415345
03-04 11:41:06 No improvement in val_loss for 5/15 epochs.
03-04 11:41:06 Epoch 027 Train loss -0.9719 | Val loss -0.9576
03-04 11:41:06 -----Epoch 28/99-----
03-04 11:41:15 current lr: 0.0409374
03-04 11:41:15 No improvement in val_loss for 6/15 epochs.
03-04 11:41:15 Epoch 028 Train loss -0.9724 | Val loss -0.9574
03-04 11:41:15 -----Epoch 29/99-----
03-04 11:41:25 current lr: 0.0403246
03-04 11:41:25 No improvement in val_loss for 7/15 epochs.
03-04 11:41:25 Epoch 029 Train loss -0.9726 | Val loss -0.9581
03-04 11:41:25 -----Epoch 30/99-----
03-04 11:41:34 current lr: 0.0396967
03-04 11:41:34 No improvement in val_loss for 8/15 epochs.
03-04 11:41:34 Epoch 030 Train loss -0.9731 | Val loss -0.9587
03-04 11:41:34 -----Epoch 31/99-----
03-04 11:41:43 current lr: 0.0390543
03-04 11:41:43 No improvement in val_loss for 9/15 epochs.
03-04 11:41:43 Epoch 031 Train loss -0.9731 | Val loss -0.9600
03-04 11:41:43 -----Epoch 32/99-----
03-04 11:41:52 current lr: 0.038398
03-04 11:41:52 Saved best checkpoint to ./checkpoint\SSF_CWRU_0304-111807\best_pt (val_loss=-0.9614)
03-04 11:41:52 Epoch 032 Train loss -0.9730 | Val loss -0.9614
03-04 11:41:52 -----Epoch 33/99-----
03-04 11:42:02 current lr: 0.0377285
03-04 11:42:02 Saved best checkpoint to ./checkpoint\SSF_CWRU_0304-111807\best_pt (val_loss=-0.9623)
03-04 11:42:02 Epoch 033 Train loss -0.9735 | Val loss -0.9623
03-04 11:42:02 -----Epoch 34/99-----
03-04 11:42:11 current lr: 0.0370464
03-04 11:42:11 No improvement in val_loss for 1/15 epochs.
03-04 11:42:11 Epoch 034 Train loss -0.9743 | Val loss -0.9623
03-04 11:42:11 -----Epoch 35/99-----
03-04 11:42:20 current lr: 0.0363525
03-04 11:42:20 No improvement in val_loss for 2/15 epochs.
03-04 11:42:20 Epoch 035 Train loss -0.9746 | Val loss -0.9613
03-04 11:42:20 -----Epoch 36/99-----
03-04 11:42:29 current lr: 0.0356474
03-04 11:42:29 No improvement in val_loss for 3/15 epochs.
03-04 11:42:29 Epoch 036 Train loss -0.9755 | Val loss -0.9616
03-04 11:42:29 -----Epoch 37/99-----
03-04 11:42:38 current lr: 0.0349317
03-04 11:42:39 Saved best checkpoint to ./checkpoint\SSF_CWRU_0304-111807\best_pt (val_loss=-0.9624)
03-04 11:42:39 Epoch 037 Train loss -0.9766 | Val loss -0.9624
03-04 11:42:39 -----Epoch 38/99-----
03-04 11:42:48 current lr: 0.0342063
03-04 11:42:48 Saved best checkpoint to ./checkpoint\SSF_CWRU_0304-111807\best_pt (val_loss=-0.9625)
03-04 11:42:48 Epoch 038 Train loss -0.9778 | Val loss -0.9625
03-04 11:42:48 -----Epoch 39/99-----
03-04 11:42:57 current lr: 0.0334718
03-04 11:42:57 Saved best checkpoint to ./checkpoint\SSF_CWRU_0304-111807\best_pt (val_loss=-0.9625)
03-04 11:42:57 Epoch 039 Train loss -0.9790 | Val loss -0.9625
03-04 11:42:57 -----Epoch 40/99-----
03-04 11:43:07 current lr: 0.0327289
03-04 11:43:07 Saved best checkpoint to ./checkpoint\SSF_CWRU_0304-111807\best_pt (val_loss=-0.9631)
03-04 11:43:07 Epoch 040 Train loss -0.9793 | Val loss -0.9631
03-04 11:43:07 -----Epoch 41/99-----
03-04 11:43:16 current lr: 0.0319784
03-04 11:43:16 Saved best checkpoint to ./checkpoint\SSF_CWRU_0304-111807\best_pt (val_loss=-0.9635)
03-04 11:43:16 Epoch 041 Train loss -0.9797 | Val loss -0.9635
03-04 11:43:16 -----Epoch 42/99-----
03-04 11:43:25 current lr: 0.031221
03-04 11:43:25 Saved best checkpoint to ./checkpoint\SSF_CWRU_0304-111807\best_pt (val_loss=-0.9637)
03-04 11:43:25 Epoch 042 Train loss -0.9798 | Val loss -0.9637
03-04 11:43:25 -----Epoch 43/99-----
03-04 11:43:34 current lr: 0.0304575
03-04 11:43:34 Saved best checkpoint to ./checkpoint\SSF_CWRU_0304-111807\best_pt (val_loss=-0.9638)
03-04 11:43:34 Epoch 043 Train loss -0.9797 | Val loss -0.9638
03-04 11:43:35 -----Epoch 44/99-----
03-04 11:43:44 current lr: 0.0296886
03-04 11:43:44 Saved best checkpoint to ./checkpoint\SSF_CWRU_0304-111807\best_pt (val_loss=-0.9639)
03-04 11:43:44 Epoch 044 Train loss -0.9795 | Val loss -0.9639
03-04 11:43:44 -----Epoch 45/99-----
03-04 11:43:53 current lr: 0.0289151
03-04 11:43:53 No improvement in val_loss for 1/15 epochs.
03-04 11:43:53 Epoch 045 Train loss -0.9797 | Val loss -0.9638
03-04 11:43:53 -----Epoch 46/99-----
03-04 11:44:02 current lr: 0.0281377
03-04 11:44:02 No improvement in val_loss for 2/15 epochs.
03-04 11:44:02 Epoch 046 Train loss -0.9800 | Val loss -0.9633
03-04 11:44:02 -----Epoch 47/99-----
03-04 11:44:11 current lr: 0.0273572
03-04 11:44:11 No improvement in val_loss for 3/15 epochs.
03-04 11:44:11 Epoch 047 Train loss -0.9799 | Val loss -0.9627
03-04 11:44:11 -----Epoch 48/99-----
03-04 11:44:20 current lr: 0.0265744
03-04 11:44:20 No improvement in val_loss for 4/15 epochs.
03-04 11:44:20 Epoch 048 Train loss -0.9799 | Val loss -0.9623
03-04 11:44:20 -----Epoch 49/99-----
03-04 11:44:30 current lr: 0.0257901
03-04 11:44:30 No improvement in val_loss for 5/15 epochs.
03-04 11:44:30 Epoch 049 Train loss -0.9804 | Val loss -0.9626
03-04 11:44:30 -----Epoch 50/99-----
03-04 11:44:39 current lr: 0.025005
03-04 11:44:39 No improvement in val_loss for 6/15 epochs.
03-04 11:44:39 Epoch 050 Train loss -0.9806 | Val loss -0.9631
03-04 11:44:39 -----Epoch 51/99-----
03-04 11:44:48 current lr: 0.0242199
03-04 11:44:48 No improvement in val_loss for 7/15 epochs.
03-04 11:44:48 Epoch 051 Train loss -0.9808 | Val loss -0.9635
03-04 11:44:48 -----Epoch 52/99-----
03-04 11:44:57 current lr: 0.0234356
03-04 11:44:57 No improvement in val_loss for 8/15 epochs.
03-04 11:44:57 Epoch 052 Train loss -0.9812 | Val loss -0.9635
03-04 11:44:57 -----Epoch 53/99-----
03-04 11:45:07 current lr: 0.0226528
03-04 11:45:07 No improvement in val_loss for 9/15 epochs.
03-04 11:45:07 Epoch 053 Train loss -0.9813 | Val loss -0.9636
03-04 11:45:07 -----Epoch 54/99-----
03-04 11:45:16 current lr: 0.0218723
03-04 11:45:16 No improvement in val_loss for 10/15 epochs.
03-04 11:45:16 Epoch 054 Train loss -0.9816 | Val loss -0.9638
03-04 11:45:16 -----Epoch 55/99-----
03-04 11:45:25 current lr: 0.0210949
03-04 11:45:25 Saved best checkpoint to ./checkpoint\SSF_CWRU_0304-111807\best_pt (val_loss=-0.9643)
03-04 11:45:25 Epoch 055 Train loss -0.9816 | Val loss -0.9643
03-04 11:45:25 -----Epoch 56/99-----
03-04 11:45:34 current lr: 0.0203214
03-04 11:45:34 Saved best checkpoint to ./checkpoint\SSF_CWRU_0304-111807\best_pt (val_loss=-0.9649)
03-04 11:45:34 Epoch 056 Train loss -0.9820 | Val loss -0.9649
03-04 11:45:34 -----Epoch 57/99-----
03-04 11:45:44 current lr: 0.0195525
03-04 11:45:44 Saved best checkpoint to ./checkpoint\SSF_CWRU_0304-111807\best_pt (val_loss=-0.9655)
03-04 11:45:44 Epoch 057 Train loss -0.9822 | Val loss -0.9655
03-04 11:45:44 -----Epoch 58/99-----
03-04 11:45:53 current lr: 0.018789
03-04 11:45:53 Saved best checkpoint to ./checkpoint\SSF_CWRU_0304-111807\best_pt (val_loss=-0.9659)
03-04 11:45:53 Epoch 058 Train loss -0.9822 | Val loss -0.9659
03-04 11:45:53 -----Epoch 59/99-----
03-04 11:46:02 current lr: 0.0180316
03-04 11:46:02 Saved best checkpoint to ./checkpoint\SSF_CWRU_0304-111807\best_pt (val_loss=-0.9663)
03-04 11:46:02 Epoch 059 Train loss -0.9822 | Val loss -0.9663
03-04 11:46:02 -----Epoch 60/99-----
03-04 11:46:12 current lr: 0.0172811
03-04 11:46:12 Saved best checkpoint to ./checkpoint\SSF_CWRU_0304-111807\best_pt (val_loss=-0.9667)
03-04 11:46:12 Epoch 060 Train loss -0.9824 | Val loss -0.9667
03-04 11:46:12 -----Epoch 61/99-----
03-04 11:46:21 current lr: 0.0165382
03-04 11:46:21 Saved best checkpoint to ./checkpoint\SSF_CWRU_0304-111807\best_pt (val_loss=-0.9670)
03-04 11:46:21 Epoch 061 Train loss -0.9825 | Val loss -0.9670
03-04 11:46:21 -----Epoch 62/99-----
03-04 11:46:30 current lr: 0.0158037
03-04 11:46:30 Saved best checkpoint to ./checkpoint\SSF_CWRU_0304-111807\best_pt (val_loss=-0.9672)
03-04 11:46:30 Epoch 062 Train loss -0.9822 | Val loss -0.9672
03-04 11:46:30 -----Epoch 63/99-----
03-04 11:46:39 current lr: 0.0150783
03-04 11:46:39 Saved best checkpoint to ./checkpoint\SSF_CWRU_0304-111807\best_pt (val_loss=-0.9674)
03-04 11:46:39 Epoch 063 Train loss -0.9825 | Val loss -0.9674
03-04 11:46:39 -----Epoch 64/99-----
03-04 11:46:49 current lr: 0.0143626
03-04 11:46:49 Saved best checkpoint to ./checkpoint\SSF_CWRU_0304-111807\best_pt (val_loss=-0.9676)
03-04 11:46:49 Epoch 064 Train loss -0.9825 | Val loss -0.9676
03-04 11:46:49 -----Epoch 65/99-----
03-04 11:46:58 current lr: 0.0136575
03-04 11:46:58 Saved best checkpoint to ./checkpoint\SSF_CWRU_0304-111807\best_pt (val_loss=-0.9677)
03-04 11:46:58 Epoch 065 Train loss -0.9824 | Val loss -0.9677
03-04 11:46:58 -----Epoch 66/99-----
03-04 11:47:08 current lr: 0.0129636
03-04 11:47:08 No improvement in val_loss for 1/15 epochs.
03-04 11:47:08 Epoch 066 Train loss -0.9823 | Val loss -0.9677
03-04 11:47:08 -----Epoch 67/99-----
03-04 11:47:17 current lr: 0.0122815
03-04 11:47:17 Saved best checkpoint to ./checkpoint\SSF_CWRU_0304-111807\best_pt (val_loss=-0.9677)
03-04 11:47:17 Epoch 067 Train loss -0.9825 | Val loss -0.9677
03-04 11:47:17 -----Epoch 68/99-----
03-04 11:47:26 current lr: 0.011612
03-04 11:47:26 Saved best checkpoint to ./checkpoint\SSF_CWRU_0304-111807\best_pt (val_loss=-0.9678)
03-04 11:47:26 Epoch 068 Train loss -0.9823 | Val loss -0.9678
03-04 11:47:26 -----Epoch 69/99-----
03-04 11:47:35 current lr: 0.0109557
03-04 11:47:35 Saved best checkpoint to ./checkpoint\SSF_CWRU_0304-111807\best_pt (val_loss=-0.9678)
03-04 11:47:35 Epoch 069 Train loss -0.9825 | Val loss -0.9678
03-04 11:47:35 -----Epoch 70/99-----
03-04 11:47:44 current lr: 0.0103133
03-04 11:47:45 Saved best checkpoint to ./checkpoint\SSF_CWRU_0304-111807\best_pt (val_loss=-0.9678)
03-04 11:47:45 Epoch 070 Train loss -0.9827 | Val loss -0.9678
03-04 11:47:45 -----Epoch 71/99-----
03-04 11:47:54 current lr: 0.00968539
03-04 11:47:54 No improvement in val_loss for 1/15 epochs.
03-04 11:47:54 Epoch 071 Train loss -0.9826 | Val loss -0.9678
03-04 11:47:54 -----Epoch 72/99-----
03-04 11:48:03 current lr: 0.00907259
03-04 11:48:03 No improvement in val_loss for 2/15 epochs.
03-04 11:48:03 Epoch 072 Train loss -0.9823 | Val loss -0.9677
03-04 11:48:03 -----Epoch 73/99-----
03-04 11:48:13 current lr: 0.00847551
03-04 11:48:13 No improvement in val_loss for 3/15 epochs.
03-04 11:48:13 Epoch 073 Train loss -0.9824 | Val loss -0.9676
03-04 11:48:13 -----Epoch 74/99-----
03-04 11:48:22 current lr: 0.00789475
03-04 11:48:22 No improvement in val_loss for 4/15 epochs.
03-04 11:48:22 Epoch 074 Train loss -0.9824 | Val loss -0.9675
03-04 11:48:22 -----Epoch 75/99-----
03-04 11:48:31 current lr: 0.00733087
03-04 11:48:31 No improvement in val_loss for 5/15 epochs.
03-04 11:48:31 Epoch 075 Train loss -0.9825 | Val loss -0.9675
03-04 11:48:31 -----Epoch 76/99-----
03-04 11:48:40 current lr: 0.00678443
03-04 11:48:40 No improvement in val_loss for 6/15 epochs.
03-04 11:48:40 Epoch 076 Train loss -0.9825 | Val loss -0.9675
03-04 11:48:40 -----Epoch 77/99-----
03-04 11:48:50 current lr: 0.00625597
03-04 11:48:50 No improvement in val_loss for 7/15 epochs.
03-04 11:48:50 Epoch 077 Train loss -0.9825 | Val loss -0.9674
03-04 11:48:50 -----Epoch 78/99-----
03-04 11:48:59 current lr: 0.00574602
03-04 11:48:59 No improvement in val_loss for 8/15 epochs.
03-04 11:48:59 Epoch 078 Train loss -0.9823 | Val loss -0.9674
03-04 11:48:59 -----Epoch 79/99-----
03-04 11:49:08 current lr: 0.00525508
03-04 11:49:08 No improvement in val_loss for 9/15 epochs.
03-04 11:49:08 Epoch 079 Train loss -0.9824 | Val loss -0.9675
03-04 11:49:08 -----Epoch 80/99-----
03-04 11:49:17 current lr: 0.00478362
03-04 11:49:17 No improvement in val_loss for 10/15 epochs.
03-04 11:49:17 Epoch 080 Train loss -0.9824 | Val loss -0.9674
03-04 11:49:17 -----Epoch 81/99-----
03-04 11:49:27 current lr: 0.00433212
03-04 11:49:27 No improvement in val_loss for 11/15 epochs.
03-04 11:49:27 Epoch 081 Train loss -0.9823 | Val loss -0.9673
03-04 11:49:27 -----Epoch 82/99-----
03-04 11:49:36 current lr: 0.00390102
03-04 11:49:36 No improvement in val_loss for 12/15 epochs.
03-04 11:49:36 Epoch 082 Train loss -0.9820 | Val loss -0.9673
03-04 11:49:36 -----Epoch 83/99-----
03-04 11:49:45 current lr: 0.00349075
03-04 11:49:45 No improvement in val_loss for 13/15 epochs.
03-04 11:49:45 Epoch 083 Train loss -0.9819 | Val loss -0.9672
03-04 11:49:45 -----Epoch 84/99-----
03-04 11:49:54 current lr: 0.00310171
03-04 11:49:54 No improvement in val_loss for 14/15 epochs.
03-04 11:49:54 Epoch 084 Train loss -0.9821 | Val loss -0.9672
03-04 11:49:54 -----Epoch 85/99-----
03-04 11:50:03 current lr: 0.00273429
03-04 11:50:03 No improvement in val_loss for 15/15 epochs.
03-04 11:50:03 Early stopping at epoch 85 (best val_loss=-0.9678).
03-04 11:50:06 TEST (last): loss -0.9705
03-04 11:50:06 Loaded best checkpoint from ./checkpoint\SSF_CWRU_0304-111807\best_pt (val_loss=-0.967806444751273)
03-04 11:50:08 TEST (best): loss -0.9717
03-04 11:50:10 [LP epoch 00] train_loss=1.4485 train_acc=0.3000 | val_loss=1.3836 val_acc=0.3885 | 
03-04 11:50:12 [LP epoch 01] train_loss=1.3919 train_acc=0.3750 | val_loss=1.3703 val_acc=0.3957 | 
03-04 11:50:14 [LP epoch 02] train_loss=1.3361 train_acc=0.3750 | val_loss=1.3562 val_acc=0.3993 | 
03-04 11:50:16 [LP epoch 03] train_loss=1.2810 train_acc=0.4500 | val_loss=1.3408 val_acc=0.3993 | 
03-04 11:50:19 [LP epoch 04] train_loss=1.2289 train_acc=0.5000 | val_loss=1.3241 val_acc=0.4173 | 
03-04 11:50:21 [LP epoch 05] train_loss=1.1823 train_acc=0.5000 | val_loss=1.3064 val_acc=0.4353 | 
03-04 11:50:23 [LP epoch 06] train_loss=1.1410 train_acc=0.5500 | val_loss=1.2876 val_acc=0.4532 | 
03-04 11:50:25 [LP epoch 07] train_loss=1.1032 train_acc=0.5500 | val_loss=1.2681 val_acc=0.4604 | 
03-04 11:50:27 [LP epoch 08] train_loss=1.0684 train_acc=0.6750 | val_loss=1.2480 val_acc=0.4712 | 
03-04 11:50:29 [LP epoch 09] train_loss=1.0379 train_acc=0.6750 | val_loss=1.2275 val_acc=0.4928 | 
03-04 11:50:31 [LP epoch 10] train_loss=1.0106 train_acc=0.7000 | val_loss=1.2064 val_acc=0.5252 | 
03-04 11:50:33 [LP epoch 11] train_loss=0.9855 train_acc=0.7000 | val_loss=1.1848 val_acc=0.5612 | 
03-04 11:50:35 [LP epoch 12] train_loss=0.9628 train_acc=0.7000 | val_loss=1.1630 val_acc=0.5791 | 
03-04 11:50:37 [LP epoch 13] train_loss=0.9416 train_acc=0.7250 | val_loss=1.1409 val_acc=0.5971 | 
03-04 11:50:39 [LP epoch 14] train_loss=0.9211 train_acc=0.7250 | val_loss=1.1190 val_acc=0.6079 | 
03-04 11:50:41 [LP epoch 15] train_loss=0.9022 train_acc=0.7250 | val_loss=1.0972 val_acc=0.6115 | 
03-04 11:50:43 [LP epoch 16] train_loss=0.8858 train_acc=0.7500 | val_loss=1.0756 val_acc=0.6115 | 
03-04 11:50:45 [LP epoch 17] train_loss=0.8712 train_acc=0.7750 | val_loss=1.0544 val_acc=0.6223 | 
03-04 11:50:47 [LP epoch 18] train_loss=0.8577 train_acc=0.7750 | val_loss=1.0335 val_acc=0.6331 | 
03-04 11:50:49 [LP epoch 19] train_loss=0.8450 train_acc=0.8000 | val_loss=1.0132 val_acc=0.6367 | 
03-04 11:50:51 [LP epoch 20] train_loss=0.8332 train_acc=0.8000 | val_loss=0.9933 val_acc=0.6439 | 
03-04 11:50:53 [LP epoch 21] train_loss=0.8220 train_acc=0.8000 | val_loss=0.9740 val_acc=0.6439 | 
03-04 11:50:55 [LP epoch 22] train_loss=0.8114 train_acc=0.8000 | val_loss=0.9555 val_acc=0.6475 | 
03-04 11:50:57 [LP epoch 23] train_loss=0.8011 train_acc=0.7750 | val_loss=0.9378 val_acc=0.6547 | 
03-04 11:50:59 [LP epoch 24] train_loss=0.7916 train_acc=0.7750 | val_loss=0.9208 val_acc=0.6583 | 
03-04 11:51:01 [LP epoch 25] train_loss=0.7830 train_acc=0.7750 | val_loss=0.9048 val_acc=0.6691 | 
03-04 11:51:03 [LP epoch 26] train_loss=0.7749 train_acc=0.7750 | val_loss=0.8897 val_acc=0.6727 | 
03-04 11:51:05 [LP epoch 27] train_loss=0.7673 train_acc=0.7750 | val_loss=0.8756 val_acc=0.6727 | 
03-04 11:51:07 [LP epoch 28] train_loss=0.7599 train_acc=0.7750 | val_loss=0.8625 val_acc=0.6727 | 
03-04 11:51:09 [LP epoch 29] train_loss=0.7527 train_acc=0.8250 | val_loss=0.8503 val_acc=0.6763 | 
03-04 11:51:11 [LP epoch 30] train_loss=0.7458 train_acc=0.8250 | val_loss=0.8390 val_acc=0.6763 | 
03-04 11:51:13 [LP epoch 31] train_loss=0.7390 train_acc=0.8500 | val_loss=0.8286 val_acc=0.6763 | 
03-04 11:51:15 [LP epoch 32] train_loss=0.7322 train_acc=0.8500 | val_loss=0.8191 val_acc=0.6799 | 
03-04 11:51:17 [LP epoch 33] train_loss=0.7253 train_acc=0.8500 | val_loss=0.8103 val_acc=0.6906 | 
03-04 11:51:19 [LP epoch 34] train_loss=0.7184 train_acc=0.8500 | val_loss=0.8022 val_acc=0.6871 | 
03-04 11:51:21 [LP epoch 35] train_loss=0.7114 train_acc=0.8500 | val_loss=0.7944 val_acc=0.6906 | 
03-04 11:51:23 [LP epoch 36] train_loss=0.7041 train_acc=0.8500 | val_loss=0.7870 val_acc=0.6906 | 
03-04 11:51:25 [LP epoch 37] train_loss=0.6966 train_acc=0.8500 | val_loss=0.7802 val_acc=0.6978 | 
03-04 11:51:27 [LP epoch 38] train_loss=0.6893 train_acc=0.8500 | val_loss=0.7737 val_acc=0.7050 | 
03-04 11:51:29 [LP epoch 39] train_loss=0.6817 train_acc=0.8750 | val_loss=0.7676 val_acc=0.7086 | 
03-04 11:51:31 [LP epoch 40] train_loss=0.6739 train_acc=0.8750 | val_loss=0.7617 val_acc=0.7086 | 
03-04 11:51:33 [LP epoch 41] train_loss=0.6662 train_acc=0.8750 | val_loss=0.7560 val_acc=0.7050 | 
03-04 11:51:35 [LP epoch 42] train_loss=0.6584 train_acc=0.8750 | val_loss=0.7505 val_acc=0.7122 | 
03-04 11:51:37 [LP epoch 43] train_loss=0.6508 train_acc=0.8750 | val_loss=0.7453 val_acc=0.7194 | 
03-04 11:51:39 [LP epoch 44] train_loss=0.6432 train_acc=0.8750 | val_loss=0.7400 val_acc=0.7230 | 
03-04 11:51:41 [LP epoch 45] train_loss=0.6358 train_acc=0.9000 | val_loss=0.7347 val_acc=0.7446 | 
03-04 11:51:43 [LP epoch 46] train_loss=0.6284 train_acc=0.9000 | val_loss=0.7293 val_acc=0.7554 | 
03-04 11:51:45 [LP epoch 47] train_loss=0.6212 train_acc=0.9000 | val_loss=0.7240 val_acc=0.7590 | 
03-04 11:51:47 [LP epoch 48] train_loss=0.6141 train_acc=0.9000 | val_loss=0.7188 val_acc=0.7698 | 
03-04 11:51:49 [LP epoch 49] train_loss=0.6070 train_acc=0.8750 | val_loss=0.7136 val_acc=0.7770 | 
03-04 11:51:49 Saved linear-probe checkpoint: ./checkpoint\SSF_CWRU_0304-111807\linear_probe_best.pt (best_val_acc=0.7770)
03-04 11:51:52 TEST linear-probe: loss=0.7960 acc=0.7125
03-04 11:51:52 model_name: SSF
03-04 11:51:52 data_name: CWRU
03-04 11:51:52 aug_1: randomcrop
03-04 11:51:52 aug_2: scale
03-04 11:51:52 max_epoch: 100
03-04 11:51:52 classifier_epoch: 50
03-04 11:51:52 data_view: TwoViewDataset
03-04 11:51:52 cuda_device: 0
03-04 11:51:52 checkpoint_dir: ./checkpoint
03-04 11:51:52 batch_size: 64
03-04 11:51:52 data_dir: raw_data/CWRU
03-04 11:51:52 out_channel: 4
03-04 11:51:52 normlizetype: minus_one_one
03-04 11:51:52 processing_type: RA
03-04 11:51:52 opt: sgd
03-04 11:51:52 lr: 0.05
03-04 11:51:52 momentum: 0.9
03-04 11:51:52 weight_decay: 1e-05
03-04 11:51:52 lr_scheduler: cos
03-04 11:51:52 gamma: 0.95
03-04 11:51:52 eta_min: 1e-05
03-04 11:51:52 latent_space: 64
03-04 11:51:52 num_blocks_ssf: 9
03-04 11:51:52 hidden_channel: 256
03-04 11:51:52 task: self_supervised
03-04 11:51:52 critetion: <class 'utils.loss_SSL.SimSiamLoss'>
03-04 11:51:52 using 1 cpu
03-04 11:51:52 Dataset class: <class 'data_utils.datasets.CWRU.CWRU'>
03-04 11:51:52 Split sizes: train=400 val=278 test=400, classier=40
03-04 11:51:52 Label counts train: Counter({2: 100, 0: 100, 1: 100, 3: 100})
03-04 11:51:52 Label counts val:   Counter({0: 100, 3: 60, 1: 59, 2: 59})
03-04 11:51:52 Label counts test:  Counter({0: 100, 3: 100, 1: 100, 2: 100})
03-04 11:51:52 Label counts classifier:  Counter({0: 10, 1: 10, 2: 10, 3: 10})
03-04 11:51:52 -----Epoch 0/99-----
03-04 11:52:01 current lr: 0.05
03-04 11:52:01 Saved best checkpoint to ./checkpoint\SSF_CWRU_0304-111807\best_pt (val_loss=-0.7037)
03-04 11:52:01 Epoch 000 Train loss -0.3784 | Val loss -0.7037
03-04 11:52:01 -----Epoch 1/99-----
03-04 11:52:11 current lr: 0.0499877
03-04 11:52:11 Saved best checkpoint to ./checkpoint\SSF_CWRU_0304-111807\best_pt (val_loss=-0.8069)
03-04 11:52:11 Epoch 001 Train loss -0.7989 | Val loss -0.8069
03-04 11:52:11 -----Epoch 2/99-----
03-04 11:52:20 current lr: 0.0499507
03-04 11:52:20 Saved best checkpoint to ./checkpoint\SSF_CWRU_0304-111807\best_pt (val_loss=-0.8459)
03-04 11:52:20 Epoch 002 Train loss -0.8485 | Val loss -0.8459
03-04 11:52:20 -----Epoch 3/99-----
03-04 11:52:29 current lr: 0.0498891
03-04 11:52:29 Saved best checkpoint to ./checkpoint\SSF_CWRU_0304-111807\best_pt (val_loss=-0.8781)
03-04 11:52:29 Epoch 003 Train loss -0.8858 | Val loss -0.8781
03-04 11:52:29 -----Epoch 4/99-----
03-04 11:52:39 current lr: 0.0498029
03-04 11:52:39 Saved best checkpoint to ./checkpoint\SSF_CWRU_0304-111807\best_pt (val_loss=-0.9002)
03-04 11:52:39 Epoch 004 Train loss -0.9191 | Val loss -0.9002
03-04 11:52:39 -----Epoch 5/99-----
03-04 11:52:48 current lr: 0.0496923
03-04 11:52:48 Saved best checkpoint to ./checkpoint\SSF_CWRU_0304-111807\best_pt (val_loss=-0.9149)
03-04 11:52:48 Epoch 005 Train loss -0.9404 | Val loss -0.9149
03-04 11:52:48 -----Epoch 6/99-----
03-04 11:52:57 current lr: 0.0495573
03-04 11:52:57 Saved best checkpoint to ./checkpoint\SSF_CWRU_0304-111807\best_pt (val_loss=-0.9259)
03-04 11:52:57 Epoch 006 Train loss -0.9493 | Val loss -0.9259
03-04 11:52:57 -----Epoch 7/99-----
03-04 11:53:07 current lr: 0.049398
03-04 11:53:07 Saved best checkpoint to ./checkpoint\SSF_CWRU_0304-111807\best_pt (val_loss=-0.9323)
03-04 11:53:07 Epoch 007 Train loss -0.9533 | Val loss -0.9323
03-04 11:53:07 -----Epoch 8/99-----
03-04 11:53:16 current lr: 0.0492147
03-04 11:53:16 No improvement in val_loss for 1/15 epochs.
03-04 11:53:16 Epoch 008 Train loss -0.9519 | Val loss -0.9307
03-04 11:53:16 -----Epoch 9/99-----
03-04 11:53:25 current lr: 0.0490075
03-04 11:53:25 No improvement in val_loss for 2/15 epochs.
03-04 11:53:25 Epoch 009 Train loss -0.9467 | Val loss -0.9221
03-04 11:53:25 -----Epoch 10/99-----
03-04 11:53:34 current lr: 0.0487767
03-04 11:53:34 No improvement in val_loss for 3/15 epochs.
03-04 11:53:34 Epoch 010 Train loss -0.9352 | Val loss -0.9184
03-04 11:53:34 -----Epoch 11/99-----
03-04 11:53:44 current lr: 0.0485223
03-04 11:53:44 No improvement in val_loss for 4/15 epochs.
03-04 11:53:44 Epoch 011 Train loss -0.9289 | Val loss -0.9209
03-04 11:53:44 -----Epoch 12/99-----
03-04 11:53:53 current lr: 0.0482448
03-04 11:53:53 No improvement in val_loss for 5/15 epochs.
03-04 11:53:53 Epoch 012 Train loss -0.9338 | Val loss -0.9303
03-04 11:53:53 -----Epoch 13/99-----
03-04 11:54:02 current lr: 0.0479443
03-04 11:54:02 Saved best checkpoint to ./checkpoint\SSF_CWRU_0304-111807\best_pt (val_loss=-0.9383)
03-04 11:54:02 Epoch 013 Train loss -0.9424 | Val loss -0.9383
03-04 11:54:02 -----Epoch 14/99-----
03-04 11:54:12 current lr: 0.0476212
03-04 11:54:12 Saved best checkpoint to ./checkpoint\SSF_CWRU_0304-111807\best_pt (val_loss=-0.9455)
03-04 11:54:12 Epoch 014 Train loss -0.9506 | Val loss -0.9455
03-04 11:54:12 -----Epoch 15/99-----
03-04 11:54:21 current lr: 0.0472757
03-04 11:54:21 Saved best checkpoint to ./checkpoint\SSF_CWRU_0304-111807\best_pt (val_loss=-0.9559)
03-04 11:54:21 Epoch 015 Train loss -0.9579 | Val loss -0.9559
03-04 11:54:21 -----Epoch 16/99-----
03-04 11:54:30 current lr: 0.0469083
03-04 11:54:30 Saved best checkpoint to ./checkpoint\SSF_CWRU_0304-111807\best_pt (val_loss=-0.9633)
03-04 11:54:30 Epoch 016 Train loss -0.9629 | Val loss -0.9633
03-04 11:54:30 -----Epoch 17/99-----
03-04 11:54:39 current lr: 0.0465192
03-04 11:54:40 Saved best checkpoint to ./checkpoint\SSF_CWRU_0304-111807\best_pt (val_loss=-0.9689)
03-04 11:54:40 Epoch 017 Train loss -0.9682 | Val loss -0.9689
03-04 11:54:40 -----Epoch 18/99-----
03-04 11:54:49 current lr: 0.046109
03-04 11:54:49 Saved best checkpoint to ./checkpoint\SSF_CWRU_0304-111807\best_pt (val_loss=-0.9735)
03-04 11:54:49 Epoch 018 Train loss -0.9726 | Val loss -0.9735
03-04 11:54:49 -----Epoch 19/99-----
03-04 11:54:59 current lr: 0.0456779
03-04 11:54:59 Saved best checkpoint to ./checkpoint\SSF_CWRU_0304-111807\best_pt (val_loss=-0.9768)
03-04 11:54:59 Epoch 019 Train loss -0.9759 | Val loss -0.9768
03-04 11:54:59 -----Epoch 20/99-----
03-04 11:55:10 current lr: 0.0452264
03-04 11:55:10 Saved best checkpoint to ./checkpoint\SSF_CWRU_0304-111807\best_pt (val_loss=-0.9784)
03-04 11:55:10 Epoch 020 Train loss -0.9790 | Val loss -0.9784
03-04 11:55:10 -----Epoch 21/99-----
03-04 11:55:24 current lr: 0.0447549
03-04 11:55:24 Saved best checkpoint to ./checkpoint\SSF_CWRU_0304-111807\best_pt (val_loss=-0.9793)
03-04 11:55:24 Epoch 021 Train loss -0.9799 | Val loss -0.9793
03-04 11:55:24 -----Epoch 22/99-----
03-04 11:55:34 current lr: 0.044264
03-04 11:55:34 No improvement in val_loss for 1/15 epochs.
03-04 11:55:34 Epoch 022 Train loss -0.9804 | Val loss -0.9792
03-04 11:55:34 -----Epoch 23/99-----
03-04 11:55:45 current lr: 0.043754
03-04 11:55:45 No improvement in val_loss for 2/15 epochs.
03-04 11:55:45 Epoch 023 Train loss -0.9806 | Val loss -0.9778
03-04 11:55:45 -----Epoch 24/99-----
03-04 11:55:56 current lr: 0.0432256
03-04 11:55:56 No improvement in val_loss for 3/15 epochs.
03-04 11:55:56 Epoch 024 Train loss -0.9803 | Val loss -0.9744
03-04 11:55:56 -----Epoch 25/99-----
03-04 11:56:07 current lr: 0.0426791
03-04 11:56:07 No improvement in val_loss for 4/15 epochs.
03-04 11:56:07 Epoch 025 Train loss -0.9788 | Val loss -0.9701
03-04 11:56:07 -----Epoch 26/99-----
03-04 11:56:18 current lr: 0.0421153
03-04 11:56:18 No improvement in val_loss for 5/15 epochs.
03-04 11:56:18 Epoch 026 Train loss -0.9781 | Val loss -0.9669
03-04 11:56:18 -----Epoch 27/99-----
03-04 11:56:29 current lr: 0.0415345
03-04 11:56:29 No improvement in val_loss for 6/15 epochs.
03-04 11:56:29 Epoch 027 Train loss -0.9774 | Val loss -0.9643
03-04 11:56:29 -----Epoch 28/99-----
03-04 11:56:38 current lr: 0.0409374
03-04 11:56:38 No improvement in val_loss for 7/15 epochs.
03-04 11:56:38 Epoch 028 Train loss -0.9763 | Val loss -0.9616
03-04 11:56:38 -----Epoch 29/99-----
03-04 11:56:49 current lr: 0.0403246
03-04 11:56:49 No improvement in val_loss for 8/15 epochs.
03-04 11:56:49 Epoch 029 Train loss -0.9768 | Val loss -0.9613
03-04 11:56:49 -----Epoch 30/99-----
03-04 11:57:00 current lr: 0.0396967
03-04 11:57:00 No improvement in val_loss for 9/15 epochs.
03-04 11:57:00 Epoch 030 Train loss -0.9773 | Val loss -0.9614
03-04 11:57:00 -----Epoch 31/99-----
03-04 11:57:11 current lr: 0.0390543
03-04 11:57:11 No improvement in val_loss for 10/15 epochs.
03-04 11:57:11 Epoch 031 Train loss -0.9778 | Val loss -0.9616
03-04 11:57:11 -----Epoch 32/99-----
03-04 11:57:21 current lr: 0.038398
03-04 11:57:21 No improvement in val_loss for 11/15 epochs.
03-04 11:57:21 Epoch 032 Train loss -0.9789 | Val loss -0.9617
03-04 11:57:21 -----Epoch 33/99-----
03-04 11:57:32 current lr: 0.0377285
03-04 11:57:32 No improvement in val_loss for 12/15 epochs.
03-04 11:57:32 Epoch 033 Train loss -0.9789 | Val loss -0.9626
03-04 11:57:32 -----Epoch 34/99-----
03-04 11:57:43 current lr: 0.0370464
03-04 11:57:43 No improvement in val_loss for 13/15 epochs.
03-04 11:57:43 Epoch 034 Train loss -0.9790 | Val loss -0.9641
03-04 11:57:43 -----Epoch 35/99-----
03-04 11:57:53 current lr: 0.0363525
03-04 11:57:53 No improvement in val_loss for 14/15 epochs.
03-04 11:57:53 Epoch 035 Train loss -0.9797 | Val loss -0.9653
03-04 11:57:53 -----Epoch 36/99-----
