03-03 11:23:11 model_name: SSF
03-03 11:23:11 data_name: PU
03-03 11:23:11 aug_1: randomcrop
03-03 11:23:11 aug_2: scale
03-03 11:23:11 max_epoch: 20
03-03 11:23:11 classifier_epoch: 50
03-03 11:23:11 data_view: TwoViewDataset
03-03 11:23:11 cuda_device: 0
03-03 11:23:11 checkpoint_dir: ./checkpoint
03-03 11:23:11 batch_size: 32
03-03 11:23:11 data_dir: raw_data/PU
03-03 11:23:11 out_channel: 4
03-03 11:23:11 normlizetype: minus_one_one
03-03 11:23:11 processing_type: RA
03-03 11:23:11 opt: sgd
03-03 11:23:11 lr: 0.01
03-03 11:23:11 momentum: 0.9
03-03 11:23:11 weight_decay: 1e-05
03-03 11:23:11 lr_scheduler: cos
03-03 11:23:11 gamma: 0.1
03-03 11:23:11 eta_min: 1e-05
03-03 11:23:11 latent_space: 96
03-03 11:23:11 num_blocks_ssf: 5
03-03 11:23:11 task: self_supervised
03-03 11:23:11 critetion: <class 'utils.loss_SSL.SimSiamLoss'>
03-03 11:23:11 using 1 gpus
03-03 11:23:11 Dataset class: <class 'data_utils.datasets.PU.PU'>
03-03 11:23:11 Split sizes: train=12607 val=1350 test=2702, classier=1351
03-03 11:23:12 Label counts train: Counter({3: 3504, 0: 3501, 1: 3500, 2: 2102})
03-03 11:23:12 Label counts val:   Counter({1: 375, 0: 375, 3: 375, 2: 225})
03-03 11:23:12 Label counts test:  Counter({3: 751, 1: 750, 0: 750, 2: 451})
03-03 11:23:13 Label counts classifier:  Counter({3: 376, 1: 375, 0: 375, 2: 225})
03-03 11:23:14 -----Epoch 0/19-----
03-03 11:23:26 current lr: 0.01
03-03 11:23:26 Saved best checkpoint to ./checkpoint\SSF_PU_0303-112311\best_pt (val_loss=-0.9890)
03-03 11:23:26 Epoch 000 Train loss -0.9566 | Val loss -0.9890
03-03 11:23:26 -----Epoch 1/19-----
03-03 11:23:37 current lr: 0.0099385
03-03 11:23:37 Saved best checkpoint to ./checkpoint\SSF_PU_0303-112311\best_pt (val_loss=-0.9911)
03-03 11:23:37 Epoch 001 Train loss -0.9898 | Val loss -0.9911
03-03 11:23:37 -----Epoch 2/19-----
03-03 11:23:48 current lr: 0.00975553
03-03 11:23:48 Saved best checkpoint to ./checkpoint\SSF_PU_0303-112311\best_pt (val_loss=-0.9922)
03-03 11:23:48 Epoch 002 Train loss -0.9911 | Val loss -0.9922
03-03 11:23:48 -----Epoch 3/19-----
03-03 11:23:59 current lr: 0.00945558
03-03 11:23:59 Saved best checkpoint to ./checkpoint\SSF_PU_0303-112311\best_pt (val_loss=-0.9929)
03-03 11:23:59 Epoch 003 Train loss -0.9920 | Val loss -0.9929
03-03 11:23:59 -----Epoch 4/19-----
03-03 11:24:09 current lr: 0.00904604
03-03 11:24:09 Saved best checkpoint to ./checkpoint\SSF_PU_0303-112311\best_pt (val_loss=-0.9934)
03-03 11:24:09 Epoch 004 Train loss -0.9926 | Val loss -0.9934
03-03 11:24:09 -----Epoch 5/19-----
03-03 11:24:20 current lr: 0.008537
03-03 11:24:20 Saved best checkpoint to ./checkpoint\SSF_PU_0303-112311\best_pt (val_loss=-0.9935)
03-03 11:24:20 Epoch 005 Train loss -0.9929 | Val loss -0.9935
03-03 11:24:20 -----Epoch 6/19-----
03-03 11:24:32 current lr: 0.00794099
03-03 11:24:32 Saved best checkpoint to ./checkpoint\SSF_PU_0303-112311\best_pt (val_loss=-0.9936)
03-03 11:24:32 Epoch 006 Train loss -0.9930 | Val loss -0.9936
03-03 11:24:32 -----Epoch 7/19-----
03-03 11:24:43 current lr: 0.00727268
03-03 11:24:43 Saved best checkpoint to ./checkpoint\SSF_PU_0303-112311\best_pt (val_loss=-0.9939)
03-03 11:24:43 Epoch 007 Train loss -0.9933 | Val loss -0.9939
03-03 11:24:43 -----Epoch 8/19-----
03-03 11:24:54 current lr: 0.00654854
03-03 11:24:54 Saved best checkpoint to ./checkpoint\SSF_PU_0303-112311\best_pt (val_loss=-0.9942)
03-03 11:24:54 Epoch 008 Train loss -0.9936 | Val loss -0.9942
03-03 11:24:54 -----Epoch 9/19-----
03-03 11:25:05 current lr: 0.00578639
03-03 11:25:05 Saved best checkpoint to ./checkpoint\SSF_PU_0303-112311\best_pt (val_loss=-0.9945)
03-03 11:25:05 Epoch 009 Train loss -0.9939 | Val loss -0.9945
03-03 11:25:05 -----Epoch 10/19-----
03-03 11:25:16 current lr: 0.005005
03-03 11:25:16 Saved best checkpoint to ./checkpoint\SSF_PU_0303-112311\best_pt (val_loss=-0.9947)
03-03 11:25:16 Epoch 010 Train loss -0.9941 | Val loss -0.9947
03-03 11:25:16 -----Epoch 11/19-----
03-03 11:25:27 current lr: 0.00422361
03-03 11:25:27 Saved best checkpoint to ./checkpoint\SSF_PU_0303-112311\best_pt (val_loss=-0.9949)
03-03 11:25:27 Epoch 011 Train loss -0.9943 | Val loss -0.9949
03-03 11:25:27 -----Epoch 12/19-----
03-03 11:25:38 current lr: 0.00346146
03-03 11:25:38 Saved best checkpoint to ./checkpoint\SSF_PU_0303-112311\best_pt (val_loss=-0.9951)
03-03 11:25:38 Epoch 012 Train loss -0.9945 | Val loss -0.9951
03-03 11:25:38 -----Epoch 13/19-----
03-03 11:25:49 current lr: 0.00273732
03-03 11:25:49 Saved best checkpoint to ./checkpoint\SSF_PU_0303-112311\best_pt (val_loss=-0.9952)
03-03 11:25:49 Epoch 013 Train loss -0.9946 | Val loss -0.9952
03-03 11:25:49 -----Epoch 14/19-----
03-03 11:26:00 current lr: 0.00206901
03-03 11:26:00 Saved best checkpoint to ./checkpoint\SSF_PU_0303-112311\best_pt (val_loss=-0.9952)
03-03 11:26:00 Epoch 014 Train loss -0.9947 | Val loss -0.9952
03-03 11:26:00 -----Epoch 15/19-----
03-03 11:26:10 current lr: 0.001473
03-03 11:26:10 Saved best checkpoint to ./checkpoint\SSF_PU_0303-112311\best_pt (val_loss=-0.9953)
03-03 11:26:10 Epoch 015 Train loss -0.9947 | Val loss -0.9953
03-03 11:26:10 -----Epoch 16/19-----
03-03 11:26:21 current lr: 0.00096396
03-03 11:26:21 Saved best checkpoint to ./checkpoint\SSF_PU_0303-112311\best_pt (val_loss=-0.9953)
03-03 11:26:21 Epoch 016 Train loss -0.9948 | Val loss -0.9953
03-03 11:26:21 -----Epoch 17/19-----
03-03 11:26:33 current lr: 0.000554422
03-03 11:26:33 Saved best checkpoint to ./checkpoint\SSF_PU_0303-112311\best_pt (val_loss=-0.9953)
03-03 11:26:33 Epoch 017 Train loss -0.9948 | Val loss -0.9953
03-03 11:26:33 -----Epoch 18/19-----
03-03 11:26:44 current lr: 0.000254473
03-03 11:26:44 Saved best checkpoint to ./checkpoint\SSF_PU_0303-112311\best_pt (val_loss=-0.9953)
03-03 11:26:44 Epoch 018 Train loss -0.9948 | Val loss -0.9953
03-03 11:26:44 -----Epoch 19/19-----
03-03 11:26:54 current lr: 7.14967e-05
03-03 11:26:54 Saved best checkpoint to ./checkpoint\SSF_PU_0303-112311\best_pt (val_loss=-0.9953)
03-03 11:26:54 Epoch 019 Train loss -0.9948 | Val loss -0.9953
03-03 11:26:55 TEST (last): loss -0.9954
03-03 11:26:56 [LP epoch 00] train_loss=1.2260 train_acc=0.4434 | val_loss=1.1187 val_acc=0.5741 | 
03-03 11:26:56 [LP epoch 01] train_loss=1.0039 train_acc=0.6247 | val_loss=0.9547 val_acc=0.6430 | 
03-03 11:26:57 [LP epoch 02] train_loss=0.9102 train_acc=0.6595 | val_loss=0.8913 val_acc=0.6607 | 
03-03 11:26:58 [LP epoch 03] train_loss=0.8501 train_acc=0.6832 | val_loss=0.8442 val_acc=0.6770 | 
03-03 11:26:59 [LP epoch 04] train_loss=0.8043 train_acc=0.7047 | val_loss=0.8134 val_acc=0.6711 | 
03-03 11:27:00 [LP epoch 05] train_loss=0.7754 train_acc=0.7113 | val_loss=0.7918 val_acc=0.6800 | 
03-03 11:27:00 [LP epoch 06] train_loss=0.7511 train_acc=0.7165 | val_loss=0.7736 val_acc=0.6881 | 
03-03 11:27:01 [LP epoch 07] train_loss=0.7256 train_acc=0.7306 | val_loss=0.7591 val_acc=0.6904 | 
03-03 11:27:02 [LP epoch 08] train_loss=0.7039 train_acc=0.7328 | val_loss=0.7461 val_acc=0.6881 | 
03-03 11:27:03 [LP epoch 09] train_loss=0.6870 train_acc=0.7387 | val_loss=0.7410 val_acc=0.6941 | 
03-03 11:27:03 [LP epoch 10] train_loss=0.6729 train_acc=0.7446 | val_loss=0.7277 val_acc=0.6985 | 
03-03 11:27:04 [LP epoch 11] train_loss=0.6530 train_acc=0.7439 | val_loss=0.7234 val_acc=0.7037 | 
03-03 11:27:05 [LP epoch 12] train_loss=0.6460 train_acc=0.7498 | val_loss=0.7243 val_acc=0.7037 | 
03-03 11:27:06 [LP epoch 13] train_loss=0.6362 train_acc=0.7483 | val_loss=0.7065 val_acc=0.7119 | 
03-03 11:27:06 [LP epoch 14] train_loss=0.6208 train_acc=0.7624 | val_loss=0.7114 val_acc=0.7096 | 
03-03 11:27:07 [LP epoch 15] train_loss=0.6106 train_acc=0.7587 | val_loss=0.7049 val_acc=0.7089 | 
03-03 11:27:08 [LP epoch 16] train_loss=0.5972 train_acc=0.7631 | val_loss=0.6907 val_acc=0.7119 | 
03-03 11:27:09 [LP epoch 17] train_loss=0.5851 train_acc=0.7720 | val_loss=0.6869 val_acc=0.7193 | 
03-03 11:27:09 [LP epoch 18] train_loss=0.5843 train_acc=0.7735 | val_loss=0.6837 val_acc=0.7215 | 
03-03 11:27:10 [LP epoch 19] train_loss=0.5685 train_acc=0.7809 | val_loss=0.6778 val_acc=0.7215 | 
03-03 11:27:11 [LP epoch 20] train_loss=0.5618 train_acc=0.7831 | val_loss=0.6624 val_acc=0.7289 | 
03-03 11:27:12 [LP epoch 21] train_loss=0.5549 train_acc=0.7846 | val_loss=0.6640 val_acc=0.7230 | 
03-03 11:27:12 [LP epoch 22] train_loss=0.5465 train_acc=0.7816 | val_loss=0.6657 val_acc=0.7244 | 
03-03 11:27:13 [LP epoch 23] train_loss=0.5398 train_acc=0.7861 | val_loss=0.6468 val_acc=0.7393 | 
03-03 11:27:14 [LP epoch 24] train_loss=0.5292 train_acc=0.7957 | val_loss=0.6546 val_acc=0.7348 | 
03-03 11:27:15 [LP epoch 25] train_loss=0.5233 train_acc=0.8009 | val_loss=0.6470 val_acc=0.7393 | 
03-03 11:27:16 [LP epoch 26] train_loss=0.5170 train_acc=0.8068 | val_loss=0.6494 val_acc=0.7370 | 
03-03 11:27:16 [LP epoch 27] train_loss=0.5114 train_acc=0.8001 | val_loss=0.6424 val_acc=0.7378 | 
03-03 11:27:17 [LP epoch 28] train_loss=0.5039 train_acc=0.8024 | val_loss=0.6453 val_acc=0.7430 | 
03-03 11:27:18 [LP epoch 29] train_loss=0.4984 train_acc=0.8068 | val_loss=0.6427 val_acc=0.7444 | 
03-03 11:27:18 [LP epoch 30] train_loss=0.4936 train_acc=0.8083 | val_loss=0.6399 val_acc=0.7444 | 
03-03 11:27:19 [LP epoch 31] train_loss=0.4863 train_acc=0.8142 | val_loss=0.6463 val_acc=0.7415 | 
03-03 11:27:20 [LP epoch 32] train_loss=0.4811 train_acc=0.8194 | val_loss=0.6285 val_acc=0.7504 | 
03-03 11:27:20 [LP epoch 33] train_loss=0.4777 train_acc=0.8209 | val_loss=0.6331 val_acc=0.7467 | 
03-03 11:27:21 [LP epoch 34] train_loss=0.4687 train_acc=0.8187 | val_loss=0.6311 val_acc=0.7489 | 
03-03 11:27:22 [LP epoch 35] train_loss=0.4630 train_acc=0.8157 | val_loss=0.6337 val_acc=0.7496 | 
03-03 11:27:23 [LP epoch 36] train_loss=0.4599 train_acc=0.8172 | val_loss=0.6373 val_acc=0.7444 | 
03-03 11:27:23 [LP epoch 37] train_loss=0.4568 train_acc=0.8261 | val_loss=0.6303 val_acc=0.7444 | 
03-03 11:27:24 [LP epoch 38] train_loss=0.4528 train_acc=0.8298 | val_loss=0.6299 val_acc=0.7496 | 
03-03 11:27:25 [LP epoch 39] train_loss=0.4479 train_acc=0.8312 | val_loss=0.6231 val_acc=0.7548 | 
03-03 11:27:25 [LP epoch 40] train_loss=0.4476 train_acc=0.8320 | val_loss=0.6443 val_acc=0.7452 | 
03-03 11:27:26 [LP epoch 41] train_loss=0.4468 train_acc=0.8305 | val_loss=0.6242 val_acc=0.7570 | 
03-03 11:27:27 [LP epoch 42] train_loss=0.4379 train_acc=0.8305 | val_loss=0.6341 val_acc=0.7519 | 
03-03 11:27:27 [LP epoch 43] train_loss=0.4317 train_acc=0.8372 | val_loss=0.6282 val_acc=0.7489 | 
03-03 11:27:28 [LP epoch 44] train_loss=0.4343 train_acc=0.8446 | val_loss=0.6381 val_acc=0.7474 | 
03-03 11:27:29 [LP epoch 45] train_loss=0.4278 train_acc=0.8401 | val_loss=0.6250 val_acc=0.7511 | 
03-03 11:27:30 [LP epoch 46] train_loss=0.4294 train_acc=0.8431 | val_loss=0.6237 val_acc=0.7489 | 
03-03 11:27:30 [LP epoch 47] train_loss=0.4257 train_acc=0.8401 | val_loss=0.6229 val_acc=0.7496 | 
03-03 11:27:31 [LP epoch 48] train_loss=0.4216 train_acc=0.8372 | val_loss=0.6246 val_acc=0.7489 | 
03-03 11:27:32 [LP epoch 49] train_loss=0.4160 train_acc=0.8453 | val_loss=0.6176 val_acc=0.7563 | 
03-03 11:27:32 Saved linear-probe checkpoint: ./checkpoint\SSF_PU_0303-112311\linear_probe_best.pt (best_val_acc=0.7570)
03-03 11:27:32 TEST linear-probe: loss=0.5581 acc=0.7783
03-03 11:27:32 model_name: SSF
03-03 11:27:32 data_name: PU
03-03 11:27:32 aug_1: randomcrop
03-03 11:27:32 aug_2: scale
03-03 11:27:32 max_epoch: 20
03-03 11:27:32 classifier_epoch: 50
03-03 11:27:32 data_view: TwoViewDataset
03-03 11:27:32 cuda_device: 0
03-03 11:27:32 checkpoint_dir: ./checkpoint
03-03 11:27:32 batch_size: 32
03-03 11:27:32 data_dir: raw_data/PU
03-03 11:27:32 out_channel: 4
03-03 11:27:32 normlizetype: minus_one_one
03-03 11:27:32 processing_type: RA
03-03 11:27:32 opt: sgd
03-03 11:27:32 lr: 0.01
03-03 11:27:32 momentum: 0.9
03-03 11:27:32 weight_decay: 1e-05
03-03 11:27:32 lr_scheduler: cos
03-03 11:27:32 gamma: 0.1
03-03 11:27:32 eta_min: 1e-05
03-03 11:27:32 latent_space: 96
03-03 11:27:32 num_blocks_ssf: 5
03-03 11:27:32 task: self_supervised
03-03 11:27:32 critetion: <class 'utils.loss_SSL.SimSiamLoss'>
03-03 11:27:32 using 1 gpus
03-03 11:27:32 Dataset class: <class 'data_utils.datasets.PU.PU'>
03-03 11:27:32 Split sizes: train=12607 val=1350 test=2702, classier=1351
03-03 11:27:34 Label counts train: Counter({3: 3504, 0: 3501, 1: 3500, 2: 2102})
03-03 11:27:34 Label counts val:   Counter({1: 375, 0: 375, 3: 375, 2: 225})
03-03 11:27:34 Label counts test:  Counter({3: 751, 1: 750, 0: 750, 2: 451})
03-03 11:27:34 Label counts classifier:  Counter({3: 376, 1: 375, 0: 375, 2: 225})
03-03 11:27:34 -----Epoch 0/19-----
03-03 11:27:44 current lr: 0.01
03-03 11:27:44 Saved best checkpoint to ./checkpoint\SSF_PU_0303-112311\best_pt (val_loss=-0.9885)
03-03 11:27:44 Epoch 000 Train loss -0.9581 | Val loss -0.9885
03-03 11:27:44 -----Epoch 1/19-----
03-03 11:27:55 current lr: 0.0099385
03-03 11:27:55 Saved best checkpoint to ./checkpoint\SSF_PU_0303-112311\best_pt (val_loss=-0.9913)
03-03 11:27:55 Epoch 001 Train loss -0.9896 | Val loss -0.9913
03-03 11:27:55 -----Epoch 2/19-----
03-03 11:28:06 current lr: 0.00975553
03-03 11:28:06 Saved best checkpoint to ./checkpoint\SSF_PU_0303-112311\best_pt (val_loss=-0.9929)
03-03 11:28:06 Epoch 002 Train loss -0.9915 | Val loss -0.9929
03-03 11:28:06 -----Epoch 3/19-----
03-03 11:28:17 current lr: 0.00945558
03-03 11:28:17 Saved best checkpoint to ./checkpoint\SSF_PU_0303-112311\best_pt (val_loss=-0.9940)
03-03 11:28:17 Epoch 003 Train loss -0.9929 | Val loss -0.9940
03-03 11:28:17 -----Epoch 4/19-----
03-03 11:28:28 current lr: 0.00904604
03-03 11:28:28 Saved best checkpoint to ./checkpoint\SSF_PU_0303-112311\best_pt (val_loss=-0.9946)
03-03 11:28:28 Epoch 004 Train loss -0.9937 | Val loss -0.9946
03-03 11:28:28 -----Epoch 5/19-----
03-03 11:28:40 current lr: 0.008537
03-03 11:28:40 Saved best checkpoint to ./checkpoint\SSF_PU_0303-112311\best_pt (val_loss=-0.9950)
03-03 11:28:40 Epoch 005 Train loss -0.9941 | Val loss -0.9950
03-03 11:28:40 -----Epoch 6/19-----
03-03 11:28:51 current lr: 0.00794099
03-03 11:28:51 Saved best checkpoint to ./checkpoint\SSF_PU_0303-112311\best_pt (val_loss=-0.9952)
03-03 11:28:51 Epoch 006 Train loss -0.9944 | Val loss -0.9952
03-03 11:28:51 -----Epoch 7/19-----
03-03 11:29:01 current lr: 0.00727268
03-03 11:29:01 Saved best checkpoint to ./checkpoint\SSF_PU_0303-112311\best_pt (val_loss=-0.9954)
03-03 11:29:01 Epoch 007 Train loss -0.9946 | Val loss -0.9954
03-03 11:29:01 -----Epoch 8/19-----
03-03 11:29:12 current lr: 0.00654854
03-03 11:29:12 Saved best checkpoint to ./checkpoint\SSF_PU_0303-112311\best_pt (val_loss=-0.9954)
03-03 11:29:12 Epoch 008 Train loss -0.9947 | Val loss -0.9954
03-03 11:29:12 -----Epoch 9/19-----
03-03 11:29:23 current lr: 0.00578639
03-03 11:29:23 No improvement in val_loss for 1/5 epochs.
03-03 11:29:23 Epoch 009 Train loss -0.9947 | Val loss -0.9954
03-03 11:29:23 -----Epoch 10/19-----
03-03 11:29:34 current lr: 0.005005
03-03 11:29:34 No improvement in val_loss for 2/5 epochs.
03-03 11:29:34 Epoch 010 Train loss -0.9947 | Val loss -0.9954
03-03 11:29:34 -----Epoch 11/19-----
03-03 11:29:45 current lr: 0.00422361
03-03 11:29:45 No improvement in val_loss for 3/5 epochs.
03-03 11:29:45 Epoch 011 Train loss -0.9947 | Val loss -0.9953
03-03 11:29:45 -----Epoch 12/19-----
03-03 11:29:57 current lr: 0.00346146
03-03 11:29:57 No improvement in val_loss for 4/5 epochs.
03-03 11:29:57 Epoch 012 Train loss -0.9947 | Val loss -0.9953
03-03 11:29:57 -----Epoch 13/19-----
03-03 11:30:08 current lr: 0.00273732
03-03 11:30:08 No improvement in val_loss for 5/5 epochs.
03-03 11:30:08 Early stopping at epoch 13 (best val_loss=-0.9954).
03-03 11:30:08 Epoch 013 Train loss -0.9947 | Val loss -0.9953
03-03 11:30:08 -----Epoch 14/19-----
03-03 11:30:18 current lr: 0.00206901
03-03 11:30:18 No improvement in val_loss for 6/5 epochs.
03-03 11:30:18 Early stopping at epoch 14 (best val_loss=-0.9954).
03-03 11:30:18 Epoch 014 Train loss -0.9947 | Val loss -0.9953
03-03 11:30:18 -----Epoch 15/19-----
03-03 11:30:29 current lr: 0.001473
03-03 11:30:29 No improvement in val_loss for 7/5 epochs.
03-03 11:30:29 Early stopping at epoch 15 (best val_loss=-0.9954).
03-03 11:30:29 Epoch 015 Train loss -0.9946 | Val loss -0.9953
03-03 11:30:29 -----Epoch 16/19-----
03-03 11:30:41 current lr: 0.00096396
03-03 11:30:41 No improvement in val_loss for 8/5 epochs.
03-03 11:30:41 Early stopping at epoch 16 (best val_loss=-0.9954).
03-03 11:30:41 Epoch 016 Train loss -0.9946 | Val loss -0.9953
03-03 11:30:41 -----Epoch 17/19-----
03-03 11:30:51 current lr: 0.000554422
03-03 11:30:51 No improvement in val_loss for 9/5 epochs.
03-03 11:30:51 Early stopping at epoch 17 (best val_loss=-0.9954).
03-03 11:30:51 Epoch 017 Train loss -0.9946 | Val loss -0.9952
03-03 11:30:51 -----Epoch 18/19-----
03-03 11:31:02 current lr: 0.000254473
03-03 11:31:02 No improvement in val_loss for 10/5 epochs.
03-03 11:31:02 Early stopping at epoch 18 (best val_loss=-0.9954).
03-03 11:31:02 Epoch 018 Train loss -0.9946 | Val loss -0.9952
03-03 11:31:02 -----Epoch 19/19-----
03-03 11:31:13 current lr: 7.14967e-05
03-03 11:31:13 No improvement in val_loss for 11/5 epochs.
03-03 11:31:13 Early stopping at epoch 19 (best val_loss=-0.9954).
03-03 11:31:13 Epoch 019 Train loss -0.9946 | Val loss -0.9952
03-03 11:31:14 TEST (last): loss -0.9953
03-03 11:31:14 [LP epoch 00] train_loss=1.2282 train_acc=0.4611 | val_loss=1.1562 val_acc=0.5274 | 
03-03 11:31:15 [LP epoch 01] train_loss=1.0792 train_acc=0.5825 | val_loss=1.0470 val_acc=0.5867 | 
03-03 11:31:16 [LP epoch 02] train_loss=1.0018 train_acc=0.6188 | val_loss=0.9874 val_acc=0.6281 | 
03-03 11:31:17 [LP epoch 03] train_loss=0.9420 train_acc=0.6506 | val_loss=0.9412 val_acc=0.6400 | 
03-03 11:31:18 [LP epoch 04] train_loss=0.8921 train_acc=0.6640 | val_loss=0.9018 val_acc=0.6563 | 
03-03 11:31:18 [LP epoch 05] train_loss=0.8525 train_acc=0.6862 | val_loss=0.8752 val_acc=0.6674 | 
03-03 11:31:19 [LP epoch 06] train_loss=0.8246 train_acc=0.6958 | val_loss=0.8643 val_acc=0.6667 | 
03-03 11:31:20 [LP epoch 07] train_loss=0.8030 train_acc=0.6995 | val_loss=0.8264 val_acc=0.6837 | 
03-03 11:31:20 [LP epoch 08] train_loss=0.7771 train_acc=0.7135 | val_loss=0.8287 val_acc=0.6822 | 
03-03 11:31:21 [LP epoch 09] train_loss=0.7576 train_acc=0.7239 | val_loss=0.8007 val_acc=0.6919 | 
03-03 11:31:22 [LP epoch 10] train_loss=0.7380 train_acc=0.7276 | val_loss=0.8017 val_acc=0.6733 | 
03-03 11:31:23 [LP epoch 11] train_loss=0.7298 train_acc=0.7172 | val_loss=0.7775 val_acc=0.7015 | 
03-03 11:31:23 [LP epoch 12] train_loss=0.7108 train_acc=0.7321 | val_loss=0.7724 val_acc=0.7044 | 
03-03 11:31:24 [LP epoch 13] train_loss=0.6961 train_acc=0.7380 | val_loss=0.7758 val_acc=0.7007 | 
03-03 11:31:25 [LP epoch 14] train_loss=0.6861 train_acc=0.7417 | val_loss=0.7563 val_acc=0.7170 | 
03-03 11:31:26 [LP epoch 15] train_loss=0.6722 train_acc=0.7506 | val_loss=0.7504 val_acc=0.7148 | 
03-03 11:31:26 [LP epoch 16] train_loss=0.6645 train_acc=0.7528 | val_loss=0.7584 val_acc=0.6941 | 
03-03 11:31:27 [LP epoch 17] train_loss=0.6583 train_acc=0.7483 | val_loss=0.7428 val_acc=0.7133 | 
03-03 11:31:28 [LP epoch 18] train_loss=0.6445 train_acc=0.7528 | val_loss=0.7316 val_acc=0.7163 | 
03-03 11:31:29 [LP epoch 19] train_loss=0.6328 train_acc=0.7565 | val_loss=0.7357 val_acc=0.7074 | 
03-03 11:31:29 [LP epoch 20] train_loss=0.6250 train_acc=0.7631 | val_loss=0.7271 val_acc=0.7104 | 
03-03 11:31:30 [LP epoch 21] train_loss=0.6216 train_acc=0.7624 | val_loss=0.7415 val_acc=0.6926 | 
03-03 11:31:31 [LP epoch 22] train_loss=0.6111 train_acc=0.7661 | val_loss=0.7178 val_acc=0.7200 | 
03-03 11:31:31 [LP epoch 23] train_loss=0.6019 train_acc=0.7705 | val_loss=0.7174 val_acc=0.7081 | 
03-03 11:31:32 [LP epoch 24] train_loss=0.5946 train_acc=0.7683 | val_loss=0.7189 val_acc=0.7163 | 
03-03 11:31:33 [LP epoch 25] train_loss=0.5987 train_acc=0.7742 | val_loss=0.7108 val_acc=0.7156 | 
03-03 11:31:34 [LP epoch 26] train_loss=0.5857 train_acc=0.7691 | val_loss=0.7306 val_acc=0.7015 | 
03-03 11:31:34 [LP epoch 27] train_loss=0.5862 train_acc=0.7779 | val_loss=0.7107 val_acc=0.7222 | 
03-03 11:31:35 [LP epoch 28] train_loss=0.5718 train_acc=0.7742 | val_loss=0.7150 val_acc=0.7052 | 
03-03 11:31:36 [LP epoch 29] train_loss=0.5646 train_acc=0.7883 | val_loss=0.7032 val_acc=0.7178 | 
03-03 11:31:36 [LP epoch 30] train_loss=0.5575 train_acc=0.7861 | val_loss=0.7121 val_acc=0.7178 | 
03-03 11:31:37 [LP epoch 31] train_loss=0.5610 train_acc=0.7861 | val_loss=0.7042 val_acc=0.7222 | 
03-03 11:31:38 [LP epoch 32] train_loss=0.5484 train_acc=0.7979 | val_loss=0.7033 val_acc=0.7178 | 
03-03 11:31:39 [LP epoch 33] train_loss=0.5548 train_acc=0.7935 | val_loss=0.7047 val_acc=0.7215 | 
03-03 11:31:39 [LP epoch 34] train_loss=0.5375 train_acc=0.7935 | val_loss=0.7008 val_acc=0.7193 | 
03-03 11:31:40 [LP epoch 35] train_loss=0.5337 train_acc=0.7964 | val_loss=0.6935 val_acc=0.7244 | 
03-03 11:31:41 [LP epoch 36] train_loss=0.5264 train_acc=0.8001 | val_loss=0.6894 val_acc=0.7311 | 
03-03 11:31:42 [LP epoch 37] train_loss=0.5213 train_acc=0.8053 | val_loss=0.6921 val_acc=0.7252 | 
03-03 11:31:42 [LP epoch 38] train_loss=0.5148 train_acc=0.8046 | val_loss=0.6983 val_acc=0.7230 | 
03-03 11:31:43 [LP epoch 39] train_loss=0.5169 train_acc=0.8016 | val_loss=0.6898 val_acc=0.7281 | 
03-03 11:31:44 [LP epoch 40] train_loss=0.5111 train_acc=0.8090 | val_loss=0.6963 val_acc=0.7237 | 
03-03 11:31:45 [LP epoch 41] train_loss=0.5109 train_acc=0.8090 | val_loss=0.6865 val_acc=0.7281 | 
03-03 11:31:45 [LP epoch 42] train_loss=0.5035 train_acc=0.8024 | val_loss=0.6962 val_acc=0.7259 | 
03-03 11:31:46 [LP epoch 43] train_loss=0.5037 train_acc=0.8120 | val_loss=0.6922 val_acc=0.7267 | 
03-03 11:31:47 [LP epoch 44] train_loss=0.5044 train_acc=0.8061 | val_loss=0.6799 val_acc=0.7378 | 
03-03 11:31:48 [LP epoch 45] train_loss=0.4892 train_acc=0.8150 | val_loss=0.6733 val_acc=0.7415 | 
03-03 11:31:49 [LP epoch 46] train_loss=0.4788 train_acc=0.8201 | val_loss=0.6758 val_acc=0.7393 | 
03-03 11:31:49 [LP epoch 47] train_loss=0.4812 train_acc=0.8150 | val_loss=0.6740 val_acc=0.7348 | 
03-03 11:31:50 [LP epoch 48] train_loss=0.4754 train_acc=0.8209 | val_loss=0.6761 val_acc=0.7356 | 
03-03 11:31:51 [LP epoch 49] train_loss=0.4731 train_acc=0.8150 | val_loss=0.6781 val_acc=0.7259 | 
03-03 11:31:51 Saved linear-probe checkpoint: ./checkpoint\SSF_PU_0303-112311\linear_probe_best.pt (best_val_acc=0.7415)
03-03 11:31:51 TEST linear-probe: loss=0.6177 acc=0.7631
03-03 11:31:51 model_name: SSF
03-03 11:31:51 data_name: PU
03-03 11:31:51 aug_1: randomcrop
03-03 11:31:51 aug_2: scale
03-03 11:31:51 max_epoch: 20
03-03 11:31:51 classifier_epoch: 50
03-03 11:31:51 data_view: TwoViewDataset
03-03 11:31:51 cuda_device: 0
03-03 11:31:51 checkpoint_dir: ./checkpoint
03-03 11:31:51 batch_size: 32
03-03 11:31:51 data_dir: raw_data/PU
03-03 11:31:51 out_channel: 4
03-03 11:31:51 normlizetype: minus_one_one
03-03 11:31:51 processing_type: RA
03-03 11:31:51 opt: sgd
03-03 11:31:51 lr: 0.01
03-03 11:31:51 momentum: 0.9
03-03 11:31:51 weight_decay: 1e-05
03-03 11:31:51 lr_scheduler: cos
03-03 11:31:51 gamma: 0.1
03-03 11:31:51 eta_min: 1e-05
03-03 11:31:51 latent_space: 96
03-03 11:31:51 num_blocks_ssf: 5
03-03 11:31:51 task: self_supervised
03-03 11:31:51 critetion: <class 'utils.loss_SSL.SimSiamLoss'>
03-03 11:31:51 using 1 gpus
03-03 11:31:51 Dataset class: <class 'data_utils.datasets.PU.PU'>
03-03 11:31:52 Split sizes: train=12607 val=1350 test=2702, classier=1351
03-03 11:31:53 Label counts train: Counter({3: 3504, 0: 3501, 1: 3500, 2: 2102})
03-03 11:31:53 Label counts val:   Counter({1: 375, 0: 375, 3: 375, 2: 225})
03-03 11:31:53 Label counts test:  Counter({3: 751, 1: 750, 0: 750, 2: 451})
03-03 11:31:53 Label counts classifier:  Counter({3: 376, 1: 375, 0: 375, 2: 225})
03-03 11:31:53 -----Epoch 0/19-----
03-03 11:32:05 current lr: 0.01
03-03 11:32:05 Saved best checkpoint to ./checkpoint\SSF_PU_0303-112311\best_pt (val_loss=-0.9891)
03-03 11:32:05 Epoch 000 Train loss -0.9551 | Val loss -0.9891
03-03 11:32:05 -----Epoch 1/19-----
03-03 11:32:17 current lr: 0.0099385
03-03 11:32:17 Saved best checkpoint to ./checkpoint\SSF_PU_0303-112311\best_pt (val_loss=-0.9913)
03-03 11:32:17 Epoch 001 Train loss -0.9900 | Val loss -0.9913
03-03 11:32:17 -----Epoch 2/19-----
03-03 11:32:27 current lr: 0.00975553
03-03 11:32:27 Saved best checkpoint to ./checkpoint\SSF_PU_0303-112311\best_pt (val_loss=-0.9928)
03-03 11:32:27 Epoch 002 Train loss -0.9917 | Val loss -0.9928
03-03 11:32:27 -----Epoch 3/19-----
03-03 11:32:38 current lr: 0.00945558
03-03 11:32:38 Saved best checkpoint to ./checkpoint\SSF_PU_0303-112311\best_pt (val_loss=-0.9938)
03-03 11:32:38 Epoch 003 Train loss -0.9929 | Val loss -0.9938
03-03 11:32:38 -----Epoch 4/19-----
03-03 11:32:49 current lr: 0.00904604
03-03 11:32:49 Saved best checkpoint to ./checkpoint\SSF_PU_0303-112311\best_pt (val_loss=-0.9943)
03-03 11:32:49 Epoch 004 Train loss -0.9936 | Val loss -0.9943
03-03 11:32:49 -----Epoch 5/19-----
03-03 11:33:01 current lr: 0.008537
03-03 11:33:01 Saved best checkpoint to ./checkpoint\SSF_PU_0303-112311\best_pt (val_loss=-0.9947)
03-03 11:33:01 Epoch 005 Train loss -0.9940 | Val loss -0.9947
03-03 11:33:01 -----Epoch 6/19-----
03-03 11:33:11 current lr: 0.00794099
03-03 11:33:11 Saved best checkpoint to ./checkpoint\SSF_PU_0303-112311\best_pt (val_loss=-0.9949)
03-03 11:33:11 Epoch 006 Train loss -0.9942 | Val loss -0.9949
03-03 11:33:11 -----Epoch 7/19-----
03-03 11:33:23 current lr: 0.00727268
03-03 11:33:23 Saved best checkpoint to ./checkpoint\SSF_PU_0303-112311\best_pt (val_loss=-0.9950)
03-03 11:33:23 Epoch 007 Train loss -0.9944 | Val loss -0.9950
03-03 11:33:23 -----Epoch 8/19-----
03-03 11:33:34 current lr: 0.00654854
03-03 11:33:34 Saved best checkpoint to ./checkpoint\SSF_PU_0303-112311\best_pt (val_loss=-0.9951)
03-03 11:33:34 Epoch 008 Train loss -0.9945 | Val loss -0.9951
03-03 11:33:34 -----Epoch 9/19-----
03-03 11:33:45 current lr: 0.00578639
03-03 11:33:45 Saved best checkpoint to ./checkpoint\SSF_PU_0303-112311\best_pt (val_loss=-0.9953)
03-03 11:33:45 Epoch 009 Train loss -0.9946 | Val loss -0.9953
03-03 11:33:45 -----Epoch 10/19-----
03-03 11:33:56 current lr: 0.005005
03-03 11:33:56 Saved best checkpoint to ./checkpoint\SSF_PU_0303-112311\best_pt (val_loss=-0.9954)
03-03 11:33:56 Epoch 010 Train loss -0.9948 | Val loss -0.9954
03-03 11:33:56 -----Epoch 11/19-----
03-03 11:34:07 current lr: 0.00422361
03-03 11:34:07 Saved best checkpoint to ./checkpoint\SSF_PU_0303-112311\best_pt (val_loss=-0.9956)
03-03 11:34:07 Epoch 011 Train loss -0.9949 | Val loss -0.9956
03-03 11:34:07 -----Epoch 12/19-----
03-03 11:34:19 current lr: 0.00346146
03-03 11:34:19 Saved best checkpoint to ./checkpoint\SSF_PU_0303-112311\best_pt (val_loss=-0.9957)
03-03 11:34:19 Epoch 012 Train loss -0.9950 | Val loss -0.9957
03-03 11:34:19 -----Epoch 13/19-----
03-03 11:34:29 current lr: 0.00273732
03-03 11:34:29 Saved best checkpoint to ./checkpoint\SSF_PU_0303-112311\best_pt (val_loss=-0.9957)
03-03 11:34:29 Epoch 013 Train loss -0.9951 | Val loss -0.9957
03-03 11:34:29 -----Epoch 14/19-----
03-03 11:34:40 current lr: 0.00206901
03-03 11:34:40 Saved best checkpoint to ./checkpoint\SSF_PU_0303-112311\best_pt (val_loss=-0.9958)
03-03 11:34:40 Epoch 014 Train loss -0.9952 | Val loss -0.9958
03-03 11:34:40 -----Epoch 15/19-----
03-03 11:34:51 current lr: 0.001473
03-03 11:34:51 Saved best checkpoint to ./checkpoint\SSF_PU_0303-112311\best_pt (val_loss=-0.9958)
03-03 11:34:51 Epoch 015 Train loss -0.9953 | Val loss -0.9958
03-03 11:34:51 -----Epoch 16/19-----
03-03 11:35:02 current lr: 0.00096396
03-03 11:35:02 Saved best checkpoint to ./checkpoint\SSF_PU_0303-112311\best_pt (val_loss=-0.9959)
03-03 11:35:02 Epoch 016 Train loss -0.9953 | Val loss -0.9959
03-03 11:35:02 -----Epoch 17/19-----
03-03 11:35:13 current lr: 0.000554422
03-03 11:35:13 Saved best checkpoint to ./checkpoint\SSF_PU_0303-112311\best_pt (val_loss=-0.9959)
03-03 11:35:13 Epoch 017 Train loss -0.9953 | Val loss -0.9959
03-03 11:35:13 -----Epoch 18/19-----
03-03 11:35:24 current lr: 0.000254473
03-03 11:35:24 Saved best checkpoint to ./checkpoint\SSF_PU_0303-112311\best_pt (val_loss=-0.9959)
03-03 11:35:24 Epoch 018 Train loss -0.9953 | Val loss -0.9959
03-03 11:35:24 -----Epoch 19/19-----
03-03 11:35:35 current lr: 7.14967e-05
03-03 11:35:35 Saved best checkpoint to ./checkpoint\SSF_PU_0303-112311\best_pt (val_loss=-0.9959)
03-03 11:35:35 Epoch 019 Train loss -0.9953 | Val loss -0.9959
03-03 11:35:36 TEST (last): loss -0.9959
03-03 11:35:37 [LP epoch 00] train_loss=1.2855 train_acc=0.4115 | val_loss=1.1943 val_acc=0.5259 | 
03-03 11:35:37 [LP epoch 01] train_loss=1.0789 train_acc=0.5929 | val_loss=1.0287 val_acc=0.6237 | 
03-03 11:35:38 [LP epoch 02] train_loss=0.9719 train_acc=0.6440 | val_loss=0.9508 val_acc=0.6570 | 
03-03 11:35:39 [LP epoch 03] train_loss=0.9025 train_acc=0.6825 | val_loss=0.8962 val_acc=0.6733 | 
03-03 11:35:40 [LP epoch 04] train_loss=0.8516 train_acc=0.6987 | val_loss=0.8542 val_acc=0.6785 | 
03-03 11:35:40 [LP epoch 05] train_loss=0.8099 train_acc=0.7143 | val_loss=0.8317 val_acc=0.6867 | 
03-03 11:35:41 [LP epoch 06] train_loss=0.7810 train_acc=0.7076 | val_loss=0.8087 val_acc=0.6956 | 
03-03 11:35:42 [LP epoch 07] train_loss=0.7545 train_acc=0.7195 | val_loss=0.7949 val_acc=0.6941 | 
03-03 11:35:42 [LP epoch 08] train_loss=0.7298 train_acc=0.7321 | val_loss=0.7780 val_acc=0.7059 | 
03-03 11:35:43 [LP epoch 09] train_loss=0.7077 train_acc=0.7409 | val_loss=0.7606 val_acc=0.7096 | 
03-03 11:35:44 [LP epoch 10] train_loss=0.6936 train_acc=0.7417 | val_loss=0.7573 val_acc=0.7133 | 
03-03 11:35:44 [LP epoch 11] train_loss=0.6777 train_acc=0.7506 | val_loss=0.7429 val_acc=0.7178 | 
03-03 11:35:45 [LP epoch 12] train_loss=0.6636 train_acc=0.7520 | val_loss=0.7434 val_acc=0.7163 | 
03-03 11:35:46 [LP epoch 13] train_loss=0.6488 train_acc=0.7565 | val_loss=0.7375 val_acc=0.7111 | 
03-03 11:35:47 [LP epoch 14] train_loss=0.6413 train_acc=0.7513 | val_loss=0.7302 val_acc=0.7133 | 
03-03 11:35:47 [LP epoch 15] train_loss=0.6296 train_acc=0.7543 | val_loss=0.7298 val_acc=0.7104 | 
03-03 11:35:48 [LP epoch 16] train_loss=0.6207 train_acc=0.7587 | val_loss=0.7248 val_acc=0.7156 | 
03-03 11:35:49 [LP epoch 17] train_loss=0.6130 train_acc=0.7624 | val_loss=0.7114 val_acc=0.7185 | 
03-03 11:35:49 [LP epoch 18] train_loss=0.6023 train_acc=0.7646 | val_loss=0.7139 val_acc=0.7185 | 
03-03 11:35:50 [LP epoch 19] train_loss=0.5935 train_acc=0.7720 | val_loss=0.7020 val_acc=0.7230 | 
03-03 11:35:51 [LP epoch 20] train_loss=0.5813 train_acc=0.7705 | val_loss=0.6999 val_acc=0.7170 | 
03-03 11:35:51 [LP epoch 21] train_loss=0.5767 train_acc=0.7705 | val_loss=0.7028 val_acc=0.7252 | 
03-03 11:35:52 [LP epoch 22] train_loss=0.5688 train_acc=0.7787 | val_loss=0.7006 val_acc=0.7267 | 
03-03 11:35:53 [LP epoch 23] train_loss=0.5648 train_acc=0.7779 | val_loss=0.6923 val_acc=0.7267 | 
03-03 11:35:54 [LP epoch 24] train_loss=0.5565 train_acc=0.7802 | val_loss=0.6924 val_acc=0.7296 | 
03-03 11:35:54 [LP epoch 25] train_loss=0.5517 train_acc=0.7839 | val_loss=0.6898 val_acc=0.7274 | 
03-03 11:35:55 [LP epoch 26] train_loss=0.5471 train_acc=0.7853 | val_loss=0.6929 val_acc=0.7207 | 
03-03 11:35:56 [LP epoch 27] train_loss=0.5386 train_acc=0.7898 | val_loss=0.6888 val_acc=0.7252 | 
03-03 11:35:56 [LP epoch 28] train_loss=0.5314 train_acc=0.7957 | val_loss=0.6855 val_acc=0.7289 | 
03-03 11:35:57 [LP epoch 29] train_loss=0.5237 train_acc=0.8016 | val_loss=0.6848 val_acc=0.7311 | 
03-03 11:35:58 [LP epoch 30] train_loss=0.5178 train_acc=0.8075 | val_loss=0.6709 val_acc=0.7356 | 
03-03 11:35:59 [LP epoch 31] train_loss=0.5244 train_acc=0.7994 | val_loss=0.6822 val_acc=0.7348 | 
03-03 11:35:59 [LP epoch 32] train_loss=0.5146 train_acc=0.8061 | val_loss=0.6665 val_acc=0.7341 | 
03-03 11:36:00 [LP epoch 33] train_loss=0.5035 train_acc=0.8068 | val_loss=0.6743 val_acc=0.7326 | 
03-03 11:36:01 [LP epoch 34] train_loss=0.5021 train_acc=0.8120 | val_loss=0.6640 val_acc=0.7370 | 
03-03 11:36:02 [LP epoch 35] train_loss=0.4982 train_acc=0.8090 | val_loss=0.6624 val_acc=0.7378 | 
03-03 11:36:03 [LP epoch 36] train_loss=0.4924 train_acc=0.8150 | val_loss=0.6681 val_acc=0.7415 | 
03-03 11:36:03 [LP epoch 37] train_loss=0.4905 train_acc=0.8120 | val_loss=0.6663 val_acc=0.7444 | 
03-03 11:36:04 [LP epoch 38] train_loss=0.4856 train_acc=0.8150 | val_loss=0.6692 val_acc=0.7378 | 
03-03 11:36:05 [LP epoch 39] train_loss=0.4797 train_acc=0.8157 | val_loss=0.6547 val_acc=0.7474 | 
03-03 11:36:06 [LP epoch 40] train_loss=0.4745 train_acc=0.8224 | val_loss=0.6533 val_acc=0.7504 | 
03-03 11:36:06 [LP epoch 41] train_loss=0.4725 train_acc=0.8194 | val_loss=0.6542 val_acc=0.7489 | 
03-03 11:36:07 [LP epoch 42] train_loss=0.4621 train_acc=0.8261 | val_loss=0.6515 val_acc=0.7511 | 
03-03 11:36:08 [LP epoch 43] train_loss=0.4672 train_acc=0.8201 | val_loss=0.6632 val_acc=0.7481 | 
03-03 11:36:08 [LP epoch 44] train_loss=0.4589 train_acc=0.8275 | val_loss=0.6524 val_acc=0.7541 | 
03-03 11:36:09 [LP epoch 45] train_loss=0.4538 train_acc=0.8283 | val_loss=0.6538 val_acc=0.7496 | 
03-03 11:36:10 [LP epoch 46] train_loss=0.4475 train_acc=0.8335 | val_loss=0.6526 val_acc=0.7504 | 
03-03 11:36:11 [LP epoch 47] train_loss=0.4385 train_acc=0.8394 | val_loss=0.6512 val_acc=0.7504 | 
03-03 11:36:12 [LP epoch 48] train_loss=0.4427 train_acc=0.8423 | val_loss=0.6532 val_acc=0.7504 | 
03-03 11:36:12 [LP epoch 49] train_loss=0.4320 train_acc=0.8438 | val_loss=0.6505 val_acc=0.7504 | 
03-03 11:36:12 Saved linear-probe checkpoint: ./checkpoint\SSF_PU_0303-112311\linear_probe_best.pt (best_val_acc=0.7541)
03-03 11:36:13 TEST linear-probe: loss=0.5563 acc=0.7887
03-03 11:36:13 model_name: SSF
03-03 11:36:13 data_name: PU
03-03 11:36:13 aug_1: randomcrop
03-03 11:36:13 aug_2: scale
03-03 11:36:13 max_epoch: 20
03-03 11:36:13 classifier_epoch: 50
03-03 11:36:13 data_view: TwoViewDataset
03-03 11:36:13 cuda_device: 0
03-03 11:36:13 checkpoint_dir: ./checkpoint
03-03 11:36:13 batch_size: 32
03-03 11:36:13 data_dir: raw_data/PU
03-03 11:36:13 out_channel: 4
03-03 11:36:13 normlizetype: minus_one_one
03-03 11:36:13 processing_type: RA
03-03 11:36:13 opt: sgd
03-03 11:36:13 lr: 0.01
03-03 11:36:13 momentum: 0.9
03-03 11:36:13 weight_decay: 1e-05
03-03 11:36:13 lr_scheduler: cos
03-03 11:36:13 gamma: 0.1
03-03 11:36:13 eta_min: 1e-05
03-03 11:36:13 latent_space: 96
03-03 11:36:13 num_blocks_ssf: 5
03-03 11:36:13 task: self_supervised
03-03 11:36:13 critetion: <class 'utils.loss_SSL.SimSiamLoss'>
03-03 11:36:13 using 1 gpus
03-03 11:36:13 Dataset class: <class 'data_utils.datasets.PU.PU'>
03-03 11:36:13 Split sizes: train=12607 val=1350 test=2702, classier=1351
03-03 11:36:14 Label counts train: Counter({3: 3504, 0: 3501, 1: 3500, 2: 2102})
03-03 11:36:14 Label counts val:   Counter({1: 375, 0: 375, 3: 375, 2: 225})
03-03 11:36:15 Label counts test:  Counter({3: 751, 1: 750, 0: 750, 2: 451})
03-03 11:36:15 Label counts classifier:  Counter({3: 376, 1: 375, 0: 375, 2: 225})
03-03 11:36:15 -----Epoch 0/19-----
03-03 11:36:27 current lr: 0.01
03-03 11:36:27 Saved best checkpoint to ./checkpoint\SSF_PU_0303-112311\best_pt (val_loss=-0.9882)
03-03 11:36:27 Epoch 000 Train loss -0.9533 | Val loss -0.9882
03-03 11:36:27 -----Epoch 1/19-----
03-03 11:36:38 current lr: 0.0099385
03-03 11:36:38 Saved best checkpoint to ./checkpoint\SSF_PU_0303-112311\best_pt (val_loss=-0.9915)
03-03 11:36:38 Epoch 001 Train loss -0.9896 | Val loss -0.9915
03-03 11:36:38 -----Epoch 2/19-----
03-03 11:36:48 current lr: 0.00975553
03-03 11:36:48 Saved best checkpoint to ./checkpoint\SSF_PU_0303-112311\best_pt (val_loss=-0.9929)
03-03 11:36:48 Epoch 002 Train loss -0.9917 | Val loss -0.9929
03-03 11:36:48 -----Epoch 3/19-----
03-03 11:36:59 current lr: 0.00945558
03-03 11:36:59 Saved best checkpoint to ./checkpoint\SSF_PU_0303-112311\best_pt (val_loss=-0.9937)
03-03 11:36:59 Epoch 003 Train loss -0.9928 | Val loss -0.9937
03-03 11:36:59 -----Epoch 4/19-----
03-03 11:37:11 current lr: 0.00904604
03-03 11:37:11 Saved best checkpoint to ./checkpoint\SSF_PU_0303-112311\best_pt (val_loss=-0.9943)
03-03 11:37:11 Epoch 004 Train loss -0.9934 | Val loss -0.9943
03-03 11:37:11 -----Epoch 5/19-----
03-03 11:37:22 current lr: 0.008537
03-03 11:37:22 Saved best checkpoint to ./checkpoint\SSF_PU_0303-112311\best_pt (val_loss=-0.9946)
03-03 11:37:22 Epoch 005 Train loss -0.9938 | Val loss -0.9946
03-03 11:37:22 -----Epoch 6/19-----
03-03 11:37:33 current lr: 0.00794099
03-03 11:37:33 Saved best checkpoint to ./checkpoint\SSF_PU_0303-112311\best_pt (val_loss=-0.9947)
03-03 11:37:33 Epoch 006 Train loss -0.9940 | Val loss -0.9947
03-03 11:37:33 -----Epoch 7/19-----
03-03 11:37:45 current lr: 0.00727268
03-03 11:37:45 Saved best checkpoint to ./checkpoint\SSF_PU_0303-112311\best_pt (val_loss=-0.9947)
03-03 11:37:45 Epoch 007 Train loss -0.9941 | Val loss -0.9947
03-03 11:37:45 -----Epoch 8/19-----
03-03 11:37:56 current lr: 0.00654854
03-03 11:37:56 No improvement in val_loss for 1/5 epochs.
03-03 11:37:56 Epoch 008 Train loss -0.9941 | Val loss -0.9947
03-03 11:37:56 -----Epoch 9/19-----
03-03 11:38:07 current lr: 0.00578639
03-03 11:38:07 Saved best checkpoint to ./checkpoint\SSF_PU_0303-112311\best_pt (val_loss=-0.9948)
03-03 11:38:07 Epoch 009 Train loss -0.9941 | Val loss -0.9948
03-03 11:38:07 -----Epoch 10/19-----
03-03 11:38:18 current lr: 0.005005
03-03 11:38:18 Saved best checkpoint to ./checkpoint\SSF_PU_0303-112311\best_pt (val_loss=-0.9950)
03-03 11:38:18 Epoch 010 Train loss -0.9942 | Val loss -0.9950
03-03 11:38:18 -----Epoch 11/19-----
03-03 11:38:29 current lr: 0.00422361
03-03 11:38:29 Saved best checkpoint to ./checkpoint\SSF_PU_0303-112311\best_pt (val_loss=-0.9951)
03-03 11:38:29 Epoch 011 Train loss -0.9944 | Val loss -0.9951
03-03 11:38:29 -----Epoch 12/19-----
03-03 11:38:40 current lr: 0.00346146
03-03 11:38:40 Saved best checkpoint to ./checkpoint\SSF_PU_0303-112311\best_pt (val_loss=-0.9953)
03-03 11:38:40 Epoch 012 Train loss -0.9945 | Val loss -0.9953
03-03 11:38:40 -----Epoch 13/19-----
03-03 11:38:51 current lr: 0.00273732
03-03 11:38:51 Saved best checkpoint to ./checkpoint\SSF_PU_0303-112311\best_pt (val_loss=-0.9953)
03-03 11:38:51 Epoch 013 Train loss -0.9946 | Val loss -0.9953
03-03 11:38:51 -----Epoch 14/19-----
03-03 11:39:02 current lr: 0.00206901
03-03 11:39:02 Saved best checkpoint to ./checkpoint\SSF_PU_0303-112311\best_pt (val_loss=-0.9954)
03-03 11:39:02 Epoch 014 Train loss -0.9947 | Val loss -0.9954
03-03 11:39:02 -----Epoch 15/19-----
03-03 11:39:13 current lr: 0.001473
03-03 11:39:13 Saved best checkpoint to ./checkpoint\SSF_PU_0303-112311\best_pt (val_loss=-0.9954)
03-03 11:39:13 Epoch 015 Train loss -0.9947 | Val loss -0.9954
03-03 11:39:13 -----Epoch 16/19-----
03-03 11:39:23 current lr: 0.00096396
03-03 11:39:23 Saved best checkpoint to ./checkpoint\SSF_PU_0303-112311\best_pt (val_loss=-0.9955)
03-03 11:39:23 Epoch 016 Train loss -0.9948 | Val loss -0.9955
03-03 11:39:23 -----Epoch 17/19-----
03-03 11:39:34 current lr: 0.000554422
03-03 11:39:34 Saved best checkpoint to ./checkpoint\SSF_PU_0303-112311\best_pt (val_loss=-0.9955)
03-03 11:39:34 Epoch 017 Train loss -0.9948 | Val loss -0.9955
03-03 11:39:34 -----Epoch 18/19-----
03-03 11:39:46 current lr: 0.000254473
03-03 11:39:46 Saved best checkpoint to ./checkpoint\SSF_PU_0303-112311\best_pt (val_loss=-0.9955)
03-03 11:39:46 Epoch 018 Train loss -0.9948 | Val loss -0.9955
03-03 11:39:46 -----Epoch 19/19-----
03-03 11:39:56 current lr: 7.14967e-05
03-03 11:39:56 Saved best checkpoint to ./checkpoint\SSF_PU_0303-112311\best_pt (val_loss=-0.9955)
03-03 11:39:56 Epoch 019 Train loss -0.9948 | Val loss -0.9955
03-03 11:39:57 TEST (last): loss -0.9955
03-03 11:39:57 [LP epoch 00] train_loss=1.2673 train_acc=0.4471 | val_loss=1.1749 val_acc=0.5200 | 
03-03 11:39:58 [LP epoch 01] train_loss=1.0722 train_acc=0.5722 | val_loss=1.0335 val_acc=0.5963 | 
03-03 11:39:59 [LP epoch 02] train_loss=0.9717 train_acc=0.6477 | val_loss=0.9599 val_acc=0.6370 | 
03-03 11:39:59 [LP epoch 03] train_loss=0.8989 train_acc=0.6788 | val_loss=0.8986 val_acc=0.6667 | 
03-03 11:40:00 [LP epoch 04] train_loss=0.8447 train_acc=0.7010 | val_loss=0.8575 val_acc=0.6696 | 
03-03 11:40:01 [LP epoch 05] train_loss=0.7984 train_acc=0.7106 | val_loss=0.8208 val_acc=0.6844 | 
03-03 11:40:02 [LP epoch 06] train_loss=0.7595 train_acc=0.7165 | val_loss=0.7898 val_acc=0.6978 | 
03-03 11:40:02 [LP epoch 07] train_loss=0.7274 train_acc=0.7335 | val_loss=0.7739 val_acc=0.6919 | 
03-03 11:40:03 [LP epoch 08] train_loss=0.7045 train_acc=0.7372 | val_loss=0.7594 val_acc=0.6933 | 
03-03 11:40:04 [LP epoch 09] train_loss=0.6795 train_acc=0.7483 | val_loss=0.7485 val_acc=0.6993 | 
03-03 11:40:05 [LP epoch 10] train_loss=0.6624 train_acc=0.7535 | val_loss=0.7430 val_acc=0.6985 | 
03-03 11:40:05 [LP epoch 11] train_loss=0.6454 train_acc=0.7543 | val_loss=0.7304 val_acc=0.7052 | 
03-03 11:40:06 [LP epoch 12] train_loss=0.6314 train_acc=0.7631 | val_loss=0.7181 val_acc=0.7126 | 
03-03 11:40:07 [LP epoch 13] train_loss=0.6190 train_acc=0.7639 | val_loss=0.7098 val_acc=0.7148 | 
03-03 11:40:08 [LP epoch 14] train_loss=0.6061 train_acc=0.7742 | val_loss=0.7062 val_acc=0.7141 | 
03-03 11:40:08 [LP epoch 15] train_loss=0.5967 train_acc=0.7772 | val_loss=0.6939 val_acc=0.7163 | 
03-03 11:40:09 [LP epoch 16] train_loss=0.5787 train_acc=0.7853 | val_loss=0.6916 val_acc=0.7170 | 
03-03 11:40:10 [LP epoch 17] train_loss=0.5715 train_acc=0.7816 | val_loss=0.6880 val_acc=0.7170 | 
03-03 11:40:11 [LP epoch 18] train_loss=0.5645 train_acc=0.7831 | val_loss=0.6880 val_acc=0.7230 | 
03-03 11:40:11 [LP epoch 19] train_loss=0.5546 train_acc=0.7861 | val_loss=0.6759 val_acc=0.7274 | 
03-03 11:40:12 [LP epoch 20] train_loss=0.5449 train_acc=0.7957 | val_loss=0.6784 val_acc=0.7259 | 
03-03 11:40:13 [LP epoch 21] train_loss=0.5389 train_acc=0.7942 | val_loss=0.6682 val_acc=0.7341 | 
03-03 11:40:14 [LP epoch 22] train_loss=0.5321 train_acc=0.8061 | val_loss=0.6717 val_acc=0.7296 | 
03-03 11:40:14 [LP epoch 23] train_loss=0.5252 train_acc=0.8053 | val_loss=0.6604 val_acc=0.7348 | 
03-03 11:40:15 [LP epoch 24] train_loss=0.5164 train_acc=0.8090 | val_loss=0.6613 val_acc=0.7370 | 
03-03 11:40:16 [LP epoch 25] train_loss=0.5179 train_acc=0.8024 | val_loss=0.6556 val_acc=0.7400 | 
03-03 11:40:16 [LP epoch 26] train_loss=0.5045 train_acc=0.8120 | val_loss=0.6589 val_acc=0.7378 | 
03-03 11:40:17 [LP epoch 27] train_loss=0.5016 train_acc=0.8120 | val_loss=0.6528 val_acc=0.7393 | 
03-03 11:40:18 [LP epoch 28] train_loss=0.5058 train_acc=0.8113 | val_loss=0.6482 val_acc=0.7444 | 
03-03 11:40:18 [LP epoch 29] train_loss=0.4881 train_acc=0.8150 | val_loss=0.6498 val_acc=0.7481 | 
03-03 11:40:19 [LP epoch 30] train_loss=0.4871 train_acc=0.8150 | val_loss=0.6531 val_acc=0.7400 | 
03-03 11:40:20 [LP epoch 31] train_loss=0.4840 train_acc=0.8187 | val_loss=0.6496 val_acc=0.7489 | 
03-03 11:40:20 [LP epoch 32] train_loss=0.4703 train_acc=0.8231 | val_loss=0.6464 val_acc=0.7481 | 
03-03 11:40:21 [LP epoch 33] train_loss=0.4707 train_acc=0.8275 | val_loss=0.6497 val_acc=0.7519 | 
03-03 11:40:22 [LP epoch 34] train_loss=0.4668 train_acc=0.8283 | val_loss=0.6494 val_acc=0.7504 | 
03-03 11:40:23 [LP epoch 35] train_loss=0.4692 train_acc=0.8201 | val_loss=0.6532 val_acc=0.7526 | 
03-03 11:40:23 [LP epoch 36] train_loss=0.4627 train_acc=0.8349 | val_loss=0.6470 val_acc=0.7533 | 
03-03 11:40:24 [LP epoch 37] train_loss=0.4551 train_acc=0.8305 | val_loss=0.6410 val_acc=0.7541 | 
03-03 11:40:25 [LP epoch 38] train_loss=0.4511 train_acc=0.8357 | val_loss=0.6481 val_acc=0.7556 | 
03-03 11:40:26 [LP epoch 39] train_loss=0.4598 train_acc=0.8290 | val_loss=0.6416 val_acc=0.7541 | 
03-03 11:40:26 [LP epoch 40] train_loss=0.4401 train_acc=0.8342 | val_loss=0.6509 val_acc=0.7504 | 
03-03 11:40:27 [LP epoch 41] train_loss=0.4525 train_acc=0.8342 | val_loss=0.6578 val_acc=0.7533 | 
03-03 11:40:28 [LP epoch 42] train_loss=0.4467 train_acc=0.8379 | val_loss=0.6493 val_acc=0.7504 | 
03-03 11:40:29 [LP epoch 43] train_loss=0.4337 train_acc=0.8416 | val_loss=0.6525 val_acc=0.7496 | 
03-03 11:40:29 [LP epoch 44] train_loss=0.4388 train_acc=0.8394 | val_loss=0.6335 val_acc=0.7570 | 
03-03 11:40:30 [LP epoch 45] train_loss=0.4305 train_acc=0.8438 | val_loss=0.6599 val_acc=0.7496 | 
03-03 11:40:31 [LP epoch 46] train_loss=0.4356 train_acc=0.8386 | val_loss=0.6500 val_acc=0.7504 | 
03-03 11:40:32 [LP epoch 47] train_loss=0.4208 train_acc=0.8490 | val_loss=0.6483 val_acc=0.7511 | 
03-03 11:40:32 [LP epoch 48] train_loss=0.4210 train_acc=0.8460 | val_loss=0.6397 val_acc=0.7511 | 
03-03 11:40:33 [LP epoch 49] train_loss=0.4161 train_acc=0.8468 | val_loss=0.6428 val_acc=0.7556 | 
03-03 11:40:33 Saved linear-probe checkpoint: ./checkpoint\SSF_PU_0303-112311\linear_probe_best.pt (best_val_acc=0.7570)
03-03 11:40:34 TEST linear-probe: loss=0.5638 acc=0.7842
03-03 11:40:34 model_name: SSF
03-03 11:40:34 data_name: PU
03-03 11:40:34 aug_1: randomcrop
03-03 11:40:34 aug_2: scale
03-03 11:40:34 max_epoch: 20
03-03 11:40:34 classifier_epoch: 50
03-03 11:40:34 data_view: TwoViewDataset
03-03 11:40:34 cuda_device: 0
03-03 11:40:34 checkpoint_dir: ./checkpoint
03-03 11:40:34 batch_size: 32
03-03 11:40:34 data_dir: raw_data/PU
03-03 11:40:34 out_channel: 4
03-03 11:40:34 normlizetype: minus_one_one
03-03 11:40:34 processing_type: RA
03-03 11:40:34 opt: sgd
03-03 11:40:34 lr: 0.01
03-03 11:40:34 momentum: 0.9
03-03 11:40:34 weight_decay: 1e-05
03-03 11:40:34 lr_scheduler: cos
03-03 11:40:34 gamma: 0.1
03-03 11:40:34 eta_min: 1e-05
03-03 11:40:34 latent_space: 96
03-03 11:40:34 num_blocks_ssf: 5
03-03 11:40:34 task: self_supervised
03-03 11:40:34 critetion: <class 'utils.loss_SSL.SimSiamLoss'>
03-03 11:40:34 using 1 gpus
03-03 11:40:34 Dataset class: <class 'data_utils.datasets.PU.PU'>
03-03 11:40:34 Split sizes: train=12607 val=1350 test=2702, classier=1351
03-03 11:40:35 Label counts train: Counter({3: 3504, 0: 3501, 1: 3500, 2: 2102})
03-03 11:40:35 Label counts val:   Counter({1: 375, 0: 375, 3: 375, 2: 225})
03-03 11:40:35 Label counts test:  Counter({3: 751, 1: 750, 0: 750, 2: 451})
03-03 11:40:35 Label counts classifier:  Counter({3: 376, 1: 375, 0: 375, 2: 225})
03-03 11:40:35 -----Epoch 0/19-----
03-03 11:40:47 current lr: 0.01
03-03 11:40:47 Saved best checkpoint to ./checkpoint\SSF_PU_0303-112311\best_pt (val_loss=-0.9880)
03-03 11:40:47 Epoch 000 Train loss -0.9543 | Val loss -0.9880
03-03 11:40:47 -----Epoch 1/19-----
03-03 11:40:57 current lr: 0.0099385
03-03 11:40:57 Saved best checkpoint to ./checkpoint\SSF_PU_0303-112311\best_pt (val_loss=-0.9918)
03-03 11:40:57 Epoch 001 Train loss -0.9899 | Val loss -0.9918
03-03 11:40:57 -----Epoch 2/19-----
03-03 11:41:08 current lr: 0.00975553
03-03 11:41:08 Saved best checkpoint to ./checkpoint\SSF_PU_0303-112311\best_pt (val_loss=-0.9932)
03-03 11:41:08 Epoch 002 Train loss -0.9921 | Val loss -0.9932
03-03 11:41:08 -----Epoch 3/19-----
03-03 11:41:19 current lr: 0.00945558
03-03 11:41:19 Saved best checkpoint to ./checkpoint\SSF_PU_0303-112311\best_pt (val_loss=-0.9939)
03-03 11:41:19 Epoch 003 Train loss -0.9931 | Val loss -0.9939
03-03 11:41:19 -----Epoch 4/19-----
03-03 11:41:30 current lr: 0.00904604
03-03 11:41:30 Saved best checkpoint to ./checkpoint\SSF_PU_0303-112311\best_pt (val_loss=-0.9944)
03-03 11:41:30 Epoch 004 Train loss -0.9937 | Val loss -0.9944
03-03 11:41:30 -----Epoch 5/19-----
03-03 11:41:41 current lr: 0.008537
03-03 11:41:41 Saved best checkpoint to ./checkpoint\SSF_PU_0303-112311\best_pt (val_loss=-0.9947)
03-03 11:41:41 Epoch 005 Train loss -0.9940 | Val loss -0.9947
03-03 11:41:41 -----Epoch 6/19-----
03-03 11:41:52 current lr: 0.00794099
03-03 11:41:52 Saved best checkpoint to ./checkpoint\SSF_PU_0303-112311\best_pt (val_loss=-0.9949)
03-03 11:41:52 Epoch 006 Train loss -0.9942 | Val loss -0.9949
03-03 11:41:52 -----Epoch 7/19-----
03-03 11:42:04 current lr: 0.00727268
03-03 11:42:04 Saved best checkpoint to ./checkpoint\SSF_PU_0303-112311\best_pt (val_loss=-0.9951)
03-03 11:42:04 Epoch 007 Train loss -0.9945 | Val loss -0.9951
03-03 11:42:04 -----Epoch 8/19-----
03-03 11:42:15 current lr: 0.00654854
03-03 11:42:15 Saved best checkpoint to ./checkpoint\SSF_PU_0303-112311\best_pt (val_loss=-0.9953)
03-03 11:42:15 Epoch 008 Train loss -0.9947 | Val loss -0.9953
03-03 11:42:15 -----Epoch 9/19-----
03-03 11:42:25 current lr: 0.00578639
03-03 11:42:25 Saved best checkpoint to ./checkpoint\SSF_PU_0303-112311\best_pt (val_loss=-0.9955)
03-03 11:42:25 Epoch 009 Train loss -0.9948 | Val loss -0.9955
03-03 11:42:25 -----Epoch 10/19-----
03-03 11:42:36 current lr: 0.005005
03-03 11:42:36 Saved best checkpoint to ./checkpoint\SSF_PU_0303-112311\best_pt (val_loss=-0.9956)
03-03 11:42:36 Epoch 010 Train loss -0.9949 | Val loss -0.9956
03-03 11:42:36 -----Epoch 11/19-----
03-03 11:42:47 current lr: 0.00422361
03-03 11:42:47 Saved best checkpoint to ./checkpoint\SSF_PU_0303-112311\best_pt (val_loss=-0.9957)
03-03 11:42:47 Epoch 011 Train loss -0.9950 | Val loss -0.9957
03-03 11:42:47 -----Epoch 12/19-----
03-03 11:42:58 current lr: 0.00346146
03-03 11:42:58 Saved best checkpoint to ./checkpoint\SSF_PU_0303-112311\best_pt (val_loss=-0.9957)
03-03 11:42:58 Epoch 012 Train loss -0.9951 | Val loss -0.9957
03-03 11:42:58 -----Epoch 13/19-----
03-03 11:43:08 current lr: 0.00273732
03-03 11:43:08 Saved best checkpoint to ./checkpoint\SSF_PU_0303-112311\best_pt (val_loss=-0.9958)
03-03 11:43:08 Epoch 013 Train loss -0.9952 | Val loss -0.9958
03-03 11:43:08 -----Epoch 14/19-----
03-03 11:43:20 current lr: 0.00206901
03-03 11:43:20 Saved best checkpoint to ./checkpoint\SSF_PU_0303-112311\best_pt (val_loss=-0.9958)
03-03 11:43:20 Epoch 014 Train loss -0.9952 | Val loss -0.9958
03-03 11:43:20 -----Epoch 15/19-----
03-03 11:43:31 current lr: 0.001473
03-03 11:43:31 Saved best checkpoint to ./checkpoint\SSF_PU_0303-112311\best_pt (val_loss=-0.9958)
03-03 11:43:31 Epoch 015 Train loss -0.9952 | Val loss -0.9958
03-03 11:43:31 -----Epoch 16/19-----
03-03 11:43:42 current lr: 0.00096396
03-03 11:43:42 Saved best checkpoint to ./checkpoint\SSF_PU_0303-112311\best_pt (val_loss=-0.9959)
03-03 11:43:42 Epoch 016 Train loss -0.9953 | Val loss -0.9959
03-03 11:43:42 -----Epoch 17/19-----
03-03 11:43:53 current lr: 0.000554422
03-03 11:43:53 Saved best checkpoint to ./checkpoint\SSF_PU_0303-112311\best_pt (val_loss=-0.9959)
03-03 11:43:53 Epoch 017 Train loss -0.9953 | Val loss -0.9959
03-03 11:43:53 -----Epoch 18/19-----
03-03 11:44:05 current lr: 0.000254473
03-03 11:44:05 Saved best checkpoint to ./checkpoint\SSF_PU_0303-112311\best_pt (val_loss=-0.9959)
03-03 11:44:05 Epoch 018 Train loss -0.9953 | Val loss -0.9959
03-03 11:44:05 -----Epoch 19/19-----
03-03 11:44:15 current lr: 7.14967e-05
03-03 11:44:15 No improvement in val_loss for 1/5 epochs.
03-03 11:44:15 Epoch 019 Train loss -0.9953 | Val loss -0.9959
03-03 11:44:16 TEST (last): loss -0.9959
03-03 11:44:16 [LP epoch 00] train_loss=1.2304 train_acc=0.4708 | val_loss=1.1502 val_acc=0.5504 | 
03-03 11:44:17 [LP epoch 01] train_loss=1.0628 train_acc=0.5929 | val_loss=1.0395 val_acc=0.6007 | 
03-03 11:44:18 [LP epoch 02] train_loss=0.9854 train_acc=0.6255 | val_loss=0.9754 val_acc=0.6311 | 
03-03 11:44:19 [LP epoch 03] train_loss=0.9287 train_acc=0.6447 | val_loss=0.9276 val_acc=0.6563 | 
03-03 11:44:20 [LP epoch 04] train_loss=0.8833 train_acc=0.6669 | val_loss=0.8858 val_acc=0.6674 | 
03-03 11:44:20 [LP epoch 05] train_loss=0.8473 train_acc=0.6862 | val_loss=0.8693 val_acc=0.6689 | 
03-03 11:44:21 [LP epoch 06] train_loss=0.8166 train_acc=0.6913 | val_loss=0.8414 val_acc=0.6785 | 
03-03 11:44:22 [LP epoch 07] train_loss=0.7862 train_acc=0.7061 | val_loss=0.8124 val_acc=0.6867 | 
03-03 11:44:23 [LP epoch 08] train_loss=0.7550 train_acc=0.7158 | val_loss=0.8001 val_acc=0.6919 | 
03-03 11:44:23 [LP epoch 09] train_loss=0.7406 train_acc=0.7291 | val_loss=0.7939 val_acc=0.6919 | 
03-03 11:44:24 [LP epoch 10] train_loss=0.7314 train_acc=0.7283 | val_loss=0.7797 val_acc=0.7037 | 
03-03 11:44:25 [LP epoch 11] train_loss=0.7063 train_acc=0.7417 | val_loss=0.7529 val_acc=0.7096 | 
03-03 11:44:26 [LP epoch 12] train_loss=0.7013 train_acc=0.7372 | val_loss=0.7540 val_acc=0.7030 | 
03-03 11:44:26 [LP epoch 13] train_loss=0.6934 train_acc=0.7439 | val_loss=0.7461 val_acc=0.7104 | 
03-03 11:44:27 [LP epoch 14] train_loss=0.6773 train_acc=0.7469 | val_loss=0.7304 val_acc=0.7089 | 
03-03 11:44:28 [LP epoch 15] train_loss=0.6634 train_acc=0.7454 | val_loss=0.7322 val_acc=0.7193 | 
03-03 11:44:29 [LP epoch 16] train_loss=0.6506 train_acc=0.7528 | val_loss=0.7154 val_acc=0.7289 | 
03-03 11:44:29 [LP epoch 17] train_loss=0.6362 train_acc=0.7602 | val_loss=0.7108 val_acc=0.7267 | 
03-03 11:44:30 [LP epoch 18] train_loss=0.6260 train_acc=0.7728 | val_loss=0.7046 val_acc=0.7244 | 
03-03 11:44:31 [LP epoch 19] train_loss=0.6172 train_acc=0.7668 | val_loss=0.7032 val_acc=0.7244 | 
03-03 11:44:32 [LP epoch 20] train_loss=0.6071 train_acc=0.7683 | val_loss=0.6850 val_acc=0.7378 | 
03-03 11:44:32 [LP epoch 21] train_loss=0.5957 train_acc=0.7794 | val_loss=0.6907 val_acc=0.7200 | 
03-03 11:44:33 [LP epoch 22] train_loss=0.5910 train_acc=0.7765 | val_loss=0.6835 val_acc=0.7304 | 
03-03 11:44:34 [LP epoch 23] train_loss=0.5786 train_acc=0.7816 | val_loss=0.6735 val_acc=0.7393 | 
03-03 11:44:35 [LP epoch 24] train_loss=0.5777 train_acc=0.7779 | val_loss=0.6862 val_acc=0.7341 | 
03-03 11:44:35 [LP epoch 25] train_loss=0.5727 train_acc=0.7853 | val_loss=0.6750 val_acc=0.7385 | 
03-03 11:44:36 [LP epoch 26] train_loss=0.5748 train_acc=0.7809 | val_loss=0.6732 val_acc=0.7393 | 
03-03 11:44:37 [LP epoch 27] train_loss=0.5573 train_acc=0.7883 | val_loss=0.6765 val_acc=0.7430 | 
03-03 11:44:38 [LP epoch 28] train_loss=0.5508 train_acc=0.7890 | val_loss=0.6710 val_acc=0.7378 | 
03-03 11:44:38 [LP epoch 29] train_loss=0.5478 train_acc=0.7920 | val_loss=0.6545 val_acc=0.7496 | 
03-03 11:44:39 [LP epoch 30] train_loss=0.5394 train_acc=0.8016 | val_loss=0.6790 val_acc=0.7385 | 
03-03 11:44:40 [LP epoch 31] train_loss=0.5368 train_acc=0.7935 | val_loss=0.6641 val_acc=0.7496 | 
03-03 11:44:41 [LP epoch 32] train_loss=0.5223 train_acc=0.8009 | val_loss=0.6619 val_acc=0.7541 | 
03-03 11:44:42 [LP epoch 33] train_loss=0.5240 train_acc=0.7994 | val_loss=0.6518 val_acc=0.7533 | 
03-03 11:44:42 [LP epoch 34] train_loss=0.5165 train_acc=0.8090 | val_loss=0.6604 val_acc=0.7504 | 
03-03 11:44:43 [LP epoch 35] train_loss=0.5202 train_acc=0.8061 | val_loss=0.6455 val_acc=0.7556 | 
03-03 11:44:44 [LP epoch 36] train_loss=0.5087 train_acc=0.8024 | val_loss=0.6531 val_acc=0.7533 | 
03-03 11:44:44 [LP epoch 37] train_loss=0.4954 train_acc=0.8187 | val_loss=0.6631 val_acc=0.7393 | 
03-03 11:44:45 [LP epoch 38] train_loss=0.5025 train_acc=0.8105 | val_loss=0.6260 val_acc=0.7504 | 
03-03 11:44:46 [LP epoch 39] train_loss=0.4941 train_acc=0.8113 | val_loss=0.6362 val_acc=0.7593 | 
03-03 11:44:46 [LP epoch 40] train_loss=0.4865 train_acc=0.8157 | val_loss=0.6295 val_acc=0.7652 | 
03-03 11:44:47 [LP epoch 41] train_loss=0.4762 train_acc=0.8238 | val_loss=0.6367 val_acc=0.7533 | 
03-03 11:44:48 [LP epoch 42] train_loss=0.4898 train_acc=0.8164 | val_loss=0.6245 val_acc=0.7689 | 
03-03 11:44:49 [LP epoch 43] train_loss=0.4678 train_acc=0.8283 | val_loss=0.6379 val_acc=0.7570 | 
03-03 11:44:49 [LP epoch 44] train_loss=0.4648 train_acc=0.8253 | val_loss=0.6212 val_acc=0.7659 | 
03-03 11:44:50 [LP epoch 45] train_loss=0.4525 train_acc=0.8386 | val_loss=0.6321 val_acc=0.7607 | 
03-03 11:44:51 [LP epoch 46] train_loss=0.4571 train_acc=0.8231 | val_loss=0.6273 val_acc=0.7607 | 
03-03 11:44:51 [LP epoch 47] train_loss=0.4477 train_acc=0.8342 | val_loss=0.6386 val_acc=0.7615 | 
03-03 11:44:52 [LP epoch 48] train_loss=0.4520 train_acc=0.8305 | val_loss=0.6362 val_acc=0.7563 | 
03-03 11:44:53 [LP epoch 49] train_loss=0.4480 train_acc=0.8386 | val_loss=0.6252 val_acc=0.7622 | 
03-03 11:44:53 Saved linear-probe checkpoint: ./checkpoint\SSF_PU_0303-112311\linear_probe_best.pt (best_val_acc=0.7689)
03-03 11:44:53 TEST linear-probe: loss=0.5658 acc=0.7824
03-03 11:44:53 model_name: SSF
03-03 11:44:53 data_name: PU
03-03 11:44:53 aug_1: normal
03-03 11:44:53 aug_2: randomcrop
03-03 11:44:53 max_epoch: 20
03-03 11:44:53 classifier_epoch: 50
03-03 11:44:53 data_view: TwoViewDataset
03-03 11:44:53 cuda_device: 0
03-03 11:44:53 checkpoint_dir: ./checkpoint
03-03 11:44:53 batch_size: 32
03-03 11:44:53 data_dir: raw_data/PU
03-03 11:44:53 out_channel: 4
03-03 11:44:53 normlizetype: minus_one_one
03-03 11:44:53 processing_type: RA
03-03 11:44:53 opt: sgd
03-03 11:44:53 lr: 0.01
03-03 11:44:53 momentum: 0.9
03-03 11:44:53 weight_decay: 1e-05
03-03 11:44:53 lr_scheduler: cos
03-03 11:44:53 gamma: 0.1
03-03 11:44:53 eta_min: 1e-05
03-03 11:44:53 latent_space: 96
03-03 11:44:53 num_blocks_ssf: 5
03-03 11:44:53 task: self_supervised
03-03 11:44:53 critetion: <class 'utils.loss_SSL.SimSiamLoss'>
03-03 11:44:53 using 1 gpus
03-03 11:44:53 Dataset class: <class 'data_utils.datasets.PU.PU'>
03-03 11:44:54 Split sizes: train=12607 val=1350 test=2702, classier=1351
03-03 11:44:55 Label counts train: Counter({3: 3504, 0: 3501, 1: 3500, 2: 2102})
03-03 11:44:55 Label counts val:   Counter({1: 375, 0: 375, 3: 375, 2: 225})
03-03 11:44:55 Label counts test:  Counter({3: 751, 1: 750, 0: 750, 2: 451})
03-03 11:44:55 Label counts classifier:  Counter({3: 376, 1: 375, 0: 375, 2: 225})
03-03 11:44:55 -----Epoch 0/19-----
03-03 11:45:06 current lr: 0.01
03-03 11:45:06 Saved best checkpoint to ./checkpoint\SSF_PU_0303-112311\best_pt (val_loss=-0.9900)
03-03 11:45:06 Epoch 000 Train loss -0.9545 | Val loss -0.9900
03-03 11:45:06 -----Epoch 1/19-----
03-03 11:45:17 current lr: 0.0099385
03-03 11:45:17 Saved best checkpoint to ./checkpoint\SSF_PU_0303-112311\best_pt (val_loss=-0.9927)
03-03 11:45:17 Epoch 001 Train loss -0.9911 | Val loss -0.9927
03-03 11:45:17 -----Epoch 2/19-----
03-03 11:45:28 current lr: 0.00975553
03-03 11:45:28 Saved best checkpoint to ./checkpoint\SSF_PU_0303-112311\best_pt (val_loss=-0.9936)
03-03 11:45:28 Epoch 002 Train loss -0.9927 | Val loss -0.9936
03-03 11:45:28 -----Epoch 3/19-----
03-03 11:45:39 current lr: 0.00945558
03-03 11:45:39 Saved best checkpoint to ./checkpoint\SSF_PU_0303-112311\best_pt (val_loss=-0.9941)
03-03 11:45:39 Epoch 003 Train loss -0.9933 | Val loss -0.9941
03-03 11:45:39 -----Epoch 4/19-----
03-03 11:45:50 current lr: 0.00904604
03-03 11:45:50 Saved best checkpoint to ./checkpoint\SSF_PU_0303-112311\best_pt (val_loss=-0.9944)
03-03 11:45:50 Epoch 004 Train loss -0.9937 | Val loss -0.9944
03-03 11:45:50 -----Epoch 5/19-----
03-03 11:46:01 current lr: 0.008537
03-03 11:46:01 Saved best checkpoint to ./checkpoint\SSF_PU_0303-112311\best_pt (val_loss=-0.9947)
03-03 11:46:01 Epoch 005 Train loss -0.9940 | Val loss -0.9947
03-03 11:46:01 -----Epoch 6/19-----
03-03 11:46:12 current lr: 0.00794099
03-03 11:46:12 Saved best checkpoint to ./checkpoint\SSF_PU_0303-112311\best_pt (val_loss=-0.9950)
03-03 11:46:12 Epoch 006 Train loss -0.9943 | Val loss -0.9950
03-03 11:46:12 -----Epoch 7/19-----
03-03 11:46:23 current lr: 0.00727268
03-03 11:46:23 Saved best checkpoint to ./checkpoint\SSF_PU_0303-112311\best_pt (val_loss=-0.9953)
03-03 11:46:23 Epoch 007 Train loss -0.9945 | Val loss -0.9953
03-03 11:46:23 -----Epoch 8/19-----
03-03 11:46:34 current lr: 0.00654854
03-03 11:46:34 Saved best checkpoint to ./checkpoint\SSF_PU_0303-112311\best_pt (val_loss=-0.9955)
03-03 11:46:34 Epoch 008 Train loss -0.9947 | Val loss -0.9955
03-03 11:46:34 -----Epoch 9/19-----
03-03 11:46:45 current lr: 0.00578639
03-03 11:46:45 Saved best checkpoint to ./checkpoint\SSF_PU_0303-112311\best_pt (val_loss=-0.9956)
03-03 11:46:45 Epoch 009 Train loss -0.9949 | Val loss -0.9956
03-03 11:46:45 -----Epoch 10/19-----
03-03 11:46:56 current lr: 0.005005
03-03 11:46:56 Saved best checkpoint to ./checkpoint\SSF_PU_0303-112311\best_pt (val_loss=-0.9958)
03-03 11:46:56 Epoch 010 Train loss -0.9951 | Val loss -0.9958
03-03 11:46:56 -----Epoch 11/19-----
03-03 11:47:07 current lr: 0.00422361
03-03 11:47:07 Saved best checkpoint to ./checkpoint\SSF_PU_0303-112311\best_pt (val_loss=-0.9959)
03-03 11:47:07 Epoch 011 Train loss -0.9952 | Val loss -0.9959
03-03 11:47:07 -----Epoch 12/19-----
03-03 11:47:18 current lr: 0.00346146
03-03 11:47:18 Saved best checkpoint to ./checkpoint\SSF_PU_0303-112311\best_pt (val_loss=-0.9959)
03-03 11:47:18 Epoch 012 Train loss -0.9953 | Val loss -0.9959
03-03 11:47:18 -----Epoch 13/19-----
03-03 11:47:29 current lr: 0.00273732
03-03 11:47:29 Saved best checkpoint to ./checkpoint\SSF_PU_0303-112311\best_pt (val_loss=-0.9960)
03-03 11:47:29 Epoch 013 Train loss -0.9954 | Val loss -0.9960
03-03 11:47:29 -----Epoch 14/19-----
03-03 11:47:41 current lr: 0.00206901
03-03 11:47:41 Saved best checkpoint to ./checkpoint\SSF_PU_0303-112311\best_pt (val_loss=-0.9960)
03-03 11:47:41 Epoch 014 Train loss -0.9954 | Val loss -0.9960
03-03 11:47:41 -----Epoch 15/19-----
03-03 11:47:52 current lr: 0.001473
03-03 11:47:52 Saved best checkpoint to ./checkpoint\SSF_PU_0303-112311\best_pt (val_loss=-0.9961)
03-03 11:47:52 Epoch 015 Train loss -0.9954 | Val loss -0.9961
03-03 11:47:52 -----Epoch 16/19-----
03-03 11:48:02 current lr: 0.00096396
03-03 11:48:02 Saved best checkpoint to ./checkpoint\SSF_PU_0303-112311\best_pt (val_loss=-0.9961)
03-03 11:48:02 Epoch 016 Train loss -0.9955 | Val loss -0.9961
03-03 11:48:02 -----Epoch 17/19-----
03-03 11:48:13 current lr: 0.000554422
03-03 11:48:13 Saved best checkpoint to ./checkpoint\SSF_PU_0303-112311\best_pt (val_loss=-0.9961)
03-03 11:48:13 Epoch 017 Train loss -0.9955 | Val loss -0.9961
03-03 11:48:13 -----Epoch 18/19-----
03-03 11:48:23 current lr: 0.000254473
03-03 11:48:23 Saved best checkpoint to ./checkpoint\SSF_PU_0303-112311\best_pt (val_loss=-0.9961)
03-03 11:48:23 Epoch 018 Train loss -0.9955 | Val loss -0.9961
03-03 11:48:23 -----Epoch 19/19-----
03-03 11:48:35 current lr: 7.14967e-05
03-03 11:48:35 No improvement in val_loss for 1/5 epochs.
03-03 11:48:35 Epoch 019 Train loss -0.9955 | Val loss -0.9961
03-03 11:48:35 TEST (last): loss -0.9961
03-03 11:48:36 [LP epoch 00] train_loss=1.2698 train_acc=0.4641 | val_loss=1.1829 val_acc=0.5548 | 
03-03 11:48:36 [LP epoch 01] train_loss=1.0836 train_acc=0.5914 | val_loss=1.0539 val_acc=0.5881 | 
03-03 11:48:37 [LP epoch 02] train_loss=0.9900 train_acc=0.6284 | val_loss=0.9905 val_acc=0.6074 | 
03-03 11:48:38 [LP epoch 03] train_loss=0.9179 train_acc=0.6684 | val_loss=0.9482 val_acc=0.6267 | 
03-03 11:48:39 [LP epoch 04] train_loss=0.8724 train_acc=0.6817 | val_loss=0.9034 val_acc=0.6504 | 
03-03 11:48:39 [LP epoch 05] train_loss=0.8366 train_acc=0.6921 | val_loss=0.8749 val_acc=0.6600 | 
03-03 11:48:40 [LP epoch 06] train_loss=0.8066 train_acc=0.6980 | val_loss=0.8563 val_acc=0.6704 | 
03-03 11:48:41 [LP epoch 07] train_loss=0.7876 train_acc=0.6980 | val_loss=0.8511 val_acc=0.6704 | 
03-03 11:48:41 [LP epoch 08] train_loss=0.7738 train_acc=0.7150 | val_loss=0.8247 val_acc=0.6748 | 
03-03 11:48:42 [LP epoch 09] train_loss=0.7597 train_acc=0.7158 | val_loss=0.8163 val_acc=0.6800 | 
03-03 11:48:43 [LP epoch 10] train_loss=0.7416 train_acc=0.7246 | val_loss=0.8118 val_acc=0.6756 | 
03-03 11:48:44 [LP epoch 11] train_loss=0.7290 train_acc=0.7306 | val_loss=0.7962 val_acc=0.6889 | 
03-03 11:48:44 [LP epoch 12] train_loss=0.7150 train_acc=0.7269 | val_loss=0.7918 val_acc=0.6807 | 
03-03 11:48:45 [LP epoch 13] train_loss=0.7078 train_acc=0.7372 | val_loss=0.7999 val_acc=0.6800 | 
03-03 11:48:46 [LP epoch 14] train_loss=0.7051 train_acc=0.7358 | val_loss=0.7829 val_acc=0.6852 | 
03-03 11:48:47 [LP epoch 15] train_loss=0.6950 train_acc=0.7350 | val_loss=0.7728 val_acc=0.6985 | 
03-03 11:48:48 [LP epoch 16] train_loss=0.6780 train_acc=0.7365 | val_loss=0.7604 val_acc=0.6933 | 
03-03 11:48:49 [LP epoch 17] train_loss=0.6648 train_acc=0.7461 | val_loss=0.7622 val_acc=0.6978 | 
03-03 11:48:50 [LP epoch 18] train_loss=0.6604 train_acc=0.7402 | val_loss=0.7486 val_acc=0.6993 | 
03-03 11:48:50 [LP epoch 19] train_loss=0.6523 train_acc=0.7439 | val_loss=0.7586 val_acc=0.7030 | 
03-03 11:48:51 [LP epoch 20] train_loss=0.6442 train_acc=0.7513 | val_loss=0.7458 val_acc=0.7007 | 
03-03 11:48:52 [LP epoch 21] train_loss=0.6361 train_acc=0.7506 | val_loss=0.7359 val_acc=0.7052 | 
03-03 11:48:52 [LP epoch 22] train_loss=0.6271 train_acc=0.7565 | val_loss=0.7397 val_acc=0.7089 | 
03-03 11:48:53 [LP epoch 23] train_loss=0.6217 train_acc=0.7580 | val_loss=0.7238 val_acc=0.7052 | 
03-03 11:48:54 [LP epoch 24] train_loss=0.6110 train_acc=0.7639 | val_loss=0.7307 val_acc=0.7037 | 
03-03 11:48:55 [LP epoch 25] train_loss=0.6119 train_acc=0.7617 | val_loss=0.7261 val_acc=0.7104 | 
03-03 11:48:55 [LP epoch 26] train_loss=0.5994 train_acc=0.7646 | val_loss=0.7241 val_acc=0.7185 | 
03-03 11:48:56 [LP epoch 27] train_loss=0.5917 train_acc=0.7713 | val_loss=0.7097 val_acc=0.7148 | 
03-03 11:48:57 [LP epoch 28] train_loss=0.5827 train_acc=0.7728 | val_loss=0.7167 val_acc=0.7096 | 
03-03 11:48:57 [LP epoch 29] train_loss=0.5857 train_acc=0.7698 | val_loss=0.7104 val_acc=0.7178 | 
03-03 11:48:58 [LP epoch 30] train_loss=0.5889 train_acc=0.7631 | val_loss=0.7122 val_acc=0.7141 | 
03-03 11:48:59 [LP epoch 31] train_loss=0.5805 train_acc=0.7750 | val_loss=0.7038 val_acc=0.7252 | 
03-03 11:48:59 [LP epoch 32] train_loss=0.5658 train_acc=0.7794 | val_loss=0.6923 val_acc=0.7267 | 
03-03 11:49:00 [LP epoch 33] train_loss=0.5620 train_acc=0.7772 | val_loss=0.6877 val_acc=0.7200 | 
03-03 11:49:01 [LP epoch 34] train_loss=0.5535 train_acc=0.7853 | val_loss=0.6840 val_acc=0.7289 | 
03-03 11:49:02 [LP epoch 35] train_loss=0.5474 train_acc=0.7905 | val_loss=0.6856 val_acc=0.7319 | 
03-03 11:49:02 [LP epoch 36] train_loss=0.5483 train_acc=0.7839 | val_loss=0.6922 val_acc=0.7193 | 
03-03 11:49:03 [LP epoch 37] train_loss=0.5516 train_acc=0.7861 | val_loss=0.6984 val_acc=0.7163 | 
03-03 11:49:04 [LP epoch 38] train_loss=0.5423 train_acc=0.7876 | val_loss=0.6869 val_acc=0.7178 | 
03-03 11:49:05 [LP epoch 39] train_loss=0.5394 train_acc=0.7890 | val_loss=0.6651 val_acc=0.7274 | 
03-03 11:49:05 [LP epoch 40] train_loss=0.5303 train_acc=0.7927 | val_loss=0.6828 val_acc=0.7237 | 
03-03 11:49:06 [LP epoch 41] train_loss=0.5267 train_acc=0.7920 | val_loss=0.6773 val_acc=0.7252 | 
03-03 11:49:07 [LP epoch 42] train_loss=0.5193 train_acc=0.7979 | val_loss=0.6748 val_acc=0.7230 | 
03-03 11:49:07 [LP epoch 43] train_loss=0.5159 train_acc=0.8024 | val_loss=0.6605 val_acc=0.7378 | 
03-03 11:49:08 [LP epoch 44] train_loss=0.5137 train_acc=0.7994 | val_loss=0.6626 val_acc=0.7341 | 
03-03 11:49:09 [LP epoch 45] train_loss=0.5044 train_acc=0.8046 | val_loss=0.6743 val_acc=0.7319 | 
03-03 11:49:10 [LP epoch 46] train_loss=0.5040 train_acc=0.8075 | val_loss=0.6739 val_acc=0.7296 | 
03-03 11:49:10 [LP epoch 47] train_loss=0.4983 train_acc=0.8083 | val_loss=0.6830 val_acc=0.7274 | 
03-03 11:49:11 [LP epoch 48] train_loss=0.4947 train_acc=0.8113 | val_loss=0.6844 val_acc=0.7222 | 
03-03 11:49:12 [LP epoch 49] train_loss=0.4934 train_acc=0.8179 | val_loss=0.6482 val_acc=0.7400 | 
03-03 11:49:12 Saved linear-probe checkpoint: ./checkpoint\SSF_PU_0303-112311\linear_probe_best.pt (best_val_acc=0.7400)
03-03 11:49:12 TEST linear-probe: loss=0.5973 acc=0.7639
03-03 11:49:12 model_name: SSF
03-03 11:49:12 data_name: PU
03-03 11:49:12 aug_1: normal
03-03 11:49:12 aug_2: randomcrop
03-03 11:49:12 max_epoch: 20
03-03 11:49:12 classifier_epoch: 50
03-03 11:49:12 data_view: TwoViewDataset
03-03 11:49:12 cuda_device: 0
03-03 11:49:12 checkpoint_dir: ./checkpoint
03-03 11:49:12 batch_size: 32
03-03 11:49:12 data_dir: raw_data/PU
03-03 11:49:12 out_channel: 4
03-03 11:49:12 normlizetype: minus_one_one
03-03 11:49:12 processing_type: RA
03-03 11:49:12 opt: sgd
03-03 11:49:12 lr: 0.01
03-03 11:49:12 momentum: 0.9
03-03 11:49:12 weight_decay: 1e-05
03-03 11:49:12 lr_scheduler: cos
03-03 11:49:12 gamma: 0.1
03-03 11:49:12 eta_min: 1e-05
03-03 11:49:12 latent_space: 96
03-03 11:49:12 num_blocks_ssf: 5
03-03 11:49:12 task: self_supervised
03-03 11:49:12 critetion: <class 'utils.loss_SSL.SimSiamLoss'>
03-03 11:49:12 using 1 gpus
03-03 11:49:12 Dataset class: <class 'data_utils.datasets.PU.PU'>
03-03 11:49:12 Split sizes: train=12607 val=1350 test=2702, classier=1351
03-03 11:49:13 Label counts train: Counter({3: 3504, 0: 3501, 1: 3500, 2: 2102})
03-03 11:49:13 Label counts val:   Counter({1: 375, 0: 375, 3: 375, 2: 225})
03-03 11:49:14 Label counts test:  Counter({3: 751, 1: 750, 0: 750, 2: 451})
03-03 11:49:14 Label counts classifier:  Counter({3: 376, 1: 375, 0: 375, 2: 225})
03-03 11:49:14 -----Epoch 0/19-----
03-03 11:49:25 current lr: 0.01
03-03 11:49:25 Saved best checkpoint to ./checkpoint\SSF_PU_0303-112311\best_pt (val_loss=-0.9887)
03-03 11:49:25 Epoch 000 Train loss -0.9539 | Val loss -0.9887
03-03 11:49:25 -----Epoch 1/19-----
03-03 11:49:36 current lr: 0.0099385
03-03 11:49:36 Saved best checkpoint to ./checkpoint\SSF_PU_0303-112311\best_pt (val_loss=-0.9921)
03-03 11:49:36 Epoch 001 Train loss -0.9901 | Val loss -0.9921
03-03 11:49:36 -----Epoch 2/19-----
03-03 11:49:47 current lr: 0.00975553
03-03 11:49:47 Saved best checkpoint to ./checkpoint\SSF_PU_0303-112311\best_pt (val_loss=-0.9933)
03-03 11:49:47 Epoch 002 Train loss -0.9922 | Val loss -0.9933
03-03 11:49:47 -----Epoch 3/19-----
03-03 11:49:57 current lr: 0.00945558
03-03 11:49:57 Saved best checkpoint to ./checkpoint\SSF_PU_0303-112311\best_pt (val_loss=-0.9940)
03-03 11:49:57 Epoch 003 Train loss -0.9931 | Val loss -0.9940
03-03 11:49:57 -----Epoch 4/19-----
03-03 11:50:08 current lr: 0.00904604
03-03 11:50:08 Saved best checkpoint to ./checkpoint\SSF_PU_0303-112311\best_pt (val_loss=-0.9944)
03-03 11:50:08 Epoch 004 Train loss -0.9936 | Val loss -0.9944
03-03 11:50:08 -----Epoch 5/19-----
03-03 11:50:20 current lr: 0.008537
03-03 11:50:20 Saved best checkpoint to ./checkpoint\SSF_PU_0303-112311\best_pt (val_loss=-0.9948)
03-03 11:50:20 Epoch 005 Train loss -0.9940 | Val loss -0.9948
03-03 11:50:20 -----Epoch 6/19-----
03-03 11:50:30 current lr: 0.00794099
03-03 11:50:30 Saved best checkpoint to ./checkpoint\SSF_PU_0303-112311\best_pt (val_loss=-0.9951)
03-03 11:50:30 Epoch 006 Train loss -0.9944 | Val loss -0.9951
03-03 11:50:30 -----Epoch 7/19-----
03-03 11:50:41 current lr: 0.00727268
03-03 11:50:41 Saved best checkpoint to ./checkpoint\SSF_PU_0303-112311\best_pt (val_loss=-0.9952)
03-03 11:50:41 Epoch 007 Train loss -0.9945 | Val loss -0.9952
03-03 11:50:41 -----Epoch 8/19-----
03-03 11:50:52 current lr: 0.00654854
03-03 11:50:52 Saved best checkpoint to ./checkpoint\SSF_PU_0303-112311\best_pt (val_loss=-0.9952)
03-03 11:50:52 Epoch 008 Train loss -0.9946 | Val loss -0.9952
03-03 11:50:52 -----Epoch 9/19-----
03-03 11:51:04 current lr: 0.00578639
03-03 11:51:04 No improvement in val_loss for 1/5 epochs.
03-03 11:51:04 Epoch 009 Train loss -0.9947 | Val loss -0.9952
03-03 11:51:04 -----Epoch 10/19-----
03-03 11:51:14 current lr: 0.005005
03-03 11:51:14 No improvement in val_loss for 2/5 epochs.
03-03 11:51:14 Epoch 010 Train loss -0.9947 | Val loss -0.9952
03-03 11:51:14 -----Epoch 11/19-----
03-03 11:51:25 current lr: 0.00422361
03-03 11:51:25 No improvement in val_loss for 3/5 epochs.
03-03 11:51:25 Epoch 011 Train loss -0.9946 | Val loss -0.9952
03-03 11:51:25 -----Epoch 12/19-----
03-03 11:51:36 current lr: 0.00346146
03-03 11:51:36 No improvement in val_loss for 4/5 epochs.
03-03 11:51:36 Epoch 012 Train loss -0.9946 | Val loss -0.9952
03-03 11:51:36 -----Epoch 13/19-----
03-03 11:51:47 current lr: 0.00273732
03-03 11:51:47 Saved best checkpoint to ./checkpoint\SSF_PU_0303-112311\best_pt (val_loss=-0.9952)
03-03 11:51:47 Epoch 013 Train loss -0.9947 | Val loss -0.9952
03-03 11:51:47 -----Epoch 14/19-----
03-03 11:51:58 current lr: 0.00206901
03-03 11:51:58 Saved best checkpoint to ./checkpoint\SSF_PU_0303-112311\best_pt (val_loss=-0.9953)
03-03 11:51:58 Epoch 014 Train loss -0.9947 | Val loss -0.9953
03-03 11:51:58 -----Epoch 15/19-----
03-03 11:52:08 current lr: 0.001473
03-03 11:52:08 Saved best checkpoint to ./checkpoint\SSF_PU_0303-112311\best_pt (val_loss=-0.9953)
03-03 11:52:08 Epoch 015 Train loss -0.9948 | Val loss -0.9953
03-03 11:52:08 -----Epoch 16/19-----
03-03 11:52:20 current lr: 0.00096396
03-03 11:52:20 Saved best checkpoint to ./checkpoint\SSF_PU_0303-112311\best_pt (val_loss=-0.9954)
03-03 11:52:20 Epoch 016 Train loss -0.9948 | Val loss -0.9954
03-03 11:52:20 -----Epoch 17/19-----
03-03 11:52:31 current lr: 0.000554422
03-03 11:52:31 Saved best checkpoint to ./checkpoint\SSF_PU_0303-112311\best_pt (val_loss=-0.9954)
03-03 11:52:31 Epoch 017 Train loss -0.9949 | Val loss -0.9954
03-03 11:52:31 -----Epoch 18/19-----
03-03 11:52:42 current lr: 0.000254473
03-03 11:52:42 Saved best checkpoint to ./checkpoint\SSF_PU_0303-112311\best_pt (val_loss=-0.9954)
03-03 11:52:42 Epoch 018 Train loss -0.9949 | Val loss -0.9954
03-03 11:52:42 -----Epoch 19/19-----
03-03 11:52:52 current lr: 7.14967e-05
03-03 11:52:52 Saved best checkpoint to ./checkpoint\SSF_PU_0303-112311\best_pt (val_loss=-0.9954)
03-03 11:52:52 Epoch 019 Train loss -0.9949 | Val loss -0.9954
03-03 11:52:53 TEST (last): loss -0.9954
03-03 11:52:53 [LP epoch 00] train_loss=1.1948 train_acc=0.4996 | val_loss=1.1299 val_acc=0.5822 | 
03-03 11:52:54 [LP epoch 01] train_loss=1.0181 train_acc=0.6306 | val_loss=0.9843 val_acc=0.6341 | 
03-03 11:52:55 [LP epoch 02] train_loss=0.9234 train_acc=0.6721 | val_loss=0.9142 val_acc=0.6659 | 
03-03 11:52:56 [LP epoch 03] train_loss=0.8588 train_acc=0.6943 | val_loss=0.8799 val_acc=0.6741 | 
03-03 11:52:57 [LP epoch 04] train_loss=0.8136 train_acc=0.7098 | val_loss=0.8545 val_acc=0.6793 | 
03-03 11:52:58 [LP epoch 05] train_loss=0.7778 train_acc=0.7113 | val_loss=0.8217 val_acc=0.6800 | 
03-03 11:52:59 [LP epoch 06] train_loss=0.7502 train_acc=0.7187 | val_loss=0.8041 val_acc=0.6815 | 
03-03 11:52:59 [LP epoch 07] train_loss=0.7233 train_acc=0.7298 | val_loss=0.7863 val_acc=0.6896 | 
03-03 11:53:00 [LP epoch 08] train_loss=0.7081 train_acc=0.7321 | val_loss=0.7894 val_acc=0.6919 | 
03-03 11:53:01 [LP epoch 09] train_loss=0.6778 train_acc=0.7483 | val_loss=0.7655 val_acc=0.6926 | 
03-03 11:53:01 [LP epoch 10] train_loss=0.6625 train_acc=0.7513 | val_loss=0.7701 val_acc=0.6896 | 
03-03 11:53:02 [LP epoch 11] train_loss=0.6460 train_acc=0.7580 | val_loss=0.7489 val_acc=0.6985 | 
03-03 11:53:03 [LP epoch 12] train_loss=0.6333 train_acc=0.7594 | val_loss=0.7559 val_acc=0.6926 | 
03-03 11:53:04 [LP epoch 13] train_loss=0.6278 train_acc=0.7617 | val_loss=0.7372 val_acc=0.7081 | 
03-03 11:53:04 [LP epoch 14] train_loss=0.6080 train_acc=0.7594 | val_loss=0.7203 val_acc=0.7119 | 
03-03 11:53:05 [LP epoch 15] train_loss=0.5923 train_acc=0.7720 | val_loss=0.7131 val_acc=0.7119 | 
03-03 11:53:06 [LP epoch 16] train_loss=0.5793 train_acc=0.7742 | val_loss=0.7012 val_acc=0.7207 | 
03-03 11:53:06 [LP epoch 17] train_loss=0.5724 train_acc=0.7735 | val_loss=0.7029 val_acc=0.7222 | 
03-03 11:53:07 [LP epoch 18] train_loss=0.5654 train_acc=0.7809 | val_loss=0.6913 val_acc=0.7244 | 
03-03 11:53:08 [LP epoch 19] train_loss=0.5589 train_acc=0.7846 | val_loss=0.6837 val_acc=0.7296 | 
03-03 11:53:09 [LP epoch 20] train_loss=0.5496 train_acc=0.7839 | val_loss=0.6905 val_acc=0.7304 | 
03-03 11:53:09 [LP epoch 21] train_loss=0.5508 train_acc=0.7839 | val_loss=0.6925 val_acc=0.7237 | 
03-03 11:53:10 [LP epoch 22] train_loss=0.5418 train_acc=0.7920 | val_loss=0.6840 val_acc=0.7393 | 
03-03 11:53:11 [LP epoch 23] train_loss=0.5353 train_acc=0.7913 | val_loss=0.6752 val_acc=0.7348 | 
03-03 11:53:12 [LP epoch 24] train_loss=0.5272 train_acc=0.7950 | val_loss=0.6645 val_acc=0.7430 | 
03-03 11:53:12 [LP epoch 25] train_loss=0.5211 train_acc=0.7927 | val_loss=0.6896 val_acc=0.7333 | 
03-03 11:53:13 [LP epoch 26] train_loss=0.5148 train_acc=0.7905 | val_loss=0.6657 val_acc=0.7363 | 
03-03 11:53:14 [LP epoch 27] train_loss=0.5091 train_acc=0.7957 | val_loss=0.6825 val_acc=0.7348 | 
03-03 11:53:15 [LP epoch 28] train_loss=0.5026 train_acc=0.7972 | val_loss=0.6704 val_acc=0.7341 | 
03-03 11:53:15 [LP epoch 29] train_loss=0.5050 train_acc=0.8009 | val_loss=0.6663 val_acc=0.7378 | 
03-03 11:53:16 [LP epoch 30] train_loss=0.4889 train_acc=0.8053 | val_loss=0.6649 val_acc=0.7415 | 
03-03 11:53:17 [LP epoch 31] train_loss=0.4912 train_acc=0.8098 | val_loss=0.6735 val_acc=0.7393 | 
03-03 11:53:18 [LP epoch 32] train_loss=0.4921 train_acc=0.7957 | val_loss=0.6620 val_acc=0.7422 | 
03-03 11:53:19 [LP epoch 33] train_loss=0.4855 train_acc=0.8038 | val_loss=0.6628 val_acc=0.7444 | 
03-03 11:53:19 [LP epoch 34] train_loss=0.4813 train_acc=0.8113 | val_loss=0.6653 val_acc=0.7444 | 
03-03 11:53:20 [LP epoch 35] train_loss=0.4765 train_acc=0.8142 | val_loss=0.6579 val_acc=0.7430 | 
03-03 11:53:21 [LP epoch 36] train_loss=0.4714 train_acc=0.8120 | val_loss=0.6638 val_acc=0.7437 | 
03-03 11:53:22 [LP epoch 37] train_loss=0.4760 train_acc=0.8046 | val_loss=0.6610 val_acc=0.7459 | 
03-03 11:53:22 [LP epoch 38] train_loss=0.4702 train_acc=0.8194 | val_loss=0.6648 val_acc=0.7504 | 
03-03 11:53:23 [LP epoch 39] train_loss=0.4596 train_acc=0.8105 | val_loss=0.6865 val_acc=0.7422 | 
03-03 11:53:24 [LP epoch 40] train_loss=0.4612 train_acc=0.8231 | val_loss=0.6531 val_acc=0.7444 | 
03-03 11:53:25 [LP epoch 41] train_loss=0.4584 train_acc=0.8127 | val_loss=0.6698 val_acc=0.7452 | 
03-03 11:53:25 [LP epoch 42] train_loss=0.4522 train_acc=0.8224 | val_loss=0.6722 val_acc=0.7489 | 
03-03 11:53:26 [LP epoch 43] train_loss=0.4458 train_acc=0.8275 | val_loss=0.6859 val_acc=0.7422 | 
03-03 11:53:27 [LP epoch 44] train_loss=0.4543 train_acc=0.8172 | val_loss=0.6706 val_acc=0.7370 | 
03-03 11:53:27 [LP epoch 45] train_loss=0.4332 train_acc=0.8305 | val_loss=0.6834 val_acc=0.7415 | 
03-03 11:53:28 [LP epoch 46] train_loss=0.4289 train_acc=0.8394 | val_loss=0.6670 val_acc=0.7474 | 
03-03 11:53:29 [LP epoch 47] train_loss=0.4240 train_acc=0.8379 | val_loss=0.6567 val_acc=0.7504 | 
03-03 11:53:30 [LP epoch 48] train_loss=0.4188 train_acc=0.8423 | val_loss=0.6594 val_acc=0.7526 | 
03-03 11:53:31 [LP epoch 49] train_loss=0.4221 train_acc=0.8357 | val_loss=0.6680 val_acc=0.7363 | 
03-03 11:53:31 Saved linear-probe checkpoint: ./checkpoint\SSF_PU_0303-112311\linear_probe_best.pt (best_val_acc=0.7526)
03-03 11:53:31 TEST linear-probe: loss=0.6103 acc=0.7679
03-03 11:53:31 model_name: SSF
03-03 11:53:31 data_name: PU
03-03 11:53:31 aug_1: normal
03-03 11:53:31 aug_2: randomcrop
03-03 11:53:31 max_epoch: 20
03-03 11:53:31 classifier_epoch: 50
03-03 11:53:31 data_view: TwoViewDataset
03-03 11:53:31 cuda_device: 0
03-03 11:53:31 checkpoint_dir: ./checkpoint
03-03 11:53:31 batch_size: 32
03-03 11:53:31 data_dir: raw_data/PU
03-03 11:53:31 out_channel: 4
03-03 11:53:31 normlizetype: minus_one_one
03-03 11:53:31 processing_type: RA
03-03 11:53:31 opt: sgd
03-03 11:53:31 lr: 0.01
03-03 11:53:31 momentum: 0.9
03-03 11:53:31 weight_decay: 1e-05
03-03 11:53:31 lr_scheduler: cos
03-03 11:53:31 gamma: 0.1
03-03 11:53:31 eta_min: 1e-05
03-03 11:53:31 latent_space: 96
03-03 11:53:31 num_blocks_ssf: 5
03-03 11:53:31 task: self_supervised
03-03 11:53:31 critetion: <class 'utils.loss_SSL.SimSiamLoss'>
03-03 11:53:31 using 1 gpus
03-03 11:53:31 Dataset class: <class 'data_utils.datasets.PU.PU'>
03-03 11:53:32 Split sizes: train=12607 val=1350 test=2702, classier=1351
03-03 11:53:32 Label counts train: Counter({3: 3504, 0: 3501, 1: 3500, 2: 2102})
03-03 11:53:33 Label counts val:   Counter({1: 375, 0: 375, 3: 375, 2: 225})
03-03 11:53:33 Label counts test:  Counter({3: 751, 1: 750, 0: 750, 2: 451})
03-03 11:53:33 Label counts classifier:  Counter({3: 376, 1: 375, 0: 375, 2: 225})
03-03 11:53:33 -----Epoch 0/19-----
03-03 11:53:43 current lr: 0.01
03-03 11:53:43 Saved best checkpoint to ./checkpoint\SSF_PU_0303-112311\best_pt (val_loss=-0.9886)
03-03 11:53:43 Epoch 000 Train loss -0.9543 | Val loss -0.9886
03-03 11:53:43 -----Epoch 1/19-----
03-03 11:53:54 current lr: 0.0099385
03-03 11:53:54 Saved best checkpoint to ./checkpoint\SSF_PU_0303-112311\best_pt (val_loss=-0.9917)
03-03 11:53:54 Epoch 001 Train loss -0.9900 | Val loss -0.9917
03-03 11:53:54 -----Epoch 2/19-----
03-03 11:54:06 current lr: 0.00975553
03-03 11:54:06 Saved best checkpoint to ./checkpoint\SSF_PU_0303-112311\best_pt (val_loss=-0.9931)
03-03 11:54:06 Epoch 002 Train loss -0.9919 | Val loss -0.9931
03-03 11:54:06 -----Epoch 3/19-----
03-03 11:54:16 current lr: 0.00945558
03-03 11:54:16 Saved best checkpoint to ./checkpoint\SSF_PU_0303-112311\best_pt (val_loss=-0.9939)
03-03 11:54:16 Epoch 003 Train loss -0.9930 | Val loss -0.9939
03-03 11:54:16 -----Epoch 4/19-----
03-03 11:54:27 current lr: 0.00904604
03-03 11:54:27 Saved best checkpoint to ./checkpoint\SSF_PU_0303-112311\best_pt (val_loss=-0.9944)
03-03 11:54:27 Epoch 004 Train loss -0.9936 | Val loss -0.9944
03-03 11:54:27 -----Epoch 5/19-----
03-03 11:54:38 current lr: 0.008537
03-03 11:54:38 Saved best checkpoint to ./checkpoint\SSF_PU_0303-112311\best_pt (val_loss=-0.9948)
03-03 11:54:38 Epoch 005 Train loss -0.9940 | Val loss -0.9948
03-03 11:54:38 -----Epoch 6/19-----
03-03 11:54:49 current lr: 0.00794099
03-03 11:54:49 Saved best checkpoint to ./checkpoint\SSF_PU_0303-112311\best_pt (val_loss=-0.9950)
03-03 11:54:49 Epoch 006 Train loss -0.9943 | Val loss -0.9950
03-03 11:54:49 -----Epoch 7/19-----
03-03 11:55:00 current lr: 0.00727268
03-03 11:55:00 Saved best checkpoint to ./checkpoint\SSF_PU_0303-112311\best_pt (val_loss=-0.9952)
03-03 11:55:00 Epoch 007 Train loss -0.9945 | Val loss -0.9952
03-03 11:55:00 -----Epoch 8/19-----
03-03 11:55:10 current lr: 0.00654854
03-03 11:55:10 Saved best checkpoint to ./checkpoint\SSF_PU_0303-112311\best_pt (val_loss=-0.9953)
03-03 11:55:10 Epoch 008 Train loss -0.9947 | Val loss -0.9953
03-03 11:55:10 -----Epoch 9/19-----
03-03 11:55:20 current lr: 0.00578639
03-03 11:55:20 Saved best checkpoint to ./checkpoint\SSF_PU_0303-112311\best_pt (val_loss=-0.9954)
03-03 11:55:20 Epoch 009 Train loss -0.9948 | Val loss -0.9954
03-03 11:55:20 -----Epoch 10/19-----
03-03 11:55:31 current lr: 0.005005
03-03 11:55:31 Saved best checkpoint to ./checkpoint\SSF_PU_0303-112311\best_pt (val_loss=-0.9955)
03-03 11:55:31 Epoch 010 Train loss -0.9949 | Val loss -0.9955
03-03 11:55:31 -----Epoch 11/19-----
03-03 11:55:42 current lr: 0.00422361
03-03 11:55:42 Saved best checkpoint to ./checkpoint\SSF_PU_0303-112311\best_pt (val_loss=-0.9956)
03-03 11:55:42 Epoch 011 Train loss -0.9950 | Val loss -0.9956
03-03 11:55:42 -----Epoch 12/19-----
03-03 11:55:52 current lr: 0.00346146
03-03 11:55:52 Saved best checkpoint to ./checkpoint\SSF_PU_0303-112311\best_pt (val_loss=-0.9956)
03-03 11:55:52 Epoch 012 Train loss -0.9950 | Val loss -0.9956
03-03 11:55:52 -----Epoch 13/19-----
03-03 11:56:03 current lr: 0.00273732
03-03 11:56:03 Saved best checkpoint to ./checkpoint\SSF_PU_0303-112311\best_pt (val_loss=-0.9956)
03-03 11:56:03 Epoch 013 Train loss -0.9951 | Val loss -0.9956
03-03 11:56:03 -----Epoch 14/19-----
03-03 11:56:14 current lr: 0.00206901
03-03 11:56:14 Saved best checkpoint to ./checkpoint\SSF_PU_0303-112311\best_pt (val_loss=-0.9957)
03-03 11:56:14 Epoch 014 Train loss -0.9951 | Val loss -0.9957
03-03 11:56:14 -----Epoch 15/19-----
03-03 11:56:25 current lr: 0.001473
03-03 11:56:25 Saved best checkpoint to ./checkpoint\SSF_PU_0303-112311\best_pt (val_loss=-0.9957)
03-03 11:56:25 Epoch 015 Train loss -0.9951 | Val loss -0.9957
03-03 11:56:25 -----Epoch 16/19-----
03-03 11:56:35 current lr: 0.00096396
03-03 11:56:35 Saved best checkpoint to ./checkpoint\SSF_PU_0303-112311\best_pt (val_loss=-0.9957)
03-03 11:56:35 Epoch 016 Train loss -0.9951 | Val loss -0.9957
03-03 11:56:35 -----Epoch 17/19-----
03-03 11:56:46 current lr: 0.000554422
03-03 11:56:46 Saved best checkpoint to ./checkpoint\SSF_PU_0303-112311\best_pt (val_loss=-0.9957)
03-03 11:56:46 Epoch 017 Train loss -0.9951 | Val loss -0.9957
03-03 11:56:46 -----Epoch 18/19-----
03-03 11:56:56 current lr: 0.000254473
03-03 11:56:56 Saved best checkpoint to ./checkpoint\SSF_PU_0303-112311\best_pt (val_loss=-0.9957)
03-03 11:56:56 Epoch 018 Train loss -0.9951 | Val loss -0.9957
03-03 11:56:56 -----Epoch 19/19-----
03-03 11:57:07 current lr: 7.14967e-05
03-03 11:57:07 Saved best checkpoint to ./checkpoint\SSF_PU_0303-112311\best_pt (val_loss=-0.9957)
03-03 11:57:07 Epoch 019 Train loss -0.9951 | Val loss -0.9957
03-03 11:57:08 TEST (last): loss -0.9957
