03-03 14:35:40 model_name: SSF
03-03 14:35:40 data_name: CWRU
03-03 14:35:40 aug_1: randomcrop
03-03 14:35:40 aug_2: scale
03-03 14:35:40 max_epoch: 20
03-03 14:35:40 classifier_epoch: 50
03-03 14:35:40 data_view: TwoViewDataset
03-03 14:35:40 cuda_device: 0
03-03 14:35:40 checkpoint_dir: ./checkpoint
03-03 14:35:40 batch_size: 32
03-03 14:35:40 data_dir: raw_data/CWRU
03-03 14:35:40 out_channel: 4
03-03 14:35:40 normlizetype: minus_one_one
03-03 14:35:40 processing_type: RA
03-03 14:35:40 opt: sgd
03-03 14:35:40 lr: 0.01
03-03 14:35:40 momentum: 0.9
03-03 14:35:40 weight_decay: 1e-05
03-03 14:35:40 lr_scheduler: cos
03-03 14:35:40 gamma: 0.1
03-03 14:35:40 eta_min: 1e-05
03-03 14:35:40 latent_space: 96
03-03 14:35:40 num_blocks_ssf: 5
03-03 14:35:40 task: self_supervised
03-03 14:35:40 critetion: <class 'utils.loss_SSL.SimSiamLoss'>
03-03 14:35:40 using 1 gpus
03-03 14:35:40 Dataset class: <class 'data_utils.datasets.CWRU.CWRU'>
03-03 14:35:40 Split sizes: train=2156 val=231 test=462, classier=231
03-03 14:35:40 Label counts train: Counter({0: 1159, 1: 333, 3: 333, 2: 331})
03-03 14:35:40 Label counts val:   Counter({0: 124, 1: 36, 3: 36, 2: 35})
03-03 14:35:40 Label counts test:  Counter({0: 249, 2: 71, 3: 71, 1: 71})
03-03 14:35:40 Label counts classifier:  Counter({0: 124, 2: 36, 1: 36, 3: 35})
03-03 14:35:42 -----Epoch 0/19-----
03-03 14:35:45 current lr: 0.01
03-03 14:35:45 Saved best checkpoint to ./checkpoint\SSF_CWRU_0303-143540\best_pt (val_loss=-0.9825)
03-03 14:35:45 Epoch 000 Train loss -0.8492 | Val loss -0.9825
03-03 14:35:45 -----Epoch 1/19-----
03-03 14:35:47 current lr: 0.0099385
03-03 14:35:47 Saved best checkpoint to ./checkpoint\SSF_CWRU_0303-143540\best_pt (val_loss=-0.9910)
03-03 14:35:47 Epoch 001 Train loss -0.9854 | Val loss -0.9910
03-03 14:35:47 -----Epoch 2/19-----
03-03 14:35:49 current lr: 0.00975553
03-03 14:35:49 Saved best checkpoint to ./checkpoint\SSF_CWRU_0303-143540\best_pt (val_loss=-0.9928)
03-03 14:35:49 Epoch 002 Train loss -0.9897 | Val loss -0.9928
03-03 14:35:49 -----Epoch 3/19-----
03-03 14:35:51 current lr: 0.00945558
03-03 14:35:51 Saved best checkpoint to ./checkpoint\SSF_CWRU_0303-143540\best_pt (val_loss=-0.9935)
03-03 14:35:51 Epoch 003 Train loss -0.9910 | Val loss -0.9935
03-03 14:35:51 -----Epoch 4/19-----
03-03 14:35:52 current lr: 0.00904604
03-03 14:35:52 Saved best checkpoint to ./checkpoint\SSF_CWRU_0303-143540\best_pt (val_loss=-0.9940)
03-03 14:35:52 Epoch 004 Train loss -0.9916 | Val loss -0.9940
03-03 14:35:52 -----Epoch 5/19-----
03-03 14:35:54 current lr: 0.008537
03-03 14:35:54 Saved best checkpoint to ./checkpoint\SSF_CWRU_0303-143540\best_pt (val_loss=-0.9942)
03-03 14:35:54 Epoch 005 Train loss -0.9920 | Val loss -0.9942
03-03 14:35:54 -----Epoch 6/19-----
03-03 14:35:56 current lr: 0.00794099
03-03 14:35:56 Saved best checkpoint to ./checkpoint\SSF_CWRU_0303-143540\best_pt (val_loss=-0.9943)
03-03 14:35:56 Epoch 006 Train loss -0.9923 | Val loss -0.9943
03-03 14:35:56 -----Epoch 7/19-----
03-03 14:35:57 current lr: 0.00727268
03-03 14:35:58 Saved best checkpoint to ./checkpoint\SSF_CWRU_0303-143540\best_pt (val_loss=-0.9945)
03-03 14:35:58 Epoch 007 Train loss -0.9925 | Val loss -0.9945
03-03 14:35:58 -----Epoch 8/19-----
03-03 14:35:59 current lr: 0.00654854
03-03 14:35:59 Saved best checkpoint to ./checkpoint\SSF_CWRU_0303-143540\best_pt (val_loss=-0.9947)
03-03 14:35:59 Epoch 008 Train loss -0.9927 | Val loss -0.9947
03-03 14:35:59 -----Epoch 9/19-----
03-03 14:36:01 current lr: 0.00578639
03-03 14:36:01 Saved best checkpoint to ./checkpoint\SSF_CWRU_0303-143540\best_pt (val_loss=-0.9948)
03-03 14:36:01 Epoch 009 Train loss -0.9929 | Val loss -0.9948
03-03 14:36:01 -----Epoch 10/19-----
03-03 14:36:03 current lr: 0.005005
03-03 14:36:03 Saved best checkpoint to ./checkpoint\SSF_CWRU_0303-143540\best_pt (val_loss=-0.9950)
03-03 14:36:03 Epoch 010 Train loss -0.9931 | Val loss -0.9950
03-03 14:36:03 -----Epoch 11/19-----
03-03 14:36:05 current lr: 0.00422361
03-03 14:36:05 Saved best checkpoint to ./checkpoint\SSF_CWRU_0303-143540\best_pt (val_loss=-0.9951)
03-03 14:36:05 Epoch 011 Train loss -0.9933 | Val loss -0.9951
03-03 14:36:05 -----Epoch 12/19-----
03-03 14:36:07 current lr: 0.00346146
03-03 14:36:07 Saved best checkpoint to ./checkpoint\SSF_CWRU_0303-143540\best_pt (val_loss=-0.9952)
03-03 14:36:07 Epoch 012 Train loss -0.9934 | Val loss -0.9952
03-03 14:36:07 -----Epoch 13/19-----
03-03 14:36:09 current lr: 0.00273732
03-03 14:36:09 Saved best checkpoint to ./checkpoint\SSF_CWRU_0303-143540\best_pt (val_loss=-0.9953)
03-03 14:36:09 Epoch 013 Train loss -0.9936 | Val loss -0.9953
03-03 14:36:09 -----Epoch 14/19-----
03-03 14:36:11 current lr: 0.00206901
03-03 14:36:11 Saved best checkpoint to ./checkpoint\SSF_CWRU_0303-143540\best_pt (val_loss=-0.9954)
03-03 14:36:11 Epoch 014 Train loss -0.9936 | Val loss -0.9954
03-03 14:36:11 -----Epoch 15/19-----
03-03 14:36:13 current lr: 0.001473
03-03 14:36:13 Saved best checkpoint to ./checkpoint\SSF_CWRU_0303-143540\best_pt (val_loss=-0.9954)
03-03 14:36:13 Epoch 015 Train loss -0.9937 | Val loss -0.9954
03-03 14:36:13 -----Epoch 16/19-----
03-03 14:36:15 current lr: 0.00096396
03-03 14:36:15 Saved best checkpoint to ./checkpoint\SSF_CWRU_0303-143540\best_pt (val_loss=-0.9954)
03-03 14:36:15 Epoch 016 Train loss -0.9937 | Val loss -0.9954
03-03 14:36:15 -----Epoch 17/19-----
03-03 14:36:17 current lr: 0.000554422
03-03 14:36:17 Saved best checkpoint to ./checkpoint\SSF_CWRU_0303-143540\best_pt (val_loss=-0.9954)
03-03 14:36:17 Epoch 017 Train loss -0.9937 | Val loss -0.9954
03-03 14:36:17 -----Epoch 18/19-----
03-03 14:36:19 current lr: 0.000254473
03-03 14:36:19 Saved best checkpoint to ./checkpoint\SSF_CWRU_0303-143540\best_pt (val_loss=-0.9954)
03-03 14:36:19 Epoch 018 Train loss -0.9938 | Val loss -0.9954
03-03 14:36:19 -----Epoch 19/19-----
03-03 14:36:21 current lr: 7.14967e-05
03-03 14:36:21 Saved best checkpoint to ./checkpoint\SSF_CWRU_0303-143540\best_pt (val_loss=-0.9954)
03-03 14:36:21 Epoch 019 Train loss -0.9938 | Val loss -0.9954
03-03 14:36:21 TEST (last): loss -0.9952
03-03 14:36:21 [LP epoch 00] train_loss=1.0673 train_acc=0.6840 | val_loss=1.1496 val_acc=0.7706 | 
03-03 14:36:21 [LP epoch 01] train_loss=0.7488 train_acc=0.9437 | val_loss=0.9186 val_acc=0.9134 | 
03-03 14:36:21 [LP epoch 02] train_loss=0.6366 train_acc=0.9654 | val_loss=0.7037 val_acc=0.9177 | 
03-03 14:36:21 [LP epoch 03] train_loss=0.5506 train_acc=0.9654 | val_loss=0.5461 val_acc=0.9221 | 
03-03 14:36:22 [LP epoch 04] train_loss=0.4911 train_acc=0.9740 | val_loss=0.4308 val_acc=0.9524 | 
03-03 14:36:22 [LP epoch 05] train_loss=0.4428 train_acc=0.9740 | val_loss=0.3556 val_acc=0.9610 | 
03-03 14:36:22 [LP epoch 06] train_loss=0.4002 train_acc=0.9827 | val_loss=0.3050 val_acc=0.9697 | 
03-03 14:36:22 [LP epoch 07] train_loss=0.3616 train_acc=0.9870 | val_loss=0.2685 val_acc=0.9697 | 
03-03 14:36:22 [LP epoch 08] train_loss=0.3275 train_acc=0.9870 | val_loss=0.2390 val_acc=0.9784 | 
03-03 14:36:23 [LP epoch 09] train_loss=0.2968 train_acc=0.9913 | val_loss=0.2181 val_acc=0.9784 | 
03-03 14:36:23 [LP epoch 10] train_loss=0.2688 train_acc=0.9913 | val_loss=0.1944 val_acc=0.9827 | 
03-03 14:36:23 [LP epoch 11] train_loss=0.2443 train_acc=0.9913 | val_loss=0.1736 val_acc=0.9913 | 
03-03 14:36:23 [LP epoch 12] train_loss=0.2228 train_acc=0.9957 | val_loss=0.1563 val_acc=0.9913 | 
03-03 14:36:23 [LP epoch 13] train_loss=0.2038 train_acc=1.0000 | val_loss=0.1405 val_acc=0.9913 | 
03-03 14:36:24 [LP epoch 14] train_loss=0.1875 train_acc=1.0000 | val_loss=0.1268 val_acc=0.9957 | 
03-03 14:36:24 [LP epoch 15] train_loss=0.1725 train_acc=1.0000 | val_loss=0.1144 val_acc=0.9957 | 
03-03 14:36:24 [LP epoch 16] train_loss=0.1587 train_acc=1.0000 | val_loss=0.1035 val_acc=0.9957 | 
03-03 14:36:24 [LP epoch 17] train_loss=0.1465 train_acc=1.0000 | val_loss=0.0961 val_acc=0.9957 | 
03-03 14:36:24 [LP epoch 18] train_loss=0.1355 train_acc=1.0000 | val_loss=0.0888 val_acc=0.9957 | 
03-03 14:36:25 [LP epoch 19] train_loss=0.1257 train_acc=1.0000 | val_loss=0.0829 val_acc=0.9957 | 
03-03 14:36:25 [LP epoch 20] train_loss=0.1169 train_acc=1.0000 | val_loss=0.0746 val_acc=0.9957 | 
03-03 14:36:25 [LP epoch 21] train_loss=0.1093 train_acc=1.0000 | val_loss=0.0708 val_acc=0.9957 | 
03-03 14:36:25 [LP epoch 22] train_loss=0.1021 train_acc=1.0000 | val_loss=0.0657 val_acc=0.9957 | 
03-03 14:36:25 [LP epoch 23] train_loss=0.0958 train_acc=1.0000 | val_loss=0.0625 val_acc=0.9957 | 
03-03 14:36:26 [LP epoch 24] train_loss=0.0899 train_acc=1.0000 | val_loss=0.0572 val_acc=0.9957 | 
03-03 14:36:26 [LP epoch 25] train_loss=0.0847 train_acc=1.0000 | val_loss=0.0550 val_acc=0.9957 | 
03-03 14:36:26 [LP epoch 26] train_loss=0.0790 train_acc=1.0000 | val_loss=0.0510 val_acc=0.9957 | 
03-03 14:36:26 [LP epoch 27] train_loss=0.0749 train_acc=1.0000 | val_loss=0.0489 val_acc=0.9957 | 
03-03 14:36:26 [LP epoch 28] train_loss=0.0699 train_acc=1.0000 | val_loss=0.0454 val_acc=0.9957 | 
03-03 14:36:26 [LP epoch 29] train_loss=0.0665 train_acc=1.0000 | val_loss=0.0438 val_acc=0.9957 | 
03-03 14:36:27 [LP epoch 30] train_loss=0.0626 train_acc=1.0000 | val_loss=0.0405 val_acc=0.9957 | 
03-03 14:36:27 [LP epoch 31] train_loss=0.0599 train_acc=1.0000 | val_loss=0.0386 val_acc=0.9957 | 
03-03 14:36:27 [LP epoch 32] train_loss=0.0567 train_acc=1.0000 | val_loss=0.0367 val_acc=0.9957 | 
03-03 14:36:27 [LP epoch 33] train_loss=0.0540 train_acc=1.0000 | val_loss=0.0347 val_acc=0.9957 | 
03-03 14:36:27 [LP epoch 34] train_loss=0.0510 train_acc=1.0000 | val_loss=0.0339 val_acc=0.9957 | 
03-03 14:36:27 [LP epoch 35] train_loss=0.0488 train_acc=1.0000 | val_loss=0.0318 val_acc=0.9957 | 
03-03 14:36:28 [LP epoch 36] train_loss=0.0461 train_acc=1.0000 | val_loss=0.0301 val_acc=0.9957 | 
03-03 14:36:28 [LP epoch 37] train_loss=0.0442 train_acc=1.0000 | val_loss=0.0286 val_acc=0.9957 | 
03-03 14:36:28 [LP epoch 38] train_loss=0.0421 train_acc=1.0000 | val_loss=0.0271 val_acc=0.9957 | 
03-03 14:36:28 [LP epoch 39] train_loss=0.0404 train_acc=1.0000 | val_loss=0.0261 val_acc=0.9957 | 
03-03 14:36:28 [LP epoch 40] train_loss=0.0388 train_acc=1.0000 | val_loss=0.0250 val_acc=0.9957 | 
03-03 14:36:29 [LP epoch 41] train_loss=0.0371 train_acc=1.0000 | val_loss=0.0240 val_acc=0.9957 | 
03-03 14:36:29 [LP epoch 42] train_loss=0.0358 train_acc=1.0000 | val_loss=0.0235 val_acc=0.9957 | 
03-03 14:36:29 [LP epoch 43] train_loss=0.0346 train_acc=1.0000 | val_loss=0.0221 val_acc=0.9957 | 
03-03 14:36:29 [LP epoch 44] train_loss=0.0334 train_acc=1.0000 | val_loss=0.0214 val_acc=0.9957 | 
03-03 14:36:29 [LP epoch 45] train_loss=0.0319 train_acc=1.0000 | val_loss=0.0210 val_acc=0.9957 | 
03-03 14:36:29 [LP epoch 46] train_loss=0.0307 train_acc=1.0000 | val_loss=0.0200 val_acc=0.9957 | 
03-03 14:36:30 [LP epoch 47] train_loss=0.0293 train_acc=1.0000 | val_loss=0.0191 val_acc=0.9957 | 
03-03 14:36:30 [LP epoch 48] train_loss=0.0284 train_acc=1.0000 | val_loss=0.0186 val_acc=0.9957 | 
03-03 14:36:30 [LP epoch 49] train_loss=0.0273 train_acc=1.0000 | val_loss=0.0179 val_acc=0.9957 | 
03-03 14:36:30 Saved linear-probe checkpoint: ./checkpoint\SSF_CWRU_0303-143540\linear_probe_best.pt (best_val_acc=0.9957)
03-03 14:36:30 TEST linear-probe: loss=0.0228 acc=0.9957
03-03 14:36:30 model_name: SSF
03-03 14:36:30 data_name: CWRU
03-03 14:36:30 aug_1: randomcrop
03-03 14:36:30 aug_2: scale
03-03 14:36:30 max_epoch: 20
03-03 14:36:30 classifier_epoch: 50
03-03 14:36:30 data_view: TwoViewDataset
03-03 14:36:30 cuda_device: 0
03-03 14:36:30 checkpoint_dir: ./checkpoint
03-03 14:36:30 batch_size: 32
03-03 14:36:30 data_dir: raw_data/CWRU
03-03 14:36:30 out_channel: 4
03-03 14:36:30 normlizetype: minus_one_one
03-03 14:36:30 processing_type: RA
03-03 14:36:30 opt: sgd
03-03 14:36:30 lr: 0.01
03-03 14:36:30 momentum: 0.9
03-03 14:36:30 weight_decay: 1e-05
03-03 14:36:30 lr_scheduler: cos
03-03 14:36:30 gamma: 0.1
03-03 14:36:30 eta_min: 1e-05
03-03 14:36:30 latent_space: 96
03-03 14:36:30 num_blocks_ssf: 5
03-03 14:36:30 task: self_supervised
03-03 14:36:30 critetion: <class 'utils.loss_SSL.SimSiamLoss'>
03-03 14:36:30 using 1 gpus
03-03 14:36:30 Dataset class: <class 'data_utils.datasets.CWRU.CWRU'>
03-03 14:36:30 Split sizes: train=2156 val=231 test=462, classier=231
03-03 14:36:30 Label counts train: Counter({0: 1159, 1: 333, 3: 333, 2: 331})
03-03 14:36:30 Label counts val:   Counter({0: 124, 1: 36, 3: 36, 2: 35})
03-03 14:36:30 Label counts test:  Counter({0: 249, 2: 71, 3: 71, 1: 71})
03-03 14:36:30 Label counts classifier:  Counter({0: 124, 2: 36, 1: 36, 3: 35})
03-03 14:36:30 -----Epoch 0/19-----
03-03 14:36:33 current lr: 0.01
03-03 14:36:33 Saved best checkpoint to ./checkpoint\SSF_CWRU_0303-143540\best_pt (val_loss=-0.9836)
03-03 14:36:33 Epoch 000 Train loss -0.8767 | Val loss -0.9836
03-03 14:36:33 -----Epoch 1/19-----
03-03 14:36:34 current lr: 0.0099385
03-03 14:36:34 Saved best checkpoint to ./checkpoint\SSF_CWRU_0303-143540\best_pt (val_loss=-0.9898)
03-03 14:36:34 Epoch 001 Train loss -0.9853 | Val loss -0.9898
03-03 14:36:34 -----Epoch 2/19-----
03-03 14:36:36 current lr: 0.00975553
03-03 14:36:36 Saved best checkpoint to ./checkpoint\SSF_CWRU_0303-143540\best_pt (val_loss=-0.9912)
03-03 14:36:36 Epoch 002 Train loss -0.9882 | Val loss -0.9912
03-03 14:36:36 -----Epoch 3/19-----
03-03 14:36:38 current lr: 0.00945558
03-03 14:36:38 Saved best checkpoint to ./checkpoint\SSF_CWRU_0303-143540\best_pt (val_loss=-0.9921)
03-03 14:36:38 Epoch 003 Train loss -0.9897 | Val loss -0.9921
03-03 14:36:38 -----Epoch 4/19-----
03-03 14:36:40 current lr: 0.00904604
03-03 14:36:40 Saved best checkpoint to ./checkpoint\SSF_CWRU_0303-143540\best_pt (val_loss=-0.9928)
03-03 14:36:40 Epoch 004 Train loss -0.9906 | Val loss -0.9928
03-03 14:36:40 -----Epoch 5/19-----
03-03 14:36:42 current lr: 0.008537
03-03 14:36:42 Saved best checkpoint to ./checkpoint\SSF_CWRU_0303-143540\best_pt (val_loss=-0.9934)
03-03 14:36:42 Epoch 005 Train loss -0.9912 | Val loss -0.9934
03-03 14:36:42 -----Epoch 6/19-----
03-03 14:36:44 current lr: 0.00794099
03-03 14:36:44 Saved best checkpoint to ./checkpoint\SSF_CWRU_0303-143540\best_pt (val_loss=-0.9939)
03-03 14:36:44 Epoch 006 Train loss -0.9918 | Val loss -0.9939
03-03 14:36:44 -----Epoch 7/19-----
03-03 14:36:46 current lr: 0.00727268
03-03 14:36:46 Saved best checkpoint to ./checkpoint\SSF_CWRU_0303-143540\best_pt (val_loss=-0.9943)
03-03 14:36:46 Epoch 007 Train loss -0.9923 | Val loss -0.9943
03-03 14:36:46 -----Epoch 8/19-----
03-03 14:36:47 current lr: 0.00654854
03-03 14:36:47 Saved best checkpoint to ./checkpoint\SSF_CWRU_0303-143540\best_pt (val_loss=-0.9946)
03-03 14:36:47 Epoch 008 Train loss -0.9926 | Val loss -0.9946
03-03 14:36:47 -----Epoch 9/19-----
03-03 14:36:49 current lr: 0.00578639
03-03 14:36:49 Saved best checkpoint to ./checkpoint\SSF_CWRU_0303-143540\best_pt (val_loss=-0.9948)
03-03 14:36:49 Epoch 009 Train loss -0.9929 | Val loss -0.9948
03-03 14:36:49 -----Epoch 10/19-----
03-03 14:36:51 current lr: 0.005005
03-03 14:36:51 Saved best checkpoint to ./checkpoint\SSF_CWRU_0303-143540\best_pt (val_loss=-0.9949)
03-03 14:36:51 Epoch 010 Train loss -0.9931 | Val loss -0.9949
03-03 14:36:51 -----Epoch 11/19-----
03-03 14:36:53 current lr: 0.00422361
03-03 14:36:53 Saved best checkpoint to ./checkpoint\SSF_CWRU_0303-143540\best_pt (val_loss=-0.9950)
03-03 14:36:53 Epoch 011 Train loss -0.9933 | Val loss -0.9950
03-03 14:36:53 -----Epoch 12/19-----
03-03 14:36:55 current lr: 0.00346146
03-03 14:36:55 Saved best checkpoint to ./checkpoint\SSF_CWRU_0303-143540\best_pt (val_loss=-0.9951)
03-03 14:36:55 Epoch 012 Train loss -0.9934 | Val loss -0.9951
03-03 14:36:55 -----Epoch 13/19-----
03-03 14:36:57 current lr: 0.00273732
03-03 14:36:57 Saved best checkpoint to ./checkpoint\SSF_CWRU_0303-143540\best_pt (val_loss=-0.9952)
03-03 14:36:57 Epoch 013 Train loss -0.9935 | Val loss -0.9952
03-03 14:36:57 -----Epoch 14/19-----
03-03 14:36:59 current lr: 0.00206901
03-03 14:36:59 Saved best checkpoint to ./checkpoint\SSF_CWRU_0303-143540\best_pt (val_loss=-0.9952)
03-03 14:36:59 Epoch 014 Train loss -0.9935 | Val loss -0.9952
03-03 14:36:59 -----Epoch 15/19-----
03-03 14:37:01 current lr: 0.001473
03-03 14:37:01 Saved best checkpoint to ./checkpoint\SSF_CWRU_0303-143540\best_pt (val_loss=-0.9952)
03-03 14:37:01 Epoch 015 Train loss -0.9936 | Val loss -0.9952
03-03 14:37:01 -----Epoch 16/19-----
03-03 14:37:03 current lr: 0.00096396
03-03 14:37:03 Saved best checkpoint to ./checkpoint\SSF_CWRU_0303-143540\best_pt (val_loss=-0.9952)
03-03 14:37:03 Epoch 016 Train loss -0.9936 | Val loss -0.9952
03-03 14:37:03 -----Epoch 17/19-----
03-03 14:37:05 current lr: 0.000554422
03-03 14:37:05 Saved best checkpoint to ./checkpoint\SSF_CWRU_0303-143540\best_pt (val_loss=-0.9952)
03-03 14:37:05 Epoch 017 Train loss -0.9936 | Val loss -0.9952
03-03 14:37:05 -----Epoch 18/19-----
03-03 14:37:06 current lr: 0.000254473
03-03 14:37:06 Saved best checkpoint to ./checkpoint\SSF_CWRU_0303-143540\best_pt (val_loss=-0.9952)
03-03 14:37:06 Epoch 018 Train loss -0.9936 | Val loss -0.9952
03-03 14:37:06 -----Epoch 19/19-----
03-03 14:37:08 current lr: 7.14967e-05
03-03 14:37:08 Saved best checkpoint to ./checkpoint\SSF_CWRU_0303-143540\best_pt (val_loss=-0.9952)
03-03 14:37:08 Epoch 019 Train loss -0.9936 | Val loss -0.9952
03-03 14:37:08 TEST (last): loss -0.9951
03-03 14:37:08 [LP epoch 00] train_loss=1.4225 train_acc=0.3463 | val_loss=1.2630 val_acc=0.6926 | 
03-03 14:37:08 [LP epoch 01] train_loss=0.9553 train_acc=0.7273 | val_loss=1.0579 val_acc=0.9827 | 
03-03 14:37:09 [LP epoch 02] train_loss=0.7939 train_acc=0.9567 | val_loss=0.8498 val_acc=0.9091 | 
03-03 14:37:09 [LP epoch 03] train_loss=0.7020 train_acc=0.9740 | val_loss=0.6767 val_acc=0.9091 | 
03-03 14:37:09 [LP epoch 04] train_loss=0.6241 train_acc=0.9740 | val_loss=0.5387 val_acc=0.9307 | 
03-03 14:37:09 [LP epoch 05] train_loss=0.5649 train_acc=0.9740 | val_loss=0.4493 val_acc=0.9437 | 
03-03 14:37:09 [LP epoch 06] train_loss=0.5157 train_acc=0.9697 | val_loss=0.3951 val_acc=0.9567 | 
03-03 14:37:09 [LP epoch 07] train_loss=0.4709 train_acc=0.9740 | val_loss=0.3521 val_acc=0.9610 | 
03-03 14:37:10 [LP epoch 08] train_loss=0.4287 train_acc=0.9784 | val_loss=0.3097 val_acc=0.9610 | 
03-03 14:37:10 [LP epoch 09] train_loss=0.3909 train_acc=0.9827 | val_loss=0.2794 val_acc=0.9740 | 
03-03 14:37:10 [LP epoch 10] train_loss=0.3559 train_acc=0.9827 | val_loss=0.2500 val_acc=0.9827 | 
03-03 14:37:10 [LP epoch 11] train_loss=0.3238 train_acc=0.9870 | val_loss=0.2245 val_acc=0.9870 | 
03-03 14:37:10 [LP epoch 12] train_loss=0.2949 train_acc=0.9913 | val_loss=0.2013 val_acc=0.9957 | 
03-03 14:37:10 [LP epoch 13] train_loss=0.2696 train_acc=1.0000 | val_loss=0.1753 val_acc=0.9957 | 
03-03 14:37:10 [LP epoch 14] train_loss=0.2470 train_acc=1.0000 | val_loss=0.1600 val_acc=0.9957 | 
03-03 14:37:11 [LP epoch 15] train_loss=0.2266 train_acc=1.0000 | val_loss=0.1461 val_acc=0.9957 | 
03-03 14:37:11 [LP epoch 16] train_loss=0.2087 train_acc=1.0000 | val_loss=0.1312 val_acc=0.9957 | 
03-03 14:37:11 [LP epoch 17] train_loss=0.1923 train_acc=1.0000 | val_loss=0.1159 val_acc=0.9957 | 
03-03 14:37:11 [LP epoch 18] train_loss=0.1772 train_acc=1.0000 | val_loss=0.1077 val_acc=0.9957 | 
03-03 14:37:11 [LP epoch 19] train_loss=0.1639 train_acc=1.0000 | val_loss=0.1028 val_acc=0.9957 | 
03-03 14:37:11 [LP epoch 20] train_loss=0.1523 train_acc=1.0000 | val_loss=0.0906 val_acc=0.9957 | 
03-03 14:37:11 [LP epoch 21] train_loss=0.1411 train_acc=1.0000 | val_loss=0.0840 val_acc=0.9957 | 
03-03 14:37:12 [LP epoch 22] train_loss=0.1311 train_acc=1.0000 | val_loss=0.0788 val_acc=0.9957 | 
03-03 14:37:12 [LP epoch 23] train_loss=0.1220 train_acc=1.0000 | val_loss=0.0730 val_acc=0.9957 | 
03-03 14:37:12 [LP epoch 24] train_loss=0.1138 train_acc=1.0000 | val_loss=0.0670 val_acc=0.9957 | 
03-03 14:37:12 [LP epoch 25] train_loss=0.1055 train_acc=1.0000 | val_loss=0.0627 val_acc=0.9957 | 
03-03 14:37:12 [LP epoch 26] train_loss=0.0994 train_acc=1.0000 | val_loss=0.0568 val_acc=0.9957 | 
03-03 14:37:13 [LP epoch 27] train_loss=0.0921 train_acc=1.0000 | val_loss=0.0531 val_acc=0.9957 | 
03-03 14:37:13 [LP epoch 28] train_loss=0.0872 train_acc=1.0000 | val_loss=0.0483 val_acc=0.9957 | 
03-03 14:37:13 [LP epoch 29] train_loss=0.0811 train_acc=1.0000 | val_loss=0.0446 val_acc=0.9957 | 
03-03 14:37:13 [LP epoch 30] train_loss=0.0762 train_acc=1.0000 | val_loss=0.0408 val_acc=0.9957 | 
03-03 14:37:13 [LP epoch 31] train_loss=0.0712 train_acc=1.0000 | val_loss=0.0380 val_acc=0.9957 | 
03-03 14:37:13 [LP epoch 32] train_loss=0.0676 train_acc=1.0000 | val_loss=0.0352 val_acc=0.9957 | 
03-03 14:37:14 [LP epoch 33] train_loss=0.0635 train_acc=1.0000 | val_loss=0.0330 val_acc=0.9957 | 
03-03 14:37:14 [LP epoch 34] train_loss=0.0608 train_acc=1.0000 | val_loss=0.0303 val_acc=1.0000 | 
03-03 14:37:14 [LP epoch 35] train_loss=0.0570 train_acc=1.0000 | val_loss=0.0279 val_acc=1.0000 | 
03-03 14:37:14 [LP epoch 36] train_loss=0.0544 train_acc=1.0000 | val_loss=0.0262 val_acc=1.0000 | 
03-03 14:37:14 [LP epoch 37] train_loss=0.0512 train_acc=1.0000 | val_loss=0.0252 val_acc=1.0000 | 
03-03 14:37:14 [LP epoch 38] train_loss=0.0492 train_acc=1.0000 | val_loss=0.0235 val_acc=1.0000 | 
03-03 14:37:14 [LP epoch 39] train_loss=0.0465 train_acc=1.0000 | val_loss=0.0222 val_acc=1.0000 | 
03-03 14:37:15 [LP epoch 40] train_loss=0.0447 train_acc=1.0000 | val_loss=0.0208 val_acc=1.0000 | 
03-03 14:37:15 [LP epoch 41] train_loss=0.0424 train_acc=1.0000 | val_loss=0.0199 val_acc=1.0000 | 
03-03 14:37:15 [LP epoch 42] train_loss=0.0410 train_acc=1.0000 | val_loss=0.0189 val_acc=1.0000 | 
03-03 14:37:15 [LP epoch 43] train_loss=0.0389 train_acc=1.0000 | val_loss=0.0177 val_acc=1.0000 | 
03-03 14:37:15 [LP epoch 44] train_loss=0.0375 train_acc=1.0000 | val_loss=0.0168 val_acc=1.0000 | 
03-03 14:37:15 [LP epoch 45] train_loss=0.0357 train_acc=1.0000 | val_loss=0.0159 val_acc=1.0000 | 
03-03 14:37:16 [LP epoch 46] train_loss=0.0344 train_acc=1.0000 | val_loss=0.0153 val_acc=1.0000 | 
03-03 14:37:16 [LP epoch 47] train_loss=0.0330 train_acc=1.0000 | val_loss=0.0145 val_acc=1.0000 | 
03-03 14:37:16 [LP epoch 48] train_loss=0.0318 train_acc=1.0000 | val_loss=0.0139 val_acc=1.0000 | 
03-03 14:37:16 [LP epoch 49] train_loss=0.0305 train_acc=1.0000 | val_loss=0.0133 val_acc=1.0000 | 
03-03 14:37:16 Saved linear-probe checkpoint: ./checkpoint\SSF_CWRU_0303-143540\linear_probe_best.pt (best_val_acc=1.0000)
03-03 14:37:16 TEST linear-probe: loss=0.0212 acc=0.9957
03-03 14:37:16 model_name: SSF
03-03 14:37:16 data_name: CWRU
03-03 14:37:16 aug_1: randomcrop
03-03 14:37:16 aug_2: scale
03-03 14:37:16 max_epoch: 20
03-03 14:37:16 classifier_epoch: 50
03-03 14:37:16 data_view: TwoViewDataset
03-03 14:37:16 cuda_device: 0
03-03 14:37:16 checkpoint_dir: ./checkpoint
03-03 14:37:16 batch_size: 32
03-03 14:37:16 data_dir: raw_data/CWRU
03-03 14:37:16 out_channel: 4
03-03 14:37:16 normlizetype: minus_one_one
03-03 14:37:16 processing_type: RA
03-03 14:37:16 opt: sgd
03-03 14:37:16 lr: 0.01
03-03 14:37:16 momentum: 0.9
03-03 14:37:16 weight_decay: 1e-05
03-03 14:37:16 lr_scheduler: cos
03-03 14:37:16 gamma: 0.1
03-03 14:37:16 eta_min: 1e-05
03-03 14:37:16 latent_space: 96
03-03 14:37:16 num_blocks_ssf: 5
03-03 14:37:16 task: self_supervised
03-03 14:37:16 critetion: <class 'utils.loss_SSL.SimSiamLoss'>
03-03 14:37:16 using 1 gpus
03-03 14:37:16 Dataset class: <class 'data_utils.datasets.CWRU.CWRU'>
03-03 14:37:16 Split sizes: train=2156 val=231 test=462, classier=231
03-03 14:37:16 Label counts train: Counter({0: 1159, 1: 333, 3: 333, 2: 331})
03-03 14:37:16 Label counts val:   Counter({0: 124, 1: 36, 3: 36, 2: 35})
03-03 14:37:17 Label counts test:  Counter({0: 249, 2: 71, 3: 71, 1: 71})
03-03 14:37:17 Label counts classifier:  Counter({0: 124, 2: 36, 1: 36, 3: 35})
03-03 14:37:17 -----Epoch 0/19-----
03-03 14:37:19 current lr: 0.01
03-03 14:37:19 Saved best checkpoint to ./checkpoint\SSF_CWRU_0303-143540\best_pt (val_loss=-0.9799)
03-03 14:37:19 Epoch 000 Train loss -0.8475 | Val loss -0.9799
03-03 14:37:19 -----Epoch 1/19-----
03-03 14:37:21 current lr: 0.0099385
03-03 14:37:21 Saved best checkpoint to ./checkpoint\SSF_CWRU_0303-143540\best_pt (val_loss=-0.9879)
03-03 14:37:21 Epoch 001 Train loss -0.9820 | Val loss -0.9879
03-03 14:37:21 -----Epoch 2/19-----
03-03 14:37:23 current lr: 0.00975553
03-03 14:37:23 Saved best checkpoint to ./checkpoint\SSF_CWRU_0303-143540\best_pt (val_loss=-0.9902)
03-03 14:37:23 Epoch 002 Train loss -0.9868 | Val loss -0.9902
03-03 14:37:23 -----Epoch 3/19-----
03-03 14:37:24 current lr: 0.00945558
03-03 14:37:24 Saved best checkpoint to ./checkpoint\SSF_CWRU_0303-143540\best_pt (val_loss=-0.9912)
03-03 14:37:24 Epoch 003 Train loss -0.9887 | Val loss -0.9912
03-03 14:37:24 -----Epoch 4/19-----
03-03 14:37:26 current lr: 0.00904604
03-03 14:37:26 Saved best checkpoint to ./checkpoint\SSF_CWRU_0303-143540\best_pt (val_loss=-0.9916)
03-03 14:37:26 Epoch 004 Train loss -0.9895 | Val loss -0.9916
03-03 14:37:26 -----Epoch 5/19-----
03-03 14:37:28 current lr: 0.008537
03-03 14:37:28 Saved best checkpoint to ./checkpoint\SSF_CWRU_0303-143540\best_pt (val_loss=-0.9916)
03-03 14:37:28 Epoch 005 Train loss -0.9899 | Val loss -0.9916
03-03 14:37:28 -----Epoch 6/19-----
03-03 14:37:30 current lr: 0.00794099
03-03 14:37:30 Saved best checkpoint to ./checkpoint\SSF_CWRU_0303-143540\best_pt (val_loss=-0.9919)
03-03 14:37:30 Epoch 006 Train loss -0.9901 | Val loss -0.9919
03-03 14:37:30 -----Epoch 7/19-----
03-03 14:37:32 current lr: 0.00727268
03-03 14:37:32 Saved best checkpoint to ./checkpoint\SSF_CWRU_0303-143540\best_pt (val_loss=-0.9924)
03-03 14:37:32 Epoch 007 Train loss -0.9904 | Val loss -0.9924
03-03 14:37:32 -----Epoch 8/19-----
03-03 14:37:33 current lr: 0.00654854
03-03 14:37:33 Saved best checkpoint to ./checkpoint\SSF_CWRU_0303-143540\best_pt (val_loss=-0.9929)
03-03 14:37:33 Epoch 008 Train loss -0.9909 | Val loss -0.9929
03-03 14:37:33 -----Epoch 9/19-----
03-03 14:37:35 current lr: 0.00578639
03-03 14:37:35 Saved best checkpoint to ./checkpoint\SSF_CWRU_0303-143540\best_pt (val_loss=-0.9934)
03-03 14:37:35 Epoch 009 Train loss -0.9914 | Val loss -0.9934
03-03 14:37:35 -----Epoch 10/19-----
03-03 14:37:37 current lr: 0.005005
03-03 14:37:37 Saved best checkpoint to ./checkpoint\SSF_CWRU_0303-143540\best_pt (val_loss=-0.9937)
03-03 14:37:37 Epoch 010 Train loss -0.9918 | Val loss -0.9937
03-03 14:37:37 -----Epoch 11/19-----
03-03 14:37:39 current lr: 0.00422361
03-03 14:37:39 Saved best checkpoint to ./checkpoint\SSF_CWRU_0303-143540\best_pt (val_loss=-0.9940)
03-03 14:37:39 Epoch 011 Train loss -0.9922 | Val loss -0.9940
03-03 14:37:39 -----Epoch 12/19-----
03-03 14:37:41 current lr: 0.00346146
03-03 14:37:41 Saved best checkpoint to ./checkpoint\SSF_CWRU_0303-143540\best_pt (val_loss=-0.9941)
03-03 14:37:41 Epoch 012 Train loss -0.9924 | Val loss -0.9941
03-03 14:37:41 -----Epoch 13/19-----
03-03 14:37:43 current lr: 0.00273732
03-03 14:37:43 Saved best checkpoint to ./checkpoint\SSF_CWRU_0303-143540\best_pt (val_loss=-0.9943)
03-03 14:37:43 Epoch 013 Train loss -0.9926 | Val loss -0.9943
03-03 14:37:43 -----Epoch 14/19-----
03-03 14:37:45 current lr: 0.00206901
03-03 14:37:45 Saved best checkpoint to ./checkpoint\SSF_CWRU_0303-143540\best_pt (val_loss=-0.9943)
03-03 14:37:45 Epoch 014 Train loss -0.9927 | Val loss -0.9943
03-03 14:37:45 -----Epoch 15/19-----
03-03 14:37:47 current lr: 0.001473
03-03 14:37:47 Saved best checkpoint to ./checkpoint\SSF_CWRU_0303-143540\best_pt (val_loss=-0.9944)
03-03 14:37:47 Epoch 015 Train loss -0.9928 | Val loss -0.9944
03-03 14:37:47 -----Epoch 16/19-----
03-03 14:37:49 current lr: 0.00096396
03-03 14:37:49 Saved best checkpoint to ./checkpoint\SSF_CWRU_0303-143540\best_pt (val_loss=-0.9944)
03-03 14:37:49 Epoch 016 Train loss -0.9928 | Val loss -0.9944
03-03 14:37:49 -----Epoch 17/19-----
03-03 14:37:51 current lr: 0.000554422
03-03 14:37:51 Saved best checkpoint to ./checkpoint\SSF_CWRU_0303-143540\best_pt (val_loss=-0.9944)
03-03 14:37:51 Epoch 017 Train loss -0.9929 | Val loss -0.9944
03-03 14:37:51 -----Epoch 18/19-----
03-03 14:37:53 current lr: 0.000254473
03-03 14:37:53 Saved best checkpoint to ./checkpoint\SSF_CWRU_0303-143540\best_pt (val_loss=-0.9944)
03-03 14:37:53 Epoch 018 Train loss -0.9929 | Val loss -0.9944
03-03 14:37:53 -----Epoch 19/19-----
03-03 14:37:55 current lr: 7.14967e-05
03-03 14:37:55 Saved best checkpoint to ./checkpoint\SSF_CWRU_0303-143540\best_pt (val_loss=-0.9944)
03-03 14:37:55 Epoch 019 Train loss -0.9929 | Val loss -0.9944
03-03 14:37:55 TEST (last): loss -0.9944
03-03 14:37:55 [LP epoch 00] train_loss=1.1991 train_acc=0.5931 | val_loss=1.2355 val_acc=0.7013 | 
03-03 14:37:55 [LP epoch 01] train_loss=0.8849 train_acc=0.9221 | val_loss=1.0199 val_acc=0.9004 | 
03-03 14:37:56 [LP epoch 02] train_loss=0.7259 train_acc=0.9610 | val_loss=0.7964 val_acc=0.9394 | 
03-03 14:37:56 [LP epoch 03] train_loss=0.6362 train_acc=0.9654 | val_loss=0.6123 val_acc=0.9437 | 
03-03 14:37:56 [LP epoch 04] train_loss=0.5666 train_acc=0.9654 | val_loss=0.4947 val_acc=0.9610 | 
03-03 14:37:56 [LP epoch 05] train_loss=0.5125 train_acc=0.9654 | val_loss=0.4144 val_acc=0.9654 | 
03-03 14:37:56 [LP epoch 06] train_loss=0.4623 train_acc=0.9697 | val_loss=0.3590 val_acc=0.9654 | 
03-03 14:37:56 [LP epoch 07] train_loss=0.4178 train_acc=0.9784 | val_loss=0.3208 val_acc=0.9697 | 
03-03 14:37:56 [LP epoch 08] train_loss=0.3787 train_acc=0.9957 | val_loss=0.2864 val_acc=0.9870 | 
03-03 14:37:57 [LP epoch 09] train_loss=0.3430 train_acc=1.0000 | val_loss=0.2516 val_acc=0.9957 | 
03-03 14:37:57 [LP epoch 10] train_loss=0.3097 train_acc=1.0000 | val_loss=0.2208 val_acc=0.9957 | 
03-03 14:37:57 [LP epoch 11] train_loss=0.2801 train_acc=1.0000 | val_loss=0.1946 val_acc=0.9957 | 
03-03 14:37:57 [LP epoch 12] train_loss=0.2546 train_acc=1.0000 | val_loss=0.1722 val_acc=0.9957 | 
03-03 14:37:57 [LP epoch 13] train_loss=0.2314 train_acc=1.0000 | val_loss=0.1541 val_acc=0.9957 | 
03-03 14:37:58 [LP epoch 14] train_loss=0.2114 train_acc=1.0000 | val_loss=0.1374 val_acc=0.9957 | 
03-03 14:37:58 [LP epoch 15] train_loss=0.1935 train_acc=1.0000 | val_loss=0.1239 val_acc=0.9957 | 
03-03 14:37:58 [LP epoch 16] train_loss=0.1777 train_acc=1.0000 | val_loss=0.1125 val_acc=0.9957 | 
03-03 14:37:58 [LP epoch 17] train_loss=0.1636 train_acc=1.0000 | val_loss=0.1022 val_acc=0.9957 | 
03-03 14:37:58 [LP epoch 18] train_loss=0.1512 train_acc=1.0000 | val_loss=0.0935 val_acc=0.9957 | 
03-03 14:37:59 [LP epoch 19] train_loss=0.1397 train_acc=1.0000 | val_loss=0.0848 val_acc=0.9957 | 
03-03 14:37:59 [LP epoch 20] train_loss=0.1295 train_acc=1.0000 | val_loss=0.0772 val_acc=0.9957 | 
03-03 14:37:59 [LP epoch 21] train_loss=0.1201 train_acc=1.0000 | val_loss=0.0711 val_acc=0.9957 | 
03-03 14:37:59 [LP epoch 22] train_loss=0.1119 train_acc=1.0000 | val_loss=0.0650 val_acc=0.9957 | 
03-03 14:38:00 [LP epoch 23] train_loss=0.1043 train_acc=1.0000 | val_loss=0.0596 val_acc=0.9957 | 
03-03 14:38:00 [LP epoch 24] train_loss=0.0978 train_acc=1.0000 | val_loss=0.0567 val_acc=0.9957 | 
03-03 14:38:00 [LP epoch 25] train_loss=0.0914 train_acc=1.0000 | val_loss=0.0513 val_acc=0.9957 | 
03-03 14:38:00 [LP epoch 26] train_loss=0.0862 train_acc=1.0000 | val_loss=0.0488 val_acc=0.9957 | 
03-03 14:38:00 [LP epoch 27] train_loss=0.0808 train_acc=1.0000 | val_loss=0.0454 val_acc=0.9957 | 
03-03 14:38:01 [LP epoch 28] train_loss=0.0771 train_acc=1.0000 | val_loss=0.0432 val_acc=1.0000 | 
03-03 14:38:01 [LP epoch 29] train_loss=0.0724 train_acc=1.0000 | val_loss=0.0402 val_acc=0.9957 | 
03-03 14:38:01 [LP epoch 30] train_loss=0.0687 train_acc=1.0000 | val_loss=0.0386 val_acc=1.0000 | 
03-03 14:38:01 [LP epoch 31] train_loss=0.0645 train_acc=1.0000 | val_loss=0.0356 val_acc=0.9957 | 
03-03 14:38:01 [LP epoch 32] train_loss=0.0613 train_acc=1.0000 | val_loss=0.0343 val_acc=1.0000 | 
03-03 14:38:02 [LP epoch 33] train_loss=0.0578 train_acc=1.0000 | val_loss=0.0312 val_acc=1.0000 | 
03-03 14:38:02 [LP epoch 34] train_loss=0.0554 train_acc=1.0000 | val_loss=0.0301 val_acc=1.0000 | 
03-03 14:38:02 [LP epoch 35] train_loss=0.0523 train_acc=1.0000 | val_loss=0.0277 val_acc=1.0000 | 
03-03 14:38:02 [LP epoch 36] train_loss=0.0502 train_acc=1.0000 | val_loss=0.0266 val_acc=1.0000 | 
03-03 14:38:03 [LP epoch 37] train_loss=0.0473 train_acc=1.0000 | val_loss=0.0247 val_acc=1.0000 | 
03-03 14:38:03 [LP epoch 38] train_loss=0.0454 train_acc=1.0000 | val_loss=0.0232 val_acc=1.0000 | 
03-03 14:38:03 [LP epoch 39] train_loss=0.0429 train_acc=1.0000 | val_loss=0.0224 val_acc=1.0000 | 
03-03 14:38:03 [LP epoch 40] train_loss=0.0411 train_acc=1.0000 | val_loss=0.0207 val_acc=1.0000 | 
03-03 14:38:03 [LP epoch 41] train_loss=0.0390 train_acc=1.0000 | val_loss=0.0201 val_acc=1.0000 | 
03-03 14:38:03 [LP epoch 42] train_loss=0.0374 train_acc=1.0000 | val_loss=0.0185 val_acc=1.0000 | 
03-03 14:38:04 [LP epoch 43] train_loss=0.0356 train_acc=1.0000 | val_loss=0.0183 val_acc=1.0000 | 
03-03 14:38:04 [LP epoch 44] train_loss=0.0341 train_acc=1.0000 | val_loss=0.0167 val_acc=1.0000 | 
03-03 14:38:04 [LP epoch 45] train_loss=0.0328 train_acc=1.0000 | val_loss=0.0166 val_acc=1.0000 | 
03-03 14:38:04 [LP epoch 46] train_loss=0.0316 train_acc=1.0000 | val_loss=0.0155 val_acc=1.0000 | 
03-03 14:38:04 [LP epoch 47] train_loss=0.0304 train_acc=1.0000 | val_loss=0.0154 val_acc=1.0000 | 
03-03 14:38:05 [LP epoch 48] train_loss=0.0293 train_acc=1.0000 | val_loss=0.0143 val_acc=1.0000 | 
03-03 14:38:05 [LP epoch 49] train_loss=0.0282 train_acc=1.0000 | val_loss=0.0139 val_acc=1.0000 | 
03-03 14:38:05 Saved linear-probe checkpoint: ./checkpoint\SSF_CWRU_0303-143540\linear_probe_best.pt (best_val_acc=1.0000)
03-03 14:38:05 TEST linear-probe: loss=0.0185 acc=1.0000
03-03 14:38:05 model_name: SSF
03-03 14:38:05 data_name: CWRU
03-03 14:38:05 aug_1: randomcrop
03-03 14:38:05 aug_2: scale
03-03 14:38:05 max_epoch: 20
03-03 14:38:05 classifier_epoch: 50
03-03 14:38:05 data_view: TwoViewDataset
03-03 14:38:05 cuda_device: 0
03-03 14:38:05 checkpoint_dir: ./checkpoint
03-03 14:38:05 batch_size: 32
03-03 14:38:05 data_dir: raw_data/CWRU
03-03 14:38:05 out_channel: 4
03-03 14:38:05 normlizetype: minus_one_one
03-03 14:38:05 processing_type: RA
03-03 14:38:05 opt: sgd
03-03 14:38:05 lr: 0.01
03-03 14:38:05 momentum: 0.9
03-03 14:38:05 weight_decay: 1e-05
03-03 14:38:05 lr_scheduler: cos
03-03 14:38:05 gamma: 0.1
03-03 14:38:05 eta_min: 1e-05
03-03 14:38:05 latent_space: 96
03-03 14:38:05 num_blocks_ssf: 5
03-03 14:38:05 task: self_supervised
03-03 14:38:05 critetion: <class 'utils.loss_SSL.SimSiamLoss'>
03-03 14:38:05 using 1 gpus
03-03 14:38:05 Dataset class: <class 'data_utils.datasets.CWRU.CWRU'>
03-03 14:38:05 Split sizes: train=2156 val=231 test=462, classier=231
03-03 14:38:05 Label counts train: Counter({0: 1159, 1: 333, 3: 333, 2: 331})
03-03 14:38:05 Label counts val:   Counter({0: 124, 1: 36, 3: 36, 2: 35})
03-03 14:38:05 Label counts test:  Counter({0: 249, 2: 71, 3: 71, 1: 71})
03-03 14:38:05 Label counts classifier:  Counter({0: 124, 2: 36, 1: 36, 3: 35})
03-03 14:38:05 -----Epoch 0/19-----
03-03 14:38:07 current lr: 0.01
03-03 14:38:07 Saved best checkpoint to ./checkpoint\SSF_CWRU_0303-143540\best_pt (val_loss=-0.9804)
03-03 14:38:07 Epoch 000 Train loss -0.8287 | Val loss -0.9804
03-03 14:38:07 -----Epoch 1/19-----
03-03 14:38:09 current lr: 0.0099385
03-03 14:38:09 Saved best checkpoint to ./checkpoint\SSF_CWRU_0303-143540\best_pt (val_loss=-0.9889)
03-03 14:38:09 Epoch 001 Train loss -0.9831 | Val loss -0.9889
03-03 14:38:09 -----Epoch 2/19-----
03-03 14:38:11 current lr: 0.00975553
03-03 14:38:11 Saved best checkpoint to ./checkpoint\SSF_CWRU_0303-143540\best_pt (val_loss=-0.9913)
03-03 14:38:11 Epoch 002 Train loss -0.9880 | Val loss -0.9913
03-03 14:38:11 -----Epoch 3/19-----
03-03 14:38:13 current lr: 0.00945558
03-03 14:38:13 Saved best checkpoint to ./checkpoint\SSF_CWRU_0303-143540\best_pt (val_loss=-0.9921)
03-03 14:38:13 Epoch 003 Train loss -0.9895 | Val loss -0.9921
03-03 14:38:13 -----Epoch 4/19-----
03-03 14:38:14 current lr: 0.00904604
03-03 14:38:14 Saved best checkpoint to ./checkpoint\SSF_CWRU_0303-143540\best_pt (val_loss=-0.9927)
03-03 14:38:14 Epoch 004 Train loss -0.9903 | Val loss -0.9927
03-03 14:38:14 -----Epoch 5/19-----
03-03 14:38:16 current lr: 0.008537
03-03 14:38:16 Saved best checkpoint to ./checkpoint\SSF_CWRU_0303-143540\best_pt (val_loss=-0.9933)
03-03 14:38:16 Epoch 005 Train loss -0.9909 | Val loss -0.9933
03-03 14:38:16 -----Epoch 6/19-----
03-03 14:38:18 current lr: 0.00794099
03-03 14:38:18 Saved best checkpoint to ./checkpoint\SSF_CWRU_0303-143540\best_pt (val_loss=-0.9936)
03-03 14:38:18 Epoch 006 Train loss -0.9914 | Val loss -0.9936
03-03 14:38:18 -----Epoch 7/19-----
03-03 14:38:20 current lr: 0.00727268
03-03 14:38:20 Saved best checkpoint to ./checkpoint\SSF_CWRU_0303-143540\best_pt (val_loss=-0.9940)
03-03 14:38:20 Epoch 007 Train loss -0.9917 | Val loss -0.9940
03-03 14:38:20 -----Epoch 8/19-----
03-03 14:38:22 current lr: 0.00654854
03-03 14:38:22 Saved best checkpoint to ./checkpoint\SSF_CWRU_0303-143540\best_pt (val_loss=-0.9942)
03-03 14:38:22 Epoch 008 Train loss -0.9920 | Val loss -0.9942
03-03 14:38:22 -----Epoch 9/19-----
03-03 14:38:23 current lr: 0.00578639
03-03 14:38:23 Saved best checkpoint to ./checkpoint\SSF_CWRU_0303-143540\best_pt (val_loss=-0.9944)
03-03 14:38:23 Epoch 009 Train loss -0.9923 | Val loss -0.9944
03-03 14:38:23 -----Epoch 10/19-----
03-03 14:38:25 current lr: 0.005005
03-03 14:38:25 Saved best checkpoint to ./checkpoint\SSF_CWRU_0303-143540\best_pt (val_loss=-0.9946)
03-03 14:38:25 Epoch 010 Train loss -0.9925 | Val loss -0.9946
03-03 14:38:25 -----Epoch 11/19-----
03-03 14:38:28 current lr: 0.00422361
03-03 14:38:28 Saved best checkpoint to ./checkpoint\SSF_CWRU_0303-143540\best_pt (val_loss=-0.9947)
03-03 14:38:28 Epoch 011 Train loss -0.9926 | Val loss -0.9947
03-03 14:38:28 -----Epoch 12/19-----
03-03 14:38:29 current lr: 0.00346146
03-03 14:38:29 Saved best checkpoint to ./checkpoint\SSF_CWRU_0303-143540\best_pt (val_loss=-0.9948)
03-03 14:38:29 Epoch 012 Train loss -0.9928 | Val loss -0.9948
03-03 14:38:29 -----Epoch 13/19-----
03-03 14:38:31 current lr: 0.00273732
03-03 14:38:31 Saved best checkpoint to ./checkpoint\SSF_CWRU_0303-143540\best_pt (val_loss=-0.9948)
03-03 14:38:31 Epoch 013 Train loss -0.9928 | Val loss -0.9948
03-03 14:38:31 -----Epoch 14/19-----
03-03 14:38:33 current lr: 0.00206901
03-03 14:38:33 Saved best checkpoint to ./checkpoint\SSF_CWRU_0303-143540\best_pt (val_loss=-0.9949)
03-03 14:38:33 Epoch 014 Train loss -0.9929 | Val loss -0.9949
03-03 14:38:33 -----Epoch 15/19-----
03-03 14:38:35 current lr: 0.001473
03-03 14:38:35 Saved best checkpoint to ./checkpoint\SSF_CWRU_0303-143540\best_pt (val_loss=-0.9949)
03-03 14:38:35 Epoch 015 Train loss -0.9930 | Val loss -0.9949
03-03 14:38:35 -----Epoch 16/19-----
03-03 14:38:38 current lr: 0.00096396
03-03 14:38:38 Saved best checkpoint to ./checkpoint\SSF_CWRU_0303-143540\best_pt (val_loss=-0.9949)
03-03 14:38:38 Epoch 016 Train loss -0.9930 | Val loss -0.9949
03-03 14:38:38 -----Epoch 17/19-----
03-03 14:38:39 current lr: 0.000554422
03-03 14:38:39 Saved best checkpoint to ./checkpoint\SSF_CWRU_0303-143540\best_pt (val_loss=-0.9949)
03-03 14:38:39 Epoch 017 Train loss -0.9930 | Val loss -0.9949
03-03 14:38:39 -----Epoch 18/19-----
03-03 14:38:41 current lr: 0.000254473
03-03 14:38:41 Saved best checkpoint to ./checkpoint\SSF_CWRU_0303-143540\best_pt (val_loss=-0.9949)
03-03 14:38:41 Epoch 018 Train loss -0.9930 | Val loss -0.9949
03-03 14:38:41 -----Epoch 19/19-----
03-03 14:38:43 current lr: 7.14967e-05
03-03 14:38:44 Saved best checkpoint to ./checkpoint\SSF_CWRU_0303-143540\best_pt (val_loss=-0.9950)
03-03 14:38:44 Epoch 019 Train loss -0.9931 | Val loss -0.9950
03-03 14:38:44 TEST (last): loss -0.9949
03-03 14:38:44 [LP epoch 00] train_loss=1.1685 train_acc=0.5584 | val_loss=1.1897 val_acc=0.6883 | 
03-03 14:38:44 [LP epoch 01] train_loss=0.8333 train_acc=0.8831 | val_loss=0.9354 val_acc=0.7273 | 
03-03 14:38:44 [LP epoch 02] train_loss=0.6921 train_acc=0.9134 | val_loss=0.7102 val_acc=0.8918 | 
03-03 14:38:44 [LP epoch 03] train_loss=0.5872 train_acc=0.9177 | val_loss=0.5439 val_acc=0.9134 | 
03-03 14:38:45 [LP epoch 04] train_loss=0.5155 train_acc=0.9394 | val_loss=0.4436 val_acc=0.9134 | 
03-03 14:38:45 [LP epoch 05] train_loss=0.4641 train_acc=0.9394 | val_loss=0.3866 val_acc=0.9177 | 
03-03 14:38:45 [LP epoch 06] train_loss=0.4282 train_acc=0.9437 | val_loss=0.3484 val_acc=0.9177 | 
03-03 14:38:45 [LP epoch 07] train_loss=0.3961 train_acc=0.9437 | val_loss=0.3187 val_acc=0.9177 | 
03-03 14:38:45 [LP epoch 08] train_loss=0.3668 train_acc=0.9567 | val_loss=0.2905 val_acc=0.9264 | 
03-03 14:38:46 [LP epoch 09] train_loss=0.3395 train_acc=0.9567 | val_loss=0.2688 val_acc=0.9264 | 
03-03 14:38:46 [LP epoch 10] train_loss=0.3147 train_acc=0.9610 | val_loss=0.2495 val_acc=0.9307 | 
03-03 14:38:46 [LP epoch 11] train_loss=0.2917 train_acc=0.9610 | val_loss=0.2325 val_acc=0.9481 | 
03-03 14:38:46 [LP epoch 12] train_loss=0.2698 train_acc=0.9740 | val_loss=0.2115 val_acc=0.9654 | 
03-03 14:38:46 [LP epoch 13] train_loss=0.2478 train_acc=0.9827 | val_loss=0.1959 val_acc=0.9654 | 
03-03 14:38:46 [LP epoch 14] train_loss=0.2267 train_acc=0.9870 | val_loss=0.1758 val_acc=0.9784 | 
03-03 14:38:47 [LP epoch 15] train_loss=0.2080 train_acc=0.9913 | val_loss=0.1564 val_acc=0.9827 | 
03-03 14:38:47 [LP epoch 16] train_loss=0.1913 train_acc=0.9957 | val_loss=0.1397 val_acc=0.9913 | 
03-03 14:38:47 [LP epoch 17] train_loss=0.1764 train_acc=0.9957 | val_loss=0.1246 val_acc=0.9957 | 
03-03 14:38:47 [LP epoch 18] train_loss=0.1631 train_acc=1.0000 | val_loss=0.1123 val_acc=0.9957 | 
03-03 14:38:47 [LP epoch 19] train_loss=0.1506 train_acc=1.0000 | val_loss=0.1019 val_acc=0.9957 | 
03-03 14:38:47 [LP epoch 20] train_loss=0.1393 train_acc=1.0000 | val_loss=0.0926 val_acc=0.9957 | 
03-03 14:38:48 [LP epoch 21] train_loss=0.1291 train_acc=1.0000 | val_loss=0.0835 val_acc=0.9957 | 
03-03 14:38:48 [LP epoch 22] train_loss=0.1194 train_acc=1.0000 | val_loss=0.0770 val_acc=0.9957 | 
03-03 14:38:48 [LP epoch 23] train_loss=0.1104 train_acc=1.0000 | val_loss=0.0688 val_acc=0.9957 | 
03-03 14:38:48 [LP epoch 24] train_loss=0.1024 train_acc=1.0000 | val_loss=0.0639 val_acc=0.9957 | 
03-03 14:38:48 [LP epoch 25] train_loss=0.0947 train_acc=1.0000 | val_loss=0.0582 val_acc=0.9957 | 
03-03 14:38:49 [LP epoch 26] train_loss=0.0887 train_acc=1.0000 | val_loss=0.0542 val_acc=0.9957 | 
03-03 14:38:49 [LP epoch 27] train_loss=0.0833 train_acc=1.0000 | val_loss=0.0504 val_acc=0.9957 | 
03-03 14:38:49 [LP epoch 28] train_loss=0.0785 train_acc=1.0000 | val_loss=0.0471 val_acc=0.9957 | 
03-03 14:38:49 [LP epoch 29] train_loss=0.0738 train_acc=1.0000 | val_loss=0.0439 val_acc=0.9957 | 
03-03 14:38:49 [LP epoch 30] train_loss=0.0697 train_acc=1.0000 | val_loss=0.0418 val_acc=0.9957 | 
03-03 14:38:50 [LP epoch 31] train_loss=0.0658 train_acc=1.0000 | val_loss=0.0385 val_acc=0.9957 | 
03-03 14:38:50 [LP epoch 32] train_loss=0.0623 train_acc=1.0000 | val_loss=0.0363 val_acc=0.9957 | 
03-03 14:38:50 [LP epoch 33] train_loss=0.0589 train_acc=1.0000 | val_loss=0.0339 val_acc=0.9957 | 
03-03 14:38:50 [LP epoch 34] train_loss=0.0561 train_acc=1.0000 | val_loss=0.0321 val_acc=0.9957 | 
03-03 14:38:50 [LP epoch 35] train_loss=0.0533 train_acc=1.0000 | val_loss=0.0300 val_acc=0.9957 | 
03-03 14:38:50 [LP epoch 36] train_loss=0.0507 train_acc=1.0000 | val_loss=0.0279 val_acc=0.9957 | 
03-03 14:38:51 [LP epoch 37] train_loss=0.0484 train_acc=1.0000 | val_loss=0.0269 val_acc=0.9957 | 
03-03 14:38:51 [LP epoch 38] train_loss=0.0461 train_acc=1.0000 | val_loss=0.0258 val_acc=1.0000 | 
03-03 14:38:51 [LP epoch 39] train_loss=0.0441 train_acc=1.0000 | val_loss=0.0242 val_acc=1.0000 | 
03-03 14:38:51 [LP epoch 40] train_loss=0.0420 train_acc=1.0000 | val_loss=0.0223 val_acc=1.0000 | 
03-03 14:38:51 [LP epoch 41] train_loss=0.0403 train_acc=1.0000 | val_loss=0.0214 val_acc=1.0000 | 
03-03 14:38:51 [LP epoch 42] train_loss=0.0386 train_acc=1.0000 | val_loss=0.0204 val_acc=1.0000 | 
03-03 14:38:52 [LP epoch 43] train_loss=0.0370 train_acc=1.0000 | val_loss=0.0194 val_acc=1.0000 | 
03-03 14:38:52 [LP epoch 44] train_loss=0.0354 train_acc=1.0000 | val_loss=0.0186 val_acc=1.0000 | 
03-03 14:38:52 [LP epoch 45] train_loss=0.0341 train_acc=1.0000 | val_loss=0.0177 val_acc=1.0000 | 
03-03 14:38:52 [LP epoch 46] train_loss=0.0326 train_acc=1.0000 | val_loss=0.0166 val_acc=1.0000 | 
03-03 14:38:52 [LP epoch 47] train_loss=0.0315 train_acc=1.0000 | val_loss=0.0162 val_acc=1.0000 | 
03-03 14:38:52 [LP epoch 48] train_loss=0.0303 train_acc=1.0000 | val_loss=0.0156 val_acc=1.0000 | 
03-03 14:38:53 [LP epoch 49] train_loss=0.0292 train_acc=1.0000 | val_loss=0.0149 val_acc=1.0000 | 
03-03 14:38:53 Saved linear-probe checkpoint: ./checkpoint\SSF_CWRU_0303-143540\linear_probe_best.pt (best_val_acc=1.0000)
03-03 14:38:53 TEST linear-probe: loss=0.0242 acc=0.9957
03-03 14:38:53 model_name: SSF
03-03 14:38:53 data_name: CWRU
03-03 14:38:53 aug_1: randomcrop
03-03 14:38:53 aug_2: scale
03-03 14:38:53 max_epoch: 20
03-03 14:38:53 classifier_epoch: 50
03-03 14:38:53 data_view: TwoViewDataset
03-03 14:38:53 cuda_device: 0
03-03 14:38:53 checkpoint_dir: ./checkpoint
03-03 14:38:53 batch_size: 32
03-03 14:38:53 data_dir: raw_data/CWRU
03-03 14:38:53 out_channel: 4
03-03 14:38:53 normlizetype: minus_one_one
03-03 14:38:53 processing_type: RA
03-03 14:38:53 opt: sgd
03-03 14:38:53 lr: 0.01
03-03 14:38:53 momentum: 0.9
03-03 14:38:53 weight_decay: 1e-05
03-03 14:38:53 lr_scheduler: cos
03-03 14:38:53 gamma: 0.1
03-03 14:38:53 eta_min: 1e-05
03-03 14:38:53 latent_space: 96
03-03 14:38:53 num_blocks_ssf: 5
03-03 14:38:53 task: self_supervised
03-03 14:38:53 critetion: <class 'utils.loss_SSL.SimSiamLoss'>
03-03 14:38:53 using 1 gpus
03-03 14:38:53 Dataset class: <class 'data_utils.datasets.CWRU.CWRU'>
03-03 14:38:53 Split sizes: train=2156 val=231 test=462, classier=231
03-03 14:38:53 Label counts train: Counter({0: 1159, 1: 333, 3: 333, 2: 331})
03-03 14:38:53 Label counts val:   Counter({0: 124, 1: 36, 3: 36, 2: 35})
03-03 14:38:53 Label counts test:  Counter({0: 249, 2: 71, 3: 71, 1: 71})
03-03 14:38:53 Label counts classifier:  Counter({0: 124, 2: 36, 1: 36, 3: 35})
03-03 14:38:53 -----Epoch 0/19-----
03-03 14:38:55 current lr: 0.01
03-03 14:38:55 Saved best checkpoint to ./checkpoint\SSF_CWRU_0303-143540\best_pt (val_loss=-0.9783)
03-03 14:38:55 Epoch 000 Train loss -0.8357 | Val loss -0.9783
03-03 14:38:55 -----Epoch 1/19-----
03-03 14:38:57 current lr: 0.0099385
03-03 14:38:57 Saved best checkpoint to ./checkpoint\SSF_CWRU_0303-143540\best_pt (val_loss=-0.9889)
03-03 14:38:57 Epoch 001 Train loss -0.9829 | Val loss -0.9889
03-03 14:38:57 -----Epoch 2/19-----
03-03 14:38:59 current lr: 0.00975553
03-03 14:38:59 Saved best checkpoint to ./checkpoint\SSF_CWRU_0303-143540\best_pt (val_loss=-0.9914)
03-03 14:38:59 Epoch 002 Train loss -0.9881 | Val loss -0.9914
03-03 14:38:59 -----Epoch 3/19-----
03-03 14:39:00 current lr: 0.00945558
03-03 14:39:00 Saved best checkpoint to ./checkpoint\SSF_CWRU_0303-143540\best_pt (val_loss=-0.9925)
03-03 14:39:00 Epoch 003 Train loss -0.9899 | Val loss -0.9925
03-03 14:39:00 -----Epoch 4/19-----
03-03 14:39:02 current lr: 0.00904604
03-03 14:39:02 Saved best checkpoint to ./checkpoint\SSF_CWRU_0303-143540\best_pt (val_loss=-0.9932)
03-03 14:39:02 Epoch 004 Train loss -0.9909 | Val loss -0.9932
03-03 14:39:02 -----Epoch 5/19-----
03-03 14:39:04 current lr: 0.008537
03-03 14:39:04 Saved best checkpoint to ./checkpoint\SSF_CWRU_0303-143540\best_pt (val_loss=-0.9937)
03-03 14:39:04 Epoch 005 Train loss -0.9916 | Val loss -0.9937
03-03 14:39:04 -----Epoch 6/19-----
03-03 14:39:06 current lr: 0.00794099
03-03 14:39:06 Saved best checkpoint to ./checkpoint\SSF_CWRU_0303-143540\best_pt (val_loss=-0.9941)
03-03 14:39:06 Epoch 006 Train loss -0.9920 | Val loss -0.9941
03-03 14:39:06 -----Epoch 7/19-----
03-03 14:39:08 current lr: 0.00727268
03-03 14:39:08 Saved best checkpoint to ./checkpoint\SSF_CWRU_0303-143540\best_pt (val_loss=-0.9943)
03-03 14:39:08 Epoch 007 Train loss -0.9924 | Val loss -0.9943
03-03 14:39:08 -----Epoch 8/19-----
03-03 14:39:09 current lr: 0.00654854
03-03 14:39:09 Saved best checkpoint to ./checkpoint\SSF_CWRU_0303-143540\best_pt (val_loss=-0.9945)
03-03 14:39:09 Epoch 008 Train loss -0.9926 | Val loss -0.9945
03-03 14:39:09 -----Epoch 9/19-----
03-03 14:39:11 current lr: 0.00578639
03-03 14:39:11 Saved best checkpoint to ./checkpoint\SSF_CWRU_0303-143540\best_pt (val_loss=-0.9947)
03-03 14:39:11 Epoch 009 Train loss -0.9929 | Val loss -0.9947
03-03 14:39:11 -----Epoch 10/19-----
03-03 14:39:13 current lr: 0.005005
03-03 14:39:13 Saved best checkpoint to ./checkpoint\SSF_CWRU_0303-143540\best_pt (val_loss=-0.9948)
03-03 14:39:13 Epoch 010 Train loss -0.9930 | Val loss -0.9948
03-03 14:39:13 -----Epoch 11/19-----
03-03 14:39:15 current lr: 0.00422361
03-03 14:39:15 Saved best checkpoint to ./checkpoint\SSF_CWRU_0303-143540\best_pt (val_loss=-0.9949)
03-03 14:39:15 Epoch 011 Train loss -0.9931 | Val loss -0.9949
03-03 14:39:15 -----Epoch 12/19-----
03-03 14:39:17 current lr: 0.00346146
03-03 14:39:17 Saved best checkpoint to ./checkpoint\SSF_CWRU_0303-143540\best_pt (val_loss=-0.9950)
03-03 14:39:17 Epoch 012 Train loss -0.9932 | Val loss -0.9950
03-03 14:39:17 -----Epoch 13/19-----
03-03 14:39:18 current lr: 0.00273732
03-03 14:39:19 Saved best checkpoint to ./checkpoint\SSF_CWRU_0303-143540\best_pt (val_loss=-0.9950)
03-03 14:39:19 Epoch 013 Train loss -0.9933 | Val loss -0.9950
03-03 14:39:19 -----Epoch 14/19-----
03-03 14:39:21 current lr: 0.00206901
03-03 14:39:21 Saved best checkpoint to ./checkpoint\SSF_CWRU_0303-143540\best_pt (val_loss=-0.9951)
03-03 14:39:21 Epoch 014 Train loss -0.9933 | Val loss -0.9951
03-03 14:39:21 -----Epoch 15/19-----
03-03 14:39:23 current lr: 0.001473
03-03 14:39:23 Saved best checkpoint to ./checkpoint\SSF_CWRU_0303-143540\best_pt (val_loss=-0.9951)
03-03 14:39:23 Epoch 015 Train loss -0.9934 | Val loss -0.9951
03-03 14:39:23 -----Epoch 16/19-----
03-03 14:39:25 current lr: 0.00096396
03-03 14:39:25 Saved best checkpoint to ./checkpoint\SSF_CWRU_0303-143540\best_pt (val_loss=-0.9951)
03-03 14:39:25 Epoch 016 Train loss -0.9934 | Val loss -0.9951
03-03 14:39:25 -----Epoch 17/19-----
03-03 14:39:27 current lr: 0.000554422
03-03 14:39:27 Saved best checkpoint to ./checkpoint\SSF_CWRU_0303-143540\best_pt (val_loss=-0.9951)
03-03 14:39:27 Epoch 017 Train loss -0.9934 | Val loss -0.9951
03-03 14:39:27 -----Epoch 18/19-----
03-03 14:39:29 current lr: 0.000254473
03-03 14:39:29 Saved best checkpoint to ./checkpoint\SSF_CWRU_0303-143540\best_pt (val_loss=-0.9951)
03-03 14:39:29 Epoch 018 Train loss -0.9935 | Val loss -0.9951
03-03 14:39:29 -----Epoch 19/19-----
03-03 14:39:31 current lr: 7.14967e-05
03-03 14:39:31 Saved best checkpoint to ./checkpoint\SSF_CWRU_0303-143540\best_pt (val_loss=-0.9951)
03-03 14:39:31 Epoch 019 Train loss -0.9935 | Val loss -0.9951
03-03 14:39:31 TEST (last): loss -0.9950
03-03 14:39:31 [LP epoch 00] train_loss=1.0049 train_acc=0.7749 | val_loss=1.1483 val_acc=0.8442 | 
03-03 14:39:31 [LP epoch 01] train_loss=0.7808 train_acc=0.8831 | val_loss=0.9385 val_acc=0.8874 | 
03-03 14:39:32 [LP epoch 02] train_loss=0.6826 train_acc=0.9221 | val_loss=0.7218 val_acc=0.9134 | 
03-03 14:39:32 [LP epoch 03] train_loss=0.6059 train_acc=0.9351 | val_loss=0.5640 val_acc=0.9177 | 
03-03 14:39:32 [LP epoch 04] train_loss=0.5459 train_acc=0.9394 | val_loss=0.4705 val_acc=0.9264 | 
03-03 14:39:32 [LP epoch 05] train_loss=0.4936 train_acc=0.9481 | val_loss=0.4125 val_acc=0.9351 | 
03-03 14:39:32 [LP epoch 06] train_loss=0.4500 train_acc=0.9567 | val_loss=0.3678 val_acc=0.9351 | 
03-03 14:39:33 [LP epoch 07] train_loss=0.4117 train_acc=0.9567 | val_loss=0.3301 val_acc=0.9437 | 
03-03 14:39:33 [LP epoch 08] train_loss=0.3767 train_acc=0.9610 | val_loss=0.3004 val_acc=0.9524 | 
03-03 14:39:33 [LP epoch 09] train_loss=0.3457 train_acc=0.9610 | val_loss=0.2740 val_acc=0.9610 | 
03-03 14:39:33 [LP epoch 10] train_loss=0.3171 train_acc=0.9697 | val_loss=0.2491 val_acc=0.9697 | 
03-03 14:39:33 [LP epoch 11] train_loss=0.2890 train_acc=0.9697 | val_loss=0.2306 val_acc=0.9784 | 
03-03 14:39:33 [LP epoch 12] train_loss=0.2642 train_acc=0.9827 | val_loss=0.2093 val_acc=0.9827 | 
03-03 14:39:34 [LP epoch 13] train_loss=0.2412 train_acc=0.9827 | val_loss=0.1918 val_acc=0.9870 | 
03-03 14:39:34 [LP epoch 14] train_loss=0.2211 train_acc=1.0000 | val_loss=0.1758 val_acc=0.9870 | 
03-03 14:39:34 [LP epoch 15] train_loss=0.2026 train_acc=1.0000 | val_loss=0.1581 val_acc=0.9913 | 
03-03 14:39:34 [LP epoch 16] train_loss=0.1865 train_acc=1.0000 | val_loss=0.1443 val_acc=0.9913 | 
03-03 14:39:35 [LP epoch 17] train_loss=0.1711 train_acc=1.0000 | val_loss=0.1304 val_acc=0.9913 | 
03-03 14:39:35 [LP epoch 18] train_loss=0.1569 train_acc=1.0000 | val_loss=0.1195 val_acc=0.9913 | 
03-03 14:39:35 [LP epoch 19] train_loss=0.1444 train_acc=1.0000 | val_loss=0.1076 val_acc=0.9957 | 
03-03 14:39:35 [LP epoch 20] train_loss=0.1334 train_acc=1.0000 | val_loss=0.0995 val_acc=0.9957 | 
03-03 14:39:35 [LP epoch 21] train_loss=0.1231 train_acc=1.0000 | val_loss=0.0892 val_acc=0.9957 | 
03-03 14:39:35 [LP epoch 22] train_loss=0.1149 train_acc=1.0000 | val_loss=0.0822 val_acc=0.9957 | 
03-03 14:39:36 [LP epoch 23] train_loss=0.1069 train_acc=1.0000 | val_loss=0.0762 val_acc=0.9957 | 
03-03 14:39:36 [LP epoch 24] train_loss=0.0997 train_acc=1.0000 | val_loss=0.0681 val_acc=0.9957 | 
03-03 14:39:36 [LP epoch 25] train_loss=0.0934 train_acc=1.0000 | val_loss=0.0659 val_acc=0.9957 | 
03-03 14:39:36 [LP epoch 26] train_loss=0.0872 train_acc=1.0000 | val_loss=0.0582 val_acc=0.9957 | 
03-03 14:39:37 [LP epoch 27] train_loss=0.0821 train_acc=1.0000 | val_loss=0.0562 val_acc=0.9957 | 
03-03 14:39:37 [LP epoch 28] train_loss=0.0769 train_acc=1.0000 | val_loss=0.0523 val_acc=0.9957 | 
03-03 14:39:37 [LP epoch 29] train_loss=0.0729 train_acc=1.0000 | val_loss=0.0488 val_acc=0.9957 | 
03-03 14:39:37 [LP epoch 30] train_loss=0.0689 train_acc=1.0000 | val_loss=0.0442 val_acc=0.9957 | 
03-03 14:39:37 [LP epoch 31] train_loss=0.0648 train_acc=1.0000 | val_loss=0.0439 val_acc=0.9957 | 
03-03 14:39:37 [LP epoch 32] train_loss=0.0615 train_acc=1.0000 | val_loss=0.0385 val_acc=0.9957 | 
03-03 14:39:38 [LP epoch 33] train_loss=0.0582 train_acc=1.0000 | val_loss=0.0370 val_acc=0.9957 | 
03-03 14:39:38 [LP epoch 34] train_loss=0.0549 train_acc=1.0000 | val_loss=0.0343 val_acc=0.9957 | 
03-03 14:39:38 [LP epoch 35] train_loss=0.0521 train_acc=1.0000 | val_loss=0.0333 val_acc=0.9957 | 
03-03 14:39:38 [LP epoch 36] train_loss=0.0495 train_acc=1.0000 | val_loss=0.0306 val_acc=1.0000 | 
03-03 14:39:38 [LP epoch 37] train_loss=0.0468 train_acc=1.0000 | val_loss=0.0292 val_acc=0.9957 | 
03-03 14:39:38 [LP epoch 38] train_loss=0.0448 train_acc=1.0000 | val_loss=0.0279 val_acc=1.0000 | 
03-03 14:39:39 [LP epoch 39] train_loss=0.0426 train_acc=1.0000 | val_loss=0.0265 val_acc=1.0000 | 
03-03 14:39:39 [LP epoch 40] train_loss=0.0407 train_acc=1.0000 | val_loss=0.0249 val_acc=1.0000 | 
03-03 14:39:39 [LP epoch 41] train_loss=0.0391 train_acc=1.0000 | val_loss=0.0239 val_acc=1.0000 | 
03-03 14:39:39 [LP epoch 42] train_loss=0.0374 train_acc=1.0000 | val_loss=0.0228 val_acc=1.0000 | 
03-03 14:39:40 [LP epoch 43] train_loss=0.0357 train_acc=1.0000 | val_loss=0.0213 val_acc=1.0000 | 
03-03 14:39:40 [LP epoch 44] train_loss=0.0342 train_acc=1.0000 | val_loss=0.0206 val_acc=1.0000 | 
03-03 14:39:40 [LP epoch 45] train_loss=0.0330 train_acc=1.0000 | val_loss=0.0195 val_acc=1.0000 | 
03-03 14:39:40 [LP epoch 46] train_loss=0.0316 train_acc=1.0000 | val_loss=0.0189 val_acc=1.0000 | 
03-03 14:39:40 [LP epoch 47] train_loss=0.0303 train_acc=1.0000 | val_loss=0.0179 val_acc=1.0000 | 
03-03 14:39:40 [LP epoch 48] train_loss=0.0291 train_acc=1.0000 | val_loss=0.0174 val_acc=1.0000 | 
03-03 14:39:41 [LP epoch 49] train_loss=0.0281 train_acc=1.0000 | val_loss=0.0167 val_acc=1.0000 | 
03-03 14:39:41 Saved linear-probe checkpoint: ./checkpoint\SSF_CWRU_0303-143540\linear_probe_best.pt (best_val_acc=1.0000)
03-03 14:39:41 TEST linear-probe: loss=0.0235 acc=0.9957
03-03 14:39:41 model_name: SSF
03-03 14:39:41 data_name: CWRU
03-03 14:39:41 aug_1: normal
03-03 14:39:41 aug_2: randomcrop
03-03 14:39:41 max_epoch: 20
03-03 14:39:41 classifier_epoch: 50
03-03 14:39:41 data_view: TwoViewDataset
03-03 14:39:41 cuda_device: 0
03-03 14:39:41 checkpoint_dir: ./checkpoint
03-03 14:39:41 batch_size: 32
03-03 14:39:41 data_dir: raw_data/CWRU
03-03 14:39:41 out_channel: 4
03-03 14:39:41 normlizetype: minus_one_one
03-03 14:39:41 processing_type: RA
03-03 14:39:41 opt: sgd
03-03 14:39:41 lr: 0.01
03-03 14:39:41 momentum: 0.9
03-03 14:39:41 weight_decay: 1e-05
03-03 14:39:41 lr_scheduler: cos
03-03 14:39:41 gamma: 0.1
03-03 14:39:41 eta_min: 1e-05
03-03 14:39:41 latent_space: 96
03-03 14:39:41 num_blocks_ssf: 5
03-03 14:39:41 task: self_supervised
03-03 14:39:41 critetion: <class 'utils.loss_SSL.SimSiamLoss'>
03-03 14:39:41 using 1 gpus
03-03 14:39:41 Dataset class: <class 'data_utils.datasets.CWRU.CWRU'>
03-03 14:39:41 Split sizes: train=2156 val=231 test=462, classier=231
03-03 14:39:41 Label counts train: Counter({0: 1159, 1: 333, 3: 333, 2: 331})
03-03 14:39:41 Label counts val:   Counter({0: 124, 1: 36, 3: 36, 2: 35})
03-03 14:39:41 Label counts test:  Counter({0: 249, 2: 71, 3: 71, 1: 71})
03-03 14:39:41 Label counts classifier:  Counter({0: 124, 2: 36, 1: 36, 3: 35})
03-03 14:39:41 -----Epoch 0/19-----
03-03 14:39:43 current lr: 0.01
03-03 14:39:43 Saved best checkpoint to ./checkpoint\SSF_CWRU_0303-143540\best_pt (val_loss=-0.9804)
03-03 14:39:43 Epoch 000 Train loss -0.8381 | Val loss -0.9804
03-03 14:39:43 -----Epoch 1/19-----
03-03 14:39:45 current lr: 0.0099385
03-03 14:39:45 Saved best checkpoint to ./checkpoint\SSF_CWRU_0303-143540\best_pt (val_loss=-0.9894)
03-03 14:39:45 Epoch 001 Train loss -0.9833 | Val loss -0.9894
03-03 14:39:45 -----Epoch 2/19-----
03-03 14:39:46 current lr: 0.00975553
03-03 14:39:46 Saved best checkpoint to ./checkpoint\SSF_CWRU_0303-143540\best_pt (val_loss=-0.9922)
03-03 14:39:46 Epoch 002 Train loss -0.9884 | Val loss -0.9922
03-03 14:39:46 -----Epoch 3/19-----
03-03 14:39:48 current lr: 0.00945558
03-03 14:39:48 Saved best checkpoint to ./checkpoint\SSF_CWRU_0303-143540\best_pt (val_loss=-0.9936)
03-03 14:39:48 Epoch 003 Train loss -0.9907 | Val loss -0.9936
03-03 14:39:48 -----Epoch 4/19-----
03-03 14:39:50 current lr: 0.00904604
03-03 14:39:50 Saved best checkpoint to ./checkpoint\SSF_CWRU_0303-143540\best_pt (val_loss=-0.9944)
03-03 14:39:50 Epoch 004 Train loss -0.9920 | Val loss -0.9944
03-03 14:39:50 -----Epoch 5/19-----
03-03 14:39:52 current lr: 0.008537
03-03 14:39:52 Saved best checkpoint to ./checkpoint\SSF_CWRU_0303-143540\best_pt (val_loss=-0.9949)
03-03 14:39:52 Epoch 005 Train loss -0.9927 | Val loss -0.9949
03-03 14:39:52 -----Epoch 6/19-----
03-03 14:39:54 current lr: 0.00794099
03-03 14:39:54 Saved best checkpoint to ./checkpoint\SSF_CWRU_0303-143540\best_pt (val_loss=-0.9952)
03-03 14:39:54 Epoch 006 Train loss -0.9932 | Val loss -0.9952
03-03 14:39:54 -----Epoch 7/19-----
03-03 14:39:55 current lr: 0.00727268
03-03 14:39:55 Saved best checkpoint to ./checkpoint\SSF_CWRU_0303-143540\best_pt (val_loss=-0.9954)
03-03 14:39:55 Epoch 007 Train loss -0.9935 | Val loss -0.9954
03-03 14:39:55 -----Epoch 8/19-----
03-03 14:39:57 current lr: 0.00654854
03-03 14:39:57 Saved best checkpoint to ./checkpoint\SSF_CWRU_0303-143540\best_pt (val_loss=-0.9955)
03-03 14:39:57 Epoch 008 Train loss -0.9938 | Val loss -0.9955
03-03 14:39:57 -----Epoch 9/19-----
03-03 14:39:59 current lr: 0.00578639
03-03 14:39:59 Saved best checkpoint to ./checkpoint\SSF_CWRU_0303-143540\best_pt (val_loss=-0.9956)
03-03 14:39:59 Epoch 009 Train loss -0.9939 | Val loss -0.9956
03-03 14:39:59 -----Epoch 10/19-----
03-03 14:40:01 current lr: 0.005005
03-03 14:40:01 Saved best checkpoint to ./checkpoint\SSF_CWRU_0303-143540\best_pt (val_loss=-0.9957)
03-03 14:40:01 Epoch 010 Train loss -0.9941 | Val loss -0.9957
03-03 14:40:01 -----Epoch 11/19-----
03-03 14:40:03 current lr: 0.00422361
03-03 14:40:03 Saved best checkpoint to ./checkpoint\SSF_CWRU_0303-143540\best_pt (val_loss=-0.9958)
03-03 14:40:03 Epoch 011 Train loss -0.9942 | Val loss -0.9958
03-03 14:40:03 -----Epoch 12/19-----
03-03 14:40:04 current lr: 0.00346146
03-03 14:40:04 Saved best checkpoint to ./checkpoint\SSF_CWRU_0303-143540\best_pt (val_loss=-0.9958)
03-03 14:40:04 Epoch 012 Train loss -0.9943 | Val loss -0.9958
03-03 14:40:04 -----Epoch 13/19-----
03-03 14:40:06 current lr: 0.00273732
03-03 14:40:06 Saved best checkpoint to ./checkpoint\SSF_CWRU_0303-143540\best_pt (val_loss=-0.9958)
03-03 14:40:06 Epoch 013 Train loss -0.9943 | Val loss -0.9958
03-03 14:40:06 -----Epoch 14/19-----
03-03 14:40:08 current lr: 0.00206901
03-03 14:40:08 Saved best checkpoint to ./checkpoint\SSF_CWRU_0303-143540\best_pt (val_loss=-0.9959)
03-03 14:40:08 Epoch 014 Train loss -0.9943 | Val loss -0.9959
03-03 14:40:08 -----Epoch 15/19-----
03-03 14:40:10 current lr: 0.001473
03-03 14:40:10 Saved best checkpoint to ./checkpoint\SSF_CWRU_0303-143540\best_pt (val_loss=-0.9959)
03-03 14:40:10 Epoch 015 Train loss -0.9944 | Val loss -0.9959
03-03 14:40:10 -----Epoch 16/19-----
03-03 14:40:12 current lr: 0.00096396
03-03 14:40:12 Saved best checkpoint to ./checkpoint\SSF_CWRU_0303-143540\best_pt (val_loss=-0.9959)
03-03 14:40:12 Epoch 016 Train loss -0.9944 | Val loss -0.9959
03-03 14:40:12 -----Epoch 17/19-----
03-03 14:40:14 current lr: 0.000554422
03-03 14:40:14 Saved best checkpoint to ./checkpoint\SSF_CWRU_0303-143540\best_pt (val_loss=-0.9959)
03-03 14:40:14 Epoch 017 Train loss -0.9944 | Val loss -0.9959
03-03 14:40:14 -----Epoch 18/19-----
03-03 14:40:16 current lr: 0.000254473
03-03 14:40:16 Saved best checkpoint to ./checkpoint\SSF_CWRU_0303-143540\best_pt (val_loss=-0.9959)
03-03 14:40:16 Epoch 018 Train loss -0.9944 | Val loss -0.9959
03-03 14:40:16 -----Epoch 19/19-----
03-03 14:40:18 current lr: 7.14967e-05
03-03 14:40:18 No improvement in val_loss for 1/5 epochs.
03-03 14:40:18 Epoch 019 Train loss -0.9944 | Val loss -0.9959
03-03 14:40:19 TEST (last): loss -0.9959
03-03 14:40:19 [LP epoch 00] train_loss=1.3122 train_acc=0.3290 | val_loss=1.2203 val_acc=0.6277 | 
03-03 14:40:19 [LP epoch 01] train_loss=0.9398 train_acc=0.8355 | val_loss=1.0387 val_acc=0.8398 | 
03-03 14:40:19 [LP epoch 02] train_loss=0.8023 train_acc=0.8874 | val_loss=0.8663 val_acc=0.8398 | 
03-03 14:40:19 [LP epoch 03] train_loss=0.7125 train_acc=0.9481 | val_loss=0.7132 val_acc=0.8442 | 
03-03 14:40:20 [LP epoch 04] train_loss=0.6482 train_acc=0.9567 | val_loss=0.6026 val_acc=0.8831 | 
03-03 14:40:20 [LP epoch 05] train_loss=0.5917 train_acc=0.9697 | val_loss=0.5200 val_acc=0.9524 | 
03-03 14:40:20 [LP epoch 06] train_loss=0.5416 train_acc=0.9740 | val_loss=0.4503 val_acc=0.9654 | 
03-03 14:40:20 [LP epoch 07] train_loss=0.4921 train_acc=0.9827 | val_loss=0.3981 val_acc=0.9784 | 
03-03 14:40:20 [LP epoch 08] train_loss=0.4497 train_acc=0.9913 | val_loss=0.3544 val_acc=0.9913 | 
03-03 14:40:20 [LP epoch 09] train_loss=0.4086 train_acc=1.0000 | val_loss=0.3123 val_acc=0.9957 | 
03-03 14:40:21 [LP epoch 10] train_loss=0.3713 train_acc=1.0000 | val_loss=0.2757 val_acc=0.9957 | 
03-03 14:40:21 [LP epoch 11] train_loss=0.3385 train_acc=1.0000 | val_loss=0.2443 val_acc=0.9957 | 
03-03 14:40:21 [LP epoch 12] train_loss=0.3080 train_acc=1.0000 | val_loss=0.2138 val_acc=0.9957 | 
03-03 14:40:21 [LP epoch 13] train_loss=0.2811 train_acc=1.0000 | val_loss=0.1951 val_acc=0.9957 | 
03-03 14:40:21 [LP epoch 14] train_loss=0.2570 train_acc=1.0000 | val_loss=0.1768 val_acc=0.9957 | 
03-03 14:40:21 [LP epoch 15] train_loss=0.2346 train_acc=1.0000 | val_loss=0.1584 val_acc=0.9957 | 
03-03 14:40:22 [LP epoch 16] train_loss=0.2150 train_acc=1.0000 | val_loss=0.1432 val_acc=0.9957 | 
03-03 14:40:22 [LP epoch 17] train_loss=0.1974 train_acc=1.0000 | val_loss=0.1295 val_acc=0.9957 | 
03-03 14:40:22 [LP epoch 18] train_loss=0.1811 train_acc=1.0000 | val_loss=0.1155 val_acc=0.9957 | 
03-03 14:40:22 [LP epoch 19] train_loss=0.1675 train_acc=1.0000 | val_loss=0.1057 val_acc=0.9957 | 
03-03 14:40:22 [LP epoch 20] train_loss=0.1549 train_acc=1.0000 | val_loss=0.0969 val_acc=0.9957 | 
03-03 14:40:23 [LP epoch 21] train_loss=0.1436 train_acc=1.0000 | val_loss=0.0865 val_acc=0.9957 | 
03-03 14:40:23 [LP epoch 22] train_loss=0.1339 train_acc=1.0000 | val_loss=0.0805 val_acc=0.9957 | 
03-03 14:40:23 [LP epoch 23] train_loss=0.1247 train_acc=1.0000 | val_loss=0.0734 val_acc=0.9957 | 
03-03 14:40:23 [LP epoch 24] train_loss=0.1161 train_acc=1.0000 | val_loss=0.0677 val_acc=0.9957 | 
03-03 14:40:23 [LP epoch 25] train_loss=0.1083 train_acc=1.0000 | val_loss=0.0622 val_acc=0.9957 | 
03-03 14:40:24 [LP epoch 26] train_loss=0.1014 train_acc=1.0000 | val_loss=0.0591 val_acc=0.9957 | 
03-03 14:40:24 [LP epoch 27] train_loss=0.0950 train_acc=1.0000 | val_loss=0.0532 val_acc=0.9957 | 
03-03 14:40:24 [LP epoch 28] train_loss=0.0893 train_acc=1.0000 | val_loss=0.0501 val_acc=0.9957 | 
03-03 14:40:24 [LP epoch 29] train_loss=0.0843 train_acc=1.0000 | val_loss=0.0466 val_acc=0.9957 | 
03-03 14:40:24 [LP epoch 30] train_loss=0.0794 train_acc=1.0000 | val_loss=0.0444 val_acc=0.9957 | 
03-03 14:40:24 [LP epoch 31] train_loss=0.0749 train_acc=1.0000 | val_loss=0.0405 val_acc=0.9957 | 
03-03 14:40:24 [LP epoch 32] train_loss=0.0710 train_acc=1.0000 | val_loss=0.0384 val_acc=0.9957 | 
03-03 14:40:25 [LP epoch 33] train_loss=0.0672 train_acc=1.0000 | val_loss=0.0361 val_acc=1.0000 | 
03-03 14:40:25 [LP epoch 34] train_loss=0.0638 train_acc=1.0000 | val_loss=0.0339 val_acc=1.0000 | 
03-03 14:40:25 [LP epoch 35] train_loss=0.0607 train_acc=1.0000 | val_loss=0.0316 val_acc=1.0000 | 
03-03 14:40:25 [LP epoch 36] train_loss=0.0576 train_acc=1.0000 | val_loss=0.0303 val_acc=1.0000 | 
03-03 14:40:25 [LP epoch 37] train_loss=0.0550 train_acc=1.0000 | val_loss=0.0285 val_acc=1.0000 | 
03-03 14:40:26 [LP epoch 38] train_loss=0.0523 train_acc=1.0000 | val_loss=0.0271 val_acc=1.0000 | 
03-03 14:40:26 [LP epoch 39] train_loss=0.0500 train_acc=1.0000 | val_loss=0.0256 val_acc=1.0000 | 
03-03 14:40:26 [LP epoch 40] train_loss=0.0476 train_acc=1.0000 | val_loss=0.0244 val_acc=1.0000 | 
03-03 14:40:26 [LP epoch 41] train_loss=0.0458 train_acc=1.0000 | val_loss=0.0233 val_acc=1.0000 | 
03-03 14:40:26 [LP epoch 42] train_loss=0.0438 train_acc=1.0000 | val_loss=0.0224 val_acc=1.0000 | 
03-03 14:40:27 [LP epoch 43] train_loss=0.0419 train_acc=1.0000 | val_loss=0.0210 val_acc=1.0000 | 
03-03 14:40:27 [LP epoch 44] train_loss=0.0402 train_acc=1.0000 | val_loss=0.0200 val_acc=1.0000 | 
03-03 14:40:27 [LP epoch 45] train_loss=0.0386 train_acc=1.0000 | val_loss=0.0193 val_acc=1.0000 | 
03-03 14:40:27 [LP epoch 46] train_loss=0.0370 train_acc=1.0000 | val_loss=0.0184 val_acc=1.0000 | 
03-03 14:40:27 [LP epoch 47] train_loss=0.0357 train_acc=1.0000 | val_loss=0.0176 val_acc=1.0000 | 
03-03 14:40:28 [LP epoch 48] train_loss=0.0343 train_acc=1.0000 | val_loss=0.0171 val_acc=1.0000 | 
03-03 14:40:28 [LP epoch 49] train_loss=0.0330 train_acc=1.0000 | val_loss=0.0162 val_acc=1.0000 | 
03-03 14:40:28 Saved linear-probe checkpoint: ./checkpoint\SSF_CWRU_0303-143540\linear_probe_best.pt (best_val_acc=1.0000)
03-03 14:40:28 TEST linear-probe: loss=0.0288 acc=0.9935
03-03 14:40:28 model_name: SSF
03-03 14:40:28 data_name: CWRU
03-03 14:40:28 aug_1: normal
03-03 14:40:28 aug_2: randomcrop
03-03 14:40:28 max_epoch: 20
03-03 14:40:28 classifier_epoch: 50
03-03 14:40:28 data_view: TwoViewDataset
03-03 14:40:28 cuda_device: 0
03-03 14:40:28 checkpoint_dir: ./checkpoint
03-03 14:40:28 batch_size: 32
03-03 14:40:28 data_dir: raw_data/CWRU
03-03 14:40:28 out_channel: 4
03-03 14:40:28 normlizetype: minus_one_one
03-03 14:40:28 processing_type: RA
03-03 14:40:28 opt: sgd
03-03 14:40:28 lr: 0.01
03-03 14:40:28 momentum: 0.9
03-03 14:40:28 weight_decay: 1e-05
03-03 14:40:28 lr_scheduler: cos
03-03 14:40:28 gamma: 0.1
03-03 14:40:28 eta_min: 1e-05
03-03 14:40:28 latent_space: 96
03-03 14:40:28 num_blocks_ssf: 5
03-03 14:40:28 task: self_supervised
03-03 14:40:28 critetion: <class 'utils.loss_SSL.SimSiamLoss'>
03-03 14:40:28 using 1 gpus
03-03 14:40:28 Dataset class: <class 'data_utils.datasets.CWRU.CWRU'>
03-03 14:40:28 Split sizes: train=2156 val=231 test=462, classier=231
03-03 14:40:28 Label counts train: Counter({0: 1159, 1: 333, 3: 333, 2: 331})
03-03 14:40:28 Label counts val:   Counter({0: 124, 1: 36, 3: 36, 2: 35})
03-03 14:40:28 Label counts test:  Counter({0: 249, 2: 71, 3: 71, 1: 71})
03-03 14:40:28 Label counts classifier:  Counter({0: 124, 2: 36, 1: 36, 3: 35})
03-03 14:40:28 -----Epoch 0/19-----
03-03 14:40:30 current lr: 0.01
03-03 14:40:30 Saved best checkpoint to ./checkpoint\SSF_CWRU_0303-143540\best_pt (val_loss=-0.9836)
03-03 14:40:30 Epoch 000 Train loss -0.8478 | Val loss -0.9836
03-03 14:40:30 -----Epoch 1/19-----
03-03 14:40:32 current lr: 0.0099385
03-03 14:40:32 Saved best checkpoint to ./checkpoint\SSF_CWRU_0303-143540\best_pt (val_loss=-0.9906)
03-03 14:40:32 Epoch 001 Train loss -0.9854 | Val loss -0.9906
03-03 14:40:32 -----Epoch 2/19-----
03-03 14:40:34 current lr: 0.00975553
03-03 14:40:34 Saved best checkpoint to ./checkpoint\SSF_CWRU_0303-143540\best_pt (val_loss=-0.9925)
03-03 14:40:34 Epoch 002 Train loss -0.9892 | Val loss -0.9925
03-03 14:40:34 -----Epoch 3/19-----
03-03 14:40:36 current lr: 0.00945558
03-03 14:40:36 Saved best checkpoint to ./checkpoint\SSF_CWRU_0303-143540\best_pt (val_loss=-0.9934)
03-03 14:40:36 Epoch 003 Train loss -0.9908 | Val loss -0.9934
03-03 14:40:36 -----Epoch 4/19-----
03-03 14:40:38 current lr: 0.00904604
03-03 14:40:38 Saved best checkpoint to ./checkpoint\SSF_CWRU_0303-143540\best_pt (val_loss=-0.9940)
03-03 14:40:38 Epoch 004 Train loss -0.9917 | Val loss -0.9940
03-03 14:40:38 -----Epoch 5/19-----
03-03 14:40:40 current lr: 0.008537
03-03 14:40:40 Saved best checkpoint to ./checkpoint\SSF_CWRU_0303-143540\best_pt (val_loss=-0.9944)
03-03 14:40:40 Epoch 005 Train loss -0.9924 | Val loss -0.9944
03-03 14:40:40 -----Epoch 6/19-----
03-03 14:40:41 current lr: 0.00794099
03-03 14:40:41 Saved best checkpoint to ./checkpoint\SSF_CWRU_0303-143540\best_pt (val_loss=-0.9947)
03-03 14:40:41 Epoch 006 Train loss -0.9928 | Val loss -0.9947
03-03 14:40:41 -----Epoch 7/19-----
03-03 14:40:43 current lr: 0.00727268
03-03 14:40:43 Saved best checkpoint to ./checkpoint\SSF_CWRU_0303-143540\best_pt (val_loss=-0.9949)
03-03 14:40:43 Epoch 007 Train loss -0.9932 | Val loss -0.9949
03-03 14:40:43 -----Epoch 8/19-----
03-03 14:40:45 current lr: 0.00654854
03-03 14:40:45 Saved best checkpoint to ./checkpoint\SSF_CWRU_0303-143540\best_pt (val_loss=-0.9951)
03-03 14:40:45 Epoch 008 Train loss -0.9934 | Val loss -0.9951
03-03 14:40:45 -----Epoch 9/19-----
03-03 14:40:47 current lr: 0.00578639
03-03 14:40:47 Saved best checkpoint to ./checkpoint\SSF_CWRU_0303-143540\best_pt (val_loss=-0.9953)
03-03 14:40:47 Epoch 009 Train loss -0.9936 | Val loss -0.9953
03-03 14:40:47 -----Epoch 10/19-----
03-03 14:40:48 current lr: 0.005005
03-03 14:40:48 Saved best checkpoint to ./checkpoint\SSF_CWRU_0303-143540\best_pt (val_loss=-0.9954)
03-03 14:40:48 Epoch 010 Train loss -0.9937 | Val loss -0.9954
03-03 14:40:48 -----Epoch 11/19-----
03-03 14:40:50 current lr: 0.00422361
03-03 14:40:50 Saved best checkpoint to ./checkpoint\SSF_CWRU_0303-143540\best_pt (val_loss=-0.9955)
03-03 14:40:50 Epoch 011 Train loss -0.9939 | Val loss -0.9955
03-03 14:40:50 -----Epoch 12/19-----
03-03 14:40:52 current lr: 0.00346146
03-03 14:40:52 Saved best checkpoint to ./checkpoint\SSF_CWRU_0303-143540\best_pt (val_loss=-0.9956)
03-03 14:40:52 Epoch 012 Train loss -0.9940 | Val loss -0.9956
03-03 14:40:52 -----Epoch 13/19-----
03-03 14:40:54 current lr: 0.00273732
03-03 14:40:54 Saved best checkpoint to ./checkpoint\SSF_CWRU_0303-143540\best_pt (val_loss=-0.9956)
03-03 14:40:54 Epoch 013 Train loss -0.9941 | Val loss -0.9956
03-03 14:40:54 -----Epoch 14/19-----
03-03 14:40:56 current lr: 0.00206901
03-03 14:40:56 Saved best checkpoint to ./checkpoint\SSF_CWRU_0303-143540\best_pt (val_loss=-0.9957)
03-03 14:40:56 Epoch 014 Train loss -0.9942 | Val loss -0.9957
03-03 14:40:56 -----Epoch 15/19-----
03-03 14:40:58 current lr: 0.001473
03-03 14:40:58 Saved best checkpoint to ./checkpoint\SSF_CWRU_0303-143540\best_pt (val_loss=-0.9957)
03-03 14:40:58 Epoch 015 Train loss -0.9942 | Val loss -0.9957
03-03 14:40:58 -----Epoch 16/19-----
03-03 14:41:00 current lr: 0.00096396
03-03 14:41:00 Saved best checkpoint to ./checkpoint\SSF_CWRU_0303-143540\best_pt (val_loss=-0.9957)
03-03 14:41:00 Epoch 016 Train loss -0.9942 | Val loss -0.9957
03-03 14:41:00 -----Epoch 17/19-----
03-03 14:41:01 current lr: 0.000554422
03-03 14:41:01 Saved best checkpoint to ./checkpoint\SSF_CWRU_0303-143540\best_pt (val_loss=-0.9958)
03-03 14:41:01 Epoch 017 Train loss -0.9943 | Val loss -0.9958
03-03 14:41:01 -----Epoch 18/19-----
03-03 14:41:03 current lr: 0.000254473
03-03 14:41:03 Saved best checkpoint to ./checkpoint\SSF_CWRU_0303-143540\best_pt (val_loss=-0.9958)
03-03 14:41:03 Epoch 018 Train loss -0.9943 | Val loss -0.9958
03-03 14:41:03 -----Epoch 19/19-----
03-03 14:41:05 current lr: 7.14967e-05
03-03 14:41:05 Saved best checkpoint to ./checkpoint\SSF_CWRU_0303-143540\best_pt (val_loss=-0.9958)
03-03 14:41:05 Epoch 019 Train loss -0.9943 | Val loss -0.9958
03-03 14:41:05 TEST (last): loss -0.9956
03-03 14:41:05 [LP epoch 00] train_loss=1.0850 train_acc=0.6710 | val_loss=1.1879 val_acc=0.7706 | 
03-03 14:41:06 [LP epoch 01] train_loss=0.7681 train_acc=0.9264 | val_loss=0.9423 val_acc=0.9134 | 
03-03 14:41:06 [LP epoch 02] train_loss=0.6584 train_acc=0.9264 | val_loss=0.6980 val_acc=0.9221 | 
03-03 14:41:06 [LP epoch 03] train_loss=0.5793 train_acc=0.9524 | val_loss=0.5334 val_acc=0.9264 | 
03-03 14:41:06 [LP epoch 04] train_loss=0.5140 train_acc=0.9524 | val_loss=0.4377 val_acc=0.9264 | 
03-03 14:41:06 [LP epoch 05] train_loss=0.4589 train_acc=0.9567 | val_loss=0.3734 val_acc=0.9351 | 
03-03 14:41:07 [LP epoch 06] train_loss=0.4111 train_acc=0.9654 | val_loss=0.3295 val_acc=0.9481 | 
03-03 14:41:07 [LP epoch 07] train_loss=0.3708 train_acc=0.9740 | val_loss=0.2934 val_acc=0.9740 | 
03-03 14:41:07 [LP epoch 08] train_loss=0.3341 train_acc=0.9870 | val_loss=0.2550 val_acc=0.9870 | 
03-03 14:41:07 [LP epoch 09] train_loss=0.3021 train_acc=0.9913 | val_loss=0.2200 val_acc=0.9957 | 
03-03 14:41:07 [LP epoch 10] train_loss=0.2737 train_acc=1.0000 | val_loss=0.1935 val_acc=0.9957 | 
03-03 14:41:07 [LP epoch 11] train_loss=0.2469 train_acc=1.0000 | val_loss=0.1745 val_acc=0.9957 | 
03-03 14:41:08 [LP epoch 12] train_loss=0.2240 train_acc=0.9957 | val_loss=0.1544 val_acc=0.9957 | 
03-03 14:41:08 [LP epoch 13] train_loss=0.2036 train_acc=1.0000 | val_loss=0.1390 val_acc=0.9957 | 
03-03 14:41:08 [LP epoch 14] train_loss=0.1866 train_acc=1.0000 | val_loss=0.1242 val_acc=0.9957 | 
